22:18:21.596 [main                     ] DEBUG GameApplication      - Logger initialized
22:18:21.609 [main                     ] DEBUG GameApplication      - Logging settings
Title: Space Game
Version: 0.2
Width: 2000
Height: 1000
Fullscreen: false
Intro: false
Menus: true
Profiling: false
Single step:false
App Mode: DEVELOPER
Menu Key: ESCAPE
Stage Style: DECORATED
Scene Factory: class com.almasb.fxgl.app.scene.SceneFactory

22:18:21.955 [JavaFX Application Thread] DEBUG GameApplication      - Initializing FXGL
22:18:21.962 [JavaFX Application Thread] INFO  Engine               - FXGL-11.8 (08.03.2020 09.09) on WINDOWS (J:11.0.8 FX:13.0.2)
22:18:21.962 [JavaFX Application Thread] INFO  Engine               - Source code and latest versions at: https://github.com/AlmasB/FXGL
22:18:21.962 [JavaFX Application Thread] INFO  Engine               -              Join the FXGL chat at: https://gitter.im/AlmasB/FXGL
22:18:22.054 [JavaFX Application Thread] DEBUG MainWindow           - Creating a JavaFX scene
22:18:22.054 [JavaFX Application Thread] DEBUG MainWindow           - Target size > screen size
22:18:22.121 [JavaFX Application Thread] DEBUG MainWindow           - Target settings size: 2000.0 x 1000.0
22:18:22.121 [JavaFX Application Thread] DEBUG MainWindow           - Scaled scene size:    1895.0 x 960.0
22:18:22.121 [JavaFX Application Thread] DEBUG MainWindow           - Scaled ratio: (0.9475, 0.96)
22:18:22.122 [JavaFX Application Thread] DEBUG MainWindow           - Set initial scene to FXGLStartupScene
22:18:22.126 [JavaFX Application Thread] DEBUG MainWindow           - Opening main window
22:18:22.193 [JavaFX Application Thread] DEBUG MainWindow           - Window border size: (16.0, 39.0)
22:18:22.193 [JavaFX Application Thread] DEBUG MainWindow           - Scaled size: 1895.0 x 960.0
22:18:22.193 [JavaFX Application Thread] DEBUG MainWindow           - Scaled ratio: (0.9475, 0.96)
22:18:22.193 [JavaFX Application Thread] DEBUG MainWindow           - Scene size: 1895.0 x 960.0
22:18:22.193 [JavaFX Application Thread] DEBUG MainWindow           - Stage size: 1911.0 x 999.0
22:18:22.199 [FXGL Background Thread 1 ] DEBUG Engine               - Initializing environment variables
22:18:22.219 [FXGL Background Thread 1 ] DEBUG WindowService        - Applying CSS: fxgl_dark.css
22:18:22.221 [FXGL Background Thread 1 ] DEBUG AssetLoaderService   - Loading from file system: /assets/ui/css/fxgl_dark.css
22:18:22.253 [FXGL Background Thread 1 ] DEBUG WindowService        - Initializing application scenes
22:18:22.281 [FXGL Background Thread 1 ] DEBUG GameWorld            - Game world initialized
22:18:22.307 [FXGL Background Thread 1 ] DEBUG PhysicsWorld         - Physics world initialized: appHeight=1000, physics.ppm=50.0
22:18:22.308 [FXGL Background Thread 1 ] DEBUG GameScene            - Game scene initialized: 2000x1000
22:18:22.325 [FXGL Background Thread 1 ] DEBUG AssetLoaderService   - Loading from file system: /assets/textures/particles/trace_horizontal.png
22:18:22.364 [FXGL Background Thread 1 ] DEBUG FXGL.DefaultMenu     - createMenuBodyMainMenu()
22:18:22.375 [FXGL Background Thread 1 ] DEBUG FXGL.DefaultMenu     - createOptionsMenu()
22:18:22.379 [FXGL Background Thread 1 ] DEBUG FXGL.DefaultMenu     - createExtraMenu()
22:18:22.380 [FXGL Background Thread 1 ] DEBUG AssetLoaderService   - Loading from file system: /assets/textures/particles/smoke.png
22:18:22.416 [FXGL Background Thread 1 ] DEBUG AssetLoaderService   - Loading from cache: /assets/textures/particles/trace_horizontal.png@64.0x64.0
22:18:22.416 [FXGL Background Thread 1 ] DEBUG FXGL.DefaultMenu     - createMenuBodyGameMenu()
22:18:22.418 [FXGL Background Thread 1 ] DEBUG FXGL.DefaultMenu     - createOptionsMenu()
22:18:22.419 [FXGL Background Thread 1 ] DEBUG FXGL.DefaultMenu     - createExtraMenu()
22:18:22.420 [FXGL Background Thread 1 ] DEBUG AssetLoaderService   - Loading from cache: /assets/textures/particles/smoke.png@128.0x128.0
22:18:22.427 [FXGL Background Thread 1 ] DEBUG WindowService        - Application scenes initialized
22:18:22.432 [FXGL Background Thread 1 ] DEBUG SystemBundleService  - Loading FXGL system data
22:18:22.435 [FXGL Background Thread 1 ] DEBUG FileSystemAccess     - Reading from: C:\Users\xxdee\IdeaProjects\350FXGLjavagame\system\fxgl.bundle
22:18:22.438 [FXGL Background Thread 1 ] DEBUG SystemBundleService  - Bundle FXGL: {}
22:18:22.438 [FXGL Background Thread 1 ] INFO  Engine               - FXGL initialization took: 0.238 sec
22:18:22.439 [FXGL Background Thread 1 ] DEBUG GameApplication      - Loading localizations
22:18:22.439 [FXGL Background Thread 1 ] DEBUG AssetLoaderService   - Loading from file system: /assets/properties/languages/english.properties
22:18:22.440 [FXGL Background Thread 1 ] DEBUG AssetLoaderService   - Loading from file system: /assets/properties/languages/french.properties
22:18:22.441 [FXGL Background Thread 1 ] DEBUG AssetLoaderService   - Loading from file system: /assets/properties/languages/german.properties
22:18:22.442 [FXGL Background Thread 1 ] DEBUG AssetLoaderService   - Loading from file system: /assets/properties/languages/hungarian.properties
22:18:22.443 [FXGL Background Thread 1 ] DEBUG AssetLoaderService   - Loading from file system: /assets/properties/languages/russian.properties
22:18:22.444 [FXGL Background Thread 1 ] DEBUG GameApplication      - Registering font factories with UI factory
22:18:22.444 [FXGL Background Thread 1 ] DEBUG AssetLoaderService   - Loading from file system: /assets/ui/fonts/VarelaRound-Regular.ttf
22:18:22.615 [FXGL Background Thread 1 ] DEBUG AssetLoaderService   - Loading from file system: /assets/ui/fonts/Abel-Regular.ttf
22:18:22.617 [FXGL Background Thread 1 ] DEBUG AssetLoaderService   - Loading from file system: /assets/ui/fonts/lucida_console.ttf
22:18:22.621 [FXGL Background Thread 1 ] DEBUG AssetLoaderService   - Loading from file system: /assets/ui/fonts/Courier-Prime.ttf
22:18:22.629 [JavaFX Application Thread] DEBUG Input                - Registered new binding: action0 - D
22:18:22.630 [JavaFX Application Thread] DEBUG Input                - Registered new binding: action1 - A
22:18:22.630 [JavaFX Application Thread] DEBUG Input                - Registered new binding: action2 - W
22:18:22.630 [JavaFX Application Thread] DEBUG Input                - Registered new binding: action3 - C
22:18:22.630 [JavaFX Application Thread] DEBUG Input                - Registered new binding: action4 - Left
22:18:22.631 [JavaFX Application Thread] DEBUG Input                - Registered new binding: action5 - Right
22:18:22.631 [JavaFX Application Thread] DEBUG Input                - Registered new binding: action6 - Space
22:18:22.631 [JavaFX Application Thread] DEBUG AssetLoaderService   - Loading from file system: /assets/textures/fxgl_icon.png
22:18:22.646 [JavaFX Application Thread] DEBUG AssetLoaderService   - Loading from file system: /assets/ui/cursors/fxgl_default.png
22:18:22.647 [JavaFX Application Thread] DEBUG Input                - Registered new binding: Screenshot - P
22:18:22.647 [JavaFX Application Thread] DEBUG Input                - Registered new binding: System info dump - CTRL+9
22:18:22.648 [JavaFX Application Thread] DEBUG Input                - Registered new binding: Restart - CTRL+R
22:18:22.648 [JavaFX Application Thread] DEBUG LoopRunner           - Starting loop
22:18:22.664 [JavaFX Application Thread] DEBUG FXGLStartupScene     - STARTUP
22:18:22.667 [JavaFX Application Thread] DEBUG Input                - Clearing active input actions
22:18:22.680 [JavaFX Application Thread] DEBUG WindowService        - Removing overlay from FXGLStartupScene and adding to FXGLDefaultMenu
22:18:22.680 [JavaFX Application Thread] DEBUG MainWindow           - FXGLStartupScene -> FXGLDefaultMenu
22:18:22.730 [JavaFX Application Thread] DEBUG SaveLoadService      - Reading profile names
22:18:22.732 [JavaFX Application Thread] DEBUG MainWindow           - Push state: DialogSubScene
22:18:22.732 [JavaFX Application Thread] DEBUG Input                - Clearing active input actions
22:18:22.735 [JavaFX Application Thread] DEBUG WindowService        - Removing overlay from FXGLDefaultMenu and adding to DialogSubScene
22:18:22.735 [JavaFX Application Thread] DEBUG MainWindow           - FXGLDefaultMenu -> DialogSubScene
22:18:22.776 [JavaFX Application Thread] DEBUG MainWindow           - Pop state: DialogSubScene
22:18:22.776 [JavaFX Application Thread] DEBUG Input                - Clearing active input actions
22:18:22.777 [JavaFX Application Thread] DEBUG WindowService        - Removing overlay from DialogSubScene and adding to FXGLDefaultMenu
22:18:22.777 [JavaFX Application Thread] DEBUG MainWindow           - FXGLDefaultMenu <- DialogSubScene
22:18:22.778 [JavaFX Application Thread] DEBUG MainWindow           - Push state: DialogSubScene
22:18:22.778 [JavaFX Application Thread] DEBUG Input                - Clearing active input actions
22:18:22.780 [JavaFX Application Thread] DEBUG WindowService        - Removing overlay from FXGLDefaultMenu and adding to DialogSubScene
22:18:22.780 [JavaFX Application Thread] DEBUG MainWindow           - FXGLDefaultMenu -> DialogSubScene
22:18:23.659 [JavaFX Application Thread] DEBUG MainWindow           - Pop state: DialogSubScene
22:18:23.659 [JavaFX Application Thread] DEBUG Input                - Clearing active input actions
22:18:23.660 [JavaFX Application Thread] DEBUG WindowService        - Removing overlay from DialogSubScene and adding to FXGLDefaultMenu
22:18:23.660 [JavaFX Application Thread] DEBUG MainWindow           - FXGLDefaultMenu <- DialogSubScene
22:18:24.303 [JavaFX Application Thread] DEBUG Menu                 - fireNewGame()
22:18:24.303 [JavaFX Application Thread] DEBUG WindowService        - Starting new game
22:18:24.303 [JavaFX Application Thread] DEBUG Input                - Clearing active input actions
22:18:24.310 [JavaFX Application Thread] DEBUG WindowService        - Removing overlay from FXGLDefaultMenu and adding to FXGLLoadingScene
22:18:24.310 [JavaFX Application Thread] DEBUG MainWindow           - FXGLDefaultMenu -> FXGLLoadingScene
22:18:24.310 [JavaFX Application Thread] DEBUG WindowService        - Clearing previous game
22:18:24.310 [JavaFX Application Thread] DEBUG GameScene            - Clearing game scene
22:18:24.310 [JavaFX Application Thread] DEBUG GameWorld            - Clearing game world
22:18:24.310 [JavaFX Application Thread] DEBUG PhysicsWorld         - Clearing physics world
22:18:24.311 [FXGL Background Thread 1 ] DEBUG GameApplication      - Initializing game
22:18:24.319 [FXGL Background Thread 1 ] DEBUG AssetLoaderService   - Loading from file system: /assets/textures/spacebackground.png
22:18:24.356 [FXGL Background Thread 1 ] DEBUG AssetLoaderService   - Loading from file system: /assets/textures/smallspaceship.png
22:18:24.370 [FXGL Background Thread 1 ] INFO  GameApplication      - Game initialization took: 0.059 sec
22:18:24.371 [JavaFX Application Thread] DEBUG Input                - Clearing active input actions
22:18:24.375 [JavaFX Application Thread] DEBUG WindowService        - Removing overlay from FXGLLoadingScene and adding to GameScene
22:18:24.375 [JavaFX Application Thread] DEBUG MainWindow           - FXGLLoadingScene -> GameScene
22:18:25.439 [FXGL Background Thread 2 ] DEBUG Engine               - Logging environment variables
22:18:25.439 [FXGL Background Thread 2 ] DEBUG Engine               - achievements: []
22:18:25.439 [FXGL Background Thread 2 ] DEBUG Engine               - language: ObjectProperty [value: ENGLISH]
22:18:25.439 [FXGL Background Thread 2 ] DEBUG Engine               - isCloseConfirmation: false
22:18:25.439 [FXGL Background Thread 2 ] DEBUG Engine               - isProfilingEnabled: false
22:18:25.439 [FXGL Background Thread 2 ] DEBUG Engine               - soundNotification: core/notification.wav
22:18:25.439 [FXGL Background Thread 2 ] DEBUG Engine               - devShowBBoxProperty: BooleanProperty [value: false]
22:18:25.439 [FXGL Background Thread 2 ] DEBUG Engine               - pixelsPerMeter: 50.0
22:18:25.439 [FXGL Background Thread 2 ] DEBUG Engine               - soundMenuBack: menu/back.wav
22:18:25.439 [FXGL Background Thread 2 ] DEBUG Engine               - appIcon: fxgl_icon.png
22:18:25.439 [FXGL Background Thread 2 ] DEBUG Engine               - isFullScreenAllowed: false
22:18:25.439 [FXGL Background Thread 2 ] DEBUG Engine               - isIntroEnabled: false
22:18:25.439 [FXGL Background Thread 2 ] DEBUG Engine               - fontMono: lucida_console.ttf
22:18:25.439 [FXGL Background Thread 2 ] DEBUG Engine               - soundMenuSelect: menu/select.wav
22:18:25.439 [FXGL Background Thread 2 ] DEBUG Engine               - isWindows: true
22:18:25.439 [FXGL Background Thread 2 ] DEBUG Engine               - isMobile: false
22:18:25.439 [FXGL Background Thread 2 ] DEBUG Engine               - isUserProfileEnabled: true
22:18:25.439 [FXGL Background Thread 2 ] DEBUG Engine               - height: 1000
22:18:25.439 [FXGL Background Thread 2 ] DEBUG Engine               - isExperimentalNative: false
22:18:25.440 [FXGL Background Thread 2 ] DEBUG Engine               - settings: Title: Space Game
Version: 0.2
Width: 2000
Height: 1000
Fullscreen: false
Intro: false
Menus: true
Profiling: false
Single step:false
App Mode: DEVELOPER
Menu Key: ESCAPE
Stage Style: DECORATED
Scene Factory: class com.almasb.fxgl.app.scene.SceneFactory

22:18:25.440 [FXGL Background Thread 2 ] DEBUG Engine               - cSSList: [fxgl_dark.css]
22:18:25.440 [FXGL Background Thread 2 ] DEBUG Engine               - isSingleStep: false
22:18:25.440 [FXGL Background Thread 2 ] DEBUG Engine               - fontGame: Abel-Regular.ttf
22:18:25.440 [FXGL Background Thread 2 ] DEBUG Engine               - menuKey: ESCAPE
22:18:25.440 [FXGL Background Thread 2 ] DEBUG Engine               - devShowPositionProperty: BooleanProperty [value: false]
22:18:25.440 [FXGL Background Thread 2 ] DEBUG Engine               - versionCheckDays: 7
22:18:25.440 [FXGL Background Thread 2 ] DEBUG Engine               - configClass: Optional.empty
22:18:25.440 [FXGL Background Thread 2 ] DEBUG Engine               - isFullScreenFromStart: false
22:18:25.440 [FXGL Background Thread 2 ] DEBUG Engine               - version: 0.2
22:18:25.440 [FXGL Background Thread 2 ] DEBUG Engine               - fullScreen: BooleanProperty [value: false]
22:18:25.440 [FXGL Background Thread 2 ] DEBUG Engine               - randomSeed: -1
22:18:25.440 [FXGL Background Thread 2 ] DEBUG Engine               - gameDifficultyProperty: ObjectProperty [value: MEDIUM]
22:18:25.440 [FXGL Background Thread 2 ] DEBUG Engine               - applicationMode: DEVELOPER
22:18:25.440 [FXGL Background Thread 2 ] DEBUG Engine               - isMac: false
22:18:25.440 [FXGL Background Thread 2 ] DEBUG Engine               - isMenuEnabled: true
22:18:25.440 [FXGL Background Thread 2 ] DEBUG Engine               - urlPOM: https://raw.githubusercontent.com/AlmasB/FXGL/master/pom.xml
22:18:25.440 [FXGL Background Thread 2 ] DEBUG Engine               - profileName: StringProperty [value: JohnDirkse]
22:18:25.440 [FXGL Background Thread 2 ] DEBUG Engine               - notificationViewClass: class com.almasb.fxgl.notification.view.XboxNotificationView
22:18:25.440 [FXGL Background Thread 2 ] DEBUG Engine               - devSensorColorProperty: ObjectProperty [value: 0xffff00ff]
22:18:25.440 [FXGL Background Thread 2 ] DEBUG Engine               - sceneFactory: com.almasb.fxgl.app.scene.SceneFactory@5e00eaf2
22:18:25.440 [FXGL Background Thread 2 ] DEBUG Engine               - stageStyle: DECORATED
22:18:25.440 [FXGL Background Thread 2 ] DEBUG Engine               - isManualResizeEnabled: false
22:18:25.440 [FXGL Background Thread 2 ] DEBUG Engine               - title: Space Game
22:18:25.440 [FXGL Background Thread 2 ] DEBUG Engine               - platform: WINDOWS
22:18:25.440 [FXGL Background Thread 2 ] DEBUG Engine               - devBBoxColorProperty: ObjectProperty [value: 0xff0000ff]
22:18:25.440 [FXGL Background Thread 2 ] DEBUG Engine               - gameDifficulty: MEDIUM
22:18:25.441 [FXGL Background Thread 2 ] DEBUG Engine               - isDesktop: true
22:18:25.441 [FXGL Background Thread 2 ] DEBUG Engine               - supportedLanguages: [ENGLISH, FRENCH, GERMAN, HUNGARIAN, RUSSIAN]
22:18:25.441 [FXGL Background Thread 2 ] DEBUG Engine               - credits: []
22:18:25.441 [FXGL Background Thread 2 ] DEBUG Engine               - globalMusicVolumeProperty: DoubleProperty [value: 0.5]
22:18:25.441 [FXGL Background Thread 2 ] DEBUG Engine               - isPreserveResizeRatio: false
22:18:25.441 [FXGL Background Thread 2 ] DEBUG Engine               - fontText: Courier-Prime.ttf
22:18:25.441 [FXGL Background Thread 2 ] DEBUG Engine               - isExperimentalTiledLargeMap: false
22:18:25.441 [FXGL Background Thread 2 ] DEBUG Engine               - secondsIn24h: 60
22:18:25.441 [FXGL Background Thread 2 ] DEBUG Engine               - runtimeInfo: RuntimeInfo(platform=WINDOWS, version=11.8, build=08.03.2020 09.09)
22:18:25.441 [FXGL Background Thread 2 ] DEBUG Engine               - isLinux: false
22:18:25.441 [FXGL Background Thread 2 ] DEBUG Engine               - soundMenuPress: menu/press.wav
22:18:25.441 [FXGL Background Thread 2 ] DEBUG Engine               - urlGithub: https://github.com/AlmasB/FXGL
22:18:25.441 [FXGL Background Thread 2 ] DEBUG Engine               - profileDir: profiles/
22:18:25.441 [FXGL Background Thread 2 ] DEBUG Engine               - isDeveloperMenuEnabled: false
22:18:25.441 [FXGL Background Thread 2 ] DEBUG Engine               - globalSoundVolumeProperty: DoubleProperty [value: 0.1]
22:18:25.441 [FXGL Background Thread 2 ] DEBUG Engine               - mainWindow: com.almasb.fxgl.app.MainWindow@5a3f75ea
22:18:25.441 [FXGL Background Thread 2 ] DEBUG Engine               - isBrowser: false
22:18:25.441 [FXGL Background Thread 2 ] DEBUG Engine               - globalSoundVolume: 0.5
22:18:25.441 [FXGL Background Thread 2 ] DEBUG Engine               - urlLeaderboard: http://fxgl-top.herokuapp.com/
22:18:25.441 [FXGL Background Thread 2 ] DEBUG Engine               - engineServices: [class com.almasb.fxgl.app.GameApplication$GameApplicationService, class com.almasb.fxgl.app.services.WindowService, class com.almasb.fxgl.app.services.FXGLDialogService, class com.almasb.fxgl.app.services.IOTaskExecutorService, class com.almasb.fxgl.event.EventBusService, class com.almasb.fxgl.io.FileSystemService, class com.almasb.fxgl.localization.LocalizationService, class com.almasb.fxgl.app.services.AssetLoaderService, class com.almasb.fxgl.app.services.SystemBundleService, class com.almasb.fxgl.profile.SaveLoadService, class com.almasb.fxgl.ui.FXGLUIFactoryServiceProvider, class com.almasb.fxgl.ui.FXGLDialogFactoryServiceProvider, class com.almasb.fxgl.audio.AudioPlayer, class com.almasb.fxgl.notification.impl.NotificationServiceProvider, class com.almasb.fxgl.achievement.AchievementService, class com.almasb.fxgl.cutscene.CutsceneService, class com.almasb.fxgl.minigames.MiniGameService, class com.almasb.fxgl.net.NetService, class com.almasb.fxgl.app.services.UpdaterService]
22:18:25.441 [FXGL Background Thread 2 ] DEBUG Engine               - globalMusicVolume: 0.5
22:18:25.441 [FXGL Background Thread 2 ] DEBUG Engine               - width: 2000
22:18:25.441 [FXGL Background Thread 2 ] DEBUG Engine               - saveFileExt: sav
22:18:25.441 [FXGL Background Thread 2 ] DEBUG Engine               - isAndroid: false
22:18:25.441 [FXGL Background Thread 2 ] DEBUG Engine               - fontUI: VarelaRound-Regular.ttf
22:18:25.441 [FXGL Background Thread 2 ] DEBUG Engine               - enabledMenuItems: [SAVE_LOAD, EXTRA, ONLINE]
22:18:25.441 [FXGL Background Thread 2 ] DEBUG Engine               - isIOS: false
22:18:25.441 [FXGL Background Thread 2 ] DEBUG Engine               - Logging services
22:18:25.441 [FXGL Background Thread 2 ] DEBUG Engine               - class com.almasb.fxgl.app.GameApplication$GameApplicationService
22:18:25.442 [FXGL Background Thread 2 ] DEBUG Engine               - class com.almasb.fxgl.app.services.WindowService
22:18:25.442 [FXGL Background Thread 2 ] DEBUG Engine               - class com.almasb.fxgl.app.services.FXGLDialogService
22:18:25.442 [FXGL Background Thread 2 ] DEBUG Engine               - class com.almasb.fxgl.app.services.IOTaskExecutorService
22:18:25.442 [FXGL Background Thread 2 ] DEBUG Engine               - class com.almasb.fxgl.event.EventBusService
22:18:25.442 [FXGL Background Thread 2 ] DEBUG Engine               - class com.almasb.fxgl.io.FileSystemService
22:18:25.442 [FXGL Background Thread 2 ] DEBUG Engine               - class com.almasb.fxgl.localization.LocalizationService
22:18:25.442 [FXGL Background Thread 2 ] DEBUG Engine               - class com.almasb.fxgl.app.services.AssetLoaderService
22:18:25.442 [FXGL Background Thread 2 ] DEBUG Engine               - class com.almasb.fxgl.app.services.SystemBundleService
22:18:25.442 [FXGL Background Thread 2 ] DEBUG Engine               - class com.almasb.fxgl.profile.SaveLoadService
22:18:25.442 [FXGL Background Thread 2 ] DEBUG Engine               - class com.almasb.fxgl.ui.FXGLUIFactoryServiceProvider
22:18:25.442 [FXGL Background Thread 2 ] DEBUG Engine               - class com.almasb.fxgl.ui.FXGLDialogFactoryServiceProvider
22:18:25.442 [FXGL Background Thread 2 ] DEBUG Engine               - class com.almasb.fxgl.audio.AudioPlayer
22:18:25.442 [FXGL Background Thread 2 ] DEBUG Engine               - class com.almasb.fxgl.notification.impl.NotificationServiceProvider
22:18:25.442 [FXGL Background Thread 2 ] DEBUG Engine               - class com.almasb.fxgl.achievement.AchievementService
22:18:25.442 [FXGL Background Thread 2 ] DEBUG Engine               - class com.almasb.fxgl.cutscene.CutsceneService
22:18:25.442 [FXGL Background Thread 2 ] DEBUG Engine               - class com.almasb.fxgl.minigames.MiniGameService
22:18:25.442 [FXGL Background Thread 2 ] DEBUG Engine               - class com.almasb.fxgl.net.NetService
22:18:25.442 [FXGL Background Thread 2 ] DEBUG Engine               - class com.almasb.fxgl.app.services.UpdaterService
22:18:27.573 [JavaFX Application Thread] DEBUG AssetLoaderService   - Loading from file system: /assets/textures/smallasteroid.png
22:18:27.829 [JavaFX Application Thread] DEBUG AssetLoaderService   - Loading from cache: /assets/textures/smallasteroid.png
22:18:28.232 [JavaFX Application Thread] DEBUG AssetLoaderService   - Loading from file system: /assets/textures/projectile.png
22:18:28.448 [JavaFX Application Thread] DEBUG AssetLoaderService   - Loading from cache: /assets/textures/projectile.png
22:18:29.184 [JavaFX Application Thread] DEBUG AssetLoaderService   - Loading from cache: /assets/textures/projectile.png
22:18:29.438 [JavaFX Application Thread] DEBUG AssetLoaderService   - Loading from cache: /assets/textures/projectile.png
22:18:29.480 [JavaFX Application Thread] DEBUG AssetLoaderService   - Loading from file system: /assets/sounds/explosion.wav
22:18:29.535 [JavaFX Application Thread] DEBUG AssetLoaderService   - Loading from file system: /assets/textures/explosion.png
22:18:29.918 [JavaFX Application Thread] DEBUG AssetLoaderService   - Loading from cache: /assets/textures/smallasteroid.png
22:18:30.149 [JavaFX Application Thread] DEBUG AssetLoaderService   - Loading from cache: /assets/sounds/explosion.wav
22:18:30.150 [JavaFX Application Thread] DEBUG AssetLoaderService   - Loading from cache: /assets/textures/explosion.png
22:18:30.316 [JavaFX Application Thread] DEBUG AssetLoaderService   - Loading from cache: /assets/textures/projectile.png
22:18:30.421 [JavaFX Application Thread] DEBUG AssetLoaderService   - Loading from cache: /assets/textures/smallasteroid.png
22:18:30.940 [JavaFX Application Thread] DEBUG AssetLoaderService   - Loading from cache: /assets/textures/projectile.png
22:18:31.176 [JavaFX Application Thread] DEBUG AssetLoaderService   - Loading from cache: /assets/textures/projectile.png
22:18:32.112 [JavaFX Application Thread] DEBUG AssetLoaderService   - Loading from cache: /assets/sounds/explosion.wav
22:18:32.112 [JavaFX Application Thread] DEBUG AssetLoaderService   - Loading from cache: /assets/textures/explosion.png
22:18:32.197 [JavaFX Application Thread] DEBUG AssetLoaderService   - Loading from cache: /assets/textures/smallasteroid.png
22:18:32.463 [JavaFX Application Thread] DEBUG AssetLoaderService   - Loading from cache: /assets/textures/projectile.png
22:18:32.544 [JavaFX Application Thread] DEBUG AssetLoaderService   - Loading from cache: /assets/sounds/explosion.wav
22:18:32.544 [JavaFX Application Thread] DEBUG AssetLoaderService   - Loading from cache: /assets/textures/explosion.png
22:18:32.949 [JavaFX Application Thread] DEBUG AssetLoaderService   - Loading from cache: /assets/textures/smallasteroid.png
22:18:34.469 [JavaFX Application Thread] DEBUG AssetLoaderService   - Loading from cache: /assets/textures/smallasteroid.png
22:18:34.833 [JavaFX Application Thread] DEBUG AssetLoaderService   - Loading from cache: /assets/sounds/explosion.wav
22:18:34.833 [JavaFX Application Thread] DEBUG AssetLoaderService   - Loading from cache: /assets/textures/explosion.png
22:18:35.492 [JavaFX Application Thread] DEBUG AssetLoaderService   - Loading from cache: /assets/textures/smallasteroid.png
22:18:36.757 [JavaFX Application Thread] DEBUG AssetLoaderService   - Loading from cache: /assets/textures/smallasteroid.png
22:18:37.253 [JavaFX Application Thread] DEBUG AssetLoaderService   - Loading from cache: /assets/sounds/explosion.wav
22:18:37.253 [JavaFX Application Thread] DEBUG AssetLoaderService   - Loading from cache: /assets/textures/explosion.png
22:18:38.033 [JavaFX Application Thread] DEBUG AssetLoaderService   - Loading from cache: /assets/textures/smallasteroid.png
22:18:38.975 [JavaFX Application Thread] DEBUG AssetLoaderService   - Loading from cache: /assets/sounds/explosion.wav
22:18:38.976 [JavaFX Application Thread] DEBUG AssetLoaderService   - Loading from cache: /assets/textures/explosion.png
22:18:38.983 [JavaFX Application Thread] DEBUG MainWindow           - Push state: DialogSubScene
22:18:38.983 [JavaFX Application Thread] DEBUG Input                - Clearing active input actions
22:18:38.985 [JavaFX Application Thread] DEBUG WindowService        - Removing overlay from GameScene and adding to DialogSubScene
22:18:38.985 [JavaFX Application Thread] DEBUG MainWindow           - GameScene -> DialogSubScene
22:18:42.427 [JavaFX Application Thread] DEBUG MainWindow           - Pop state: DialogSubScene
22:18:42.427 [JavaFX Application Thread] DEBUG Input                - Clearing active input actions
22:18:42.428 [JavaFX Application Thread] DEBUG WindowService        - Removing overlay from DialogSubScene and adding to GameScene
22:18:42.428 [JavaFX Application Thread] DEBUG MainWindow           - GameScene <- DialogSubScene
22:18:42.430 [JavaFX Application Thread] DEBUG Input                - Clearing active input actions
22:18:42.433 [JavaFX Application Thread] DEBUG WindowService        - Removing overlay from GameScene and adding to FXGLDefaultMenu
22:18:42.433 [JavaFX Application Thread] DEBUG MainWindow           - GameScene -> FXGLDefaultMenu
22:18:43.785 [JavaFX Application Thread] DEBUG Menu                 - fireNewGame()
22:18:43.786 [JavaFX Application Thread] DEBUG WindowService        - Starting new game
22:18:43.786 [JavaFX Application Thread] DEBUG Input                - Clearing active input actions
22:18:43.788 [JavaFX Application Thread] DEBUG WindowService        - Removing overlay from FXGLDefaultMenu and adding to FXGLLoadingScene
22:18:43.788 [JavaFX Application Thread] DEBUG MainWindow           - FXGLDefaultMenu -> FXGLLoadingScene
22:18:43.788 [JavaFX Application Thread] DEBUG WindowService        - Clearing previous game
22:18:43.789 [JavaFX Application Thread] DEBUG GameScene            - Clearing game scene
22:18:43.789 [JavaFX Application Thread] DEBUG GameWorld            - Clearing game world
22:18:43.789 [JavaFX Application Thread] DEBUG PhysicsWorld         - Clearing physics world
22:18:43.789 [FXGL Background Thread 1 ] DEBUG GameApplication      - Initializing game
22:18:43.789 [FXGL Background Thread 1 ] DEBUG AssetLoaderService   - Loading from cache: /assets/textures/spacebackground.png
22:18:43.790 [FXGL Background Thread 1 ] DEBUG AssetLoaderService   - Loading from cache: /assets/textures/smallspaceship.png
22:18:43.791 [FXGL Background Thread 1 ] INFO  GameApplication      - Game initialization took: 0.002 sec
22:18:43.791 [JavaFX Application Thread] DEBUG Input                - Clearing active input actions
22:18:43.793 [JavaFX Application Thread] DEBUG WindowService        - Removing overlay from FXGLLoadingScene and adding to GameScene
22:18:43.793 [JavaFX Application Thread] DEBUG MainWindow           - FXGLLoadingScene -> GameScene
22:18:46.351 [JavaFX Application Thread] DEBUG AssetLoaderService   - Loading from cache: /assets/textures/smallasteroid.png
22:18:46.597 [JavaFX Application Thread] DEBUG AssetLoaderService   - Loading from cache: /assets/textures/smallasteroid.png
22:18:46.879 [JavaFX Application Thread] DEBUG AssetLoaderService   - Loading from cache: /assets/textures/projectile.png
22:18:47.669 [JavaFX Application Thread] DEBUG AssetLoaderService   - Loading from cache: /assets/sounds/explosion.wav
22:18:47.669 [JavaFX Application Thread] DEBUG AssetLoaderService   - Loading from cache: /assets/textures/explosion.png
22:18:48.112 [JavaFX Application Thread] DEBUG AssetLoaderService   - Loading from cache: /assets/textures/projectile.png
22:18:48.630 [JavaFX Application Thread] DEBUG AssetLoaderService   - Loading from cache: /assets/textures/smallasteroid.png
22:18:48.789 [JavaFX Application Thread] DEBUG AssetLoaderService   - Loading from cache: /assets/sounds/explosion.wav
22:18:48.789 [JavaFX Application Thread] DEBUG AssetLoaderService   - Loading from cache: /assets/textures/explosion.png
22:18:49.135 [JavaFX Application Thread] DEBUG AssetLoaderService   - Loading from cache: /assets/textures/smallasteroid.png
22:18:49.449 [JavaFX Application Thread] DEBUG AssetLoaderService   - Loading from cache: /assets/textures/projectile.png
22:18:50.149 [JavaFX Application Thread] DEBUG AssetLoaderService   - Loading from cache: /assets/sounds/explosion.wav
22:18:50.149 [JavaFX Application Thread] DEBUG AssetLoaderService   - Loading from cache: /assets/textures/explosion.png
22:18:50.427 [JavaFX Application Thread] DEBUG AssetLoaderService   - Loading from cache: /assets/textures/projectile.png
22:18:50.901 [JavaFX Application Thread] DEBUG AssetLoaderService   - Loading from cache: /assets/textures/smallasteroid.png
22:18:51.117 [JavaFX Application Thread] DEBUG AssetLoaderService   - Loading from cache: /assets/textures/projectile.png
22:18:51.664 [JavaFX Application Thread] DEBUG AssetLoaderService   - Loading from cache: /assets/textures/smallasteroid.png
22:18:51.790 [JavaFX Application Thread] DEBUG AssetLoaderService   - Loading from cache: /assets/sounds/explosion.wav
22:18:51.790 [JavaFX Application Thread] DEBUG AssetLoaderService   - Loading from cache: /assets/textures/explosion.png
22:18:52.223 [JavaFX Application Thread] DEBUG AssetLoaderService   - Loading from cache: /assets/textures/projectile.png
22:18:53.173 [JavaFX Application Thread] DEBUG AssetLoaderService   - Loading from cache: /assets/textures/smallasteroid.png
22:18:53.688 [JavaFX Application Thread] DEBUG AssetLoaderService   - Loading from cache: /assets/textures/projectile.png
22:18:54.006 [JavaFX Application Thread] DEBUG AssetLoaderService   - Loading from cache: /assets/sounds/explosion.wav
22:18:54.006 [JavaFX Application Thread] DEBUG AssetLoaderService   - Loading from cache: /assets/textures/explosion.png
22:18:54.197 [JavaFX Application Thread] DEBUG AssetLoaderService   - Loading from cache: /assets/textures/smallasteroid.png
22:18:54.379 [JavaFX Application Thread] DEBUG AssetLoaderService   - Loading from cache: /assets/textures/projectile.png
22:18:55.184 [JavaFX Application Thread] DEBUG AssetLoaderService   - Loading from cache: /assets/textures/projectile.png
22:18:55.445 [JavaFX Application Thread] DEBUG AssetLoaderService   - Loading from cache: /assets/sounds/explosion.wav
22:18:55.445 [JavaFX Application Thread] DEBUG AssetLoaderService   - Loading from cache: /assets/textures/explosion.png
22:18:55.461 [JavaFX Application Thread] DEBUG AssetLoaderService   - Loading from cache: /assets/textures/smallasteroid.png
22:18:55.941 [JavaFX Application Thread] DEBUG AssetLoaderService   - Loading from cache: /assets/sounds/explosion.wav
22:18:55.941 [JavaFX Application Thread] DEBUG AssetLoaderService   - Loading from cache: /assets/textures/explosion.png
22:18:56.363 [JavaFX Application Thread] DEBUG AssetLoaderService   - Loading from cache: /assets/textures/projectile.png
22:18:56.741 [JavaFX Application Thread] DEBUG AssetLoaderService   - Loading from cache: /assets/textures/smallasteroid.png
22:18:56.844 [JavaFX Application Thread] DEBUG AssetLoaderService   - Loading from cache: /assets/textures/projectile.png
22:18:57.349 [JavaFX Application Thread] DEBUG AssetLoaderService   - Loading from cache: /assets/sounds/explosion.wav
22:18:57.349 [JavaFX Application Thread] DEBUG AssetLoaderService   - Loading from cache: /assets/textures/explosion.png
22:18:57.704 [JavaFX Application Thread] DEBUG AssetLoaderService   - Loading from cache: /assets/textures/projectile.png
22:18:57.749 [JavaFX Application Thread] DEBUG AssetLoaderService   - Loading from cache: /assets/textures/smallasteroid.png
22:18:58.623 [JavaFX Application Thread] DEBUG AssetLoaderService   - Loading from cache: /assets/sounds/explosion.wav
22:18:58.623 [JavaFX Application Thread] DEBUG AssetLoaderService   - Loading from cache: /assets/textures/explosion.png
22:18:58.720 [JavaFX Application Thread] DEBUG AssetLoaderService   - Loading from cache: /assets/textures/projectile.png
22:18:59.024 [JavaFX Application Thread] DEBUG AssetLoaderService   - Loading from cache: /assets/textures/projectile.png
22:18:59.279 [JavaFX Application Thread] DEBUG AssetLoaderService   - Loading from cache: /assets/textures/smallasteroid.png
22:18:59.467 [JavaFX Application Thread] DEBUG AssetLoaderService   - Loading from cache: /assets/textures/projectile.png
22:19:00.038 [JavaFX Application Thread] DEBUG AssetLoaderService   - Loading from cache: /assets/textures/smallasteroid.png
22:19:00.165 [JavaFX Application Thread] DEBUG AssetLoaderService   - Loading from cache: /assets/sounds/explosion.wav
22:19:00.165 [JavaFX Application Thread] DEBUG AssetLoaderService   - Loading from cache: /assets/textures/explosion.png
22:19:01.813 [JavaFX Application Thread] DEBUG AssetLoaderService   - Loading from cache: /assets/textures/smallasteroid.png
22:19:02.326 [JavaFX Application Thread] DEBUG AssetLoaderService   - Loading from cache: /assets/textures/smallasteroid.png
22:19:02.453 [JavaFX Application Thread] DEBUG AssetLoaderService   - Loading from cache: /assets/sounds/explosion.wav
22:19:02.453 [JavaFX Application Thread] DEBUG AssetLoaderService   - Loading from cache: /assets/textures/explosion.png
22:19:03.664 [JavaFX Application Thread] DEBUG AssetLoaderService   - Loading from cache: /assets/sounds/explosion.wav
22:19:03.665 [JavaFX Application Thread] DEBUG AssetLoaderService   - Loading from cache: /assets/textures/explosion.png
22:19:03.666 [JavaFX Application Thread] DEBUG MainWindow           - Push state: DialogSubScene
22:19:03.666 [JavaFX Application Thread] DEBUG Input                - Clearing active input actions
22:19:03.666 [JavaFX Application Thread] DEBUG WindowService        - Removing overlay from GameScene and adding to DialogSubScene
22:19:03.666 [JavaFX Application Thread] DEBUG MainWindow           - GameScene -> DialogSubScene
22:19:07.230 [JavaFX Application Thread] DEBUG MainWindow           - Pop state: DialogSubScene
22:19:07.230 [JavaFX Application Thread] DEBUG Input                - Clearing active input actions
22:19:07.231 [JavaFX Application Thread] DEBUG WindowService        - Removing overlay from DialogSubScene and adding to GameScene
22:19:07.231 [JavaFX Application Thread] DEBUG MainWindow           - GameScene <- DialogSubScene
22:19:07.231 [JavaFX Application Thread] DEBUG Input                - Clearing active input actions
22:19:07.234 [JavaFX Application Thread] DEBUG WindowService        - Removing overlay from GameScene and adding to FXGLDefaultMenu
22:19:07.234 [JavaFX Application Thread] DEBUG MainWindow           - GameScene -> FXGLDefaultMenu
22:19:07.840 [JavaFX Application Thread] DEBUG Menu                 - fireNewGame()
22:19:07.840 [JavaFX Application Thread] DEBUG WindowService        - Starting new game
22:19:07.840 [JavaFX Application Thread] DEBUG Input                - Clearing active input actions
22:19:07.842 [JavaFX Application Thread] DEBUG WindowService        - Removing overlay from FXGLDefaultMenu and adding to FXGLLoadingScene
22:19:07.842 [JavaFX Application Thread] DEBUG MainWindow           - FXGLDefaultMenu -> FXGLLoadingScene
22:19:07.842 [JavaFX Application Thread] DEBUG WindowService        - Clearing previous game
22:19:07.842 [JavaFX Application Thread] DEBUG GameScene            - Clearing game scene
22:19:07.842 [JavaFX Application Thread] DEBUG GameWorld            - Clearing game world
22:19:07.843 [JavaFX Application Thread] DEBUG PhysicsWorld         - Clearing physics world
22:19:07.843 [FXGL Background Thread 1 ] DEBUG GameApplication      - Initializing game
22:19:07.844 [FXGL Background Thread 1 ] DEBUG AssetLoaderService   - Loading from cache: /assets/textures/spacebackground.png
22:19:07.844 [FXGL Background Thread 1 ] DEBUG AssetLoaderService   - Loading from cache: /assets/textures/smallspaceship.png
22:19:07.845 [FXGL Background Thread 1 ] INFO  GameApplication      - Game initialization took: 0.002 sec
22:19:07.849 [JavaFX Application Thread] DEBUG Input                - Clearing active input actions
22:19:07.851 [JavaFX Application Thread] DEBUG WindowService        - Removing overlay from FXGLLoadingScene and adding to GameScene
22:19:07.851 [JavaFX Application Thread] DEBUG MainWindow           - FXGLLoadingScene -> GameScene
22:19:09.687 [JavaFX Application Thread] DEBUG AssetLoaderService   - Loading from cache: /assets/textures/projectile.png
22:19:09.913 [JavaFX Application Thread] DEBUG AssetLoaderService   - Loading from cache: /assets/textures/projectile.png
22:19:10.191 [JavaFX Application Thread] DEBUG AssetLoaderService   - Loading from cache: /assets/textures/smallasteroid.png
22:19:10.445 [JavaFX Application Thread] DEBUG AssetLoaderService   - Loading from cache: /assets/textures/smallasteroid.png
22:19:10.455 [JavaFX Application Thread] DEBUG AssetLoaderService   - Loading from cache: /assets/textures/projectile.png
22:19:10.767 [JavaFX Application Thread] DEBUG AssetLoaderService   - Loading from cache: /assets/textures/projectile.png
22:19:11.476 [JavaFX Application Thread] DEBUG AssetLoaderService   - Loading from cache: /assets/sounds/explosion.wav
22:19:11.476 [JavaFX Application Thread] DEBUG AssetLoaderService   - Loading from cache: /assets/textures/explosion.png
22:19:12.469 [JavaFX Application Thread] DEBUG AssetLoaderService   - Loading from cache: /assets/textures/smallasteroid.png
22:19:12.655 [JavaFX Application Thread] DEBUG AssetLoaderService   - Loading from cache: /assets/textures/projectile.png
22:19:12.863 [JavaFX Application Thread] DEBUG AssetLoaderService   - Loading from cache: /assets/textures/projectile.png
22:19:12.979 [JavaFX Application Thread] DEBUG AssetLoaderService   - Loading from cache: /assets/textures/smallasteroid.png
22:19:13.436 [JavaFX Application Thread] DEBUG AssetLoaderService   - Loading from cache: /assets/textures/projectile.png
22:19:13.940 [JavaFX Application Thread] DEBUG AssetLoaderService   - Loading from cache: /assets/sounds/explosion.wav
22:19:13.940 [JavaFX Application Thread] DEBUG AssetLoaderService   - Loading from cache: /assets/textures/explosion.png
22:19:14.136 [JavaFX Application Thread] DEBUG AssetLoaderService   - Loading from cache: /assets/textures/projectile.png
22:19:14.752 [JavaFX Application Thread] DEBUG AssetLoaderService   - Loading from cache: /assets/textures/smallasteroid.png
22:19:14.778 [JavaFX Application Thread] DEBUG AssetLoaderService   - Loading from cache: /assets/textures/projectile.png
22:19:15.275 [JavaFX Application Thread] DEBUG AssetLoaderService   - Loading from cache: /assets/textures/projectile.png
22:19:15.477 [JavaFX Application Thread] DEBUG AssetLoaderService   - Loading from cache: /assets/sounds/explosion.wav
22:19:15.478 [JavaFX Application Thread] DEBUG AssetLoaderService   - Loading from cache: /assets/textures/explosion.png
22:19:15.509 [JavaFX Application Thread] DEBUG AssetLoaderService   - Loading from cache: /assets/textures/smallasteroid.png
22:19:15.615 [JavaFX Application Thread] DEBUG AssetLoaderService   - Loading from cache: /assets/textures/projectile.png
22:19:16.087 [JavaFX Application Thread] DEBUG AssetLoaderService   - Loading from cache: /assets/textures/projectile.png
22:19:16.309 [JavaFX Application Thread] DEBUG AssetLoaderService   - Loading from cache: /assets/sounds/explosion.wav
22:19:16.309 [JavaFX Application Thread] DEBUG AssetLoaderService   - Loading from cache: /assets/textures/explosion.png
22:19:16.640 [JavaFX Application Thread] DEBUG AssetLoaderService   - Loading from cache: /assets/textures/projectile.png
22:19:16.860 [JavaFX Application Thread] DEBUG AssetLoaderService   - Loading from cache: /assets/textures/projectile.png
22:19:17.029 [JavaFX Application Thread] DEBUG AssetLoaderService   - Loading from cache: /assets/textures/smallasteroid.png
22:19:17.200 [JavaFX Application Thread] DEBUG AssetLoaderService   - Loading from cache: /assets/textures/projectile.png
22:19:17.469 [JavaFX Application Thread] DEBUG AssetLoaderService   - Loading from cache: /assets/textures/projectile.png
22:19:17.891 [JavaFX Application Thread] DEBUG AssetLoaderService   - Loading from cache: /assets/sounds/explosion.wav
22:19:17.891 [JavaFX Application Thread] DEBUG AssetLoaderService   - Loading from cache: /assets/textures/explosion.png
22:19:18.051 [JavaFX Application Thread] DEBUG AssetLoaderService   - Loading from cache: /assets/textures/smallasteroid.png
22:19:19.317 [JavaFX Application Thread] DEBUG AssetLoaderService   - Loading from cache: /assets/textures/smallasteroid.png
22:19:19.902 [JavaFX Application Thread] DEBUG AssetLoaderService   - Loading from cache: /assets/sounds/explosion.wav
22:19:19.903 [JavaFX Application Thread] DEBUG AssetLoaderService   - Loading from cache: /assets/textures/explosion.png
22:19:20.594 [JavaFX Application Thread] DEBUG AssetLoaderService   - Loading from cache: /assets/textures/smallasteroid.png
22:19:21.493 [JavaFX Application Thread] DEBUG AssetLoaderService   - Loading from cache: /assets/sounds/explosion.wav
22:19:21.493 [JavaFX Application Thread] DEBUG AssetLoaderService   - Loading from cache: /assets/textures/explosion.png
22:19:21.605 [JavaFX Application Thread] DEBUG AssetLoaderService   - Loading from cache: /assets/textures/smallasteroid.png
22:19:23.011 [JavaFX Application Thread] DEBUG AssetLoaderService   - Loading from cache: /assets/sounds/explosion.wav
22:19:23.011 [JavaFX Application Thread] DEBUG AssetLoaderService   - Loading from cache: /assets/textures/explosion.png
22:19:23.012 [JavaFX Application Thread] DEBUG MainWindow           - Push state: DialogSubScene
22:19:23.012 [JavaFX Application Thread] DEBUG Input                - Clearing active input actions
22:19:23.013 [JavaFX Application Thread] DEBUG WindowService        - Removing overlay from GameScene and adding to DialogSubScene
22:19:23.013 [JavaFX Application Thread] DEBUG MainWindow           - GameScene -> DialogSubScene
22:19:26.335 [JavaFX Application Thread] DEBUG MainWindow           - Pop state: DialogSubScene
22:19:26.335 [JavaFX Application Thread] DEBUG Input                - Clearing active input actions
22:19:26.336 [JavaFX Application Thread] DEBUG WindowService        - Removing overlay from DialogSubScene and adding to GameScene
22:19:26.336 [JavaFX Application Thread] DEBUG MainWindow           - GameScene <- DialogSubScene
22:19:26.336 [JavaFX Application Thread] DEBUG Input                - Clearing active input actions
22:19:26.339 [JavaFX Application Thread] DEBUG WindowService        - Removing overlay from GameScene and adding to FXGLDefaultMenu
22:19:26.339 [JavaFX Application Thread] DEBUG MainWindow           - GameScene -> FXGLDefaultMenu
22:19:27.365 [JavaFX Application Thread] DEBUG Menu                 - fireNewGame()
22:19:27.365 [JavaFX Application Thread] DEBUG WindowService        - Starting new game
22:19:27.365 [JavaFX Application Thread] DEBUG Input                - Clearing active input actions
22:19:27.367 [JavaFX Application Thread] DEBUG WindowService        - Removing overlay from FXGLDefaultMenu and adding to FXGLLoadingScene
22:19:27.367 [JavaFX Application Thread] DEBUG MainWindow           - FXGLDefaultMenu -> FXGLLoadingScene
22:19:27.367 [JavaFX Application Thread] DEBUG WindowService        - Clearing previous game
22:19:27.367 [JavaFX Application Thread] DEBUG GameScene            - Clearing game scene
22:19:27.368 [JavaFX Application Thread] DEBUG GameWorld            - Clearing game world
22:19:27.368 [JavaFX Application Thread] DEBUG PhysicsWorld         - Clearing physics world
22:19:27.368 [FXGL Background Thread 1 ] DEBUG GameApplication      - Initializing game
22:19:27.368 [FXGL Background Thread 1 ] DEBUG AssetLoaderService   - Loading from cache: /assets/textures/spacebackground.png
22:19:27.368 [FXGL Background Thread 1 ] DEBUG AssetLoaderService   - Loading from cache: /assets/textures/smallspaceship.png
22:19:27.370 [FXGL Background Thread 1 ] INFO  GameApplication      - Game initialization took: 0.002 sec
22:19:27.370 [JavaFX Application Thread] DEBUG Input                - Clearing active input actions
22:19:27.372 [JavaFX Application Thread] DEBUG WindowService        - Removing overlay from FXGLLoadingScene and adding to GameScene
22:19:27.372 [JavaFX Application Thread] DEBUG MainWindow           - FXGLLoadingScene -> GameScene
22:19:29.440 [JavaFX Application Thread] DEBUG GameApplication      - Exiting FXGL
22:19:29.440 [JavaFX Application Thread] DEBUG LoopRunner           - Stopping loop
22:19:29.440 [JavaFX Application Thread] DEBUG SystemBundleService  - Saving FXGL system data
22:19:29.441 [JavaFX Application Thread] DEBUG FileSystemAccess     - Writing to: C:\Users\xxdee\IdeaProjects\350FXGLjavagame\system\fxgl.bundle
22:19:29.442 [JavaFX Application Thread] DEBUG GameApplication      - Shutting down background threads
22:19:29.442 [JavaFX Application Thread] DEBUG GameApplication      - Closing logger and exiting JavaFX
