16:43:50.818 [main                     ] DEBUG GameApplication      - Logger initialized
16:43:50.832 [main                     ] DEBUG GameApplication      - Logging settings
Title: Space Game
Version: 0.2
Width: 2000
Height: 1000
Fullscreen: false
Intro: false
Menus: true
Profiling: false
Single step:false
App Mode: DEVELOPER
Menu Key: ESCAPE
Stage Style: DECORATED
Scene Factory: class com.almasb.fxgl.app.scene.SceneFactory

16:43:51.527 [JavaFX Application Thread] DEBUG GameApplication      - Initializing FXGL
16:43:51.541 [JavaFX Application Thread] INFO  Engine               - FXGL-11.8 (08.03.2020 09.09) on WINDOWS (J:11.0.8 FX:13.0.2)
16:43:51.541 [JavaFX Application Thread] INFO  Engine               - Source code and latest versions at: https://github.com/AlmasB/FXGL
16:43:51.542 [JavaFX Application Thread] INFO  Engine               -              Join the FXGL chat at: https://gitter.im/AlmasB/FXGL
16:43:51.691 [JavaFX Application Thread] DEBUG MainWindow           - Creating a JavaFX scene
16:43:51.692 [JavaFX Application Thread] DEBUG MainWindow           - Target size > screen size
16:43:51.770 [JavaFX Application Thread] DEBUG MainWindow           - Target settings size: 2000.0 x 1000.0
16:43:51.771 [JavaFX Application Thread] DEBUG MainWindow           - Scaled scene size:    1895.0 x 960.0
16:43:51.771 [JavaFX Application Thread] DEBUG MainWindow           - Scaled ratio: (0.9475, 0.96)
16:43:51.772 [JavaFX Application Thread] DEBUG MainWindow           - Set initial scene to FXGLStartupScene
16:43:51.779 [JavaFX Application Thread] DEBUG MainWindow           - Opening main window
16:43:51.860 [JavaFX Application Thread] DEBUG MainWindow           - Window border size: (16.0, 39.0)
16:43:51.861 [JavaFX Application Thread] DEBUG MainWindow           - Scaled size: 1895.0 x 960.0
16:43:51.861 [JavaFX Application Thread] DEBUG MainWindow           - Scaled ratio: (0.9475, 0.96)
16:43:51.861 [JavaFX Application Thread] DEBUG MainWindow           - Scene size: 1895.0 x 960.0
16:43:51.861 [JavaFX Application Thread] DEBUG MainWindow           - Stage size: 1911.0 x 999.0
16:43:51.868 [FXGL Background Thread 1 ] DEBUG Engine               - Initializing environment variables
16:43:51.892 [FXGL Background Thread 1 ] DEBUG WindowService        - Applying CSS: fxgl_dark.css
16:43:51.892 [FXGL Background Thread 1 ] DEBUG AssetLoaderService   - Loading from file system: /assets/ui/css/fxgl_dark.css
16:43:51.935 [FXGL Background Thread 1 ] DEBUG WindowService        - Initializing application scenes
16:43:51.964 [FXGL Background Thread 1 ] DEBUG GameWorld            - Game world initialized
16:43:51.998 [FXGL Background Thread 1 ] DEBUG PhysicsWorld         - Physics world initialized: appHeight=1000, physics.ppm=50.0
16:43:52.000 [FXGL Background Thread 1 ] DEBUG GameScene            - Game scene initialized: 2000x1000
16:43:52.025 [FXGL Background Thread 1 ] DEBUG AssetLoaderService   - Loading from file system: /assets/textures/particles/trace_horizontal.png
16:43:52.075 [FXGL Background Thread 1 ] DEBUG FXGL.DefaultMenu     - createMenuBodyMainMenu()
16:43:52.086 [FXGL Background Thread 1 ] DEBUG FXGL.DefaultMenu     - createOptionsMenu()
16:43:52.089 [FXGL Background Thread 1 ] DEBUG AssetLoaderService   - Loading from file system: /assets/textures/particles/smoke.png
16:43:52.127 [FXGL Background Thread 1 ] DEBUG AssetLoaderService   - Loading from cache: /assets/textures/particles/trace_horizontal.png@64.0x64.0
16:43:52.128 [FXGL Background Thread 1 ] DEBUG FXGL.DefaultMenu     - createMenuBodyGameMenu()
16:43:52.129 [FXGL Background Thread 1 ] DEBUG FXGL.DefaultMenu     - createOptionsMenu()
16:43:52.130 [FXGL Background Thread 1 ] DEBUG AssetLoaderService   - Loading from cache: /assets/textures/particles/smoke.png@128.0x128.0
16:43:52.138 [FXGL Background Thread 1 ] DEBUG WindowService        - Application scenes initialized
16:43:52.143 [FXGL Background Thread 1 ] DEBUG SystemBundleService  - Loading FXGL system data
16:43:52.174 [FXGL Background Thread 1 ] DEBUG FileSystemAccess     - Reading from: C:\Users\xxdee\IdeaProjects\350FXGLjavagame\system\fxgl.bundle
16:43:52.179 [FXGL Background Thread 1 ] DEBUG SystemBundleService  - Bundle FXGL: {}
16:43:52.179 [FXGL Background Thread 1 ] INFO  Engine               - FXGL initialization took: 0.310 sec
16:43:52.180 [FXGL Background Thread 1 ] DEBUG GameApplication      - Loading localizations
16:43:52.180 [FXGL Background Thread 1 ] DEBUG AssetLoaderService   - Loading from file system: /assets/properties/languages/english.properties
16:43:52.182 [FXGL Background Thread 1 ] DEBUG AssetLoaderService   - Loading from file system: /assets/properties/languages/french.properties
16:43:52.183 [FXGL Background Thread 1 ] DEBUG AssetLoaderService   - Loading from file system: /assets/properties/languages/german.properties
16:43:52.183 [FXGL Background Thread 1 ] DEBUG AssetLoaderService   - Loading from file system: /assets/properties/languages/hungarian.properties
16:43:52.184 [FXGL Background Thread 1 ] DEBUG AssetLoaderService   - Loading from file system: /assets/properties/languages/russian.properties
16:43:52.185 [FXGL Background Thread 1 ] DEBUG GameApplication      - Registering font factories with UI factory
16:43:52.185 [FXGL Background Thread 1 ] DEBUG AssetLoaderService   - Loading from file system: /assets/ui/fonts/VarelaRound-Regular.ttf
16:43:52.336 [FXGL Background Thread 1 ] DEBUG AssetLoaderService   - Loading from file system: /assets/ui/fonts/Abel-Regular.ttf
16:43:52.339 [FXGL Background Thread 1 ] DEBUG AssetLoaderService   - Loading from file system: /assets/ui/fonts/lucida_console.ttf
16:43:52.342 [FXGL Background Thread 1 ] DEBUG AssetLoaderService   - Loading from file system: /assets/ui/fonts/Courier-Prime.ttf
16:43:52.353 [JavaFX Application Thread] DEBUG Input                - Registered new binding: action0 - D
16:43:52.354 [JavaFX Application Thread] DEBUG Input                - Registered new binding: action1 - A
16:43:52.354 [JavaFX Application Thread] DEBUG Input                - Registered new binding: action2 - W
16:43:52.354 [JavaFX Application Thread] DEBUG Input                - Registered new binding: action3 - C
16:43:52.355 [JavaFX Application Thread] DEBUG Input                - Registered new binding: action4 - Left
16:43:52.355 [JavaFX Application Thread] DEBUG Input                - Registered new binding: action5 - Right
16:43:52.355 [JavaFX Application Thread] DEBUG Input                - Registered new binding: action6 - Space
16:43:52.355 [JavaFX Application Thread] DEBUG AssetLoaderService   - Loading from file system: /assets/textures/fxgl_icon.png
16:43:52.376 [JavaFX Application Thread] DEBUG AssetLoaderService   - Loading from file system: /assets/ui/cursors/fxgl_default.png
16:43:52.378 [JavaFX Application Thread] DEBUG Input                - Registered new binding: Screenshot - P
16:43:52.378 [JavaFX Application Thread] DEBUG Input                - Registered new binding: System info dump - CTRL+9
16:43:52.379 [JavaFX Application Thread] DEBUG Input                - Registered new binding: Restart - CTRL+R
16:43:52.379 [JavaFX Application Thread] DEBUG LoopRunner           - Starting loop
16:43:52.385 [JavaFX Application Thread] DEBUG FXGLStartupScene     - STARTUP
16:43:52.388 [JavaFX Application Thread] DEBUG Input                - Clearing active input actions
16:43:52.402 [JavaFX Application Thread] DEBUG WindowService        - Removing overlay from FXGLStartupScene and adding to FXGLDefaultMenu
16:43:52.402 [JavaFX Application Thread] DEBUG MainWindow           - FXGLStartupScene -> FXGLDefaultMenu
16:43:53.701 [JavaFX Application Thread] DEBUG Menu                 - fireNewGame()
16:43:53.701 [JavaFX Application Thread] DEBUG WindowService        - Starting new game
16:43:53.701 [JavaFX Application Thread] DEBUG Input                - Clearing active input actions
16:43:53.707 [JavaFX Application Thread] DEBUG WindowService        - Removing overlay from FXGLDefaultMenu and adding to FXGLLoadingScene
16:43:53.707 [JavaFX Application Thread] DEBUG MainWindow           - FXGLDefaultMenu -> FXGLLoadingScene
16:43:53.707 [JavaFX Application Thread] DEBUG WindowService        - Clearing previous game
16:43:53.707 [JavaFX Application Thread] DEBUG GameScene            - Clearing game scene
16:43:53.707 [JavaFX Application Thread] DEBUG GameWorld            - Clearing game world
16:43:53.707 [JavaFX Application Thread] DEBUG PhysicsWorld         - Clearing physics world
16:43:53.708 [FXGL Background Thread 1 ] DEBUG GameApplication      - Initializing game
16:43:53.716 [FXGL Background Thread 1 ] DEBUG AssetLoaderService   - Loading from file system: /assets/textures/spacebackground.png
16:43:53.755 [FXGL Background Thread 1 ] DEBUG AssetLoaderService   - Loading from file system: /assets/textures/smallspaceship.png
16:43:53.761 [FXGL Background Thread 1 ] INFO  GameApplication      - Game initialization took: 0.053 sec
16:43:53.765 [JavaFX Application Thread] DEBUG Input                - Clearing active input actions
16:43:53.769 [JavaFX Application Thread] DEBUG WindowService        - Removing overlay from FXGLLoadingScene and adding to GameScene
16:43:53.769 [JavaFX Application Thread] DEBUG MainWindow           - FXGLLoadingScene -> GameScene
16:43:55.181 [FXGL Background Thread 2 ] DEBUG Engine               - Logging environment variables
16:43:55.181 [FXGL Background Thread 2 ] DEBUG Engine               - achievements: []
16:43:55.181 [FXGL Background Thread 2 ] DEBUG Engine               - language: ObjectProperty [value: ENGLISH]
16:43:55.181 [FXGL Background Thread 2 ] DEBUG Engine               - isCloseConfirmation: false
16:43:55.181 [FXGL Background Thread 2 ] DEBUG Engine               - isProfilingEnabled: false
16:43:55.181 [FXGL Background Thread 2 ] DEBUG Engine               - soundNotification: core/notification.wav
16:43:55.181 [FXGL Background Thread 2 ] DEBUG Engine               - devShowBBoxProperty: BooleanProperty [value: false]
16:43:55.181 [FXGL Background Thread 2 ] DEBUG Engine               - pixelsPerMeter: 50.0
16:43:55.181 [FXGL Background Thread 2 ] DEBUG Engine               - soundMenuBack: menu/back.wav
16:43:55.181 [FXGL Background Thread 2 ] DEBUG Engine               - appIcon: fxgl_icon.png
16:43:55.181 [FXGL Background Thread 2 ] DEBUG Engine               - isFullScreenAllowed: false
16:43:55.181 [FXGL Background Thread 2 ] DEBUG Engine               - isIntroEnabled: false
16:43:55.181 [FXGL Background Thread 2 ] DEBUG Engine               - fontMono: lucida_console.ttf
16:43:55.181 [FXGL Background Thread 2 ] DEBUG Engine               - soundMenuSelect: menu/select.wav
16:43:55.181 [FXGL Background Thread 2 ] DEBUG Engine               - isWindows: true
16:43:55.181 [FXGL Background Thread 2 ] DEBUG Engine               - isMobile: false
16:43:55.181 [FXGL Background Thread 2 ] DEBUG Engine               - isUserProfileEnabled: false
16:43:55.181 [FXGL Background Thread 2 ] DEBUG Engine               - height: 1000
16:43:55.181 [FXGL Background Thread 2 ] DEBUG Engine               - isExperimentalNative: false
16:43:55.182 [FXGL Background Thread 2 ] DEBUG Engine               - settings: Title: Space Game
Version: 0.2
Width: 2000
Height: 1000
Fullscreen: false
Intro: false
Menus: true
Profiling: false
Single step:false
App Mode: DEVELOPER
Menu Key: ESCAPE
Stage Style: DECORATED
Scene Factory: class com.almasb.fxgl.app.scene.SceneFactory

16:43:55.182 [FXGL Background Thread 2 ] DEBUG Engine               - isSingleStep: false
16:43:55.182 [FXGL Background Thread 2 ] DEBUG Engine               - cSSList: [fxgl_dark.css]
16:43:55.182 [FXGL Background Thread 2 ] DEBUG Engine               - fontGame: Abel-Regular.ttf
16:43:55.182 [FXGL Background Thread 2 ] DEBUG Engine               - menuKey: ESCAPE
16:43:55.182 [FXGL Background Thread 2 ] DEBUG Engine               - devShowPositionProperty: BooleanProperty [value: false]
16:43:55.182 [FXGL Background Thread 2 ] DEBUG Engine               - versionCheckDays: 7
16:43:55.182 [FXGL Background Thread 2 ] DEBUG Engine               - configClass: Optional.empty
16:43:55.182 [FXGL Background Thread 2 ] DEBUG Engine               - isFullScreenFromStart: false
16:43:55.182 [FXGL Background Thread 2 ] DEBUG Engine               - version: 0.2
16:43:55.182 [FXGL Background Thread 2 ] DEBUG Engine               - fullScreen: BooleanProperty [value: false]
16:43:55.182 [FXGL Background Thread 2 ] DEBUG Engine               - randomSeed: -1
16:43:55.182 [FXGL Background Thread 2 ] DEBUG Engine               - gameDifficultyProperty: ObjectProperty [value: MEDIUM]
16:43:55.182 [FXGL Background Thread 2 ] DEBUG Engine               - applicationMode: DEVELOPER
16:43:55.182 [FXGL Background Thread 2 ] DEBUG Engine               - isMac: false
16:43:55.182 [FXGL Background Thread 2 ] DEBUG Engine               - isMenuEnabled: true
16:43:55.182 [FXGL Background Thread 2 ] DEBUG Engine               - profileName: StringProperty [value: DEFAULT]
16:43:55.182 [FXGL Background Thread 2 ] DEBUG Engine               - urlPOM: https://raw.githubusercontent.com/AlmasB/FXGL/master/pom.xml
16:43:55.182 [FXGL Background Thread 2 ] DEBUG Engine               - notificationViewClass: class com.almasb.fxgl.notification.view.XboxNotificationView
16:43:55.182 [FXGL Background Thread 2 ] DEBUG Engine               - devSensorColorProperty: ObjectProperty [value: 0xffff00ff]
16:43:55.182 [FXGL Background Thread 2 ] DEBUG Engine               - sceneFactory: com.almasb.fxgl.app.scene.SceneFactory@5fe7b5cd
16:43:55.182 [FXGL Background Thread 2 ] DEBUG Engine               - stageStyle: DECORATED
16:43:55.182 [FXGL Background Thread 2 ] DEBUG Engine               - isManualResizeEnabled: false
16:43:55.182 [FXGL Background Thread 2 ] DEBUG Engine               - title: Space Game
16:43:55.182 [FXGL Background Thread 2 ] DEBUG Engine               - platform: WINDOWS
16:43:55.182 [FXGL Background Thread 2 ] DEBUG Engine               - devBBoxColorProperty: ObjectProperty [value: 0xff0000ff]
16:43:55.183 [FXGL Background Thread 2 ] DEBUG Engine               - gameDifficulty: MEDIUM
16:43:55.183 [FXGL Background Thread 2 ] DEBUG Engine               - isDesktop: true
16:43:55.183 [FXGL Background Thread 2 ] DEBUG Engine               - supportedLanguages: [ENGLISH, FRENCH, GERMAN, HUNGARIAN, RUSSIAN]
16:43:55.183 [FXGL Background Thread 2 ] DEBUG Engine               - credits: []
16:43:55.183 [FXGL Background Thread 2 ] DEBUG Engine               - globalMusicVolumeProperty: DoubleProperty [value: 0.5]
16:43:55.183 [FXGL Background Thread 2 ] DEBUG Engine               - isPreserveResizeRatio: false
16:43:55.183 [FXGL Background Thread 2 ] DEBUG Engine               - fontText: Courier-Prime.ttf
16:43:55.183 [FXGL Background Thread 2 ] DEBUG Engine               - isExperimentalTiledLargeMap: false
16:43:55.183 [FXGL Background Thread 2 ] DEBUG Engine               - secondsIn24h: 60
16:43:55.183 [FXGL Background Thread 2 ] DEBUG Engine               - runtimeInfo: RuntimeInfo(platform=WINDOWS, version=11.8, build=08.03.2020 09.09)
16:43:55.183 [FXGL Background Thread 2 ] DEBUG Engine               - isLinux: false
16:43:55.183 [FXGL Background Thread 2 ] DEBUG Engine               - soundMenuPress: menu/press.wav
16:43:55.183 [FXGL Background Thread 2 ] DEBUG Engine               - urlGithub: https://github.com/AlmasB/FXGL
16:43:55.183 [FXGL Background Thread 2 ] DEBUG Engine               - profileDir: profiles/
16:43:55.183 [FXGL Background Thread 2 ] DEBUG Engine               - isDeveloperMenuEnabled: false
16:43:55.183 [FXGL Background Thread 2 ] DEBUG Engine               - globalSoundVolumeProperty: DoubleProperty [value: 0.5]
16:43:55.183 [FXGL Background Thread 2 ] DEBUG Engine               - mainWindow: com.almasb.fxgl.app.MainWindow@5bd82ae9
16:43:55.183 [FXGL Background Thread 2 ] DEBUG Engine               - isBrowser: false
16:43:55.183 [FXGL Background Thread 2 ] DEBUG Engine               - urlLeaderboard: http://fxgl-top.herokuapp.com/
16:43:55.183 [FXGL Background Thread 2 ] DEBUG Engine               - globalSoundVolume: 0.5
16:43:55.183 [FXGL Background Thread 2 ] DEBUG Engine               - engineServices: [class com.almasb.fxgl.app.GameApplication$GameApplicationService, class com.almasb.fxgl.app.services.WindowService, class com.almasb.fxgl.app.services.FXGLDialogService, class com.almasb.fxgl.app.services.IOTaskExecutorService, class com.almasb.fxgl.event.EventBusService, class com.almasb.fxgl.io.FileSystemService, class com.almasb.fxgl.localization.LocalizationService, class com.almasb.fxgl.app.services.AssetLoaderService, class com.almasb.fxgl.app.services.SystemBundleService, class com.almasb.fxgl.profile.SaveLoadService, class com.almasb.fxgl.ui.FXGLUIFactoryServiceProvider, class com.almasb.fxgl.ui.FXGLDialogFactoryServiceProvider, class com.almasb.fxgl.audio.AudioPlayer, class com.almasb.fxgl.notification.impl.NotificationServiceProvider, class com.almasb.fxgl.achievement.AchievementService, class com.almasb.fxgl.cutscene.CutsceneService, class com.almasb.fxgl.minigames.MiniGameService, class com.almasb.fxgl.net.NetService, class com.almasb.fxgl.app.services.UpdaterService]
16:43:55.183 [FXGL Background Thread 2 ] DEBUG Engine               - globalMusicVolume: 0.5
16:43:55.183 [FXGL Background Thread 2 ] DEBUG Engine               - width: 2000
16:43:55.183 [FXGL Background Thread 2 ] DEBUG Engine               - saveFileExt: sav
16:43:55.183 [FXGL Background Thread 2 ] DEBUG Engine               - isAndroid: false
16:43:55.183 [FXGL Background Thread 2 ] DEBUG Engine               - fontUI: VarelaRound-Regular.ttf
16:43:55.183 [FXGL Background Thread 2 ] DEBUG Engine               - enabledMenuItems: []
16:43:55.184 [FXGL Background Thread 2 ] DEBUG Engine               - isIOS: false
16:43:55.184 [FXGL Background Thread 2 ] DEBUG Engine               - Logging services
16:43:55.184 [FXGL Background Thread 2 ] DEBUG Engine               - class com.almasb.fxgl.app.GameApplication$GameApplicationService
16:43:55.184 [FXGL Background Thread 2 ] DEBUG Engine               - class com.almasb.fxgl.app.services.WindowService
16:43:55.184 [FXGL Background Thread 2 ] DEBUG Engine               - class com.almasb.fxgl.app.services.FXGLDialogService
16:43:55.184 [FXGL Background Thread 2 ] DEBUG Engine               - class com.almasb.fxgl.app.services.IOTaskExecutorService
16:43:55.184 [FXGL Background Thread 2 ] DEBUG Engine               - class com.almasb.fxgl.event.EventBusService
16:43:55.184 [FXGL Background Thread 2 ] DEBUG Engine               - class com.almasb.fxgl.io.FileSystemService
16:43:55.184 [FXGL Background Thread 2 ] DEBUG Engine               - class com.almasb.fxgl.localization.LocalizationService
16:43:55.184 [FXGL Background Thread 2 ] DEBUG Engine               - class com.almasb.fxgl.app.services.AssetLoaderService
16:43:55.184 [FXGL Background Thread 2 ] DEBUG Engine               - class com.almasb.fxgl.app.services.SystemBundleService
16:43:55.184 [FXGL Background Thread 2 ] DEBUG Engine               - class com.almasb.fxgl.profile.SaveLoadService
16:43:55.184 [FXGL Background Thread 2 ] DEBUG Engine               - class com.almasb.fxgl.ui.FXGLUIFactoryServiceProvider
16:43:55.184 [FXGL Background Thread 2 ] DEBUG Engine               - class com.almasb.fxgl.ui.FXGLDialogFactoryServiceProvider
16:43:55.184 [FXGL Background Thread 2 ] DEBUG Engine               - class com.almasb.fxgl.audio.AudioPlayer
16:43:55.184 [FXGL Background Thread 2 ] DEBUG Engine               - class com.almasb.fxgl.notification.impl.NotificationServiceProvider
16:43:55.184 [FXGL Background Thread 2 ] DEBUG Engine               - class com.almasb.fxgl.achievement.AchievementService
16:43:55.184 [FXGL Background Thread 2 ] DEBUG Engine               - class com.almasb.fxgl.cutscene.CutsceneService
16:43:55.184 [FXGL Background Thread 2 ] DEBUG Engine               - class com.almasb.fxgl.minigames.MiniGameService
16:43:55.184 [FXGL Background Thread 2 ] DEBUG Engine               - class com.almasb.fxgl.net.NetService
16:43:55.184 [FXGL Background Thread 2 ] DEBUG Engine               - class com.almasb.fxgl.app.services.UpdaterService
16:43:56.325 [JavaFX Application Thread] DEBUG AssetLoaderService   - Loading from file system: /assets/textures/smallasteroid.png
16:43:56.329 [JavaFX Application Thread] DEBUG AssetLoaderService   - Loading from cache: /assets/textures/smallasteroid.png
16:43:58.854 [JavaFX Application Thread] DEBUG AssetLoaderService   - Loading from cache: /assets/textures/smallasteroid.png
16:43:58.854 [JavaFX Application Thread] DEBUG AssetLoaderService   - Loading from cache: /assets/textures/smallasteroid.png
16:44:01.382 [JavaFX Application Thread] DEBUG AssetLoaderService   - Loading from cache: /assets/textures/smallasteroid.png
16:44:01.382 [JavaFX Application Thread] DEBUG AssetLoaderService   - Loading from cache: /assets/textures/smallasteroid.png
16:44:03.917 [JavaFX Application Thread] DEBUG AssetLoaderService   - Loading from cache: /assets/textures/smallasteroid.png
16:44:03.918 [JavaFX Application Thread] DEBUG AssetLoaderService   - Loading from cache: /assets/textures/smallasteroid.png
16:44:04.576 [JavaFX Application Thread] DEBUG AssetLoaderService   - Loading from file system: /assets/textures/projectile.png
16:44:05.304 [JavaFX Application Thread] DEBUG AssetLoaderService   - Loading from cache: /assets/textures/projectile.png
16:44:05.512 [JavaFX Application Thread] DEBUG AssetLoaderService   - Loading from cache: /assets/textures/projectile.png
16:44:06.000 [JavaFX Application Thread] DEBUG AssetLoaderService   - Loading from cache: /assets/textures/projectile.png
16:44:06.216 [JavaFX Application Thread] DEBUG AssetLoaderService   - Loading from cache: /assets/textures/projectile.png
16:44:06.454 [JavaFX Application Thread] DEBUG AssetLoaderService   - Loading from cache: /assets/textures/smallasteroid.png
16:44:06.455 [JavaFX Application Thread] DEBUG AssetLoaderService   - Loading from cache: /assets/textures/smallasteroid.png
16:44:06.664 [JavaFX Application Thread] DEBUG AssetLoaderService   - Loading from cache: /assets/textures/projectile.png
16:44:08.360 [JavaFX Application Thread] DEBUG AssetLoaderService   - Loading from cache: /assets/textures/projectile.png
16:44:08.656 [JavaFX Application Thread] DEBUG AssetLoaderService   - Loading from cache: /assets/textures/projectile.png
16:44:08.872 [JavaFX Application Thread] DEBUG AssetLoaderService   - Loading from cache: /assets/textures/projectile.png
16:44:08.990 [JavaFX Application Thread] DEBUG AssetLoaderService   - Loading from cache: /assets/textures/smallasteroid.png
16:44:08.990 [JavaFX Application Thread] DEBUG AssetLoaderService   - Loading from cache: /assets/textures/smallasteroid.png
16:44:09.092 [JavaFX Application Thread] DEBUG AssetLoaderService   - Loading from cache: /assets/textures/projectile.png
16:44:10.450 [JavaFX Application Thread] DEBUG AssetLoaderService   - Loading from cache: /assets/textures/projectile.png
16:44:10.645 [JavaFX Application Thread] DEBUG AssetLoaderService   - Loading from cache: /assets/textures/projectile.png
16:44:10.840 [JavaFX Application Thread] DEBUG AssetLoaderService   - Loading from cache: /assets/textures/projectile.png
16:44:11.074 [JavaFX Application Thread] DEBUG AssetLoaderService   - Loading from cache: /assets/textures/projectile.png
16:44:11.529 [JavaFX Application Thread] DEBUG AssetLoaderService   - Loading from cache: /assets/textures/smallasteroid.png
16:44:11.529 [JavaFX Application Thread] DEBUG AssetLoaderService   - Loading from cache: /assets/textures/smallasteroid.png
16:44:11.616 [JavaFX Application Thread] DEBUG AssetLoaderService   - Loading from cache: /assets/textures/projectile.png
16:44:11.817 [JavaFX Application Thread] DEBUG AssetLoaderService   - Loading from cache: /assets/textures/projectile.png
16:44:12.008 [JavaFX Application Thread] DEBUG AssetLoaderService   - Loading from cache: /assets/textures/projectile.png
16:44:12.344 [JavaFX Application Thread] DEBUG AssetLoaderService   - Loading from cache: /assets/textures/projectile.png
16:44:12.632 [JavaFX Application Thread] DEBUG AssetLoaderService   - Loading from cache: /assets/textures/projectile.png
16:44:12.824 [JavaFX Application Thread] DEBUG AssetLoaderService   - Loading from cache: /assets/textures/projectile.png
16:44:13.128 [JavaFX Application Thread] DEBUG AssetLoaderService   - Loading from cache: /assets/textures/projectile.png
16:44:13.376 [JavaFX Application Thread] DEBUG AssetLoaderService   - Loading from cache: /assets/textures/projectile.png
16:44:13.592 [JavaFX Application Thread] DEBUG AssetLoaderService   - Loading from cache: /assets/textures/projectile.png
16:44:13.768 [JavaFX Application Thread] DEBUG AssetLoaderService   - Loading from cache: /assets/textures/projectile.png
16:44:14.062 [JavaFX Application Thread] DEBUG AssetLoaderService   - Loading from cache: /assets/textures/smallasteroid.png
16:44:14.062 [JavaFX Application Thread] DEBUG AssetLoaderService   - Loading from cache: /assets/textures/smallasteroid.png
16:44:14.592 [JavaFX Application Thread] DEBUG AssetLoaderService   - Loading from cache: /assets/textures/projectile.png
16:44:15.016 [JavaFX Application Thread] DEBUG AssetLoaderService   - Loading from cache: /assets/textures/projectile.png
16:44:15.216 [JavaFX Application Thread] DEBUG AssetLoaderService   - Loading from cache: /assets/textures/projectile.png
16:44:15.416 [JavaFX Application Thread] DEBUG AssetLoaderService   - Loading from cache: /assets/textures/projectile.png
16:44:15.592 [JavaFX Application Thread] DEBUG AssetLoaderService   - Loading from cache: /assets/textures/projectile.png
16:44:15.824 [JavaFX Application Thread] DEBUG AssetLoaderService   - Loading from cache: /assets/textures/projectile.png
16:44:16.040 [JavaFX Application Thread] DEBUG AssetLoaderService   - Loading from cache: /assets/textures/projectile.png
16:44:16.360 [JavaFX Application Thread] DEBUG AssetLoaderService   - Loading from cache: /assets/textures/projectile.png
16:44:16.504 [JavaFX Application Thread] DEBUG AssetLoaderService   - Loading from cache: /assets/textures/projectile.png
16:44:16.606 [JavaFX Application Thread] DEBUG AssetLoaderService   - Loading from cache: /assets/textures/smallasteroid.png
16:44:16.606 [JavaFX Application Thread] DEBUG AssetLoaderService   - Loading from cache: /assets/textures/smallasteroid.png
16:44:16.664 [JavaFX Application Thread] DEBUG AssetLoaderService   - Loading from cache: /assets/textures/projectile.png
16:44:16.833 [JavaFX Application Thread] DEBUG AssetLoaderService   - Loading from cache: /assets/textures/projectile.png
16:44:17.508 [JavaFX Application Thread] DEBUG AssetLoaderService   - Loading from cache: /assets/textures/projectile.png
16:44:17.944 [JavaFX Application Thread] DEBUG AssetLoaderService   - Loading from cache: /assets/textures/projectile.png
16:44:18.116 [JavaFX Application Thread] DEBUG AssetLoaderService   - Loading from cache: /assets/textures/projectile.png
16:44:18.275 [JavaFX Application Thread] DEBUG AssetLoaderService   - Loading from cache: /assets/textures/projectile.png
16:44:18.436 [JavaFX Application Thread] DEBUG AssetLoaderService   - Loading from cache: /assets/textures/projectile.png
16:44:18.562 [JavaFX Application Thread] DEBUG AssetLoaderService   - Loading from cache: /assets/textures/projectile.png
16:44:18.706 [JavaFX Application Thread] DEBUG AssetLoaderService   - Loading from cache: /assets/textures/projectile.png
16:44:18.856 [JavaFX Application Thread] DEBUG AssetLoaderService   - Loading from cache: /assets/textures/projectile.png
16:44:19.015 [JavaFX Application Thread] DEBUG AssetLoaderService   - Loading from cache: /assets/textures/projectile.png
16:44:19.144 [JavaFX Application Thread] DEBUG AssetLoaderService   - Loading from cache: /assets/textures/smallasteroid.png
16:44:19.144 [JavaFX Application Thread] DEBUG AssetLoaderService   - Loading from cache: /assets/textures/smallasteroid.png
16:44:19.152 [JavaFX Application Thread] DEBUG AssetLoaderService   - Loading from cache: /assets/textures/projectile.png
16:44:19.331 [JavaFX Application Thread] DEBUG AssetLoaderService   - Loading from cache: /assets/textures/projectile.png
16:44:19.508 [JavaFX Application Thread] DEBUG AssetLoaderService   - Loading from cache: /assets/textures/projectile.png
16:44:20.100 [JavaFX Application Thread] DEBUG AssetLoaderService   - Loading from cache: /assets/textures/projectile.png
16:44:20.248 [JavaFX Application Thread] DEBUG AssetLoaderService   - Loading from cache: /assets/textures/projectile.png
16:44:20.386 [JavaFX Application Thread] DEBUG AssetLoaderService   - Loading from cache: /assets/textures/projectile.png
16:44:20.581 [JavaFX Application Thread] DEBUG AssetLoaderService   - Loading from cache: /assets/textures/projectile.png
16:44:20.656 [JavaFX Application Thread] DEBUG AssetLoaderService   - Loading from cache: /assets/textures/projectile.png
16:44:20.808 [JavaFX Application Thread] DEBUG AssetLoaderService   - Loading from cache: /assets/textures/projectile.png
16:44:20.968 [JavaFX Application Thread] DEBUG AssetLoaderService   - Loading from cache: /assets/textures/projectile.png
16:44:21.297 [JavaFX Application Thread] DEBUG AssetLoaderService   - Loading from cache: /assets/textures/projectile.png
16:44:21.524 [JavaFX Application Thread] DEBUG AssetLoaderService   - Loading from cache: /assets/textures/projectile.png
16:44:21.677 [JavaFX Application Thread] DEBUG AssetLoaderService   - Loading from cache: /assets/textures/smallasteroid.png
16:44:21.677 [JavaFX Application Thread] DEBUG AssetLoaderService   - Loading from cache: /assets/textures/smallasteroid.png
16:44:21.744 [JavaFX Application Thread] DEBUG AssetLoaderService   - Loading from cache: /assets/textures/projectile.png
16:44:24.221 [JavaFX Application Thread] DEBUG AssetLoaderService   - Loading from cache: /assets/textures/smallasteroid.png
16:44:24.221 [JavaFX Application Thread] DEBUG AssetLoaderService   - Loading from cache: /assets/textures/smallasteroid.png
16:44:24.320 [JavaFX Application Thread] DEBUG AssetLoaderService   - Loading from cache: /assets/textures/projectile.png
16:44:24.456 [JavaFX Application Thread] DEBUG AssetLoaderService   - Loading from cache: /assets/textures/projectile.png
16:44:24.579 [JavaFX Application Thread] DEBUG AssetLoaderService   - Loading from cache: /assets/textures/projectile.png
16:44:24.672 [JavaFX Application Thread] DEBUG AssetLoaderService   - Loading from cache: /assets/textures/projectile.png
16:44:24.792 [JavaFX Application Thread] DEBUG AssetLoaderService   - Loading from cache: /assets/textures/projectile.png
16:44:24.936 [JavaFX Application Thread] DEBUG AssetLoaderService   - Loading from cache: /assets/textures/projectile.png
16:44:25.047 [JavaFX Application Thread] DEBUG AssetLoaderService   - Loading from cache: /assets/textures/projectile.png
16:44:25.352 [JavaFX Application Thread] DEBUG AssetLoaderService   - Loading from cache: /assets/textures/projectile.png
16:44:25.508 [JavaFX Application Thread] DEBUG AssetLoaderService   - Loading from cache: /assets/textures/projectile.png
16:44:25.640 [JavaFX Application Thread] DEBUG AssetLoaderService   - Loading from cache: /assets/textures/projectile.png
16:44:25.784 [JavaFX Application Thread] DEBUG AssetLoaderService   - Loading from cache: /assets/textures/projectile.png
16:44:25.912 [JavaFX Application Thread] DEBUG AssetLoaderService   - Loading from cache: /assets/textures/projectile.png
16:44:26.168 [JavaFX Application Thread] DEBUG AssetLoaderService   - Loading from cache: /assets/textures/projectile.png
16:44:26.360 [JavaFX Application Thread] DEBUG AssetLoaderService   - Loading from cache: /assets/textures/projectile.png
16:44:26.545 [JavaFX Application Thread] DEBUG AssetLoaderService   - Loading from cache: /assets/textures/projectile.png
16:44:26.764 [JavaFX Application Thread] DEBUG AssetLoaderService   - Loading from cache: /assets/textures/smallasteroid.png
16:44:26.764 [JavaFX Application Thread] DEBUG AssetLoaderService   - Loading from cache: /assets/textures/smallasteroid.png
16:44:26.776 [JavaFX Application Thread] DEBUG AssetLoaderService   - Loading from cache: /assets/textures/projectile.png
16:44:26.968 [JavaFX Application Thread] DEBUG AssetLoaderService   - Loading from cache: /assets/textures/projectile.png
16:44:27.120 [JavaFX Application Thread] DEBUG AssetLoaderService   - Loading from cache: /assets/textures/projectile.png
16:44:27.272 [JavaFX Application Thread] DEBUG AssetLoaderService   - Loading from cache: /assets/textures/projectile.png
16:44:27.448 [JavaFX Application Thread] DEBUG AssetLoaderService   - Loading from cache: /assets/textures/projectile.png
16:44:27.656 [JavaFX Application Thread] DEBUG AssetLoaderService   - Loading from cache: /assets/textures/projectile.png
16:44:27.825 [JavaFX Application Thread] DEBUG AssetLoaderService   - Loading from cache: /assets/textures/projectile.png
16:44:27.985 [JavaFX Application Thread] DEBUG AssetLoaderService   - Loading from cache: /assets/textures/projectile.png
16:44:28.146 [JavaFX Application Thread] DEBUG AssetLoaderService   - Loading from cache: /assets/textures/projectile.png
16:44:28.280 [JavaFX Application Thread] DEBUG AssetLoaderService   - Loading from cache: /assets/textures/projectile.png
16:44:28.408 [JavaFX Application Thread] DEBUG AssetLoaderService   - Loading from cache: /assets/textures/projectile.png
16:44:28.560 [JavaFX Application Thread] DEBUG AssetLoaderService   - Loading from cache: /assets/textures/projectile.png
16:44:28.720 [JavaFX Application Thread] DEBUG AssetLoaderService   - Loading from cache: /assets/textures/projectile.png
16:44:28.904 [JavaFX Application Thread] DEBUG AssetLoaderService   - Loading from cache: /assets/textures/projectile.png
16:44:29.056 [JavaFX Application Thread] DEBUG AssetLoaderService   - Loading from cache: /assets/textures/projectile.png
16:44:29.224 [JavaFX Application Thread] DEBUG AssetLoaderService   - Loading from cache: /assets/textures/projectile.png
16:44:29.293 [JavaFX Application Thread] DEBUG AssetLoaderService   - Loading from cache: /assets/textures/smallasteroid.png
16:44:29.293 [JavaFX Application Thread] DEBUG AssetLoaderService   - Loading from cache: /assets/textures/smallasteroid.png
16:44:29.384 [JavaFX Application Thread] DEBUG AssetLoaderService   - Loading from cache: /assets/textures/projectile.png
16:44:29.553 [JavaFX Application Thread] DEBUG AssetLoaderService   - Loading from cache: /assets/textures/projectile.png
16:44:29.713 [JavaFX Application Thread] DEBUG AssetLoaderService   - Loading from cache: /assets/textures/projectile.png
16:44:29.856 [JavaFX Application Thread] DEBUG AssetLoaderService   - Loading from cache: /assets/textures/projectile.png
16:44:30.296 [JavaFX Application Thread] DEBUG Input                - Clearing active input actions
16:44:30.300 [JavaFX Application Thread] DEBUG WindowService        - Removing overlay from GameScene and adding to FXGLDefaultMenu
16:44:30.300 [JavaFX Application Thread] DEBUG MainWindow           - GameScene -> FXGLDefaultMenu
16:44:31.723 [JavaFX Application Thread] DEBUG Menu                 - fireExitToMainMenu()
16:44:31.725 [JavaFX Application Thread] DEBUG MainWindow           - Push state: DialogSubScene
16:44:31.725 [JavaFX Application Thread] DEBUG Input                - Clearing active input actions
16:44:31.726 [JavaFX Application Thread] DEBUG WindowService        - Removing overlay from FXGLDefaultMenu and adding to DialogSubScene
16:44:31.726 [JavaFX Application Thread] DEBUG MainWindow           - FXGLDefaultMenu -> DialogSubScene
16:44:32.885 [JavaFX Application Thread] DEBUG MainWindow           - Pop state: DialogSubScene
16:44:32.885 [JavaFX Application Thread] DEBUG Input                - Clearing active input actions
16:44:32.885 [JavaFX Application Thread] DEBUG WindowService        - Removing overlay from DialogSubScene and adding to FXGLDefaultMenu
16:44:32.885 [JavaFX Application Thread] DEBUG MainWindow           - FXGLDefaultMenu <- DialogSubScene
16:44:32.886 [JavaFX Application Thread] DEBUG Input                - Clearing active input actions
16:44:32.889 [JavaFX Application Thread] DEBUG WindowService        - Removing overlay from FXGLDefaultMenu and adding to FXGLDefaultMenu
16:44:32.889 [JavaFX Application Thread] DEBUG MainWindow           - FXGLDefaultMenu -> FXGLDefaultMenu
16:44:33.692 [JavaFX Application Thread] DEBUG Menu                 - fireExit()
16:44:33.693 [JavaFX Application Thread] DEBUG MainWindow           - Push state: DialogSubScene
16:44:33.693 [JavaFX Application Thread] DEBUG Input                - Clearing active input actions
16:44:33.694 [JavaFX Application Thread] DEBUG WindowService        - Removing overlay from FXGLDefaultMenu and adding to DialogSubScene
16:44:33.694 [JavaFX Application Thread] DEBUG MainWindow           - FXGLDefaultMenu -> DialogSubScene
16:44:34.613 [JavaFX Application Thread] DEBUG MainWindow           - Pop state: DialogSubScene
16:44:34.613 [JavaFX Application Thread] DEBUG Input                - Clearing active input actions
16:44:34.614 [JavaFX Application Thread] DEBUG WindowService        - Removing overlay from DialogSubScene and adding to FXGLDefaultMenu
16:44:34.614 [JavaFX Application Thread] DEBUG MainWindow           - FXGLDefaultMenu <- DialogSubScene
16:44:34.614 [JavaFX Application Thread] DEBUG GameApplication      - Exiting FXGL
16:44:34.614 [JavaFX Application Thread] DEBUG LoopRunner           - Stopping loop
16:44:34.614 [JavaFX Application Thread] DEBUG SystemBundleService  - Saving FXGL system data
16:44:34.615 [JavaFX Application Thread] DEBUG FileSystemAccess     - Writing to: C:\Users\xxdee\IdeaProjects\350FXGLjavagame\system\fxgl.bundle
16:44:34.617 [JavaFX Application Thread] DEBUG GameApplication      - Shutting down background threads
16:44:34.617 [JavaFX Application Thread] DEBUG GameApplication      - Closing logger and exiting JavaFX
