00:01:14.355 [main                     ] DEBUG GameApplication      - Logger initialized
00:01:14.386 [main                     ] DEBUG GameApplication      - Logging settings
Title: Space Game
Version: 0.2
Width: 1920
Height: 1080
Fullscreen: false
Intro: false
Menus: true
Profiling: false
Single step:false
App Mode: DEVELOPER
Menu Key: ESCAPE
Stage Style: DECORATED
Scene Factory: class com.almasb.fxgl.app.scene.SceneFactory

00:01:14.973 [JavaFX Application Thread] DEBUG GameApplication      - Initializing FXGL
00:01:14.986 [JavaFX Application Thread] INFO  Engine               - FXGL-11.8 (08.03.2020 09.09) on WINDOWS (J:11.0.10 FX:13.0.2)
00:01:14.987 [JavaFX Application Thread] INFO  Engine               - Source code and latest versions at: https://github.com/AlmasB/FXGL
00:01:14.987 [JavaFX Application Thread] INFO  Engine               -              Join the FXGL chat at: https://gitter.im/AlmasB/FXGL
00:01:15.191 [JavaFX Application Thread] DEBUG MainWindow           - Creating a JavaFX scene
00:01:15.192 [JavaFX Application Thread] DEBUG MainWindow           - Target size > screen size
00:01:15.302 [JavaFX Application Thread] DEBUG MainWindow           - Target settings size: 1920.0 x 1080.0
00:01:15.302 [JavaFX Application Thread] DEBUG MainWindow           - Scaled scene size:    1183.0 x 679.0
00:01:15.303 [JavaFX Application Thread] DEBUG MainWindow           - Scaled ratio: (0.6161458333333333, 0.6287037037037037)
00:01:15.306 [JavaFX Application Thread] DEBUG MainWindow           - Set initial scene to FXGLStartupScene
00:01:15.317 [JavaFX Application Thread] DEBUG MainWindow           - Opening main window
00:01:15.441 [JavaFX Application Thread] DEBUG MainWindow           - Window border size: (15.0, 37.66668701171875)
00:01:15.442 [JavaFX Application Thread] DEBUG MainWindow           - Scaled size: 1183.0 x 679.0
00:01:15.442 [JavaFX Application Thread] DEBUG MainWindow           - Scaled ratio: (0.6161458333333333, 0.6287037037037037)
00:01:15.442 [JavaFX Application Thread] DEBUG MainWindow           - Scene size: 1183.0 x 679.0
00:01:15.443 [JavaFX Application Thread] DEBUG MainWindow           - Stage size: 1198.0 x 716.6666870117188
00:01:15.458 [FXGL Background Thread 1 ] DEBUG Engine               - Initializing environment variables
00:01:15.508 [FXGL Background Thread 1 ] DEBUG WindowService        - Applying CSS: fxgl_dark.css
00:01:15.509 [FXGL Background Thread 1 ] DEBUG AssetLoaderService   - Loading from file system: /assets/ui/css/fxgl_dark.css
00:01:15.611 [FXGL Background Thread 1 ] DEBUG WindowService        - Initializing application scenes
00:01:15.739 [FXGL Background Thread 1 ] DEBUG GameWorld            - Game world initialized
00:01:15.822 [FXGL Background Thread 1 ] DEBUG PhysicsWorld         - Physics world initialized: appHeight=1080, physics.ppm=50.0
00:01:15.826 [FXGL Background Thread 1 ] DEBUG GameScene            - Game scene initialized: 1920x1080
00:01:15.878 [FXGL Background Thread 1 ] DEBUG AssetLoaderService   - Loading from file system: /assets/textures/particles/trace_horizontal.png
00:01:15.956 [FXGL Background Thread 1 ] DEBUG FXGL.DefaultMenu     - createMenuBodyMainMenu()
00:01:15.983 [FXGL Background Thread 1 ] DEBUG FXGL.DefaultMenu     - createOptionsMenu()
00:01:15.990 [FXGL Background Thread 1 ] DEBUG FXGL.DefaultMenu     - createExtraMenu()
00:01:15.995 [FXGL Background Thread 1 ] DEBUG AssetLoaderService   - Loading from file system: /assets/textures/particles/smoke.png
00:01:16.080 [FXGL Background Thread 1 ] DEBUG AssetLoaderService   - Loading from cache: /assets/textures/particles/trace_horizontal.png@64.0x64.0
00:01:16.081 [FXGL Background Thread 1 ] DEBUG FXGL.DefaultMenu     - createMenuBodyGameMenu()
00:01:16.086 [FXGL Background Thread 1 ] DEBUG FXGL.DefaultMenu     - createOptionsMenu()
00:01:16.090 [FXGL Background Thread 1 ] DEBUG FXGL.DefaultMenu     - createExtraMenu()
00:01:16.093 [FXGL Background Thread 1 ] DEBUG AssetLoaderService   - Loading from cache: /assets/textures/particles/smoke.png@128.0x128.0
00:01:16.110 [FXGL Background Thread 1 ] DEBUG WindowService        - Application scenes initialized
00:01:16.124 [FXGL Background Thread 1 ] DEBUG SystemBundleService  - Loading FXGL system data
00:01:16.130 [FXGL Background Thread 1 ] DEBUG FileSystemAccess     - Reading from: C:\Users\xxdee\IdeaProjects\350FXGLjavagame\system\fxgl.bundle
00:01:16.136 [FXGL Background Thread 1 ] DEBUG SystemBundleService  - Bundle FXGL: {}
00:01:16.136 [FXGL Background Thread 1 ] INFO  Engine               - FXGL initialization took: 0.676 sec
00:01:16.139 [FXGL Background Thread 1 ] DEBUG GameApplication      - Loading localizations
00:01:16.140 [FXGL Background Thread 1 ] DEBUG AssetLoaderService   - Loading from file system: /assets/properties/languages/english.properties
00:01:16.143 [FXGL Background Thread 1 ] DEBUG AssetLoaderService   - Loading from file system: /assets/properties/languages/french.properties
00:01:16.145 [FXGL Background Thread 1 ] DEBUG AssetLoaderService   - Loading from file system: /assets/properties/languages/german.properties
00:01:16.148 [FXGL Background Thread 1 ] DEBUG AssetLoaderService   - Loading from file system: /assets/properties/languages/hungarian.properties
00:01:16.150 [FXGL Background Thread 1 ] DEBUG AssetLoaderService   - Loading from file system: /assets/properties/languages/russian.properties
00:01:16.153 [FXGL Background Thread 1 ] DEBUG GameApplication      - Registering font factories with UI factory
00:01:16.153 [FXGL Background Thread 1 ] DEBUG AssetLoaderService   - Loading from file system: /assets/ui/fonts/VarelaRound-Regular.ttf
00:01:16.434 [FXGL Background Thread 1 ] DEBUG AssetLoaderService   - Loading from file system: /assets/ui/fonts/Abel-Regular.ttf
00:01:16.447 [FXGL Background Thread 1 ] DEBUG AssetLoaderService   - Loading from file system: /assets/ui/fonts/lucida_console.ttf
00:01:16.467 [FXGL Background Thread 1 ] DEBUG AssetLoaderService   - Loading from file system: /assets/ui/fonts/Courier-Prime.ttf
00:01:16.499 [JavaFX Application Thread] DEBUG Input                - Registered new binding: action0 - D
00:01:16.500 [JavaFX Application Thread] DEBUG Input                - Registered new binding: action1 - A
00:01:16.501 [JavaFX Application Thread] DEBUG Input                - Registered new binding: action2 - W
00:01:16.501 [JavaFX Application Thread] DEBUG Input                - Registered new binding: action3 - C
00:01:16.501 [JavaFX Application Thread] DEBUG Input                - Registered new binding: action4 - Left
00:01:16.502 [JavaFX Application Thread] DEBUG Input                - Registered new binding: action5 - Right
00:01:16.503 [JavaFX Application Thread] DEBUG Input                - Registered new binding: action6 - Space
00:01:16.503 [JavaFX Application Thread] DEBUG AssetLoaderService   - Loading from file system: /assets/textures/fxgl_icon.png
00:01:16.531 [JavaFX Application Thread] DEBUG AssetLoaderService   - Loading from file system: /assets/ui/cursors/fxgl_default.png
00:01:16.533 [JavaFX Application Thread] DEBUG Input                - Registered new binding: Screenshot - P
00:01:16.534 [JavaFX Application Thread] DEBUG Input                - Registered new binding: System info dump - CTRL+9
00:01:16.535 [JavaFX Application Thread] DEBUG Input                - Registered new binding: Restart - CTRL+R
00:01:16.536 [JavaFX Application Thread] DEBUG LoopRunner           - Starting loop
00:01:16.563 [JavaFX Application Thread] DEBUG FXGLStartupScene     - STARTUP
00:01:16.570 [JavaFX Application Thread] DEBUG Input                - Clearing active input actions
00:01:16.603 [JavaFX Application Thread] DEBUG WindowService        - Removing overlay from FXGLStartupScene and adding to FXGLDefaultMenu
00:01:16.603 [JavaFX Application Thread] DEBUG MainWindow           - FXGLStartupScene -> FXGLDefaultMenu
00:01:18.596 [JavaFX Application Thread] DEBUG Menu                 - fireNewGame()
00:01:18.596 [JavaFX Application Thread] DEBUG WindowService        - Starting new game
00:01:18.597 [JavaFX Application Thread] DEBUG Input                - Clearing active input actions
00:01:18.611 [JavaFX Application Thread] DEBUG WindowService        - Removing overlay from FXGLDefaultMenu and adding to FXGLLoadingScene
00:01:18.611 [JavaFX Application Thread] DEBUG MainWindow           - FXGLDefaultMenu -> FXGLLoadingScene
00:01:18.611 [JavaFX Application Thread] DEBUG WindowService        - Clearing previous game
00:01:18.611 [JavaFX Application Thread] DEBUG GameScene            - Clearing game scene
00:01:18.611 [JavaFX Application Thread] DEBUG GameWorld            - Clearing game world
00:01:18.612 [JavaFX Application Thread] DEBUG PhysicsWorld         - Clearing physics world
00:01:18.614 [FXGL Background Thread 1 ] DEBUG GameApplication      - Initializing game
00:01:18.649 [FXGL Background Thread 1 ] DEBUG AssetLoaderService   - Loading from file system: /assets/textures/newbackground.jpg
00:01:18.698 [FXGL Background Thread 1 ] DEBUG AssetLoaderService   - Loading from file system: /assets/textures/smallspaceship.png
00:01:18.735 [FXGL Background Thread 1 ] INFO  GameApplication      - Game initialization took: 0.122 sec
00:01:18.738 [JavaFX Application Thread] DEBUG Input                - Clearing active input actions
00:01:18.747 [JavaFX Application Thread] DEBUG WindowService        - Removing overlay from FXGLLoadingScene and adding to GameScene
00:01:18.747 [JavaFX Application Thread] DEBUG MainWindow           - FXGLLoadingScene -> GameScene
00:01:19.140 [FXGL Background Thread 2 ] DEBUG Engine               - Logging environment variables
00:01:19.140 [FXGL Background Thread 2 ] DEBUG Engine               - achievements: []
00:01:19.140 [FXGL Background Thread 2 ] DEBUG Engine               - isCloseConfirmation: false
00:01:19.140 [FXGL Background Thread 2 ] DEBUG Engine               - language: ObjectProperty [value: ENGLISH]
00:01:19.140 [FXGL Background Thread 2 ] DEBUG Engine               - isProfilingEnabled: false
00:01:19.140 [FXGL Background Thread 2 ] DEBUG Engine               - soundNotification: core/notification.wav
00:01:19.140 [FXGL Background Thread 2 ] DEBUG Engine               - devShowBBoxProperty: BooleanProperty [value: false]
00:01:19.140 [FXGL Background Thread 2 ] DEBUG Engine               - pixelsPerMeter: 50.0
00:01:19.140 [FXGL Background Thread 2 ] DEBUG Engine               - appIcon: fxgl_icon.png
00:01:19.141 [FXGL Background Thread 2 ] DEBUG Engine               - soundMenuBack: menu/back.wav
00:01:19.141 [FXGL Background Thread 2 ] DEBUG Engine               - isFullScreenAllowed: false
00:01:19.141 [FXGL Background Thread 2 ] DEBUG Engine               - isIntroEnabled: false
00:01:19.141 [FXGL Background Thread 2 ] DEBUG Engine               - fontMono: lucida_console.ttf
00:01:19.141 [FXGL Background Thread 2 ] DEBUG Engine               - soundMenuSelect: menu/select.wav
00:01:19.141 [FXGL Background Thread 2 ] DEBUG Engine               - isWindows: true
00:01:19.141 [FXGL Background Thread 2 ] DEBUG Engine               - isMobile: false
00:01:19.141 [FXGL Background Thread 2 ] DEBUG Engine               - isUserProfileEnabled: false
00:01:19.141 [FXGL Background Thread 2 ] DEBUG Engine               - height: 1080
00:01:19.141 [FXGL Background Thread 2 ] DEBUG Engine               - isExperimentalNative: false
00:01:19.141 [FXGL Background Thread 2 ] DEBUG Engine               - settings: Title: Space Game
Version: 0.2
Width: 1920
Height: 1080
Fullscreen: false
Intro: false
Menus: true
Profiling: false
Single step:false
App Mode: DEVELOPER
Menu Key: ESCAPE
Stage Style: DECORATED
Scene Factory: class com.almasb.fxgl.app.scene.SceneFactory

00:01:19.141 [FXGL Background Thread 2 ] DEBUG Engine               - isSingleStep: false
00:01:19.142 [FXGL Background Thread 2 ] DEBUG Engine               - cSSList: [fxgl_dark.css]
00:01:19.142 [FXGL Background Thread 2 ] DEBUG Engine               - fontGame: Abel-Regular.ttf
00:01:19.142 [FXGL Background Thread 2 ] DEBUG Engine               - menuKey: ESCAPE
00:01:19.142 [FXGL Background Thread 2 ] DEBUG Engine               - devShowPositionProperty: BooleanProperty [value: false]
00:01:19.142 [FXGL Background Thread 2 ] DEBUG Engine               - versionCheckDays: 7
00:01:19.142 [FXGL Background Thread 2 ] DEBUG Engine               - configClass: Optional.empty
00:01:19.142 [FXGL Background Thread 2 ] DEBUG Engine               - isFullScreenFromStart: false
00:01:19.142 [FXGL Background Thread 2 ] DEBUG Engine               - version: 0.2
00:01:19.142 [FXGL Background Thread 2 ] DEBUG Engine               - fullScreen: BooleanProperty [value: false]
00:01:19.142 [FXGL Background Thread 2 ] DEBUG Engine               - randomSeed: -1
00:01:19.142 [FXGL Background Thread 2 ] DEBUG Engine               - gameDifficultyProperty: ObjectProperty [value: MEDIUM]
00:01:19.142 [FXGL Background Thread 2 ] DEBUG Engine               - applicationMode: DEVELOPER
00:01:19.142 [FXGL Background Thread 2 ] DEBUG Engine               - isMac: false
00:01:19.142 [FXGL Background Thread 2 ] DEBUG Engine               - isMenuEnabled: true
00:01:19.143 [FXGL Background Thread 2 ] DEBUG Engine               - urlPOM: https://raw.githubusercontent.com/AlmasB/FXGL/master/pom.xml
00:01:19.143 [FXGL Background Thread 2 ] DEBUG Engine               - profileName: StringProperty [value: DEFAULT]
00:01:19.143 [FXGL Background Thread 2 ] DEBUG Engine               - notificationViewClass: class com.almasb.fxgl.notification.view.XboxNotificationView
00:01:19.143 [FXGL Background Thread 2 ] DEBUG Engine               - devSensorColorProperty: ObjectProperty [value: 0xffff00ff]
00:01:19.143 [FXGL Background Thread 2 ] DEBUG Engine               - sceneFactory: com.almasb.fxgl.app.scene.SceneFactory@1f4b3b29
00:01:19.143 [FXGL Background Thread 2 ] DEBUG Engine               - stageStyle: DECORATED
00:01:19.143 [FXGL Background Thread 2 ] DEBUG Engine               - isManualResizeEnabled: true
00:01:19.143 [FXGL Background Thread 2 ] DEBUG Engine               - title: Space Game
00:01:19.143 [FXGL Background Thread 2 ] DEBUG Engine               - platform: WINDOWS
00:01:19.144 [FXGL Background Thread 2 ] DEBUG Engine               - devBBoxColorProperty: ObjectProperty [value: 0xff0000ff]
00:01:19.144 [FXGL Background Thread 2 ] DEBUG Engine               - gameDifficulty: MEDIUM
00:01:19.144 [FXGL Background Thread 2 ] DEBUG Engine               - isDesktop: true
00:01:19.144 [FXGL Background Thread 2 ] DEBUG Engine               - supportedLanguages: [ENGLISH, FRENCH, GERMAN, HUNGARIAN, RUSSIAN]
00:01:19.144 [FXGL Background Thread 2 ] DEBUG Engine               - credits: []
00:01:19.144 [FXGL Background Thread 2 ] DEBUG Engine               - globalMusicVolumeProperty: DoubleProperty [value: 0.5]
00:01:19.144 [FXGL Background Thread 2 ] DEBUG Engine               - isPreserveResizeRatio: false
00:01:19.144 [FXGL Background Thread 2 ] DEBUG Engine               - fontText: Courier-Prime.ttf
00:01:19.144 [FXGL Background Thread 2 ] DEBUG Engine               - isExperimentalTiledLargeMap: false
00:01:19.144 [FXGL Background Thread 2 ] DEBUG Engine               - secondsIn24h: 60
00:01:19.144 [FXGL Background Thread 2 ] DEBUG Engine               - runtimeInfo: RuntimeInfo(platform=WINDOWS, version=11.8, build=08.03.2020 09.09)
00:01:19.144 [FXGL Background Thread 2 ] DEBUG Engine               - isLinux: false
00:01:19.144 [FXGL Background Thread 2 ] DEBUG Engine               - soundMenuPress: menu/press.wav
00:01:19.144 [FXGL Background Thread 2 ] DEBUG Engine               - urlGithub: https://github.com/AlmasB/FXGL
00:01:19.145 [FXGL Background Thread 2 ] DEBUG Engine               - profileDir: profiles/
00:01:19.145 [FXGL Background Thread 2 ] DEBUG Engine               - isDeveloperMenuEnabled: false
00:01:19.145 [FXGL Background Thread 2 ] DEBUG Engine               - globalSoundVolumeProperty: DoubleProperty [value: 0.1]
00:01:19.145 [FXGL Background Thread 2 ] DEBUG Engine               - mainWindow: com.almasb.fxgl.app.MainWindow@1b74bc18
00:01:19.145 [FXGL Background Thread 2 ] DEBUG Engine               - isBrowser: false
00:01:19.145 [FXGL Background Thread 2 ] DEBUG Engine               - urlLeaderboard: http://fxgl-top.herokuapp.com/
00:01:19.145 [FXGL Background Thread 2 ] DEBUG Engine               - globalSoundVolume: 0.5
00:01:19.145 [FXGL Background Thread 2 ] DEBUG Engine               - engineServices: [class com.almasb.fxgl.app.GameApplication$GameApplicationService, class com.almasb.fxgl.app.services.WindowService, class com.almasb.fxgl.app.services.FXGLDialogService, class com.almasb.fxgl.app.services.IOTaskExecutorService, class com.almasb.fxgl.event.EventBusService, class com.almasb.fxgl.io.FileSystemService, class com.almasb.fxgl.localization.LocalizationService, class com.almasb.fxgl.app.services.AssetLoaderService, class com.almasb.fxgl.app.services.SystemBundleService, class com.almasb.fxgl.profile.SaveLoadService, class com.almasb.fxgl.ui.FXGLUIFactoryServiceProvider, class com.almasb.fxgl.ui.FXGLDialogFactoryServiceProvider, class com.almasb.fxgl.audio.AudioPlayer, class com.almasb.fxgl.notification.impl.NotificationServiceProvider, class com.almasb.fxgl.achievement.AchievementService, class com.almasb.fxgl.cutscene.CutsceneService, class com.almasb.fxgl.minigames.MiniGameService, class com.almasb.fxgl.net.NetService, class com.almasb.fxgl.app.services.UpdaterService]
00:01:19.145 [FXGL Background Thread 2 ] DEBUG Engine               - globalMusicVolume: 0.5
00:01:19.145 [FXGL Background Thread 2 ] DEBUG Engine               - width: 1920
00:01:19.145 [FXGL Background Thread 2 ] DEBUG Engine               - saveFileExt: sav
00:01:19.145 [FXGL Background Thread 2 ] DEBUG Engine               - isAndroid: false
00:01:19.145 [FXGL Background Thread 2 ] DEBUG Engine               - fontUI: VarelaRound-Regular.ttf
00:01:19.146 [FXGL Background Thread 2 ] DEBUG Engine               - enabledMenuItems: [SAVE_LOAD, EXTRA, ONLINE]
00:01:19.146 [FXGL Background Thread 2 ] DEBUG Engine               - isIOS: false
00:01:19.146 [FXGL Background Thread 2 ] DEBUG Engine               - Logging services
00:01:19.146 [FXGL Background Thread 2 ] DEBUG Engine               - class com.almasb.fxgl.app.GameApplication$GameApplicationService
00:01:19.146 [FXGL Background Thread 2 ] DEBUG Engine               - class com.almasb.fxgl.app.services.WindowService
00:01:19.146 [FXGL Background Thread 2 ] DEBUG Engine               - class com.almasb.fxgl.app.services.FXGLDialogService
00:01:19.146 [FXGL Background Thread 2 ] DEBUG Engine               - class com.almasb.fxgl.app.services.IOTaskExecutorService
00:01:19.146 [FXGL Background Thread 2 ] DEBUG Engine               - class com.almasb.fxgl.event.EventBusService
00:01:19.146 [FXGL Background Thread 2 ] DEBUG Engine               - class com.almasb.fxgl.io.FileSystemService
00:01:19.146 [FXGL Background Thread 2 ] DEBUG Engine               - class com.almasb.fxgl.localization.LocalizationService
00:01:19.146 [FXGL Background Thread 2 ] DEBUG Engine               - class com.almasb.fxgl.app.services.AssetLoaderService
00:01:19.146 [FXGL Background Thread 2 ] DEBUG Engine               - class com.almasb.fxgl.app.services.SystemBundleService
00:01:19.146 [FXGL Background Thread 2 ] DEBUG Engine               - class com.almasb.fxgl.profile.SaveLoadService
00:01:19.146 [FXGL Background Thread 2 ] DEBUG Engine               - class com.almasb.fxgl.ui.FXGLUIFactoryServiceProvider
00:01:19.147 [FXGL Background Thread 2 ] DEBUG Engine               - class com.almasb.fxgl.ui.FXGLDialogFactoryServiceProvider
00:01:19.147 [FXGL Background Thread 2 ] DEBUG Engine               - class com.almasb.fxgl.audio.AudioPlayer
00:01:19.147 [FXGL Background Thread 2 ] DEBUG Engine               - class com.almasb.fxgl.notification.impl.NotificationServiceProvider
00:01:19.147 [FXGL Background Thread 2 ] DEBUG Engine               - class com.almasb.fxgl.achievement.AchievementService
00:01:19.147 [FXGL Background Thread 2 ] DEBUG Engine               - class com.almasb.fxgl.cutscene.CutsceneService
00:01:19.147 [FXGL Background Thread 2 ] DEBUG Engine               - class com.almasb.fxgl.minigames.MiniGameService
00:01:19.147 [FXGL Background Thread 2 ] DEBUG Engine               - class com.almasb.fxgl.net.NetService
00:01:19.147 [FXGL Background Thread 2 ] DEBUG Engine               - class com.almasb.fxgl.app.services.UpdaterService
00:01:20.665 [JavaFX Application Thread] DEBUG AssetLoaderService   - Loading from file system: /assets/textures/smallasteroid.png
00:01:20.673 [JavaFX Application Thread] DEBUG AssetLoaderService   - Loading from cache: /assets/textures/smallasteroid.png
00:01:22.681 [JavaFX Application Thread] DEBUG AssetLoaderService   - Loading from cache: /assets/textures/smallasteroid.png
00:01:22.683 [JavaFX Application Thread] DEBUG AssetLoaderService   - Loading from cache: /assets/textures/smallasteroid.png
00:01:22.774 [JavaFX Application Thread] DEBUG AssetLoaderService   - Loading from file system: /assets/textures/projectile.png
00:01:23.085 [JavaFX Application Thread] DEBUG AssetLoaderService   - Loading from file system: /assets/sounds/explosion.wav
00:01:23.182 [JavaFX Application Thread] DEBUG AssetLoaderService   - Loading from file system: /assets/textures/explosion.png
00:01:24.457 [JavaFX Application Thread] DEBUG AssetLoaderService   - Loading from cache: /assets/textures/projectile.png
00:01:24.792 [JavaFX Application Thread] DEBUG AssetLoaderService   - Loading from cache: /assets/textures/smallasteroid.png
00:01:24.793 [JavaFX Application Thread] DEBUG AssetLoaderService   - Loading from cache: /assets/textures/smallasteroid.png
00:01:25.275 [JavaFX Application Thread] DEBUG AssetLoaderService   - Loading from cache: /assets/sounds/explosion.wav
00:01:25.276 [JavaFX Application Thread] DEBUG AssetLoaderService   - Loading from cache: /assets/textures/explosion.png
00:01:25.605 [JavaFX Application Thread] DEBUG AssetLoaderService   - Loading from cache: /assets/textures/projectile.png
00:01:26.534 [JavaFX Application Thread] DEBUG AssetLoaderService   - Loading from cache: /assets/textures/projectile.png
00:01:26.809 [JavaFX Application Thread] DEBUG AssetLoaderService   - Loading from cache: /assets/textures/smallasteroid.png
00:01:26.810 [JavaFX Application Thread] DEBUG AssetLoaderService   - Loading from cache: /assets/textures/smallasteroid.png
00:01:27.304 [JavaFX Application Thread] DEBUG AssetLoaderService   - Loading from cache: /assets/textures/projectile.png
00:01:27.418 [JavaFX Application Thread] DEBUG AssetLoaderService   - Loading from cache: /assets/sounds/explosion.wav
00:01:27.419 [JavaFX Application Thread] DEBUG AssetLoaderService   - Loading from cache: /assets/textures/explosion.png
00:01:28.204 [JavaFX Application Thread] DEBUG AssetLoaderService   - Loading from cache: /assets/textures/projectile.png
00:01:28.440 [JavaFX Application Thread] DEBUG AssetLoaderService   - Loading from cache: /assets/textures/projectile.png
00:01:28.809 [JavaFX Application Thread] DEBUG AssetLoaderService   - Loading from cache: /assets/textures/smallasteroid.png
00:01:28.811 [JavaFX Application Thread] DEBUG AssetLoaderService   - Loading from cache: /assets/textures/smallasteroid.png
00:01:29.221 [JavaFX Application Thread] DEBUG AssetLoaderService   - Loading from cache: /assets/textures/projectile.png
00:01:29.577 [JavaFX Application Thread] DEBUG AssetLoaderService   - Loading from cache: /assets/sounds/explosion.wav
00:01:29.577 [JavaFX Application Thread] DEBUG AssetLoaderService   - Loading from cache: /assets/textures/explosion.png
00:01:29.610 [JavaFX Application Thread] DEBUG AssetLoaderService   - Loading from cache: /assets/sounds/explosion.wav
00:01:29.610 [JavaFX Application Thread] DEBUG AssetLoaderService   - Loading from cache: /assets/textures/explosion.png
00:01:29.738 [JavaFX Application Thread] DEBUG AssetLoaderService   - Loading from cache: /assets/textures/projectile.png
00:01:29.955 [JavaFX Application Thread] DEBUG AssetLoaderService   - Loading from cache: /assets/textures/projectile.png
00:01:30.074 [JavaFX Application Thread] DEBUG AssetLoaderService   - Loading from cache: /assets/sounds/explosion.wav
00:01:30.074 [JavaFX Application Thread] DEBUG AssetLoaderService   - Loading from cache: /assets/textures/explosion.png
00:01:30.166 [JavaFX Application Thread] DEBUG AssetLoaderService   - Loading from cache: /assets/textures/projectile.png
00:01:30.455 [JavaFX Application Thread] DEBUG AssetLoaderService   - Loading from cache: /assets/textures/projectile.png
00:01:30.474 [JavaFX Application Thread] DEBUG AssetLoaderService   - Loading from cache: /assets/sounds/explosion.wav
00:01:30.475 [JavaFX Application Thread] DEBUG AssetLoaderService   - Loading from cache: /assets/textures/explosion.png
00:01:30.774 [JavaFX Application Thread] DEBUG AssetLoaderService   - Loading from cache: /assets/textures/projectile.png
00:01:30.809 [JavaFX Application Thread] DEBUG AssetLoaderService   - Loading from cache: /assets/textures/smallasteroid.png
00:01:30.810 [JavaFX Application Thread] DEBUG AssetLoaderService   - Loading from cache: /assets/textures/smallasteroid.png
00:01:30.873 [JavaFX Application Thread] DEBUG AssetLoaderService   - Loading from cache: /assets/sounds/explosion.wav
00:01:30.874 [JavaFX Application Thread] DEBUG AssetLoaderService   - Loading from cache: /assets/textures/explosion.png
00:01:30.974 [JavaFX Application Thread] DEBUG AssetLoaderService   - Loading from cache: /assets/textures/projectile.png
00:01:31.254 [JavaFX Application Thread] DEBUG AssetLoaderService   - Loading from cache: /assets/textures/projectile.png
00:01:31.274 [JavaFX Application Thread] DEBUG AssetLoaderService   - Loading from cache: /assets/sounds/explosion.wav
00:01:31.274 [JavaFX Application Thread] DEBUG AssetLoaderService   - Loading from cache: /assets/textures/explosion.png
00:01:31.625 [JavaFX Application Thread] DEBUG AssetLoaderService   - Loading from cache: /assets/textures/projectile.png
00:01:31.829 [JavaFX Application Thread] DEBUG AssetLoaderService   - Loading from cache: /assets/textures/projectile.png
00:01:32.054 [JavaFX Application Thread] DEBUG AssetLoaderService   - Loading from cache: /assets/textures/projectile.png
00:01:32.656 [JavaFX Application Thread] DEBUG AssetLoaderService   - Loading from cache: /assets/textures/projectile.png
00:01:32.808 [JavaFX Application Thread] DEBUG AssetLoaderService   - Loading from cache: /assets/textures/smallasteroid.png
00:01:32.809 [JavaFX Application Thread] DEBUG AssetLoaderService   - Loading from cache: /assets/textures/smallasteroid.png
00:01:33.098 [JavaFX Application Thread] DEBUG AssetLoaderService   - Loading from cache: /assets/sounds/explosion.wav
00:01:33.098 [JavaFX Application Thread] DEBUG AssetLoaderService   - Loading from cache: /assets/textures/explosion.png
00:01:33.107 [JavaFX Application Thread] DEBUG AssetLoaderService   - Loading from cache: /assets/textures/projectile.png
00:01:33.290 [JavaFX Application Thread] DEBUG AssetLoaderService   - Loading from cache: /assets/sounds/explosion.wav
00:01:33.290 [JavaFX Application Thread] DEBUG AssetLoaderService   - Loading from cache: /assets/textures/explosion.png
00:01:33.336 [JavaFX Application Thread] DEBUG AssetLoaderService   - Loading from cache: /assets/textures/projectile.png
00:01:33.873 [JavaFX Application Thread] DEBUG AssetLoaderService   - Loading from cache: /assets/textures/projectile.png
00:01:34.088 [JavaFX Application Thread] DEBUG AssetLoaderService   - Loading from cache: /assets/textures/projectile.png
00:01:34.521 [JavaFX Application Thread] DEBUG AssetLoaderService   - Loading from cache: /assets/textures/projectile.png
00:01:34.601 [JavaFX Application Thread] DEBUG AssetLoaderService   - Loading from cache: /assets/sounds/explosion.wav
00:01:34.602 [JavaFX Application Thread] DEBUG AssetLoaderService   - Loading from cache: /assets/textures/explosion.png
00:01:34.808 [JavaFX Application Thread] DEBUG AssetLoaderService   - Loading from cache: /assets/textures/smallasteroid.png
00:01:34.809 [JavaFX Application Thread] DEBUG AssetLoaderService   - Loading from cache: /assets/textures/smallasteroid.png
00:01:34.953 [JavaFX Application Thread] DEBUG AssetLoaderService   - Loading from cache: /assets/textures/projectile.png
00:01:35.353 [JavaFX Application Thread] DEBUG AssetLoaderService   - Loading from cache: /assets/textures/projectile.png
00:01:35.637 [JavaFX Application Thread] DEBUG AssetLoaderService   - Loading from cache: /assets/textures/projectile.png
00:01:36.221 [JavaFX Application Thread] DEBUG AssetLoaderService   - Loading from cache: /assets/textures/projectile.png
00:01:36.564 [JavaFX Application Thread] DEBUG AssetLoaderService   - Loading from cache: /assets/textures/projectile.png
00:01:36.824 [JavaFX Application Thread] DEBUG AssetLoaderService   - Loading from cache: /assets/textures/smallasteroid.png
00:01:36.825 [JavaFX Application Thread] DEBUG AssetLoaderService   - Loading from cache: /assets/textures/smallasteroid.png
00:01:36.872 [JavaFX Application Thread] DEBUG AssetLoaderService   - Loading from cache: /assets/sounds/explosion.wav
00:01:36.873 [JavaFX Application Thread] DEBUG AssetLoaderService   - Loading from cache: /assets/textures/explosion.png
00:01:36.873 [JavaFX Application Thread] DEBUG AssetLoaderService   - Loading from cache: /assets/sounds/explosion.wav
00:01:36.873 [JavaFX Application Thread] DEBUG AssetLoaderService   - Loading from cache: /assets/textures/explosion.png
00:01:36.937 [JavaFX Application Thread] DEBUG AssetLoaderService   - Loading from cache: /assets/sounds/explosion.wav
00:01:36.938 [JavaFX Application Thread] DEBUG AssetLoaderService   - Loading from cache: /assets/textures/explosion.png
00:01:36.940 [JavaFX Application Thread] DEBUG AssetLoaderService   - Loading from cache: /assets/sounds/explosion.wav
00:01:36.940 [JavaFX Application Thread] DEBUG AssetLoaderService   - Loading from cache: /assets/textures/explosion.png
00:01:37.113 [JavaFX Application Thread] DEBUG AssetLoaderService   - Loading from cache: /assets/sounds/explosion.wav
00:01:37.113 [JavaFX Application Thread] DEBUG AssetLoaderService   - Loading from cache: /assets/textures/explosion.png
00:01:37.619 [JavaFX Application Thread] DEBUG AssetLoaderService   - Loading from cache: /assets/textures/projectile.png
00:01:37.832 [JavaFX Application Thread] DEBUG AssetLoaderService   - Loading from cache: /assets/textures/projectile.png
00:01:38.053 [JavaFX Application Thread] DEBUG AssetLoaderService   - Loading from cache: /assets/textures/projectile.png
00:01:38.240 [JavaFX Application Thread] DEBUG AssetLoaderService   - Loading from cache: /assets/textures/projectile.png
00:01:38.264 [JavaFX Application Thread] DEBUG AssetLoaderService   - Loading from cache: /assets/sounds/explosion.wav
00:01:38.265 [JavaFX Application Thread] DEBUG AssetLoaderService   - Loading from cache: /assets/textures/explosion.png
00:01:38.437 [JavaFX Application Thread] DEBUG AssetLoaderService   - Loading from cache: /assets/textures/projectile.png
00:01:38.712 [JavaFX Application Thread] DEBUG AssetLoaderService   - Loading from cache: /assets/textures/projectile.png
00:01:38.841 [JavaFX Application Thread] DEBUG AssetLoaderService   - Loading from cache: /assets/textures/smallasteroid.png
00:01:38.842 [JavaFX Application Thread] DEBUG AssetLoaderService   - Loading from cache: /assets/textures/smallasteroid.png
00:01:38.952 [JavaFX Application Thread] DEBUG AssetLoaderService   - Loading from cache: /assets/textures/projectile.png
00:01:39.129 [JavaFX Application Thread] DEBUG AssetLoaderService   - Loading from cache: /assets/sounds/explosion.wav
00:01:39.130 [JavaFX Application Thread] DEBUG AssetLoaderService   - Loading from cache: /assets/textures/explosion.png
00:01:39.456 [JavaFX Application Thread] DEBUG AssetLoaderService   - Loading from cache: /assets/textures/projectile.png
00:01:39.769 [JavaFX Application Thread] DEBUG AssetLoaderService   - Loading from cache: /assets/textures/projectile.png
00:01:39.969 [JavaFX Application Thread] DEBUG AssetLoaderService   - Loading from cache: /assets/textures/projectile.png
00:01:40.182 [JavaFX Application Thread] DEBUG AssetLoaderService   - Loading from cache: /assets/textures/projectile.png
00:01:40.360 [JavaFX Application Thread] DEBUG AssetLoaderService   - Loading from cache: /assets/sounds/explosion.wav
00:01:40.360 [JavaFX Application Thread] DEBUG AssetLoaderService   - Loading from cache: /assets/textures/explosion.png
00:01:40.361 [JavaFX Application Thread] DEBUG AssetLoaderService   - Loading from cache: /assets/sounds/explosion.wav
00:01:40.361 [JavaFX Application Thread] DEBUG AssetLoaderService   - Loading from cache: /assets/textures/explosion.png
00:01:40.857 [JavaFX Application Thread] DEBUG AssetLoaderService   - Loading from cache: /assets/textures/smallasteroid.png
00:01:40.858 [JavaFX Application Thread] DEBUG AssetLoaderService   - Loading from cache: /assets/textures/smallasteroid.png
00:01:40.889 [JavaFX Application Thread] DEBUG AssetLoaderService   - Loading from cache: /assets/textures/projectile.png
00:01:41.954 [JavaFX Application Thread] DEBUG AssetLoaderService   - Loading from cache: /assets/textures/projectile.png
00:01:42.203 [JavaFX Application Thread] DEBUG AssetLoaderService   - Loading from cache: /assets/sounds/explosion.wav
00:01:42.203 [JavaFX Application Thread] DEBUG AssetLoaderService   - Loading from cache: /assets/textures/explosion.png
00:01:42.385 [JavaFX Application Thread] DEBUG AssetLoaderService   - Loading from cache: /assets/textures/projectile.png
00:01:42.648 [JavaFX Application Thread] DEBUG AssetLoaderService   - Loading from cache: /assets/textures/projectile.png
00:01:42.825 [JavaFX Application Thread] DEBUG AssetLoaderService   - Loading from cache: /assets/sounds/explosion.wav
00:01:42.826 [JavaFX Application Thread] DEBUG AssetLoaderService   - Loading from cache: /assets/textures/explosion.png
00:01:42.873 [JavaFX Application Thread] DEBUG AssetLoaderService   - Loading from cache: /assets/textures/smallasteroid.png
00:01:42.874 [JavaFX Application Thread] DEBUG AssetLoaderService   - Loading from cache: /assets/textures/smallasteroid.png
00:01:43.686 [JavaFX Application Thread] DEBUG AssetLoaderService   - Loading from cache: /assets/textures/projectile.png
00:01:43.737 [JavaFX Application Thread] DEBUG AssetLoaderService   - Loading from cache: /assets/sounds/explosion.wav
00:01:43.738 [JavaFX Application Thread] DEBUG AssetLoaderService   - Loading from cache: /assets/textures/explosion.png
00:01:44.889 [JavaFX Application Thread] DEBUG AssetLoaderService   - Loading from cache: /assets/textures/smallasteroid.png
00:01:44.890 [JavaFX Application Thread] DEBUG AssetLoaderService   - Loading from cache: /assets/textures/smallasteroid.png
00:01:45.119 [JavaFX Application Thread] DEBUG AssetLoaderService   - Loading from cache: /assets/textures/projectile.png
00:01:45.432 [JavaFX Application Thread] DEBUG AssetLoaderService   - Loading from cache: /assets/sounds/explosion.wav
00:01:45.433 [JavaFX Application Thread] DEBUG AssetLoaderService   - Loading from cache: /assets/textures/explosion.png
00:01:46.321 [JavaFX Application Thread] DEBUG AssetLoaderService   - Loading from cache: /assets/textures/projectile.png
00:01:46.904 [JavaFX Application Thread] DEBUG AssetLoaderService   - Loading from cache: /assets/textures/smallasteroid.png
00:01:46.905 [JavaFX Application Thread] DEBUG AssetLoaderService   - Loading from cache: /assets/textures/smallasteroid.png
00:01:47.456 [JavaFX Application Thread] DEBUG AssetLoaderService   - Loading from cache: /assets/textures/projectile.png
00:01:47.769 [JavaFX Application Thread] DEBUG AssetLoaderService   - Loading from cache: /assets/textures/projectile.png
00:01:47.976 [JavaFX Application Thread] DEBUG AssetLoaderService   - Loading from cache: /assets/sounds/explosion.wav
00:01:47.977 [JavaFX Application Thread] DEBUG AssetLoaderService   - Loading from cache: /assets/textures/explosion.png
00:01:47.984 [JavaFX Application Thread] DEBUG AssetLoaderService   - Loading from cache: /assets/textures/projectile.png
00:01:48.318 [JavaFX Application Thread] DEBUG AssetLoaderService   - Loading from cache: /assets/textures/projectile.png
00:01:48.426 [JavaFX Application Thread] DEBUG AssetLoaderService   - Loading from cache: /assets/sounds/explosion.wav
00:01:48.426 [JavaFX Application Thread] DEBUG AssetLoaderService   - Loading from cache: /assets/textures/explosion.png
00:01:48.568 [JavaFX Application Thread] DEBUG AssetLoaderService   - Loading from cache: /assets/textures/projectile.png
00:01:48.788 [JavaFX Application Thread] DEBUG AssetLoaderService   - Loading from cache: /assets/textures/projectile.png
00:01:48.920 [JavaFX Application Thread] DEBUG AssetLoaderService   - Loading from cache: /assets/textures/smallasteroid.png
00:01:48.921 [JavaFX Application Thread] DEBUG AssetLoaderService   - Loading from cache: /assets/textures/smallasteroid.png
00:01:49.004 [JavaFX Application Thread] DEBUG AssetLoaderService   - Loading from cache: /assets/textures/projectile.png
00:01:49.080 [JavaFX Application Thread] DEBUG AssetLoaderService   - Loading from cache: /assets/sounds/explosion.wav
00:01:49.080 [JavaFX Application Thread] DEBUG AssetLoaderService   - Loading from cache: /assets/textures/explosion.png
00:01:49.081 [JavaFX Application Thread] DEBUG AssetLoaderService   - Loading from cache: /assets/sounds/explosion.wav
00:01:49.081 [JavaFX Application Thread] DEBUG AssetLoaderService   - Loading from cache: /assets/textures/explosion.png
00:01:49.217 [JavaFX Application Thread] DEBUG AssetLoaderService   - Loading from cache: /assets/textures/projectile.png
00:01:49.305 [JavaFX Application Thread] DEBUG AssetLoaderService   - Loading from cache: /assets/sounds/explosion.wav
00:01:49.305 [JavaFX Application Thread] DEBUG AssetLoaderService   - Loading from cache: /assets/textures/explosion.png
00:01:49.540 [JavaFX Application Thread] DEBUG AssetLoaderService   - Loading from cache: /assets/textures/projectile.png
00:01:49.577 [JavaFX Application Thread] DEBUG AssetLoaderService   - Loading from cache: /assets/sounds/explosion.wav
00:01:49.577 [JavaFX Application Thread] DEBUG AssetLoaderService   - Loading from cache: /assets/textures/explosion.png
00:01:49.702 [JavaFX Application Thread] DEBUG AssetLoaderService   - Loading from cache: /assets/textures/projectile.png
00:01:49.904 [JavaFX Application Thread] DEBUG AssetLoaderService   - Loading from cache: /assets/textures/projectile.png
00:01:50.275 [JavaFX Application Thread] DEBUG AssetLoaderService   - Loading from cache: /assets/textures/projectile.png
00:01:50.936 [JavaFX Application Thread] DEBUG AssetLoaderService   - Loading from cache: /assets/textures/smallasteroid.png
00:01:50.937 [JavaFX Application Thread] DEBUG AssetLoaderService   - Loading from cache: /assets/textures/smallasteroid.png
00:01:52.134 [JavaFX Application Thread] DEBUG AssetLoaderService   - Loading from cache: /assets/textures/projectile.png
00:01:52.249 [JavaFX Application Thread] DEBUG AssetLoaderService   - Loading from cache: /assets/sounds/explosion.wav
00:01:52.250 [JavaFX Application Thread] DEBUG AssetLoaderService   - Loading from cache: /assets/textures/explosion.png
00:01:52.337 [JavaFX Application Thread] DEBUG AssetLoaderService   - Loading from cache: /assets/textures/projectile.png
00:01:52.953 [JavaFX Application Thread] DEBUG AssetLoaderService   - Loading from cache: /assets/textures/smallasteroid.png
00:01:52.954 [JavaFX Application Thread] DEBUG AssetLoaderService   - Loading from cache: /assets/textures/smallasteroid.png
00:01:53.112 [JavaFX Application Thread] DEBUG AssetLoaderService   - Loading from cache: /assets/sounds/explosion.wav
00:01:53.113 [JavaFX Application Thread] DEBUG AssetLoaderService   - Loading from cache: /assets/textures/explosion.png
00:01:54.969 [JavaFX Application Thread] DEBUG AssetLoaderService   - Loading from cache: /assets/textures/smallasteroid.png
00:01:54.970 [JavaFX Application Thread] DEBUG AssetLoaderService   - Loading from cache: /assets/textures/smallasteroid.png
00:01:55.108 [JavaFX Application Thread] DEBUG GameApplication      - Exiting FXGL
00:01:55.108 [JavaFX Application Thread] DEBUG LoopRunner           - Stopping loop
00:01:55.109 [JavaFX Application Thread] DEBUG SystemBundleService  - Saving FXGL system data
00:01:55.111 [JavaFX Application Thread] DEBUG FileSystemAccess     - Writing to: C:\Users\xxdee\IdeaProjects\350FXGLjavagame\system\fxgl.bundle
00:01:55.113 [JavaFX Application Thread] DEBUG GameApplication      - Shutting down background threads
00:01:55.113 [JavaFX Application Thread] DEBUG GameApplication      - Closing logger and exiting JavaFX
