01:54:36.919 [main                     ] DEBUG GameApplication      - Logger initialized
01:54:36.943 [main                     ] DEBUG GameApplication      - Logging settings
Title: Space Game
Version: 0.1
Width: 2000
Height: 1000
Fullscreen: false
Intro: false
Menus: false
Profiling: false
Single step:false
App Mode: DEVELOPER
Menu Key: ESCAPE
Stage Style: DECORATED
Scene Factory: class com.almasb.fxgl.app.scene.SceneFactory

01:54:37.455 [JavaFX Application Thread] DEBUG GameApplication      - Initializing FXGL
01:54:37.467 [JavaFX Application Thread] INFO  Engine               - FXGL-11.8 (08.03.2020 09.09) on WINDOWS (J:11.0.12 FX:13.0.2)
01:54:37.468 [JavaFX Application Thread] INFO  Engine               - Source code and latest versions at: https://github.com/AlmasB/FXGL
01:54:37.468 [JavaFX Application Thread] INFO  Engine               -              Join the FXGL chat at: https://gitter.im/AlmasB/FXGL
01:54:37.652 [JavaFX Application Thread] DEBUG MainWindow           - Creating a JavaFX scene
01:54:37.652 [JavaFX Application Thread] DEBUG MainWindow           - Target size > screen size
01:54:37.759 [JavaFX Application Thread] DEBUG MainWindow           - Target settings size: 2000.0 x 1000.0
01:54:37.759 [JavaFX Application Thread] DEBUG MainWindow           - Scaled scene size:    1511.0 x 768.0
01:54:37.760 [JavaFX Application Thread] DEBUG MainWindow           - Scaled ratio: (0.7555, 0.768)
01:54:37.762 [JavaFX Application Thread] DEBUG MainWindow           - Set initial scene to FXGLStartupScene
01:54:37.771 [JavaFX Application Thread] DEBUG MainWindow           - Opening main window
01:54:37.876 [JavaFX Application Thread] DEBUG MainWindow           - Window border size: (14.5999755859375, 37.5999755859375)
01:54:37.876 [JavaFX Application Thread] DEBUG MainWindow           - Scaled size: 1511.0 x 768.0
01:54:37.876 [JavaFX Application Thread] DEBUG MainWindow           - Scaled ratio: (0.7555, 0.768)
01:54:37.876 [JavaFX Application Thread] DEBUG MainWindow           - Scene size: 1511.0 x 768.0
01:54:37.877 [JavaFX Application Thread] DEBUG MainWindow           - Stage size: 1525.5999755859375 x 805.5999755859375
01:54:37.888 [FXGL Background Thread 1 ] DEBUG Engine               - Initializing environment variables
01:54:37.927 [FXGL Background Thread 1 ] DEBUG WindowService        - Applying CSS: fxgl_dark.css
01:54:37.928 [FXGL Background Thread 1 ] DEBUG AssetLoaderService   - Loading from file system: /assets/ui/css/fxgl_dark.css
01:54:38.014 [FXGL Background Thread 1 ] DEBUG WindowService        - Initializing application scenes
01:54:38.065 [FXGL Background Thread 1 ] DEBUG GameWorld            - Game world initialized
01:54:38.121 [FXGL Background Thread 1 ] DEBUG PhysicsWorld         - Physics world initialized: appHeight=1000, physics.ppm=50.0
01:54:38.123 [FXGL Background Thread 1 ] DEBUG GameScene            - Game scene initialized: 2000x1000
01:54:38.135 [FXGL Background Thread 1 ] DEBUG Input                - Registered new binding: Resume - Esc
01:54:38.142 [FXGL Background Thread 1 ] DEBUG AssetLoaderService   - Loading from file system: /assets/textures/pause_menu_bg.png
01:54:38.220 [FXGL Background Thread 1 ] DEBUG Input                - Registered new binding: Pause - Esc
01:54:38.220 [FXGL Background Thread 1 ] DEBUG WindowService        - Application scenes initialized
01:54:38.234 [FXGL Background Thread 1 ] DEBUG SystemBundleService  - Loading FXGL system data
01:54:38.238 [FXGL Background Thread 1 ] DEBUG FileSystemAccess     - Reading from: C:\Users\dakot\IdeaProjects\350FXGLjavagame\system\fxgl.bundle
01:54:38.243 [FXGL Background Thread 1 ] DEBUG SystemBundleService  - Bundle FXGL: {}
01:54:38.243 [FXGL Background Thread 1 ] INFO  Engine               - FXGL initialization took: 0.353 sec
01:54:38.245 [FXGL Background Thread 1 ] DEBUG GameApplication      - Loading localizations
01:54:38.246 [FXGL Background Thread 1 ] DEBUG AssetLoaderService   - Loading from file system: /assets/properties/languages/english.properties
01:54:38.247 [FXGL Background Thread 1 ] DEBUG AssetLoaderService   - Loading from file system: /assets/properties/languages/french.properties
01:54:38.249 [FXGL Background Thread 1 ] DEBUG AssetLoaderService   - Loading from file system: /assets/properties/languages/german.properties
01:54:38.250 [FXGL Background Thread 1 ] DEBUG AssetLoaderService   - Loading from file system: /assets/properties/languages/hungarian.properties
01:54:38.252 [FXGL Background Thread 1 ] DEBUG AssetLoaderService   - Loading from file system: /assets/properties/languages/russian.properties
01:54:38.253 [FXGL Background Thread 1 ] DEBUG GameApplication      - Registering font factories with UI factory
01:54:38.253 [FXGL Background Thread 1 ] DEBUG AssetLoaderService   - Loading from file system: /assets/ui/fonts/VarelaRound-Regular.ttf
01:54:38.377 [FXGL Background Thread 1 ] DEBUG AssetLoaderService   - Loading from file system: /assets/ui/fonts/Abel-Regular.ttf
01:54:38.380 [FXGL Background Thread 1 ] DEBUG AssetLoaderService   - Loading from file system: /assets/ui/fonts/lucida_console.ttf
01:54:38.385 [FXGL Background Thread 1 ] DEBUG AssetLoaderService   - Loading from file system: /assets/ui/fonts/Courier-Prime.ttf
01:54:38.390 [JavaFX Application Thread] DEBUG Input                - Registered new binding: action0 - D
01:54:38.390 [JavaFX Application Thread] DEBUG Input                - Registered new binding: action1 - A
01:54:38.391 [JavaFX Application Thread] DEBUG Input                - Registered new binding: action2 - W
01:54:38.391 [JavaFX Application Thread] DEBUG Input                - Registered new binding: action3 - Space
01:54:38.392 [JavaFX Application Thread] DEBUG AssetLoaderService   - Loading from file system: /assets/textures/fxgl_icon.png
01:54:38.417 [JavaFX Application Thread] DEBUG AssetLoaderService   - Loading from file system: /assets/ui/cursors/fxgl_default.png
01:54:38.420 [JavaFX Application Thread] DEBUG Input                - Registered new binding: Screenshot - P
01:54:38.420 [JavaFX Application Thread] DEBUG Input                - Registered new binding: System info dump - CTRL+9
01:54:38.421 [JavaFX Application Thread] DEBUG Input                - Registered new binding: Restart - CTRL+R
01:54:38.422 [JavaFX Application Thread] DEBUG LoopRunner           - Starting loop
01:54:38.446 [JavaFX Application Thread] DEBUG FXGLStartupScene     - STARTUP
01:54:38.446 [JavaFX Application Thread] DEBUG WindowService        - Starting new game
01:54:38.449 [JavaFX Application Thread] DEBUG Input                - Clearing active input actions
01:54:38.462 [JavaFX Application Thread] DEBUG WindowService        - Removing overlay from FXGLStartupScene and adding to FXGLLoadingScene
01:54:38.462 [JavaFX Application Thread] DEBUG MainWindow           - FXGLStartupScene -> FXGLLoadingScene
01:54:38.462 [JavaFX Application Thread] DEBUG WindowService        - Clearing previous game
01:54:38.463 [JavaFX Application Thread] DEBUG GameScene            - Clearing game scene
01:54:38.463 [JavaFX Application Thread] DEBUG GameWorld            - Clearing game world
01:54:38.463 [JavaFX Application Thread] DEBUG PhysicsWorld         - Clearing physics world
01:54:38.464 [FXGL Background Thread 1 ] DEBUG GameApplication      - Initializing game
01:54:38.476 [FXGL Background Thread 1 ] DEBUG AssetLoaderService   - Loading from file system: /assets/textures/spacebackground.png
01:54:38.558 [FXGL Background Thread 1 ] DEBUG AssetLoaderService   - Loading from file system: /assets/textures/spaceship.png
01:54:38.569 [FXGL Background Thread 1 ] INFO  GameApplication      - Game initialization took: 0.104 sec
01:54:38.591 [JavaFX Application Thread] DEBUG Input                - Clearing active input actions
01:54:38.607 [JavaFX Application Thread] DEBUG WindowService        - Removing overlay from FXGLLoadingScene and adding to GameScene
01:54:38.607 [JavaFX Application Thread] DEBUG MainWindow           - FXGLLoadingScene -> GameScene
01:54:39.713 [JavaFX Application Thread] DEBUG AssetLoaderService   - Loading from file system: /assets/textures/projectile.png
01:54:41.244 [FXGL Background Thread 2 ] DEBUG Engine               - Logging environment variables
01:54:41.244 [FXGL Background Thread 2 ] DEBUG Engine               - achievements: []
01:54:41.245 [FXGL Background Thread 2 ] DEBUG Engine               - language: ObjectProperty [value: ENGLISH]
01:54:41.245 [FXGL Background Thread 2 ] DEBUG Engine               - isCloseConfirmation: false
01:54:41.245 [FXGL Background Thread 2 ] DEBUG Engine               - isProfilingEnabled: false
01:54:41.246 [FXGL Background Thread 2 ] DEBUG Engine               - soundNotification: core/notification.wav
01:54:41.246 [FXGL Background Thread 2 ] DEBUG Engine               - devShowBBoxProperty: BooleanProperty [value: false]
01:54:41.247 [FXGL Background Thread 2 ] DEBUG Engine               - pixelsPerMeter: 50.0
01:54:41.247 [FXGL Background Thread 2 ] DEBUG Engine               - appIcon: fxgl_icon.png
01:54:41.247 [FXGL Background Thread 2 ] DEBUG Engine               - soundMenuBack: menu/back.wav
01:54:41.248 [FXGL Background Thread 2 ] DEBUG Engine               - isFullScreenAllowed: false
01:54:41.248 [FXGL Background Thread 2 ] DEBUG Engine               - isIntroEnabled: false
01:54:41.248 [FXGL Background Thread 2 ] DEBUG Engine               - fontMono: lucida_console.ttf
01:54:41.248 [FXGL Background Thread 2 ] DEBUG Engine               - soundMenuSelect: menu/select.wav
01:54:41.249 [FXGL Background Thread 2 ] DEBUG Engine               - isWindows: true
01:54:41.249 [FXGL Background Thread 2 ] DEBUG Engine               - isMobile: false
01:54:41.249 [FXGL Background Thread 2 ] DEBUG Engine               - isUserProfileEnabled: false
01:54:41.250 [FXGL Background Thread 2 ] DEBUG Engine               - height: 1000
01:54:41.250 [FXGL Background Thread 2 ] DEBUG Engine               - isExperimentalNative: false
01:54:41.250 [FXGL Background Thread 2 ] DEBUG Engine               - settings: Title: Space Game
Version: 0.1
Width: 2000
Height: 1000
Fullscreen: false
Intro: false
Menus: false
Profiling: false
Single step:false
App Mode: DEVELOPER
Menu Key: ESCAPE
Stage Style: DECORATED
Scene Factory: class com.almasb.fxgl.app.scene.SceneFactory

01:54:41.251 [FXGL Background Thread 2 ] DEBUG Engine               - isSingleStep: false
01:54:41.251 [FXGL Background Thread 2 ] DEBUG Engine               - cSSList: [fxgl_dark.css]
01:54:41.251 [FXGL Background Thread 2 ] DEBUG Engine               - fontGame: Abel-Regular.ttf
01:54:41.251 [FXGL Background Thread 2 ] DEBUG Engine               - menuKey: ESCAPE
01:54:41.252 [FXGL Background Thread 2 ] DEBUG Engine               - devShowPositionProperty: BooleanProperty [value: false]
01:54:41.252 [FXGL Background Thread 2 ] DEBUG Engine               - versionCheckDays: 7
01:54:41.252 [FXGL Background Thread 2 ] DEBUG Engine               - configClass: Optional.empty
01:54:41.252 [FXGL Background Thread 2 ] DEBUG Engine               - isFullScreenFromStart: false
01:54:41.253 [FXGL Background Thread 2 ] DEBUG Engine               - version: 0.1
01:54:41.253 [FXGL Background Thread 2 ] DEBUG Engine               - fullScreen: BooleanProperty [value: false]
01:54:41.253 [FXGL Background Thread 2 ] DEBUG Engine               - randomSeed: -1
01:54:41.254 [FXGL Background Thread 2 ] DEBUG Engine               - gameDifficultyProperty: ObjectProperty [value: MEDIUM]
01:54:41.254 [FXGL Background Thread 2 ] DEBUG Engine               - applicationMode: DEVELOPER
01:54:41.254 [FXGL Background Thread 2 ] DEBUG Engine               - isMac: false
01:54:41.255 [FXGL Background Thread 2 ] DEBUG Engine               - isMenuEnabled: false
01:54:41.255 [FXGL Background Thread 2 ] DEBUG Engine               - profileName: StringProperty [value: DEFAULT]
01:54:41.255 [FXGL Background Thread 2 ] DEBUG Engine               - urlPOM: https://raw.githubusercontent.com/AlmasB/FXGL/master/pom.xml
01:54:41.256 [FXGL Background Thread 2 ] DEBUG Engine               - notificationViewClass: class com.almasb.fxgl.notification.view.XboxNotificationView
01:54:41.256 [FXGL Background Thread 2 ] DEBUG Engine               - devSensorColorProperty: ObjectProperty [value: 0xffff00ff]
01:54:41.256 [FXGL Background Thread 2 ] DEBUG Engine               - sceneFactory: com.almasb.fxgl.app.scene.SceneFactory@2dca2511
01:54:41.257 [FXGL Background Thread 2 ] DEBUG Engine               - stageStyle: DECORATED
01:54:41.257 [FXGL Background Thread 2 ] DEBUG Engine               - isManualResizeEnabled: false
01:54:41.257 [FXGL Background Thread 2 ] DEBUG Engine               - title: Space Game
01:54:41.258 [FXGL Background Thread 2 ] DEBUG Engine               - platform: WINDOWS
01:54:41.258 [FXGL Background Thread 2 ] DEBUG Engine               - devBBoxColorProperty: ObjectProperty [value: 0xff0000ff]
01:54:41.258 [FXGL Background Thread 2 ] DEBUG Engine               - gameDifficulty: MEDIUM
01:54:41.258 [FXGL Background Thread 2 ] DEBUG Engine               - isDesktop: true
01:54:41.259 [FXGL Background Thread 2 ] DEBUG Engine               - supportedLanguages: [ENGLISH, FRENCH, GERMAN, HUNGARIAN, RUSSIAN]
01:54:41.259 [FXGL Background Thread 2 ] DEBUG Engine               - credits: []
01:54:41.259 [FXGL Background Thread 2 ] DEBUG Engine               - globalMusicVolumeProperty: DoubleProperty [value: 0.5]
01:54:41.260 [FXGL Background Thread 2 ] DEBUG Engine               - isPreserveResizeRatio: false
01:54:41.260 [FXGL Background Thread 2 ] DEBUG Engine               - fontText: Courier-Prime.ttf
01:54:41.260 [FXGL Background Thread 2 ] DEBUG Engine               - isExperimentalTiledLargeMap: false
01:54:41.260 [FXGL Background Thread 2 ] DEBUG Engine               - secondsIn24h: 60
01:54:41.261 [FXGL Background Thread 2 ] DEBUG Engine               - runtimeInfo: RuntimeInfo(platform=WINDOWS, version=11.8, build=08.03.2020 09.09)
01:54:41.261 [FXGL Background Thread 2 ] DEBUG Engine               - isLinux: false
01:54:41.261 [FXGL Background Thread 2 ] DEBUG Engine               - soundMenuPress: menu/press.wav
01:54:41.262 [FXGL Background Thread 2 ] DEBUG Engine               - urlGithub: https://github.com/AlmasB/FXGL
01:54:41.262 [FXGL Background Thread 2 ] DEBUG Engine               - profileDir: profiles/
01:54:41.262 [FXGL Background Thread 2 ] DEBUG Engine               - isDeveloperMenuEnabled: false
01:54:41.262 [FXGL Background Thread 2 ] DEBUG Engine               - globalSoundVolumeProperty: DoubleProperty [value: 0.5]
01:54:41.263 [FXGL Background Thread 2 ] DEBUG Engine               - mainWindow: com.almasb.fxgl.app.MainWindow@29f5a470
01:54:41.263 [FXGL Background Thread 2 ] DEBUG Engine               - isBrowser: false
01:54:41.263 [FXGL Background Thread 2 ] DEBUG Engine               - urlLeaderboard: http://fxgl-top.herokuapp.com/
01:54:41.263 [FXGL Background Thread 2 ] DEBUG Engine               - globalSoundVolume: 0.5
01:54:41.264 [FXGL Background Thread 2 ] DEBUG Engine               - engineServices: [class com.almasb.fxgl.app.GameApplication$GameApplicationService, class com.almasb.fxgl.app.services.WindowService, class com.almasb.fxgl.app.services.FXGLDialogService, class com.almasb.fxgl.app.services.IOTaskExecutorService, class com.almasb.fxgl.event.EventBusService, class com.almasb.fxgl.io.FileSystemService, class com.almasb.fxgl.localization.LocalizationService, class com.almasb.fxgl.app.services.AssetLoaderService, class com.almasb.fxgl.app.services.SystemBundleService, class com.almasb.fxgl.profile.SaveLoadService, class com.almasb.fxgl.ui.FXGLUIFactoryServiceProvider, class com.almasb.fxgl.ui.FXGLDialogFactoryServiceProvider, class com.almasb.fxgl.audio.AudioPlayer, class com.almasb.fxgl.notification.impl.NotificationServiceProvider, class com.almasb.fxgl.achievement.AchievementService, class com.almasb.fxgl.cutscene.CutsceneService, class com.almasb.fxgl.minigames.MiniGameService, class com.almasb.fxgl.net.NetService, class com.almasb.fxgl.app.services.UpdaterService]
01:54:41.264 [FXGL Background Thread 2 ] DEBUG Engine               - globalMusicVolume: 0.5
01:54:41.264 [FXGL Background Thread 2 ] DEBUG Engine               - width: 2000
01:54:41.265 [FXGL Background Thread 2 ] DEBUG Engine               - saveFileExt: sav
01:54:41.265 [FXGL Background Thread 2 ] DEBUG Engine               - isAndroid: false
01:54:41.265 [FXGL Background Thread 2 ] DEBUG Engine               - fontUI: VarelaRound-Regular.ttf
01:54:41.265 [FXGL Background Thread 2 ] DEBUG Engine               - isIOS: false
01:54:41.266 [FXGL Background Thread 2 ] DEBUG Engine               - enabledMenuItems: []
01:54:41.266 [FXGL Background Thread 2 ] DEBUG Engine               - Logging services
01:54:41.267 [FXGL Background Thread 2 ] DEBUG Engine               - class com.almasb.fxgl.app.GameApplication$GameApplicationService
01:54:41.267 [FXGL Background Thread 2 ] DEBUG Engine               - class com.almasb.fxgl.app.services.WindowService
01:54:41.267 [FXGL Background Thread 2 ] DEBUG Engine               - class com.almasb.fxgl.app.services.FXGLDialogService
01:54:41.267 [FXGL Background Thread 2 ] DEBUG Engine               - class com.almasb.fxgl.app.services.IOTaskExecutorService
01:54:41.267 [FXGL Background Thread 2 ] DEBUG Engine               - class com.almasb.fxgl.event.EventBusService
01:54:41.268 [FXGL Background Thread 2 ] DEBUG Engine               - class com.almasb.fxgl.io.FileSystemService
01:54:41.268 [FXGL Background Thread 2 ] DEBUG Engine               - class com.almasb.fxgl.localization.LocalizationService
01:54:41.268 [FXGL Background Thread 2 ] DEBUG Engine               - class com.almasb.fxgl.app.services.AssetLoaderService
01:54:41.268 [FXGL Background Thread 2 ] DEBUG Engine               - class com.almasb.fxgl.app.services.SystemBundleService
01:54:41.269 [FXGL Background Thread 2 ] DEBUG Engine               - class com.almasb.fxgl.profile.SaveLoadService
01:54:41.269 [FXGL Background Thread 2 ] DEBUG Engine               - class com.almasb.fxgl.ui.FXGLUIFactoryServiceProvider
01:54:41.269 [FXGL Background Thread 2 ] DEBUG Engine               - class com.almasb.fxgl.ui.FXGLDialogFactoryServiceProvider
01:54:41.269 [FXGL Background Thread 2 ] DEBUG Engine               - class com.almasb.fxgl.audio.AudioPlayer
01:54:41.270 [FXGL Background Thread 2 ] DEBUG Engine               - class com.almasb.fxgl.notification.impl.NotificationServiceProvider
01:54:41.270 [FXGL Background Thread 2 ] DEBUG Engine               - class com.almasb.fxgl.achievement.AchievementService
01:54:41.270 [FXGL Background Thread 2 ] DEBUG Engine               - class com.almasb.fxgl.cutscene.CutsceneService
01:54:41.270 [FXGL Background Thread 2 ] DEBUG Engine               - class com.almasb.fxgl.minigames.MiniGameService
01:54:41.270 [FXGL Background Thread 2 ] DEBUG Engine               - class com.almasb.fxgl.net.NetService
01:54:41.271 [FXGL Background Thread 2 ] DEBUG Engine               - class com.almasb.fxgl.app.services.UpdaterService
01:54:41.305 [JavaFX Application Thread] DEBUG AssetLoaderService   - Loading from cache: /assets/textures/projectile.png
01:54:42.720 [JavaFX Application Thread] DEBUG AssetLoaderService   - Loading from cache: /assets/textures/projectile.png
01:54:43.536 [JavaFX Application Thread] DEBUG AssetLoaderService   - Loading from cache: /assets/textures/projectile.png
01:54:43.576 [JavaFX Application Thread] DEBUG AssetLoaderService   - Loading from file system: /assets/textures/asteroid.png
01:54:43.596 [JavaFX Application Thread] DEBUG AssetLoaderService   - Loading from cache: /assets/textures/asteroid.png
01:54:45.917 [JavaFX Application Thread] DEBUG AssetLoaderService   - Loading from cache: /assets/textures/projectile.png
01:54:47.184 [JavaFX Application Thread] DEBUG AssetLoaderService   - Loading from cache: /assets/textures/projectile.png
01:54:48.252 [JavaFX Application Thread] DEBUG AssetLoaderService   - Loading from cache: /assets/textures/projectile.png
01:54:48.569 [JavaFX Application Thread] DEBUG AssetLoaderService   - Loading from cache: /assets/textures/asteroid.png
01:54:48.573 [JavaFX Application Thread] DEBUG AssetLoaderService   - Loading from cache: /assets/textures/asteroid.png
01:54:49.222 [JavaFX Application Thread] DEBUG AssetLoaderService   - Loading from cache: /assets/textures/projectile.png
01:54:50.569 [JavaFX Application Thread] DEBUG AssetLoaderService   - Loading from cache: /assets/textures/projectile.png
01:54:52.326 [JavaFX Application Thread] DEBUG AssetLoaderService   - Loading from cache: /assets/textures/projectile.png
01:54:53.144 [JavaFX Application Thread] DEBUG AssetLoaderService   - Loading from cache: /assets/textures/projectile.png
01:54:53.576 [JavaFX Application Thread] DEBUG AssetLoaderService   - Loading from cache: /assets/textures/asteroid.png
01:54:53.580 [JavaFX Application Thread] DEBUG AssetLoaderService   - Loading from cache: /assets/textures/asteroid.png
01:54:56.740 [JavaFX Application Thread] DEBUG GameApplication      - Exiting FXGL
01:54:56.741 [JavaFX Application Thread] DEBUG LoopRunner           - Stopping loop
01:54:56.741 [JavaFX Application Thread] DEBUG SystemBundleService  - Saving FXGL system data
01:54:56.747 [JavaFX Application Thread] DEBUG FileSystemAccess     - Writing to: C:\Users\dakot\IdeaProjects\350FXGLjavagame\system\fxgl.bundle
01:54:56.752 [JavaFX Application Thread] DEBUG GameApplication      - Shutting down background threads
01:54:56.752 [JavaFX Application Thread] DEBUG GameApplication      - Closing logger and exiting JavaFX
