20:35:50.735 [main                     ] DEBUG GameApplication      - Logger initialized
20:35:50.746 [main                     ] DEBUG GameApplication      - Logging settings
Title: SpaceBlaster 3000
Version: 1.0
Width: 1920
Height: 1080
Fullscreen: false
Intro: false
Menus: true
Profiling: false
Single step:false
App Mode: DEVELOPER
Menu Key: ESCAPE
Stage Style: DECORATED
Scene Factory: class com.almasb.fxgl.app.scene.SceneFactory

20:35:51.046 [JavaFX Application Thread] DEBUG GameApplication      - Initializing FXGL
20:35:51.052 [JavaFX Application Thread] INFO  Engine               - FXGL-11.8 (08.03.2020 09.09) on WINDOWS (J:11.0.8 FX:13.0.2)
20:35:51.052 [JavaFX Application Thread] INFO  Engine               - Source code and latest versions at: https://github.com/AlmasB/FXGL
20:35:51.052 [JavaFX Application Thread] INFO  Engine               -              Join the FXGL chat at: https://gitter.im/AlmasB/FXGL
20:35:51.134 [JavaFX Application Thread] DEBUG MainWindow           - Creating a JavaFX scene
20:35:51.135 [JavaFX Application Thread] DEBUG MainWindow           - Target size > screen size
20:35:51.181 [JavaFX Application Thread] DEBUG MainWindow           - Target settings size: 1920.0 x 1080.0
20:35:51.182 [JavaFX Application Thread] DEBUG MainWindow           - Scaled scene size:    1823.0 x 1039.0
20:35:51.182 [JavaFX Application Thread] DEBUG MainWindow           - Scaled ratio: (0.9494791666666667, 0.962037037037037)
20:35:51.183 [JavaFX Application Thread] DEBUG MainWindow           - Set initial scene to FXGLStartupScene
20:35:51.187 [JavaFX Application Thread] DEBUG MainWindow           - Opening main window
20:35:51.255 [JavaFX Application Thread] DEBUG MainWindow           - Window border size: (16.0, 39.0)
20:35:51.255 [JavaFX Application Thread] DEBUG MainWindow           - Scaled size: 1823.0 x 1039.0
20:35:51.255 [JavaFX Application Thread] DEBUG MainWindow           - Scaled ratio: (0.9494791666666667, 0.962037037037037)
20:35:51.255 [JavaFX Application Thread] DEBUG MainWindow           - Scene size: 1823.0 x 1039.0
20:35:51.255 [JavaFX Application Thread] DEBUG MainWindow           - Stage size: 1839.0 x 1078.0
20:35:51.261 [FXGL Background Thread 1 ] DEBUG Engine               - Initializing environment variables
20:35:51.280 [FXGL Background Thread 1 ] DEBUG WindowService        - Applying CSS: fxgl_dark.css
20:35:51.281 [FXGL Background Thread 1 ] DEBUG AssetLoaderService   - Loading from file system: /assets/ui/css/fxgl_dark.css
20:35:51.311 [FXGL Background Thread 1 ] DEBUG WindowService        - Initializing application scenes
20:35:51.341 [FXGL Background Thread 1 ] DEBUG GameWorld            - Game world initialized
20:35:51.367 [FXGL Background Thread 1 ] DEBUG PhysicsWorld         - Physics world initialized: appHeight=1080, physics.ppm=50.0
20:35:51.369 [FXGL Background Thread 1 ] DEBUG GameScene            - Game scene initialized: 1920x1080
20:35:51.390 [FXGL Background Thread 1 ] DEBUG AssetLoaderService   - Loading from file system: /assets/textures/particles/trace_horizontal.png
20:35:51.427 [FXGL Background Thread 1 ] DEBUG FXGL.DefaultMenu     - createMenuBodyMainMenu()
20:35:51.438 [FXGL Background Thread 1 ] DEBUG FXGL.DefaultMenu     - createOptionsMenu()
20:35:51.441 [FXGL Background Thread 1 ] DEBUG FXGL.DefaultMenu     - createExtraMenu()
20:35:51.442 [FXGL Background Thread 1 ] DEBUG AssetLoaderService   - Loading from file system: /assets/textures/particles/smoke.png
20:35:51.475 [FXGL Background Thread 1 ] DEBUG AssetLoaderService   - Loading from cache: /assets/textures/particles/trace_horizontal.png@64.0x64.0
20:35:51.475 [FXGL Background Thread 1 ] DEBUG FXGL.DefaultMenu     - createMenuBodyGameMenu()
20:35:51.476 [FXGL Background Thread 1 ] DEBUG FXGL.DefaultMenu     - createOptionsMenu()
20:35:51.477 [FXGL Background Thread 1 ] DEBUG FXGL.DefaultMenu     - createExtraMenu()
20:35:51.479 [FXGL Background Thread 1 ] DEBUG AssetLoaderService   - Loading from cache: /assets/textures/particles/smoke.png@128.0x128.0
20:35:51.487 [FXGL Background Thread 1 ] DEBUG WindowService        - Application scenes initialized
20:35:51.492 [FXGL Background Thread 1 ] DEBUG SystemBundleService  - Loading FXGL system data
20:35:51.494 [FXGL Background Thread 1 ] DEBUG FileSystemAccess     - Reading from: C:\Users\xxdee\IdeaProjects\350FXGLjavagame\system\fxgl.bundle
20:35:51.498 [FXGL Background Thread 1 ] DEBUG SystemBundleService  - Bundle FXGL: {}
20:35:51.498 [FXGL Background Thread 1 ] INFO  Engine               - FXGL initialization took: 0.236 sec
20:35:51.499 [FXGL Background Thread 1 ] DEBUG GameApplication      - Loading localizations
20:35:51.499 [FXGL Background Thread 1 ] DEBUG AssetLoaderService   - Loading from file system: /assets/properties/languages/english.properties
20:35:51.501 [FXGL Background Thread 1 ] DEBUG AssetLoaderService   - Loading from file system: /assets/properties/languages/french.properties
20:35:51.502 [FXGL Background Thread 1 ] DEBUG AssetLoaderService   - Loading from file system: /assets/properties/languages/german.properties
20:35:51.503 [FXGL Background Thread 1 ] DEBUG AssetLoaderService   - Loading from file system: /assets/properties/languages/hungarian.properties
20:35:51.503 [FXGL Background Thread 1 ] DEBUG AssetLoaderService   - Loading from file system: /assets/properties/languages/russian.properties
20:35:51.504 [FXGL Background Thread 1 ] DEBUG GameApplication      - Registering font factories with UI factory
20:35:51.504 [FXGL Background Thread 1 ] DEBUG AssetLoaderService   - Loading from file system: /assets/ui/fonts/VarelaRound-Regular.ttf
20:35:51.684 [FXGL Background Thread 1 ] DEBUG AssetLoaderService   - Loading from file system: /assets/ui/fonts/Abel-Regular.ttf
20:35:51.686 [FXGL Background Thread 1 ] DEBUG AssetLoaderService   - Loading from file system: /assets/ui/fonts/lucida_console.ttf
20:35:51.689 [FXGL Background Thread 1 ] DEBUG AssetLoaderService   - Loading from file system: /assets/ui/fonts/Courier-Prime.ttf
20:35:51.698 [JavaFX Application Thread] DEBUG Input                - Registered new binding: action0 - D
20:35:51.698 [JavaFX Application Thread] DEBUG Input                - Registered new binding: action1 - Right
20:35:51.698 [JavaFX Application Thread] DEBUG Input                - Registered new binding: action2 - A
20:35:51.698 [JavaFX Application Thread] DEBUG Input                - Registered new binding: action3 - Left
20:35:51.698 [JavaFX Application Thread] DEBUG Input                - Registered new binding: action4 - W
20:35:51.698 [JavaFX Application Thread] DEBUG Input                - Registered new binding: action5 - Up
20:35:51.699 [JavaFX Application Thread] DEBUG Input                - Registered new binding: action6 - Space
20:35:51.699 [JavaFX Application Thread] DEBUG AssetLoaderService   - Loading from file system: /assets/textures/fxgl_icon.png
20:35:51.714 [JavaFX Application Thread] DEBUG AssetLoaderService   - Loading from file system: /assets/ui/cursors/fxgl_default.png
20:35:51.716 [JavaFX Application Thread] DEBUG Input                - Registered new binding: Screenshot - P
20:35:51.716 [JavaFX Application Thread] DEBUG Input                - Registered new binding: System info dump - CTRL+9
20:35:51.716 [JavaFX Application Thread] DEBUG Input                - Registered new binding: Restart - CTRL+R
20:35:51.717 [JavaFX Application Thread] DEBUG LoopRunner           - Starting loop
20:35:51.723 [JavaFX Application Thread] DEBUG FXGLStartupScene     - STARTUP
20:35:51.726 [JavaFX Application Thread] DEBUG Input                - Clearing active input actions
20:35:51.741 [JavaFX Application Thread] DEBUG WindowService        - Removing overlay from FXGLStartupScene and adding to FXGLDefaultMenu
20:35:51.742 [JavaFX Application Thread] DEBUG MainWindow           - FXGLStartupScene -> FXGLDefaultMenu
20:35:52.484 [JavaFX Application Thread] DEBUG Menu                 - fireNewGame()
20:35:52.484 [JavaFX Application Thread] DEBUG WindowService        - Starting new game
20:35:52.484 [JavaFX Application Thread] DEBUG Input                - Clearing active input actions
20:35:52.490 [JavaFX Application Thread] DEBUG WindowService        - Removing overlay from FXGLDefaultMenu and adding to FXGLLoadingScene
20:35:52.490 [JavaFX Application Thread] DEBUG MainWindow           - FXGLDefaultMenu -> FXGLLoadingScene
20:35:52.490 [JavaFX Application Thread] DEBUG WindowService        - Clearing previous game
20:35:52.490 [JavaFX Application Thread] DEBUG GameScene            - Clearing game scene
20:35:52.490 [JavaFX Application Thread] DEBUG GameWorld            - Clearing game world
20:35:52.490 [JavaFX Application Thread] DEBUG PhysicsWorld         - Clearing physics world
20:35:52.491 [FXGL Background Thread 1 ] DEBUG GameApplication      - Initializing game
20:35:52.502 [JavaFX Application Thread] DEBUG LoopRunner           - Stopping loop
20:35:54.500 [FXGL Background Thread 2 ] DEBUG Engine               - Logging environment variables
20:35:54.500 [FXGL Background Thread 2 ] DEBUG Engine               - achievements: []
20:35:54.500 [FXGL Background Thread 2 ] DEBUG Engine               - language: ObjectProperty [value: ENGLISH]
20:35:54.500 [FXGL Background Thread 2 ] DEBUG Engine               - isCloseConfirmation: false
20:35:54.500 [FXGL Background Thread 2 ] DEBUG Engine               - isProfilingEnabled: false
20:35:54.500 [FXGL Background Thread 2 ] DEBUG Engine               - soundNotification: core/notification.wav
20:35:54.500 [FXGL Background Thread 2 ] DEBUG Engine               - devShowBBoxProperty: BooleanProperty [value: false]
20:35:54.500 [FXGL Background Thread 2 ] DEBUG Engine               - pixelsPerMeter: 50.0
20:35:54.500 [FXGL Background Thread 2 ] DEBUG Engine               - soundMenuBack: menu/back.wav
20:35:54.500 [FXGL Background Thread 2 ] DEBUG Engine               - appIcon: fxgl_icon.png
20:35:54.500 [FXGL Background Thread 2 ] DEBUG Engine               - isFullScreenAllowed: false
20:35:54.500 [FXGL Background Thread 2 ] DEBUG Engine               - isIntroEnabled: false
20:35:54.500 [FXGL Background Thread 2 ] DEBUG Engine               - fontMono: lucida_console.ttf
20:35:54.500 [FXGL Background Thread 2 ] DEBUG Engine               - soundMenuSelect: menu/select.wav
20:35:54.500 [FXGL Background Thread 2 ] DEBUG Engine               - isWindows: true
20:35:54.500 [FXGL Background Thread 2 ] DEBUG Engine               - isMobile: false
20:35:54.500 [FXGL Background Thread 2 ] DEBUG Engine               - isUserProfileEnabled: false
20:35:54.500 [FXGL Background Thread 2 ] DEBUG Engine               - height: 1080
20:35:54.500 [FXGL Background Thread 2 ] DEBUG Engine               - isExperimentalNative: false
20:35:54.501 [FXGL Background Thread 2 ] DEBUG Engine               - settings: Title: SpaceBlaster 3000
Version: 1.0
Width: 1920
Height: 1080
Fullscreen: false
Intro: false
Menus: true
Profiling: false
Single step:false
App Mode: DEVELOPER
Menu Key: ESCAPE
Stage Style: DECORATED
Scene Factory: class com.almasb.fxgl.app.scene.SceneFactory

20:35:54.501 [FXGL Background Thread 2 ] DEBUG Engine               - isSingleStep: false
20:35:54.501 [FXGL Background Thread 2 ] DEBUG Engine               - cSSList: [fxgl_dark.css]
20:35:54.501 [FXGL Background Thread 2 ] DEBUG Engine               - fontGame: Abel-Regular.ttf
20:35:54.501 [FXGL Background Thread 2 ] DEBUG Engine               - menuKey: ESCAPE
20:35:54.501 [FXGL Background Thread 2 ] DEBUG Engine               - devShowPositionProperty: BooleanProperty [value: false]
20:35:54.501 [FXGL Background Thread 2 ] DEBUG Engine               - versionCheckDays: 7
20:35:54.501 [FXGL Background Thread 2 ] DEBUG Engine               - configClass: Optional.empty
20:35:54.501 [FXGL Background Thread 2 ] DEBUG Engine               - isFullScreenFromStart: false
20:35:54.501 [FXGL Background Thread 2 ] DEBUG Engine               - version: 1.0
20:35:54.501 [FXGL Background Thread 2 ] DEBUG Engine               - fullScreen: BooleanProperty [value: false]
20:35:54.501 [FXGL Background Thread 2 ] DEBUG Engine               - randomSeed: -1
20:35:54.501 [FXGL Background Thread 2 ] DEBUG Engine               - gameDifficultyProperty: ObjectProperty [value: MEDIUM]
20:35:54.501 [FXGL Background Thread 2 ] DEBUG Engine               - applicationMode: DEVELOPER
20:35:54.501 [FXGL Background Thread 2 ] DEBUG Engine               - isMac: false
20:35:54.501 [FXGL Background Thread 2 ] DEBUG Engine               - isMenuEnabled: true
20:35:54.501 [FXGL Background Thread 2 ] DEBUG Engine               - urlPOM: https://raw.githubusercontent.com/AlmasB/FXGL/master/pom.xml
20:35:54.501 [FXGL Background Thread 2 ] DEBUG Engine               - profileName: StringProperty [value: DEFAULT]
20:35:54.501 [FXGL Background Thread 2 ] DEBUG Engine               - notificationViewClass: class com.almasb.fxgl.notification.view.XboxNotificationView
20:35:54.501 [FXGL Background Thread 2 ] DEBUG Engine               - devSensorColorProperty: ObjectProperty [value: 0xffff00ff]
20:35:54.501 [FXGL Background Thread 2 ] DEBUG Engine               - sceneFactory: com.almasb.fxgl.app.scene.SceneFactory@1df06008
20:35:54.501 [FXGL Background Thread 2 ] DEBUG Engine               - stageStyle: DECORATED
20:35:54.501 [FXGL Background Thread 2 ] DEBUG Engine               - isManualResizeEnabled: true
20:35:54.501 [FXGL Background Thread 2 ] DEBUG Engine               - title: SpaceBlaster 3000
20:35:54.502 [FXGL Background Thread 2 ] DEBUG Engine               - platform: WINDOWS
20:35:54.502 [FXGL Background Thread 2 ] DEBUG Engine               - devBBoxColorProperty: ObjectProperty [value: 0xff0000ff]
20:35:54.502 [FXGL Background Thread 2 ] DEBUG Engine               - gameDifficulty: MEDIUM
20:35:54.502 [FXGL Background Thread 2 ] DEBUG Engine               - isDesktop: true
20:35:54.502 [FXGL Background Thread 2 ] DEBUG Engine               - supportedLanguages: [ENGLISH, FRENCH, GERMAN, HUNGARIAN, RUSSIAN]
20:35:54.502 [FXGL Background Thread 2 ] DEBUG Engine               - credits: []
20:35:54.502 [FXGL Background Thread 2 ] DEBUG Engine               - globalMusicVolumeProperty: DoubleProperty [value: 0.5]
20:35:54.502 [FXGL Background Thread 2 ] DEBUG Engine               - isPreserveResizeRatio: false
20:35:54.502 [FXGL Background Thread 2 ] DEBUG Engine               - fontText: Courier-Prime.ttf
20:35:54.502 [FXGL Background Thread 2 ] DEBUG Engine               - isExperimentalTiledLargeMap: false
20:35:54.502 [FXGL Background Thread 2 ] DEBUG Engine               - secondsIn24h: 60
20:35:54.502 [FXGL Background Thread 2 ] DEBUG Engine               - runtimeInfo: RuntimeInfo(platform=WINDOWS, version=11.8, build=08.03.2020 09.09)
20:35:54.502 [FXGL Background Thread 2 ] DEBUG Engine               - isLinux: false
20:35:54.502 [FXGL Background Thread 2 ] DEBUG Engine               - soundMenuPress: menu/press.wav
20:35:54.502 [FXGL Background Thread 2 ] DEBUG Engine               - urlGithub: https://github.com/AlmasB/FXGL
20:35:54.502 [FXGL Background Thread 2 ] DEBUG Engine               - profileDir: profiles/
20:35:54.502 [FXGL Background Thread 2 ] DEBUG Engine               - isDeveloperMenuEnabled: false
20:35:54.502 [FXGL Background Thread 2 ] DEBUG Engine               - globalSoundVolumeProperty: DoubleProperty [value: 0.5]
20:35:54.502 [FXGL Background Thread 2 ] DEBUG Engine               - mainWindow: com.almasb.fxgl.app.MainWindow@19cfe76e
20:35:54.502 [FXGL Background Thread 2 ] DEBUG Engine               - isBrowser: false
20:35:54.502 [FXGL Background Thread 2 ] DEBUG Engine               - globalSoundVolume: 0.5
20:35:54.503 [FXGL Background Thread 2 ] DEBUG Engine               - urlLeaderboard: http://fxgl-top.herokuapp.com/
20:35:54.503 [FXGL Background Thread 2 ] DEBUG Engine               - engineServices: [class com.almasb.fxgl.app.GameApplication$GameApplicationService, class com.almasb.fxgl.app.services.WindowService, class com.almasb.fxgl.app.services.FXGLDialogService, class com.almasb.fxgl.app.services.IOTaskExecutorService, class com.almasb.fxgl.event.EventBusService, class com.almasb.fxgl.io.FileSystemService, class com.almasb.fxgl.localization.LocalizationService, class com.almasb.fxgl.app.services.AssetLoaderService, class com.almasb.fxgl.app.services.SystemBundleService, class com.almasb.fxgl.profile.SaveLoadService, class com.almasb.fxgl.ui.FXGLUIFactoryServiceProvider, class com.almasb.fxgl.ui.FXGLDialogFactoryServiceProvider, class com.almasb.fxgl.audio.AudioPlayer, class com.almasb.fxgl.notification.impl.NotificationServiceProvider, class com.almasb.fxgl.achievement.AchievementService, class com.almasb.fxgl.cutscene.CutsceneService, class com.almasb.fxgl.minigames.MiniGameService, class com.almasb.fxgl.net.NetService, class com.almasb.fxgl.app.services.UpdaterService]
20:35:54.503 [FXGL Background Thread 2 ] DEBUG Engine               - globalMusicVolume: 0.5
20:35:54.503 [FXGL Background Thread 2 ] DEBUG Engine               - width: 1920
20:35:54.503 [FXGL Background Thread 2 ] DEBUG Engine               - saveFileExt: sav
20:35:54.503 [FXGL Background Thread 2 ] DEBUG Engine               - isAndroid: false
20:35:54.503 [FXGL Background Thread 2 ] DEBUG Engine               - fontUI: VarelaRound-Regular.ttf
20:35:54.503 [FXGL Background Thread 2 ] DEBUG Engine               - enabledMenuItems: [SAVE_LOAD, EXTRA, ONLINE]
20:35:54.503 [FXGL Background Thread 2 ] DEBUG Engine               - isIOS: false
20:35:54.503 [FXGL Background Thread 2 ] DEBUG Engine               - Logging services
20:35:54.503 [FXGL Background Thread 2 ] DEBUG Engine               - class com.almasb.fxgl.app.GameApplication$GameApplicationService
20:35:54.503 [FXGL Background Thread 2 ] DEBUG Engine               - class com.almasb.fxgl.app.services.WindowService
20:35:54.503 [FXGL Background Thread 2 ] DEBUG Engine               - class com.almasb.fxgl.app.services.FXGLDialogService
20:35:54.503 [FXGL Background Thread 2 ] DEBUG Engine               - class com.almasb.fxgl.app.services.IOTaskExecutorService
20:35:54.503 [FXGL Background Thread 2 ] DEBUG Engine               - class com.almasb.fxgl.event.EventBusService
20:35:54.503 [FXGL Background Thread 2 ] DEBUG Engine               - class com.almasb.fxgl.io.FileSystemService
20:35:54.503 [FXGL Background Thread 2 ] DEBUG Engine               - class com.almasb.fxgl.localization.LocalizationService
20:35:54.503 [FXGL Background Thread 2 ] DEBUG Engine               - class com.almasb.fxgl.app.services.AssetLoaderService
20:35:54.503 [FXGL Background Thread 2 ] DEBUG Engine               - class com.almasb.fxgl.app.services.SystemBundleService
20:35:54.503 [FXGL Background Thread 2 ] DEBUG Engine               - class com.almasb.fxgl.profile.SaveLoadService
20:35:54.503 [FXGL Background Thread 2 ] DEBUG Engine               - class com.almasb.fxgl.ui.FXGLUIFactoryServiceProvider
20:35:54.503 [FXGL Background Thread 2 ] DEBUG Engine               - class com.almasb.fxgl.ui.FXGLDialogFactoryServiceProvider
20:35:54.503 [FXGL Background Thread 2 ] DEBUG Engine               - class com.almasb.fxgl.audio.AudioPlayer
20:35:54.503 [FXGL Background Thread 2 ] DEBUG Engine               - class com.almasb.fxgl.notification.impl.NotificationServiceProvider
20:35:54.503 [FXGL Background Thread 2 ] DEBUG Engine               - class com.almasb.fxgl.achievement.AchievementService
20:35:54.503 [FXGL Background Thread 2 ] DEBUG Engine               - class com.almasb.fxgl.cutscene.CutsceneService
20:35:54.503 [FXGL Background Thread 2 ] DEBUG Engine               - class com.almasb.fxgl.minigames.MiniGameService
20:35:54.503 [FXGL Background Thread 2 ] DEBUG Engine               - class com.almasb.fxgl.net.NetService
20:35:54.504 [FXGL Background Thread 2 ] DEBUG Engine               - class com.almasb.fxgl.app.services.UpdaterService
20:35:56.125 [JavaFX Application Thread] FATAL GameApplication      - Uncaught Exception:

Fatal exception occurred: java.lang.RuntimeException : Initialization failed
E: com.almasb.fxgl.app.GameApplication$InitAppTask.failed(GameApplication.java:428)
E: javafx.concurrent.Task.setState(Task.java:710)
E: javafx.concurrent.Task$TaskCallable.lambda$call$2(Task.java:1455)
E: com.sun.javafx.application.PlatformImpl.lambda$runLater$10(PlatformImpl.java:428)
E: java.base/java.security.AccessController.doPrivileged(Native Method)
E: com.sun.javafx.application.PlatformImpl.lambda$runLater$11(PlatformImpl.java:427)
E: com.sun.glass.ui.InvokeLaterDispatcher$Future.run(InvokeLaterDispatcher.java:96)
E: com.sun.glass.ui.win.WinApplication._runLoop(Native Method)
E: com.sun.glass.ui.win.WinApplication.lambda$runLoop$3(WinApplication.java:174)
E: java.base/java.lang.Thread.run(Thread.java:834)

20:35:56.125 [JavaFX Application Thread] FATAL GameApplication      - Application will now exit
20:35:56.126 [JavaFX Application Thread] DEBUG GameApplication      - Exiting FXGL
20:35:56.126 [JavaFX Application Thread] DEBUG GameApplication      - Shutting down background threads
20:35:56.126 [JavaFX Application Thread] DEBUG GameApplication      - Closing logger and exiting JavaFX
