22:16:59.731 [main                     ] DEBUG GameApplication      - Logger initialized
22:16:59.743 [main                     ] DEBUG GameApplication      - Logging settings
Title: Space Game
Version: 0.2
Width: 2000
Height: 1000
Fullscreen: false
Intro: false
Menus: true
Profiling: false
Single step:false
App Mode: DEVELOPER
Menu Key: ESCAPE
Stage Style: DECORATED
Scene Factory: class com.almasb.fxgl.app.scene.SceneFactory

22:17:00.059 [JavaFX Application Thread] DEBUG GameApplication      - Initializing FXGL
22:17:00.065 [JavaFX Application Thread] INFO  Engine               - FXGL-11.8 (08.03.2020 09.09) on WINDOWS (J:11.0.8 FX:13.0.2)
22:17:00.065 [JavaFX Application Thread] INFO  Engine               - Source code and latest versions at: https://github.com/AlmasB/FXGL
22:17:00.065 [JavaFX Application Thread] INFO  Engine               -              Join the FXGL chat at: https://gitter.im/AlmasB/FXGL
22:17:00.151 [JavaFX Application Thread] DEBUG MainWindow           - Creating a JavaFX scene
22:17:00.151 [JavaFX Application Thread] DEBUG MainWindow           - Target size > screen size
22:17:00.204 [JavaFX Application Thread] DEBUG MainWindow           - Target settings size: 2000.0 x 1000.0
22:17:00.205 [JavaFX Application Thread] DEBUG MainWindow           - Scaled scene size:    1895.0 x 960.0
22:17:00.205 [JavaFX Application Thread] DEBUG MainWindow           - Scaled ratio: (0.9475, 0.96)
22:17:00.206 [JavaFX Application Thread] DEBUG MainWindow           - Set initial scene to FXGLStartupScene
22:17:00.211 [JavaFX Application Thread] DEBUG MainWindow           - Opening main window
22:17:00.273 [JavaFX Application Thread] DEBUG MainWindow           - Window border size: (16.0, 39.0)
22:17:00.273 [JavaFX Application Thread] DEBUG MainWindow           - Scaled size: 1895.0 x 960.0
22:17:00.273 [JavaFX Application Thread] DEBUG MainWindow           - Scaled ratio: (0.9475, 0.96)
22:17:00.273 [JavaFX Application Thread] DEBUG MainWindow           - Scene size: 1895.0 x 960.0
22:17:00.273 [JavaFX Application Thread] DEBUG MainWindow           - Stage size: 1911.0 x 999.0
22:17:00.279 [FXGL Background Thread 1 ] DEBUG Engine               - Initializing environment variables
22:17:00.298 [FXGL Background Thread 1 ] DEBUG WindowService        - Applying CSS: fxgl_dark.css
22:17:00.299 [FXGL Background Thread 1 ] DEBUG AssetLoaderService   - Loading from file system: /assets/ui/css/fxgl_dark.css
22:17:00.333 [FXGL Background Thread 1 ] DEBUG WindowService        - Initializing application scenes
22:17:00.361 [FXGL Background Thread 1 ] DEBUG GameWorld            - Game world initialized
22:17:00.387 [FXGL Background Thread 1 ] DEBUG PhysicsWorld         - Physics world initialized: appHeight=1000, physics.ppm=50.0
22:17:00.388 [FXGL Background Thread 1 ] DEBUG GameScene            - Game scene initialized: 2000x1000
22:17:00.407 [FXGL Background Thread 1 ] DEBUG AssetLoaderService   - Loading from file system: /assets/textures/particles/trace_horizontal.png
22:17:00.444 [FXGL Background Thread 1 ] DEBUG FXGL.DefaultMenu     - createMenuBodyMainMenu()
22:17:00.455 [FXGL Background Thread 1 ] DEBUG FXGL.DefaultMenu     - createOptionsMenu()
22:17:00.458 [FXGL Background Thread 1 ] DEBUG FXGL.DefaultMenu     - createExtraMenu()
22:17:00.459 [FXGL Background Thread 1 ] DEBUG AssetLoaderService   - Loading from file system: /assets/textures/particles/smoke.png
22:17:00.498 [FXGL Background Thread 1 ] DEBUG AssetLoaderService   - Loading from cache: /assets/textures/particles/trace_horizontal.png@64.0x64.0
22:17:00.498 [FXGL Background Thread 1 ] DEBUG FXGL.DefaultMenu     - createMenuBodyGameMenu()
22:17:00.499 [FXGL Background Thread 1 ] DEBUG FXGL.DefaultMenu     - createOptionsMenu()
22:17:00.500 [FXGL Background Thread 1 ] DEBUG FXGL.DefaultMenu     - createExtraMenu()
22:17:00.501 [FXGL Background Thread 1 ] DEBUG AssetLoaderService   - Loading from cache: /assets/textures/particles/smoke.png@128.0x128.0
22:17:00.508 [FXGL Background Thread 1 ] DEBUG WindowService        - Application scenes initialized
22:17:00.513 [FXGL Background Thread 1 ] DEBUG SystemBundleService  - Loading FXGL system data
22:17:00.516 [FXGL Background Thread 1 ] DEBUG FileSystemAccess     - Reading from: C:\Users\xxdee\IdeaProjects\350FXGLjavagame\system\fxgl.bundle
22:17:00.519 [FXGL Background Thread 1 ] DEBUG SystemBundleService  - Bundle FXGL: {}
22:17:00.519 [FXGL Background Thread 1 ] INFO  Engine               - FXGL initialization took: 0.239 sec
22:17:00.520 [FXGL Background Thread 1 ] DEBUG GameApplication      - Loading localizations
22:17:00.521 [FXGL Background Thread 1 ] DEBUG AssetLoaderService   - Loading from file system: /assets/properties/languages/english.properties
22:17:00.522 [FXGL Background Thread 1 ] DEBUG AssetLoaderService   - Loading from file system: /assets/properties/languages/french.properties
22:17:00.523 [FXGL Background Thread 1 ] DEBUG AssetLoaderService   - Loading from file system: /assets/properties/languages/german.properties
22:17:00.524 [FXGL Background Thread 1 ] DEBUG AssetLoaderService   - Loading from file system: /assets/properties/languages/hungarian.properties
22:17:00.525 [FXGL Background Thread 1 ] DEBUG AssetLoaderService   - Loading from file system: /assets/properties/languages/russian.properties
22:17:00.525 [FXGL Background Thread 1 ] DEBUG GameApplication      - Registering font factories with UI factory
22:17:00.525 [FXGL Background Thread 1 ] DEBUG AssetLoaderService   - Loading from file system: /assets/ui/fonts/VarelaRound-Regular.ttf
22:17:00.702 [FXGL Background Thread 1 ] DEBUG AssetLoaderService   - Loading from file system: /assets/ui/fonts/Abel-Regular.ttf
22:17:00.704 [FXGL Background Thread 1 ] DEBUG AssetLoaderService   - Loading from file system: /assets/ui/fonts/lucida_console.ttf
22:17:00.707 [FXGL Background Thread 1 ] DEBUG AssetLoaderService   - Loading from file system: /assets/ui/fonts/Courier-Prime.ttf
22:17:00.716 [JavaFX Application Thread] DEBUG Input                - Registered new binding: action0 - D
22:17:00.716 [JavaFX Application Thread] DEBUG Input                - Registered new binding: action1 - A
22:17:00.716 [JavaFX Application Thread] DEBUG Input                - Registered new binding: action2 - W
22:17:00.716 [JavaFX Application Thread] DEBUG Input                - Registered new binding: action3 - C
22:17:00.716 [JavaFX Application Thread] DEBUG Input                - Registered new binding: action4 - Left
22:17:00.717 [JavaFX Application Thread] DEBUG Input                - Registered new binding: action5 - Right
22:17:00.717 [JavaFX Application Thread] DEBUG Input                - Registered new binding: action6 - Space
22:17:00.717 [JavaFX Application Thread] DEBUG AssetLoaderService   - Loading from file system: /assets/textures/fxgl_icon.png
22:17:00.731 [JavaFX Application Thread] DEBUG AssetLoaderService   - Loading from file system: /assets/ui/cursors/fxgl_default.png
22:17:00.733 [JavaFX Application Thread] DEBUG Input                - Registered new binding: Screenshot - P
22:17:00.733 [JavaFX Application Thread] DEBUG Input                - Registered new binding: System info dump - CTRL+9
22:17:00.733 [JavaFX Application Thread] DEBUG Input                - Registered new binding: Restart - CTRL+R
22:17:00.734 [JavaFX Application Thread] DEBUG LoopRunner           - Starting loop
22:17:00.738 [JavaFX Application Thread] DEBUG FXGLStartupScene     - STARTUP
22:17:00.741 [JavaFX Application Thread] DEBUG Input                - Clearing active input actions
22:17:00.754 [JavaFX Application Thread] DEBUG WindowService        - Removing overlay from FXGLStartupScene and adding to FXGLDefaultMenu
22:17:00.754 [JavaFX Application Thread] DEBUG MainWindow           - FXGLStartupScene -> FXGLDefaultMenu
22:17:00.803 [JavaFX Application Thread] DEBUG SaveLoadService      - Reading profile names
22:17:00.805 [JavaFX Application Thread] DEBUG MainWindow           - Push state: DialogSubScene
22:17:00.805 [JavaFX Application Thread] DEBUG Input                - Clearing active input actions
22:17:00.808 [JavaFX Application Thread] DEBUG WindowService        - Removing overlay from FXGLDefaultMenu and adding to DialogSubScene
22:17:00.808 [JavaFX Application Thread] DEBUG MainWindow           - FXGLDefaultMenu -> DialogSubScene
22:17:00.848 [JavaFX Application Thread] DEBUG MainWindow           - Pop state: DialogSubScene
22:17:00.848 [JavaFX Application Thread] DEBUG Input                - Clearing active input actions
22:17:00.848 [JavaFX Application Thread] DEBUG WindowService        - Removing overlay from DialogSubScene and adding to FXGLDefaultMenu
22:17:00.848 [JavaFX Application Thread] DEBUG MainWindow           - FXGLDefaultMenu <- DialogSubScene
22:17:00.850 [JavaFX Application Thread] DEBUG MainWindow           - Push state: DialogSubScene
22:17:00.850 [JavaFX Application Thread] DEBUG Input                - Clearing active input actions
22:17:00.851 [JavaFX Application Thread] DEBUG WindowService        - Removing overlay from FXGLDefaultMenu and adding to DialogSubScene
22:17:00.851 [JavaFX Application Thread] DEBUG MainWindow           - FXGLDefaultMenu -> DialogSubScene
22:17:01.688 [JavaFX Application Thread] DEBUG MainWindow           - Pop state: DialogSubScene
22:17:01.688 [JavaFX Application Thread] DEBUG Input                - Clearing active input actions
22:17:01.688 [JavaFX Application Thread] DEBUG WindowService        - Removing overlay from DialogSubScene and adding to FXGLDefaultMenu
22:17:01.688 [JavaFX Application Thread] DEBUG MainWindow           - FXGLDefaultMenu <- DialogSubScene
22:17:02.482 [JavaFX Application Thread] DEBUG Menu                 - fireNewGame()
22:17:02.482 [JavaFX Application Thread] DEBUG WindowService        - Starting new game
22:17:02.483 [JavaFX Application Thread] DEBUG Input                - Clearing active input actions
22:17:02.488 [JavaFX Application Thread] DEBUG WindowService        - Removing overlay from FXGLDefaultMenu and adding to FXGLLoadingScene
22:17:02.488 [JavaFX Application Thread] DEBUG MainWindow           - FXGLDefaultMenu -> FXGLLoadingScene
22:17:02.488 [JavaFX Application Thread] DEBUG WindowService        - Clearing previous game
22:17:02.488 [JavaFX Application Thread] DEBUG GameScene            - Clearing game scene
22:17:02.488 [JavaFX Application Thread] DEBUG GameWorld            - Clearing game world
22:17:02.488 [JavaFX Application Thread] DEBUG PhysicsWorld         - Clearing physics world
22:17:02.489 [FXGL Background Thread 1 ] DEBUG GameApplication      - Initializing game
22:17:02.496 [FXGL Background Thread 1 ] DEBUG AssetLoaderService   - Loading from file system: /assets/textures/spacebackground.png
22:17:02.533 [FXGL Background Thread 1 ] DEBUG AssetLoaderService   - Loading from file system: /assets/textures/smallspaceship.png
22:17:02.547 [FXGL Background Thread 1 ] INFO  GameApplication      - Game initialization took: 0.058 sec
22:17:02.547 [JavaFX Application Thread] DEBUG Input                - Clearing active input actions
22:17:02.551 [JavaFX Application Thread] DEBUG WindowService        - Removing overlay from FXGLLoadingScene and adding to GameScene
22:17:02.551 [JavaFX Application Thread] DEBUG MainWindow           - FXGLLoadingScene -> GameScene
22:17:03.392 [JavaFX Application Thread] DEBUG GameApplication      - Exiting FXGL
22:17:03.392 [JavaFX Application Thread] DEBUG LoopRunner           - Stopping loop
22:17:03.392 [JavaFX Application Thread] DEBUG SystemBundleService  - Saving FXGL system data
22:17:03.393 [JavaFX Application Thread] DEBUG FileSystemAccess     - Writing to: C:\Users\xxdee\IdeaProjects\350FXGLjavagame\system\fxgl.bundle
22:17:03.394 [JavaFX Application Thread] DEBUG GameApplication      - Shutting down background threads
22:17:03.394 [JavaFX Application Thread] DEBUG GameApplication      - Closing logger and exiting JavaFX
