16:06:27.112 [main                     ] DEBUG GameApplication      - Logger initialized
16:06:27.124 [main                     ] DEBUG GameApplication      - Logging settings
Title: Space Game
Version: 0.2
Width: 1920
Height: 1080
Fullscreen: false
Intro: false
Menus: true
Profiling: false
Single step:false
App Mode: DEVELOPER
Menu Key: ESCAPE
Stage Style: DECORATED
Scene Factory: class com.almasb.fxgl.app.scene.SceneFactory

16:06:27.432 [JavaFX Application Thread] DEBUG GameApplication      - Initializing FXGL
16:06:27.438 [JavaFX Application Thread] INFO  Engine               - FXGL-11.8 (08.03.2020 09.09) on WINDOWS (J:11.0.8 FX:13.0.2)
16:06:27.439 [JavaFX Application Thread] INFO  Engine               - Source code and latest versions at: https://github.com/AlmasB/FXGL
16:06:27.439 [JavaFX Application Thread] INFO  Engine               -              Join the FXGL chat at: https://gitter.im/AlmasB/FXGL
16:06:27.527 [JavaFX Application Thread] DEBUG MainWindow           - Creating a JavaFX scene
16:06:27.527 [JavaFX Application Thread] DEBUG MainWindow           - Target size > screen size
16:06:27.578 [JavaFX Application Thread] DEBUG MainWindow           - Target settings size: 1920.0 x 1080.0
16:06:27.579 [JavaFX Application Thread] DEBUG MainWindow           - Scaled scene size:    1823.0 x 1039.0
16:06:27.579 [JavaFX Application Thread] DEBUG MainWindow           - Scaled ratio: (0.9494791666666667, 0.962037037037037)
16:06:27.580 [JavaFX Application Thread] DEBUG MainWindow           - Set initial scene to FXGLStartupScene
16:06:27.584 [JavaFX Application Thread] DEBUG MainWindow           - Opening main window
16:06:27.645 [JavaFX Application Thread] DEBUG MainWindow           - Window border size: (16.0, 39.0)
16:06:27.645 [JavaFX Application Thread] DEBUG MainWindow           - Scaled size: 1823.0 x 1039.0
16:06:27.646 [JavaFX Application Thread] DEBUG MainWindow           - Scaled ratio: (0.9494791666666667, 0.962037037037037)
16:06:27.646 [JavaFX Application Thread] DEBUG MainWindow           - Scene size: 1823.0 x 1039.0
16:06:27.646 [JavaFX Application Thread] DEBUG MainWindow           - Stage size: 1839.0 x 1078.0
16:06:27.651 [FXGL Background Thread 1 ] DEBUG Engine               - Initializing environment variables
16:06:27.670 [FXGL Background Thread 1 ] DEBUG WindowService        - Applying CSS: fxgl_dark.css
16:06:27.671 [FXGL Background Thread 1 ] DEBUG AssetLoaderService   - Loading from file system: /assets/ui/css/fxgl_dark.css
16:06:27.700 [FXGL Background Thread 1 ] DEBUG WindowService        - Initializing application scenes
16:06:27.729 [FXGL Background Thread 1 ] DEBUG GameWorld            - Game world initialized
16:06:27.753 [FXGL Background Thread 1 ] DEBUG PhysicsWorld         - Physics world initialized: appHeight=1080, physics.ppm=50.0
16:06:27.755 [FXGL Background Thread 1 ] DEBUG GameScene            - Game scene initialized: 1920x1080
16:06:27.772 [FXGL Background Thread 1 ] DEBUG AssetLoaderService   - Loading from file system: /assets/textures/particles/trace_horizontal.png
16:06:27.810 [FXGL Background Thread 1 ] DEBUG FXGL.DefaultMenu     - createMenuBodyMainMenu()
16:06:27.820 [FXGL Background Thread 1 ] DEBUG FXGL.DefaultMenu     - createOptionsMenu()
16:06:27.822 [FXGL Background Thread 1 ] DEBUG FXGL.DefaultMenu     - createExtraMenu()
16:06:27.824 [FXGL Background Thread 1 ] DEBUG AssetLoaderService   - Loading from file system: /assets/textures/particles/smoke.png
16:06:27.857 [FXGL Background Thread 1 ] DEBUG AssetLoaderService   - Loading from cache: /assets/textures/particles/trace_horizontal.png@64.0x64.0
16:06:27.858 [FXGL Background Thread 1 ] DEBUG FXGL.DefaultMenu     - createMenuBodyGameMenu()
16:06:27.859 [FXGL Background Thread 1 ] DEBUG FXGL.DefaultMenu     - createOptionsMenu()
16:06:27.860 [FXGL Background Thread 1 ] DEBUG FXGL.DefaultMenu     - createExtraMenu()
16:06:27.861 [FXGL Background Thread 1 ] DEBUG AssetLoaderService   - Loading from cache: /assets/textures/particles/smoke.png@128.0x128.0
16:06:27.868 [FXGL Background Thread 1 ] DEBUG WindowService        - Application scenes initialized
16:06:27.874 [FXGL Background Thread 1 ] DEBUG SystemBundleService  - Loading FXGL system data
16:06:27.877 [FXGL Background Thread 1 ] DEBUG FileSystemAccess     - Reading from: C:\Users\xxdee\IdeaProjects\350FXGLjavagame\system\fxgl.bundle
16:06:27.880 [FXGL Background Thread 1 ] DEBUG SystemBundleService  - Bundle FXGL: {}
16:06:27.880 [FXGL Background Thread 1 ] INFO  Engine               - FXGL initialization took: 0.228 sec
16:06:27.881 [FXGL Background Thread 1 ] DEBUG GameApplication      - Loading localizations
16:06:27.881 [FXGL Background Thread 1 ] DEBUG AssetLoaderService   - Loading from file system: /assets/properties/languages/english.properties
16:06:27.882 [FXGL Background Thread 1 ] DEBUG AssetLoaderService   - Loading from file system: /assets/properties/languages/french.properties
16:06:27.883 [FXGL Background Thread 1 ] DEBUG AssetLoaderService   - Loading from file system: /assets/properties/languages/german.properties
16:06:27.883 [FXGL Background Thread 1 ] DEBUG AssetLoaderService   - Loading from file system: /assets/properties/languages/hungarian.properties
16:06:27.884 [FXGL Background Thread 1 ] DEBUG AssetLoaderService   - Loading from file system: /assets/properties/languages/russian.properties
16:06:27.885 [FXGL Background Thread 1 ] DEBUG GameApplication      - Registering font factories with UI factory
16:06:27.885 [FXGL Background Thread 1 ] DEBUG AssetLoaderService   - Loading from file system: /assets/ui/fonts/VarelaRound-Regular.ttf
16:06:28.062 [FXGL Background Thread 1 ] DEBUG AssetLoaderService   - Loading from file system: /assets/ui/fonts/Abel-Regular.ttf
16:06:28.064 [FXGL Background Thread 1 ] DEBUG AssetLoaderService   - Loading from file system: /assets/ui/fonts/lucida_console.ttf
16:06:28.067 [FXGL Background Thread 1 ] DEBUG AssetLoaderService   - Loading from file system: /assets/ui/fonts/Courier-Prime.ttf
16:06:28.076 [JavaFX Application Thread] DEBUG Input                - Registered new binding: action0 - D
16:06:28.076 [JavaFX Application Thread] DEBUG Input                - Registered new binding: action1 - A
16:06:28.076 [JavaFX Application Thread] DEBUG Input                - Registered new binding: action2 - W
16:06:28.076 [JavaFX Application Thread] DEBUG Input                - Registered new binding: action3 - C
16:06:28.076 [JavaFX Application Thread] DEBUG Input                - Registered new binding: action4 - Left
16:06:28.076 [JavaFX Application Thread] DEBUG Input                - Registered new binding: action5 - Right
16:06:28.077 [JavaFX Application Thread] DEBUG Input                - Registered new binding: action6 - Space
16:06:28.077 [JavaFX Application Thread] DEBUG AssetLoaderService   - Loading from file system: /assets/textures/fxgl_icon.png
16:06:28.090 [JavaFX Application Thread] DEBUG AssetLoaderService   - Loading from file system: /assets/ui/cursors/fxgl_default.png
16:06:28.091 [JavaFX Application Thread] DEBUG Input                - Registered new binding: Screenshot - P
16:06:28.091 [JavaFX Application Thread] DEBUG Input                - Registered new binding: System info dump - CTRL+9
16:06:28.092 [JavaFX Application Thread] DEBUG Input                - Registered new binding: Restart - CTRL+R
16:06:28.092 [JavaFX Application Thread] DEBUG LoopRunner           - Starting loop
16:06:28.109 [JavaFX Application Thread] DEBUG FXGLStartupScene     - STARTUP
16:06:28.112 [JavaFX Application Thread] DEBUG Input                - Clearing active input actions
16:06:28.127 [JavaFX Application Thread] DEBUG WindowService        - Removing overlay from FXGLStartupScene and adding to FXGLDefaultMenu
16:06:28.127 [JavaFX Application Thread] DEBUG MainWindow           - FXGLStartupScene -> FXGLDefaultMenu
16:06:30.617 [JavaFX Application Thread] DEBUG Menu                 - fireNewGame()
16:06:30.618 [JavaFX Application Thread] DEBUG WindowService        - Starting new game
16:06:30.618 [JavaFX Application Thread] DEBUG Input                - Clearing active input actions
16:06:30.624 [JavaFX Application Thread] DEBUG WindowService        - Removing overlay from FXGLDefaultMenu and adding to FXGLLoadingScene
16:06:30.624 [JavaFX Application Thread] DEBUG MainWindow           - FXGLDefaultMenu -> FXGLLoadingScene
16:06:30.624 [JavaFX Application Thread] DEBUG WindowService        - Clearing previous game
16:06:30.624 [JavaFX Application Thread] DEBUG GameScene            - Clearing game scene
16:06:30.624 [JavaFX Application Thread] DEBUG GameWorld            - Clearing game world
16:06:30.624 [JavaFX Application Thread] DEBUG PhysicsWorld         - Clearing physics world
16:06:30.625 [FXGL Background Thread 1 ] DEBUG GameApplication      - Initializing game
16:06:30.633 [FXGL Background Thread 1 ] DEBUG AssetLoaderService   - Loading from file system: /assets/textures/openspace.jpg
16:06:30.704 [FXGL Background Thread 1 ] DEBUG AssetLoaderService   - Loading from file system: /assets/textures/smallspaceship.png
16:06:30.717 [FXGL Background Thread 1 ] INFO  GameApplication      - Game initialization took: 0.092 sec
16:06:30.739 [JavaFX Application Thread] DEBUG Input                - Clearing active input actions
16:06:30.743 [JavaFX Application Thread] DEBUG WindowService        - Removing overlay from FXGLLoadingScene and adding to GameScene
16:06:30.743 [JavaFX Application Thread] DEBUG MainWindow           - FXGLLoadingScene -> GameScene
16:06:30.881 [FXGL Background Thread 2 ] DEBUG Engine               - Logging environment variables
16:06:30.881 [FXGL Background Thread 2 ] DEBUG Engine               - achievements: []
16:06:30.881 [FXGL Background Thread 2 ] DEBUG Engine               - language: ObjectProperty [value: ENGLISH]
16:06:30.881 [FXGL Background Thread 2 ] DEBUG Engine               - isCloseConfirmation: false
16:06:30.881 [FXGL Background Thread 2 ] DEBUG Engine               - isProfilingEnabled: false
16:06:30.881 [FXGL Background Thread 2 ] DEBUG Engine               - soundNotification: core/notification.wav
16:06:30.881 [FXGL Background Thread 2 ] DEBUG Engine               - devShowBBoxProperty: BooleanProperty [value: false]
16:06:30.881 [FXGL Background Thread 2 ] DEBUG Engine               - pixelsPerMeter: 50.0
16:06:30.881 [FXGL Background Thread 2 ] DEBUG Engine               - appIcon: fxgl_icon.png
16:06:30.881 [FXGL Background Thread 2 ] DEBUG Engine               - soundMenuBack: menu/back.wav
16:06:30.881 [FXGL Background Thread 2 ] DEBUG Engine               - isFullScreenAllowed: false
16:06:30.881 [FXGL Background Thread 2 ] DEBUG Engine               - isIntroEnabled: false
16:06:30.881 [FXGL Background Thread 2 ] DEBUG Engine               - fontMono: lucida_console.ttf
16:06:30.881 [FXGL Background Thread 2 ] DEBUG Engine               - soundMenuSelect: menu/select.wav
16:06:30.881 [FXGL Background Thread 2 ] DEBUG Engine               - isWindows: true
16:06:30.881 [FXGL Background Thread 2 ] DEBUG Engine               - isMobile: false
16:06:30.881 [FXGL Background Thread 2 ] DEBUG Engine               - isUserProfileEnabled: false
16:06:30.881 [FXGL Background Thread 2 ] DEBUG Engine               - height: 1080
16:06:30.881 [FXGL Background Thread 2 ] DEBUG Engine               - isExperimentalNative: false
16:06:30.881 [FXGL Background Thread 2 ] DEBUG Engine               - settings: Title: Space Game
Version: 0.2
Width: 1920
Height: 1080
Fullscreen: false
Intro: false
Menus: true
Profiling: false
Single step:false
App Mode: DEVELOPER
Menu Key: ESCAPE
Stage Style: DECORATED
Scene Factory: class com.almasb.fxgl.app.scene.SceneFactory

16:06:30.881 [FXGL Background Thread 2 ] DEBUG Engine               - isSingleStep: false
16:06:30.881 [FXGL Background Thread 2 ] DEBUG Engine               - cSSList: [fxgl_dark.css]
16:06:30.881 [FXGL Background Thread 2 ] DEBUG Engine               - fontGame: Abel-Regular.ttf
16:06:30.882 [FXGL Background Thread 2 ] DEBUG Engine               - menuKey: ESCAPE
16:06:30.882 [FXGL Background Thread 2 ] DEBUG Engine               - devShowPositionProperty: BooleanProperty [value: false]
16:06:30.882 [FXGL Background Thread 2 ] DEBUG Engine               - versionCheckDays: 7
16:06:30.882 [FXGL Background Thread 2 ] DEBUG Engine               - configClass: Optional.empty
16:06:30.882 [FXGL Background Thread 2 ] DEBUG Engine               - isFullScreenFromStart: false
16:06:30.882 [FXGL Background Thread 2 ] DEBUG Engine               - version: 0.2
16:06:30.882 [FXGL Background Thread 2 ] DEBUG Engine               - fullScreen: BooleanProperty [value: false]
16:06:30.882 [FXGL Background Thread 2 ] DEBUG Engine               - randomSeed: -1
16:06:30.882 [FXGL Background Thread 2 ] DEBUG Engine               - gameDifficultyProperty: ObjectProperty [value: MEDIUM]
16:06:30.882 [FXGL Background Thread 2 ] DEBUG Engine               - applicationMode: DEVELOPER
16:06:30.882 [FXGL Background Thread 2 ] DEBUG Engine               - isMac: false
16:06:30.882 [FXGL Background Thread 2 ] DEBUG Engine               - isMenuEnabled: true
16:06:30.882 [FXGL Background Thread 2 ] DEBUG Engine               - urlPOM: https://raw.githubusercontent.com/AlmasB/FXGL/master/pom.xml
16:06:30.882 [FXGL Background Thread 2 ] DEBUG Engine               - profileName: StringProperty [value: DEFAULT]
16:06:30.882 [FXGL Background Thread 2 ] DEBUG Engine               - notificationViewClass: class com.almasb.fxgl.notification.view.XboxNotificationView
16:06:30.882 [FXGL Background Thread 2 ] DEBUG Engine               - devSensorColorProperty: ObjectProperty [value: 0xffff00ff]
16:06:30.882 [FXGL Background Thread 2 ] DEBUG Engine               - sceneFactory: com.almasb.fxgl.app.scene.SceneFactory@9df7be4
16:06:30.882 [FXGL Background Thread 2 ] DEBUG Engine               - stageStyle: DECORATED
16:06:30.882 [FXGL Background Thread 2 ] DEBUG Engine               - isManualResizeEnabled: true
16:06:30.882 [FXGL Background Thread 2 ] DEBUG Engine               - title: Space Game
16:06:30.882 [FXGL Background Thread 2 ] DEBUG Engine               - platform: WINDOWS
16:06:30.882 [FXGL Background Thread 2 ] DEBUG Engine               - devBBoxColorProperty: ObjectProperty [value: 0xff0000ff]
16:06:30.882 [FXGL Background Thread 2 ] DEBUG Engine               - gameDifficulty: MEDIUM
16:06:30.882 [FXGL Background Thread 2 ] DEBUG Engine               - isDesktop: true
16:06:30.882 [FXGL Background Thread 2 ] DEBUG Engine               - supportedLanguages: [ENGLISH, FRENCH, GERMAN, HUNGARIAN, RUSSIAN]
16:06:30.882 [FXGL Background Thread 2 ] DEBUG Engine               - credits: []
16:06:30.883 [FXGL Background Thread 2 ] DEBUG Engine               - globalMusicVolumeProperty: DoubleProperty [value: 0.5]
16:06:30.883 [FXGL Background Thread 2 ] DEBUG Engine               - isPreserveResizeRatio: false
16:06:30.883 [FXGL Background Thread 2 ] DEBUG Engine               - fontText: Courier-Prime.ttf
16:06:30.883 [FXGL Background Thread 2 ] DEBUG Engine               - isExperimentalTiledLargeMap: false
16:06:30.883 [FXGL Background Thread 2 ] DEBUG Engine               - secondsIn24h: 60
16:06:30.883 [FXGL Background Thread 2 ] DEBUG Engine               - runtimeInfo: RuntimeInfo(platform=WINDOWS, version=11.8, build=08.03.2020 09.09)
16:06:30.883 [FXGL Background Thread 2 ] DEBUG Engine               - isLinux: false
16:06:30.883 [FXGL Background Thread 2 ] DEBUG Engine               - soundMenuPress: menu/press.wav
16:06:30.883 [FXGL Background Thread 2 ] DEBUG Engine               - urlGithub: https://github.com/AlmasB/FXGL
16:06:30.883 [FXGL Background Thread 2 ] DEBUG Engine               - profileDir: profiles/
16:06:30.883 [FXGL Background Thread 2 ] DEBUG Engine               - isDeveloperMenuEnabled: false
16:06:30.883 [FXGL Background Thread 2 ] DEBUG Engine               - globalSoundVolumeProperty: DoubleProperty [value: 0.1]
16:06:30.883 [FXGL Background Thread 2 ] DEBUG Engine               - mainWindow: com.almasb.fxgl.app.MainWindow@de0fe07
16:06:30.883 [FXGL Background Thread 2 ] DEBUG Engine               - isBrowser: false
16:06:30.883 [FXGL Background Thread 2 ] DEBUG Engine               - globalSoundVolume: 0.5
16:06:30.883 [FXGL Background Thread 2 ] DEBUG Engine               - urlLeaderboard: http://fxgl-top.herokuapp.com/
16:06:30.883 [FXGL Background Thread 2 ] DEBUG Engine               - engineServices: [class com.almasb.fxgl.app.GameApplication$GameApplicationService, class com.almasb.fxgl.app.services.WindowService, class com.almasb.fxgl.app.services.FXGLDialogService, class com.almasb.fxgl.app.services.IOTaskExecutorService, class com.almasb.fxgl.event.EventBusService, class com.almasb.fxgl.io.FileSystemService, class com.almasb.fxgl.localization.LocalizationService, class com.almasb.fxgl.app.services.AssetLoaderService, class com.almasb.fxgl.app.services.SystemBundleService, class com.almasb.fxgl.profile.SaveLoadService, class com.almasb.fxgl.ui.FXGLUIFactoryServiceProvider, class com.almasb.fxgl.ui.FXGLDialogFactoryServiceProvider, class com.almasb.fxgl.audio.AudioPlayer, class com.almasb.fxgl.notification.impl.NotificationServiceProvider, class com.almasb.fxgl.achievement.AchievementService, class com.almasb.fxgl.cutscene.CutsceneService, class com.almasb.fxgl.minigames.MiniGameService, class com.almasb.fxgl.net.NetService, class com.almasb.fxgl.app.services.UpdaterService]
16:06:30.883 [FXGL Background Thread 2 ] DEBUG Engine               - globalMusicVolume: 0.5
16:06:30.883 [FXGL Background Thread 2 ] DEBUG Engine               - width: 1920
16:06:30.883 [FXGL Background Thread 2 ] DEBUG Engine               - saveFileExt: sav
16:06:30.883 [FXGL Background Thread 2 ] DEBUG Engine               - isAndroid: false
16:06:30.883 [FXGL Background Thread 2 ] DEBUG Engine               - fontUI: VarelaRound-Regular.ttf
16:06:30.883 [FXGL Background Thread 2 ] DEBUG Engine               - enabledMenuItems: [SAVE_LOAD, EXTRA, ONLINE]
16:06:30.883 [FXGL Background Thread 2 ] DEBUG Engine               - isIOS: false
16:06:30.883 [FXGL Background Thread 2 ] DEBUG Engine               - Logging services
16:06:30.883 [FXGL Background Thread 2 ] DEBUG Engine               - class com.almasb.fxgl.app.GameApplication$GameApplicationService
16:06:30.883 [FXGL Background Thread 2 ] DEBUG Engine               - class com.almasb.fxgl.app.services.WindowService
16:06:30.883 [FXGL Background Thread 2 ] DEBUG Engine               - class com.almasb.fxgl.app.services.FXGLDialogService
16:06:30.884 [FXGL Background Thread 2 ] DEBUG Engine               - class com.almasb.fxgl.app.services.IOTaskExecutorService
16:06:30.884 [FXGL Background Thread 2 ] DEBUG Engine               - class com.almasb.fxgl.event.EventBusService
16:06:30.884 [FXGL Background Thread 2 ] DEBUG Engine               - class com.almasb.fxgl.io.FileSystemService
16:06:30.884 [FXGL Background Thread 2 ] DEBUG Engine               - class com.almasb.fxgl.localization.LocalizationService
16:06:30.884 [FXGL Background Thread 2 ] DEBUG Engine               - class com.almasb.fxgl.app.services.AssetLoaderService
16:06:30.884 [FXGL Background Thread 2 ] DEBUG Engine               - class com.almasb.fxgl.app.services.SystemBundleService
16:06:30.884 [FXGL Background Thread 2 ] DEBUG Engine               - class com.almasb.fxgl.profile.SaveLoadService
16:06:30.884 [FXGL Background Thread 2 ] DEBUG Engine               - class com.almasb.fxgl.ui.FXGLUIFactoryServiceProvider
16:06:30.884 [FXGL Background Thread 2 ] DEBUG Engine               - class com.almasb.fxgl.ui.FXGLDialogFactoryServiceProvider
16:06:30.884 [FXGL Background Thread 2 ] DEBUG Engine               - class com.almasb.fxgl.audio.AudioPlayer
16:06:30.884 [FXGL Background Thread 2 ] DEBUG Engine               - class com.almasb.fxgl.notification.impl.NotificationServiceProvider
16:06:30.884 [FXGL Background Thread 2 ] DEBUG Engine               - class com.almasb.fxgl.achievement.AchievementService
16:06:30.884 [FXGL Background Thread 2 ] DEBUG Engine               - class com.almasb.fxgl.cutscene.CutsceneService
16:06:30.884 [FXGL Background Thread 2 ] DEBUG Engine               - class com.almasb.fxgl.minigames.MiniGameService
16:06:30.884 [FXGL Background Thread 2 ] DEBUG Engine               - class com.almasb.fxgl.net.NetService
16:06:30.884 [FXGL Background Thread 2 ] DEBUG Engine               - class com.almasb.fxgl.app.services.UpdaterService
16:06:31.402 [JavaFX Application Thread] DEBUG AssetLoaderService   - Loading from file system: /assets/textures/smallasteroid.png
16:06:31.406 [JavaFX Application Thread] DEBUG AssetLoaderService   - Loading from cache: /assets/textures/smallasteroid.png
16:06:31.882 [JavaFX Application Thread] DEBUG AssetLoaderService   - Loading from cache: /assets/textures/smallasteroid.png
16:06:31.883 [JavaFX Application Thread] DEBUG AssetLoaderService   - Loading from cache: /assets/textures/smallasteroid.png
16:06:32.409 [JavaFX Application Thread] DEBUG AssetLoaderService   - Loading from cache: /assets/textures/smallasteroid.png
16:06:32.410 [JavaFX Application Thread] DEBUG AssetLoaderService   - Loading from cache: /assets/textures/smallasteroid.png
16:06:32.874 [JavaFX Application Thread] DEBUG AssetLoaderService   - Loading from file system: /assets/sounds/explosion.wav
16:06:32.928 [JavaFX Application Thread] DEBUG AssetLoaderService   - Loading from file system: /assets/textures/explosion.png
16:06:32.936 [JavaFX Application Thread] DEBUG AssetLoaderService   - Loading from cache: /assets/sounds/explosion.wav
16:06:32.937 [JavaFX Application Thread] DEBUG AssetLoaderService   - Loading from cache: /assets/textures/explosion.png
16:06:32.979 [JavaFX Application Thread] DEBUG AssetLoaderService   - Loading from cache: /assets/textures/smallasteroid.png
16:06:32.980 [JavaFX Application Thread] DEBUG AssetLoaderService   - Loading from cache: /assets/textures/smallasteroid.png
16:06:33.497 [JavaFX Application Thread] DEBUG AssetLoaderService   - Loading from cache: /assets/textures/smallasteroid.png
16:06:33.498 [JavaFX Application Thread] DEBUG AssetLoaderService   - Loading from cache: /assets/textures/smallasteroid.png
16:06:34.010 [JavaFX Application Thread] DEBUG AssetLoaderService   - Loading from cache: /assets/textures/smallasteroid.png
16:06:34.011 [JavaFX Application Thread] DEBUG AssetLoaderService   - Loading from cache: /assets/textures/smallasteroid.png
16:06:34.537 [JavaFX Application Thread] DEBUG AssetLoaderService   - Loading from cache: /assets/textures/smallasteroid.png
16:06:34.538 [JavaFX Application Thread] DEBUG AssetLoaderService   - Loading from cache: /assets/textures/smallasteroid.png
16:06:34.586 [JavaFX Application Thread] DEBUG AssetLoaderService   - Loading from cache: /assets/sounds/explosion.wav
16:06:34.586 [JavaFX Application Thread] DEBUG AssetLoaderService   - Loading from cache: /assets/textures/explosion.png
16:06:34.586 [JavaFX Application Thread] DEBUG AssetLoaderService   - Loading from cache: /assets/sounds/explosion.wav
16:06:34.586 [JavaFX Application Thread] DEBUG AssetLoaderService   - Loading from cache: /assets/textures/explosion.png
16:06:35.034 [JavaFX Application Thread] DEBUG AssetLoaderService   - Loading from cache: /assets/textures/smallasteroid.png
16:06:35.035 [JavaFX Application Thread] DEBUG AssetLoaderService   - Loading from cache: /assets/textures/smallasteroid.png
16:06:35.530 [JavaFX Application Thread] DEBUG AssetLoaderService   - Loading from cache: /assets/textures/smallasteroid.png
16:06:35.530 [JavaFX Application Thread] DEBUG AssetLoaderService   - Loading from cache: /assets/textures/smallasteroid.png
16:06:36.038 [JavaFX Application Thread] DEBUG AssetLoaderService   - Loading from cache: /assets/textures/smallasteroid.png
16:06:36.038 [JavaFX Application Thread] DEBUG AssetLoaderService   - Loading from cache: /assets/textures/smallasteroid.png
16:06:36.570 [JavaFX Application Thread] DEBUG AssetLoaderService   - Loading from cache: /assets/textures/smallasteroid.png
16:06:36.570 [JavaFX Application Thread] DEBUG AssetLoaderService   - Loading from cache: /assets/textures/smallasteroid.png
16:06:37.065 [JavaFX Application Thread] DEBUG AssetLoaderService   - Loading from cache: /assets/textures/smallasteroid.png
16:06:37.066 [JavaFX Application Thread] DEBUG AssetLoaderService   - Loading from cache: /assets/textures/smallasteroid.png
16:06:37.605 [JavaFX Application Thread] DEBUG AssetLoaderService   - Loading from cache: /assets/textures/smallasteroid.png
16:06:37.605 [JavaFX Application Thread] DEBUG AssetLoaderService   - Loading from cache: /assets/textures/smallasteroid.png
16:06:38.105 [JavaFX Application Thread] DEBUG AssetLoaderService   - Loading from cache: /assets/textures/smallasteroid.png
16:06:38.105 [JavaFX Application Thread] DEBUG AssetLoaderService   - Loading from cache: /assets/textures/smallasteroid.png
16:06:38.618 [JavaFX Application Thread] DEBUG AssetLoaderService   - Loading from file system: /assets/textures/lives.png
16:06:38.665 [JavaFX Application Thread] DEBUG AssetLoaderService   - Loading from cache: /assets/textures/smallasteroid.png
16:06:38.666 [JavaFX Application Thread] DEBUG AssetLoaderService   - Loading from cache: /assets/textures/smallasteroid.png
16:06:39.210 [JavaFX Application Thread] DEBUG AssetLoaderService   - Loading from cache: /assets/textures/smallasteroid.png
16:06:39.210 [JavaFX Application Thread] DEBUG AssetLoaderService   - Loading from cache: /assets/textures/smallasteroid.png
16:06:39.780 [JavaFX Application Thread] DEBUG AssetLoaderService   - Loading from cache: /assets/textures/smallasteroid.png
16:06:39.780 [JavaFX Application Thread] DEBUG AssetLoaderService   - Loading from cache: /assets/textures/smallasteroid.png
16:06:40.282 [JavaFX Application Thread] DEBUG AssetLoaderService   - Loading from cache: /assets/textures/smallasteroid.png
16:06:40.282 [JavaFX Application Thread] DEBUG AssetLoaderService   - Loading from cache: /assets/textures/smallasteroid.png
16:06:40.825 [JavaFX Application Thread] DEBUG AssetLoaderService   - Loading from cache: /assets/textures/smallasteroid.png
16:06:40.826 [JavaFX Application Thread] DEBUG AssetLoaderService   - Loading from cache: /assets/textures/smallasteroid.png
16:06:41.337 [JavaFX Application Thread] DEBUG AssetLoaderService   - Loading from cache: /assets/textures/smallasteroid.png
16:06:41.338 [JavaFX Application Thread] DEBUG AssetLoaderService   - Loading from cache: /assets/textures/smallasteroid.png
16:06:41.880 [JavaFX Application Thread] DEBUG AssetLoaderService   - Loading from cache: /assets/textures/smallasteroid.png
16:06:41.881 [JavaFX Application Thread] DEBUG AssetLoaderService   - Loading from cache: /assets/textures/smallasteroid.png
16:06:42.388 [JavaFX Application Thread] DEBUG AssetLoaderService   - Loading from cache: /assets/textures/smallasteroid.png
16:06:42.389 [JavaFX Application Thread] DEBUG AssetLoaderService   - Loading from cache: /assets/textures/smallasteroid.png
16:06:42.906 [JavaFX Application Thread] DEBUG AssetLoaderService   - Loading from cache: /assets/textures/smallasteroid.png
16:06:42.906 [JavaFX Application Thread] DEBUG AssetLoaderService   - Loading from cache: /assets/textures/smallasteroid.png
16:06:43.433 [JavaFX Application Thread] DEBUG AssetLoaderService   - Loading from cache: /assets/textures/smallasteroid.png
16:06:43.434 [JavaFX Application Thread] DEBUG AssetLoaderService   - Loading from cache: /assets/textures/smallasteroid.png
16:06:43.955 [JavaFX Application Thread] DEBUG AssetLoaderService   - Loading from cache: /assets/textures/smallasteroid.png
16:06:43.956 [JavaFX Application Thread] DEBUG AssetLoaderService   - Loading from cache: /assets/textures/smallasteroid.png
16:06:44.367 [JavaFX Application Thread] DEBUG GameApplication      - Exiting FXGL
16:06:44.367 [JavaFX Application Thread] DEBUG LoopRunner           - Stopping loop
16:06:44.368 [JavaFX Application Thread] DEBUG SystemBundleService  - Saving FXGL system data
16:06:44.369 [JavaFX Application Thread] DEBUG FileSystemAccess     - Writing to: C:\Users\xxdee\IdeaProjects\350FXGLjavagame\system\fxgl.bundle
16:06:44.370 [JavaFX Application Thread] DEBUG GameApplication      - Shutting down background threads
16:06:44.370 [JavaFX Application Thread] DEBUG GameApplication      - Closing logger and exiting JavaFX
