00:12:46.598 [main                     ] DEBUG GameApplication      - Logger initialized
00:12:46.622 [main                     ] DEBUG GameApplication      - Logging settings
Title: Space Game
Version: 0.1
Width: 1920
Height: 1080
Fullscreen: false
Intro: false
Menus: false
Profiling: false
Single step:false
App Mode: DEVELOPER
Menu Key: ESCAPE
Stage Style: DECORATED
Scene Factory: class com.almasb.fxgl.app.scene.SceneFactory

00:12:47.162 [JavaFX Application Thread] DEBUG GameApplication      - Initializing FXGL
00:12:47.177 [JavaFX Application Thread] INFO  Engine               - FXGL-11.8 (08.03.2020 09.09) on WINDOWS (J:11.0.12 FX:13.0.2)
00:12:47.178 [JavaFX Application Thread] INFO  Engine               - Source code and latest versions at: https://github.com/AlmasB/FXGL
00:12:47.178 [JavaFX Application Thread] INFO  Engine               -              Join the FXGL chat at: https://gitter.im/AlmasB/FXGL
00:12:47.375 [JavaFX Application Thread] DEBUG MainWindow           - Creating a JavaFX scene
00:12:47.375 [JavaFX Application Thread] DEBUG MainWindow           - Target size > screen size
00:12:47.486 [JavaFX Application Thread] DEBUG MainWindow           - Target settings size: 1920.0 x 1080.0
00:12:47.486 [JavaFX Application Thread] DEBUG MainWindow           - Scaled scene size:    1439.0 x 823.0
00:12:47.487 [JavaFX Application Thread] DEBUG MainWindow           - Scaled ratio: (0.7494791666666667, 0.7620370370370371)
00:12:47.489 [JavaFX Application Thread] DEBUG MainWindow           - Set initial scene to FXGLStartupScene
00:12:47.499 [JavaFX Application Thread] DEBUG MainWindow           - Opening main window
00:12:47.608 [JavaFX Application Thread] DEBUG MainWindow           - Window border size: (14.5999755859375, 37.79998779296875)
00:12:47.609 [JavaFX Application Thread] DEBUG MainWindow           - Scaled size: 1439.0 x 823.0
00:12:47.609 [JavaFX Application Thread] DEBUG MainWindow           - Scaled ratio: (0.7494791666666667, 0.7620370370370371)
00:12:47.609 [JavaFX Application Thread] DEBUG MainWindow           - Scene size: 1439.0 x 823.0
00:12:47.609 [JavaFX Application Thread] DEBUG MainWindow           - Stage size: 1453.5999755859375 x 860.7999877929688
00:12:47.619 [FXGL Background Thread 1 ] DEBUG Engine               - Initializing environment variables
00:12:47.662 [FXGL Background Thread 1 ] DEBUG WindowService        - Applying CSS: fxgl_dark.css
00:12:47.664 [FXGL Background Thread 1 ] DEBUG AssetLoaderService   - Loading from file system: /assets/ui/css/fxgl_dark.css
00:12:47.753 [FXGL Background Thread 1 ] DEBUG WindowService        - Initializing application scenes
00:12:47.833 [FXGL Background Thread 1 ] DEBUG GameWorld            - Game world initialized
00:12:47.898 [FXGL Background Thread 1 ] DEBUG PhysicsWorld         - Physics world initialized: appHeight=1080, physics.ppm=50.0
00:12:47.901 [FXGL Background Thread 1 ] DEBUG GameScene            - Game scene initialized: 1920x1080
00:12:47.914 [FXGL Background Thread 1 ] DEBUG Input                - Registered new binding: Resume - Esc
00:12:47.922 [FXGL Background Thread 1 ] DEBUG AssetLoaderService   - Loading from file system: /assets/textures/pause_menu_bg.png
00:12:47.992 [FXGL Background Thread 1 ] DEBUG Input                - Registered new binding: Pause - Esc
00:12:47.992 [FXGL Background Thread 1 ] DEBUG WindowService        - Application scenes initialized
00:12:48.007 [FXGL Background Thread 1 ] DEBUG SystemBundleService  - Loading FXGL system data
00:12:48.012 [FXGL Background Thread 1 ] DEBUG FileSystemAccess     - Reading from: C:\Users\dakot\IdeaProjects\350FXGLjavagame\system\fxgl.bundle
00:12:48.017 [FXGL Background Thread 1 ] DEBUG SystemBundleService  - Bundle FXGL: {}
00:12:48.018 [FXGL Background Thread 1 ] INFO  Engine               - FXGL initialization took: 0.396 sec
00:12:48.020 [FXGL Background Thread 1 ] DEBUG GameApplication      - Loading localizations
00:12:48.020 [FXGL Background Thread 1 ] DEBUG AssetLoaderService   - Loading from file system: /assets/properties/languages/english.properties
00:12:48.022 [FXGL Background Thread 1 ] DEBUG AssetLoaderService   - Loading from file system: /assets/properties/languages/french.properties
00:12:48.023 [FXGL Background Thread 1 ] DEBUG AssetLoaderService   - Loading from file system: /assets/properties/languages/german.properties
00:12:48.025 [FXGL Background Thread 1 ] DEBUG AssetLoaderService   - Loading from file system: /assets/properties/languages/hungarian.properties
00:12:48.027 [FXGL Background Thread 1 ] DEBUG AssetLoaderService   - Loading from file system: /assets/properties/languages/russian.properties
00:12:48.028 [FXGL Background Thread 1 ] DEBUG GameApplication      - Registering font factories with UI factory
00:12:48.028 [FXGL Background Thread 1 ] DEBUG AssetLoaderService   - Loading from file system: /assets/ui/fonts/VarelaRound-Regular.ttf
00:12:48.166 [FXGL Background Thread 1 ] DEBUG AssetLoaderService   - Loading from file system: /assets/ui/fonts/Abel-Regular.ttf
00:12:48.170 [FXGL Background Thread 1 ] DEBUG AssetLoaderService   - Loading from file system: /assets/ui/fonts/lucida_console.ttf
00:12:48.175 [FXGL Background Thread 1 ] DEBUG AssetLoaderService   - Loading from file system: /assets/ui/fonts/Courier-Prime.ttf
00:12:48.182 [JavaFX Application Thread] DEBUG AssetLoaderService   - Loading from file system: /assets/textures/fxgl_icon.png
00:12:48.205 [JavaFX Application Thread] DEBUG AssetLoaderService   - Loading from file system: /assets/ui/cursors/fxgl_default.png
00:12:48.208 [JavaFX Application Thread] DEBUG Input                - Registered new binding: Screenshot - P
00:12:48.209 [JavaFX Application Thread] DEBUG Input                - Registered new binding: System info dump - CTRL+9
00:12:48.209 [JavaFX Application Thread] DEBUG Input                - Registered new binding: Restart - CTRL+R
00:12:48.210 [JavaFX Application Thread] DEBUG LoopRunner           - Starting loop
00:12:48.229 [JavaFX Application Thread] DEBUG FXGLStartupScene     - STARTUP
00:12:48.229 [JavaFX Application Thread] DEBUG WindowService        - Starting new game
00:12:48.233 [JavaFX Application Thread] DEBUG Input                - Clearing active input actions
00:12:48.248 [JavaFX Application Thread] DEBUG WindowService        - Removing overlay from FXGLStartupScene and adding to FXGLLoadingScene
00:12:48.249 [JavaFX Application Thread] DEBUG MainWindow           - FXGLStartupScene -> FXGLLoadingScene
00:12:48.249 [JavaFX Application Thread] DEBUG WindowService        - Clearing previous game
00:12:48.249 [JavaFX Application Thread] DEBUG GameScene            - Clearing game scene
00:12:48.249 [JavaFX Application Thread] DEBUG GameWorld            - Clearing game world
00:12:48.249 [JavaFX Application Thread] DEBUG PhysicsWorld         - Clearing physics world
00:12:48.251 [FXGL Background Thread 1 ] DEBUG GameApplication      - Initializing game
00:12:48.264 [FXGL Background Thread 1 ] DEBUG AssetLoaderService   - Loading from file system: /assets/textures/spaceship.png
00:12:48.273 [FXGL Background Thread 1 ] DEBUG AssetLoaderService   - Loading from file system: /assets/textures/asteroid.png
00:12:48.277 [FXGL Background Thread 1 ] INFO  GameApplication      - Game initialization took: 0.026 sec
00:12:48.301 [JavaFX Application Thread] DEBUG Input                - Clearing active input actions
00:12:48.314 [JavaFX Application Thread] DEBUG WindowService        - Removing overlay from FXGLLoadingScene and adding to GameScene
00:12:48.314 [JavaFX Application Thread] DEBUG MainWindow           - FXGLLoadingScene -> GameScene
00:12:51.020 [FXGL Background Thread 2 ] DEBUG Engine               - Logging environment variables
00:12:51.020 [FXGL Background Thread 2 ] DEBUG Engine               - achievements: []
00:12:51.021 [FXGL Background Thread 2 ] DEBUG Engine               - language: ObjectProperty [value: ENGLISH]
00:12:51.021 [FXGL Background Thread 2 ] DEBUG Engine               - isCloseConfirmation: false
00:12:51.021 [FXGL Background Thread 2 ] DEBUG Engine               - isProfilingEnabled: false
00:12:51.021 [FXGL Background Thread 2 ] DEBUG Engine               - soundNotification: core/notification.wav
00:12:51.022 [FXGL Background Thread 2 ] DEBUG Engine               - devShowBBoxProperty: BooleanProperty [value: false]
00:12:51.022 [FXGL Background Thread 2 ] DEBUG Engine               - pixelsPerMeter: 50.0
00:12:51.022 [FXGL Background Thread 2 ] DEBUG Engine               - soundMenuBack: menu/back.wav
00:12:51.022 [FXGL Background Thread 2 ] DEBUG Engine               - appIcon: fxgl_icon.png
00:12:51.023 [FXGL Background Thread 2 ] DEBUG Engine               - isFullScreenAllowed: false
00:12:51.023 [FXGL Background Thread 2 ] DEBUG Engine               - isIntroEnabled: false
00:12:51.023 [FXGL Background Thread 2 ] DEBUG Engine               - fontMono: lucida_console.ttf
00:12:51.023 [FXGL Background Thread 2 ] DEBUG Engine               - soundMenuSelect: menu/select.wav
00:12:51.024 [FXGL Background Thread 2 ] DEBUG Engine               - isWindows: true
00:12:51.024 [FXGL Background Thread 2 ] DEBUG Engine               - isMobile: false
00:12:51.024 [FXGL Background Thread 2 ] DEBUG Engine               - isUserProfileEnabled: false
00:12:51.024 [FXGL Background Thread 2 ] DEBUG Engine               - height: 1080
00:12:51.025 [FXGL Background Thread 2 ] DEBUG Engine               - isExperimentalNative: false
00:12:51.025 [FXGL Background Thread 2 ] DEBUG Engine               - settings: Title: Space Game
Version: 0.1
Width: 1920
Height: 1080
Fullscreen: false
Intro: false
Menus: false
Profiling: false
Single step:false
App Mode: DEVELOPER
Menu Key: ESCAPE
Stage Style: DECORATED
Scene Factory: class com.almasb.fxgl.app.scene.SceneFactory

00:12:51.025 [FXGL Background Thread 2 ] DEBUG Engine               - isSingleStep: false
00:12:51.025 [FXGL Background Thread 2 ] DEBUG Engine               - cSSList: [fxgl_dark.css]
00:12:51.026 [FXGL Background Thread 2 ] DEBUG Engine               - fontGame: Abel-Regular.ttf
00:12:51.026 [FXGL Background Thread 2 ] DEBUG Engine               - menuKey: ESCAPE
00:12:51.026 [FXGL Background Thread 2 ] DEBUG Engine               - devShowPositionProperty: BooleanProperty [value: false]
00:12:51.026 [FXGL Background Thread 2 ] DEBUG Engine               - versionCheckDays: 7
00:12:51.027 [FXGL Background Thread 2 ] DEBUG Engine               - configClass: Optional.empty
00:12:51.027 [FXGL Background Thread 2 ] DEBUG Engine               - isFullScreenFromStart: false
00:12:51.027 [FXGL Background Thread 2 ] DEBUG Engine               - version: 0.1
00:12:51.027 [FXGL Background Thread 2 ] DEBUG Engine               - fullScreen: BooleanProperty [value: false]
00:12:51.027 [FXGL Background Thread 2 ] DEBUG Engine               - randomSeed: -1
00:12:51.028 [FXGL Background Thread 2 ] DEBUG Engine               - gameDifficultyProperty: ObjectProperty [value: MEDIUM]
00:12:51.028 [FXGL Background Thread 2 ] DEBUG Engine               - applicationMode: DEVELOPER
00:12:51.028 [FXGL Background Thread 2 ] DEBUG Engine               - isMac: false
00:12:51.028 [FXGL Background Thread 2 ] DEBUG Engine               - isMenuEnabled: false
00:12:51.029 [FXGL Background Thread 2 ] DEBUG Engine               - profileName: StringProperty [value: DEFAULT]
00:12:51.029 [FXGL Background Thread 2 ] DEBUG Engine               - urlPOM: https://raw.githubusercontent.com/AlmasB/FXGL/master/pom.xml
00:12:51.029 [FXGL Background Thread 2 ] DEBUG Engine               - notificationViewClass: class com.almasb.fxgl.notification.view.XboxNotificationView
00:12:51.030 [FXGL Background Thread 2 ] DEBUG Engine               - devSensorColorProperty: ObjectProperty [value: 0xffff00ff]
00:12:51.030 [FXGL Background Thread 2 ] DEBUG Engine               - sceneFactory: com.almasb.fxgl.app.scene.SceneFactory@6b21d3c4
00:12:51.030 [FXGL Background Thread 2 ] DEBUG Engine               - stageStyle: DECORATED
00:12:51.031 [FXGL Background Thread 2 ] DEBUG Engine               - isManualResizeEnabled: false
00:12:51.031 [FXGL Background Thread 2 ] DEBUG Engine               - title: Space Game
00:12:51.031 [FXGL Background Thread 2 ] DEBUG Engine               - platform: WINDOWS
00:12:51.032 [FXGL Background Thread 2 ] DEBUG Engine               - devBBoxColorProperty: ObjectProperty [value: 0xff0000ff]
00:12:51.032 [FXGL Background Thread 2 ] DEBUG Engine               - gameDifficulty: MEDIUM
00:12:51.032 [FXGL Background Thread 2 ] DEBUG Engine               - isDesktop: true
00:12:51.032 [FXGL Background Thread 2 ] DEBUG Engine               - supportedLanguages: [ENGLISH, FRENCH, GERMAN, HUNGARIAN, RUSSIAN]
00:12:51.033 [FXGL Background Thread 2 ] DEBUG Engine               - credits: []
00:12:51.033 [FXGL Background Thread 2 ] DEBUG Engine               - globalMusicVolumeProperty: DoubleProperty [value: 0.5]
00:12:51.033 [FXGL Background Thread 2 ] DEBUG Engine               - isPreserveResizeRatio: false
00:12:51.034 [FXGL Background Thread 2 ] DEBUG Engine               - fontText: Courier-Prime.ttf
00:12:51.034 [FXGL Background Thread 2 ] DEBUG Engine               - isExperimentalTiledLargeMap: false
00:12:51.034 [FXGL Background Thread 2 ] DEBUG Engine               - secondsIn24h: 60
00:12:51.034 [FXGL Background Thread 2 ] DEBUG Engine               - runtimeInfo: RuntimeInfo(platform=WINDOWS, version=11.8, build=08.03.2020 09.09)
00:12:51.034 [FXGL Background Thread 2 ] DEBUG Engine               - isLinux: false
00:12:51.035 [FXGL Background Thread 2 ] DEBUG Engine               - soundMenuPress: menu/press.wav
00:12:51.035 [FXGL Background Thread 2 ] DEBUG Engine               - urlGithub: https://github.com/AlmasB/FXGL
00:12:51.035 [FXGL Background Thread 2 ] DEBUG Engine               - profileDir: profiles/
00:12:51.035 [FXGL Background Thread 2 ] DEBUG Engine               - isDeveloperMenuEnabled: false
00:12:51.036 [FXGL Background Thread 2 ] DEBUG Engine               - globalSoundVolumeProperty: DoubleProperty [value: 0.5]
00:12:51.036 [FXGL Background Thread 2 ] DEBUG Engine               - mainWindow: com.almasb.fxgl.app.MainWindow@6f1e4a78
00:12:51.036 [FXGL Background Thread 2 ] DEBUG Engine               - isBrowser: false
00:12:51.037 [FXGL Background Thread 2 ] DEBUG Engine               - urlLeaderboard: http://fxgl-top.herokuapp.com/
00:12:51.037 [FXGL Background Thread 2 ] DEBUG Engine               - globalSoundVolume: 0.5
00:12:51.037 [FXGL Background Thread 2 ] DEBUG Engine               - engineServices: [class com.almasb.fxgl.app.GameApplication$GameApplicationService, class com.almasb.fxgl.app.services.WindowService, class com.almasb.fxgl.app.services.FXGLDialogService, class com.almasb.fxgl.app.services.IOTaskExecutorService, class com.almasb.fxgl.event.EventBusService, class com.almasb.fxgl.io.FileSystemService, class com.almasb.fxgl.localization.LocalizationService, class com.almasb.fxgl.app.services.AssetLoaderService, class com.almasb.fxgl.app.services.SystemBundleService, class com.almasb.fxgl.profile.SaveLoadService, class com.almasb.fxgl.ui.FXGLUIFactoryServiceProvider, class com.almasb.fxgl.ui.FXGLDialogFactoryServiceProvider, class com.almasb.fxgl.audio.AudioPlayer, class com.almasb.fxgl.notification.impl.NotificationServiceProvider, class com.almasb.fxgl.achievement.AchievementService, class com.almasb.fxgl.cutscene.CutsceneService, class com.almasb.fxgl.minigames.MiniGameService, class com.almasb.fxgl.net.NetService, class com.almasb.fxgl.app.services.UpdaterService]
00:12:51.037 [FXGL Background Thread 2 ] DEBUG Engine               - globalMusicVolume: 0.5
00:12:51.037 [FXGL Background Thread 2 ] DEBUG Engine               - width: 1920
00:12:51.038 [FXGL Background Thread 2 ] DEBUG Engine               - saveFileExt: sav
00:12:51.038 [FXGL Background Thread 2 ] DEBUG Engine               - isAndroid: false
00:12:51.038 [FXGL Background Thread 2 ] DEBUG Engine               - fontUI: VarelaRound-Regular.ttf
00:12:51.039 [FXGL Background Thread 2 ] DEBUG Engine               - enabledMenuItems: []
00:12:51.039 [FXGL Background Thread 2 ] DEBUG Engine               - isIOS: false
00:12:51.039 [FXGL Background Thread 2 ] DEBUG Engine               - Logging services
00:12:51.039 [FXGL Background Thread 2 ] DEBUG Engine               - class com.almasb.fxgl.app.GameApplication$GameApplicationService
00:12:51.039 [FXGL Background Thread 2 ] DEBUG Engine               - class com.almasb.fxgl.app.services.WindowService
00:12:51.040 [FXGL Background Thread 2 ] DEBUG Engine               - class com.almasb.fxgl.app.services.FXGLDialogService
00:12:51.040 [FXGL Background Thread 2 ] DEBUG Engine               - class com.almasb.fxgl.app.services.IOTaskExecutorService
00:12:51.040 [FXGL Background Thread 2 ] DEBUG Engine               - class com.almasb.fxgl.event.EventBusService
00:12:51.040 [FXGL Background Thread 2 ] DEBUG Engine               - class com.almasb.fxgl.io.FileSystemService
00:12:51.040 [FXGL Background Thread 2 ] DEBUG Engine               - class com.almasb.fxgl.localization.LocalizationService
00:12:51.041 [FXGL Background Thread 2 ] DEBUG Engine               - class com.almasb.fxgl.app.services.AssetLoaderService
00:12:51.041 [FXGL Background Thread 2 ] DEBUG Engine               - class com.almasb.fxgl.app.services.SystemBundleService
00:12:51.041 [FXGL Background Thread 2 ] DEBUG Engine               - class com.almasb.fxgl.profile.SaveLoadService
00:12:51.041 [FXGL Background Thread 2 ] DEBUG Engine               - class com.almasb.fxgl.ui.FXGLUIFactoryServiceProvider
00:12:51.041 [FXGL Background Thread 2 ] DEBUG Engine               - class com.almasb.fxgl.ui.FXGLDialogFactoryServiceProvider
00:12:51.042 [FXGL Background Thread 2 ] DEBUG Engine               - class com.almasb.fxgl.audio.AudioPlayer
00:12:51.042 [FXGL Background Thread 2 ] DEBUG Engine               - class com.almasb.fxgl.notification.impl.NotificationServiceProvider
00:12:51.042 [FXGL Background Thread 2 ] DEBUG Engine               - class com.almasb.fxgl.achievement.AchievementService
00:12:51.042 [FXGL Background Thread 2 ] DEBUG Engine               - class com.almasb.fxgl.cutscene.CutsceneService
00:12:51.042 [FXGL Background Thread 2 ] DEBUG Engine               - class com.almasb.fxgl.minigames.MiniGameService
00:12:51.042 [FXGL Background Thread 2 ] DEBUG Engine               - class com.almasb.fxgl.net.NetService
00:12:51.043 [FXGL Background Thread 2 ] DEBUG Engine               - class com.almasb.fxgl.app.services.UpdaterService
00:12:59.726 [JavaFX Application Thread] DEBUG GameApplication      - Exiting FXGL
00:12:59.726 [JavaFX Application Thread] DEBUG LoopRunner           - Stopping loop
00:12:59.726 [JavaFX Application Thread] DEBUG SystemBundleService  - Saving FXGL system data
00:12:59.732 [JavaFX Application Thread] DEBUG FileSystemAccess     - Writing to: C:\Users\dakot\IdeaProjects\350FXGLjavagame\system\fxgl.bundle
00:12:59.736 [JavaFX Application Thread] DEBUG GameApplication      - Shutting down background threads
00:12:59.737 [JavaFX Application Thread] DEBUG GameApplication      - Closing logger and exiting JavaFX
