02:04:29.233 [main                     ] DEBUG GameApplication      - Logger initialized
02:04:29.260 [main                     ] DEBUG GameApplication      - Logging settings
Title: Space Game
Version: 0.1
Width: 2000
Height: 1000
Fullscreen: false
Intro: false
Menus: false
Profiling: false
Single step:false
App Mode: DEVELOPER
Menu Key: ESCAPE
Stage Style: DECORATED
Scene Factory: class com.almasb.fxgl.app.scene.SceneFactory

02:04:29.774 [JavaFX Application Thread] DEBUG GameApplication      - Initializing FXGL
02:04:29.787 [JavaFX Application Thread] INFO  Engine               - FXGL-11.8 (08.03.2020 09.09) on WINDOWS (J:11.0.12 FX:13.0.2)
02:04:29.788 [JavaFX Application Thread] INFO  Engine               - Source code and latest versions at: https://github.com/AlmasB/FXGL
02:04:29.788 [JavaFX Application Thread] INFO  Engine               -              Join the FXGL chat at: https://gitter.im/AlmasB/FXGL
02:04:29.976 [JavaFX Application Thread] DEBUG MainWindow           - Creating a JavaFX scene
02:04:29.977 [JavaFX Application Thread] DEBUG MainWindow           - Target size > screen size
02:04:30.076 [JavaFX Application Thread] DEBUG MainWindow           - Target settings size: 2000.0 x 1000.0
02:04:30.076 [JavaFX Application Thread] DEBUG MainWindow           - Scaled scene size:    1511.0 x 768.0
02:04:30.076 [JavaFX Application Thread] DEBUG MainWindow           - Scaled ratio: (0.7555, 0.768)
02:04:30.079 [JavaFX Application Thread] DEBUG MainWindow           - Set initial scene to FXGLStartupScene
02:04:30.088 [JavaFX Application Thread] DEBUG MainWindow           - Opening main window
02:04:30.195 [JavaFX Application Thread] DEBUG MainWindow           - Window border size: (14.5999755859375, 37.5999755859375)
02:04:30.195 [JavaFX Application Thread] DEBUG MainWindow           - Scaled size: 1511.0 x 768.0
02:04:30.196 [JavaFX Application Thread] DEBUG MainWindow           - Scaled ratio: (0.7555, 0.768)
02:04:30.196 [JavaFX Application Thread] DEBUG MainWindow           - Scene size: 1511.0 x 768.0
02:04:30.196 [JavaFX Application Thread] DEBUG MainWindow           - Stage size: 1525.5999755859375 x 805.5999755859375
02:04:30.208 [FXGL Background Thread 1 ] DEBUG Engine               - Initializing environment variables
02:04:30.250 [FXGL Background Thread 1 ] DEBUG WindowService        - Applying CSS: fxgl_dark.css
02:04:30.251 [FXGL Background Thread 1 ] DEBUG AssetLoaderService   - Loading from file system: /assets/ui/css/fxgl_dark.css
02:04:30.343 [FXGL Background Thread 1 ] DEBUG WindowService        - Initializing application scenes
02:04:30.395 [FXGL Background Thread 1 ] DEBUG GameWorld            - Game world initialized
02:04:30.461 [FXGL Background Thread 1 ] DEBUG PhysicsWorld         - Physics world initialized: appHeight=1000, physics.ppm=50.0
02:04:30.464 [FXGL Background Thread 1 ] DEBUG GameScene            - Game scene initialized: 2000x1000
02:04:30.478 [FXGL Background Thread 1 ] DEBUG Input                - Registered new binding: Resume - Esc
02:04:30.488 [FXGL Background Thread 1 ] DEBUG AssetLoaderService   - Loading from file system: /assets/textures/pause_menu_bg.png
02:04:30.554 [FXGL Background Thread 1 ] DEBUG Input                - Registered new binding: Pause - Esc
02:04:30.554 [FXGL Background Thread 1 ] DEBUG WindowService        - Application scenes initialized
02:04:30.566 [FXGL Background Thread 1 ] DEBUG SystemBundleService  - Loading FXGL system data
02:04:30.572 [FXGL Background Thread 1 ] DEBUG FileSystemAccess     - Reading from: C:\Users\dakot\IdeaProjects\350FXGLjavagame\system\fxgl.bundle
02:04:30.578 [FXGL Background Thread 1 ] DEBUG SystemBundleService  - Bundle FXGL: {}
02:04:30.578 [FXGL Background Thread 1 ] INFO  Engine               - FXGL initialization took: 0.368 sec
02:04:30.580 [FXGL Background Thread 1 ] DEBUG GameApplication      - Loading localizations
02:04:30.580 [FXGL Background Thread 1 ] DEBUG AssetLoaderService   - Loading from file system: /assets/properties/languages/english.properties
02:04:30.582 [FXGL Background Thread 1 ] DEBUG AssetLoaderService   - Loading from file system: /assets/properties/languages/french.properties
02:04:30.584 [FXGL Background Thread 1 ] DEBUG AssetLoaderService   - Loading from file system: /assets/properties/languages/german.properties
02:04:30.585 [FXGL Background Thread 1 ] DEBUG AssetLoaderService   - Loading from file system: /assets/properties/languages/hungarian.properties
02:04:30.587 [FXGL Background Thread 1 ] DEBUG AssetLoaderService   - Loading from file system: /assets/properties/languages/russian.properties
02:04:30.588 [FXGL Background Thread 1 ] DEBUG GameApplication      - Registering font factories with UI factory
02:04:30.588 [FXGL Background Thread 1 ] DEBUG AssetLoaderService   - Loading from file system: /assets/ui/fonts/VarelaRound-Regular.ttf
02:04:30.720 [FXGL Background Thread 1 ] DEBUG AssetLoaderService   - Loading from file system: /assets/ui/fonts/Abel-Regular.ttf
02:04:30.723 [FXGL Background Thread 1 ] DEBUG AssetLoaderService   - Loading from file system: /assets/ui/fonts/lucida_console.ttf
02:04:30.727 [FXGL Background Thread 1 ] DEBUG AssetLoaderService   - Loading from file system: /assets/ui/fonts/Courier-Prime.ttf
02:04:30.732 [JavaFX Application Thread] DEBUG Input                - Registered new binding: action0 - D
02:04:30.733 [JavaFX Application Thread] DEBUG Input                - Registered new binding: action1 - A
02:04:30.733 [JavaFX Application Thread] DEBUG Input                - Registered new binding: action2 - W
02:04:30.734 [JavaFX Application Thread] DEBUG Input                - Registered new binding: action3 - Space
02:04:30.734 [JavaFX Application Thread] DEBUG AssetLoaderService   - Loading from file system: /assets/textures/fxgl_icon.png
02:04:30.759 [JavaFX Application Thread] DEBUG AssetLoaderService   - Loading from file system: /assets/ui/cursors/fxgl_default.png
02:04:30.761 [JavaFX Application Thread] DEBUG Input                - Registered new binding: Screenshot - P
02:04:30.762 [JavaFX Application Thread] DEBUG Input                - Registered new binding: System info dump - CTRL+9
02:04:30.762 [JavaFX Application Thread] DEBUG Input                - Registered new binding: Restart - CTRL+R
02:04:30.763 [JavaFX Application Thread] DEBUG LoopRunner           - Starting loop
02:04:30.780 [JavaFX Application Thread] DEBUG FXGLStartupScene     - STARTUP
02:04:30.780 [JavaFX Application Thread] DEBUG WindowService        - Starting new game
02:04:30.784 [JavaFX Application Thread] DEBUG Input                - Clearing active input actions
02:04:30.798 [JavaFX Application Thread] DEBUG WindowService        - Removing overlay from FXGLStartupScene and adding to FXGLLoadingScene
02:04:30.799 [JavaFX Application Thread] DEBUG MainWindow           - FXGLStartupScene -> FXGLLoadingScene
02:04:30.799 [JavaFX Application Thread] DEBUG WindowService        - Clearing previous game
02:04:30.799 [JavaFX Application Thread] DEBUG GameScene            - Clearing game scene
02:04:30.799 [JavaFX Application Thread] DEBUG GameWorld            - Clearing game world
02:04:30.799 [JavaFX Application Thread] DEBUG PhysicsWorld         - Clearing physics world
02:04:30.801 [FXGL Background Thread 1 ] DEBUG GameApplication      - Initializing game
02:04:30.812 [FXGL Background Thread 1 ] DEBUG AssetLoaderService   - Loading from file system: /assets/textures/spacebackground.png
02:04:30.895 [FXGL Background Thread 1 ] DEBUG AssetLoaderService   - Loading from file system: /assets/textures/spaceship.png
02:04:30.905 [FXGL Background Thread 1 ] INFO  GameApplication      - Game initialization took: 0.105 sec
02:04:30.928 [JavaFX Application Thread] DEBUG Input                - Clearing active input actions
02:04:30.943 [JavaFX Application Thread] DEBUG WindowService        - Removing overlay from FXGLLoadingScene and adding to GameScene
02:04:30.944 [JavaFX Application Thread] DEBUG MainWindow           - FXGLLoadingScene -> GameScene
02:04:31.449 [JavaFX Application Thread] DEBUG AssetLoaderService   - Loading from file system: /assets/textures/projectile.png
02:04:33.111 [JavaFX Application Thread] DEBUG AssetLoaderService   - Loading from cache: /assets/textures/projectile.png
02:04:33.580 [FXGL Background Thread 2 ] DEBUG Engine               - Logging environment variables
02:04:33.580 [FXGL Background Thread 2 ] DEBUG Engine               - achievements: []
02:04:33.581 [FXGL Background Thread 2 ] DEBUG Engine               - language: ObjectProperty [value: ENGLISH]
02:04:33.581 [FXGL Background Thread 2 ] DEBUG Engine               - isCloseConfirmation: false
02:04:33.581 [FXGL Background Thread 2 ] DEBUG Engine               - isProfilingEnabled: false
02:04:33.581 [FXGL Background Thread 2 ] DEBUG Engine               - soundNotification: core/notification.wav
02:04:33.582 [FXGL Background Thread 2 ] DEBUG Engine               - devShowBBoxProperty: BooleanProperty [value: false]
02:04:33.582 [FXGL Background Thread 2 ] DEBUG Engine               - pixelsPerMeter: 50.0
02:04:33.582 [FXGL Background Thread 2 ] DEBUG Engine               - soundMenuBack: menu/back.wav
02:04:33.583 [FXGL Background Thread 2 ] DEBUG Engine               - appIcon: fxgl_icon.png
02:04:33.583 [FXGL Background Thread 2 ] DEBUG Engine               - isFullScreenAllowed: false
02:04:33.583 [FXGL Background Thread 2 ] DEBUG Engine               - isIntroEnabled: false
02:04:33.583 [FXGL Background Thread 2 ] DEBUG Engine               - fontMono: lucida_console.ttf
02:04:33.584 [FXGL Background Thread 2 ] DEBUG Engine               - soundMenuSelect: menu/select.wav
02:04:33.584 [FXGL Background Thread 2 ] DEBUG Engine               - isWindows: true
02:04:33.584 [FXGL Background Thread 2 ] DEBUG Engine               - isMobile: false
02:04:33.585 [FXGL Background Thread 2 ] DEBUG Engine               - isUserProfileEnabled: false
02:04:33.585 [FXGL Background Thread 2 ] DEBUG Engine               - height: 1000
02:04:33.585 [FXGL Background Thread 2 ] DEBUG Engine               - isExperimentalNative: false
02:04:33.585 [FXGL Background Thread 2 ] DEBUG Engine               - settings: Title: Space Game
Version: 0.1
Width: 2000
Height: 1000
Fullscreen: false
Intro: false
Menus: false
Profiling: false
Single step:false
App Mode: DEVELOPER
Menu Key: ESCAPE
Stage Style: DECORATED
Scene Factory: class com.almasb.fxgl.app.scene.SceneFactory

02:04:33.586 [FXGL Background Thread 2 ] DEBUG Engine               - isSingleStep: false
02:04:33.586 [FXGL Background Thread 2 ] DEBUG Engine               - cSSList: [fxgl_dark.css]
02:04:33.586 [FXGL Background Thread 2 ] DEBUG Engine               - fontGame: Abel-Regular.ttf
02:04:33.587 [FXGL Background Thread 2 ] DEBUG Engine               - menuKey: ESCAPE
02:04:33.587 [FXGL Background Thread 2 ] DEBUG Engine               - devShowPositionProperty: BooleanProperty [value: false]
02:04:33.587 [FXGL Background Thread 2 ] DEBUG Engine               - versionCheckDays: 7
02:04:33.588 [FXGL Background Thread 2 ] DEBUG Engine               - configClass: Optional.empty
02:04:33.588 [FXGL Background Thread 2 ] DEBUG Engine               - isFullScreenFromStart: false
02:04:33.588 [FXGL Background Thread 2 ] DEBUG Engine               - version: 0.1
02:04:33.588 [FXGL Background Thread 2 ] DEBUG Engine               - fullScreen: BooleanProperty [value: false]
02:04:33.589 [FXGL Background Thread 2 ] DEBUG Engine               - randomSeed: -1
02:04:33.589 [FXGL Background Thread 2 ] DEBUG Engine               - gameDifficultyProperty: ObjectProperty [value: MEDIUM]
02:04:33.590 [FXGL Background Thread 2 ] DEBUG Engine               - applicationMode: DEVELOPER
02:04:33.590 [FXGL Background Thread 2 ] DEBUG Engine               - isMac: false
02:04:33.590 [FXGL Background Thread 2 ] DEBUG Engine               - isMenuEnabled: false
02:04:33.590 [FXGL Background Thread 2 ] DEBUG Engine               - profileName: StringProperty [value: DEFAULT]
02:04:33.591 [FXGL Background Thread 2 ] DEBUG Engine               - urlPOM: https://raw.githubusercontent.com/AlmasB/FXGL/master/pom.xml
02:04:33.591 [FXGL Background Thread 2 ] DEBUG Engine               - notificationViewClass: class com.almasb.fxgl.notification.view.XboxNotificationView
02:04:33.592 [FXGL Background Thread 2 ] DEBUG Engine               - devSensorColorProperty: ObjectProperty [value: 0xffff00ff]
02:04:33.592 [FXGL Background Thread 2 ] DEBUG Engine               - sceneFactory: com.almasb.fxgl.app.scene.SceneFactory@5367e33e
02:04:33.592 [FXGL Background Thread 2 ] DEBUG Engine               - stageStyle: DECORATED
02:04:33.592 [FXGL Background Thread 2 ] DEBUG Engine               - isManualResizeEnabled: false
02:04:33.593 [FXGL Background Thread 2 ] DEBUG Engine               - title: Space Game
02:04:33.593 [FXGL Background Thread 2 ] DEBUG Engine               - platform: WINDOWS
02:04:33.593 [FXGL Background Thread 2 ] DEBUG Engine               - devBBoxColorProperty: ObjectProperty [value: 0xff0000ff]
02:04:33.594 [FXGL Background Thread 2 ] DEBUG Engine               - gameDifficulty: MEDIUM
02:04:33.594 [FXGL Background Thread 2 ] DEBUG Engine               - isDesktop: true
02:04:33.594 [FXGL Background Thread 2 ] DEBUG Engine               - supportedLanguages: [ENGLISH, FRENCH, GERMAN, HUNGARIAN, RUSSIAN]
02:04:33.594 [FXGL Background Thread 2 ] DEBUG Engine               - credits: []
02:04:33.595 [FXGL Background Thread 2 ] DEBUG Engine               - globalMusicVolumeProperty: DoubleProperty [value: 0.5]
02:04:33.595 [FXGL Background Thread 2 ] DEBUG Engine               - isPreserveResizeRatio: false
02:04:33.595 [FXGL Background Thread 2 ] DEBUG Engine               - fontText: Courier-Prime.ttf
02:04:33.595 [FXGL Background Thread 2 ] DEBUG Engine               - isExperimentalTiledLargeMap: false
02:04:33.595 [FXGL Background Thread 2 ] DEBUG Engine               - secondsIn24h: 60
02:04:33.596 [FXGL Background Thread 2 ] DEBUG Engine               - runtimeInfo: RuntimeInfo(platform=WINDOWS, version=11.8, build=08.03.2020 09.09)
02:04:33.596 [FXGL Background Thread 2 ] DEBUG Engine               - isLinux: false
02:04:33.597 [FXGL Background Thread 2 ] DEBUG Engine               - soundMenuPress: menu/press.wav
02:04:33.597 [FXGL Background Thread 2 ] DEBUG Engine               - urlGithub: https://github.com/AlmasB/FXGL
02:04:33.597 [FXGL Background Thread 2 ] DEBUG Engine               - profileDir: profiles/
02:04:33.597 [FXGL Background Thread 2 ] DEBUG Engine               - isDeveloperMenuEnabled: false
02:04:33.598 [FXGL Background Thread 2 ] DEBUG Engine               - globalSoundVolumeProperty: DoubleProperty [value: 0.5]
02:04:33.598 [FXGL Background Thread 2 ] DEBUG Engine               - mainWindow: com.almasb.fxgl.app.MainWindow@57586d8a
02:04:33.598 [FXGL Background Thread 2 ] DEBUG Engine               - isBrowser: false
02:04:33.598 [FXGL Background Thread 2 ] DEBUG Engine               - urlLeaderboard: http://fxgl-top.herokuapp.com/
02:04:33.599 [FXGL Background Thread 2 ] DEBUG Engine               - globalSoundVolume: 0.5
02:04:33.599 [FXGL Background Thread 2 ] DEBUG Engine               - engineServices: [class com.almasb.fxgl.app.GameApplication$GameApplicationService, class com.almasb.fxgl.app.services.WindowService, class com.almasb.fxgl.app.services.FXGLDialogService, class com.almasb.fxgl.app.services.IOTaskExecutorService, class com.almasb.fxgl.event.EventBusService, class com.almasb.fxgl.io.FileSystemService, class com.almasb.fxgl.localization.LocalizationService, class com.almasb.fxgl.app.services.AssetLoaderService, class com.almasb.fxgl.app.services.SystemBundleService, class com.almasb.fxgl.profile.SaveLoadService, class com.almasb.fxgl.ui.FXGLUIFactoryServiceProvider, class com.almasb.fxgl.ui.FXGLDialogFactoryServiceProvider, class com.almasb.fxgl.audio.AudioPlayer, class com.almasb.fxgl.notification.impl.NotificationServiceProvider, class com.almasb.fxgl.achievement.AchievementService, class com.almasb.fxgl.cutscene.CutsceneService, class com.almasb.fxgl.minigames.MiniGameService, class com.almasb.fxgl.net.NetService, class com.almasb.fxgl.app.services.UpdaterService]
02:04:33.599 [FXGL Background Thread 2 ] DEBUG Engine               - globalMusicVolume: 0.5
02:04:33.599 [FXGL Background Thread 2 ] DEBUG Engine               - width: 2000
02:04:33.600 [FXGL Background Thread 2 ] DEBUG Engine               - saveFileExt: sav
02:04:33.600 [FXGL Background Thread 2 ] DEBUG Engine               - isAndroid: false
02:04:33.600 [FXGL Background Thread 2 ] DEBUG Engine               - fontUI: VarelaRound-Regular.ttf
02:04:33.601 [FXGL Background Thread 2 ] DEBUG Engine               - enabledMenuItems: []
02:04:33.601 [FXGL Background Thread 2 ] DEBUG Engine               - isIOS: false
02:04:33.601 [FXGL Background Thread 2 ] DEBUG Engine               - Logging services
02:04:33.601 [FXGL Background Thread 2 ] DEBUG Engine               - class com.almasb.fxgl.app.GameApplication$GameApplicationService
02:04:33.602 [FXGL Background Thread 2 ] DEBUG Engine               - class com.almasb.fxgl.app.services.WindowService
02:04:33.602 [FXGL Background Thread 2 ] DEBUG Engine               - class com.almasb.fxgl.app.services.FXGLDialogService
02:04:33.602 [FXGL Background Thread 2 ] DEBUG Engine               - class com.almasb.fxgl.app.services.IOTaskExecutorService
02:04:33.602 [FXGL Background Thread 2 ] DEBUG Engine               - class com.almasb.fxgl.event.EventBusService
02:04:33.603 [FXGL Background Thread 2 ] DEBUG Engine               - class com.almasb.fxgl.io.FileSystemService
02:04:33.603 [FXGL Background Thread 2 ] DEBUG Engine               - class com.almasb.fxgl.localization.LocalizationService
02:04:33.603 [FXGL Background Thread 2 ] DEBUG Engine               - class com.almasb.fxgl.app.services.AssetLoaderService
02:04:33.603 [FXGL Background Thread 2 ] DEBUG Engine               - class com.almasb.fxgl.app.services.SystemBundleService
02:04:33.603 [FXGL Background Thread 2 ] DEBUG Engine               - class com.almasb.fxgl.profile.SaveLoadService
02:04:33.604 [FXGL Background Thread 2 ] DEBUG Engine               - class com.almasb.fxgl.ui.FXGLUIFactoryServiceProvider
02:04:33.604 [FXGL Background Thread 2 ] DEBUG Engine               - class com.almasb.fxgl.ui.FXGLDialogFactoryServiceProvider
02:04:33.604 [FXGL Background Thread 2 ] DEBUG Engine               - class com.almasb.fxgl.audio.AudioPlayer
02:04:33.604 [FXGL Background Thread 2 ] DEBUG Engine               - class com.almasb.fxgl.notification.impl.NotificationServiceProvider
02:04:33.605 [FXGL Background Thread 2 ] DEBUG Engine               - class com.almasb.fxgl.achievement.AchievementService
02:04:33.605 [FXGL Background Thread 2 ] DEBUG Engine               - class com.almasb.fxgl.cutscene.CutsceneService
02:04:33.605 [FXGL Background Thread 2 ] DEBUG Engine               - class com.almasb.fxgl.minigames.MiniGameService
02:04:33.605 [FXGL Background Thread 2 ] DEBUG Engine               - class com.almasb.fxgl.net.NetService
02:04:33.606 [FXGL Background Thread 2 ] DEBUG Engine               - class com.almasb.fxgl.app.services.UpdaterService
02:04:35.070 [JavaFX Application Thread] DEBUG AssetLoaderService   - Loading from cache: /assets/textures/projectile.png
02:04:35.399 [JavaFX Application Thread] DEBUG AssetLoaderService   - Loading from cache: /assets/textures/projectile.png
02:04:35.670 [JavaFX Application Thread] DEBUG AssetLoaderService   - Loading from cache: /assets/textures/projectile.png
02:04:35.895 [JavaFX Application Thread] DEBUG AssetLoaderService   - Loading from file system: /assets/textures/asteroid.png
02:04:35.911 [JavaFX Application Thread] DEBUG AssetLoaderService   - Loading from cache: /assets/textures/asteroid.png
02:04:36.099 [JavaFX Application Thread] DEBUG AssetLoaderService   - Loading from cache: /assets/textures/projectile.png
02:04:36.339 [JavaFX Application Thread] DEBUG AssetLoaderService   - Loading from cache: /assets/textures/projectile.png
02:04:37.250 [JavaFX Application Thread] DEBUG AssetLoaderService   - Loading from cache: /assets/textures/projectile.png
02:04:37.490 [JavaFX Application Thread] DEBUG AssetLoaderService   - Loading from cache: /assets/textures/projectile.png
02:04:38.091 [JavaFX Application Thread] DEBUG AssetLoaderService   - Loading from cache: /assets/textures/projectile.png
02:04:38.460 [JavaFX Application Thread] DEBUG AssetLoaderService   - Loading from cache: /assets/textures/projectile.png
02:04:39.294 [JavaFX Application Thread] DEBUG AssetLoaderService   - Loading from cache: /assets/textures/projectile.png
02:04:40.081 [JavaFX Application Thread] DEBUG AssetLoaderService   - Loading from cache: /assets/textures/projectile.png
02:04:40.609 [JavaFX Application Thread] DEBUG AssetLoaderService   - Loading from cache: /assets/textures/projectile.png
02:04:40.904 [JavaFX Application Thread] DEBUG AssetLoaderService   - Loading from cache: /assets/textures/asteroid.png
02:04:40.907 [JavaFX Application Thread] DEBUG AssetLoaderService   - Loading from cache: /assets/textures/asteroid.png
02:04:40.916 [JavaFX Application Thread] DEBUG AssetLoaderService   - Loading from cache: /assets/textures/projectile.png
02:04:41.812 [JavaFX Application Thread] DEBUG AssetLoaderService   - Loading from cache: /assets/textures/projectile.png
02:04:42.595 [JavaFX Application Thread] DEBUG AssetLoaderService   - Loading from cache: /assets/textures/projectile.png
02:04:43.078 [JavaFX Application Thread] DEBUG AssetLoaderService   - Loading from cache: /assets/textures/projectile.png
02:04:43.426 [JavaFX Application Thread] DEBUG AssetLoaderService   - Loading from cache: /assets/textures/projectile.png
02:04:44.069 [JavaFX Application Thread] DEBUG AssetLoaderService   - Loading from cache: /assets/textures/projectile.png
02:04:45.298 [JavaFX Application Thread] DEBUG AssetLoaderService   - Loading from cache: /assets/textures/projectile.png
02:04:45.895 [JavaFX Application Thread] DEBUG AssetLoaderService   - Loading from cache: /assets/textures/asteroid.png
02:04:45.898 [JavaFX Application Thread] DEBUG AssetLoaderService   - Loading from cache: /assets/textures/asteroid.png
02:04:46.813 [JavaFX Application Thread] DEBUG AssetLoaderService   - Loading from cache: /assets/textures/projectile.png
02:04:47.229 [JavaFX Application Thread] DEBUG AssetLoaderService   - Loading from cache: /assets/textures/projectile.png
02:04:47.581 [JavaFX Application Thread] DEBUG AssetLoaderService   - Loading from cache: /assets/textures/projectile.png
02:04:48.695 [JavaFX Application Thread] DEBUG AssetLoaderService   - Loading from cache: /assets/textures/projectile.png
02:04:48.929 [JavaFX Application Thread] DEBUG AssetLoaderService   - Loading from cache: /assets/textures/projectile.png
02:04:49.110 [JavaFX Application Thread] DEBUG AssetLoaderService   - Loading from cache: /assets/textures/projectile.png
02:04:50.919 [JavaFX Application Thread] DEBUG AssetLoaderService   - Loading from cache: /assets/textures/asteroid.png
02:04:50.921 [JavaFX Application Thread] DEBUG AssetLoaderService   - Loading from cache: /assets/textures/asteroid.png
02:04:51.573 [JavaFX Application Thread] DEBUG GameApplication      - Exiting FXGL
02:04:51.573 [JavaFX Application Thread] DEBUG LoopRunner           - Stopping loop
02:04:51.573 [JavaFX Application Thread] DEBUG SystemBundleService  - Saving FXGL system data
02:04:51.579 [JavaFX Application Thread] DEBUG FileSystemAccess     - Writing to: C:\Users\dakot\IdeaProjects\350FXGLjavagame\system\fxgl.bundle
02:04:51.584 [JavaFX Application Thread] DEBUG GameApplication      - Shutting down background threads
02:04:51.585 [JavaFX Application Thread] DEBUG GameApplication      - Closing logger and exiting JavaFX
