20:34:03.392 [main                     ] DEBUG GameApplication      - Logger initialized
20:34:03.403 [main                     ] DEBUG GameApplication      - Logging settings
Title: SpaceBlaster 3000
Version: 1.0
Width: 1920
Height: 1080
Fullscreen: false
Intro: false
Menus: true
Profiling: false
Single step:false
App Mode: DEVELOPER
Menu Key: ESCAPE
Stage Style: DECORATED
Scene Factory: class com.almasb.fxgl.app.scene.SceneFactory

20:34:03.702 [JavaFX Application Thread] DEBUG GameApplication      - Initializing FXGL
20:34:03.709 [JavaFX Application Thread] INFO  Engine               - FXGL-11.8 (08.03.2020 09.09) on WINDOWS (J:11.0.8 FX:13.0.2)
20:34:03.709 [JavaFX Application Thread] INFO  Engine               - Source code and latest versions at: https://github.com/AlmasB/FXGL
20:34:03.709 [JavaFX Application Thread] INFO  Engine               -              Join the FXGL chat at: https://gitter.im/AlmasB/FXGL
20:34:03.792 [JavaFX Application Thread] DEBUG MainWindow           - Creating a JavaFX scene
20:34:03.792 [JavaFX Application Thread] DEBUG MainWindow           - Target size > screen size
20:34:03.841 [JavaFX Application Thread] DEBUG MainWindow           - Target settings size: 1920.0 x 1080.0
20:34:03.841 [JavaFX Application Thread] DEBUG MainWindow           - Scaled scene size:    1823.0 x 1039.0
20:34:03.841 [JavaFX Application Thread] DEBUG MainWindow           - Scaled ratio: (0.9494791666666667, 0.962037037037037)
20:34:03.842 [JavaFX Application Thread] DEBUG MainWindow           - Set initial scene to FXGLStartupScene
20:34:03.846 [JavaFX Application Thread] DEBUG MainWindow           - Opening main window
20:34:03.909 [JavaFX Application Thread] DEBUG MainWindow           - Window border size: (16.0, 39.0)
20:34:03.910 [JavaFX Application Thread] DEBUG MainWindow           - Scaled size: 1823.0 x 1039.0
20:34:03.910 [JavaFX Application Thread] DEBUG MainWindow           - Scaled ratio: (0.9494791666666667, 0.962037037037037)
20:34:03.910 [JavaFX Application Thread] DEBUG MainWindow           - Scene size: 1823.0 x 1039.0
20:34:03.910 [JavaFX Application Thread] DEBUG MainWindow           - Stage size: 1839.0 x 1078.0
20:34:03.916 [FXGL Background Thread 1 ] DEBUG Engine               - Initializing environment variables
20:34:03.934 [FXGL Background Thread 1 ] DEBUG WindowService        - Applying CSS: fxgl_dark.css
20:34:03.935 [FXGL Background Thread 1 ] DEBUG AssetLoaderService   - Loading from file system: /assets/ui/css/fxgl_dark.css
20:34:03.966 [FXGL Background Thread 1 ] DEBUG WindowService        - Initializing application scenes
20:34:03.997 [FXGL Background Thread 1 ] DEBUG GameWorld            - Game world initialized
20:34:04.024 [FXGL Background Thread 1 ] DEBUG PhysicsWorld         - Physics world initialized: appHeight=1080, physics.ppm=50.0
20:34:04.026 [FXGL Background Thread 1 ] DEBUG GameScene            - Game scene initialized: 1920x1080
20:34:04.044 [FXGL Background Thread 1 ] DEBUG AssetLoaderService   - Loading from file system: /assets/textures/particles/trace_horizontal.png
20:34:04.083 [FXGL Background Thread 1 ] DEBUG FXGL.DefaultMenu     - createMenuBodyMainMenu()
20:34:04.093 [FXGL Background Thread 1 ] DEBUG FXGL.DefaultMenu     - createOptionsMenu()
20:34:04.095 [FXGL Background Thread 1 ] DEBUG FXGL.DefaultMenu     - createExtraMenu()
20:34:04.097 [FXGL Background Thread 1 ] DEBUG AssetLoaderService   - Loading from file system: /assets/textures/particles/smoke.png
20:34:04.129 [FXGL Background Thread 1 ] DEBUG AssetLoaderService   - Loading from cache: /assets/textures/particles/trace_horizontal.png@64.0x64.0
20:34:04.130 [FXGL Background Thread 1 ] DEBUG FXGL.DefaultMenu     - createMenuBodyGameMenu()
20:34:04.131 [FXGL Background Thread 1 ] DEBUG FXGL.DefaultMenu     - createOptionsMenu()
20:34:04.132 [FXGL Background Thread 1 ] DEBUG FXGL.DefaultMenu     - createExtraMenu()
20:34:04.133 [FXGL Background Thread 1 ] DEBUG AssetLoaderService   - Loading from cache: /assets/textures/particles/smoke.png@128.0x128.0
20:34:04.141 [FXGL Background Thread 1 ] DEBUG WindowService        - Application scenes initialized
20:34:04.147 [FXGL Background Thread 1 ] DEBUG SystemBundleService  - Loading FXGL system data
20:34:04.149 [FXGL Background Thread 1 ] DEBUG FileSystemAccess     - Reading from: C:\Users\xxdee\IdeaProjects\350FXGLjavagame\system\fxgl.bundle
20:34:04.152 [FXGL Background Thread 1 ] DEBUG SystemBundleService  - Bundle FXGL: {}
20:34:04.152 [FXGL Background Thread 1 ] INFO  Engine               - FXGL initialization took: 0.235 sec
20:34:04.153 [FXGL Background Thread 1 ] DEBUG GameApplication      - Loading localizations
20:34:04.154 [FXGL Background Thread 1 ] DEBUG AssetLoaderService   - Loading from file system: /assets/properties/languages/english.properties
20:34:04.155 [FXGL Background Thread 1 ] DEBUG AssetLoaderService   - Loading from file system: /assets/properties/languages/french.properties
20:34:04.156 [FXGL Background Thread 1 ] DEBUG AssetLoaderService   - Loading from file system: /assets/properties/languages/german.properties
20:34:04.156 [FXGL Background Thread 1 ] DEBUG AssetLoaderService   - Loading from file system: /assets/properties/languages/hungarian.properties
20:34:04.157 [FXGL Background Thread 1 ] DEBUG AssetLoaderService   - Loading from file system: /assets/properties/languages/russian.properties
20:34:04.158 [FXGL Background Thread 1 ] DEBUG GameApplication      - Registering font factories with UI factory
20:34:04.158 [FXGL Background Thread 1 ] DEBUG AssetLoaderService   - Loading from file system: /assets/ui/fonts/VarelaRound-Regular.ttf
20:34:04.334 [FXGL Background Thread 1 ] DEBUG AssetLoaderService   - Loading from file system: /assets/ui/fonts/Abel-Regular.ttf
20:34:04.336 [FXGL Background Thread 1 ] DEBUG AssetLoaderService   - Loading from file system: /assets/ui/fonts/lucida_console.ttf
20:34:04.340 [FXGL Background Thread 1 ] DEBUG AssetLoaderService   - Loading from file system: /assets/ui/fonts/Courier-Prime.ttf
20:34:04.348 [JavaFX Application Thread] DEBUG Input                - Registered new binding: action0 - D
20:34:04.348 [JavaFX Application Thread] DEBUG Input                - Registered new binding: action1 - Right
20:34:04.349 [JavaFX Application Thread] DEBUG Input                - Registered new binding: action2 - A
20:34:04.349 [JavaFX Application Thread] DEBUG Input                - Registered new binding: action3 - Left
20:34:04.349 [JavaFX Application Thread] DEBUG Input                - Registered new binding: action4 - W
20:34:04.349 [JavaFX Application Thread] DEBUG Input                - Registered new binding: action5 - Up
20:34:04.349 [JavaFX Application Thread] DEBUG Input                - Registered new binding: action6 - Space
20:34:04.350 [JavaFX Application Thread] DEBUG AssetLoaderService   - Loading from file system: /assets/textures/fxgl_icon.png
20:34:04.366 [JavaFX Application Thread] DEBUG AssetLoaderService   - Loading from file system: /assets/ui/cursors/fxgl_default.png
20:34:04.367 [JavaFX Application Thread] DEBUG Input                - Registered new binding: Screenshot - P
20:34:04.367 [JavaFX Application Thread] DEBUG Input                - Registered new binding: System info dump - CTRL+9
20:34:04.367 [JavaFX Application Thread] DEBUG Input                - Registered new binding: Restart - CTRL+R
20:34:04.368 [JavaFX Application Thread] DEBUG LoopRunner           - Starting loop
20:34:04.379 [JavaFX Application Thread] DEBUG FXGLStartupScene     - STARTUP
20:34:04.383 [JavaFX Application Thread] DEBUG Input                - Clearing active input actions
20:34:04.395 [JavaFX Application Thread] DEBUG WindowService        - Removing overlay from FXGLStartupScene and adding to FXGLDefaultMenu
20:34:04.396 [JavaFX Application Thread] DEBUG MainWindow           - FXGLStartupScene -> FXGLDefaultMenu
20:34:07.154 [FXGL Background Thread 2 ] DEBUG Engine               - Logging environment variables
20:34:07.154 [FXGL Background Thread 2 ] DEBUG Engine               - achievements: []
20:34:07.154 [FXGL Background Thread 2 ] DEBUG Engine               - language: ObjectProperty [value: ENGLISH]
20:34:07.154 [FXGL Background Thread 2 ] DEBUG Engine               - isCloseConfirmation: false
20:34:07.154 [FXGL Background Thread 2 ] DEBUG Engine               - isProfilingEnabled: false
20:34:07.154 [FXGL Background Thread 2 ] DEBUG Engine               - soundNotification: core/notification.wav
20:34:07.154 [FXGL Background Thread 2 ] DEBUG Engine               - devShowBBoxProperty: BooleanProperty [value: false]
20:34:07.154 [FXGL Background Thread 2 ] DEBUG Engine               - pixelsPerMeter: 50.0
20:34:07.154 [FXGL Background Thread 2 ] DEBUG Engine               - soundMenuBack: menu/back.wav
20:34:07.154 [FXGL Background Thread 2 ] DEBUG Engine               - appIcon: fxgl_icon.png
20:34:07.154 [FXGL Background Thread 2 ] DEBUG Engine               - isFullScreenAllowed: false
20:34:07.154 [FXGL Background Thread 2 ] DEBUG Engine               - isIntroEnabled: false
20:34:07.154 [FXGL Background Thread 2 ] DEBUG Engine               - fontMono: lucida_console.ttf
20:34:07.154 [FXGL Background Thread 2 ] DEBUG Engine               - soundMenuSelect: menu/select.wav
20:34:07.154 [FXGL Background Thread 2 ] DEBUG Engine               - isWindows: true
20:34:07.154 [FXGL Background Thread 2 ] DEBUG Engine               - isMobile: false
20:34:07.154 [FXGL Background Thread 2 ] DEBUG Engine               - isUserProfileEnabled: false
20:34:07.154 [FXGL Background Thread 2 ] DEBUG Engine               - height: 1080
20:34:07.154 [FXGL Background Thread 2 ] DEBUG Engine               - isExperimentalNative: false
20:34:07.154 [FXGL Background Thread 2 ] DEBUG Engine               - settings: Title: SpaceBlaster 3000
Version: 1.0
Width: 1920
Height: 1080
Fullscreen: false
Intro: false
Menus: true
Profiling: false
Single step:false
App Mode: DEVELOPER
Menu Key: ESCAPE
Stage Style: DECORATED
Scene Factory: class com.almasb.fxgl.app.scene.SceneFactory

20:34:07.154 [FXGL Background Thread 2 ] DEBUG Engine               - isSingleStep: false
20:34:07.154 [FXGL Background Thread 2 ] DEBUG Engine               - cSSList: [fxgl_dark.css]
20:34:07.155 [FXGL Background Thread 2 ] DEBUG Engine               - fontGame: Abel-Regular.ttf
20:34:07.155 [FXGL Background Thread 2 ] DEBUG Engine               - menuKey: ESCAPE
20:34:07.155 [FXGL Background Thread 2 ] DEBUG Engine               - devShowPositionProperty: BooleanProperty [value: false]
20:34:07.155 [FXGL Background Thread 2 ] DEBUG Engine               - versionCheckDays: 7
20:34:07.155 [FXGL Background Thread 2 ] DEBUG Engine               - configClass: Optional.empty
20:34:07.155 [FXGL Background Thread 2 ] DEBUG Engine               - isFullScreenFromStart: false
20:34:07.155 [FXGL Background Thread 2 ] DEBUG Engine               - version: 1.0
20:34:07.155 [FXGL Background Thread 2 ] DEBUG Engine               - fullScreen: BooleanProperty [value: false]
20:34:07.155 [FXGL Background Thread 2 ] DEBUG Engine               - randomSeed: -1
20:34:07.155 [FXGL Background Thread 2 ] DEBUG Engine               - gameDifficultyProperty: ObjectProperty [value: MEDIUM]
20:34:07.155 [FXGL Background Thread 2 ] DEBUG Engine               - applicationMode: DEVELOPER
20:34:07.155 [FXGL Background Thread 2 ] DEBUG Engine               - isMac: false
20:34:07.155 [FXGL Background Thread 2 ] DEBUG Engine               - isMenuEnabled: true
20:34:07.155 [FXGL Background Thread 2 ] DEBUG Engine               - urlPOM: https://raw.githubusercontent.com/AlmasB/FXGL/master/pom.xml
20:34:07.155 [FXGL Background Thread 2 ] DEBUG Engine               - profileName: StringProperty [value: DEFAULT]
20:34:07.155 [FXGL Background Thread 2 ] DEBUG Engine               - notificationViewClass: class com.almasb.fxgl.notification.view.XboxNotificationView
20:34:07.155 [FXGL Background Thread 2 ] DEBUG Engine               - devSensorColorProperty: ObjectProperty [value: 0xffff00ff]
20:34:07.155 [FXGL Background Thread 2 ] DEBUG Engine               - sceneFactory: com.almasb.fxgl.app.scene.SceneFactory@2e2f9b4c
20:34:07.155 [FXGL Background Thread 2 ] DEBUG Engine               - stageStyle: DECORATED
20:34:07.155 [FXGL Background Thread 2 ] DEBUG Engine               - isManualResizeEnabled: true
20:34:07.155 [FXGL Background Thread 2 ] DEBUG Engine               - title: SpaceBlaster 3000
20:34:07.155 [FXGL Background Thread 2 ] DEBUG Engine               - platform: WINDOWS
20:34:07.155 [FXGL Background Thread 2 ] DEBUG Engine               - devBBoxColorProperty: ObjectProperty [value: 0xff0000ff]
20:34:07.155 [FXGL Background Thread 2 ] DEBUG Engine               - gameDifficulty: MEDIUM
20:34:07.155 [FXGL Background Thread 2 ] DEBUG Engine               - isDesktop: true
20:34:07.156 [FXGL Background Thread 2 ] DEBUG Engine               - supportedLanguages: [ENGLISH, FRENCH, GERMAN, HUNGARIAN, RUSSIAN]
20:34:07.156 [FXGL Background Thread 2 ] DEBUG Engine               - globalMusicVolumeProperty: DoubleProperty [value: 0.5]
20:34:07.156 [FXGL Background Thread 2 ] DEBUG Engine               - credits: []
20:34:07.156 [FXGL Background Thread 2 ] DEBUG Engine               - isPreserveResizeRatio: false
20:34:07.156 [FXGL Background Thread 2 ] DEBUG Engine               - fontText: Courier-Prime.ttf
20:34:07.156 [FXGL Background Thread 2 ] DEBUG Engine               - isExperimentalTiledLargeMap: false
20:34:07.156 [FXGL Background Thread 2 ] DEBUG Engine               - secondsIn24h: 60
20:34:07.156 [FXGL Background Thread 2 ] DEBUG Engine               - runtimeInfo: RuntimeInfo(platform=WINDOWS, version=11.8, build=08.03.2020 09.09)
20:34:07.156 [FXGL Background Thread 2 ] DEBUG Engine               - isLinux: false
20:34:07.156 [FXGL Background Thread 2 ] DEBUG Engine               - soundMenuPress: menu/press.wav
20:34:07.156 [FXGL Background Thread 2 ] DEBUG Engine               - urlGithub: https://github.com/AlmasB/FXGL
20:34:07.156 [FXGL Background Thread 2 ] DEBUG Engine               - profileDir: profiles/
20:34:07.156 [FXGL Background Thread 2 ] DEBUG Engine               - globalSoundVolumeProperty: DoubleProperty [value: 0.5]
20:34:07.156 [FXGL Background Thread 2 ] DEBUG Engine               - isDeveloperMenuEnabled: false
20:34:07.156 [FXGL Background Thread 2 ] DEBUG Engine               - mainWindow: com.almasb.fxgl.app.MainWindow@2a101a51
20:34:07.156 [FXGL Background Thread 2 ] DEBUG Engine               - isBrowser: false
20:34:07.156 [FXGL Background Thread 2 ] DEBUG Engine               - urlLeaderboard: http://fxgl-top.herokuapp.com/
20:34:07.156 [FXGL Background Thread 2 ] DEBUG Engine               - globalSoundVolume: 0.5
20:34:07.156 [FXGL Background Thread 2 ] DEBUG Engine               - engineServices: [class com.almasb.fxgl.app.GameApplication$GameApplicationService, class com.almasb.fxgl.app.services.WindowService, class com.almasb.fxgl.app.services.FXGLDialogService, class com.almasb.fxgl.app.services.IOTaskExecutorService, class com.almasb.fxgl.event.EventBusService, class com.almasb.fxgl.io.FileSystemService, class com.almasb.fxgl.localization.LocalizationService, class com.almasb.fxgl.app.services.AssetLoaderService, class com.almasb.fxgl.app.services.SystemBundleService, class com.almasb.fxgl.profile.SaveLoadService, class com.almasb.fxgl.ui.FXGLUIFactoryServiceProvider, class com.almasb.fxgl.ui.FXGLDialogFactoryServiceProvider, class com.almasb.fxgl.audio.AudioPlayer, class com.almasb.fxgl.notification.impl.NotificationServiceProvider, class com.almasb.fxgl.achievement.AchievementService, class com.almasb.fxgl.cutscene.CutsceneService, class com.almasb.fxgl.minigames.MiniGameService, class com.almasb.fxgl.net.NetService, class com.almasb.fxgl.app.services.UpdaterService]
20:34:07.156 [FXGL Background Thread 2 ] DEBUG Engine               - globalMusicVolume: 0.5
20:34:07.156 [FXGL Background Thread 2 ] DEBUG Engine               - width: 1920
20:34:07.156 [FXGL Background Thread 2 ] DEBUG Engine               - saveFileExt: sav
20:34:07.156 [FXGL Background Thread 2 ] DEBUG Engine               - isAndroid: false
20:34:07.156 [FXGL Background Thread 2 ] DEBUG Engine               - fontUI: VarelaRound-Regular.ttf
20:34:07.157 [FXGL Background Thread 2 ] DEBUG Engine               - enabledMenuItems: [SAVE_LOAD, EXTRA, ONLINE]
20:34:07.157 [FXGL Background Thread 2 ] DEBUG Engine               - isIOS: false
20:34:07.157 [FXGL Background Thread 2 ] DEBUG Engine               - Logging services
20:34:07.157 [FXGL Background Thread 2 ] DEBUG Engine               - class com.almasb.fxgl.app.GameApplication$GameApplicationService
20:34:07.157 [FXGL Background Thread 2 ] DEBUG Engine               - class com.almasb.fxgl.app.services.WindowService
20:34:07.157 [FXGL Background Thread 2 ] DEBUG Engine               - class com.almasb.fxgl.app.services.FXGLDialogService
20:34:07.157 [FXGL Background Thread 2 ] DEBUG Engine               - class com.almasb.fxgl.app.services.IOTaskExecutorService
20:34:07.157 [FXGL Background Thread 2 ] DEBUG Engine               - class com.almasb.fxgl.event.EventBusService
20:34:07.157 [FXGL Background Thread 2 ] DEBUG Engine               - class com.almasb.fxgl.io.FileSystemService
20:34:07.157 [FXGL Background Thread 2 ] DEBUG Engine               - class com.almasb.fxgl.localization.LocalizationService
20:34:07.157 [FXGL Background Thread 2 ] DEBUG Engine               - class com.almasb.fxgl.app.services.AssetLoaderService
20:34:07.157 [FXGL Background Thread 2 ] DEBUG Engine               - class com.almasb.fxgl.app.services.SystemBundleService
20:34:07.157 [FXGL Background Thread 2 ] DEBUG Engine               - class com.almasb.fxgl.profile.SaveLoadService
20:34:07.157 [FXGL Background Thread 2 ] DEBUG Engine               - class com.almasb.fxgl.ui.FXGLUIFactoryServiceProvider
20:34:07.157 [FXGL Background Thread 2 ] DEBUG Engine               - class com.almasb.fxgl.ui.FXGLDialogFactoryServiceProvider
20:34:07.157 [FXGL Background Thread 2 ] DEBUG Engine               - class com.almasb.fxgl.audio.AudioPlayer
20:34:07.157 [FXGL Background Thread 2 ] DEBUG Engine               - class com.almasb.fxgl.notification.impl.NotificationServiceProvider
20:34:07.157 [FXGL Background Thread 2 ] DEBUG Engine               - class com.almasb.fxgl.achievement.AchievementService
20:34:07.157 [FXGL Background Thread 2 ] DEBUG Engine               - class com.almasb.fxgl.cutscene.CutsceneService
20:34:07.157 [FXGL Background Thread 2 ] DEBUG Engine               - class com.almasb.fxgl.minigames.MiniGameService
20:34:07.157 [FXGL Background Thread 2 ] DEBUG Engine               - class com.almasb.fxgl.net.NetService
20:34:07.157 [FXGL Background Thread 2 ] DEBUG Engine               - class com.almasb.fxgl.app.services.UpdaterService
20:34:08.321 [JavaFX Application Thread] DEBUG Menu                 - fireNewGame()
20:34:08.321 [JavaFX Application Thread] DEBUG WindowService        - Starting new game
20:34:08.321 [JavaFX Application Thread] DEBUG Input                - Clearing active input actions
20:34:08.328 [JavaFX Application Thread] DEBUG WindowService        - Removing overlay from FXGLDefaultMenu and adding to FXGLLoadingScene
20:34:08.328 [JavaFX Application Thread] DEBUG MainWindow           - FXGLDefaultMenu -> FXGLLoadingScene
20:34:08.328 [JavaFX Application Thread] DEBUG WindowService        - Clearing previous game
20:34:08.328 [JavaFX Application Thread] DEBUG GameScene            - Clearing game scene
20:34:08.328 [JavaFX Application Thread] DEBUG GameWorld            - Clearing game world
20:34:08.328 [JavaFX Application Thread] DEBUG PhysicsWorld         - Clearing physics world
20:34:08.329 [FXGL Background Thread 1 ] DEBUG GameApplication      - Initializing game
20:34:08.342 [JavaFX Application Thread] DEBUG LoopRunner           - Stopping loop
20:34:17.536 [JavaFX Application Thread] FATAL GameApplication      - Uncaught Exception:

Fatal exception occurred: java.lang.RuntimeException : Initialization failed
E: com.almasb.fxgl.app.GameApplication$InitAppTask.failed(GameApplication.java:428)
E: javafx.concurrent.Task.setState(Task.java:710)
E: javafx.concurrent.Task$TaskCallable.lambda$call$2(Task.java:1455)
E: com.sun.javafx.application.PlatformImpl.lambda$runLater$10(PlatformImpl.java:428)
E: java.base/java.security.AccessController.doPrivileged(Native Method)
E: com.sun.javafx.application.PlatformImpl.lambda$runLater$11(PlatformImpl.java:427)
E: com.sun.glass.ui.InvokeLaterDispatcher$Future.run(InvokeLaterDispatcher.java:96)
E: com.sun.glass.ui.win.WinApplication._runLoop(Native Method)
E: com.sun.glass.ui.win.WinApplication.lambda$runLoop$3(WinApplication.java:174)
E: java.base/java.lang.Thread.run(Thread.java:834)

20:34:17.536 [JavaFX Application Thread] FATAL GameApplication      - Application will now exit
20:34:17.536 [JavaFX Application Thread] DEBUG GameApplication      - Exiting FXGL
20:34:17.536 [JavaFX Application Thread] DEBUG GameApplication      - Shutting down background threads
20:34:17.536 [JavaFX Application Thread] DEBUG GameApplication      - Closing logger and exiting JavaFX
