20:35:22.718 [main                     ] DEBUG GameApplication      - Logger initialized
20:35:22.729 [main                     ] DEBUG GameApplication      - Logging settings
Title: SpaceBlaster 3000
Version: 1.0
Width: 1920
Height: 1080
Fullscreen: false
Intro: false
Menus: true
Profiling: false
Single step:false
App Mode: DEVELOPER
Menu Key: ESCAPE
Stage Style: DECORATED
Scene Factory: class com.almasb.fxgl.app.scene.SceneFactory

20:35:23.039 [JavaFX Application Thread] DEBUG GameApplication      - Initializing FXGL
20:35:23.045 [JavaFX Application Thread] INFO  Engine               - FXGL-11.8 (08.03.2020 09.09) on WINDOWS (J:11.0.8 FX:13.0.2)
20:35:23.045 [JavaFX Application Thread] INFO  Engine               - Source code and latest versions at: https://github.com/AlmasB/FXGL
20:35:23.045 [JavaFX Application Thread] INFO  Engine               -              Join the FXGL chat at: https://gitter.im/AlmasB/FXGL
20:35:23.129 [JavaFX Application Thread] DEBUG MainWindow           - Creating a JavaFX scene
20:35:23.130 [JavaFX Application Thread] DEBUG MainWindow           - Target size > screen size
20:35:23.178 [JavaFX Application Thread] DEBUG MainWindow           - Target settings size: 1920.0 x 1080.0
20:35:23.178 [JavaFX Application Thread] DEBUG MainWindow           - Scaled scene size:    1823.0 x 1039.0
20:35:23.178 [JavaFX Application Thread] DEBUG MainWindow           - Scaled ratio: (0.9494791666666667, 0.962037037037037)
20:35:23.179 [JavaFX Application Thread] DEBUG MainWindow           - Set initial scene to FXGLStartupScene
20:35:23.185 [JavaFX Application Thread] DEBUG MainWindow           - Opening main window
20:35:23.246 [JavaFX Application Thread] DEBUG MainWindow           - Window border size: (16.0, 39.0)
20:35:23.247 [JavaFX Application Thread] DEBUG MainWindow           - Scaled size: 1823.0 x 1039.0
20:35:23.247 [JavaFX Application Thread] DEBUG MainWindow           - Scaled ratio: (0.9494791666666667, 0.962037037037037)
20:35:23.247 [JavaFX Application Thread] DEBUG MainWindow           - Scene size: 1823.0 x 1039.0
20:35:23.247 [JavaFX Application Thread] DEBUG MainWindow           - Stage size: 1839.0 x 1078.0
20:35:23.252 [FXGL Background Thread 1 ] DEBUG Engine               - Initializing environment variables
20:35:23.271 [FXGL Background Thread 1 ] DEBUG WindowService        - Applying CSS: fxgl_dark.css
20:35:23.272 [FXGL Background Thread 1 ] DEBUG AssetLoaderService   - Loading from file system: /assets/ui/css/fxgl_dark.css
20:35:23.303 [FXGL Background Thread 1 ] DEBUG WindowService        - Initializing application scenes
20:35:23.330 [FXGL Background Thread 1 ] DEBUG GameWorld            - Game world initialized
20:35:23.357 [FXGL Background Thread 1 ] DEBUG PhysicsWorld         - Physics world initialized: appHeight=1080, physics.ppm=50.0
20:35:23.358 [FXGL Background Thread 1 ] DEBUG GameScene            - Game scene initialized: 1920x1080
20:35:23.377 [FXGL Background Thread 1 ] DEBUG AssetLoaderService   - Loading from file system: /assets/textures/particles/trace_horizontal.png
20:35:23.416 [FXGL Background Thread 1 ] DEBUG FXGL.DefaultMenu     - createMenuBodyMainMenu()
20:35:23.426 [FXGL Background Thread 1 ] DEBUG FXGL.DefaultMenu     - createOptionsMenu()
20:35:23.429 [FXGL Background Thread 1 ] DEBUG FXGL.DefaultMenu     - createExtraMenu()
20:35:23.430 [FXGL Background Thread 1 ] DEBUG AssetLoaderService   - Loading from file system: /assets/textures/particles/smoke.png
20:35:23.464 [FXGL Background Thread 1 ] DEBUG AssetLoaderService   - Loading from cache: /assets/textures/particles/trace_horizontal.png@64.0x64.0
20:35:23.464 [FXGL Background Thread 1 ] DEBUG FXGL.DefaultMenu     - createMenuBodyGameMenu()
20:35:23.465 [FXGL Background Thread 1 ] DEBUG FXGL.DefaultMenu     - createOptionsMenu()
20:35:23.467 [FXGL Background Thread 1 ] DEBUG FXGL.DefaultMenu     - createExtraMenu()
20:35:23.468 [FXGL Background Thread 1 ] DEBUG AssetLoaderService   - Loading from cache: /assets/textures/particles/smoke.png@128.0x128.0
20:35:23.475 [FXGL Background Thread 1 ] DEBUG WindowService        - Application scenes initialized
20:35:23.480 [FXGL Background Thread 1 ] DEBUG SystemBundleService  - Loading FXGL system data
20:35:23.482 [FXGL Background Thread 1 ] DEBUG FileSystemAccess     - Reading from: C:\Users\xxdee\IdeaProjects\350FXGLjavagame\system\fxgl.bundle
20:35:23.485 [FXGL Background Thread 1 ] DEBUG SystemBundleService  - Bundle FXGL: {}
20:35:23.485 [FXGL Background Thread 1 ] INFO  Engine               - FXGL initialization took: 0.232 sec
20:35:23.486 [FXGL Background Thread 1 ] DEBUG GameApplication      - Loading localizations
20:35:23.486 [FXGL Background Thread 1 ] DEBUG AssetLoaderService   - Loading from file system: /assets/properties/languages/english.properties
20:35:23.487 [FXGL Background Thread 1 ] DEBUG AssetLoaderService   - Loading from file system: /assets/properties/languages/french.properties
20:35:23.488 [FXGL Background Thread 1 ] DEBUG AssetLoaderService   - Loading from file system: /assets/properties/languages/german.properties
20:35:23.489 [FXGL Background Thread 1 ] DEBUG AssetLoaderService   - Loading from file system: /assets/properties/languages/hungarian.properties
20:35:23.490 [FXGL Background Thread 1 ] DEBUG AssetLoaderService   - Loading from file system: /assets/properties/languages/russian.properties
20:35:23.490 [FXGL Background Thread 1 ] DEBUG GameApplication      - Registering font factories with UI factory
20:35:23.490 [FXGL Background Thread 1 ] DEBUG AssetLoaderService   - Loading from file system: /assets/ui/fonts/VarelaRound-Regular.ttf
20:35:23.670 [FXGL Background Thread 1 ] DEBUG AssetLoaderService   - Loading from file system: /assets/ui/fonts/Abel-Regular.ttf
20:35:23.672 [FXGL Background Thread 1 ] DEBUG AssetLoaderService   - Loading from file system: /assets/ui/fonts/lucida_console.ttf
20:35:23.675 [FXGL Background Thread 1 ] DEBUG AssetLoaderService   - Loading from file system: /assets/ui/fonts/Courier-Prime.ttf
20:35:23.683 [JavaFX Application Thread] DEBUG Input                - Registered new binding: action0 - D
20:35:23.684 [JavaFX Application Thread] DEBUG Input                - Registered new binding: action1 - Right
20:35:23.684 [JavaFX Application Thread] DEBUG Input                - Registered new binding: action2 - A
20:35:23.684 [JavaFX Application Thread] DEBUG Input                - Registered new binding: action3 - Left
20:35:23.684 [JavaFX Application Thread] DEBUG Input                - Registered new binding: action4 - W
20:35:23.684 [JavaFX Application Thread] DEBUG Input                - Registered new binding: action5 - Up
20:35:23.685 [JavaFX Application Thread] DEBUG Input                - Registered new binding: action6 - Space
20:35:23.685 [JavaFX Application Thread] DEBUG AssetLoaderService   - Loading from file system: /assets/textures/fxgl_icon.png
20:35:23.699 [JavaFX Application Thread] DEBUG AssetLoaderService   - Loading from file system: /assets/ui/cursors/fxgl_default.png
20:35:23.701 [JavaFX Application Thread] DEBUG Input                - Registered new binding: Screenshot - P
20:35:23.701 [JavaFX Application Thread] DEBUG Input                - Registered new binding: System info dump - CTRL+9
20:35:23.701 [JavaFX Application Thread] DEBUG Input                - Registered new binding: Restart - CTRL+R
20:35:23.702 [JavaFX Application Thread] DEBUG LoopRunner           - Starting loop
20:35:23.716 [JavaFX Application Thread] DEBUG FXGLStartupScene     - STARTUP
20:35:23.719 [JavaFX Application Thread] DEBUG Input                - Clearing active input actions
20:35:23.735 [JavaFX Application Thread] DEBUG WindowService        - Removing overlay from FXGLStartupScene and adding to FXGLDefaultMenu
20:35:23.735 [JavaFX Application Thread] DEBUG MainWindow           - FXGLStartupScene -> FXGLDefaultMenu
20:35:24.346 [JavaFX Application Thread] DEBUG GameApplication      - Exiting FXGL
20:35:24.346 [JavaFX Application Thread] DEBUG LoopRunner           - Stopping loop
20:35:24.346 [JavaFX Application Thread] DEBUG SystemBundleService  - Saving FXGL system data
20:35:24.347 [JavaFX Application Thread] DEBUG FileSystemAccess     - Writing to: C:\Users\xxdee\IdeaProjects\350FXGLjavagame\system\fxgl.bundle
20:35:24.349 [JavaFX Application Thread] DEBUG GameApplication      - Shutting down background threads
20:35:24.349 [JavaFX Application Thread] DEBUG GameApplication      - Closing logger and exiting JavaFX
