23:37:39.405 [main                     ] DEBUG GameApplication      - Logger initialized
23:37:39.417 [main                     ] DEBUG GameApplication      - Logging settings
Title: Space Game
Version: 0.2
Width: 1920
Height: 1080
Fullscreen: false
Intro: false
Menus: true
Profiling: false
Single step:false
App Mode: DEVELOPER
Menu Key: ESCAPE
Stage Style: DECORATED
Scene Factory: class com.almasb.fxgl.app.scene.SceneFactory

23:37:39.737 [JavaFX Application Thread] DEBUG GameApplication      - Initializing FXGL
23:37:39.744 [JavaFX Application Thread] INFO  Engine               - FXGL-11.8 (08.03.2020 09.09) on WINDOWS (J:11.0.8 FX:13.0.2)
23:37:39.745 [JavaFX Application Thread] INFO  Engine               - Source code and latest versions at: https://github.com/AlmasB/FXGL
23:37:39.745 [JavaFX Application Thread] INFO  Engine               -              Join the FXGL chat at: https://gitter.im/AlmasB/FXGL
23:37:39.829 [JavaFX Application Thread] DEBUG MainWindow           - Creating a JavaFX scene
23:37:39.829 [JavaFX Application Thread] DEBUG MainWindow           - Target size > screen size
23:37:39.879 [JavaFX Application Thread] DEBUG MainWindow           - Target settings size: 1920.0 x 1080.0
23:37:39.879 [JavaFX Application Thread] DEBUG MainWindow           - Scaled scene size:    1823.0 x 1039.0
23:37:39.879 [JavaFX Application Thread] DEBUG MainWindow           - Scaled ratio: (0.9494791666666667, 0.962037037037037)
23:37:39.880 [JavaFX Application Thread] DEBUG MainWindow           - Set initial scene to FXGLStartupScene
23:37:39.885 [JavaFX Application Thread] DEBUG MainWindow           - Opening main window
23:37:39.945 [JavaFX Application Thread] DEBUG MainWindow           - Window border size: (16.0, 39.0)
23:37:39.946 [JavaFX Application Thread] DEBUG MainWindow           - Scaled size: 1823.0 x 1039.0
23:37:39.946 [JavaFX Application Thread] DEBUG MainWindow           - Scaled ratio: (0.9494791666666667, 0.962037037037037)
23:37:39.946 [JavaFX Application Thread] DEBUG MainWindow           - Scene size: 1823.0 x 1039.0
23:37:39.946 [JavaFX Application Thread] DEBUG MainWindow           - Stage size: 1839.0 x 1078.0
23:37:39.952 [FXGL Background Thread 1 ] DEBUG Engine               - Initializing environment variables
23:37:39.970 [FXGL Background Thread 1 ] DEBUG WindowService        - Applying CSS: fxgl_dark.css
23:37:39.971 [FXGL Background Thread 1 ] DEBUG AssetLoaderService   - Loading from file system: /assets/ui/css/fxgl_dark.css
23:37:40.000 [FXGL Background Thread 1 ] DEBUG WindowService        - Initializing application scenes
23:37:40.030 [FXGL Background Thread 1 ] DEBUG GameWorld            - Game world initialized
23:37:40.054 [FXGL Background Thread 1 ] DEBUG PhysicsWorld         - Physics world initialized: appHeight=1080, physics.ppm=50.0
23:37:40.055 [FXGL Background Thread 1 ] DEBUG GameScene            - Game scene initialized: 1920x1080
23:37:40.072 [FXGL Background Thread 1 ] DEBUG AssetLoaderService   - Loading from file system: /assets/textures/particles/trace_horizontal.png
23:37:40.110 [FXGL Background Thread 1 ] DEBUG FXGL.DefaultMenu     - createMenuBodyMainMenu()
23:37:40.120 [FXGL Background Thread 1 ] DEBUG FXGL.DefaultMenu     - createOptionsMenu()
23:37:40.122 [FXGL Background Thread 1 ] DEBUG FXGL.DefaultMenu     - createExtraMenu()
23:37:40.124 [FXGL Background Thread 1 ] DEBUG AssetLoaderService   - Loading from file system: /assets/textures/particles/smoke.png
23:37:40.156 [FXGL Background Thread 1 ] DEBUG AssetLoaderService   - Loading from cache: /assets/textures/particles/trace_horizontal.png@64.0x64.0
23:37:40.157 [FXGL Background Thread 1 ] DEBUG FXGL.DefaultMenu     - createMenuBodyGameMenu()
23:37:40.158 [FXGL Background Thread 1 ] DEBUG FXGL.DefaultMenu     - createOptionsMenu()
23:37:40.159 [FXGL Background Thread 1 ] DEBUG FXGL.DefaultMenu     - createExtraMenu()
23:37:40.160 [FXGL Background Thread 1 ] DEBUG AssetLoaderService   - Loading from cache: /assets/textures/particles/smoke.png@128.0x128.0
23:37:40.167 [FXGL Background Thread 1 ] DEBUG WindowService        - Application scenes initialized
23:37:40.172 [FXGL Background Thread 1 ] DEBUG SystemBundleService  - Loading FXGL system data
23:37:40.175 [FXGL Background Thread 1 ] DEBUG FileSystemAccess     - Reading from: C:\Users\xxdee\IdeaProjects\350FXGLjavagame\system\fxgl.bundle
23:37:40.178 [FXGL Background Thread 1 ] DEBUG SystemBundleService  - Bundle FXGL: {}
23:37:40.178 [FXGL Background Thread 1 ] INFO  Engine               - FXGL initialization took: 0.225 sec
23:37:40.179 [FXGL Background Thread 1 ] DEBUG GameApplication      - Loading localizations
23:37:40.179 [FXGL Background Thread 1 ] DEBUG AssetLoaderService   - Loading from file system: /assets/properties/languages/english.properties
23:37:40.180 [FXGL Background Thread 1 ] DEBUG AssetLoaderService   - Loading from file system: /assets/properties/languages/french.properties
23:37:40.181 [FXGL Background Thread 1 ] DEBUG AssetLoaderService   - Loading from file system: /assets/properties/languages/german.properties
23:37:40.182 [FXGL Background Thread 1 ] DEBUG AssetLoaderService   - Loading from file system: /assets/properties/languages/hungarian.properties
23:37:40.183 [FXGL Background Thread 1 ] DEBUG AssetLoaderService   - Loading from file system: /assets/properties/languages/russian.properties
23:37:40.183 [FXGL Background Thread 1 ] DEBUG GameApplication      - Registering font factories with UI factory
23:37:40.183 [FXGL Background Thread 1 ] DEBUG AssetLoaderService   - Loading from file system: /assets/ui/fonts/VarelaRound-Regular.ttf
23:37:40.357 [FXGL Background Thread 1 ] DEBUG AssetLoaderService   - Loading from file system: /assets/ui/fonts/Abel-Regular.ttf
23:37:40.359 [FXGL Background Thread 1 ] DEBUG AssetLoaderService   - Loading from file system: /assets/ui/fonts/lucida_console.ttf
23:37:40.362 [FXGL Background Thread 1 ] DEBUG AssetLoaderService   - Loading from file system: /assets/ui/fonts/Courier-Prime.ttf
23:37:40.370 [JavaFX Application Thread] DEBUG Input                - Registered new binding: action0 - D
23:37:40.370 [JavaFX Application Thread] DEBUG Input                - Registered new binding: action1 - A
23:37:40.371 [JavaFX Application Thread] DEBUG Input                - Registered new binding: action2 - W
23:37:40.371 [JavaFX Application Thread] DEBUG Input                - Registered new binding: action3 - C
23:37:40.371 [JavaFX Application Thread] DEBUG Input                - Registered new binding: action4 - Left
23:37:40.372 [JavaFX Application Thread] DEBUG Input                - Registered new binding: action5 - Right
23:37:40.372 [JavaFX Application Thread] DEBUG Input                - Registered new binding: action6 - Space
23:37:40.372 [JavaFX Application Thread] DEBUG AssetLoaderService   - Loading from file system: /assets/textures/fxgl_icon.png
23:37:40.388 [JavaFX Application Thread] DEBUG AssetLoaderService   - Loading from file system: /assets/ui/cursors/fxgl_default.png
23:37:40.389 [JavaFX Application Thread] DEBUG Input                - Registered new binding: Screenshot - P
23:37:40.389 [JavaFX Application Thread] DEBUG Input                - Registered new binding: System info dump - CTRL+9
23:37:40.389 [JavaFX Application Thread] DEBUG Input                - Registered new binding: Restart - CTRL+R
23:37:40.390 [JavaFX Application Thread] DEBUG LoopRunner           - Starting loop
23:37:40.399 [JavaFX Application Thread] DEBUG FXGLStartupScene     - STARTUP
23:37:40.402 [JavaFX Application Thread] DEBUG Input                - Clearing active input actions
23:37:40.415 [JavaFX Application Thread] DEBUG WindowService        - Removing overlay from FXGLStartupScene and adding to FXGLDefaultMenu
23:37:40.415 [JavaFX Application Thread] DEBUG MainWindow           - FXGLStartupScene -> FXGLDefaultMenu
23:37:42.029 [JavaFX Application Thread] DEBUG Menu                 - fireNewGame()
23:37:42.029 [JavaFX Application Thread] DEBUG WindowService        - Starting new game
23:37:42.029 [JavaFX Application Thread] DEBUG Input                - Clearing active input actions
23:37:42.035 [JavaFX Application Thread] DEBUG WindowService        - Removing overlay from FXGLDefaultMenu and adding to FXGLLoadingScene
23:37:42.035 [JavaFX Application Thread] DEBUG MainWindow           - FXGLDefaultMenu -> FXGLLoadingScene
23:37:42.035 [JavaFX Application Thread] DEBUG WindowService        - Clearing previous game
23:37:42.035 [JavaFX Application Thread] DEBUG GameScene            - Clearing game scene
23:37:42.035 [JavaFX Application Thread] DEBUG GameWorld            - Clearing game world
23:37:42.035 [JavaFX Application Thread] DEBUG PhysicsWorld         - Clearing physics world
23:37:42.036 [FXGL Background Thread 1 ] DEBUG GameApplication      - Initializing game
23:37:42.044 [FXGL Background Thread 1 ] DEBUG AssetLoaderService   - Loading from file system: /assets/textures/newbackground.jpg
23:37:42.069 [FXGL Background Thread 1 ] DEBUG AssetLoaderService   - Loading from file system: /assets/textures/smallspaceship.png
23:37:42.082 [FXGL Background Thread 1 ] INFO  GameApplication      - Game initialization took: 0.047 sec
23:37:42.083 [JavaFX Application Thread] DEBUG Input                - Clearing active input actions
23:37:42.086 [JavaFX Application Thread] DEBUG WindowService        - Removing overlay from FXGLLoadingScene and adding to GameScene
23:37:42.087 [JavaFX Application Thread] DEBUG MainWindow           - FXGLLoadingScene -> GameScene
23:37:43.180 [FXGL Background Thread 2 ] DEBUG Engine               - Logging environment variables
23:37:43.180 [FXGL Background Thread 2 ] DEBUG Engine               - achievements: []
23:37:43.180 [FXGL Background Thread 2 ] DEBUG Engine               - language: ObjectProperty [value: ENGLISH]
23:37:43.180 [FXGL Background Thread 2 ] DEBUG Engine               - isCloseConfirmation: false
23:37:43.180 [FXGL Background Thread 2 ] DEBUG Engine               - isProfilingEnabled: false
23:37:43.180 [FXGL Background Thread 2 ] DEBUG Engine               - soundNotification: core/notification.wav
23:37:43.180 [FXGL Background Thread 2 ] DEBUG Engine               - devShowBBoxProperty: BooleanProperty [value: false]
23:37:43.180 [FXGL Background Thread 2 ] DEBUG Engine               - pixelsPerMeter: 50.0
23:37:43.180 [FXGL Background Thread 2 ] DEBUG Engine               - appIcon: fxgl_icon.png
23:37:43.180 [FXGL Background Thread 2 ] DEBUG Engine               - soundMenuBack: menu/back.wav
23:37:43.180 [FXGL Background Thread 2 ] DEBUG Engine               - isFullScreenAllowed: false
23:37:43.180 [FXGL Background Thread 2 ] DEBUG Engine               - isIntroEnabled: false
23:37:43.180 [FXGL Background Thread 2 ] DEBUG Engine               - fontMono: lucida_console.ttf
23:37:43.180 [FXGL Background Thread 2 ] DEBUG Engine               - soundMenuSelect: menu/select.wav
23:37:43.180 [FXGL Background Thread 2 ] DEBUG Engine               - isWindows: true
23:37:43.180 [FXGL Background Thread 2 ] DEBUG Engine               - isMobile: false
23:37:43.180 [FXGL Background Thread 2 ] DEBUG Engine               - isUserProfileEnabled: false
23:37:43.180 [FXGL Background Thread 2 ] DEBUG Engine               - height: 1080
23:37:43.180 [FXGL Background Thread 2 ] DEBUG Engine               - isExperimentalNative: false
23:37:43.180 [FXGL Background Thread 2 ] DEBUG Engine               - settings: Title: Space Game
Version: 0.2
Width: 1920
Height: 1080
Fullscreen: false
Intro: false
Menus: true
Profiling: false
Single step:false
App Mode: DEVELOPER
Menu Key: ESCAPE
Stage Style: DECORATED
Scene Factory: class com.almasb.fxgl.app.scene.SceneFactory

23:37:43.180 [FXGL Background Thread 2 ] DEBUG Engine               - cSSList: [fxgl_dark.css]
23:37:43.181 [FXGL Background Thread 2 ] DEBUG Engine               - isSingleStep: false
23:37:43.181 [FXGL Background Thread 2 ] DEBUG Engine               - fontGame: Abel-Regular.ttf
23:37:43.181 [FXGL Background Thread 2 ] DEBUG Engine               - menuKey: ESCAPE
23:37:43.181 [FXGL Background Thread 2 ] DEBUG Engine               - devShowPositionProperty: BooleanProperty [value: false]
23:37:43.181 [FXGL Background Thread 2 ] DEBUG Engine               - versionCheckDays: 7
23:37:43.181 [FXGL Background Thread 2 ] DEBUG Engine               - configClass: Optional.empty
23:37:43.181 [FXGL Background Thread 2 ] DEBUG Engine               - isFullScreenFromStart: false
23:37:43.181 [FXGL Background Thread 2 ] DEBUG Engine               - version: 0.2
23:37:43.181 [FXGL Background Thread 2 ] DEBUG Engine               - fullScreen: BooleanProperty [value: false]
23:37:43.181 [FXGL Background Thread 2 ] DEBUG Engine               - randomSeed: -1
23:37:43.181 [FXGL Background Thread 2 ] DEBUG Engine               - gameDifficultyProperty: ObjectProperty [value: MEDIUM]
23:37:43.181 [FXGL Background Thread 2 ] DEBUG Engine               - applicationMode: DEVELOPER
23:37:43.181 [FXGL Background Thread 2 ] DEBUG Engine               - isMac: false
23:37:43.181 [FXGL Background Thread 2 ] DEBUG Engine               - isMenuEnabled: true
23:37:43.181 [FXGL Background Thread 2 ] DEBUG Engine               - profileName: StringProperty [value: DEFAULT]
23:37:43.181 [FXGL Background Thread 2 ] DEBUG Engine               - urlPOM: https://raw.githubusercontent.com/AlmasB/FXGL/master/pom.xml
23:37:43.181 [FXGL Background Thread 2 ] DEBUG Engine               - notificationViewClass: class com.almasb.fxgl.notification.view.XboxNotificationView
23:37:43.181 [FXGL Background Thread 2 ] DEBUG Engine               - devSensorColorProperty: ObjectProperty [value: 0xffff00ff]
23:37:43.181 [FXGL Background Thread 2 ] DEBUG Engine               - sceneFactory: com.almasb.fxgl.app.scene.SceneFactory@3b451d9a
23:37:43.181 [FXGL Background Thread 2 ] DEBUG Engine               - stageStyle: DECORATED
23:37:43.181 [FXGL Background Thread 2 ] DEBUG Engine               - isManualResizeEnabled: true
23:37:43.181 [FXGL Background Thread 2 ] DEBUG Engine               - title: Space Game
23:37:43.181 [FXGL Background Thread 2 ] DEBUG Engine               - platform: WINDOWS
23:37:43.181 [FXGL Background Thread 2 ] DEBUG Engine               - devBBoxColorProperty: ObjectProperty [value: 0xff0000ff]
23:37:43.181 [FXGL Background Thread 2 ] DEBUG Engine               - gameDifficulty: MEDIUM
23:37:43.182 [FXGL Background Thread 2 ] DEBUG Engine               - isDesktop: true
23:37:43.182 [FXGL Background Thread 2 ] DEBUG Engine               - supportedLanguages: [ENGLISH, FRENCH, GERMAN, HUNGARIAN, RUSSIAN]
23:37:43.182 [FXGL Background Thread 2 ] DEBUG Engine               - credits: []
23:37:43.182 [FXGL Background Thread 2 ] DEBUG Engine               - globalMusicVolumeProperty: DoubleProperty [value: 0.5]
23:37:43.182 [FXGL Background Thread 2 ] DEBUG Engine               - isPreserveResizeRatio: false
23:37:43.182 [FXGL Background Thread 2 ] DEBUG Engine               - fontText: Courier-Prime.ttf
23:37:43.182 [FXGL Background Thread 2 ] DEBUG Engine               - isExperimentalTiledLargeMap: false
23:37:43.182 [FXGL Background Thread 2 ] DEBUG Engine               - secondsIn24h: 60
23:37:43.182 [FXGL Background Thread 2 ] DEBUG Engine               - runtimeInfo: RuntimeInfo(platform=WINDOWS, version=11.8, build=08.03.2020 09.09)
23:37:43.182 [FXGL Background Thread 2 ] DEBUG Engine               - isLinux: false
23:37:43.182 [FXGL Background Thread 2 ] DEBUG Engine               - soundMenuPress: menu/press.wav
23:37:43.182 [FXGL Background Thread 2 ] DEBUG Engine               - urlGithub: https://github.com/AlmasB/FXGL
23:37:43.182 [FXGL Background Thread 2 ] DEBUG Engine               - profileDir: profiles/
23:37:43.182 [FXGL Background Thread 2 ] DEBUG Engine               - isDeveloperMenuEnabled: false
23:37:43.182 [FXGL Background Thread 2 ] DEBUG Engine               - globalSoundVolumeProperty: DoubleProperty [value: 0.1]
23:37:43.182 [FXGL Background Thread 2 ] DEBUG Engine               - mainWindow: com.almasb.fxgl.app.MainWindow@3f7a9e2a
23:37:43.182 [FXGL Background Thread 2 ] DEBUG Engine               - isBrowser: false
23:37:43.182 [FXGL Background Thread 2 ] DEBUG Engine               - urlLeaderboard: http://fxgl-top.herokuapp.com/
23:37:43.182 [FXGL Background Thread 2 ] DEBUG Engine               - globalSoundVolume: 0.5
23:37:43.182 [FXGL Background Thread 2 ] DEBUG Engine               - engineServices: [class com.almasb.fxgl.app.GameApplication$GameApplicationService, class com.almasb.fxgl.app.services.WindowService, class com.almasb.fxgl.app.services.FXGLDialogService, class com.almasb.fxgl.app.services.IOTaskExecutorService, class com.almasb.fxgl.event.EventBusService, class com.almasb.fxgl.io.FileSystemService, class com.almasb.fxgl.localization.LocalizationService, class com.almasb.fxgl.app.services.AssetLoaderService, class com.almasb.fxgl.app.services.SystemBundleService, class com.almasb.fxgl.profile.SaveLoadService, class com.almasb.fxgl.ui.FXGLUIFactoryServiceProvider, class com.almasb.fxgl.ui.FXGLDialogFactoryServiceProvider, class com.almasb.fxgl.audio.AudioPlayer, class com.almasb.fxgl.notification.impl.NotificationServiceProvider, class com.almasb.fxgl.achievement.AchievementService, class com.almasb.fxgl.cutscene.CutsceneService, class com.almasb.fxgl.minigames.MiniGameService, class com.almasb.fxgl.net.NetService, class com.almasb.fxgl.app.services.UpdaterService]
23:37:43.182 [FXGL Background Thread 2 ] DEBUG Engine               - globalMusicVolume: 0.5
23:37:43.182 [FXGL Background Thread 2 ] DEBUG Engine               - width: 1920
23:37:43.182 [FXGL Background Thread 2 ] DEBUG Engine               - saveFileExt: sav
23:37:43.182 [FXGL Background Thread 2 ] DEBUG Engine               - isAndroid: false
23:37:43.182 [FXGL Background Thread 2 ] DEBUG Engine               - fontUI: VarelaRound-Regular.ttf
23:37:43.183 [FXGL Background Thread 2 ] DEBUG Engine               - enabledMenuItems: [SAVE_LOAD, EXTRA, ONLINE]
23:37:43.183 [FXGL Background Thread 2 ] DEBUG Engine               - isIOS: false
23:37:43.183 [FXGL Background Thread 2 ] DEBUG Engine               - Logging services
23:37:43.183 [FXGL Background Thread 2 ] DEBUG Engine               - class com.almasb.fxgl.app.GameApplication$GameApplicationService
23:37:43.183 [FXGL Background Thread 2 ] DEBUG Engine               - class com.almasb.fxgl.app.services.WindowService
23:37:43.183 [FXGL Background Thread 2 ] DEBUG Engine               - class com.almasb.fxgl.app.services.FXGLDialogService
23:37:43.183 [FXGL Background Thread 2 ] DEBUG Engine               - class com.almasb.fxgl.app.services.IOTaskExecutorService
23:37:43.183 [FXGL Background Thread 2 ] DEBUG Engine               - class com.almasb.fxgl.event.EventBusService
23:37:43.183 [FXGL Background Thread 2 ] DEBUG Engine               - class com.almasb.fxgl.io.FileSystemService
23:37:43.183 [FXGL Background Thread 2 ] DEBUG Engine               - class com.almasb.fxgl.localization.LocalizationService
23:37:43.183 [FXGL Background Thread 2 ] DEBUG Engine               - class com.almasb.fxgl.app.services.AssetLoaderService
23:37:43.183 [FXGL Background Thread 2 ] DEBUG Engine               - class com.almasb.fxgl.app.services.SystemBundleService
23:37:43.183 [FXGL Background Thread 2 ] DEBUG Engine               - class com.almasb.fxgl.profile.SaveLoadService
23:37:43.183 [FXGL Background Thread 2 ] DEBUG Engine               - class com.almasb.fxgl.ui.FXGLUIFactoryServiceProvider
23:37:43.183 [FXGL Background Thread 2 ] DEBUG Engine               - class com.almasb.fxgl.ui.FXGLDialogFactoryServiceProvider
23:37:43.183 [FXGL Background Thread 2 ] DEBUG Engine               - class com.almasb.fxgl.audio.AudioPlayer
23:37:43.183 [FXGL Background Thread 2 ] DEBUG Engine               - class com.almasb.fxgl.notification.impl.NotificationServiceProvider
23:37:43.183 [FXGL Background Thread 2 ] DEBUG Engine               - class com.almasb.fxgl.achievement.AchievementService
23:37:43.183 [FXGL Background Thread 2 ] DEBUG Engine               - class com.almasb.fxgl.cutscene.CutsceneService
23:37:43.183 [FXGL Background Thread 2 ] DEBUG Engine               - class com.almasb.fxgl.minigames.MiniGameService
23:37:43.183 [FXGL Background Thread 2 ] DEBUG Engine               - class com.almasb.fxgl.net.NetService
23:37:43.183 [FXGL Background Thread 2 ] DEBUG Engine               - class com.almasb.fxgl.app.services.UpdaterService
23:37:43.340 [JavaFX Application Thread] DEBUG AssetLoaderService   - Loading from file system: /assets/textures/smallasteroid.png
23:37:44.359 [JavaFX Application Thread] DEBUG AssetLoaderService   - Loading from cache: /assets/textures/smallasteroid.png
23:37:44.364 [JavaFX Application Thread] DEBUG AssetLoaderService   - Loading from cache: /assets/textures/smallasteroid.png
23:37:45.388 [JavaFX Application Thread] DEBUG AssetLoaderService   - Loading from cache: /assets/textures/smallasteroid.png
23:37:46.390 [JavaFX Application Thread] DEBUG AssetLoaderService   - Loading from cache: /assets/textures/smallasteroid.png
23:37:46.407 [JavaFX Application Thread] DEBUG AssetLoaderService   - Loading from cache: /assets/textures/smallasteroid.png
23:37:46.813 [JavaFX Application Thread] DEBUG AssetLoaderService   - Loading from file system: /assets/sounds/explosion.wav
23:37:46.865 [JavaFX Application Thread] DEBUG AssetLoaderService   - Loading from file system: /assets/textures/explosion.png
23:37:46.873 [JavaFX Application Thread] DEBUG LoopRunner           - Stopping loop
23:37:52.639 [JavaFX Application Thread] FATAL GameApplication      - Uncaught Exception:

Fatal exception occurred: java.lang.IllegalMonitorStateException : null
E: java.base/java.lang.Object.wait(Native Method)
E: spacegame.app.SpaceGameApp.lambda$initPhysics$11(SpaceGameApp.java:165)
E: com.almasb.fxgl.dsl.FXGL$Companion$onCollisionBegin$1.onCollisionBegin(FXGL.kt:515)
E: com.almasb.fxgl.physics.CollisionPair.collisionBegin(CollisionPair.java:37)
E: com.almasb.fxgl.physics.PhysicsWorld.collisionBeginFor(PhysicsWorld.java:482)
E: com.almasb.fxgl.physics.PhysicsWorld.checkCollisions(PhysicsWorld.java:436)
E: com.almasb.fxgl.physics.PhysicsWorld.onUpdate(PhysicsWorld.java:181)
E: com.almasb.fxgl.app.scene.GameScene.step(GameScene.kt:116)
E: com.almasb.fxgl.app.scene.GameScene.onUpdate(GameScene.kt:111)
E: com.almasb.fxgl.scene.Scene.update(Scene.kt:75)
E: com.almasb.fxgl.app.MainWindow$update$1.invoke(MainWindow.kt:208)
E: com.almasb.fxgl.app.MainWindow$update$1.invoke(MainWindow.kt:38)
E: com.almasb.fxgl.core.fsm.StateMachine.runOnActiveStates(StateMachine.kt:60)
E: com.almasb.fxgl.app.MainWindow.update(MainWindow.kt:208)
E: com.almasb.fxgl.app.services.WindowService.onUpdate(WindowService.kt:115)
E: com.almasb.fxgl.app.Engine.loop(Engine.kt:129)
E: com.almasb.fxgl.app.Engine.access$loop(Engine.kt:25)
E: com.almasb.fxgl.app.Engine$loop$1.invoke(Engine.kt:29)
E: com.almasb.fxgl.app.Engine$loop$1.invoke(Engine.kt:25)
E: com.almasb.fxgl.app.LoopRunner.frame(LoopRunner.kt:86)
E: com.almasb.fxgl.app.LoopRunner.access$frame(LoopRunner.kt:17)
E: com.almasb.fxgl.app.LoopRunner$impl$2$1.handle(LoopRunner.kt:37)
E: javafx.animation.AnimationTimer$AnimationTimerReceiver.lambda$handle$0(AnimationTimer.java:57)
E: java.base/java.security.AccessController.doPrivileged(Native Method)
E: javafx.animation.AnimationTimer$AnimationTimerReceiver.handle(AnimationTimer.java:56)
E: com.sun.scenario.animation.AbstractMasterTimer.timePulseImpl(AbstractMasterTimer.java:357)
E: com.sun.scenario.animation.AbstractMasterTimer$MainLoop.run(AbstractMasterTimer.java:267)
E: com.sun.javafx.tk.quantum.QuantumToolkit.pulse(QuantumToolkit.java:559)
E: com.sun.javafx.tk.quantum.QuantumToolkit.pulse(QuantumToolkit.java:543)
E: com.sun.javafx.tk.quantum.QuantumToolkit.pulseFromQueue(QuantumToolkit.java:536)
E: com.sun.javafx.tk.quantum.QuantumToolkit.lambda$runToolkit$11(QuantumToolkit.java:342)
E: com.sun.glass.ui.InvokeLaterDispatcher$Future.run(InvokeLaterDispatcher.java:96)
E: com.sun.glass.ui.win.WinApplication._runLoop(Native Method)
E: com.sun.glass.ui.win.WinApplication.lambda$runLoop$3(WinApplication.java:174)
E: java.base/java.lang.Thread.run(Thread.java:834)

23:37:52.640 [JavaFX Application Thread] FATAL GameApplication      - Application will now exit
23:37:52.640 [JavaFX Application Thread] DEBUG GameApplication      - Exiting FXGL
23:37:52.640 [JavaFX Application Thread] DEBUG GameApplication      - Shutting down background threads
23:37:52.640 [JavaFX Application Thread] DEBUG GameApplication      - Closing logger and exiting JavaFX
