14:48:16.140 [main                     ] DEBUG GameApplication      - Logger initialized
14:48:16.187 [main                     ] DEBUG GameApplication      - Logging settings
Title: Space Game
Version: 0.2
Width: 1920
Height: 1080
Fullscreen: false
Intro: false
Menus: true
Profiling: false
Single step:false
App Mode: DEVELOPER
Menu Key: ESCAPE
Stage Style: DECORATED
Scene Factory: class com.almasb.fxgl.app.scene.SceneFactory

14:48:17.147 [JavaFX Application Thread] DEBUG GameApplication      - Initializing FXGL
14:48:17.178 [JavaFX Application Thread] INFO  Engine               - FXGL-11.8 (08.03.2020 09.09) on WINDOWS (J:11.0.10 FX:13.0.2)
14:48:17.179 [JavaFX Application Thread] INFO  Engine               - Source code and latest versions at: https://github.com/AlmasB/FXGL
14:48:17.180 [JavaFX Application Thread] INFO  Engine               -              Join the FXGL chat at: https://gitter.im/AlmasB/FXGL
14:48:17.557 [JavaFX Application Thread] DEBUG MainWindow           - Creating a JavaFX scene
14:48:17.558 [JavaFX Application Thread] DEBUG MainWindow           - Target size > screen size
14:48:17.756 [JavaFX Application Thread] DEBUG MainWindow           - Target settings size: 1920.0 x 1080.0
14:48:17.756 [JavaFX Application Thread] DEBUG MainWindow           - Scaled scene size:    1183.0 x 679.0
14:48:17.757 [JavaFX Application Thread] DEBUG MainWindow           - Scaled ratio: (0.6161458333333333, 0.6287037037037037)
14:48:17.760 [JavaFX Application Thread] DEBUG MainWindow           - Set initial scene to FXGLStartupScene
14:48:17.778 [JavaFX Application Thread] DEBUG MainWindow           - Opening main window
14:48:17.987 [JavaFX Application Thread] DEBUG MainWindow           - Window border size: (15.0, 37.66668701171875)
14:48:17.988 [JavaFX Application Thread] DEBUG MainWindow           - Scaled size: 1183.0 x 679.0
14:48:17.989 [JavaFX Application Thread] DEBUG MainWindow           - Scaled ratio: (0.6161458333333333, 0.6287037037037037)
14:48:17.990 [JavaFX Application Thread] DEBUG MainWindow           - Scene size: 1183.0 x 679.0
14:48:17.991 [JavaFX Application Thread] DEBUG MainWindow           - Stage size: 1198.0 x 716.6666870117188
14:48:18.013 [FXGL Background Thread 1 ] DEBUG Engine               - Initializing environment variables
14:48:18.095 [FXGL Background Thread 1 ] DEBUG WindowService        - Applying CSS: fxgl_dark.css
14:48:18.096 [FXGL Background Thread 1 ] DEBUG AssetLoaderService   - Loading from file system: /assets/ui/css/fxgl_dark.css
14:48:18.286 [FXGL Background Thread 1 ] DEBUG WindowService        - Initializing application scenes
14:48:18.446 [FXGL Background Thread 1 ] DEBUG GameWorld            - Game world initialized
14:48:18.566 [FXGL Background Thread 1 ] DEBUG PhysicsWorld         - Physics world initialized: appHeight=1080, physics.ppm=50.0
14:48:18.571 [FXGL Background Thread 1 ] DEBUG GameScene            - Game scene initialized: 1920x1080
14:48:18.642 [FXGL Background Thread 1 ] DEBUG AssetLoaderService   - Loading from file system: /assets/textures/particles/trace_horizontal.png
14:48:18.769 [FXGL Background Thread 1 ] DEBUG FXGL.DefaultMenu     - createMenuBodyMainMenu()
14:48:18.815 [FXGL Background Thread 1 ] DEBUG FXGL.DefaultMenu     - createOptionsMenu()
14:48:18.827 [FXGL Background Thread 1 ] DEBUG FXGL.DefaultMenu     - createExtraMenu()
14:48:18.834 [FXGL Background Thread 1 ] DEBUG AssetLoaderService   - Loading from file system: /assets/textures/particles/smoke.png
14:48:18.982 [FXGL Background Thread 1 ] DEBUG AssetLoaderService   - Loading from cache: /assets/textures/particles/trace_horizontal.png@64.0x64.0
14:48:18.983 [FXGL Background Thread 1 ] DEBUG FXGL.DefaultMenu     - createMenuBodyGameMenu()
14:48:18.990 [FXGL Background Thread 1 ] DEBUG FXGL.DefaultMenu     - createOptionsMenu()
14:48:18.996 [FXGL Background Thread 1 ] DEBUG FXGL.DefaultMenu     - createExtraMenu()
14:48:19.001 [FXGL Background Thread 1 ] DEBUG AssetLoaderService   - Loading from cache: /assets/textures/particles/smoke.png@128.0x128.0
14:48:19.036 [FXGL Background Thread 1 ] DEBUG WindowService        - Application scenes initialized
14:48:19.056 [FXGL Background Thread 1 ] DEBUG SystemBundleService  - Loading FXGL system data
14:48:19.066 [FXGL Background Thread 1 ] DEBUG FileSystemAccess     - Reading from: C:\Users\xxdee\IdeaProjects\350FXGLjavagame\system\fxgl.bundle
14:48:19.078 [FXGL Background Thread 1 ] DEBUG SystemBundleService  - Bundle FXGL: {}
14:48:19.079 [FXGL Background Thread 1 ] INFO  Engine               - FXGL initialization took: 1.062 sec
14:48:19.082 [FXGL Background Thread 1 ] DEBUG GameApplication      - Loading localizations
14:48:19.084 [FXGL Background Thread 1 ] DEBUG AssetLoaderService   - Loading from file system: /assets/properties/languages/english.properties
14:48:19.087 [FXGL Background Thread 1 ] DEBUG AssetLoaderService   - Loading from file system: /assets/properties/languages/french.properties
14:48:19.091 [FXGL Background Thread 1 ] DEBUG AssetLoaderService   - Loading from file system: /assets/properties/languages/german.properties
14:48:19.095 [FXGL Background Thread 1 ] DEBUG AssetLoaderService   - Loading from file system: /assets/properties/languages/hungarian.properties
14:48:19.099 [FXGL Background Thread 1 ] DEBUG AssetLoaderService   - Loading from file system: /assets/properties/languages/russian.properties
14:48:19.103 [FXGL Background Thread 1 ] DEBUG GameApplication      - Registering font factories with UI factory
14:48:19.103 [FXGL Background Thread 1 ] DEBUG AssetLoaderService   - Loading from file system: /assets/ui/fonts/VarelaRound-Regular.ttf
14:48:19.681 [FXGL Background Thread 1 ] DEBUG AssetLoaderService   - Loading from file system: /assets/ui/fonts/Abel-Regular.ttf
14:48:19.705 [FXGL Background Thread 1 ] DEBUG AssetLoaderService   - Loading from file system: /assets/ui/fonts/lucida_console.ttf
14:48:19.735 [FXGL Background Thread 1 ] DEBUG AssetLoaderService   - Loading from file system: /assets/ui/fonts/Courier-Prime.ttf
14:48:19.792 [JavaFX Application Thread] DEBUG Input                - Registered new binding: action0 - D
14:48:19.793 [JavaFX Application Thread] DEBUG Input                - Registered new binding: action1 - A
14:48:19.795 [JavaFX Application Thread] DEBUG Input                - Registered new binding: action2 - W
14:48:19.795 [JavaFX Application Thread] DEBUG Input                - Registered new binding: action3 - C
14:48:19.796 [JavaFX Application Thread] DEBUG Input                - Registered new binding: action4 - Left
14:48:19.796 [JavaFX Application Thread] DEBUG Input                - Registered new binding: action5 - Right
14:48:19.798 [JavaFX Application Thread] DEBUG Input                - Registered new binding: action6 - Space
14:48:19.799 [JavaFX Application Thread] DEBUG AssetLoaderService   - Loading from file system: /assets/textures/fxgl_icon.png
14:48:19.845 [JavaFX Application Thread] DEBUG AssetLoaderService   - Loading from file system: /assets/ui/cursors/fxgl_default.png
14:48:19.851 [JavaFX Application Thread] DEBUG Input                - Registered new binding: Screenshot - P
14:48:19.852 [JavaFX Application Thread] DEBUG Input                - Registered new binding: System info dump - CTRL+9
14:48:19.853 [JavaFX Application Thread] DEBUG Input                - Registered new binding: Restart - CTRL+R
14:48:19.856 [JavaFX Application Thread] DEBUG LoopRunner           - Starting loop
14:48:19.878 [JavaFX Application Thread] DEBUG FXGLStartupScene     - STARTUP
14:48:19.890 [JavaFX Application Thread] DEBUG Input                - Clearing active input actions
14:48:19.945 [JavaFX Application Thread] DEBUG WindowService        - Removing overlay from FXGLStartupScene and adding to FXGLDefaultMenu
14:48:19.946 [JavaFX Application Thread] DEBUG MainWindow           - FXGLStartupScene -> FXGLDefaultMenu
14:48:22.071 [JavaFX Application Thread] DEBUG Menu                 - fireNewGame()
14:48:22.072 [JavaFX Application Thread] DEBUG WindowService        - Starting new game
14:48:22.072 [JavaFX Application Thread] DEBUG Input                - Clearing active input actions
14:48:22.083 [FXGL Background Thread 2 ] DEBUG Engine               - Logging environment variables
14:48:22.083 [FXGL Background Thread 2 ] DEBUG Engine               - achievements: []
14:48:22.084 [FXGL Background Thread 2 ] DEBUG Engine               - language: ObjectProperty [value: ENGLISH]
14:48:22.084 [FXGL Background Thread 2 ] DEBUG Engine               - isCloseConfirmation: false
14:48:22.084 [FXGL Background Thread 2 ] DEBUG Engine               - isProfilingEnabled: false
14:48:22.084 [FXGL Background Thread 2 ] DEBUG Engine               - soundNotification: core/notification.wav
14:48:22.085 [FXGL Background Thread 2 ] DEBUG Engine               - devShowBBoxProperty: BooleanProperty [value: false]
14:48:22.085 [FXGL Background Thread 2 ] DEBUG Engine               - pixelsPerMeter: 50.0
14:48:22.085 [FXGL Background Thread 2 ] DEBUG Engine               - soundMenuBack: menu/back.wav
14:48:22.085 [FXGL Background Thread 2 ] DEBUG Engine               - appIcon: fxgl_icon.png
14:48:22.085 [FXGL Background Thread 2 ] DEBUG Engine               - isFullScreenAllowed: false
14:48:22.086 [FXGL Background Thread 2 ] DEBUG Engine               - isIntroEnabled: false
14:48:22.086 [FXGL Background Thread 2 ] DEBUG Engine               - fontMono: lucida_console.ttf
14:48:22.086 [FXGL Background Thread 2 ] DEBUG Engine               - soundMenuSelect: menu/select.wav
14:48:22.086 [FXGL Background Thread 2 ] DEBUG Engine               - isWindows: true
14:48:22.086 [FXGL Background Thread 2 ] DEBUG Engine               - isMobile: false
14:48:22.087 [FXGL Background Thread 2 ] DEBUG Engine               - isUserProfileEnabled: false
14:48:22.087 [FXGL Background Thread 2 ] DEBUG Engine               - height: 1080
14:48:22.087 [FXGL Background Thread 2 ] DEBUG Engine               - isExperimentalNative: false
14:48:22.088 [FXGL Background Thread 2 ] DEBUG Engine               - settings: Title: Space Game
Version: 0.2
Width: 1920
Height: 1080
Fullscreen: false
Intro: false
Menus: true
Profiling: false
Single step:false
App Mode: DEVELOPER
Menu Key: ESCAPE
Stage Style: DECORATED
Scene Factory: class com.almasb.fxgl.app.scene.SceneFactory

14:48:22.088 [FXGL Background Thread 2 ] DEBUG Engine               - isSingleStep: false
14:48:22.088 [FXGL Background Thread 2 ] DEBUG Engine               - cSSList: [fxgl_dark.css]
14:48:22.088 [FXGL Background Thread 2 ] DEBUG Engine               - fontGame: Abel-Regular.ttf
14:48:22.088 [FXGL Background Thread 2 ] DEBUG Engine               - menuKey: ESCAPE
14:48:22.089 [FXGL Background Thread 2 ] DEBUG Engine               - devShowPositionProperty: BooleanProperty [value: false]
14:48:22.089 [FXGL Background Thread 2 ] DEBUG Engine               - versionCheckDays: 7
14:48:22.089 [FXGL Background Thread 2 ] DEBUG Engine               - configClass: Optional.empty
14:48:22.089 [FXGL Background Thread 2 ] DEBUG Engine               - isFullScreenFromStart: false
14:48:22.089 [FXGL Background Thread 2 ] DEBUG Engine               - version: 0.2
14:48:22.090 [FXGL Background Thread 2 ] DEBUG Engine               - fullScreen: BooleanProperty [value: false]
14:48:22.090 [FXGL Background Thread 2 ] DEBUG Engine               - randomSeed: -1
14:48:22.090 [FXGL Background Thread 2 ] DEBUG Engine               - gameDifficultyProperty: ObjectProperty [value: MEDIUM]
14:48:22.090 [FXGL Background Thread 2 ] DEBUG Engine               - applicationMode: DEVELOPER
14:48:22.090 [FXGL Background Thread 2 ] DEBUG Engine               - isMac: false
14:48:22.091 [FXGL Background Thread 2 ] DEBUG Engine               - isMenuEnabled: true
14:48:22.091 [FXGL Background Thread 2 ] DEBUG Engine               - urlPOM: https://raw.githubusercontent.com/AlmasB/FXGL/master/pom.xml
14:48:22.091 [FXGL Background Thread 2 ] DEBUG Engine               - profileName: StringProperty [value: DEFAULT]
14:48:22.091 [FXGL Background Thread 2 ] DEBUG Engine               - notificationViewClass: class com.almasb.fxgl.notification.view.XboxNotificationView
14:48:22.092 [FXGL Background Thread 2 ] DEBUG Engine               - devSensorColorProperty: ObjectProperty [value: 0xffff00ff]
14:48:22.092 [FXGL Background Thread 2 ] DEBUG Engine               - sceneFactory: com.almasb.fxgl.app.scene.SceneFactory@5a8d3777
14:48:22.093 [FXGL Background Thread 2 ] DEBUG Engine               - stageStyle: DECORATED
14:48:22.093 [FXGL Background Thread 2 ] DEBUG Engine               - isManualResizeEnabled: true
14:48:22.093 [FXGL Background Thread 2 ] DEBUG Engine               - title: Space Game
14:48:22.093 [FXGL Background Thread 2 ] DEBUG Engine               - platform: WINDOWS
14:48:22.093 [FXGL Background Thread 2 ] DEBUG Engine               - devBBoxColorProperty: ObjectProperty [value: 0xff0000ff]
14:48:22.094 [FXGL Background Thread 2 ] DEBUG Engine               - gameDifficulty: MEDIUM
14:48:22.094 [FXGL Background Thread 2 ] DEBUG Engine               - isDesktop: true
14:48:22.094 [FXGL Background Thread 2 ] DEBUG Engine               - supportedLanguages: [ENGLISH, FRENCH, GERMAN, HUNGARIAN, RUSSIAN]
14:48:22.094 [FXGL Background Thread 2 ] DEBUG Engine               - credits: []
14:48:22.094 [FXGL Background Thread 2 ] DEBUG Engine               - globalMusicVolumeProperty: DoubleProperty [value: 0.5]
14:48:22.095 [FXGL Background Thread 2 ] DEBUG Engine               - isPreserveResizeRatio: false
14:48:22.095 [FXGL Background Thread 2 ] DEBUG Engine               - fontText: Courier-Prime.ttf
14:48:22.095 [FXGL Background Thread 2 ] DEBUG Engine               - isExperimentalTiledLargeMap: false
14:48:22.095 [FXGL Background Thread 2 ] DEBUG Engine               - secondsIn24h: 60
14:48:22.095 [FXGL Background Thread 2 ] DEBUG Engine               - runtimeInfo: RuntimeInfo(platform=WINDOWS, version=11.8, build=08.03.2020 09.09)
14:48:22.095 [FXGL Background Thread 2 ] DEBUG Engine               - isLinux: false
14:48:22.096 [FXGL Background Thread 2 ] DEBUG Engine               - soundMenuPress: menu/press.wav
14:48:22.096 [FXGL Background Thread 2 ] DEBUG Engine               - urlGithub: https://github.com/AlmasB/FXGL
14:48:22.096 [FXGL Background Thread 2 ] DEBUG Engine               - profileDir: profiles/
14:48:22.096 [FXGL Background Thread 2 ] DEBUG Engine               - isDeveloperMenuEnabled: false
14:48:22.097 [FXGL Background Thread 2 ] DEBUG Engine               - globalSoundVolumeProperty: DoubleProperty [value: 0.5]
14:48:22.097 [FXGL Background Thread 2 ] DEBUG Engine               - mainWindow: com.almasb.fxgl.app.MainWindow@5eb2a8fe
14:48:22.097 [FXGL Background Thread 2 ] DEBUG Engine               - isBrowser: false
14:48:22.097 [FXGL Background Thread 2 ] DEBUG Engine               - globalSoundVolume: 0.5
14:48:22.097 [FXGL Background Thread 2 ] DEBUG Engine               - urlLeaderboard: http://fxgl-top.herokuapp.com/
14:48:22.097 [FXGL Background Thread 2 ] DEBUG Engine               - engineServices: [class com.almasb.fxgl.app.GameApplication$GameApplicationService, class com.almasb.fxgl.app.services.WindowService, class com.almasb.fxgl.app.services.FXGLDialogService, class com.almasb.fxgl.app.services.IOTaskExecutorService, class com.almasb.fxgl.event.EventBusService, class com.almasb.fxgl.io.FileSystemService, class com.almasb.fxgl.localization.LocalizationService, class com.almasb.fxgl.app.services.AssetLoaderService, class com.almasb.fxgl.app.services.SystemBundleService, class com.almasb.fxgl.profile.SaveLoadService, class com.almasb.fxgl.ui.FXGLUIFactoryServiceProvider, class com.almasb.fxgl.ui.FXGLDialogFactoryServiceProvider, class com.almasb.fxgl.audio.AudioPlayer, class com.almasb.fxgl.notification.impl.NotificationServiceProvider, class com.almasb.fxgl.achievement.AchievementService, class com.almasb.fxgl.cutscene.CutsceneService, class com.almasb.fxgl.minigames.MiniGameService, class com.almasb.fxgl.net.NetService, class com.almasb.fxgl.app.services.UpdaterService]
14:48:22.098 [FXGL Background Thread 2 ] DEBUG Engine               - globalMusicVolume: 0.5
14:48:22.098 [FXGL Background Thread 2 ] DEBUG Engine               - width: 1920
14:48:22.098 [FXGL Background Thread 2 ] DEBUG Engine               - saveFileExt: sav
14:48:22.098 [FXGL Background Thread 2 ] DEBUG Engine               - isAndroid: false
14:48:22.098 [FXGL Background Thread 2 ] DEBUG Engine               - fontUI: VarelaRound-Regular.ttf
14:48:22.099 [FXGL Background Thread 2 ] DEBUG Engine               - enabledMenuItems: [SAVE_LOAD, EXTRA, ONLINE]
14:48:22.099 [FXGL Background Thread 2 ] DEBUG Engine               - isIOS: false
14:48:22.099 [FXGL Background Thread 2 ] DEBUG Engine               - Logging services
14:48:22.099 [FXGL Background Thread 2 ] DEBUG Engine               - class com.almasb.fxgl.app.GameApplication$GameApplicationService
14:48:22.100 [FXGL Background Thread 2 ] DEBUG Engine               - class com.almasb.fxgl.app.services.WindowService
14:48:22.100 [FXGL Background Thread 2 ] DEBUG Engine               - class com.almasb.fxgl.app.services.FXGLDialogService
14:48:22.100 [FXGL Background Thread 2 ] DEBUG Engine               - class com.almasb.fxgl.app.services.IOTaskExecutorService
14:48:22.100 [FXGL Background Thread 2 ] DEBUG Engine               - class com.almasb.fxgl.event.EventBusService
14:48:22.100 [FXGL Background Thread 2 ] DEBUG Engine               - class com.almasb.fxgl.io.FileSystemService
14:48:22.100 [FXGL Background Thread 2 ] DEBUG Engine               - class com.almasb.fxgl.localization.LocalizationService
14:48:22.101 [FXGL Background Thread 2 ] DEBUG Engine               - class com.almasb.fxgl.app.services.AssetLoaderService
14:48:22.101 [FXGL Background Thread 2 ] DEBUG Engine               - class com.almasb.fxgl.app.services.SystemBundleService
14:48:22.101 [FXGL Background Thread 2 ] DEBUG Engine               - class com.almasb.fxgl.profile.SaveLoadService
14:48:22.101 [FXGL Background Thread 2 ] DEBUG Engine               - class com.almasb.fxgl.ui.FXGLUIFactoryServiceProvider
14:48:22.101 [FXGL Background Thread 2 ] DEBUG Engine               - class com.almasb.fxgl.ui.FXGLDialogFactoryServiceProvider
14:48:22.102 [FXGL Background Thread 2 ] DEBUG Engine               - class com.almasb.fxgl.audio.AudioPlayer
14:48:22.102 [FXGL Background Thread 2 ] DEBUG Engine               - class com.almasb.fxgl.notification.impl.NotificationServiceProvider
14:48:22.102 [FXGL Background Thread 2 ] DEBUG Engine               - class com.almasb.fxgl.achievement.AchievementService
14:48:22.102 [FXGL Background Thread 2 ] DEBUG Engine               - class com.almasb.fxgl.cutscene.CutsceneService
14:48:22.102 [FXGL Background Thread 2 ] DEBUG Engine               - class com.almasb.fxgl.minigames.MiniGameService
14:48:22.102 [FXGL Background Thread 2 ] DEBUG Engine               - class com.almasb.fxgl.net.NetService
14:48:22.103 [FXGL Background Thread 2 ] DEBUG Engine               - class com.almasb.fxgl.app.services.UpdaterService
14:48:22.108 [JavaFX Application Thread] DEBUG WindowService        - Removing overlay from FXGLDefaultMenu and adding to FXGLLoadingScene
14:48:22.109 [JavaFX Application Thread] DEBUG MainWindow           - FXGLDefaultMenu -> FXGLLoadingScene
14:48:22.109 [JavaFX Application Thread] DEBUG WindowService        - Clearing previous game
14:48:22.109 [JavaFX Application Thread] DEBUG GameScene            - Clearing game scene
14:48:22.109 [JavaFX Application Thread] DEBUG GameWorld            - Clearing game world
14:48:22.110 [JavaFX Application Thread] DEBUG PhysicsWorld         - Clearing physics world
14:48:22.113 [FXGL Background Thread 1 ] DEBUG GameApplication      - Initializing game
14:48:22.141 [FXGL Background Thread 1 ] DEBUG AssetLoaderService   - Loading from file system: /assets/textures/newbackground.jpg
14:48:22.233 [FXGL Background Thread 1 ] DEBUG AssetLoaderService   - Loading from file system: /assets/textures/smallspaceship.png
14:48:22.295 [FXGL Background Thread 1 ] INFO  GameApplication      - Game initialization took: 0.182 sec
14:48:22.296 [JavaFX Application Thread] DEBUG Input                - Clearing active input actions
14:48:22.323 [JavaFX Application Thread] DEBUG WindowService        - Removing overlay from FXGLLoadingScene and adding to GameScene
14:48:22.323 [JavaFX Application Thread] DEBUG MainWindow           - FXGLLoadingScene -> GameScene
14:48:23.194 [JavaFX Application Thread] DEBUG AssetLoaderService   - Loading from file system: /assets/textures/smallasteroid.png
14:48:23.210 [JavaFX Application Thread] DEBUG AssetLoaderService   - Loading from cache: /assets/textures/smallasteroid.png
14:48:24.217 [JavaFX Application Thread] DEBUG AssetLoaderService   - Loading from cache: /assets/textures/smallasteroid.png
14:48:24.220 [JavaFX Application Thread] DEBUG AssetLoaderService   - Loading from cache: /assets/textures/smallasteroid.png
14:48:24.244 [JavaFX Application Thread] DEBUG AssetLoaderService   - Loading from file system: /assets/textures/projectile.png
14:48:24.548 [JavaFX Application Thread] DEBUG AssetLoaderService   - Loading from file system: /assets/sounds/explosion.wav
14:48:24.735 [JavaFX Application Thread] DEBUG AssetLoaderService   - Loading from file system: /assets/textures/explosion.png
14:48:25.288 [JavaFX Application Thread] DEBUG AssetLoaderService   - Loading from cache: /assets/textures/projectile.png
14:48:25.338 [JavaFX Application Thread] DEBUG AssetLoaderService   - Loading from cache: /assets/textures/smallasteroid.png
14:48:25.340 [JavaFX Application Thread] DEBUG AssetLoaderService   - Loading from cache: /assets/textures/smallasteroid.png
14:48:26.072 [JavaFX Application Thread] DEBUG AssetLoaderService   - Loading from cache: /assets/textures/projectile.png
14:48:26.107 [JavaFX Application Thread] DEBUG AssetLoaderService   - Loading from cache: /assets/sounds/explosion.wav
14:48:26.108 [JavaFX Application Thread] DEBUG AssetLoaderService   - Loading from cache: /assets/textures/explosion.png
14:48:26.234 [JavaFX Application Thread] DEBUG AssetLoaderService   - Loading from cache: /assets/textures/smallasteroid.png
14:48:26.238 [JavaFX Application Thread] DEBUG AssetLoaderService   - Loading from cache: /assets/textures/smallasteroid.png
14:48:27.210 [JavaFX Application Thread] DEBUG AssetLoaderService   - Loading from cache: /assets/textures/smallasteroid.png
14:48:27.211 [JavaFX Application Thread] DEBUG AssetLoaderService   - Loading from cache: /assets/textures/smallasteroid.png
14:48:27.444 [JavaFX Application Thread] DEBUG AssetLoaderService   - Loading from cache: /assets/textures/projectile.png
14:48:27.930 [JavaFX Application Thread] DEBUG AssetLoaderService   - Loading from cache: /assets/sounds/explosion.wav
14:48:27.931 [JavaFX Application Thread] DEBUG AssetLoaderService   - Loading from cache: /assets/textures/explosion.png
14:48:27.932 [JavaFX Application Thread] DEBUG AssetLoaderService   - Loading from cache: /assets/sounds/explosion.wav
14:48:27.933 [JavaFX Application Thread] DEBUG AssetLoaderService   - Loading from cache: /assets/textures/explosion.png
14:48:28.027 [JavaFX Application Thread] DEBUG AssetLoaderService   - Loading from cache: /assets/sounds/explosion.wav
14:48:28.028 [JavaFX Application Thread] DEBUG AssetLoaderService   - Loading from cache: /assets/textures/explosion.png
14:48:28.234 [JavaFX Application Thread] DEBUG AssetLoaderService   - Loading from cache: /assets/textures/smallasteroid.png
14:48:28.237 [JavaFX Application Thread] DEBUG AssetLoaderService   - Loading from cache: /assets/textures/smallasteroid.png
14:48:29.242 [JavaFX Application Thread] DEBUG AssetLoaderService   - Loading from cache: /assets/textures/smallasteroid.png
14:48:29.243 [JavaFX Application Thread] DEBUG AssetLoaderService   - Loading from cache: /assets/textures/smallasteroid.png
14:48:29.786 [JavaFX Application Thread] DEBUG AssetLoaderService   - Loading from cache: /assets/sounds/explosion.wav
14:48:29.787 [JavaFX Application Thread] DEBUG AssetLoaderService   - Loading from cache: /assets/textures/explosion.png
14:48:29.789 [JavaFX Application Thread] DEBUG AssetLoaderService   - Loading from cache: /assets/sounds/explosion.wav
14:48:29.790 [JavaFX Application Thread] DEBUG AssetLoaderService   - Loading from cache: /assets/textures/explosion.png
14:48:30.250 [JavaFX Application Thread] DEBUG AssetLoaderService   - Loading from cache: /assets/textures/smallasteroid.png
14:48:30.253 [JavaFX Application Thread] DEBUG AssetLoaderService   - Loading from cache: /assets/textures/smallasteroid.png
14:48:30.297 [JavaFX Application Thread] DEBUG AssetLoaderService   - Loading from cache: /assets/sounds/explosion.wav
14:48:30.298 [JavaFX Application Thread] DEBUG AssetLoaderService   - Loading from cache: /assets/textures/explosion.png
14:48:30.299 [JavaFX Application Thread] DEBUG AssetLoaderService   - Loading from cache: /assets/sounds/explosion.wav
14:48:30.301 [JavaFX Application Thread] DEBUG AssetLoaderService   - Loading from cache: /assets/textures/explosion.png
14:48:30.969 [JavaFX Application Thread] DEBUG AssetLoaderService   - Loading from cache: /assets/sounds/explosion.wav
14:48:30.971 [JavaFX Application Thread] DEBUG AssetLoaderService   - Loading from cache: /assets/textures/explosion.png
14:48:30.972 [JavaFX Application Thread] DEBUG AssetLoaderService   - Loading from cache: /assets/sounds/explosion.wav
14:48:30.974 [JavaFX Application Thread] DEBUG AssetLoaderService   - Loading from cache: /assets/textures/explosion.png
14:48:31.241 [JavaFX Application Thread] DEBUG AssetLoaderService   - Loading from cache: /assets/textures/smallasteroid.png
14:48:31.242 [JavaFX Application Thread] DEBUG AssetLoaderService   - Loading from cache: /assets/textures/smallasteroid.png
14:48:32.250 [JavaFX Application Thread] DEBUG AssetLoaderService   - Loading from cache: /assets/textures/smallasteroid.png
14:48:32.252 [JavaFX Application Thread] DEBUG AssetLoaderService   - Loading from cache: /assets/textures/smallasteroid.png
14:48:33.241 [JavaFX Application Thread] DEBUG AssetLoaderService   - Loading from cache: /assets/textures/smallasteroid.png
14:48:33.243 [JavaFX Application Thread] DEBUG AssetLoaderService   - Loading from cache: /assets/textures/smallasteroid.png
14:48:34.249 [JavaFX Application Thread] DEBUG AssetLoaderService   - Loading from cache: /assets/textures/smallasteroid.png
14:48:34.250 [JavaFX Application Thread] DEBUG AssetLoaderService   - Loading from cache: /assets/textures/smallasteroid.png
14:48:34.570 [JavaFX Application Thread] DEBUG AssetLoaderService   - Loading from cache: /assets/textures/projectile.png
14:48:34.745 [JavaFX Application Thread] DEBUG AssetLoaderService   - Loading from cache: /assets/textures/projectile.png
14:48:34.891 [JavaFX Application Thread] DEBUG AssetLoaderService   - Loading from cache: /assets/sounds/explosion.wav
14:48:34.892 [JavaFX Application Thread] DEBUG AssetLoaderService   - Loading from cache: /assets/textures/explosion.png
14:48:35.011 [JavaFX Application Thread] DEBUG AssetLoaderService   - Loading from cache: /assets/textures/projectile.png
14:48:35.240 [JavaFX Application Thread] DEBUG AssetLoaderService   - Loading from cache: /assets/textures/smallasteroid.png
14:48:35.242 [JavaFX Application Thread] DEBUG AssetLoaderService   - Loading from cache: /assets/textures/smallasteroid.png
14:48:35.258 [JavaFX Application Thread] DEBUG AssetLoaderService   - Loading from cache: /assets/sounds/explosion.wav
14:48:35.259 [JavaFX Application Thread] DEBUG AssetLoaderService   - Loading from cache: /assets/textures/explosion.png
14:48:35.635 [JavaFX Application Thread] DEBUG AssetLoaderService   - Loading from cache: /assets/textures/projectile.png
14:48:35.844 [JavaFX Application Thread] DEBUG AssetLoaderService   - Loading from cache: /assets/textures/projectile.png
14:48:35.899 [JavaFX Application Thread] DEBUG AssetLoaderService   - Loading from cache: /assets/sounds/explosion.wav
14:48:35.900 [JavaFX Application Thread] DEBUG AssetLoaderService   - Loading from cache: /assets/textures/explosion.png
14:48:36.185 [JavaFX Application Thread] DEBUG AssetLoaderService   - Loading from cache: /assets/textures/projectile.png
14:48:36.250 [JavaFX Application Thread] DEBUG AssetLoaderService   - Loading from cache: /assets/textures/smallasteroid.png
14:48:36.252 [JavaFX Application Thread] DEBUG AssetLoaderService   - Loading from cache: /assets/textures/smallasteroid.png
14:48:36.370 [JavaFX Application Thread] DEBUG AssetLoaderService   - Loading from cache: /assets/textures/projectile.png
14:48:36.440 [JavaFX Application Thread] DEBUG AssetLoaderService   - Loading from cache: /assets/sounds/explosion.wav
14:48:36.441 [JavaFX Application Thread] DEBUG AssetLoaderService   - Loading from cache: /assets/textures/explosion.png
14:48:36.442 [JavaFX Application Thread] DEBUG AssetLoaderService   - Loading from cache: /assets/sounds/explosion.wav
14:48:36.443 [JavaFX Application Thread] DEBUG AssetLoaderService   - Loading from cache: /assets/textures/explosion.png
14:48:36.444 [JavaFX Application Thread] DEBUG Input                - Clearing active input actions
14:48:36.469 [JavaFX Application Thread] DEBUG WindowService        - Removing overlay from GameScene and adding to FXGLDefaultMenu
14:48:36.469 [JavaFX Application Thread] DEBUG MainWindow           - GameScene -> FXGLDefaultMenu
14:48:36.474 [JavaFX Application Thread] DEBUG MainWindow           - Push state: DialogSubScene
14:48:36.475 [JavaFX Application Thread] DEBUG Input                - Clearing active input actions
14:48:36.479 [JavaFX Application Thread] DEBUG WindowService        - Removing overlay from FXGLDefaultMenu and adding to DialogSubScene
14:48:36.479 [JavaFX Application Thread] DEBUG MainWindow           - FXGLDefaultMenu -> DialogSubScene
14:48:38.222 [JavaFX Application Thread] DEBUG MainWindow           - Pop state: DialogSubScene
14:48:38.222 [JavaFX Application Thread] DEBUG Input                - Clearing active input actions
14:48:38.223 [JavaFX Application Thread] DEBUG WindowService        - Removing overlay from DialogSubScene and adding to FXGLDefaultMenu
14:48:38.223 [JavaFX Application Thread] DEBUG MainWindow           - FXGLDefaultMenu <- DialogSubScene
14:48:42.579 [JavaFX Application Thread] DEBUG GameApplication      - Exiting FXGL
14:48:42.580 [JavaFX Application Thread] DEBUG LoopRunner           - Stopping loop
14:48:42.580 [JavaFX Application Thread] DEBUG SystemBundleService  - Saving FXGL system data
14:48:42.584 [JavaFX Application Thread] DEBUG FileSystemAccess     - Writing to: C:\Users\xxdee\IdeaProjects\350FXGLjavagame\system\fxgl.bundle
14:48:42.589 [JavaFX Application Thread] DEBUG GameApplication      - Shutting down background threads
14:48:42.589 [JavaFX Application Thread] DEBUG GameApplication      - Closing logger and exiting JavaFX
