22:25:23.763 [main                     ] DEBUG GameApplication      - Logger initialized
22:25:23.778 [main                     ] DEBUG GameApplication      - Logging settings
Title: Space Game
Version: 0.2
Width: 2000
Height: 1000
Fullscreen: false
Intro: false
Menus: true
Profiling: false
Single step:false
App Mode: DEVELOPER
Menu Key: ESCAPE
Stage Style: DECORATED
Scene Factory: class com.almasb.fxgl.app.scene.SceneFactory

22:25:24.114 [JavaFX Application Thread] DEBUG GameApplication      - Initializing FXGL
22:25:24.121 [JavaFX Application Thread] INFO  Engine               - FXGL-11.8 (08.03.2020 09.09) on WINDOWS (J:11.0.8 FX:13.0.2)
22:25:24.122 [JavaFX Application Thread] INFO  Engine               - Source code and latest versions at: https://github.com/AlmasB/FXGL
22:25:24.122 [JavaFX Application Thread] INFO  Engine               -              Join the FXGL chat at: https://gitter.im/AlmasB/FXGL
22:25:24.212 [JavaFX Application Thread] DEBUG MainWindow           - Creating a JavaFX scene
22:25:24.212 [JavaFX Application Thread] DEBUG MainWindow           - Target size > screen size
22:25:24.270 [JavaFX Application Thread] DEBUG MainWindow           - Target settings size: 2000.0 x 1000.0
22:25:24.271 [JavaFX Application Thread] DEBUG MainWindow           - Scaled scene size:    1895.0 x 960.0
22:25:24.271 [JavaFX Application Thread] DEBUG MainWindow           - Scaled ratio: (0.9475, 0.96)
22:25:24.272 [JavaFX Application Thread] DEBUG MainWindow           - Set initial scene to FXGLStartupScene
22:25:24.277 [JavaFX Application Thread] DEBUG MainWindow           - Opening main window
22:25:24.345 [JavaFX Application Thread] DEBUG MainWindow           - Window border size: (16.0, 39.0)
22:25:24.345 [JavaFX Application Thread] DEBUG MainWindow           - Scaled size: 1895.0 x 960.0
22:25:24.345 [JavaFX Application Thread] DEBUG MainWindow           - Scaled ratio: (0.9475, 0.96)
22:25:24.346 [JavaFX Application Thread] DEBUG MainWindow           - Scene size: 1895.0 x 960.0
22:25:24.346 [JavaFX Application Thread] DEBUG MainWindow           - Stage size: 1911.0 x 999.0
22:25:24.352 [FXGL Background Thread 1 ] DEBUG Engine               - Initializing environment variables
22:25:24.370 [FXGL Background Thread 1 ] DEBUG WindowService        - Applying CSS: fxgl_dark.css
22:25:24.371 [FXGL Background Thread 1 ] DEBUG AssetLoaderService   - Loading from file system: /assets/ui/css/fxgl_dark.css
22:25:24.402 [FXGL Background Thread 1 ] DEBUG WindowService        - Initializing application scenes
22:25:24.432 [FXGL Background Thread 1 ] DEBUG GameWorld            - Game world initialized
22:25:24.458 [FXGL Background Thread 1 ] DEBUG PhysicsWorld         - Physics world initialized: appHeight=1000, physics.ppm=50.0
22:25:24.460 [FXGL Background Thread 1 ] DEBUG GameScene            - Game scene initialized: 2000x1000
22:25:24.478 [FXGL Background Thread 1 ] DEBUG AssetLoaderService   - Loading from file system: /assets/textures/particles/trace_horizontal.png
22:25:24.518 [FXGL Background Thread 1 ] DEBUG FXGL.DefaultMenu     - createMenuBodyMainMenu()
22:25:24.532 [FXGL Background Thread 1 ] DEBUG FXGL.DefaultMenu     - createOptionsMenu()
22:25:24.534 [FXGL Background Thread 1 ] DEBUG FXGL.DefaultMenu     - createExtraMenu()
22:25:24.536 [FXGL Background Thread 1 ] DEBUG AssetLoaderService   - Loading from file system: /assets/textures/particles/smoke.png
22:25:24.571 [FXGL Background Thread 1 ] DEBUG AssetLoaderService   - Loading from cache: /assets/textures/particles/trace_horizontal.png@64.0x64.0
22:25:24.572 [FXGL Background Thread 1 ] DEBUG FXGL.DefaultMenu     - createMenuBodyGameMenu()
22:25:24.573 [FXGL Background Thread 1 ] DEBUG FXGL.DefaultMenu     - createOptionsMenu()
22:25:24.574 [FXGL Background Thread 1 ] DEBUG FXGL.DefaultMenu     - createExtraMenu()
22:25:24.575 [FXGL Background Thread 1 ] DEBUG AssetLoaderService   - Loading from cache: /assets/textures/particles/smoke.png@128.0x128.0
22:25:24.585 [FXGL Background Thread 1 ] DEBUG WindowService        - Application scenes initialized
22:25:24.590 [FXGL Background Thread 1 ] DEBUG SystemBundleService  - Loading FXGL system data
22:25:24.593 [FXGL Background Thread 1 ] DEBUG FileSystemAccess     - Reading from: C:\Users\xxdee\IdeaProjects\350FXGLjavagame\system\fxgl.bundle
22:25:24.596 [FXGL Background Thread 1 ] DEBUG SystemBundleService  - Bundle FXGL: {}
22:25:24.596 [FXGL Background Thread 1 ] INFO  Engine               - FXGL initialization took: 0.243 sec
22:25:24.597 [FXGL Background Thread 1 ] DEBUG GameApplication      - Loading localizations
22:25:24.597 [FXGL Background Thread 1 ] DEBUG AssetLoaderService   - Loading from file system: /assets/properties/languages/english.properties
22:25:24.598 [FXGL Background Thread 1 ] DEBUG AssetLoaderService   - Loading from file system: /assets/properties/languages/french.properties
22:25:24.599 [FXGL Background Thread 1 ] DEBUG AssetLoaderService   - Loading from file system: /assets/properties/languages/german.properties
22:25:24.600 [FXGL Background Thread 1 ] DEBUG AssetLoaderService   - Loading from file system: /assets/properties/languages/hungarian.properties
22:25:24.601 [FXGL Background Thread 1 ] DEBUG AssetLoaderService   - Loading from file system: /assets/properties/languages/russian.properties
22:25:24.602 [FXGL Background Thread 1 ] DEBUG GameApplication      - Registering font factories with UI factory
22:25:24.602 [FXGL Background Thread 1 ] DEBUG AssetLoaderService   - Loading from file system: /assets/ui/fonts/VarelaRound-Regular.ttf
22:25:24.776 [FXGL Background Thread 1 ] DEBUG AssetLoaderService   - Loading from file system: /assets/ui/fonts/Abel-Regular.ttf
22:25:24.779 [FXGL Background Thread 1 ] DEBUG AssetLoaderService   - Loading from file system: /assets/ui/fonts/lucida_console.ttf
22:25:24.782 [FXGL Background Thread 1 ] DEBUG AssetLoaderService   - Loading from file system: /assets/ui/fonts/Courier-Prime.ttf
22:25:24.791 [JavaFX Application Thread] DEBUG Input                - Registered new binding: action0 - D
22:25:24.791 [JavaFX Application Thread] DEBUG Input                - Registered new binding: action1 - A
22:25:24.791 [JavaFX Application Thread] DEBUG Input                - Registered new binding: action2 - W
22:25:24.791 [JavaFX Application Thread] DEBUG Input                - Registered new binding: action3 - C
22:25:24.792 [JavaFX Application Thread] DEBUG Input                - Registered new binding: action4 - Left
22:25:24.792 [JavaFX Application Thread] DEBUG Input                - Registered new binding: action5 - Right
22:25:24.792 [JavaFX Application Thread] DEBUG Input                - Registered new binding: action6 - Space
22:25:24.792 [JavaFX Application Thread] DEBUG AssetLoaderService   - Loading from file system: /assets/textures/fxgl_icon.png
22:25:24.808 [JavaFX Application Thread] DEBUG AssetLoaderService   - Loading from file system: /assets/ui/cursors/fxgl_default.png
22:25:24.810 [JavaFX Application Thread] DEBUG Input                - Registered new binding: Screenshot - P
22:25:24.810 [JavaFX Application Thread] DEBUG Input                - Registered new binding: System info dump - CTRL+9
22:25:24.810 [JavaFX Application Thread] DEBUG Input                - Registered new binding: Restart - CTRL+R
22:25:24.811 [JavaFX Application Thread] DEBUG LoopRunner           - Starting loop
22:25:24.825 [JavaFX Application Thread] DEBUG FXGLStartupScene     - STARTUP
22:25:24.828 [JavaFX Application Thread] DEBUG Input                - Clearing active input actions
22:25:24.841 [JavaFX Application Thread] DEBUG WindowService        - Removing overlay from FXGLStartupScene and adding to FXGLDefaultMenu
22:25:24.841 [JavaFX Application Thread] DEBUG MainWindow           - FXGLStartupScene -> FXGLDefaultMenu
22:25:24.890 [JavaFX Application Thread] DEBUG SaveLoadService      - Reading profile names
22:25:24.893 [JavaFX Application Thread] DEBUG MainWindow           - Push state: DialogSubScene
22:25:24.893 [JavaFX Application Thread] DEBUG Input                - Clearing active input actions
22:25:24.895 [JavaFX Application Thread] DEBUG WindowService        - Removing overlay from FXGLDefaultMenu and adding to DialogSubScene
22:25:24.896 [JavaFX Application Thread] DEBUG MainWindow           - FXGLDefaultMenu -> DialogSubScene
22:25:24.934 [JavaFX Application Thread] DEBUG MainWindow           - Pop state: DialogSubScene
22:25:24.935 [JavaFX Application Thread] DEBUG Input                - Clearing active input actions
22:25:24.935 [JavaFX Application Thread] DEBUG WindowService        - Removing overlay from DialogSubScene and adding to FXGLDefaultMenu
22:25:24.935 [JavaFX Application Thread] DEBUG MainWindow           - FXGLDefaultMenu <- DialogSubScene
22:25:24.937 [JavaFX Application Thread] DEBUG MainWindow           - Push state: DialogSubScene
22:25:24.937 [JavaFX Application Thread] DEBUG Input                - Clearing active input actions
22:25:24.939 [JavaFX Application Thread] DEBUG WindowService        - Removing overlay from FXGLDefaultMenu and adding to DialogSubScene
22:25:24.939 [JavaFX Application Thread] DEBUG MainWindow           - FXGLDefaultMenu -> DialogSubScene
22:25:25.790 [JavaFX Application Thread] DEBUG MainWindow           - Pop state: DialogSubScene
22:25:25.790 [JavaFX Application Thread] DEBUG Input                - Clearing active input actions
22:25:25.791 [JavaFX Application Thread] DEBUG WindowService        - Removing overlay from DialogSubScene and adding to FXGLDefaultMenu
22:25:25.791 [JavaFX Application Thread] DEBUG MainWindow           - FXGLDefaultMenu <- DialogSubScene
22:25:26.539 [JavaFX Application Thread] DEBUG Menu                 - fireNewGame()
22:25:26.539 [JavaFX Application Thread] DEBUG WindowService        - Starting new game
22:25:26.539 [JavaFX Application Thread] DEBUG Input                - Clearing active input actions
22:25:26.548 [JavaFX Application Thread] DEBUG WindowService        - Removing overlay from FXGLDefaultMenu and adding to FXGLLoadingScene
22:25:26.549 [JavaFX Application Thread] DEBUG MainWindow           - FXGLDefaultMenu -> FXGLLoadingScene
22:25:26.549 [JavaFX Application Thread] DEBUG WindowService        - Clearing previous game
22:25:26.549 [JavaFX Application Thread] DEBUG GameScene            - Clearing game scene
22:25:26.549 [JavaFX Application Thread] DEBUG GameWorld            - Clearing game world
22:25:26.549 [JavaFX Application Thread] DEBUG PhysicsWorld         - Clearing physics world
22:25:26.550 [FXGL Background Thread 1 ] DEBUG GameApplication      - Initializing game
22:25:26.562 [FXGL Background Thread 1 ] DEBUG AssetLoaderService   - Loading from file system: /assets/textures/spacebackground.png
22:25:26.609 [FXGL Background Thread 1 ] DEBUG AssetLoaderService   - Loading from file system: /assets/textures/smallspaceship.png
22:25:26.628 [FXGL Background Thread 1 ] INFO  GameApplication      - Game initialization took: 0.078 sec
22:25:26.629 [JavaFX Application Thread] DEBUG Input                - Clearing active input actions
22:25:26.636 [JavaFX Application Thread] DEBUG WindowService        - Removing overlay from FXGLLoadingScene and adding to GameScene
22:25:26.636 [JavaFX Application Thread] DEBUG MainWindow           - FXGLLoadingScene -> GameScene
22:25:27.598 [FXGL Background Thread 2 ] DEBUG Engine               - Logging environment variables
22:25:27.598 [FXGL Background Thread 2 ] DEBUG Engine               - achievements: []
22:25:27.598 [FXGL Background Thread 2 ] DEBUG Engine               - language: ObjectProperty [value: ENGLISH]
22:25:27.598 [FXGL Background Thread 2 ] DEBUG Engine               - isCloseConfirmation: false
22:25:27.598 [FXGL Background Thread 2 ] DEBUG Engine               - isProfilingEnabled: false
22:25:27.598 [FXGL Background Thread 2 ] DEBUG Engine               - soundNotification: core/notification.wav
22:25:27.598 [FXGL Background Thread 2 ] DEBUG Engine               - devShowBBoxProperty: BooleanProperty [value: false]
22:25:27.598 [FXGL Background Thread 2 ] DEBUG Engine               - pixelsPerMeter: 50.0
22:25:27.598 [FXGL Background Thread 2 ] DEBUG Engine               - appIcon: fxgl_icon.png
22:25:27.598 [FXGL Background Thread 2 ] DEBUG Engine               - soundMenuBack: menu/back.wav
22:25:27.598 [FXGL Background Thread 2 ] DEBUG Engine               - isFullScreenAllowed: false
22:25:27.598 [FXGL Background Thread 2 ] DEBUG Engine               - isIntroEnabled: false
22:25:27.598 [FXGL Background Thread 2 ] DEBUG Engine               - fontMono: lucida_console.ttf
22:25:27.598 [FXGL Background Thread 2 ] DEBUG Engine               - soundMenuSelect: menu/select.wav
22:25:27.598 [FXGL Background Thread 2 ] DEBUG Engine               - isWindows: true
22:25:27.598 [FXGL Background Thread 2 ] DEBUG Engine               - isMobile: false
22:25:27.599 [FXGL Background Thread 2 ] DEBUG Engine               - isUserProfileEnabled: true
22:25:27.599 [FXGL Background Thread 2 ] DEBUG Engine               - height: 1000
22:25:27.599 [FXGL Background Thread 2 ] DEBUG Engine               - isExperimentalNative: false
22:25:27.599 [FXGL Background Thread 2 ] DEBUG Engine               - settings: Title: Space Game
Version: 0.2
Width: 2000
Height: 1000
Fullscreen: false
Intro: false
Menus: true
Profiling: false
Single step:false
App Mode: DEVELOPER
Menu Key: ESCAPE
Stage Style: DECORATED
Scene Factory: class com.almasb.fxgl.app.scene.SceneFactory

22:25:27.599 [FXGL Background Thread 2 ] DEBUG Engine               - isSingleStep: false
22:25:27.599 [FXGL Background Thread 2 ] DEBUG Engine               - cSSList: [fxgl_dark.css]
22:25:27.599 [FXGL Background Thread 2 ] DEBUG Engine               - fontGame: Abel-Regular.ttf
22:25:27.599 [FXGL Background Thread 2 ] DEBUG Engine               - menuKey: ESCAPE
22:25:27.599 [FXGL Background Thread 2 ] DEBUG Engine               - devShowPositionProperty: BooleanProperty [value: false]
22:25:27.599 [FXGL Background Thread 2 ] DEBUG Engine               - versionCheckDays: 7
22:25:27.599 [FXGL Background Thread 2 ] DEBUG Engine               - configClass: Optional.empty
22:25:27.599 [FXGL Background Thread 2 ] DEBUG Engine               - isFullScreenFromStart: false
22:25:27.599 [FXGL Background Thread 2 ] DEBUG Engine               - version: 0.2
22:25:27.599 [FXGL Background Thread 2 ] DEBUG Engine               - fullScreen: BooleanProperty [value: false]
22:25:27.599 [FXGL Background Thread 2 ] DEBUG Engine               - randomSeed: -1
22:25:27.599 [FXGL Background Thread 2 ] DEBUG Engine               - gameDifficultyProperty: ObjectProperty [value: MEDIUM]
22:25:27.599 [FXGL Background Thread 2 ] DEBUG Engine               - applicationMode: DEVELOPER
22:25:27.599 [FXGL Background Thread 2 ] DEBUG Engine               - isMac: false
22:25:27.599 [FXGL Background Thread 2 ] DEBUG Engine               - isMenuEnabled: true
22:25:27.599 [FXGL Background Thread 2 ] DEBUG Engine               - urlPOM: https://raw.githubusercontent.com/AlmasB/FXGL/master/pom.xml
22:25:27.599 [FXGL Background Thread 2 ] DEBUG Engine               - profileName: StringProperty [value: JohnDirkse]
22:25:27.599 [FXGL Background Thread 2 ] DEBUG Engine               - notificationViewClass: class com.almasb.fxgl.notification.view.XboxNotificationView
22:25:27.599 [FXGL Background Thread 2 ] DEBUG Engine               - devSensorColorProperty: ObjectProperty [value: 0xffff00ff]
22:25:27.599 [FXGL Background Thread 2 ] DEBUG Engine               - sceneFactory: com.almasb.fxgl.app.scene.SceneFactory@7a1e8405
22:25:27.599 [FXGL Background Thread 2 ] DEBUG Engine               - stageStyle: DECORATED
22:25:27.600 [FXGL Background Thread 2 ] DEBUG Engine               - isManualResizeEnabled: false
22:25:27.600 [FXGL Background Thread 2 ] DEBUG Engine               - title: Space Game
22:25:27.600 [FXGL Background Thread 2 ] DEBUG Engine               - platform: WINDOWS
22:25:27.600 [FXGL Background Thread 2 ] DEBUG Engine               - devBBoxColorProperty: ObjectProperty [value: 0xff0000ff]
22:25:27.600 [FXGL Background Thread 2 ] DEBUG Engine               - gameDifficulty: MEDIUM
22:25:27.600 [FXGL Background Thread 2 ] DEBUG Engine               - isDesktop: true
22:25:27.600 [FXGL Background Thread 2 ] DEBUG Engine               - supportedLanguages: [ENGLISH, FRENCH, GERMAN, HUNGARIAN, RUSSIAN]
22:25:27.600 [FXGL Background Thread 2 ] DEBUG Engine               - credits: []
22:25:27.600 [FXGL Background Thread 2 ] DEBUG Engine               - globalMusicVolumeProperty: DoubleProperty [value: 0.5]
22:25:27.600 [FXGL Background Thread 2 ] DEBUG Engine               - isPreserveResizeRatio: false
22:25:27.600 [FXGL Background Thread 2 ] DEBUG Engine               - fontText: Courier-Prime.ttf
22:25:27.600 [FXGL Background Thread 2 ] DEBUG Engine               - isExperimentalTiledLargeMap: false
22:25:27.600 [FXGL Background Thread 2 ] DEBUG Engine               - secondsIn24h: 60
22:25:27.600 [FXGL Background Thread 2 ] DEBUG Engine               - runtimeInfo: RuntimeInfo(platform=WINDOWS, version=11.8, build=08.03.2020 09.09)
22:25:27.600 [FXGL Background Thread 2 ] DEBUG Engine               - isLinux: false
22:25:27.600 [FXGL Background Thread 2 ] DEBUG Engine               - soundMenuPress: menu/press.wav
22:25:27.600 [FXGL Background Thread 2 ] DEBUG Engine               - urlGithub: https://github.com/AlmasB/FXGL
22:25:27.600 [FXGL Background Thread 2 ] DEBUG Engine               - profileDir: profiles/
22:25:27.600 [FXGL Background Thread 2 ] DEBUG Engine               - isDeveloperMenuEnabled: false
22:25:27.600 [FXGL Background Thread 2 ] DEBUG Engine               - globalSoundVolumeProperty: DoubleProperty [value: 0.1]
22:25:27.600 [FXGL Background Thread 2 ] DEBUG Engine               - mainWindow: com.almasb.fxgl.app.MainWindow@7e210f9e
22:25:27.600 [FXGL Background Thread 2 ] DEBUG Engine               - isBrowser: false
22:25:27.600 [FXGL Background Thread 2 ] DEBUG Engine               - globalSoundVolume: 0.5
22:25:27.600 [FXGL Background Thread 2 ] DEBUG Engine               - urlLeaderboard: http://fxgl-top.herokuapp.com/
22:25:27.600 [FXGL Background Thread 2 ] DEBUG Engine               - engineServices: [class com.almasb.fxgl.app.GameApplication$GameApplicationService, class com.almasb.fxgl.app.services.WindowService, class com.almasb.fxgl.app.services.FXGLDialogService, class com.almasb.fxgl.app.services.IOTaskExecutorService, class com.almasb.fxgl.event.EventBusService, class com.almasb.fxgl.io.FileSystemService, class com.almasb.fxgl.localization.LocalizationService, class com.almasb.fxgl.app.services.AssetLoaderService, class com.almasb.fxgl.app.services.SystemBundleService, class com.almasb.fxgl.profile.SaveLoadService, class com.almasb.fxgl.ui.FXGLUIFactoryServiceProvider, class com.almasb.fxgl.ui.FXGLDialogFactoryServiceProvider, class com.almasb.fxgl.audio.AudioPlayer, class com.almasb.fxgl.notification.impl.NotificationServiceProvider, class com.almasb.fxgl.achievement.AchievementService, class com.almasb.fxgl.cutscene.CutsceneService, class com.almasb.fxgl.minigames.MiniGameService, class com.almasb.fxgl.net.NetService, class com.almasb.fxgl.app.services.UpdaterService]
22:25:27.600 [FXGL Background Thread 2 ] DEBUG Engine               - globalMusicVolume: 0.5
22:25:27.600 [FXGL Background Thread 2 ] DEBUG Engine               - width: 2000
22:25:27.600 [FXGL Background Thread 2 ] DEBUG Engine               - saveFileExt: sav
22:25:27.600 [FXGL Background Thread 2 ] DEBUG Engine               - isAndroid: false
22:25:27.600 [FXGL Background Thread 2 ] DEBUG Engine               - fontUI: VarelaRound-Regular.ttf
22:25:27.601 [FXGL Background Thread 2 ] DEBUG Engine               - enabledMenuItems: [SAVE_LOAD, EXTRA, ONLINE]
22:25:27.601 [FXGL Background Thread 2 ] DEBUG Engine               - isIOS: false
22:25:27.601 [FXGL Background Thread 2 ] DEBUG Engine               - Logging services
22:25:27.601 [FXGL Background Thread 2 ] DEBUG Engine               - class com.almasb.fxgl.app.GameApplication$GameApplicationService
22:25:27.601 [FXGL Background Thread 2 ] DEBUG Engine               - class com.almasb.fxgl.app.services.WindowService
22:25:27.601 [FXGL Background Thread 2 ] DEBUG Engine               - class com.almasb.fxgl.app.services.FXGLDialogService
22:25:27.601 [FXGL Background Thread 2 ] DEBUG Engine               - class com.almasb.fxgl.app.services.IOTaskExecutorService
22:25:27.601 [FXGL Background Thread 2 ] DEBUG Engine               - class com.almasb.fxgl.event.EventBusService
22:25:27.601 [FXGL Background Thread 2 ] DEBUG Engine               - class com.almasb.fxgl.io.FileSystemService
22:25:27.601 [FXGL Background Thread 2 ] DEBUG Engine               - class com.almasb.fxgl.localization.LocalizationService
22:25:27.601 [FXGL Background Thread 2 ] DEBUG Engine               - class com.almasb.fxgl.app.services.AssetLoaderService
22:25:27.601 [FXGL Background Thread 2 ] DEBUG Engine               - class com.almasb.fxgl.app.services.SystemBundleService
22:25:27.601 [FXGL Background Thread 2 ] DEBUG Engine               - class com.almasb.fxgl.profile.SaveLoadService
22:25:27.601 [FXGL Background Thread 2 ] DEBUG Engine               - class com.almasb.fxgl.ui.FXGLUIFactoryServiceProvider
22:25:27.601 [FXGL Background Thread 2 ] DEBUG Engine               - class com.almasb.fxgl.ui.FXGLDialogFactoryServiceProvider
22:25:27.601 [FXGL Background Thread 2 ] DEBUG Engine               - class com.almasb.fxgl.audio.AudioPlayer
22:25:27.601 [FXGL Background Thread 2 ] DEBUG Engine               - class com.almasb.fxgl.notification.impl.NotificationServiceProvider
22:25:27.601 [FXGL Background Thread 2 ] DEBUG Engine               - class com.almasb.fxgl.achievement.AchievementService
22:25:27.601 [FXGL Background Thread 2 ] DEBUG Engine               - class com.almasb.fxgl.cutscene.CutsceneService
22:25:27.601 [FXGL Background Thread 2 ] DEBUG Engine               - class com.almasb.fxgl.minigames.MiniGameService
22:25:27.601 [FXGL Background Thread 2 ] DEBUG Engine               - class com.almasb.fxgl.net.NetService
22:25:27.601 [FXGL Background Thread 2 ] DEBUG Engine               - class com.almasb.fxgl.app.services.UpdaterService
22:25:29.186 [JavaFX Application Thread] DEBUG AssetLoaderService   - Loading from file system: /assets/textures/smallasteroid.png
22:25:29.430 [JavaFX Application Thread] DEBUG AssetLoaderService   - Loading from cache: /assets/textures/smallasteroid.png
22:25:29.951 [JavaFX Application Thread] DEBUG AssetLoaderService   - Loading from file system: /assets/textures/projectile.png
22:25:30.258 [JavaFX Application Thread] DEBUG AssetLoaderService   - Loading from file system: /assets/sounds/explosion.wav
22:25:30.315 [JavaFX Application Thread] DEBUG AssetLoaderService   - Loading from file system: /assets/textures/explosion.png
22:25:30.691 [JavaFX Application Thread] DEBUG AssetLoaderService   - Loading from cache: /assets/textures/projectile.png
22:25:31.523 [JavaFX Application Thread] DEBUG AssetLoaderService   - Loading from cache: /assets/textures/smallasteroid.png
22:25:32.023 [JavaFX Application Thread] DEBUG AssetLoaderService   - Loading from cache: /assets/textures/smallasteroid.png
22:25:32.064 [JavaFX Application Thread] DEBUG AssetLoaderService   - Loading from cache: /assets/sounds/explosion.wav
22:25:32.065 [JavaFX Application Thread] DEBUG AssetLoaderService   - Loading from cache: /assets/textures/explosion.png
22:25:32.518 [JavaFX Application Thread] DEBUG AssetLoaderService   - Loading from cache: /assets/textures/projectile.png
22:25:32.781 [JavaFX Application Thread] DEBUG AssetLoaderService   - Loading from cache: /assets/textures/projectile.png
22:25:32.991 [JavaFX Application Thread] DEBUG AssetLoaderService   - Loading from cache: /assets/textures/projectile.png
22:25:33.380 [JavaFX Application Thread] DEBUG AssetLoaderService   - Loading from cache: /assets/sounds/explosion.wav
22:25:33.381 [JavaFX Application Thread] DEBUG AssetLoaderService   - Loading from cache: /assets/textures/explosion.png
22:25:33.798 [JavaFX Application Thread] DEBUG AssetLoaderService   - Loading from cache: /assets/textures/smallasteroid.png
22:25:34.365 [JavaFX Application Thread] DEBUG AssetLoaderService   - Loading from cache: /assets/textures/projectile.png
22:25:34.526 [JavaFX Application Thread] DEBUG AssetLoaderService   - Loading from cache: /assets/textures/projectile.png
22:25:34.559 [JavaFX Application Thread] DEBUG AssetLoaderService   - Loading from cache: /assets/textures/smallasteroid.png
22:25:34.703 [JavaFX Application Thread] DEBUG AssetLoaderService   - Loading from cache: /assets/textures/projectile.png
22:25:34.943 [JavaFX Application Thread] DEBUG AssetLoaderService   - Loading from cache: /assets/textures/projectile.png
22:25:35.134 [JavaFX Application Thread] DEBUG AssetLoaderService   - Loading from cache: /assets/textures/projectile.png
22:25:35.270 [JavaFX Application Thread] DEBUG AssetLoaderService   - Loading from cache: /assets/sounds/explosion.wav
22:25:35.270 [JavaFX Application Thread] DEBUG AssetLoaderService   - Loading from cache: /assets/textures/explosion.png
22:25:35.407 [JavaFX Application Thread] DEBUG AssetLoaderService   - Loading from cache: /assets/textures/projectile.png
22:25:35.606 [JavaFX Application Thread] DEBUG AssetLoaderService   - Loading from cache: /assets/sounds/explosion.wav
22:25:35.607 [JavaFX Application Thread] DEBUG AssetLoaderService   - Loading from cache: /assets/textures/explosion.png
22:25:36.047 [JavaFX Application Thread] DEBUG AssetLoaderService   - Loading from cache: /assets/textures/projectile.png
22:25:36.080 [JavaFX Application Thread] DEBUG AssetLoaderService   - Loading from cache: /assets/textures/smallasteroid.png
22:25:36.081 [JavaFX Application Thread] DEBUG AssetLoaderService   - Loading from cache: /assets/sounds/explosion.wav
22:25:36.081 [JavaFX Application Thread] DEBUG AssetLoaderService   - Loading from cache: /assets/textures/explosion.png
22:25:36.335 [JavaFX Application Thread] DEBUG AssetLoaderService   - Loading from cache: /assets/textures/projectile.png
22:25:36.535 [JavaFX Application Thread] DEBUG AssetLoaderService   - Loading from cache: /assets/textures/projectile.png
22:25:36.703 [JavaFX Application Thread] DEBUG AssetLoaderService   - Loading from cache: /assets/textures/projectile.png
22:25:36.910 [JavaFX Application Thread] DEBUG AssetLoaderService   - Loading from cache: /assets/textures/projectile.png
22:25:36.935 [JavaFX Application Thread] DEBUG AssetLoaderService   - Loading from cache: /assets/sounds/explosion.wav
22:25:36.935 [JavaFX Application Thread] DEBUG AssetLoaderService   - Loading from cache: /assets/textures/explosion.png
22:25:37.095 [JavaFX Application Thread] DEBUG AssetLoaderService   - Loading from cache: /assets/textures/smallasteroid.png
22:25:37.759 [JavaFX Application Thread] DEBUG AssetLoaderService   - Loading from cache: /assets/textures/projectile.png
22:25:37.950 [JavaFX Application Thread] DEBUG AssetLoaderService   - Loading from cache: /assets/textures/projectile.png
22:25:38.048 [JavaFX Application Thread] DEBUG AssetLoaderService   - Loading from cache: /assets/sounds/explosion.wav
22:25:38.048 [JavaFX Application Thread] DEBUG AssetLoaderService   - Loading from cache: /assets/textures/explosion.png
22:25:38.368 [JavaFX Application Thread] DEBUG AssetLoaderService   - Loading from cache: /assets/textures/smallasteroid.png
22:25:38.536 [JavaFX Application Thread] DEBUG AssetLoaderService   - Loading from cache: /assets/textures/projectile.png
22:25:38.747 [JavaFX Application Thread] DEBUG AssetLoaderService   - Loading from cache: /assets/textures/projectile.png
22:25:38.926 [JavaFX Application Thread] DEBUG AssetLoaderService   - Loading from cache: /assets/textures/projectile.png
22:25:39.294 [JavaFX Application Thread] DEBUG AssetLoaderService   - Loading from cache: /assets/textures/projectile.png
22:25:39.486 [JavaFX Application Thread] DEBUG AssetLoaderService   - Loading from cache: /assets/textures/projectile.png
22:25:39.638 [JavaFX Application Thread] DEBUG AssetLoaderService   - Loading from cache: /assets/textures/smallasteroid.png
22:25:40.342 [JavaFX Application Thread] DEBUG AssetLoaderService   - Loading from cache: /assets/sounds/explosion.wav
22:25:40.342 [JavaFX Application Thread] DEBUG AssetLoaderService   - Loading from cache: /assets/textures/explosion.png
22:25:40.382 [JavaFX Application Thread] DEBUG AssetLoaderService   - Loading from cache: /assets/textures/projectile.png
22:25:40.607 [JavaFX Application Thread] DEBUG AssetLoaderService   - Loading from cache: /assets/textures/projectile.png
22:25:40.658 [JavaFX Application Thread] DEBUG AssetLoaderService   - Loading from cache: /assets/textures/smallasteroid.png
22:25:40.853 [JavaFX Application Thread] DEBUG AssetLoaderService   - Loading from cache: /assets/sounds/explosion.wav
22:25:40.853 [JavaFX Application Thread] DEBUG AssetLoaderService   - Loading from cache: /assets/textures/explosion.png
22:25:41.885 [JavaFX Application Thread] DEBUG AssetLoaderService   - Loading from cache: /assets/textures/projectile.png
22:25:42.079 [JavaFX Application Thread] DEBUG AssetLoaderService   - Loading from cache: /assets/textures/projectile.png
22:25:42.183 [JavaFX Application Thread] DEBUG AssetLoaderService   - Loading from cache: /assets/textures/smallasteroid.png
22:25:42.771 [JavaFX Application Thread] DEBUG AssetLoaderService   - Loading from cache: /assets/sounds/explosion.wav
22:25:42.771 [JavaFX Application Thread] DEBUG AssetLoaderService   - Loading from cache: /assets/textures/explosion.png
22:25:42.947 [JavaFX Application Thread] DEBUG AssetLoaderService   - Loading from cache: /assets/textures/smallasteroid.png
22:25:43.087 [JavaFX Application Thread] DEBUG AssetLoaderService   - Loading from cache: /assets/textures/projectile.png
22:25:43.528 [JavaFX Application Thread] DEBUG AssetLoaderService   - Loading from cache: /assets/textures/projectile.png
22:25:44.116 [JavaFX Application Thread] DEBUG AssetLoaderService   - Loading from cache: /assets/sounds/explosion.wav
22:25:44.116 [JavaFX Application Thread] DEBUG AssetLoaderService   - Loading from cache: /assets/textures/explosion.png
22:25:44.377 [JavaFX Application Thread] DEBUG AssetLoaderService   - Loading from cache: /assets/textures/projectile.png
22:25:44.571 [JavaFX Application Thread] DEBUG AssetLoaderService   - Loading from cache: /assets/textures/projectile.png
22:25:44.726 [JavaFX Application Thread] DEBUG AssetLoaderService   - Loading from cache: /assets/textures/smallasteroid.png
22:25:45.230 [JavaFX Application Thread] DEBUG AssetLoaderService   - Loading from cache: /assets/sounds/explosion.wav
22:25:45.231 [JavaFX Application Thread] DEBUG AssetLoaderService   - Loading from cache: /assets/textures/explosion.png
22:25:45.238 [JavaFX Application Thread] DEBUG AssetLoaderService   - Loading from cache: /assets/textures/smallasteroid.png
22:25:45.449 [JavaFX Application Thread] DEBUG AssetLoaderService   - Loading from cache: /assets/textures/projectile.png
22:25:45.750 [JavaFX Application Thread] DEBUG AssetLoaderService   - Loading from cache: /assets/sounds/explosion.wav
22:25:45.750 [JavaFX Application Thread] DEBUG AssetLoaderService   - Loading from cache: /assets/textures/explosion.png
22:25:46.287 [JavaFX Application Thread] DEBUG AssetLoaderService   - Loading from cache: /assets/textures/projectile.png
22:25:47.270 [JavaFX Application Thread] DEBUG AssetLoaderService   - Loading from cache: /assets/textures/smallasteroid.png
22:25:47.309 [JavaFX Application Thread] DEBUG AssetLoaderService   - Loading from cache: /assets/textures/projectile.png
22:25:47.527 [JavaFX Application Thread] DEBUG AssetLoaderService   - Loading from cache: /assets/textures/smallasteroid.png
22:25:47.528 [JavaFX Application Thread] DEBUG AssetLoaderService   - Loading from cache: /assets/sounds/explosion.wav
22:25:47.528 [JavaFX Application Thread] DEBUG AssetLoaderService   - Loading from cache: /assets/textures/explosion.png
22:25:48.511 [JavaFX Application Thread] DEBUG AssetLoaderService   - Loading from cache: /assets/textures/projectile.png
22:25:48.568 [JavaFX Application Thread] DEBUG AssetLoaderService   - Loading from cache: /assets/sounds/explosion.wav
22:25:48.568 [JavaFX Application Thread] DEBUG AssetLoaderService   - Loading from cache: /assets/textures/explosion.png
22:25:49.375 [JavaFX Application Thread] DEBUG AssetLoaderService   - Loading from cache: /assets/textures/projectile.png
22:25:49.815 [JavaFX Application Thread] DEBUG AssetLoaderService   - Loading from cache: /assets/textures/smallasteroid.png
22:25:49.815 [JavaFX Application Thread] DEBUG AssetLoaderService   - Loading from cache: /assets/textures/smallasteroid.png
22:25:50.614 [JavaFX Application Thread] DEBUG AssetLoaderService   - Loading from cache: /assets/sounds/explosion.wav
22:25:50.614 [JavaFX Application Thread] DEBUG AssetLoaderService   - Loading from cache: /assets/textures/explosion.png
22:25:51.031 [JavaFX Application Thread] DEBUG AssetLoaderService   - Loading from cache: /assets/textures/projectile.png
22:25:51.814 [JavaFX Application Thread] DEBUG AssetLoaderService   - Loading from cache: /assets/sounds/explosion.wav
22:25:51.814 [JavaFX Application Thread] DEBUG AssetLoaderService   - Loading from cache: /assets/textures/explosion.png
22:25:51.838 [JavaFX Application Thread] DEBUG AssetLoaderService   - Loading from cache: /assets/textures/projectile.png
22:25:52.102 [JavaFX Application Thread] DEBUG AssetLoaderService   - Loading from cache: /assets/textures/smallasteroid.png
22:25:52.355 [JavaFX Application Thread] DEBUG AssetLoaderService   - Loading from cache: /assets/textures/smallasteroid.png
22:25:52.574 [JavaFX Application Thread] DEBUG AssetLoaderService   - Loading from cache: /assets/textures/projectile.png
22:25:52.709 [JavaFX Application Thread] DEBUG AssetLoaderService   - Loading from cache: /assets/sounds/explosion.wav
22:25:52.709 [JavaFX Application Thread] DEBUG AssetLoaderService   - Loading from cache: /assets/textures/explosion.png
22:25:53.004 [JavaFX Application Thread] DEBUG AssetLoaderService   - Loading from cache: /assets/textures/projectile.png
22:25:53.366 [JavaFX Application Thread] DEBUG AssetLoaderService   - Loading from cache: /assets/sounds/explosion.wav
22:25:53.366 [JavaFX Application Thread] DEBUG AssetLoaderService   - Loading from cache: /assets/textures/explosion.png
22:25:54.014 [JavaFX Application Thread] DEBUG AssetLoaderService   - Loading from cache: /assets/textures/projectile.png
22:25:54.222 [JavaFX Application Thread] DEBUG AssetLoaderService   - Loading from cache: /assets/textures/projectile.png
22:25:54.386 [JavaFX Application Thread] DEBUG AssetLoaderService   - Loading from cache: /assets/textures/smallasteroid.png
22:25:54.411 [JavaFX Application Thread] DEBUG AssetLoaderService   - Loading from cache: /assets/textures/projectile.png
22:25:54.896 [JavaFX Application Thread] DEBUG AssetLoaderService   - Loading from cache: /assets/textures/smallasteroid.png
22:25:55.270 [JavaFX Application Thread] DEBUG AssetLoaderService   - Loading from cache: /assets/sounds/explosion.wav
22:25:55.270 [JavaFX Application Thread] DEBUG AssetLoaderService   - Loading from cache: /assets/textures/explosion.png
22:25:56.673 [JavaFX Application Thread] DEBUG AssetLoaderService   - Loading from cache: /assets/textures/smallasteroid.png
22:25:57.430 [JavaFX Application Thread] DEBUG AssetLoaderService   - Loading from cache: /assets/textures/smallasteroid.png
22:25:58.032 [JavaFX Application Thread] DEBUG AssetLoaderService   - Loading from cache: /assets/sounds/explosion.wav
22:25:58.032 [JavaFX Application Thread] DEBUG AssetLoaderService   - Loading from cache: /assets/textures/explosion.png
22:25:58.951 [JavaFX Application Thread] DEBUG AssetLoaderService   - Loading from cache: /assets/textures/smallasteroid.png
22:25:59.398 [JavaFX Application Thread] DEBUG AssetLoaderService   - Loading from cache: /assets/sounds/explosion.wav
22:25:59.398 [JavaFX Application Thread] DEBUG AssetLoaderService   - Loading from cache: /assets/textures/explosion.png
22:25:59.970 [JavaFX Application Thread] DEBUG AssetLoaderService   - Loading from cache: /assets/textures/smallasteroid.png
22:26:01.247 [JavaFX Application Thread] DEBUG AssetLoaderService   - Loading from cache: /assets/textures/smallasteroid.png
22:26:01.347 [JavaFX Application Thread] DEBUG AssetLoaderService   - Loading from cache: /assets/sounds/explosion.wav
22:26:01.348 [JavaFX Application Thread] DEBUG AssetLoaderService   - Loading from cache: /assets/textures/explosion.png
22:26:01.355 [JavaFX Application Thread] DEBUG MainWindow           - Push state: DialogSubScene
22:26:01.355 [JavaFX Application Thread] DEBUG Input                - Clearing active input actions
22:26:01.357 [JavaFX Application Thread] DEBUG WindowService        - Removing overlay from GameScene and adding to DialogSubScene
22:26:01.358 [JavaFX Application Thread] DEBUG MainWindow           - GameScene -> DialogSubScene
22:26:08.691 [JavaFX Application Thread] DEBUG MainWindow           - Pop state: DialogSubScene
22:26:08.692 [JavaFX Application Thread] DEBUG Input                - Clearing active input actions
22:26:08.692 [JavaFX Application Thread] DEBUG WindowService        - Removing overlay from DialogSubScene and adding to GameScene
22:26:08.692 [JavaFX Application Thread] DEBUG MainWindow           - GameScene <- DialogSubScene
22:26:08.694 [JavaFX Application Thread] DEBUG Input                - Clearing active input actions
22:26:08.698 [JavaFX Application Thread] DEBUG WindowService        - Removing overlay from GameScene and adding to FXGLDefaultMenu
22:26:08.698 [JavaFX Application Thread] DEBUG MainWindow           - GameScene -> FXGLDefaultMenu
22:26:11.410 [JavaFX Application Thread] DEBUG Menu                 - fireNewGame()
22:26:11.410 [JavaFX Application Thread] DEBUG WindowService        - Starting new game
22:26:11.410 [JavaFX Application Thread] DEBUG Input                - Clearing active input actions
22:26:11.413 [JavaFX Application Thread] DEBUG WindowService        - Removing overlay from FXGLDefaultMenu and adding to FXGLLoadingScene
22:26:11.413 [JavaFX Application Thread] DEBUG MainWindow           - FXGLDefaultMenu -> FXGLLoadingScene
22:26:11.413 [JavaFX Application Thread] DEBUG WindowService        - Clearing previous game
22:26:11.413 [JavaFX Application Thread] DEBUG GameScene            - Clearing game scene
22:26:11.413 [JavaFX Application Thread] DEBUG GameWorld            - Clearing game world
22:26:11.414 [JavaFX Application Thread] DEBUG PhysicsWorld         - Clearing physics world
22:26:11.414 [FXGL Background Thread 1 ] DEBUG GameApplication      - Initializing game
22:26:11.414 [FXGL Background Thread 1 ] DEBUG AssetLoaderService   - Loading from cache: /assets/textures/spacebackground.png
22:26:11.415 [FXGL Background Thread 1 ] DEBUG AssetLoaderService   - Loading from cache: /assets/textures/smallspaceship.png
22:26:11.418 [FXGL Background Thread 1 ] INFO  GameApplication      - Game initialization took: 0.004 sec
22:26:11.418 [JavaFX Application Thread] DEBUG Input                - Clearing active input actions
22:26:11.420 [JavaFX Application Thread] DEBUG WindowService        - Removing overlay from FXGLLoadingScene and adding to GameScene
22:26:11.420 [JavaFX Application Thread] DEBUG MainWindow           - FXGLLoadingScene -> GameScene
22:26:12.815 [JavaFX Application Thread] DEBUG AssetLoaderService   - Loading from cache: /assets/textures/projectile.png
22:26:13.711 [JavaFX Application Thread] DEBUG AssetLoaderService   - Loading from cache: /assets/textures/projectile.png
22:26:13.875 [JavaFX Application Thread] DEBUG AssetLoaderService   - Loading from cache: /assets/textures/smallasteroid.png
22:26:14.134 [JavaFX Application Thread] DEBUG AssetLoaderService   - Loading from cache: /assets/textures/smallasteroid.png
22:26:14.774 [JavaFX Application Thread] DEBUG GameApplication      - Exiting FXGL
22:26:14.774 [JavaFX Application Thread] DEBUG LoopRunner           - Stopping loop
22:26:14.774 [JavaFX Application Thread] DEBUG SystemBundleService  - Saving FXGL system data
22:26:14.776 [JavaFX Application Thread] DEBUG FileSystemAccess     - Writing to: C:\Users\xxdee\IdeaProjects\350FXGLjavagame\system\fxgl.bundle
22:26:14.776 [JavaFX Application Thread] DEBUG GameApplication      - Shutting down background threads
22:26:14.776 [JavaFX Application Thread] DEBUG GameApplication      - Closing logger and exiting JavaFX
