17:27:50.266 [main                     ] DEBUG GameApplication      - Logger initialized
17:27:50.278 [main                     ] DEBUG GameApplication      - Logging settings
Title: Space Game
Version: 0.2
Width: 2000
Height: 1000
Fullscreen: false
Intro: false
Menus: true
Profiling: false
Single step:false
App Mode: DEVELOPER
Menu Key: ESCAPE
Stage Style: DECORATED
Scene Factory: class com.almasb.fxgl.app.scene.SceneFactory

17:27:50.602 [JavaFX Application Thread] DEBUG GameApplication      - Initializing FXGL
17:27:50.608 [JavaFX Application Thread] INFO  Engine               - FXGL-11.8 (08.03.2020 09.09) on WINDOWS (J:11.0.8 FX:13.0.2)
17:27:50.609 [JavaFX Application Thread] INFO  Engine               - Source code and latest versions at: https://github.com/AlmasB/FXGL
17:27:50.609 [JavaFX Application Thread] INFO  Engine               -              Join the FXGL chat at: https://gitter.im/AlmasB/FXGL
17:27:50.689 [JavaFX Application Thread] DEBUG MainWindow           - Creating a JavaFX scene
17:27:50.690 [JavaFX Application Thread] DEBUG MainWindow           - Target size > screen size
17:27:50.739 [JavaFX Application Thread] DEBUG MainWindow           - Target settings size: 2000.0 x 1000.0
17:27:50.739 [JavaFX Application Thread] DEBUG MainWindow           - Scaled scene size:    1895.0 x 960.0
17:27:50.739 [JavaFX Application Thread] DEBUG MainWindow           - Scaled ratio: (0.9475, 0.96)
17:27:50.740 [JavaFX Application Thread] DEBUG MainWindow           - Set initial scene to FXGLStartupScene
17:27:50.744 [JavaFX Application Thread] DEBUG MainWindow           - Opening main window
17:27:50.804 [JavaFX Application Thread] DEBUG MainWindow           - Window border size: (16.0, 39.0)
17:27:50.804 [JavaFX Application Thread] DEBUG MainWindow           - Scaled size: 1895.0 x 960.0
17:27:50.804 [JavaFX Application Thread] DEBUG MainWindow           - Scaled ratio: (0.9475, 0.96)
17:27:50.804 [JavaFX Application Thread] DEBUG MainWindow           - Scene size: 1895.0 x 960.0
17:27:50.804 [JavaFX Application Thread] DEBUG MainWindow           - Stage size: 1911.0 x 999.0
17:27:50.809 [FXGL Background Thread 1 ] DEBUG Engine               - Initializing environment variables
17:27:50.828 [FXGL Background Thread 1 ] DEBUG WindowService        - Applying CSS: fxgl_dark.css
17:27:50.828 [FXGL Background Thread 1 ] DEBUG AssetLoaderService   - Loading from file system: /assets/ui/css/fxgl_dark.css
17:27:50.862 [FXGL Background Thread 1 ] DEBUG WindowService        - Initializing application scenes
17:27:50.892 [FXGL Background Thread 1 ] DEBUG GameWorld            - Game world initialized
17:27:50.915 [FXGL Background Thread 1 ] DEBUG PhysicsWorld         - Physics world initialized: appHeight=1000, physics.ppm=50.0
17:27:50.917 [FXGL Background Thread 1 ] DEBUG GameScene            - Game scene initialized: 2000x1000
17:27:50.933 [FXGL Background Thread 1 ] DEBUG AssetLoaderService   - Loading from file system: /assets/textures/particles/trace_horizontal.png
17:27:50.971 [FXGL Background Thread 1 ] DEBUG FXGL.DefaultMenu     - createMenuBodyMainMenu()
17:27:50.981 [FXGL Background Thread 1 ] DEBUG FXGL.DefaultMenu     - createOptionsMenu()
17:27:50.984 [FXGL Background Thread 1 ] DEBUG AssetLoaderService   - Loading from file system: /assets/textures/particles/smoke.png
17:27:51.017 [FXGL Background Thread 1 ] DEBUG AssetLoaderService   - Loading from cache: /assets/textures/particles/trace_horizontal.png@64.0x64.0
17:27:51.017 [FXGL Background Thread 1 ] DEBUG FXGL.DefaultMenu     - createMenuBodyGameMenu()
17:27:51.018 [FXGL Background Thread 1 ] DEBUG FXGL.DefaultMenu     - createOptionsMenu()
17:27:51.019 [FXGL Background Thread 1 ] DEBUG AssetLoaderService   - Loading from cache: /assets/textures/particles/smoke.png@128.0x128.0
17:27:51.026 [FXGL Background Thread 1 ] DEBUG WindowService        - Application scenes initialized
17:27:51.031 [FXGL Background Thread 1 ] DEBUG SystemBundleService  - Loading FXGL system data
17:27:51.034 [FXGL Background Thread 1 ] DEBUG FileSystemAccess     - Reading from: C:\Users\xxdee\IdeaProjects\350FXGLjavagame\system\fxgl.bundle
17:27:51.037 [FXGL Background Thread 1 ] DEBUG SystemBundleService  - Bundle FXGL: {}
17:27:51.037 [FXGL Background Thread 1 ] INFO  Engine               - FXGL initialization took: 0.227 sec
17:27:51.038 [FXGL Background Thread 1 ] DEBUG GameApplication      - Loading localizations
17:27:51.039 [FXGL Background Thread 1 ] DEBUG AssetLoaderService   - Loading from file system: /assets/properties/languages/english.properties
17:27:51.040 [FXGL Background Thread 1 ] DEBUG AssetLoaderService   - Loading from file system: /assets/properties/languages/french.properties
17:27:51.041 [FXGL Background Thread 1 ] DEBUG AssetLoaderService   - Loading from file system: /assets/properties/languages/german.properties
17:27:51.041 [FXGL Background Thread 1 ] DEBUG AssetLoaderService   - Loading from file system: /assets/properties/languages/hungarian.properties
17:27:51.042 [FXGL Background Thread 1 ] DEBUG AssetLoaderService   - Loading from file system: /assets/properties/languages/russian.properties
17:27:51.043 [FXGL Background Thread 1 ] DEBUG GameApplication      - Registering font factories with UI factory
17:27:51.043 [FXGL Background Thread 1 ] DEBUG AssetLoaderService   - Loading from file system: /assets/ui/fonts/VarelaRound-Regular.ttf
17:27:51.208 [FXGL Background Thread 1 ] DEBUG AssetLoaderService   - Loading from file system: /assets/ui/fonts/Abel-Regular.ttf
17:27:51.210 [FXGL Background Thread 1 ] DEBUG AssetLoaderService   - Loading from file system: /assets/ui/fonts/lucida_console.ttf
17:27:51.213 [FXGL Background Thread 1 ] DEBUG AssetLoaderService   - Loading from file system: /assets/ui/fonts/Courier-Prime.ttf
17:27:51.222 [JavaFX Application Thread] DEBUG Input                - Registered new binding: action0 - D
17:27:51.223 [JavaFX Application Thread] DEBUG Input                - Registered new binding: action1 - A
17:27:51.223 [JavaFX Application Thread] DEBUG Input                - Registered new binding: action2 - W
17:27:51.223 [JavaFX Application Thread] DEBUG Input                - Registered new binding: action3 - C
17:27:51.223 [JavaFX Application Thread] DEBUG Input                - Registered new binding: action4 - Left
17:27:51.223 [JavaFX Application Thread] DEBUG Input                - Registered new binding: action5 - Right
17:27:51.224 [JavaFX Application Thread] DEBUG Input                - Registered new binding: action6 - Space
17:27:51.224 [JavaFX Application Thread] DEBUG AssetLoaderService   - Loading from file system: /assets/textures/fxgl_icon.png
17:27:51.236 [JavaFX Application Thread] DEBUG AssetLoaderService   - Loading from file system: /assets/ui/cursors/fxgl_default.png
17:27:51.237 [JavaFX Application Thread] DEBUG Input                - Registered new binding: Screenshot - P
17:27:51.237 [JavaFX Application Thread] DEBUG Input                - Registered new binding: System info dump - CTRL+9
17:27:51.237 [JavaFX Application Thread] DEBUG Input                - Registered new binding: Restart - CTRL+R
17:27:51.238 [JavaFX Application Thread] DEBUG LoopRunner           - Starting loop
17:27:51.247 [JavaFX Application Thread] DEBUG FXGLStartupScene     - STARTUP
17:27:51.250 [JavaFX Application Thread] DEBUG Input                - Clearing active input actions
17:27:51.262 [JavaFX Application Thread] DEBUG WindowService        - Removing overlay from FXGLStartupScene and adding to FXGLDefaultMenu
17:27:51.262 [JavaFX Application Thread] DEBUG MainWindow           - FXGLStartupScene -> FXGLDefaultMenu
17:27:52.022 [JavaFX Application Thread] DEBUG GameApplication      - Exiting FXGL
17:27:52.022 [JavaFX Application Thread] DEBUG LoopRunner           - Stopping loop
17:27:52.022 [JavaFX Application Thread] DEBUG SystemBundleService  - Saving FXGL system data
17:27:52.024 [JavaFX Application Thread] DEBUG FileSystemAccess     - Writing to: C:\Users\xxdee\IdeaProjects\350FXGLjavagame\system\fxgl.bundle
17:27:52.025 [JavaFX Application Thread] DEBUG GameApplication      - Shutting down background threads
17:27:52.025 [JavaFX Application Thread] DEBUG GameApplication      - Closing logger and exiting JavaFX
