22:26:28.790 [main                     ] DEBUG GameApplication      - Logger initialized
22:26:28.803 [main                     ] DEBUG GameApplication      - Logging settings
Title: Space Game
Version: 0.2
Width: 2000
Height: 1000
Fullscreen: false
Intro: false
Menus: true
Profiling: false
Single step:false
App Mode: DEVELOPER
Menu Key: ESCAPE
Stage Style: DECORATED
Scene Factory: class com.almasb.fxgl.app.scene.SceneFactory

22:26:29.147 [JavaFX Application Thread] DEBUG GameApplication      - Initializing FXGL
22:26:29.154 [JavaFX Application Thread] INFO  Engine               - FXGL-11.8 (08.03.2020 09.09) on WINDOWS (J:11.0.8 FX:13.0.2)
22:26:29.155 [JavaFX Application Thread] INFO  Engine               - Source code and latest versions at: https://github.com/AlmasB/FXGL
22:26:29.155 [JavaFX Application Thread] INFO  Engine               -              Join the FXGL chat at: https://gitter.im/AlmasB/FXGL
22:26:29.241 [JavaFX Application Thread] DEBUG MainWindow           - Creating a JavaFX scene
22:26:29.242 [JavaFX Application Thread] DEBUG MainWindow           - Target size > screen size
22:26:29.293 [JavaFX Application Thread] DEBUG MainWindow           - Target settings size: 2000.0 x 1000.0
22:26:29.293 [JavaFX Application Thread] DEBUG MainWindow           - Scaled scene size:    1895.0 x 960.0
22:26:29.293 [JavaFX Application Thread] DEBUG MainWindow           - Scaled ratio: (0.9475, 0.96)
22:26:29.294 [JavaFX Application Thread] DEBUG MainWindow           - Set initial scene to FXGLStartupScene
22:26:29.299 [JavaFX Application Thread] DEBUG MainWindow           - Opening main window
22:26:29.361 [JavaFX Application Thread] DEBUG MainWindow           - Window border size: (16.0, 39.0)
22:26:29.362 [JavaFX Application Thread] DEBUG MainWindow           - Scaled size: 1895.0 x 960.0
22:26:29.362 [JavaFX Application Thread] DEBUG MainWindow           - Scaled ratio: (0.9475, 0.96)
22:26:29.362 [JavaFX Application Thread] DEBUG MainWindow           - Scene size: 1895.0 x 960.0
22:26:29.362 [JavaFX Application Thread] DEBUG MainWindow           - Stage size: 1911.0 x 999.0
22:26:29.367 [FXGL Background Thread 1 ] DEBUG Engine               - Initializing environment variables
22:26:29.385 [FXGL Background Thread 1 ] DEBUG WindowService        - Applying CSS: fxgl_dark.css
22:26:29.385 [FXGL Background Thread 1 ] DEBUG AssetLoaderService   - Loading from file system: /assets/ui/css/fxgl_dark.css
22:26:29.417 [FXGL Background Thread 1 ] DEBUG WindowService        - Initializing application scenes
22:26:29.445 [FXGL Background Thread 1 ] DEBUG GameWorld            - Game world initialized
22:26:29.471 [FXGL Background Thread 1 ] DEBUG PhysicsWorld         - Physics world initialized: appHeight=1000, physics.ppm=50.0
22:26:29.472 [FXGL Background Thread 1 ] DEBUG GameScene            - Game scene initialized: 2000x1000
22:26:29.489 [FXGL Background Thread 1 ] DEBUG AssetLoaderService   - Loading from file system: /assets/textures/particles/trace_horizontal.png
22:26:29.528 [FXGL Background Thread 1 ] DEBUG FXGL.DefaultMenu     - createMenuBodyMainMenu()
22:26:29.538 [FXGL Background Thread 1 ] DEBUG FXGL.DefaultMenu     - createOptionsMenu()
22:26:29.541 [FXGL Background Thread 1 ] DEBUG FXGL.DefaultMenu     - createExtraMenu()
22:26:29.542 [FXGL Background Thread 1 ] DEBUG AssetLoaderService   - Loading from file system: /assets/textures/particles/smoke.png
22:26:29.575 [FXGL Background Thread 1 ] DEBUG AssetLoaderService   - Loading from cache: /assets/textures/particles/trace_horizontal.png@64.0x64.0
22:26:29.576 [FXGL Background Thread 1 ] DEBUG FXGL.DefaultMenu     - createMenuBodyGameMenu()
22:26:29.577 [FXGL Background Thread 1 ] DEBUG FXGL.DefaultMenu     - createOptionsMenu()
22:26:29.578 [FXGL Background Thread 1 ] DEBUG FXGL.DefaultMenu     - createExtraMenu()
22:26:29.579 [FXGL Background Thread 1 ] DEBUG AssetLoaderService   - Loading from cache: /assets/textures/particles/smoke.png@128.0x128.0
22:26:29.586 [FXGL Background Thread 1 ] DEBUG WindowService        - Application scenes initialized
22:26:29.591 [FXGL Background Thread 1 ] DEBUG SystemBundleService  - Loading FXGL system data
22:26:29.593 [FXGL Background Thread 1 ] DEBUG FileSystemAccess     - Reading from: C:\Users\xxdee\IdeaProjects\350FXGLjavagame\system\fxgl.bundle
22:26:29.598 [FXGL Background Thread 1 ] DEBUG SystemBundleService  - Bundle FXGL: {}
22:26:29.598 [FXGL Background Thread 1 ] INFO  Engine               - FXGL initialization took: 0.230 sec
22:26:29.599 [FXGL Background Thread 1 ] DEBUG GameApplication      - Loading localizations
22:26:29.599 [FXGL Background Thread 1 ] DEBUG AssetLoaderService   - Loading from file system: /assets/properties/languages/english.properties
22:26:29.600 [FXGL Background Thread 1 ] DEBUG AssetLoaderService   - Loading from file system: /assets/properties/languages/french.properties
22:26:29.601 [FXGL Background Thread 1 ] DEBUG AssetLoaderService   - Loading from file system: /assets/properties/languages/german.properties
22:26:29.602 [FXGL Background Thread 1 ] DEBUG AssetLoaderService   - Loading from file system: /assets/properties/languages/hungarian.properties
22:26:29.603 [FXGL Background Thread 1 ] DEBUG AssetLoaderService   - Loading from file system: /assets/properties/languages/russian.properties
22:26:29.604 [FXGL Background Thread 1 ] DEBUG GameApplication      - Registering font factories with UI factory
22:26:29.604 [FXGL Background Thread 1 ] DEBUG AssetLoaderService   - Loading from file system: /assets/ui/fonts/VarelaRound-Regular.ttf
22:26:29.785 [FXGL Background Thread 1 ] DEBUG AssetLoaderService   - Loading from file system: /assets/ui/fonts/Abel-Regular.ttf
22:26:29.787 [FXGL Background Thread 1 ] DEBUG AssetLoaderService   - Loading from file system: /assets/ui/fonts/lucida_console.ttf
22:26:29.790 [FXGL Background Thread 1 ] DEBUG AssetLoaderService   - Loading from file system: /assets/ui/fonts/Courier-Prime.ttf
22:26:29.798 [JavaFX Application Thread] DEBUG Input                - Registered new binding: action0 - D
22:26:29.799 [JavaFX Application Thread] DEBUG Input                - Registered new binding: action1 - A
22:26:29.799 [JavaFX Application Thread] DEBUG Input                - Registered new binding: action2 - W
22:26:29.799 [JavaFX Application Thread] DEBUG Input                - Registered new binding: action3 - C
22:26:29.799 [JavaFX Application Thread] DEBUG Input                - Registered new binding: action4 - Left
22:26:29.799 [JavaFX Application Thread] DEBUG Input                - Registered new binding: action5 - Right
22:26:29.800 [JavaFX Application Thread] DEBUG Input                - Registered new binding: action6 - Space
22:26:29.800 [JavaFX Application Thread] DEBUG AssetLoaderService   - Loading from file system: /assets/textures/fxgl_icon.png
22:26:29.813 [JavaFX Application Thread] DEBUG AssetLoaderService   - Loading from file system: /assets/ui/cursors/fxgl_default.png
22:26:29.814 [JavaFX Application Thread] DEBUG Input                - Registered new binding: Screenshot - P
22:26:29.815 [JavaFX Application Thread] DEBUG Input                - Registered new binding: System info dump - CTRL+9
22:26:29.815 [JavaFX Application Thread] DEBUG Input                - Registered new binding: Restart - CTRL+R
22:26:29.816 [JavaFX Application Thread] DEBUG LoopRunner           - Starting loop
22:26:29.825 [JavaFX Application Thread] DEBUG FXGLStartupScene     - STARTUP
22:26:29.828 [JavaFX Application Thread] DEBUG Input                - Clearing active input actions
22:26:29.841 [JavaFX Application Thread] DEBUG WindowService        - Removing overlay from FXGLStartupScene and adding to FXGLDefaultMenu
22:26:29.841 [JavaFX Application Thread] DEBUG MainWindow           - FXGLStartupScene -> FXGLDefaultMenu
22:26:29.890 [JavaFX Application Thread] DEBUG SaveLoadService      - Reading profile names
22:26:29.892 [JavaFX Application Thread] DEBUG MainWindow           - Push state: DialogSubScene
22:26:29.892 [JavaFX Application Thread] DEBUG Input                - Clearing active input actions
22:26:29.895 [JavaFX Application Thread] DEBUG WindowService        - Removing overlay from FXGLDefaultMenu and adding to DialogSubScene
22:26:29.895 [JavaFX Application Thread] DEBUG MainWindow           - FXGLDefaultMenu -> DialogSubScene
22:26:29.932 [JavaFX Application Thread] DEBUG MainWindow           - Pop state: DialogSubScene
22:26:29.933 [JavaFX Application Thread] DEBUG Input                - Clearing active input actions
22:26:29.933 [JavaFX Application Thread] DEBUG WindowService        - Removing overlay from DialogSubScene and adding to FXGLDefaultMenu
22:26:29.933 [JavaFX Application Thread] DEBUG MainWindow           - FXGLDefaultMenu <- DialogSubScene
22:26:29.934 [JavaFX Application Thread] DEBUG MainWindow           - Push state: DialogSubScene
22:26:29.934 [JavaFX Application Thread] DEBUG Input                - Clearing active input actions
22:26:29.936 [JavaFX Application Thread] DEBUG WindowService        - Removing overlay from FXGLDefaultMenu and adding to DialogSubScene
22:26:29.936 [JavaFX Application Thread] DEBUG MainWindow           - FXGLDefaultMenu -> DialogSubScene
22:26:31.070 [JavaFX Application Thread] DEBUG MainWindow           - Pop state: DialogSubScene
22:26:31.070 [JavaFX Application Thread] DEBUG Input                - Clearing active input actions
22:26:31.071 [JavaFX Application Thread] DEBUG WindowService        - Removing overlay from DialogSubScene and adding to FXGLDefaultMenu
22:26:31.071 [JavaFX Application Thread] DEBUG MainWindow           - FXGLDefaultMenu <- DialogSubScene
22:26:31.683 [JavaFX Application Thread] DEBUG Menu                 - fireNewGame()
22:26:31.683 [JavaFX Application Thread] DEBUG WindowService        - Starting new game
22:26:31.684 [JavaFX Application Thread] DEBUG Input                - Clearing active input actions
22:26:31.689 [JavaFX Application Thread] DEBUG WindowService        - Removing overlay from FXGLDefaultMenu and adding to FXGLLoadingScene
22:26:31.689 [JavaFX Application Thread] DEBUG MainWindow           - FXGLDefaultMenu -> FXGLLoadingScene
22:26:31.689 [JavaFX Application Thread] DEBUG WindowService        - Clearing previous game
22:26:31.689 [JavaFX Application Thread] DEBUG GameScene            - Clearing game scene
22:26:31.689 [JavaFX Application Thread] DEBUG GameWorld            - Clearing game world
22:26:31.689 [JavaFX Application Thread] DEBUG PhysicsWorld         - Clearing physics world
22:26:31.690 [FXGL Background Thread 1 ] DEBUG GameApplication      - Initializing game
22:26:31.697 [FXGL Background Thread 1 ] DEBUG AssetLoaderService   - Loading from file system: /assets/textures/spacebackground.png
22:26:31.734 [FXGL Background Thread 1 ] DEBUG AssetLoaderService   - Loading from file system: /assets/textures/smallspaceship.png
22:26:31.748 [FXGL Background Thread 1 ] INFO  GameApplication      - Game initialization took: 0.058 sec
22:26:31.748 [JavaFX Application Thread] DEBUG Input                - Clearing active input actions
22:26:31.752 [JavaFX Application Thread] DEBUG WindowService        - Removing overlay from FXGLLoadingScene and adding to GameScene
22:26:31.753 [JavaFX Application Thread] DEBUG MainWindow           - FXGLLoadingScene -> GameScene
22:26:32.599 [FXGL Background Thread 2 ] DEBUG Engine               - Logging environment variables
22:26:32.599 [FXGL Background Thread 2 ] DEBUG Engine               - achievements: []
22:26:32.599 [FXGL Background Thread 2 ] DEBUG Engine               - language: ObjectProperty [value: ENGLISH]
22:26:32.599 [FXGL Background Thread 2 ] DEBUG Engine               - isCloseConfirmation: false
22:26:32.599 [FXGL Background Thread 2 ] DEBUG Engine               - isProfilingEnabled: false
22:26:32.599 [FXGL Background Thread 2 ] DEBUG Engine               - soundNotification: core/notification.wav
22:26:32.599 [FXGL Background Thread 2 ] DEBUG Engine               - devShowBBoxProperty: BooleanProperty [value: false]
22:26:32.599 [FXGL Background Thread 2 ] DEBUG Engine               - pixelsPerMeter: 50.0
22:26:32.599 [FXGL Background Thread 2 ] DEBUG Engine               - soundMenuBack: menu/back.wav
22:26:32.599 [FXGL Background Thread 2 ] DEBUG Engine               - appIcon: fxgl_icon.png
22:26:32.599 [FXGL Background Thread 2 ] DEBUG Engine               - isFullScreenAllowed: false
22:26:32.599 [FXGL Background Thread 2 ] DEBUG Engine               - isIntroEnabled: false
22:26:32.599 [FXGL Background Thread 2 ] DEBUG Engine               - fontMono: lucida_console.ttf
22:26:32.599 [FXGL Background Thread 2 ] DEBUG Engine               - soundMenuSelect: menu/select.wav
22:26:32.599 [FXGL Background Thread 2 ] DEBUG Engine               - isWindows: true
22:26:32.599 [FXGL Background Thread 2 ] DEBUG Engine               - isMobile: false
22:26:32.599 [FXGL Background Thread 2 ] DEBUG Engine               - isUserProfileEnabled: true
22:26:32.599 [FXGL Background Thread 2 ] DEBUG Engine               - height: 1000
22:26:32.599 [FXGL Background Thread 2 ] DEBUG Engine               - isExperimentalNative: false
22:26:32.599 [FXGL Background Thread 2 ] DEBUG Engine               - settings: Title: Space Game
Version: 0.2
Width: 2000
Height: 1000
Fullscreen: false
Intro: false
Menus: true
Profiling: false
Single step:false
App Mode: DEVELOPER
Menu Key: ESCAPE
Stage Style: DECORATED
Scene Factory: class com.almasb.fxgl.app.scene.SceneFactory

22:26:32.599 [FXGL Background Thread 2 ] DEBUG Engine               - isSingleStep: false
22:26:32.599 [FXGL Background Thread 2 ] DEBUG Engine               - cSSList: [fxgl_dark.css]
22:26:32.600 [FXGL Background Thread 2 ] DEBUG Engine               - fontGame: Abel-Regular.ttf
22:26:32.600 [FXGL Background Thread 2 ] DEBUG Engine               - menuKey: ESCAPE
22:26:32.600 [FXGL Background Thread 2 ] DEBUG Engine               - devShowPositionProperty: BooleanProperty [value: false]
22:26:32.600 [FXGL Background Thread 2 ] DEBUG Engine               - versionCheckDays: 7
22:26:32.600 [FXGL Background Thread 2 ] DEBUG Engine               - configClass: Optional.empty
22:26:32.600 [FXGL Background Thread 2 ] DEBUG Engine               - isFullScreenFromStart: false
22:26:32.600 [FXGL Background Thread 2 ] DEBUG Engine               - version: 0.2
22:26:32.600 [FXGL Background Thread 2 ] DEBUG Engine               - fullScreen: BooleanProperty [value: false]
22:26:32.600 [FXGL Background Thread 2 ] DEBUG Engine               - randomSeed: -1
22:26:32.600 [FXGL Background Thread 2 ] DEBUG Engine               - gameDifficultyProperty: ObjectProperty [value: MEDIUM]
22:26:32.600 [FXGL Background Thread 2 ] DEBUG Engine               - applicationMode: DEVELOPER
22:26:32.600 [FXGL Background Thread 2 ] DEBUG Engine               - isMac: false
22:26:32.600 [FXGL Background Thread 2 ] DEBUG Engine               - isMenuEnabled: true
22:26:32.600 [FXGL Background Thread 2 ] DEBUG Engine               - profileName: StringProperty [value: JohnDirkse]
22:26:32.600 [FXGL Background Thread 2 ] DEBUG Engine               - urlPOM: https://raw.githubusercontent.com/AlmasB/FXGL/master/pom.xml
22:26:32.600 [FXGL Background Thread 2 ] DEBUG Engine               - notificationViewClass: class com.almasb.fxgl.notification.view.XboxNotificationView
22:26:32.600 [FXGL Background Thread 2 ] DEBUG Engine               - devSensorColorProperty: ObjectProperty [value: 0xffff00ff]
22:26:32.600 [FXGL Background Thread 2 ] DEBUG Engine               - sceneFactory: com.almasb.fxgl.app.scene.SceneFactory@595ad62a
22:26:32.600 [FXGL Background Thread 2 ] DEBUG Engine               - stageStyle: DECORATED
22:26:32.600 [FXGL Background Thread 2 ] DEBUG Engine               - isManualResizeEnabled: false
22:26:32.600 [FXGL Background Thread 2 ] DEBUG Engine               - title: Space Game
22:26:32.600 [FXGL Background Thread 2 ] DEBUG Engine               - platform: WINDOWS
22:26:32.600 [FXGL Background Thread 2 ] DEBUG Engine               - devBBoxColorProperty: ObjectProperty [value: 0xff0000ff]
22:26:32.600 [FXGL Background Thread 2 ] DEBUG Engine               - gameDifficulty: MEDIUM
22:26:32.600 [FXGL Background Thread 2 ] DEBUG Engine               - isDesktop: true
22:26:32.600 [FXGL Background Thread 2 ] DEBUG Engine               - supportedLanguages: [ENGLISH, FRENCH, GERMAN, HUNGARIAN, RUSSIAN]
22:26:32.601 [FXGL Background Thread 2 ] DEBUG Engine               - credits: []
22:26:32.601 [FXGL Background Thread 2 ] DEBUG Engine               - globalMusicVolumeProperty: DoubleProperty [value: 0.5]
22:26:32.601 [FXGL Background Thread 2 ] DEBUG Engine               - isPreserveResizeRatio: false
22:26:32.601 [FXGL Background Thread 2 ] DEBUG Engine               - fontText: Courier-Prime.ttf
22:26:32.601 [FXGL Background Thread 2 ] DEBUG Engine               - isExperimentalTiledLargeMap: false
22:26:32.601 [FXGL Background Thread 2 ] DEBUG Engine               - secondsIn24h: 60
22:26:32.601 [FXGL Background Thread 2 ] DEBUG Engine               - runtimeInfo: RuntimeInfo(platform=WINDOWS, version=11.8, build=08.03.2020 09.09)
22:26:32.601 [FXGL Background Thread 2 ] DEBUG Engine               - isLinux: false
22:26:32.601 [FXGL Background Thread 2 ] DEBUG Engine               - soundMenuPress: menu/press.wav
22:26:32.601 [FXGL Background Thread 2 ] DEBUG Engine               - urlGithub: https://github.com/AlmasB/FXGL
22:26:32.601 [FXGL Background Thread 2 ] DEBUG Engine               - profileDir: profiles/
22:26:32.601 [FXGL Background Thread 2 ] DEBUG Engine               - isDeveloperMenuEnabled: false
22:26:32.601 [FXGL Background Thread 2 ] DEBUG Engine               - globalSoundVolumeProperty: DoubleProperty [value: 0.1]
22:26:32.601 [FXGL Background Thread 2 ] DEBUG Engine               - mainWindow: com.almasb.fxgl.app.MainWindow@5d6559d9
22:26:32.601 [FXGL Background Thread 2 ] DEBUG Engine               - isBrowser: false
22:26:32.601 [FXGL Background Thread 2 ] DEBUG Engine               - urlLeaderboard: http://fxgl-top.herokuapp.com/
22:26:32.601 [FXGL Background Thread 2 ] DEBUG Engine               - globalSoundVolume: 0.5
22:26:32.601 [FXGL Background Thread 2 ] DEBUG Engine               - engineServices: [class com.almasb.fxgl.app.GameApplication$GameApplicationService, class com.almasb.fxgl.app.services.WindowService, class com.almasb.fxgl.app.services.FXGLDialogService, class com.almasb.fxgl.app.services.IOTaskExecutorService, class com.almasb.fxgl.event.EventBusService, class com.almasb.fxgl.io.FileSystemService, class com.almasb.fxgl.localization.LocalizationService, class com.almasb.fxgl.app.services.AssetLoaderService, class com.almasb.fxgl.app.services.SystemBundleService, class com.almasb.fxgl.profile.SaveLoadService, class com.almasb.fxgl.ui.FXGLUIFactoryServiceProvider, class com.almasb.fxgl.ui.FXGLDialogFactoryServiceProvider, class com.almasb.fxgl.audio.AudioPlayer, class com.almasb.fxgl.notification.impl.NotificationServiceProvider, class com.almasb.fxgl.achievement.AchievementService, class com.almasb.fxgl.cutscene.CutsceneService, class com.almasb.fxgl.minigames.MiniGameService, class com.almasb.fxgl.net.NetService, class com.almasb.fxgl.app.services.UpdaterService]
22:26:32.601 [FXGL Background Thread 2 ] DEBUG Engine               - globalMusicVolume: 0.5
22:26:32.601 [FXGL Background Thread 2 ] DEBUG Engine               - width: 2000
22:26:32.601 [FXGL Background Thread 2 ] DEBUG Engine               - saveFileExt: sav
22:26:32.601 [FXGL Background Thread 2 ] DEBUG Engine               - isAndroid: false
22:26:32.601 [FXGL Background Thread 2 ] DEBUG Engine               - fontUI: VarelaRound-Regular.ttf
22:26:32.602 [FXGL Background Thread 2 ] DEBUG Engine               - enabledMenuItems: [SAVE_LOAD, EXTRA, ONLINE]
22:26:32.602 [FXGL Background Thread 2 ] DEBUG Engine               - isIOS: false
22:26:32.602 [FXGL Background Thread 2 ] DEBUG Engine               - Logging services
22:26:32.602 [FXGL Background Thread 2 ] DEBUG Engine               - class com.almasb.fxgl.app.GameApplication$GameApplicationService
22:26:32.602 [FXGL Background Thread 2 ] DEBUG Engine               - class com.almasb.fxgl.app.services.WindowService
22:26:32.602 [FXGL Background Thread 2 ] DEBUG Engine               - class com.almasb.fxgl.app.services.FXGLDialogService
22:26:32.602 [FXGL Background Thread 2 ] DEBUG Engine               - class com.almasb.fxgl.app.services.IOTaskExecutorService
22:26:32.602 [FXGL Background Thread 2 ] DEBUG Engine               - class com.almasb.fxgl.event.EventBusService
22:26:32.602 [FXGL Background Thread 2 ] DEBUG Engine               - class com.almasb.fxgl.io.FileSystemService
22:26:32.602 [FXGL Background Thread 2 ] DEBUG Engine               - class com.almasb.fxgl.localization.LocalizationService
22:26:32.602 [FXGL Background Thread 2 ] DEBUG Engine               - class com.almasb.fxgl.app.services.AssetLoaderService
22:26:32.602 [FXGL Background Thread 2 ] DEBUG Engine               - class com.almasb.fxgl.app.services.SystemBundleService
22:26:32.602 [FXGL Background Thread 2 ] DEBUG Engine               - class com.almasb.fxgl.profile.SaveLoadService
22:26:32.602 [FXGL Background Thread 2 ] DEBUG Engine               - class com.almasb.fxgl.ui.FXGLUIFactoryServiceProvider
22:26:32.602 [FXGL Background Thread 2 ] DEBUG Engine               - class com.almasb.fxgl.ui.FXGLDialogFactoryServiceProvider
22:26:32.602 [FXGL Background Thread 2 ] DEBUG Engine               - class com.almasb.fxgl.audio.AudioPlayer
22:26:32.602 [FXGL Background Thread 2 ] DEBUG Engine               - class com.almasb.fxgl.notification.impl.NotificationServiceProvider
22:26:32.602 [FXGL Background Thread 2 ] DEBUG Engine               - class com.almasb.fxgl.achievement.AchievementService
22:26:32.602 [FXGL Background Thread 2 ] DEBUG Engine               - class com.almasb.fxgl.cutscene.CutsceneService
22:26:32.602 [FXGL Background Thread 2 ] DEBUG Engine               - class com.almasb.fxgl.minigames.MiniGameService
22:26:32.602 [FXGL Background Thread 2 ] DEBUG Engine               - class com.almasb.fxgl.net.NetService
22:26:32.602 [FXGL Background Thread 2 ] DEBUG Engine               - class com.almasb.fxgl.app.services.UpdaterService
22:26:32.867 [JavaFX Application Thread] DEBUG AssetLoaderService   - Loading from file system: /assets/textures/projectile.png
22:26:33.015 [JavaFX Application Thread] DEBUG AssetLoaderService   - Loading from cache: /assets/textures/projectile.png
22:26:33.607 [JavaFX Application Thread] DEBUG AssetLoaderService   - Loading from cache: /assets/textures/projectile.png
22:26:33.766 [JavaFX Application Thread] DEBUG AssetLoaderService   - Loading from cache: /assets/textures/projectile.png
22:26:33.975 [JavaFX Application Thread] DEBUG AssetLoaderService   - Loading from cache: /assets/textures/projectile.png
22:26:34.072 [JavaFX Application Thread] DEBUG AssetLoaderService   - Loading from file system: /assets/textures/smallasteroid.png
22:26:34.208 [JavaFX Application Thread] DEBUG AssetLoaderService   - Loading from file system: /assets/sounds/explosion.wav
22:26:34.264 [JavaFX Application Thread] DEBUG AssetLoaderService   - Loading from file system: /assets/textures/explosion.png
22:26:34.382 [JavaFX Application Thread] DEBUG AssetLoaderService   - Loading from cache: /assets/textures/smallasteroid.png
22:26:35.750 [JavaFX Application Thread] DEBUG AssetLoaderService   - Loading from cache: /assets/textures/projectile.png
22:26:35.942 [JavaFX Application Thread] DEBUG AssetLoaderService   - Loading from cache: /assets/textures/projectile.png
22:26:36.415 [JavaFX Application Thread] DEBUG AssetLoaderService   - Loading from cache: /assets/textures/smallasteroid.png
22:26:36.767 [JavaFX Application Thread] DEBUG AssetLoaderService   - Loading from cache: /assets/textures/projectile.png
22:26:36.911 [JavaFX Application Thread] DEBUG AssetLoaderService   - Loading from cache: /assets/textures/smallasteroid.png
22:26:37.166 [JavaFX Application Thread] DEBUG AssetLoaderService   - Loading from cache: /assets/sounds/explosion.wav
22:26:37.167 [JavaFX Application Thread] DEBUG AssetLoaderService   - Loading from cache: /assets/textures/explosion.png
22:26:37.863 [JavaFX Application Thread] DEBUG AssetLoaderService   - Loading from cache: /assets/textures/projectile.png
22:26:38.641 [JavaFX Application Thread] DEBUG AssetLoaderService   - Loading from cache: /assets/textures/projectile.png
22:26:38.649 [JavaFX Application Thread] DEBUG AssetLoaderService   - Loading from cache: /assets/sounds/explosion.wav
22:26:38.650 [JavaFX Application Thread] DEBUG AssetLoaderService   - Loading from cache: /assets/textures/explosion.png
22:26:38.686 [JavaFX Application Thread] DEBUG AssetLoaderService   - Loading from cache: /assets/textures/smallasteroid.png
22:26:39.215 [JavaFX Application Thread] DEBUG AssetLoaderService   - Loading from cache: /assets/textures/projectile.png
22:26:39.451 [JavaFX Application Thread] DEBUG AssetLoaderService   - Loading from cache: /assets/textures/smallasteroid.png
22:26:39.551 [JavaFX Application Thread] DEBUG AssetLoaderService   - Loading from cache: /assets/textures/projectile.png
22:26:39.711 [JavaFX Application Thread] DEBUG AssetLoaderService   - Loading from cache: /assets/textures/projectile.png
22:26:39.927 [JavaFX Application Thread] DEBUG AssetLoaderService   - Loading from cache: /assets/textures/projectile.png
22:26:40.144 [JavaFX Application Thread] DEBUG AssetLoaderService   - Loading from cache: /assets/textures/projectile.png
22:26:40.327 [JavaFX Application Thread] DEBUG AssetLoaderService   - Loading from cache: /assets/textures/projectile.png
22:26:40.519 [JavaFX Application Thread] DEBUG AssetLoaderService   - Loading from cache: /assets/textures/projectile.png
22:26:40.851 [JavaFX Application Thread] DEBUG AssetLoaderService   - Loading from cache: /assets/textures/projectile.png
22:26:40.969 [JavaFX Application Thread] DEBUG AssetLoaderService   - Loading from cache: /assets/textures/smallasteroid.png
22:26:41.088 [JavaFX Application Thread] DEBUG AssetLoaderService   - Loading from cache: /assets/textures/projectile.png
22:26:41.446 [JavaFX Application Thread] DEBUG AssetLoaderService   - Loading from cache: /assets/textures/projectile.png
22:26:41.670 [JavaFX Application Thread] DEBUG AssetLoaderService   - Loading from cache: /assets/textures/projectile.png
22:26:41.846 [JavaFX Application Thread] DEBUG AssetLoaderService   - Loading from cache: /assets/textures/projectile.png
22:26:41.981 [JavaFX Application Thread] DEBUG AssetLoaderService   - Loading from cache: /assets/sounds/explosion.wav
22:26:41.982 [JavaFX Application Thread] DEBUG AssetLoaderService   - Loading from cache: /assets/textures/explosion.png
22:26:41.989 [JavaFX Application Thread] DEBUG AssetLoaderService   - Loading from cache: /assets/textures/smallasteroid.png
22:26:42.065 [JavaFX Application Thread] DEBUG AssetLoaderService   - Loading from cache: /assets/textures/projectile.png
22:26:42.167 [JavaFX Application Thread] DEBUG AssetLoaderService   - Loading from cache: /assets/sounds/explosion.wav
22:26:42.168 [JavaFX Application Thread] DEBUG AssetLoaderService   - Loading from cache: /assets/textures/explosion.png
22:26:42.174 [JavaFX Application Thread] DEBUG AssetLoaderService   - Loading from cache: /assets/sounds/explosion.wav
22:26:42.174 [JavaFX Application Thread] DEBUG AssetLoaderService   - Loading from cache: /assets/textures/explosion.png
22:26:42.294 [JavaFX Application Thread] DEBUG AssetLoaderService   - Loading from cache: /assets/textures/projectile.png
22:26:42.487 [JavaFX Application Thread] DEBUG AssetLoaderService   - Loading from cache: /assets/textures/projectile.png
22:26:42.673 [JavaFX Application Thread] DEBUG AssetLoaderService   - Loading from cache: /assets/textures/projectile.png
22:26:42.866 [JavaFX Application Thread] DEBUG AssetLoaderService   - Loading from cache: /assets/textures/projectile.png
22:26:43.059 [JavaFX Application Thread] DEBUG AssetLoaderService   - Loading from cache: /assets/textures/projectile.png
22:26:43.254 [JavaFX Application Thread] DEBUG AssetLoaderService   - Loading from cache: /assets/textures/smallasteroid.png
22:26:43.910 [JavaFX Application Thread] DEBUG AssetLoaderService   - Loading from cache: /assets/sounds/explosion.wav
22:26:43.911 [JavaFX Application Thread] DEBUG AssetLoaderService   - Loading from cache: /assets/textures/explosion.png
22:26:43.918 [JavaFX Application Thread] DEBUG MainWindow           - Push state: DialogSubScene
22:26:43.918 [JavaFX Application Thread] DEBUG Input                - Clearing active input actions
22:26:43.920 [JavaFX Application Thread] DEBUG WindowService        - Removing overlay from GameScene and adding to DialogSubScene
22:26:43.920 [JavaFX Application Thread] DEBUG MainWindow           - GameScene -> DialogSubScene
22:26:46.793 [JavaFX Application Thread] DEBUG MainWindow           - Pop state: DialogSubScene
22:26:46.793 [JavaFX Application Thread] DEBUG Input                - Clearing active input actions
22:26:46.793 [JavaFX Application Thread] DEBUG WindowService        - Removing overlay from DialogSubScene and adding to GameScene
22:26:46.793 [JavaFX Application Thread] DEBUG MainWindow           - GameScene <- DialogSubScene
22:26:46.795 [JavaFX Application Thread] DEBUG Input                - Clearing active input actions
22:26:46.799 [JavaFX Application Thread] DEBUG WindowService        - Removing overlay from GameScene and adding to FXGLDefaultMenu
22:26:46.799 [JavaFX Application Thread] DEBUG MainWindow           - GameScene -> FXGLDefaultMenu
22:26:47.781 [JavaFX Application Thread] DEBUG Menu                 - fireNewGame()
22:26:47.782 [JavaFX Application Thread] DEBUG WindowService        - Starting new game
22:26:47.782 [JavaFX Application Thread] DEBUG Input                - Clearing active input actions
22:26:47.785 [JavaFX Application Thread] DEBUG WindowService        - Removing overlay from FXGLDefaultMenu and adding to FXGLLoadingScene
22:26:47.785 [JavaFX Application Thread] DEBUG MainWindow           - FXGLDefaultMenu -> FXGLLoadingScene
22:26:47.785 [JavaFX Application Thread] DEBUG WindowService        - Clearing previous game
22:26:47.785 [JavaFX Application Thread] DEBUG GameScene            - Clearing game scene
22:26:47.785 [JavaFX Application Thread] DEBUG GameWorld            - Clearing game world
22:26:47.785 [JavaFX Application Thread] DEBUG PhysicsWorld         - Clearing physics world
22:26:47.785 [FXGL Background Thread 1 ] DEBUG GameApplication      - Initializing game
22:26:47.786 [FXGL Background Thread 1 ] DEBUG AssetLoaderService   - Loading from cache: /assets/textures/spacebackground.png
22:26:47.786 [FXGL Background Thread 1 ] DEBUG AssetLoaderService   - Loading from cache: /assets/textures/smallspaceship.png
22:26:47.787 [FXGL Background Thread 1 ] INFO  GameApplication      - Game initialization took: 0.002 sec
22:26:47.787 [JavaFX Application Thread] DEBUG Input                - Clearing active input actions
22:26:47.789 [JavaFX Application Thread] DEBUG WindowService        - Removing overlay from FXGLLoadingScene and adding to GameScene
22:26:47.790 [JavaFX Application Thread] DEBUG MainWindow           - FXGLLoadingScene -> GameScene
22:26:49.344 [JavaFX Application Thread] DEBUG GameApplication      - Exiting FXGL
22:26:49.344 [JavaFX Application Thread] DEBUG LoopRunner           - Stopping loop
22:26:49.344 [JavaFX Application Thread] DEBUG SystemBundleService  - Saving FXGL system data
22:26:49.345 [JavaFX Application Thread] DEBUG FileSystemAccess     - Writing to: C:\Users\xxdee\IdeaProjects\350FXGLjavagame\system\fxgl.bundle
22:26:49.345 [JavaFX Application Thread] DEBUG GameApplication      - Shutting down background threads
22:26:49.345 [JavaFX Application Thread] DEBUG GameApplication      - Closing logger and exiting JavaFX
