00:14:16.371 [main                     ] DEBUG GameApplication      - Logger initialized
00:14:16.396 [main                     ] DEBUG GameApplication      - Logging settings
Title: Space Game
Version: 0.1
Width: 2100
Height: 1050
Fullscreen: false
Intro: false
Menus: false
Profiling: false
Single step:false
App Mode: DEVELOPER
Menu Key: ESCAPE
Stage Style: DECORATED
Scene Factory: class com.almasb.fxgl.app.scene.SceneFactory

00:14:16.905 [JavaFX Application Thread] DEBUG GameApplication      - Initializing FXGL
00:14:16.917 [JavaFX Application Thread] INFO  Engine               - FXGL-11.8 (08.03.2020 09.09) on WINDOWS (J:11.0.12 FX:13.0.2)
00:14:16.918 [JavaFX Application Thread] INFO  Engine               - Source code and latest versions at: https://github.com/AlmasB/FXGL
00:14:16.918 [JavaFX Application Thread] INFO  Engine               -              Join the FXGL chat at: https://gitter.im/AlmasB/FXGL
00:14:17.101 [JavaFX Application Thread] DEBUG MainWindow           - Creating a JavaFX scene
00:14:17.102 [JavaFX Application Thread] DEBUG MainWindow           - Target size > screen size
00:14:17.215 [JavaFX Application Thread] DEBUG MainWindow           - Target settings size: 2100.0 x 1050.0
00:14:17.215 [JavaFX Application Thread] DEBUG MainWindow           - Scaled scene size:    1511.0 x 768.0
00:14:17.215 [JavaFX Application Thread] DEBUG MainWindow           - Scaled ratio: (0.7195238095238096, 0.7314285714285714)
00:14:17.218 [JavaFX Application Thread] DEBUG MainWindow           - Set initial scene to FXGLStartupScene
00:14:17.230 [JavaFX Application Thread] DEBUG MainWindow           - Opening main window
00:14:17.348 [JavaFX Application Thread] DEBUG MainWindow           - Window border size: (14.5999755859375, 37.5999755859375)
00:14:17.348 [JavaFX Application Thread] DEBUG MainWindow           - Scaled size: 1511.0 x 768.0
00:14:17.349 [JavaFX Application Thread] DEBUG MainWindow           - Scaled ratio: (0.7195238095238096, 0.7314285714285714)
00:14:17.349 [JavaFX Application Thread] DEBUG MainWindow           - Scene size: 1511.0 x 768.0
00:14:17.349 [JavaFX Application Thread] DEBUG MainWindow           - Stage size: 1525.5999755859375 x 805.5999755859375
00:14:17.361 [FXGL Background Thread 1 ] DEBUG Engine               - Initializing environment variables
00:14:17.398 [FXGL Background Thread 1 ] DEBUG WindowService        - Applying CSS: fxgl_dark.css
00:14:17.399 [FXGL Background Thread 1 ] DEBUG AssetLoaderService   - Loading from file system: /assets/ui/css/fxgl_dark.css
00:14:17.498 [FXGL Background Thread 1 ] DEBUG WindowService        - Initializing application scenes
00:14:17.564 [FXGL Background Thread 1 ] DEBUG GameWorld            - Game world initialized
00:14:17.646 [FXGL Background Thread 1 ] DEBUG PhysicsWorld         - Physics world initialized: appHeight=1050, physics.ppm=50.0
00:14:17.650 [FXGL Background Thread 1 ] DEBUG GameScene            - Game scene initialized: 2100x1050
00:14:17.666 [FXGL Background Thread 1 ] DEBUG Input                - Registered new binding: Resume - Esc
00:14:17.677 [FXGL Background Thread 1 ] DEBUG AssetLoaderService   - Loading from file system: /assets/textures/pause_menu_bg.png
00:14:17.749 [FXGL Background Thread 1 ] DEBUG Input                - Registered new binding: Pause - Esc
00:14:17.749 [FXGL Background Thread 1 ] DEBUG WindowService        - Application scenes initialized
00:14:17.763 [FXGL Background Thread 1 ] DEBUG SystemBundleService  - Loading FXGL system data
00:14:17.768 [FXGL Background Thread 1 ] DEBUG FileSystemAccess     - Reading from: C:\Users\dakot\IdeaProjects\350FXGLjavagame\system\fxgl.bundle
00:14:17.776 [FXGL Background Thread 1 ] DEBUG SystemBundleService  - Bundle FXGL: {}
00:14:17.776 [FXGL Background Thread 1 ] INFO  Engine               - FXGL initialization took: 0.413 sec
00:14:17.778 [FXGL Background Thread 1 ] DEBUG GameApplication      - Loading localizations
00:14:17.779 [FXGL Background Thread 1 ] DEBUG AssetLoaderService   - Loading from file system: /assets/properties/languages/english.properties
00:14:17.781 [FXGL Background Thread 1 ] DEBUG AssetLoaderService   - Loading from file system: /assets/properties/languages/french.properties
00:14:17.783 [FXGL Background Thread 1 ] DEBUG AssetLoaderService   - Loading from file system: /assets/properties/languages/german.properties
00:14:17.784 [FXGL Background Thread 1 ] DEBUG AssetLoaderService   - Loading from file system: /assets/properties/languages/hungarian.properties
00:14:17.786 [FXGL Background Thread 1 ] DEBUG AssetLoaderService   - Loading from file system: /assets/properties/languages/russian.properties
00:14:17.788 [FXGL Background Thread 1 ] DEBUG GameApplication      - Registering font factories with UI factory
00:14:17.788 [FXGL Background Thread 1 ] DEBUG AssetLoaderService   - Loading from file system: /assets/ui/fonts/VarelaRound-Regular.ttf
00:14:17.931 [FXGL Background Thread 1 ] DEBUG AssetLoaderService   - Loading from file system: /assets/ui/fonts/Abel-Regular.ttf
00:14:17.934 [FXGL Background Thread 1 ] DEBUG AssetLoaderService   - Loading from file system: /assets/ui/fonts/lucida_console.ttf
00:14:17.939 [FXGL Background Thread 1 ] DEBUG AssetLoaderService   - Loading from file system: /assets/ui/fonts/Courier-Prime.ttf
00:14:17.944 [JavaFX Application Thread] DEBUG AssetLoaderService   - Loading from file system: /assets/textures/fxgl_icon.png
00:14:17.964 [JavaFX Application Thread] DEBUG AssetLoaderService   - Loading from file system: /assets/ui/cursors/fxgl_default.png
00:14:17.966 [JavaFX Application Thread] DEBUG Input                - Registered new binding: Screenshot - P
00:14:17.967 [JavaFX Application Thread] DEBUG Input                - Registered new binding: System info dump - CTRL+9
00:14:17.967 [JavaFX Application Thread] DEBUG Input                - Registered new binding: Restart - CTRL+R
00:14:17.968 [JavaFX Application Thread] DEBUG LoopRunner           - Starting loop
00:14:17.976 [JavaFX Application Thread] DEBUG FXGLStartupScene     - STARTUP
00:14:17.976 [JavaFX Application Thread] DEBUG WindowService        - Starting new game
00:14:17.979 [JavaFX Application Thread] DEBUG Input                - Clearing active input actions
00:14:17.994 [JavaFX Application Thread] DEBUG WindowService        - Removing overlay from FXGLStartupScene and adding to FXGLLoadingScene
00:14:17.994 [JavaFX Application Thread] DEBUG MainWindow           - FXGLStartupScene -> FXGLLoadingScene
00:14:17.995 [JavaFX Application Thread] DEBUG WindowService        - Clearing previous game
00:14:17.995 [JavaFX Application Thread] DEBUG GameScene            - Clearing game scene
00:14:17.995 [JavaFX Application Thread] DEBUG GameWorld            - Clearing game world
00:14:17.995 [JavaFX Application Thread] DEBUG PhysicsWorld         - Clearing physics world
00:14:17.996 [FXGL Background Thread 1 ] DEBUG GameApplication      - Initializing game
00:14:18.008 [FXGL Background Thread 1 ] DEBUG AssetLoaderService   - Loading from file system: /assets/textures/spaceship.png
00:14:18.020 [FXGL Background Thread 1 ] DEBUG AssetLoaderService   - Loading from file system: /assets/textures/asteroid.png
00:14:18.026 [FXGL Background Thread 1 ] INFO  GameApplication      - Game initialization took: 0.029 sec
00:14:18.043 [JavaFX Application Thread] DEBUG Input                - Clearing active input actions
00:14:18.055 [JavaFX Application Thread] DEBUG WindowService        - Removing overlay from FXGLLoadingScene and adding to GameScene
00:14:18.056 [JavaFX Application Thread] DEBUG MainWindow           - FXGLLoadingScene -> GameScene
00:14:20.779 [FXGL Background Thread 2 ] DEBUG Engine               - Logging environment variables
00:14:20.779 [FXGL Background Thread 2 ] DEBUG Engine               - achievements: []
00:14:20.780 [FXGL Background Thread 2 ] DEBUG Engine               - language: ObjectProperty [value: ENGLISH]
00:14:20.780 [FXGL Background Thread 2 ] DEBUG Engine               - isCloseConfirmation: false
00:14:20.780 [FXGL Background Thread 2 ] DEBUG Engine               - isProfilingEnabled: false
00:14:20.781 [FXGL Background Thread 2 ] DEBUG Engine               - soundNotification: core/notification.wav
00:14:20.781 [FXGL Background Thread 2 ] DEBUG Engine               - devShowBBoxProperty: BooleanProperty [value: false]
00:14:20.781 [FXGL Background Thread 2 ] DEBUG Engine               - pixelsPerMeter: 50.0
00:14:20.782 [FXGL Background Thread 2 ] DEBUG Engine               - appIcon: fxgl_icon.png
00:14:20.782 [FXGL Background Thread 2 ] DEBUG Engine               - soundMenuBack: menu/back.wav
00:14:20.782 [FXGL Background Thread 2 ] DEBUG Engine               - isFullScreenAllowed: false
00:14:20.783 [FXGL Background Thread 2 ] DEBUG Engine               - isIntroEnabled: false
00:14:20.783 [FXGL Background Thread 2 ] DEBUG Engine               - fontMono: lucida_console.ttf
00:14:20.783 [FXGL Background Thread 2 ] DEBUG Engine               - soundMenuSelect: menu/select.wav
00:14:20.783 [FXGL Background Thread 2 ] DEBUG Engine               - isWindows: true
00:14:20.783 [FXGL Background Thread 2 ] DEBUG Engine               - isMobile: false
00:14:20.784 [FXGL Background Thread 2 ] DEBUG Engine               - isUserProfileEnabled: false
00:14:20.784 [FXGL Background Thread 2 ] DEBUG Engine               - height: 1050
00:14:20.784 [FXGL Background Thread 2 ] DEBUG Engine               - isExperimentalNative: false
00:14:20.784 [FXGL Background Thread 2 ] DEBUG Engine               - settings: Title: Space Game
Version: 0.1
Width: 2100
Height: 1050
Fullscreen: false
Intro: false
Menus: false
Profiling: false
Single step:false
App Mode: DEVELOPER
Menu Key: ESCAPE
Stage Style: DECORATED
Scene Factory: class com.almasb.fxgl.app.scene.SceneFactory

00:14:20.785 [FXGL Background Thread 2 ] DEBUG Engine               - isSingleStep: false
00:14:20.785 [FXGL Background Thread 2 ] DEBUG Engine               - cSSList: [fxgl_dark.css]
00:14:20.785 [FXGL Background Thread 2 ] DEBUG Engine               - fontGame: Abel-Regular.ttf
00:14:20.785 [FXGL Background Thread 2 ] DEBUG Engine               - menuKey: ESCAPE
00:14:20.785 [FXGL Background Thread 2 ] DEBUG Engine               - devShowPositionProperty: BooleanProperty [value: false]
00:14:20.786 [FXGL Background Thread 2 ] DEBUG Engine               - versionCheckDays: 7
00:14:20.786 [FXGL Background Thread 2 ] DEBUG Engine               - configClass: Optional.empty
00:14:20.786 [FXGL Background Thread 2 ] DEBUG Engine               - isFullScreenFromStart: false
00:14:20.786 [FXGL Background Thread 2 ] DEBUG Engine               - version: 0.1
00:14:20.786 [FXGL Background Thread 2 ] DEBUG Engine               - fullScreen: BooleanProperty [value: false]
00:14:20.787 [FXGL Background Thread 2 ] DEBUG Engine               - randomSeed: -1
00:14:20.787 [FXGL Background Thread 2 ] DEBUG Engine               - gameDifficultyProperty: ObjectProperty [value: MEDIUM]
00:14:20.787 [FXGL Background Thread 2 ] DEBUG Engine               - applicationMode: DEVELOPER
00:14:20.787 [FXGL Background Thread 2 ] DEBUG Engine               - isMac: false
00:14:20.788 [FXGL Background Thread 2 ] DEBUG Engine               - isMenuEnabled: false
00:14:20.788 [FXGL Background Thread 2 ] DEBUG Engine               - profileName: StringProperty [value: DEFAULT]
00:14:20.788 [FXGL Background Thread 2 ] DEBUG Engine               - urlPOM: https://raw.githubusercontent.com/AlmasB/FXGL/master/pom.xml
00:14:20.788 [FXGL Background Thread 2 ] DEBUG Engine               - notificationViewClass: class com.almasb.fxgl.notification.view.XboxNotificationView
00:14:20.789 [FXGL Background Thread 2 ] DEBUG Engine               - devSensorColorProperty: ObjectProperty [value: 0xffff00ff]
00:14:20.789 [FXGL Background Thread 2 ] DEBUG Engine               - sceneFactory: com.almasb.fxgl.app.scene.SceneFactory@5133b168
00:14:20.790 [FXGL Background Thread 2 ] DEBUG Engine               - stageStyle: DECORATED
00:14:20.790 [FXGL Background Thread 2 ] DEBUG Engine               - isManualResizeEnabled: false
00:14:20.790 [FXGL Background Thread 2 ] DEBUG Engine               - title: Space Game
00:14:20.790 [FXGL Background Thread 2 ] DEBUG Engine               - platform: WINDOWS
00:14:20.791 [FXGL Background Thread 2 ] DEBUG Engine               - devBBoxColorProperty: ObjectProperty [value: 0xff0000ff]
00:14:20.791 [FXGL Background Thread 2 ] DEBUG Engine               - gameDifficulty: MEDIUM
00:14:20.791 [FXGL Background Thread 2 ] DEBUG Engine               - isDesktop: true
00:14:20.792 [FXGL Background Thread 2 ] DEBUG Engine               - supportedLanguages: [ENGLISH, FRENCH, GERMAN, HUNGARIAN, RUSSIAN]
00:14:20.792 [FXGL Background Thread 2 ] DEBUG Engine               - credits: []
00:14:20.792 [FXGL Background Thread 2 ] DEBUG Engine               - globalMusicVolumeProperty: DoubleProperty [value: 0.5]
00:14:20.792 [FXGL Background Thread 2 ] DEBUG Engine               - isPreserveResizeRatio: false
00:14:20.793 [FXGL Background Thread 2 ] DEBUG Engine               - fontText: Courier-Prime.ttf
00:14:20.793 [FXGL Background Thread 2 ] DEBUG Engine               - isExperimentalTiledLargeMap: false
00:14:20.793 [FXGL Background Thread 2 ] DEBUG Engine               - secondsIn24h: 60
00:14:20.793 [FXGL Background Thread 2 ] DEBUG Engine               - runtimeInfo: RuntimeInfo(platform=WINDOWS, version=11.8, build=08.03.2020 09.09)
00:14:20.794 [FXGL Background Thread 2 ] DEBUG Engine               - isLinux: false
00:14:20.794 [FXGL Background Thread 2 ] DEBUG Engine               - soundMenuPress: menu/press.wav
00:14:20.794 [FXGL Background Thread 2 ] DEBUG Engine               - urlGithub: https://github.com/AlmasB/FXGL
00:14:20.794 [FXGL Background Thread 2 ] DEBUG Engine               - profileDir: profiles/
00:14:20.795 [FXGL Background Thread 2 ] DEBUG Engine               - isDeveloperMenuEnabled: false
00:14:20.795 [FXGL Background Thread 2 ] DEBUG Engine               - globalSoundVolumeProperty: DoubleProperty [value: 0.5]
00:14:20.795 [FXGL Background Thread 2 ] DEBUG Engine               - mainWindow: com.almasb.fxgl.app.MainWindow@550c2f96
00:14:20.796 [FXGL Background Thread 2 ] DEBUG Engine               - isBrowser: false
00:14:20.796 [FXGL Background Thread 2 ] DEBUG Engine               - globalSoundVolume: 0.5
00:14:20.796 [FXGL Background Thread 2 ] DEBUG Engine               - urlLeaderboard: http://fxgl-top.herokuapp.com/
00:14:20.797 [FXGL Background Thread 2 ] DEBUG Engine               - engineServices: [class com.almasb.fxgl.app.GameApplication$GameApplicationService, class com.almasb.fxgl.app.services.WindowService, class com.almasb.fxgl.app.services.FXGLDialogService, class com.almasb.fxgl.app.services.IOTaskExecutorService, class com.almasb.fxgl.event.EventBusService, class com.almasb.fxgl.io.FileSystemService, class com.almasb.fxgl.localization.LocalizationService, class com.almasb.fxgl.app.services.AssetLoaderService, class com.almasb.fxgl.app.services.SystemBundleService, class com.almasb.fxgl.profile.SaveLoadService, class com.almasb.fxgl.ui.FXGLUIFactoryServiceProvider, class com.almasb.fxgl.ui.FXGLDialogFactoryServiceProvider, class com.almasb.fxgl.audio.AudioPlayer, class com.almasb.fxgl.notification.impl.NotificationServiceProvider, class com.almasb.fxgl.achievement.AchievementService, class com.almasb.fxgl.cutscene.CutsceneService, class com.almasb.fxgl.minigames.MiniGameService, class com.almasb.fxgl.net.NetService, class com.almasb.fxgl.app.services.UpdaterService]
00:14:20.797 [FXGL Background Thread 2 ] DEBUG Engine               - globalMusicVolume: 0.5
00:14:20.797 [FXGL Background Thread 2 ] DEBUG Engine               - width: 2100
00:14:20.797 [FXGL Background Thread 2 ] DEBUG Engine               - saveFileExt: sav
00:14:20.798 [FXGL Background Thread 2 ] DEBUG Engine               - isAndroid: false
00:14:20.798 [FXGL Background Thread 2 ] DEBUG Engine               - fontUI: VarelaRound-Regular.ttf
00:14:20.798 [FXGL Background Thread 2 ] DEBUG Engine               - enabledMenuItems: []
00:14:20.799 [FXGL Background Thread 2 ] DEBUG Engine               - isIOS: false
00:14:20.799 [FXGL Background Thread 2 ] DEBUG Engine               - Logging services
00:14:20.799 [FXGL Background Thread 2 ] DEBUG Engine               - class com.almasb.fxgl.app.GameApplication$GameApplicationService
00:14:20.799 [FXGL Background Thread 2 ] DEBUG Engine               - class com.almasb.fxgl.app.services.WindowService
00:14:20.800 [FXGL Background Thread 2 ] DEBUG Engine               - class com.almasb.fxgl.app.services.FXGLDialogService
00:14:20.800 [FXGL Background Thread 2 ] DEBUG Engine               - class com.almasb.fxgl.app.services.IOTaskExecutorService
00:14:20.800 [FXGL Background Thread 2 ] DEBUG Engine               - class com.almasb.fxgl.event.EventBusService
00:14:20.800 [FXGL Background Thread 2 ] DEBUG Engine               - class com.almasb.fxgl.io.FileSystemService
00:14:20.800 [FXGL Background Thread 2 ] DEBUG Engine               - class com.almasb.fxgl.localization.LocalizationService
00:14:20.801 [FXGL Background Thread 2 ] DEBUG Engine               - class com.almasb.fxgl.app.services.AssetLoaderService
00:14:20.801 [FXGL Background Thread 2 ] DEBUG Engine               - class com.almasb.fxgl.app.services.SystemBundleService
00:14:20.801 [FXGL Background Thread 2 ] DEBUG Engine               - class com.almasb.fxgl.profile.SaveLoadService
00:14:20.801 [FXGL Background Thread 2 ] DEBUG Engine               - class com.almasb.fxgl.ui.FXGLUIFactoryServiceProvider
00:14:20.801 [FXGL Background Thread 2 ] DEBUG Engine               - class com.almasb.fxgl.ui.FXGLDialogFactoryServiceProvider
00:14:20.802 [FXGL Background Thread 2 ] DEBUG Engine               - class com.almasb.fxgl.audio.AudioPlayer
00:14:20.802 [FXGL Background Thread 2 ] DEBUG Engine               - class com.almasb.fxgl.notification.impl.NotificationServiceProvider
00:14:20.802 [FXGL Background Thread 2 ] DEBUG Engine               - class com.almasb.fxgl.achievement.AchievementService
00:14:20.802 [FXGL Background Thread 2 ] DEBUG Engine               - class com.almasb.fxgl.cutscene.CutsceneService
00:14:20.802 [FXGL Background Thread 2 ] DEBUG Engine               - class com.almasb.fxgl.minigames.MiniGameService
00:14:20.803 [FXGL Background Thread 2 ] DEBUG Engine               - class com.almasb.fxgl.net.NetService
00:14:20.803 [FXGL Background Thread 2 ] DEBUG Engine               - class com.almasb.fxgl.app.services.UpdaterService
00:14:23.804 [JavaFX Application Thread] DEBUG GameApplication      - Exiting FXGL
00:14:23.804 [JavaFX Application Thread] DEBUG LoopRunner           - Stopping loop
00:14:23.804 [JavaFX Application Thread] DEBUG SystemBundleService  - Saving FXGL system data
00:14:23.810 [JavaFX Application Thread] DEBUG FileSystemAccess     - Writing to: C:\Users\dakot\IdeaProjects\350FXGLjavagame\system\fxgl.bundle
00:14:23.814 [JavaFX Application Thread] DEBUG GameApplication      - Shutting down background threads
00:14:23.815 [JavaFX Application Thread] DEBUG GameApplication      - Closing logger and exiting JavaFX
