16:19:13.398 [main                     ] DEBUG GameApplication      - Logger initialized
16:19:13.410 [main                     ] DEBUG GameApplication      - Logging settings
Title: Space Game
Version: 0.2
Width: 2000
Height: 1000
Fullscreen: false
Intro: false
Menus: true
Profiling: false
Single step:false
App Mode: DEVELOPER
Menu Key: ESCAPE
Stage Style: DECORATED
Scene Factory: class com.almasb.fxgl.app.scene.SceneFactory

16:19:13.729 [JavaFX Application Thread] DEBUG GameApplication      - Initializing FXGL
16:19:13.736 [JavaFX Application Thread] INFO  Engine               - FXGL-11.8 (08.03.2020 09.09) on WINDOWS (J:11.0.8 FX:13.0.2)
16:19:13.737 [JavaFX Application Thread] INFO  Engine               - Source code and latest versions at: https://github.com/AlmasB/FXGL
16:19:13.737 [JavaFX Application Thread] INFO  Engine               -              Join the FXGL chat at: https://gitter.im/AlmasB/FXGL
16:19:13.820 [JavaFX Application Thread] DEBUG MainWindow           - Creating a JavaFX scene
16:19:13.820 [JavaFX Application Thread] DEBUG MainWindow           - Target size > screen size
16:19:13.870 [JavaFX Application Thread] DEBUG MainWindow           - Target settings size: 2000.0 x 1000.0
16:19:13.870 [JavaFX Application Thread] DEBUG MainWindow           - Scaled scene size:    1895.0 x 960.0
16:19:13.870 [JavaFX Application Thread] DEBUG MainWindow           - Scaled ratio: (0.9475, 0.96)
16:19:13.871 [JavaFX Application Thread] DEBUG MainWindow           - Set initial scene to FXGLStartupScene
16:19:13.876 [JavaFX Application Thread] DEBUG MainWindow           - Opening main window
16:19:13.937 [JavaFX Application Thread] DEBUG MainWindow           - Window border size: (16.0, 39.0)
16:19:13.938 [JavaFX Application Thread] DEBUG MainWindow           - Scaled size: 1895.0 x 960.0
16:19:13.938 [JavaFX Application Thread] DEBUG MainWindow           - Scaled ratio: (0.9475, 0.96)
16:19:13.938 [JavaFX Application Thread] DEBUG MainWindow           - Scene size: 1895.0 x 960.0
16:19:13.938 [JavaFX Application Thread] DEBUG MainWindow           - Stage size: 1911.0 x 999.0
16:19:13.943 [FXGL Background Thread 1 ] DEBUG Engine               - Initializing environment variables
16:19:13.963 [FXGL Background Thread 1 ] DEBUG WindowService        - Applying CSS: fxgl_dark.css
16:19:13.964 [FXGL Background Thread 1 ] DEBUG AssetLoaderService   - Loading from file system: /assets/ui/css/fxgl_dark.css
16:19:13.996 [FXGL Background Thread 1 ] DEBUG WindowService        - Initializing application scenes
16:19:14.024 [FXGL Background Thread 1 ] DEBUG GameWorld            - Game world initialized
16:19:14.049 [FXGL Background Thread 1 ] DEBUG PhysicsWorld         - Physics world initialized: appHeight=1000, physics.ppm=50.0
16:19:14.050 [FXGL Background Thread 1 ] DEBUG GameScene            - Game scene initialized: 2000x1000
16:19:14.067 [FXGL Background Thread 1 ] DEBUG AssetLoaderService   - Loading from file system: /assets/textures/particles/trace_horizontal.png
16:19:14.106 [FXGL Background Thread 1 ] DEBUG FXGL.DefaultMenu     - createMenuBodyMainMenu()
16:19:14.116 [FXGL Background Thread 1 ] DEBUG FXGL.DefaultMenu     - createOptionsMenu()
16:19:14.119 [FXGL Background Thread 1 ] DEBUG AssetLoaderService   - Loading from file system: /assets/textures/particles/smoke.png
16:19:14.153 [FXGL Background Thread 1 ] DEBUG AssetLoaderService   - Loading from cache: /assets/textures/particles/trace_horizontal.png@64.0x64.0
16:19:14.153 [FXGL Background Thread 1 ] DEBUG FXGL.DefaultMenu     - createMenuBodyGameMenu()
16:19:14.154 [FXGL Background Thread 1 ] DEBUG FXGL.DefaultMenu     - createOptionsMenu()
16:19:14.155 [FXGL Background Thread 1 ] DEBUG AssetLoaderService   - Loading from cache: /assets/textures/particles/smoke.png@128.0x128.0
16:19:14.162 [FXGL Background Thread 1 ] DEBUG WindowService        - Application scenes initialized
16:19:14.167 [FXGL Background Thread 1 ] DEBUG SystemBundleService  - Loading FXGL system data
16:19:14.169 [FXGL Background Thread 1 ] DEBUG FileSystemAccess     - Reading from: C:\Users\xxdee\IdeaProjects\350FXGLjavagame\system\fxgl.bundle
16:19:14.172 [FXGL Background Thread 1 ] DEBUG SystemBundleService  - Bundle FXGL: {}
16:19:14.172 [FXGL Background Thread 1 ] INFO  Engine               - FXGL initialization took: 0.227 sec
16:19:14.173 [FXGL Background Thread 1 ] DEBUG GameApplication      - Loading localizations
16:19:14.174 [FXGL Background Thread 1 ] DEBUG AssetLoaderService   - Loading from file system: /assets/properties/languages/english.properties
16:19:14.175 [FXGL Background Thread 1 ] DEBUG AssetLoaderService   - Loading from file system: /assets/properties/languages/french.properties
16:19:14.175 [FXGL Background Thread 1 ] DEBUG AssetLoaderService   - Loading from file system: /assets/properties/languages/german.properties
16:19:14.176 [FXGL Background Thread 1 ] DEBUG AssetLoaderService   - Loading from file system: /assets/properties/languages/hungarian.properties
16:19:14.177 [FXGL Background Thread 1 ] DEBUG AssetLoaderService   - Loading from file system: /assets/properties/languages/russian.properties
16:19:14.178 [FXGL Background Thread 1 ] DEBUG GameApplication      - Registering font factories with UI factory
16:19:14.178 [FXGL Background Thread 1 ] DEBUG AssetLoaderService   - Loading from file system: /assets/ui/fonts/VarelaRound-Regular.ttf
16:19:14.357 [FXGL Background Thread 1 ] DEBUG AssetLoaderService   - Loading from file system: /assets/ui/fonts/Abel-Regular.ttf
16:19:14.359 [FXGL Background Thread 1 ] DEBUG AssetLoaderService   - Loading from file system: /assets/ui/fonts/lucida_console.ttf
16:19:14.362 [FXGL Background Thread 1 ] DEBUG AssetLoaderService   - Loading from file system: /assets/ui/fonts/Courier-Prime.ttf
16:19:14.371 [JavaFX Application Thread] DEBUG Input                - Registered new binding: action0 - D
16:19:14.371 [JavaFX Application Thread] DEBUG Input                - Registered new binding: action1 - A
16:19:14.372 [JavaFX Application Thread] DEBUG Input                - Registered new binding: action2 - W
16:19:14.372 [JavaFX Application Thread] DEBUG Input                - Registered new binding: action3 - C
16:19:14.372 [JavaFX Application Thread] DEBUG Input                - Registered new binding: action4 - Left
16:19:14.372 [JavaFX Application Thread] DEBUG Input                - Registered new binding: action5 - Right
16:19:14.373 [JavaFX Application Thread] DEBUG Input                - Registered new binding: action6 - Space
16:19:14.373 [JavaFX Application Thread] DEBUG AssetLoaderService   - Loading from file system: /assets/textures/fxgl_icon.png
16:19:14.390 [JavaFX Application Thread] DEBUG AssetLoaderService   - Loading from file system: /assets/ui/cursors/fxgl_default.png
16:19:14.392 [JavaFX Application Thread] DEBUG Input                - Registered new binding: Screenshot - P
16:19:14.392 [JavaFX Application Thread] DEBUG Input                - Registered new binding: System info dump - CTRL+9
16:19:14.392 [JavaFX Application Thread] DEBUG Input                - Registered new binding: Restart - CTRL+R
16:19:14.393 [JavaFX Application Thread] DEBUG LoopRunner           - Starting loop
16:19:14.405 [JavaFX Application Thread] DEBUG FXGLStartupScene     - STARTUP
16:19:14.408 [JavaFX Application Thread] DEBUG Input                - Clearing active input actions
16:19:14.420 [JavaFX Application Thread] DEBUG WindowService        - Removing overlay from FXGLStartupScene and adding to FXGLDefaultMenu
16:19:14.420 [JavaFX Application Thread] DEBUG MainWindow           - FXGLStartupScene -> FXGLDefaultMenu
16:19:15.411 [JavaFX Application Thread] DEBUG Menu                 - fireNewGame()
16:19:15.411 [JavaFX Application Thread] DEBUG WindowService        - Starting new game
16:19:15.411 [JavaFX Application Thread] DEBUG Input                - Clearing active input actions
16:19:15.417 [JavaFX Application Thread] DEBUG WindowService        - Removing overlay from FXGLDefaultMenu and adding to FXGLLoadingScene
16:19:15.417 [JavaFX Application Thread] DEBUG MainWindow           - FXGLDefaultMenu -> FXGLLoadingScene
16:19:15.417 [JavaFX Application Thread] DEBUG WindowService        - Clearing previous game
16:19:15.417 [JavaFX Application Thread] DEBUG GameScene            - Clearing game scene
16:19:15.417 [JavaFX Application Thread] DEBUG GameWorld            - Clearing game world
16:19:15.417 [JavaFX Application Thread] DEBUG PhysicsWorld         - Clearing physics world
16:19:15.418 [FXGL Background Thread 1 ] DEBUG GameApplication      - Initializing game
16:19:15.426 [FXGL Background Thread 1 ] DEBUG AssetLoaderService   - Loading from file system: /assets/textures/spacebackground.png
16:19:15.463 [FXGL Background Thread 1 ] DEBUG AssetLoaderService   - Loading from file system: /assets/textures/smallspaceship.png
16:19:15.473 [FXGL Background Thread 1 ] INFO  GameApplication      - Game initialization took: 0.055 sec
16:19:15.474 [JavaFX Application Thread] DEBUG Input                - Clearing active input actions
16:19:15.478 [JavaFX Application Thread] DEBUG WindowService        - Removing overlay from FXGLLoadingScene and adding to GameScene
16:19:15.479 [JavaFX Application Thread] DEBUG MainWindow           - FXGLLoadingScene -> GameScene
16:19:17.173 [FXGL Background Thread 2 ] DEBUG Engine               - Logging environment variables
16:19:17.173 [FXGL Background Thread 2 ] DEBUG Engine               - achievements: []
16:19:17.173 [FXGL Background Thread 2 ] DEBUG Engine               - language: ObjectProperty [value: ENGLISH]
16:19:17.173 [FXGL Background Thread 2 ] DEBUG Engine               - isCloseConfirmation: false
16:19:17.173 [FXGL Background Thread 2 ] DEBUG Engine               - isProfilingEnabled: false
16:19:17.173 [FXGL Background Thread 2 ] DEBUG Engine               - soundNotification: core/notification.wav
16:19:17.173 [FXGL Background Thread 2 ] DEBUG Engine               - devShowBBoxProperty: BooleanProperty [value: false]
16:19:17.173 [FXGL Background Thread 2 ] DEBUG Engine               - pixelsPerMeter: 50.0
16:19:17.173 [FXGL Background Thread 2 ] DEBUG Engine               - appIcon: fxgl_icon.png
16:19:17.173 [FXGL Background Thread 2 ] DEBUG Engine               - soundMenuBack: menu/back.wav
16:19:17.173 [FXGL Background Thread 2 ] DEBUG Engine               - isFullScreenAllowed: false
16:19:17.173 [FXGL Background Thread 2 ] DEBUG Engine               - isIntroEnabled: false
16:19:17.173 [FXGL Background Thread 2 ] DEBUG Engine               - fontMono: lucida_console.ttf
16:19:17.173 [FXGL Background Thread 2 ] DEBUG Engine               - soundMenuSelect: menu/select.wav
16:19:17.173 [FXGL Background Thread 2 ] DEBUG Engine               - isWindows: true
16:19:17.173 [FXGL Background Thread 2 ] DEBUG Engine               - isMobile: false
16:19:17.173 [FXGL Background Thread 2 ] DEBUG Engine               - isUserProfileEnabled: false
16:19:17.173 [FXGL Background Thread 2 ] DEBUG Engine               - height: 1000
16:19:17.173 [FXGL Background Thread 2 ] DEBUG Engine               - isExperimentalNative: false
16:19:17.173 [FXGL Background Thread 2 ] DEBUG Engine               - settings: Title: Space Game
Version: 0.2
Width: 2000
Height: 1000
Fullscreen: false
Intro: false
Menus: true
Profiling: false
Single step:false
App Mode: DEVELOPER
Menu Key: ESCAPE
Stage Style: DECORATED
Scene Factory: class com.almasb.fxgl.app.scene.SceneFactory

16:19:17.174 [FXGL Background Thread 2 ] DEBUG Engine               - isSingleStep: false
16:19:17.174 [FXGL Background Thread 2 ] DEBUG Engine               - cSSList: [fxgl_dark.css]
16:19:17.174 [FXGL Background Thread 2 ] DEBUG Engine               - fontGame: Abel-Regular.ttf
16:19:17.174 [FXGL Background Thread 2 ] DEBUG Engine               - menuKey: ESCAPE
16:19:17.174 [FXGL Background Thread 2 ] DEBUG Engine               - devShowPositionProperty: BooleanProperty [value: false]
16:19:17.174 [FXGL Background Thread 2 ] DEBUG Engine               - versionCheckDays: 7
16:19:17.174 [FXGL Background Thread 2 ] DEBUG Engine               - configClass: Optional.empty
16:19:17.174 [FXGL Background Thread 2 ] DEBUG Engine               - isFullScreenFromStart: false
16:19:17.174 [FXGL Background Thread 2 ] DEBUG Engine               - version: 0.2
16:19:17.174 [FXGL Background Thread 2 ] DEBUG Engine               - fullScreen: BooleanProperty [value: false]
16:19:17.174 [FXGL Background Thread 2 ] DEBUG Engine               - randomSeed: -1
16:19:17.174 [FXGL Background Thread 2 ] DEBUG Engine               - gameDifficultyProperty: ObjectProperty [value: MEDIUM]
16:19:17.174 [FXGL Background Thread 2 ] DEBUG Engine               - applicationMode: DEVELOPER
16:19:17.174 [FXGL Background Thread 2 ] DEBUG Engine               - isMac: false
16:19:17.174 [FXGL Background Thread 2 ] DEBUG Engine               - isMenuEnabled: true
16:19:17.174 [FXGL Background Thread 2 ] DEBUG Engine               - urlPOM: https://raw.githubusercontent.com/AlmasB/FXGL/master/pom.xml
16:19:17.174 [FXGL Background Thread 2 ] DEBUG Engine               - profileName: StringProperty [value: DEFAULT]
16:19:17.174 [FXGL Background Thread 2 ] DEBUG Engine               - notificationViewClass: class com.almasb.fxgl.notification.view.XboxNotificationView
16:19:17.174 [FXGL Background Thread 2 ] DEBUG Engine               - devSensorColorProperty: ObjectProperty [value: 0xffff00ff]
16:19:17.174 [FXGL Background Thread 2 ] DEBUG Engine               - sceneFactory: com.almasb.fxgl.app.scene.SceneFactory@17b6f866
16:19:17.174 [FXGL Background Thread 2 ] DEBUG Engine               - stageStyle: DECORATED
16:19:17.175 [FXGL Background Thread 2 ] DEBUG Engine               - isManualResizeEnabled: false
16:19:17.175 [FXGL Background Thread 2 ] DEBUG Engine               - title: Space Game
16:19:17.175 [FXGL Background Thread 2 ] DEBUG Engine               - platform: WINDOWS
16:19:17.175 [FXGL Background Thread 2 ] DEBUG Engine               - devBBoxColorProperty: ObjectProperty [value: 0xff0000ff]
16:19:17.175 [FXGL Background Thread 2 ] DEBUG Engine               - gameDifficulty: MEDIUM
16:19:17.175 [FXGL Background Thread 2 ] DEBUG Engine               - isDesktop: true
16:19:17.175 [FXGL Background Thread 2 ] DEBUG Engine               - supportedLanguages: [ENGLISH, FRENCH, GERMAN, HUNGARIAN, RUSSIAN]
16:19:17.175 [FXGL Background Thread 2 ] DEBUG Engine               - credits: []
16:19:17.175 [FXGL Background Thread 2 ] DEBUG Engine               - globalMusicVolumeProperty: DoubleProperty [value: 0.5]
16:19:17.175 [FXGL Background Thread 2 ] DEBUG Engine               - isPreserveResizeRatio: false
16:19:17.175 [FXGL Background Thread 2 ] DEBUG Engine               - fontText: Courier-Prime.ttf
16:19:17.175 [FXGL Background Thread 2 ] DEBUG Engine               - isExperimentalTiledLargeMap: false
16:19:17.175 [FXGL Background Thread 2 ] DEBUG Engine               - secondsIn24h: 60
16:19:17.175 [FXGL Background Thread 2 ] DEBUG Engine               - runtimeInfo: RuntimeInfo(platform=WINDOWS, version=11.8, build=08.03.2020 09.09)
16:19:17.175 [FXGL Background Thread 2 ] DEBUG Engine               - isLinux: false
16:19:17.175 [FXGL Background Thread 2 ] DEBUG Engine               - soundMenuPress: menu/press.wav
16:19:17.175 [FXGL Background Thread 2 ] DEBUG Engine               - urlGithub: https://github.com/AlmasB/FXGL
16:19:17.175 [FXGL Background Thread 2 ] DEBUG Engine               - profileDir: profiles/
16:19:17.175 [FXGL Background Thread 2 ] DEBUG Engine               - isDeveloperMenuEnabled: false
16:19:17.175 [FXGL Background Thread 2 ] DEBUG Engine               - globalSoundVolumeProperty: DoubleProperty [value: 0.1]
16:19:17.175 [FXGL Background Thread 2 ] DEBUG Engine               - mainWindow: com.almasb.fxgl.app.MainWindow@13897e48
16:19:17.175 [FXGL Background Thread 2 ] DEBUG Engine               - isBrowser: false
16:19:17.175 [FXGL Background Thread 2 ] DEBUG Engine               - urlLeaderboard: http://fxgl-top.herokuapp.com/
16:19:17.175 [FXGL Background Thread 2 ] DEBUG Engine               - globalSoundVolume: 0.5
16:19:17.175 [FXGL Background Thread 2 ] DEBUG Engine               - engineServices: [class com.almasb.fxgl.app.GameApplication$GameApplicationService, class com.almasb.fxgl.app.services.WindowService, class com.almasb.fxgl.app.services.FXGLDialogService, class com.almasb.fxgl.app.services.IOTaskExecutorService, class com.almasb.fxgl.event.EventBusService, class com.almasb.fxgl.io.FileSystemService, class com.almasb.fxgl.localization.LocalizationService, class com.almasb.fxgl.app.services.AssetLoaderService, class com.almasb.fxgl.app.services.SystemBundleService, class com.almasb.fxgl.profile.SaveLoadService, class com.almasb.fxgl.ui.FXGLUIFactoryServiceProvider, class com.almasb.fxgl.ui.FXGLDialogFactoryServiceProvider, class com.almasb.fxgl.audio.AudioPlayer, class com.almasb.fxgl.notification.impl.NotificationServiceProvider, class com.almasb.fxgl.achievement.AchievementService, class com.almasb.fxgl.cutscene.CutsceneService, class com.almasb.fxgl.minigames.MiniGameService, class com.almasb.fxgl.net.NetService, class com.almasb.fxgl.app.services.UpdaterService]
16:19:17.176 [FXGL Background Thread 2 ] DEBUG Engine               - globalMusicVolume: 0.5
16:19:17.176 [FXGL Background Thread 2 ] DEBUG Engine               - width: 2000
16:19:17.176 [FXGL Background Thread 2 ] DEBUG Engine               - saveFileExt: sav
16:19:17.176 [FXGL Background Thread 2 ] DEBUG Engine               - isAndroid: false
16:19:17.176 [FXGL Background Thread 2 ] DEBUG Engine               - fontUI: VarelaRound-Regular.ttf
16:19:17.176 [FXGL Background Thread 2 ] DEBUG Engine               - enabledMenuItems: []
16:19:17.176 [FXGL Background Thread 2 ] DEBUG Engine               - isIOS: false
16:19:17.176 [FXGL Background Thread 2 ] DEBUG Engine               - Logging services
16:19:17.176 [FXGL Background Thread 2 ] DEBUG Engine               - class com.almasb.fxgl.app.GameApplication$GameApplicationService
16:19:17.176 [FXGL Background Thread 2 ] DEBUG Engine               - class com.almasb.fxgl.app.services.WindowService
16:19:17.176 [FXGL Background Thread 2 ] DEBUG Engine               - class com.almasb.fxgl.app.services.FXGLDialogService
16:19:17.176 [FXGL Background Thread 2 ] DEBUG Engine               - class com.almasb.fxgl.app.services.IOTaskExecutorService
16:19:17.176 [FXGL Background Thread 2 ] DEBUG Engine               - class com.almasb.fxgl.event.EventBusService
16:19:17.176 [FXGL Background Thread 2 ] DEBUG Engine               - class com.almasb.fxgl.io.FileSystemService
16:19:17.176 [FXGL Background Thread 2 ] DEBUG Engine               - class com.almasb.fxgl.localization.LocalizationService
16:19:17.176 [FXGL Background Thread 2 ] DEBUG Engine               - class com.almasb.fxgl.app.services.AssetLoaderService
16:19:17.176 [FXGL Background Thread 2 ] DEBUG Engine               - class com.almasb.fxgl.app.services.SystemBundleService
16:19:17.176 [FXGL Background Thread 2 ] DEBUG Engine               - class com.almasb.fxgl.profile.SaveLoadService
16:19:17.176 [FXGL Background Thread 2 ] DEBUG Engine               - class com.almasb.fxgl.ui.FXGLUIFactoryServiceProvider
16:19:17.176 [FXGL Background Thread 2 ] DEBUG Engine               - class com.almasb.fxgl.ui.FXGLDialogFactoryServiceProvider
16:19:17.176 [FXGL Background Thread 2 ] DEBUG Engine               - class com.almasb.fxgl.audio.AudioPlayer
16:19:17.176 [FXGL Background Thread 2 ] DEBUG Engine               - class com.almasb.fxgl.notification.impl.NotificationServiceProvider
16:19:17.176 [FXGL Background Thread 2 ] DEBUG Engine               - class com.almasb.fxgl.achievement.AchievementService
16:19:17.176 [FXGL Background Thread 2 ] DEBUG Engine               - class com.almasb.fxgl.cutscene.CutsceneService
16:19:17.176 [FXGL Background Thread 2 ] DEBUG Engine               - class com.almasb.fxgl.minigames.MiniGameService
16:19:17.176 [FXGL Background Thread 2 ] DEBUG Engine               - class com.almasb.fxgl.net.NetService
16:19:17.177 [FXGL Background Thread 2 ] DEBUG Engine               - class com.almasb.fxgl.app.services.UpdaterService
16:19:18.499 [JavaFX Application Thread] DEBUG AssetLoaderService   - Loading from file system: /assets/textures/smallasteroid.png
16:19:18.739 [JavaFX Application Thread] DEBUG AssetLoaderService   - Loading from cache: /assets/textures/smallasteroid.png
16:19:19.489 [JavaFX Application Thread] DEBUG AssetLoaderService   - Loading from file system: /assets/textures/projectile.png
16:19:20.113 [JavaFX Application Thread] DEBUG AssetLoaderService   - Loading from cache: /assets/textures/projectile.png
16:19:20.355 [JavaFX Application Thread] DEBUG AssetLoaderService   - Loading from file system: /assets/sounds/explosion.wav
16:19:20.356 [JavaFX Application Thread] WARN  AssetLoaderService   - Failed to load sound explosion.wav Error: java.lang.IllegalArgumentException: Asset "/assets/sounds/explosion.wav" was not found!
16:19:20.357 [JavaFX Application Thread] DEBUG AssetLoaderService   - Loading from file system: /assets/textures/explosion.png
16:19:20.771 [JavaFX Application Thread] DEBUG AssetLoaderService   - Loading from cache: /assets/textures/smallasteroid.png
16:19:21.279 [JavaFX Application Thread] DEBUG AssetLoaderService   - Loading from cache: /assets/textures/smallasteroid.png
16:19:21.345 [JavaFX Application Thread] DEBUG AssetLoaderService   - Loading from cache: /assets/textures/projectile.png
16:19:22.088 [JavaFX Application Thread] DEBUG AssetLoaderService   - Loading from cache: /assets/textures/projectile.png
16:19:22.475 [JavaFX Application Thread] DEBUG AssetLoaderService   - Loading from cache: /assets/textures/projectile.png
16:19:22.531 [JavaFX Application Thread] DEBUG AssetLoaderService   - Loading from file system: /assets/sounds/explosion.wav
16:19:22.531 [JavaFX Application Thread] WARN  AssetLoaderService   - Failed to load sound explosion.wav Error: java.lang.IllegalArgumentException: Asset "/assets/sounds/explosion.wav" was not found!
16:19:22.531 [JavaFX Application Thread] DEBUG AssetLoaderService   - Loading from cache: /assets/textures/explosion.png
16:19:22.691 [JavaFX Application Thread] DEBUG AssetLoaderService   - Loading from file system: /assets/sounds/explosion.wav
16:19:22.691 [JavaFX Application Thread] WARN  AssetLoaderService   - Failed to load sound explosion.wav Error: java.lang.IllegalArgumentException: Asset "/assets/sounds/explosion.wav" was not found!
16:19:22.691 [JavaFX Application Thread] DEBUG AssetLoaderService   - Loading from cache: /assets/textures/explosion.png
16:19:23.043 [JavaFX Application Thread] DEBUG AssetLoaderService   - Loading from cache: /assets/textures/smallasteroid.png
16:19:23.811 [JavaFX Application Thread] DEBUG AssetLoaderService   - Loading from cache: /assets/textures/smallasteroid.png
16:19:24.017 [JavaFX Application Thread] DEBUG AssetLoaderService   - Loading from cache: /assets/textures/projectile.png
16:19:24.201 [JavaFX Application Thread] DEBUG AssetLoaderService   - Loading from cache: /assets/textures/projectile.png
16:19:24.905 [JavaFX Application Thread] DEBUG AssetLoaderService   - Loading from cache: /assets/textures/projectile.png
16:19:25.067 [JavaFX Application Thread] DEBUG AssetLoaderService   - Loading from file system: /assets/sounds/explosion.wav
16:19:25.068 [JavaFX Application Thread] WARN  AssetLoaderService   - Failed to load sound explosion.wav Error: java.lang.IllegalArgumentException: Asset "/assets/sounds/explosion.wav" was not found!
16:19:25.068 [JavaFX Application Thread] DEBUG AssetLoaderService   - Loading from cache: /assets/textures/explosion.png
16:19:25.329 [JavaFX Application Thread] DEBUG AssetLoaderService   - Loading from cache: /assets/textures/smallasteroid.png
16:19:25.481 [JavaFX Application Thread] DEBUG AssetLoaderService   - Loading from cache: /assets/textures/projectile.png
16:19:25.937 [JavaFX Application Thread] DEBUG AssetLoaderService   - Loading from cache: /assets/textures/projectile.png
16:19:26.192 [JavaFX Application Thread] DEBUG AssetLoaderService   - Loading from cache: /assets/textures/projectile.png
16:19:26.349 [JavaFX Application Thread] DEBUG AssetLoaderService   - Loading from cache: /assets/textures/smallasteroid.png
16:19:26.544 [JavaFX Application Thread] DEBUG AssetLoaderService   - Loading from cache: /assets/textures/projectile.png
16:19:26.563 [JavaFX Application Thread] DEBUG AssetLoaderService   - Loading from file system: /assets/sounds/explosion.wav
16:19:26.563 [JavaFX Application Thread] WARN  AssetLoaderService   - Failed to load sound explosion.wav Error: java.lang.IllegalArgumentException: Asset "/assets/sounds/explosion.wav" was not found!
16:19:26.563 [JavaFX Application Thread] DEBUG AssetLoaderService   - Loading from cache: /assets/textures/explosion.png
16:19:26.849 [JavaFX Application Thread] DEBUG AssetLoaderService   - Loading from file system: /assets/sounds/explosion.wav
16:19:26.849 [JavaFX Application Thread] WARN  AssetLoaderService   - Failed to load sound explosion.wav Error: java.lang.IllegalArgumentException: Asset "/assets/sounds/explosion.wav" was not found!
16:19:26.850 [JavaFX Application Thread] DEBUG AssetLoaderService   - Loading from cache: /assets/textures/explosion.png
16:19:27.614 [JavaFX Application Thread] DEBUG AssetLoaderService   - Loading from cache: /assets/textures/smallasteroid.png
16:19:27.937 [JavaFX Application Thread] DEBUG AssetLoaderService   - Loading from cache: /assets/textures/projectile.png
16:19:28.704 [JavaFX Application Thread] DEBUG AssetLoaderService   - Loading from cache: /assets/textures/projectile.png
16:19:28.784 [JavaFX Application Thread] DEBUG AssetLoaderService   - Loading from file system: /assets/sounds/explosion.wav
16:19:28.784 [JavaFX Application Thread] WARN  AssetLoaderService   - Failed to load sound explosion.wav Error: java.lang.IllegalArgumentException: Asset "/assets/sounds/explosion.wav" was not found!
16:19:28.784 [JavaFX Application Thread] DEBUG AssetLoaderService   - Loading from cache: /assets/textures/explosion.png
16:19:28.883 [JavaFX Application Thread] DEBUG AssetLoaderService   - Loading from cache: /assets/textures/smallasteroid.png
16:19:29.899 [JavaFX Application Thread] DEBUG AssetLoaderService   - Loading from cache: /assets/textures/smallasteroid.png
16:19:30.826 [JavaFX Application Thread] DEBUG AssetLoaderService   - Loading from cache: /assets/textures/projectile.png
16:19:30.963 [JavaFX Application Thread] DEBUG AssetLoaderService   - Loading from file system: /assets/sounds/explosion.wav
16:19:30.963 [JavaFX Application Thread] WARN  AssetLoaderService   - Failed to load sound explosion.wav Error: java.lang.IllegalArgumentException: Asset "/assets/sounds/explosion.wav" was not found!
16:19:30.963 [JavaFX Application Thread] DEBUG AssetLoaderService   - Loading from cache: /assets/textures/explosion.png
16:19:31.425 [JavaFX Application Thread] DEBUG AssetLoaderService   - Loading from cache: /assets/textures/smallasteroid.png
16:19:32.179 [JavaFX Application Thread] DEBUG AssetLoaderService   - Loading from cache: /assets/textures/smallasteroid.png
16:19:32.465 [JavaFX Application Thread] DEBUG AssetLoaderService   - Loading from cache: /assets/textures/projectile.png
16:19:32.832 [JavaFX Application Thread] DEBUG AssetLoaderService   - Loading from file system: /assets/sounds/explosion.wav
16:19:32.833 [JavaFX Application Thread] WARN  AssetLoaderService   - Failed to load sound explosion.wav Error: java.lang.IllegalArgumentException: Asset "/assets/sounds/explosion.wav" was not found!
16:19:32.833 [JavaFX Application Thread] DEBUG AssetLoaderService   - Loading from cache: /assets/textures/explosion.png
16:19:33.368 [JavaFX Application Thread] DEBUG AssetLoaderService   - Loading from cache: /assets/textures/projectile.png
16:19:33.779 [JavaFX Application Thread] DEBUG AssetLoaderService   - Loading from file system: /assets/sounds/explosion.wav
16:19:33.779 [JavaFX Application Thread] WARN  AssetLoaderService   - Failed to load sound explosion.wav Error: java.lang.IllegalArgumentException: Asset "/assets/sounds/explosion.wav" was not found!
16:19:33.779 [JavaFX Application Thread] DEBUG AssetLoaderService   - Loading from cache: /assets/textures/explosion.png
16:19:33.965 [JavaFX Application Thread] DEBUG AssetLoaderService   - Loading from cache: /assets/textures/smallasteroid.png
16:19:34.467 [JavaFX Application Thread] DEBUG AssetLoaderService   - Loading from cache: /assets/textures/smallasteroid.png
16:19:35.048 [JavaFX Application Thread] DEBUG AssetLoaderService   - Loading from cache: /assets/textures/projectile.png
16:19:35.203 [JavaFX Application Thread] DEBUG AssetLoaderService   - Loading from file system: /assets/sounds/explosion.wav
16:19:35.203 [JavaFX Application Thread] WARN  AssetLoaderService   - Failed to load sound explosion.wav Error: java.lang.IllegalArgumentException: Asset "/assets/sounds/explosion.wav" was not found!
16:19:35.203 [JavaFX Application Thread] DEBUG AssetLoaderService   - Loading from cache: /assets/textures/explosion.png
16:19:36.144 [JavaFX Application Thread] DEBUG AssetLoaderService   - Loading from cache: /assets/textures/projectile.png
16:19:36.473 [JavaFX Application Thread] DEBUG AssetLoaderService   - Loading from cache: /assets/textures/projectile.png
16:19:36.499 [JavaFX Application Thread] DEBUG AssetLoaderService   - Loading from cache: /assets/textures/smallasteroid.png
16:19:36.681 [JavaFX Application Thread] DEBUG AssetLoaderService   - Loading from cache: /assets/textures/projectile.png
16:19:36.755 [JavaFX Application Thread] DEBUG AssetLoaderService   - Loading from cache: /assets/textures/smallasteroid.png
16:19:37.104 [JavaFX Application Thread] DEBUG AssetLoaderService   - Loading from cache: /assets/textures/projectile.png
16:19:37.296 [JavaFX Application Thread] DEBUG AssetLoaderService   - Loading from cache: /assets/textures/projectile.png
16:19:37.768 [JavaFX Application Thread] DEBUG AssetLoaderService   - Loading from cache: /assets/textures/projectile.png
16:19:37.984 [JavaFX Application Thread] DEBUG AssetLoaderService   - Loading from cache: /assets/textures/projectile.png
16:19:38.131 [JavaFX Application Thread] DEBUG AssetLoaderService   - Loading from file system: /assets/sounds/explosion.wav
16:19:38.131 [JavaFX Application Thread] WARN  AssetLoaderService   - Failed to load sound explosion.wav Error: java.lang.IllegalArgumentException: Asset "/assets/sounds/explosion.wav" was not found!
16:19:38.131 [JavaFX Application Thread] DEBUG AssetLoaderService   - Loading from cache: /assets/textures/explosion.png
16:19:38.380 [JavaFX Application Thread] DEBUG AssetLoaderService   - Loading from file system: /assets/sounds/explosion.wav
16:19:38.381 [JavaFX Application Thread] WARN  AssetLoaderService   - Failed to load sound explosion.wav Error: java.lang.IllegalArgumentException: Asset "/assets/sounds/explosion.wav" was not found!
16:19:38.381 [JavaFX Application Thread] DEBUG AssetLoaderService   - Loading from cache: /assets/textures/explosion.png
16:19:38.418 [JavaFX Application Thread] DEBUG AssetLoaderService   - Loading from file system: /assets/sounds/explosion.wav
16:19:38.418 [JavaFX Application Thread] WARN  AssetLoaderService   - Failed to load sound explosion.wav Error: java.lang.IllegalArgumentException: Asset "/assets/sounds/explosion.wav" was not found!
16:19:38.418 [JavaFX Application Thread] DEBUG AssetLoaderService   - Loading from cache: /assets/textures/explosion.png
16:19:38.651 [JavaFX Application Thread] DEBUG AssetLoaderService   - Loading from cache: /assets/textures/projectile.png
16:19:39.041 [JavaFX Application Thread] DEBUG AssetLoaderService   - Loading from cache: /assets/textures/projectile.png
16:19:39.043 [JavaFX Application Thread] DEBUG AssetLoaderService   - Loading from cache: /assets/textures/smallasteroid.png
16:19:39.043 [JavaFX Application Thread] DEBUG AssetLoaderService   - Loading from cache: /assets/textures/smallasteroid.png
16:19:39.165 [JavaFX Application Thread] DEBUG AssetLoaderService   - Loading from file system: /assets/sounds/explosion.wav
16:19:39.165 [JavaFX Application Thread] WARN  AssetLoaderService   - Failed to load sound explosion.wav Error: java.lang.IllegalArgumentException: Asset "/assets/sounds/explosion.wav" was not found!
16:19:39.165 [JavaFX Application Thread] DEBUG AssetLoaderService   - Loading from cache: /assets/textures/explosion.png
16:19:39.329 [JavaFX Application Thread] DEBUG AssetLoaderService   - Loading from cache: /assets/textures/projectile.png
16:19:39.363 [JavaFX Application Thread] DEBUG AssetLoaderService   - Loading from file system: /assets/sounds/explosion.wav
16:19:39.363 [JavaFX Application Thread] WARN  AssetLoaderService   - Failed to load sound explosion.wav Error: java.lang.IllegalArgumentException: Asset "/assets/sounds/explosion.wav" was not found!
16:19:39.363 [JavaFX Application Thread] DEBUG AssetLoaderService   - Loading from cache: /assets/textures/explosion.png
16:19:39.665 [JavaFX Application Thread] DEBUG AssetLoaderService   - Loading from cache: /assets/textures/projectile.png
16:19:39.788 [JavaFX Application Thread] DEBUG AssetLoaderService   - Loading from file system: /assets/sounds/explosion.wav
16:19:39.788 [JavaFX Application Thread] WARN  AssetLoaderService   - Failed to load sound explosion.wav Error: java.lang.IllegalArgumentException: Asset "/assets/sounds/explosion.wav" was not found!
16:19:39.789 [JavaFX Application Thread] DEBUG AssetLoaderService   - Loading from cache: /assets/textures/explosion.png
16:19:39.848 [JavaFX Application Thread] DEBUG AssetLoaderService   - Loading from cache: /assets/textures/projectile.png
16:19:40.328 [JavaFX Application Thread] DEBUG AssetLoaderService   - Loading from cache: /assets/textures/projectile.png
16:19:41.097 [JavaFX Application Thread] DEBUG AssetLoaderService   - Loading from cache: /assets/textures/projectile.png
16:19:41.331 [JavaFX Application Thread] DEBUG AssetLoaderService   - Loading from cache: /assets/textures/smallasteroid.png
16:19:41.585 [JavaFX Application Thread] DEBUG AssetLoaderService   - Loading from cache: /assets/textures/smallasteroid.png
16:19:42.242 [JavaFX Application Thread] DEBUG AssetLoaderService   - Loading from file system: /assets/sounds/explosion.wav
16:19:42.242 [JavaFX Application Thread] WARN  AssetLoaderService   - Failed to load sound explosion.wav Error: java.lang.IllegalArgumentException: Asset "/assets/sounds/explosion.wav" was not found!
16:19:42.242 [JavaFX Application Thread] DEBUG AssetLoaderService   - Loading from cache: /assets/textures/explosion.png
16:19:42.906 [JavaFX Application Thread] DEBUG Input                - Clearing active input actions
16:19:42.910 [JavaFX Application Thread] DEBUG WindowService        - Removing overlay from GameScene and adding to FXGLDefaultMenu
16:19:42.910 [JavaFX Application Thread] DEBUG MainWindow           - GameScene -> FXGLDefaultMenu
16:19:43.804 [JavaFX Application Thread] DEBUG Menu                 - fireExitToMainMenu()
16:19:43.805 [JavaFX Application Thread] DEBUG MainWindow           - Push state: DialogSubScene
16:19:43.806 [JavaFX Application Thread] DEBUG Input                - Clearing active input actions
16:19:43.807 [JavaFX Application Thread] DEBUG WindowService        - Removing overlay from FXGLDefaultMenu and adding to DialogSubScene
16:19:43.807 [JavaFX Application Thread] DEBUG MainWindow           - FXGLDefaultMenu -> DialogSubScene
16:19:44.398 [JavaFX Application Thread] DEBUG MainWindow           - Pop state: DialogSubScene
16:19:44.398 [JavaFX Application Thread] DEBUG Input                - Clearing active input actions
16:19:44.399 [JavaFX Application Thread] DEBUG WindowService        - Removing overlay from DialogSubScene and adding to FXGLDefaultMenu
16:19:44.399 [JavaFX Application Thread] DEBUG MainWindow           - FXGLDefaultMenu <- DialogSubScene
16:19:44.399 [JavaFX Application Thread] DEBUG Input                - Clearing active input actions
16:19:44.402 [JavaFX Application Thread] DEBUG WindowService        - Removing overlay from FXGLDefaultMenu and adding to FXGLDefaultMenu
16:19:44.402 [JavaFX Application Thread] DEBUG MainWindow           - FXGLDefaultMenu -> FXGLDefaultMenu
16:19:45.703 [JavaFX Application Thread] DEBUG Menu                 - fireExit()
16:19:45.704 [JavaFX Application Thread] DEBUG MainWindow           - Push state: DialogSubScene
16:19:45.704 [JavaFX Application Thread] DEBUG Input                - Clearing active input actions
16:19:45.704 [JavaFX Application Thread] DEBUG WindowService        - Removing overlay from FXGLDefaultMenu and adding to DialogSubScene
16:19:45.704 [JavaFX Application Thread] DEBUG MainWindow           - FXGLDefaultMenu -> DialogSubScene
16:19:49.193 [JavaFX Application Thread] DEBUG MainWindow           - Pop state: DialogSubScene
16:19:49.193 [JavaFX Application Thread] DEBUG Input                - Clearing active input actions
16:19:49.193 [JavaFX Application Thread] DEBUG WindowService        - Removing overlay from DialogSubScene and adding to FXGLDefaultMenu
16:19:49.194 [JavaFX Application Thread] DEBUG MainWindow           - FXGLDefaultMenu <- DialogSubScene
16:19:49.194 [JavaFX Application Thread] DEBUG GameApplication      - Exiting FXGL
16:19:49.194 [JavaFX Application Thread] DEBUG LoopRunner           - Stopping loop
16:19:49.194 [JavaFX Application Thread] DEBUG SystemBundleService  - Saving FXGL system data
16:19:49.195 [JavaFX Application Thread] DEBUG FileSystemAccess     - Writing to: C:\Users\xxdee\IdeaProjects\350FXGLjavagame\system\fxgl.bundle
16:19:49.196 [JavaFX Application Thread] DEBUG GameApplication      - Shutting down background threads
16:19:49.196 [JavaFX Application Thread] DEBUG GameApplication      - Closing logger and exiting JavaFX
