18:18:42.859 [main                     ] DEBUG GameApplication      - Logger initialized
18:18:42.871 [main                     ] DEBUG GameApplication      - Logging settings
Title: Space Game
Version: 0.2
Width: 2000
Height: 1000
Fullscreen: false
Intro: false
Menus: true
Profiling: false
Single step:false
App Mode: DEVELOPER
Menu Key: ESCAPE
Stage Style: DECORATED
Scene Factory: class com.almasb.fxgl.app.scene.SceneFactory

18:18:43.172 [JavaFX Application Thread] DEBUG GameApplication      - Initializing FXGL
18:18:43.178 [JavaFX Application Thread] INFO  Engine               - FXGL-11.8 (08.03.2020 09.09) on WINDOWS (J:11.0.8 FX:13.0.2)
18:18:43.179 [JavaFX Application Thread] INFO  Engine               - Source code and latest versions at: https://github.com/AlmasB/FXGL
18:18:43.179 [JavaFX Application Thread] INFO  Engine               -              Join the FXGL chat at: https://gitter.im/AlmasB/FXGL
18:18:43.262 [JavaFX Application Thread] DEBUG MainWindow           - Creating a JavaFX scene
18:18:43.263 [JavaFX Application Thread] DEBUG MainWindow           - Target size > screen size
18:18:43.310 [JavaFX Application Thread] DEBUG MainWindow           - Target settings size: 2000.0 x 1000.0
18:18:43.310 [JavaFX Application Thread] DEBUG MainWindow           - Scaled scene size:    1895.0 x 960.0
18:18:43.310 [JavaFX Application Thread] DEBUG MainWindow           - Scaled ratio: (0.9475, 0.96)
18:18:43.311 [JavaFX Application Thread] DEBUG MainWindow           - Set initial scene to FXGLStartupScene
18:18:43.315 [JavaFX Application Thread] DEBUG MainWindow           - Opening main window
18:18:43.373 [JavaFX Application Thread] DEBUG MainWindow           - Window border size: (16.0, 39.0)
18:18:43.373 [JavaFX Application Thread] DEBUG MainWindow           - Scaled size: 1895.0 x 960.0
18:18:43.373 [JavaFX Application Thread] DEBUG MainWindow           - Scaled ratio: (0.9475, 0.96)
18:18:43.373 [JavaFX Application Thread] DEBUG MainWindow           - Scene size: 1895.0 x 960.0
18:18:43.373 [JavaFX Application Thread] DEBUG MainWindow           - Stage size: 1911.0 x 999.0
18:18:43.378 [FXGL Background Thread 1 ] DEBUG Engine               - Initializing environment variables
18:18:43.396 [FXGL Background Thread 1 ] DEBUG WindowService        - Applying CSS: fxgl_dark.css
18:18:43.396 [FXGL Background Thread 1 ] DEBUG AssetLoaderService   - Loading from file system: /assets/ui/css/fxgl_dark.css
18:18:43.428 [FXGL Background Thread 1 ] DEBUG WindowService        - Initializing application scenes
18:18:43.454 [FXGL Background Thread 1 ] DEBUG GameWorld            - Game world initialized
18:18:43.478 [FXGL Background Thread 1 ] DEBUG PhysicsWorld         - Physics world initialized: appHeight=1000, physics.ppm=50.0
18:18:43.480 [FXGL Background Thread 1 ] DEBUG GameScene            - Game scene initialized: 2000x1000
18:18:43.496 [FXGL Background Thread 1 ] DEBUG AssetLoaderService   - Loading from file system: /assets/textures/particles/trace_horizontal.png
18:18:43.533 [FXGL Background Thread 1 ] DEBUG FXGL.DefaultMenu     - createMenuBodyMainMenu()
18:18:43.542 [FXGL Background Thread 1 ] DEBUG FXGL.DefaultMenu     - createOptionsMenu()
18:18:43.545 [FXGL Background Thread 1 ] DEBUG AssetLoaderService   - Loading from file system: /assets/textures/particles/smoke.png
18:18:43.577 [FXGL Background Thread 1 ] DEBUG AssetLoaderService   - Loading from cache: /assets/textures/particles/trace_horizontal.png@64.0x64.0
18:18:43.577 [FXGL Background Thread 1 ] DEBUG FXGL.DefaultMenu     - createMenuBodyGameMenu()
18:18:43.578 [FXGL Background Thread 1 ] DEBUG FXGL.DefaultMenu     - createOptionsMenu()
18:18:43.579 [FXGL Background Thread 1 ] DEBUG AssetLoaderService   - Loading from cache: /assets/textures/particles/smoke.png@128.0x128.0
18:18:43.586 [FXGL Background Thread 1 ] DEBUG WindowService        - Application scenes initialized
18:18:43.591 [FXGL Background Thread 1 ] DEBUG SystemBundleService  - Loading FXGL system data
18:18:43.594 [FXGL Background Thread 1 ] DEBUG FileSystemAccess     - Reading from: C:\Users\xxdee\IdeaProjects\350FXGLjavagame\system\fxgl.bundle
18:18:43.597 [FXGL Background Thread 1 ] DEBUG SystemBundleService  - Bundle FXGL: {}
18:18:43.597 [FXGL Background Thread 1 ] INFO  Engine               - FXGL initialization took: 0.218 sec
18:18:43.598 [FXGL Background Thread 1 ] DEBUG GameApplication      - Loading localizations
18:18:43.598 [FXGL Background Thread 1 ] DEBUG AssetLoaderService   - Loading from file system: /assets/properties/languages/english.properties
18:18:43.599 [FXGL Background Thread 1 ] DEBUG AssetLoaderService   - Loading from file system: /assets/properties/languages/french.properties
18:18:43.600 [FXGL Background Thread 1 ] DEBUG AssetLoaderService   - Loading from file system: /assets/properties/languages/german.properties
18:18:43.600 [FXGL Background Thread 1 ] DEBUG AssetLoaderService   - Loading from file system: /assets/properties/languages/hungarian.properties
18:18:43.601 [FXGL Background Thread 1 ] DEBUG AssetLoaderService   - Loading from file system: /assets/properties/languages/russian.properties
18:18:43.602 [FXGL Background Thread 1 ] DEBUG GameApplication      - Registering font factories with UI factory
18:18:43.602 [FXGL Background Thread 1 ] DEBUG AssetLoaderService   - Loading from file system: /assets/ui/fonts/VarelaRound-Regular.ttf
18:18:43.780 [FXGL Background Thread 1 ] DEBUG AssetLoaderService   - Loading from file system: /assets/ui/fonts/Abel-Regular.ttf
18:18:43.782 [FXGL Background Thread 1 ] DEBUG AssetLoaderService   - Loading from file system: /assets/ui/fonts/lucida_console.ttf
18:18:43.785 [FXGL Background Thread 1 ] DEBUG AssetLoaderService   - Loading from file system: /assets/ui/fonts/Courier-Prime.ttf
18:18:43.793 [JavaFX Application Thread] DEBUG Input                - Registered new binding: action0 - D
18:18:43.793 [JavaFX Application Thread] DEBUG Input                - Registered new binding: action1 - A
18:18:43.793 [JavaFX Application Thread] DEBUG Input                - Registered new binding: action2 - W
18:18:43.793 [JavaFX Application Thread] DEBUG Input                - Registered new binding: action3 - C
18:18:43.794 [JavaFX Application Thread] DEBUG Input                - Registered new binding: action4 - Left
18:18:43.794 [JavaFX Application Thread] DEBUG Input                - Registered new binding: action5 - Right
18:18:43.794 [JavaFX Application Thread] DEBUG Input                - Registered new binding: action6 - Space
18:18:43.794 [JavaFX Application Thread] DEBUG AssetLoaderService   - Loading from file system: /assets/textures/fxgl_icon.png
18:18:43.812 [JavaFX Application Thread] DEBUG AssetLoaderService   - Loading from file system: /assets/ui/cursors/fxgl_default.png
18:18:43.814 [JavaFX Application Thread] DEBUG Input                - Registered new binding: Screenshot - P
18:18:43.814 [JavaFX Application Thread] DEBUG Input                - Registered new binding: System info dump - CTRL+9
18:18:43.814 [JavaFX Application Thread] DEBUG Input                - Registered new binding: Restart - CTRL+R
18:18:43.815 [JavaFX Application Thread] DEBUG LoopRunner           - Starting loop
18:18:43.833 [JavaFX Application Thread] DEBUG FXGLStartupScene     - STARTUP
18:18:43.835 [JavaFX Application Thread] DEBUG Input                - Clearing active input actions
18:18:43.847 [JavaFX Application Thread] DEBUG WindowService        - Removing overlay from FXGLStartupScene and adding to FXGLDefaultMenu
18:18:43.847 [JavaFX Application Thread] DEBUG MainWindow           - FXGLStartupScene -> FXGLDefaultMenu
18:18:44.544 [JavaFX Application Thread] DEBUG Menu                 - fireNewGame()
18:18:44.544 [JavaFX Application Thread] DEBUG WindowService        - Starting new game
18:18:44.545 [JavaFX Application Thread] DEBUG Input                - Clearing active input actions
18:18:44.550 [JavaFX Application Thread] DEBUG WindowService        - Removing overlay from FXGLDefaultMenu and adding to FXGLLoadingScene
18:18:44.550 [JavaFX Application Thread] DEBUG MainWindow           - FXGLDefaultMenu -> FXGLLoadingScene
18:18:44.550 [JavaFX Application Thread] DEBUG WindowService        - Clearing previous game
18:18:44.550 [JavaFX Application Thread] DEBUG GameScene            - Clearing game scene
18:18:44.550 [JavaFX Application Thread] DEBUG GameWorld            - Clearing game world
18:18:44.550 [JavaFX Application Thread] DEBUG PhysicsWorld         - Clearing physics world
18:18:44.551 [FXGL Background Thread 1 ] DEBUG GameApplication      - Initializing game
18:18:44.558 [FXGL Background Thread 1 ] DEBUG AssetLoaderService   - Loading from file system: /assets/textures/spacebackground.png
18:18:44.593 [FXGL Background Thread 1 ] DEBUG AssetLoaderService   - Loading from file system: /assets/textures/smallspaceship.png
18:18:44.603 [JavaFX Application Thread] DEBUG LoopRunner           - Stopping loop
18:18:46.598 [FXGL Background Thread 2 ] DEBUG Engine               - Logging environment variables
18:18:46.598 [FXGL Background Thread 2 ] DEBUG Engine               - achievements: []
18:18:46.598 [FXGL Background Thread 2 ] DEBUG Engine               - language: ObjectProperty [value: ENGLISH]
18:18:46.598 [FXGL Background Thread 2 ] DEBUG Engine               - isCloseConfirmation: false
18:18:46.598 [FXGL Background Thread 2 ] DEBUG Engine               - isProfilingEnabled: false
18:18:46.598 [FXGL Background Thread 2 ] DEBUG Engine               - soundNotification: core/notification.wav
18:18:46.598 [FXGL Background Thread 2 ] DEBUG Engine               - devShowBBoxProperty: BooleanProperty [value: false]
18:18:46.598 [FXGL Background Thread 2 ] DEBUG Engine               - pixelsPerMeter: 50.0
18:18:46.598 [FXGL Background Thread 2 ] DEBUG Engine               - appIcon: fxgl_icon.png
18:18:46.598 [FXGL Background Thread 2 ] DEBUG Engine               - soundMenuBack: menu/back.wav
18:18:46.598 [FXGL Background Thread 2 ] DEBUG Engine               - isFullScreenAllowed: false
18:18:46.598 [FXGL Background Thread 2 ] DEBUG Engine               - isIntroEnabled: false
18:18:46.598 [FXGL Background Thread 2 ] DEBUG Engine               - fontMono: lucida_console.ttf
18:18:46.598 [FXGL Background Thread 2 ] DEBUG Engine               - soundMenuSelect: menu/select.wav
18:18:46.598 [FXGL Background Thread 2 ] DEBUG Engine               - isWindows: true
18:18:46.599 [FXGL Background Thread 2 ] DEBUG Engine               - isMobile: false
18:18:46.599 [FXGL Background Thread 2 ] DEBUG Engine               - isUserProfileEnabled: false
18:18:46.599 [FXGL Background Thread 2 ] DEBUG Engine               - height: 1000
18:18:46.599 [FXGL Background Thread 2 ] DEBUG Engine               - isExperimentalNative: false
18:18:46.599 [FXGL Background Thread 2 ] DEBUG Engine               - settings: Title: Space Game
Version: 0.2
Width: 2000
Height: 1000
Fullscreen: false
Intro: false
Menus: true
Profiling: false
Single step:false
App Mode: DEVELOPER
Menu Key: ESCAPE
Stage Style: DECORATED
Scene Factory: class com.almasb.fxgl.app.scene.SceneFactory

18:18:46.599 [FXGL Background Thread 2 ] DEBUG Engine               - isSingleStep: false
18:18:46.599 [FXGL Background Thread 2 ] DEBUG Engine               - cSSList: [fxgl_dark.css]
18:18:46.599 [FXGL Background Thread 2 ] DEBUG Engine               - fontGame: Abel-Regular.ttf
18:18:46.599 [FXGL Background Thread 2 ] DEBUG Engine               - menuKey: ESCAPE
18:18:46.599 [FXGL Background Thread 2 ] DEBUG Engine               - devShowPositionProperty: BooleanProperty [value: false]
18:18:46.599 [FXGL Background Thread 2 ] DEBUG Engine               - versionCheckDays: 7
18:18:46.599 [FXGL Background Thread 2 ] DEBUG Engine               - configClass: Optional.empty
18:18:46.599 [FXGL Background Thread 2 ] DEBUG Engine               - isFullScreenFromStart: false
18:18:46.599 [FXGL Background Thread 2 ] DEBUG Engine               - version: 0.2
18:18:46.599 [FXGL Background Thread 2 ] DEBUG Engine               - fullScreen: BooleanProperty [value: false]
18:18:46.599 [FXGL Background Thread 2 ] DEBUG Engine               - randomSeed: -1
18:18:46.599 [FXGL Background Thread 2 ] DEBUG Engine               - gameDifficultyProperty: ObjectProperty [value: MEDIUM]
18:18:46.599 [FXGL Background Thread 2 ] DEBUG Engine               - applicationMode: DEVELOPER
18:18:46.599 [FXGL Background Thread 2 ] DEBUG Engine               - isMac: false
18:18:46.599 [FXGL Background Thread 2 ] DEBUG Engine               - isMenuEnabled: true
18:18:46.599 [FXGL Background Thread 2 ] DEBUG Engine               - profileName: StringProperty [value: DEFAULT]
18:18:46.599 [FXGL Background Thread 2 ] DEBUG Engine               - urlPOM: https://raw.githubusercontent.com/AlmasB/FXGL/master/pom.xml
18:18:46.599 [FXGL Background Thread 2 ] DEBUG Engine               - notificationViewClass: class com.almasb.fxgl.notification.view.XboxNotificationView
18:18:46.600 [FXGL Background Thread 2 ] DEBUG Engine               - devSensorColorProperty: ObjectProperty [value: 0xffff00ff]
18:18:46.600 [FXGL Background Thread 2 ] DEBUG Engine               - sceneFactory: com.almasb.fxgl.app.scene.SceneFactory@c2e7d5
18:18:46.600 [FXGL Background Thread 2 ] DEBUG Engine               - stageStyle: DECORATED
18:18:46.600 [FXGL Background Thread 2 ] DEBUG Engine               - isManualResizeEnabled: false
18:18:46.600 [FXGL Background Thread 2 ] DEBUG Engine               - title: Space Game
18:18:46.600 [FXGL Background Thread 2 ] DEBUG Engine               - platform: WINDOWS
18:18:46.600 [FXGL Background Thread 2 ] DEBUG Engine               - devBBoxColorProperty: ObjectProperty [value: 0xff0000ff]
18:18:46.600 [FXGL Background Thread 2 ] DEBUG Engine               - gameDifficulty: MEDIUM
18:18:46.600 [FXGL Background Thread 2 ] DEBUG Engine               - isDesktop: true
18:18:46.600 [FXGL Background Thread 2 ] DEBUG Engine               - supportedLanguages: [ENGLISH, FRENCH, GERMAN, HUNGARIAN, RUSSIAN]
18:18:46.600 [FXGL Background Thread 2 ] DEBUG Engine               - credits: []
18:18:46.600 [FXGL Background Thread 2 ] DEBUG Engine               - globalMusicVolumeProperty: DoubleProperty [value: 0.5]
18:18:46.600 [FXGL Background Thread 2 ] DEBUG Engine               - isPreserveResizeRatio: false
18:18:46.600 [FXGL Background Thread 2 ] DEBUG Engine               - fontText: Courier-Prime.ttf
18:18:46.600 [FXGL Background Thread 2 ] DEBUG Engine               - isExperimentalTiledLargeMap: false
18:18:46.600 [FXGL Background Thread 2 ] DEBUG Engine               - secondsIn24h: 60
18:18:46.600 [FXGL Background Thread 2 ] DEBUG Engine               - runtimeInfo: RuntimeInfo(platform=WINDOWS, version=11.8, build=08.03.2020 09.09)
18:18:46.600 [FXGL Background Thread 2 ] DEBUG Engine               - isLinux: false
18:18:46.600 [FXGL Background Thread 2 ] DEBUG Engine               - soundMenuPress: menu/press.wav
18:18:46.600 [FXGL Background Thread 2 ] DEBUG Engine               - urlGithub: https://github.com/AlmasB/FXGL
18:18:46.600 [FXGL Background Thread 2 ] DEBUG Engine               - profileDir: profiles/
18:18:46.600 [FXGL Background Thread 2 ] DEBUG Engine               - isDeveloperMenuEnabled: false
18:18:46.601 [FXGL Background Thread 2 ] DEBUG Engine               - globalSoundVolumeProperty: DoubleProperty [value: 0.5]
18:18:46.601 [FXGL Background Thread 2 ] DEBUG Engine               - mainWindow: com.almasb.fxgl.app.MainWindow@4fd7315
18:18:46.601 [FXGL Background Thread 2 ] DEBUG Engine               - isBrowser: false
18:18:46.601 [FXGL Background Thread 2 ] DEBUG Engine               - globalSoundVolume: 0.5
18:18:46.601 [FXGL Background Thread 2 ] DEBUG Engine               - urlLeaderboard: http://fxgl-top.herokuapp.com/
18:18:46.601 [FXGL Background Thread 2 ] DEBUG Engine               - engineServices: [class com.almasb.fxgl.app.GameApplication$GameApplicationService, class com.almasb.fxgl.app.services.WindowService, class com.almasb.fxgl.app.services.FXGLDialogService, class com.almasb.fxgl.app.services.IOTaskExecutorService, class com.almasb.fxgl.event.EventBusService, class com.almasb.fxgl.io.FileSystemService, class com.almasb.fxgl.localization.LocalizationService, class com.almasb.fxgl.app.services.AssetLoaderService, class com.almasb.fxgl.app.services.SystemBundleService, class com.almasb.fxgl.profile.SaveLoadService, class com.almasb.fxgl.ui.FXGLUIFactoryServiceProvider, class com.almasb.fxgl.ui.FXGLDialogFactoryServiceProvider, class com.almasb.fxgl.audio.AudioPlayer, class com.almasb.fxgl.notification.impl.NotificationServiceProvider, class com.almasb.fxgl.achievement.AchievementService, class com.almasb.fxgl.cutscene.CutsceneService, class com.almasb.fxgl.minigames.MiniGameService, class com.almasb.fxgl.net.NetService, class com.almasb.fxgl.app.services.UpdaterService]
18:18:46.601 [FXGL Background Thread 2 ] DEBUG Engine               - globalMusicVolume: 0.5
18:18:46.601 [FXGL Background Thread 2 ] DEBUG Engine               - width: 2000
18:18:46.601 [FXGL Background Thread 2 ] DEBUG Engine               - saveFileExt: sav
18:18:46.601 [FXGL Background Thread 2 ] DEBUG Engine               - isAndroid: false
18:18:46.601 [FXGL Background Thread 2 ] DEBUG Engine               - fontUI: VarelaRound-Regular.ttf
18:18:46.601 [FXGL Background Thread 2 ] DEBUG Engine               - enabledMenuItems: []
18:18:46.601 [FXGL Background Thread 2 ] DEBUG Engine               - isIOS: false
18:18:46.601 [FXGL Background Thread 2 ] DEBUG Engine               - Logging services
18:18:46.601 [FXGL Background Thread 2 ] DEBUG Engine               - class com.almasb.fxgl.app.GameApplication$GameApplicationService
18:18:46.601 [FXGL Background Thread 2 ] DEBUG Engine               - class com.almasb.fxgl.app.services.WindowService
18:18:46.601 [FXGL Background Thread 2 ] DEBUG Engine               - class com.almasb.fxgl.app.services.FXGLDialogService
18:18:46.601 [FXGL Background Thread 2 ] DEBUG Engine               - class com.almasb.fxgl.app.services.IOTaskExecutorService
18:18:46.601 [FXGL Background Thread 2 ] DEBUG Engine               - class com.almasb.fxgl.event.EventBusService
18:18:46.601 [FXGL Background Thread 2 ] DEBUG Engine               - class com.almasb.fxgl.io.FileSystemService
18:18:46.601 [FXGL Background Thread 2 ] DEBUG Engine               - class com.almasb.fxgl.localization.LocalizationService
18:18:46.601 [FXGL Background Thread 2 ] DEBUG Engine               - class com.almasb.fxgl.app.services.AssetLoaderService
18:18:46.601 [FXGL Background Thread 2 ] DEBUG Engine               - class com.almasb.fxgl.app.services.SystemBundleService
18:18:46.601 [FXGL Background Thread 2 ] DEBUG Engine               - class com.almasb.fxgl.profile.SaveLoadService
18:18:46.601 [FXGL Background Thread 2 ] DEBUG Engine               - class com.almasb.fxgl.ui.FXGLUIFactoryServiceProvider
18:18:46.601 [FXGL Background Thread 2 ] DEBUG Engine               - class com.almasb.fxgl.ui.FXGLDialogFactoryServiceProvider
18:18:46.601 [FXGL Background Thread 2 ] DEBUG Engine               - class com.almasb.fxgl.audio.AudioPlayer
18:18:46.602 [FXGL Background Thread 2 ] DEBUG Engine               - class com.almasb.fxgl.notification.impl.NotificationServiceProvider
18:18:46.602 [FXGL Background Thread 2 ] DEBUG Engine               - class com.almasb.fxgl.achievement.AchievementService
18:18:46.602 [FXGL Background Thread 2 ] DEBUG Engine               - class com.almasb.fxgl.cutscene.CutsceneService
18:18:46.602 [FXGL Background Thread 2 ] DEBUG Engine               - class com.almasb.fxgl.minigames.MiniGameService
18:18:46.602 [FXGL Background Thread 2 ] DEBUG Engine               - class com.almasb.fxgl.net.NetService
18:18:46.602 [FXGL Background Thread 2 ] DEBUG Engine               - class com.almasb.fxgl.app.services.UpdaterService
18:18:47.161 [JavaFX Application Thread] FATAL GameApplication      - Uncaught Exception:

Fatal exception occurred: java.lang.RuntimeException : Initialization failed
E: com.almasb.fxgl.app.GameApplication$InitAppTask.failed(GameApplication.java:428)
E: javafx.concurrent.Task.setState(Task.java:710)
E: javafx.concurrent.Task$TaskCallable.lambda$call$2(Task.java:1455)
E: com.sun.javafx.application.PlatformImpl.lambda$runLater$10(PlatformImpl.java:428)
E: java.base/java.security.AccessController.doPrivileged(Native Method)
E: com.sun.javafx.application.PlatformImpl.lambda$runLater$11(PlatformImpl.java:427)
E: com.sun.glass.ui.InvokeLaterDispatcher$Future.run(InvokeLaterDispatcher.java:96)
E: com.sun.glass.ui.win.WinApplication._runLoop(Native Method)
E: com.sun.glass.ui.win.WinApplication.lambda$runLoop$3(WinApplication.java:174)
E: java.base/java.lang.Thread.run(Thread.java:834)

18:18:47.161 [JavaFX Application Thread] FATAL GameApplication      - Application will now exit
18:18:47.161 [JavaFX Application Thread] DEBUG GameApplication      - Exiting FXGL
18:18:47.161 [JavaFX Application Thread] DEBUG GameApplication      - Shutting down background threads
18:18:47.162 [JavaFX Application Thread] DEBUG GameApplication      - Closing logger and exiting JavaFX
