23:55:17.474 [main                     ] DEBUG GameApplication      - Logger initialized
23:55:17.506 [main                     ] DEBUG GameApplication      - Logging settings
Title: Space Game
Version: 0.2
Width: 1920
Height: 1080
Fullscreen: false
Intro: false
Menus: true
Profiling: false
Single step:false
App Mode: DEVELOPER
Menu Key: ESCAPE
Stage Style: DECORATED
Scene Factory: class com.almasb.fxgl.app.scene.SceneFactory

23:55:18.114 [JavaFX Application Thread] DEBUG GameApplication      - Initializing FXGL
23:55:18.137 [JavaFX Application Thread] INFO  Engine               - FXGL-11.8 (08.03.2020 09.09) on WINDOWS (J:11.0.10 FX:13.0.2)
23:55:18.137 [JavaFX Application Thread] INFO  Engine               - Source code and latest versions at: https://github.com/AlmasB/FXGL
23:55:18.138 [JavaFX Application Thread] INFO  Engine               -              Join the FXGL chat at: https://gitter.im/AlmasB/FXGL
23:55:18.356 [JavaFX Application Thread] DEBUG MainWindow           - Creating a JavaFX scene
23:55:18.356 [JavaFX Application Thread] DEBUG MainWindow           - Target size > screen size
23:55:18.472 [JavaFX Application Thread] DEBUG MainWindow           - Target settings size: 1920.0 x 1080.0
23:55:18.472 [JavaFX Application Thread] DEBUG MainWindow           - Scaled scene size:    1183.0 x 679.0
23:55:18.473 [JavaFX Application Thread] DEBUG MainWindow           - Scaled ratio: (0.6161458333333333, 0.6287037037037037)
23:55:18.474 [JavaFX Application Thread] DEBUG MainWindow           - Set initial scene to FXGLStartupScene
23:55:18.485 [JavaFX Application Thread] DEBUG MainWindow           - Opening main window
23:55:18.619 [JavaFX Application Thread] DEBUG MainWindow           - Window border size: (15.0, 37.66668701171875)
23:55:18.619 [JavaFX Application Thread] DEBUG MainWindow           - Scaled size: 1183.0 x 679.0
23:55:18.620 [JavaFX Application Thread] DEBUG MainWindow           - Scaled ratio: (0.6161458333333333, 0.6287037037037037)
23:55:18.620 [JavaFX Application Thread] DEBUG MainWindow           - Scene size: 1183.0 x 679.0
23:55:18.620 [JavaFX Application Thread] DEBUG MainWindow           - Stage size: 1198.0 x 716.6666870117188
23:55:18.633 [FXGL Background Thread 1 ] DEBUG Engine               - Initializing environment variables
23:55:18.686 [FXGL Background Thread 1 ] DEBUG WindowService        - Applying CSS: fxgl_dark.css
23:55:18.688 [FXGL Background Thread 1 ] DEBUG AssetLoaderService   - Loading from file system: /assets/ui/css/fxgl_dark.css
23:55:18.788 [FXGL Background Thread 1 ] DEBUG WindowService        - Initializing application scenes
23:55:18.883 [FXGL Background Thread 1 ] DEBUG GameWorld            - Game world initialized
23:55:18.987 [FXGL Background Thread 1 ] DEBUG PhysicsWorld         - Physics world initialized: appHeight=1080, physics.ppm=50.0
23:55:18.992 [FXGL Background Thread 1 ] DEBUG GameScene            - Game scene initialized: 1920x1080
23:55:19.071 [FXGL Background Thread 1 ] DEBUG AssetLoaderService   - Loading from file system: /assets/textures/particles/trace_horizontal.png
23:55:19.146 [FXGL Background Thread 1 ] DEBUG FXGL.DefaultMenu     - createMenuBodyMainMenu()
23:55:19.172 [FXGL Background Thread 1 ] DEBUG FXGL.DefaultMenu     - createOptionsMenu()
23:55:19.179 [FXGL Background Thread 1 ] DEBUG FXGL.DefaultMenu     - createExtraMenu()
23:55:19.184 [FXGL Background Thread 1 ] DEBUG AssetLoaderService   - Loading from file system: /assets/textures/particles/smoke.png
23:55:19.273 [FXGL Background Thread 1 ] DEBUG AssetLoaderService   - Loading from cache: /assets/textures/particles/trace_horizontal.png@64.0x64.0
23:55:19.274 [FXGL Background Thread 1 ] DEBUG FXGL.DefaultMenu     - createMenuBodyGameMenu()
23:55:19.279 [FXGL Background Thread 1 ] DEBUG FXGL.DefaultMenu     - createOptionsMenu()
23:55:19.282 [FXGL Background Thread 1 ] DEBUG FXGL.DefaultMenu     - createExtraMenu()
23:55:19.285 [FXGL Background Thread 1 ] DEBUG AssetLoaderService   - Loading from cache: /assets/textures/particles/smoke.png@128.0x128.0
23:55:19.305 [FXGL Background Thread 1 ] DEBUG WindowService        - Application scenes initialized
23:55:19.319 [FXGL Background Thread 1 ] DEBUG SystemBundleService  - Loading FXGL system data
23:55:19.325 [FXGL Background Thread 1 ] DEBUG FileSystemAccess     - Reading from: C:\Users\xxdee\IdeaProjects\350FXGLjavagame\system\fxgl.bundle
23:55:19.332 [FXGL Background Thread 1 ] DEBUG SystemBundleService  - Bundle FXGL: {}
23:55:19.333 [FXGL Background Thread 1 ] INFO  Engine               - FXGL initialization took: 0.697 sec
23:55:19.335 [FXGL Background Thread 1 ] DEBUG GameApplication      - Loading localizations
23:55:19.336 [FXGL Background Thread 1 ] DEBUG AssetLoaderService   - Loading from file system: /assets/properties/languages/english.properties
23:55:19.339 [FXGL Background Thread 1 ] DEBUG AssetLoaderService   - Loading from file system: /assets/properties/languages/french.properties
23:55:19.341 [FXGL Background Thread 1 ] DEBUG AssetLoaderService   - Loading from file system: /assets/properties/languages/german.properties
23:55:19.343 [FXGL Background Thread 1 ] DEBUG AssetLoaderService   - Loading from file system: /assets/properties/languages/hungarian.properties
23:55:19.346 [FXGL Background Thread 1 ] DEBUG AssetLoaderService   - Loading from file system: /assets/properties/languages/russian.properties
23:55:19.348 [FXGL Background Thread 1 ] DEBUG GameApplication      - Registering font factories with UI factory
23:55:19.348 [FXGL Background Thread 1 ] DEBUG AssetLoaderService   - Loading from file system: /assets/ui/fonts/VarelaRound-Regular.ttf
23:55:19.658 [FXGL Background Thread 1 ] DEBUG AssetLoaderService   - Loading from file system: /assets/ui/fonts/Abel-Regular.ttf
23:55:19.676 [FXGL Background Thread 1 ] DEBUG AssetLoaderService   - Loading from file system: /assets/ui/fonts/lucida_console.ttf
23:55:19.695 [FXGL Background Thread 1 ] DEBUG AssetLoaderService   - Loading from file system: /assets/ui/fonts/Courier-Prime.ttf
23:55:19.724 [JavaFX Application Thread] DEBUG Input                - Registered new binding: action0 - D
23:55:19.725 [JavaFX Application Thread] DEBUG Input                - Registered new binding: action1 - A
23:55:19.725 [JavaFX Application Thread] DEBUG Input                - Registered new binding: action2 - W
23:55:19.726 [JavaFX Application Thread] DEBUG Input                - Registered new binding: action3 - C
23:55:19.726 [JavaFX Application Thread] DEBUG Input                - Registered new binding: action4 - Left
23:55:19.726 [JavaFX Application Thread] DEBUG Input                - Registered new binding: action5 - Right
23:55:19.727 [JavaFX Application Thread] DEBUG Input                - Registered new binding: action6 - Space
23:55:19.727 [JavaFX Application Thread] DEBUG AssetLoaderService   - Loading from file system: /assets/textures/fxgl_icon.png
23:55:19.760 [JavaFX Application Thread] DEBUG AssetLoaderService   - Loading from file system: /assets/ui/cursors/fxgl_default.png
23:55:19.763 [JavaFX Application Thread] DEBUG Input                - Registered new binding: Screenshot - P
23:55:19.763 [JavaFX Application Thread] DEBUG Input                - Registered new binding: System info dump - CTRL+9
23:55:19.764 [JavaFX Application Thread] DEBUG Input                - Registered new binding: Restart - CTRL+R
23:55:19.765 [JavaFX Application Thread] DEBUG LoopRunner           - Starting loop
23:55:19.776 [JavaFX Application Thread] DEBUG FXGLStartupScene     - STARTUP
23:55:19.783 [JavaFX Application Thread] DEBUG Input                - Clearing active input actions
23:55:19.813 [JavaFX Application Thread] DEBUG WindowService        - Removing overlay from FXGLStartupScene and adding to FXGLDefaultMenu
23:55:19.814 [JavaFX Application Thread] DEBUG MainWindow           - FXGLStartupScene -> FXGLDefaultMenu
23:55:22.336 [FXGL Background Thread 2 ] DEBUG Engine               - Logging environment variables
23:55:22.336 [FXGL Background Thread 2 ] DEBUG Engine               - achievements: []
23:55:22.336 [FXGL Background Thread 2 ] DEBUG Engine               - language: ObjectProperty [value: ENGLISH]
23:55:22.336 [FXGL Background Thread 2 ] DEBUG Engine               - isCloseConfirmation: false
23:55:22.336 [FXGL Background Thread 2 ] DEBUG Engine               - isProfilingEnabled: false
23:55:22.336 [FXGL Background Thread 2 ] DEBUG Engine               - soundNotification: core/notification.wav
23:55:22.337 [FXGL Background Thread 2 ] DEBUG Engine               - devShowBBoxProperty: BooleanProperty [value: false]
23:55:22.337 [FXGL Background Thread 2 ] DEBUG Engine               - pixelsPerMeter: 50.0
23:55:22.337 [FXGL Background Thread 2 ] DEBUG Engine               - soundMenuBack: menu/back.wav
23:55:22.337 [FXGL Background Thread 2 ] DEBUG Engine               - appIcon: fxgl_icon.png
23:55:22.337 [FXGL Background Thread 2 ] DEBUG Engine               - isFullScreenAllowed: false
23:55:22.337 [FXGL Background Thread 2 ] DEBUG Engine               - isIntroEnabled: false
23:55:22.337 [FXGL Background Thread 2 ] DEBUG Engine               - fontMono: lucida_console.ttf
23:55:22.337 [FXGL Background Thread 2 ] DEBUG Engine               - soundMenuSelect: menu/select.wav
23:55:22.337 [FXGL Background Thread 2 ] DEBUG Engine               - isWindows: true
23:55:22.337 [FXGL Background Thread 2 ] DEBUG Engine               - isMobile: false
23:55:22.337 [FXGL Background Thread 2 ] DEBUG Engine               - isUserProfileEnabled: false
23:55:22.338 [FXGL Background Thread 2 ] DEBUG Engine               - height: 1080
23:55:22.338 [FXGL Background Thread 2 ] DEBUG Engine               - isExperimentalNative: false
23:55:22.338 [FXGL Background Thread 2 ] DEBUG Engine               - settings: Title: Space Game
Version: 0.2
Width: 1920
Height: 1080
Fullscreen: false
Intro: false
Menus: true
Profiling: false
Single step:false
App Mode: DEVELOPER
Menu Key: ESCAPE
Stage Style: DECORATED
Scene Factory: class com.almasb.fxgl.app.scene.SceneFactory

23:55:22.338 [FXGL Background Thread 2 ] DEBUG Engine               - isSingleStep: false
23:55:22.338 [FXGL Background Thread 2 ] DEBUG Engine               - cSSList: [fxgl_dark.css]
23:55:22.338 [FXGL Background Thread 2 ] DEBUG Engine               - fontGame: Abel-Regular.ttf
23:55:22.338 [FXGL Background Thread 2 ] DEBUG Engine               - menuKey: ESCAPE
23:55:22.338 [FXGL Background Thread 2 ] DEBUG Engine               - devShowPositionProperty: BooleanProperty [value: false]
23:55:22.338 [FXGL Background Thread 2 ] DEBUG Engine               - versionCheckDays: 7
23:55:22.338 [FXGL Background Thread 2 ] DEBUG Engine               - configClass: Optional.empty
23:55:22.338 [FXGL Background Thread 2 ] DEBUG Engine               - isFullScreenFromStart: false
23:55:22.338 [FXGL Background Thread 2 ] DEBUG Engine               - version: 0.2
23:55:22.338 [FXGL Background Thread 2 ] DEBUG Engine               - fullScreen: BooleanProperty [value: false]
23:55:22.339 [FXGL Background Thread 2 ] DEBUG Engine               - randomSeed: -1
23:55:22.339 [FXGL Background Thread 2 ] DEBUG Engine               - gameDifficultyProperty: ObjectProperty [value: MEDIUM]
23:55:22.339 [FXGL Background Thread 2 ] DEBUG Engine               - applicationMode: DEVELOPER
23:55:22.339 [FXGL Background Thread 2 ] DEBUG Engine               - isMac: false
23:55:22.339 [FXGL Background Thread 2 ] DEBUG Engine               - isMenuEnabled: true
23:55:22.339 [FXGL Background Thread 2 ] DEBUG Engine               - urlPOM: https://raw.githubusercontent.com/AlmasB/FXGL/master/pom.xml
23:55:22.339 [FXGL Background Thread 2 ] DEBUG Engine               - profileName: StringProperty [value: DEFAULT]
23:55:22.339 [FXGL Background Thread 2 ] DEBUG Engine               - notificationViewClass: class com.almasb.fxgl.notification.view.XboxNotificationView
23:55:22.339 [FXGL Background Thread 2 ] DEBUG Engine               - devSensorColorProperty: ObjectProperty [value: 0xffff00ff]
23:55:22.340 [FXGL Background Thread 2 ] DEBUG Engine               - sceneFactory: com.almasb.fxgl.app.scene.SceneFactory@100e8cca
23:55:22.340 [FXGL Background Thread 2 ] DEBUG Engine               - stageStyle: DECORATED
23:55:22.340 [FXGL Background Thread 2 ] DEBUG Engine               - isManualResizeEnabled: true
23:55:22.340 [FXGL Background Thread 2 ] DEBUG Engine               - title: Space Game
23:55:22.340 [FXGL Background Thread 2 ] DEBUG Engine               - platform: WINDOWS
23:55:22.340 [FXGL Background Thread 2 ] DEBUG Engine               - devBBoxColorProperty: ObjectProperty [value: 0xff0000ff]
23:55:22.340 [FXGL Background Thread 2 ] DEBUG Engine               - gameDifficulty: MEDIUM
23:55:22.340 [FXGL Background Thread 2 ] DEBUG Engine               - isDesktop: true
23:55:22.340 [FXGL Background Thread 2 ] DEBUG Engine               - supportedLanguages: [ENGLISH, FRENCH, GERMAN, HUNGARIAN, RUSSIAN]
23:55:22.340 [FXGL Background Thread 2 ] DEBUG Engine               - credits: []
23:55:22.340 [FXGL Background Thread 2 ] DEBUG Engine               - globalMusicVolumeProperty: DoubleProperty [value: 0.5]
23:55:22.340 [FXGL Background Thread 2 ] DEBUG Engine               - isPreserveResizeRatio: false
23:55:22.340 [FXGL Background Thread 2 ] DEBUG Engine               - fontText: Courier-Prime.ttf
23:55:22.341 [FXGL Background Thread 2 ] DEBUG Engine               - isExperimentalTiledLargeMap: false
23:55:22.341 [FXGL Background Thread 2 ] DEBUG Engine               - secondsIn24h: 60
23:55:22.341 [FXGL Background Thread 2 ] DEBUG Engine               - runtimeInfo: RuntimeInfo(platform=WINDOWS, version=11.8, build=08.03.2020 09.09)
23:55:22.341 [FXGL Background Thread 2 ] DEBUG Engine               - isLinux: false
23:55:22.341 [FXGL Background Thread 2 ] DEBUG Engine               - urlGithub: https://github.com/AlmasB/FXGL
23:55:22.341 [FXGL Background Thread 2 ] DEBUG Engine               - soundMenuPress: menu/press.wav
23:55:22.341 [FXGL Background Thread 2 ] DEBUG Engine               - profileDir: profiles/
23:55:22.341 [FXGL Background Thread 2 ] DEBUG Engine               - isDeveloperMenuEnabled: false
23:55:22.341 [FXGL Background Thread 2 ] DEBUG Engine               - globalSoundVolumeProperty: DoubleProperty [value: 0.5]
23:55:22.341 [FXGL Background Thread 2 ] DEBUG Engine               - mainWindow: com.almasb.fxgl.app.MainWindow@14310a13
23:55:22.341 [FXGL Background Thread 2 ] DEBUG Engine               - isBrowser: false
23:55:22.342 [FXGL Background Thread 2 ] DEBUG Engine               - urlLeaderboard: http://fxgl-top.herokuapp.com/
23:55:22.342 [FXGL Background Thread 2 ] DEBUG Engine               - globalSoundVolume: 0.5
23:55:22.342 [FXGL Background Thread 2 ] DEBUG Engine               - engineServices: [class com.almasb.fxgl.app.GameApplication$GameApplicationService, class com.almasb.fxgl.app.services.WindowService, class com.almasb.fxgl.app.services.FXGLDialogService, class com.almasb.fxgl.app.services.IOTaskExecutorService, class com.almasb.fxgl.event.EventBusService, class com.almasb.fxgl.io.FileSystemService, class com.almasb.fxgl.localization.LocalizationService, class com.almasb.fxgl.app.services.AssetLoaderService, class com.almasb.fxgl.app.services.SystemBundleService, class com.almasb.fxgl.profile.SaveLoadService, class com.almasb.fxgl.ui.FXGLUIFactoryServiceProvider, class com.almasb.fxgl.ui.FXGLDialogFactoryServiceProvider, class com.almasb.fxgl.audio.AudioPlayer, class com.almasb.fxgl.notification.impl.NotificationServiceProvider, class com.almasb.fxgl.achievement.AchievementService, class com.almasb.fxgl.cutscene.CutsceneService, class com.almasb.fxgl.minigames.MiniGameService, class com.almasb.fxgl.net.NetService, class com.almasb.fxgl.app.services.UpdaterService]
23:55:22.342 [FXGL Background Thread 2 ] DEBUG Engine               - globalMusicVolume: 0.5
23:55:22.342 [FXGL Background Thread 2 ] DEBUG Engine               - width: 1920
23:55:22.342 [FXGL Background Thread 2 ] DEBUG Engine               - saveFileExt: sav
23:55:22.342 [FXGL Background Thread 2 ] DEBUG Engine               - isAndroid: false
23:55:22.342 [FXGL Background Thread 2 ] DEBUG Engine               - fontUI: VarelaRound-Regular.ttf
23:55:22.342 [FXGL Background Thread 2 ] DEBUG Engine               - isIOS: false
23:55:22.342 [FXGL Background Thread 2 ] DEBUG Engine               - enabledMenuItems: [SAVE_LOAD, EXTRA, ONLINE]
23:55:22.342 [FXGL Background Thread 2 ] DEBUG Engine               - Logging services
23:55:22.343 [FXGL Background Thread 2 ] DEBUG Engine               - class com.almasb.fxgl.app.GameApplication$GameApplicationService
23:55:22.343 [FXGL Background Thread 2 ] DEBUG Engine               - class com.almasb.fxgl.app.services.WindowService
23:55:22.343 [FXGL Background Thread 2 ] DEBUG Engine               - class com.almasb.fxgl.app.services.FXGLDialogService
23:55:22.343 [FXGL Background Thread 2 ] DEBUG Engine               - class com.almasb.fxgl.app.services.IOTaskExecutorService
23:55:22.343 [FXGL Background Thread 2 ] DEBUG Engine               - class com.almasb.fxgl.event.EventBusService
23:55:22.343 [FXGL Background Thread 2 ] DEBUG Engine               - class com.almasb.fxgl.io.FileSystemService
23:55:22.343 [FXGL Background Thread 2 ] DEBUG Engine               - class com.almasb.fxgl.localization.LocalizationService
23:55:22.343 [FXGL Background Thread 2 ] DEBUG Engine               - class com.almasb.fxgl.app.services.AssetLoaderService
23:55:22.343 [FXGL Background Thread 2 ] DEBUG Engine               - class com.almasb.fxgl.app.services.SystemBundleService
23:55:22.343 [FXGL Background Thread 2 ] DEBUG Engine               - class com.almasb.fxgl.profile.SaveLoadService
23:55:22.343 [FXGL Background Thread 2 ] DEBUG Engine               - class com.almasb.fxgl.ui.FXGLUIFactoryServiceProvider
23:55:22.343 [FXGL Background Thread 2 ] DEBUG Engine               - class com.almasb.fxgl.ui.FXGLDialogFactoryServiceProvider
23:55:22.343 [FXGL Background Thread 2 ] DEBUG Engine               - class com.almasb.fxgl.audio.AudioPlayer
23:55:22.343 [FXGL Background Thread 2 ] DEBUG Engine               - class com.almasb.fxgl.notification.impl.NotificationServiceProvider
23:55:22.343 [FXGL Background Thread 2 ] DEBUG Engine               - class com.almasb.fxgl.achievement.AchievementService
23:55:22.343 [FXGL Background Thread 2 ] DEBUG Engine               - class com.almasb.fxgl.cutscene.CutsceneService
23:55:22.344 [FXGL Background Thread 2 ] DEBUG Engine               - class com.almasb.fxgl.minigames.MiniGameService
23:55:22.344 [FXGL Background Thread 2 ] DEBUG Engine               - class com.almasb.fxgl.net.NetService
23:55:22.344 [FXGL Background Thread 2 ] DEBUG Engine               - class com.almasb.fxgl.app.services.UpdaterService
23:55:24.649 [JavaFX Application Thread] DEBUG Menu                 - fireNewGame()
23:55:24.649 [JavaFX Application Thread] DEBUG WindowService        - Starting new game
23:55:24.649 [JavaFX Application Thread] DEBUG Input                - Clearing active input actions
23:55:24.660 [JavaFX Application Thread] DEBUG WindowService        - Removing overlay from FXGLDefaultMenu and adding to FXGLLoadingScene
23:55:24.660 [JavaFX Application Thread] DEBUG MainWindow           - FXGLDefaultMenu -> FXGLLoadingScene
23:55:24.660 [JavaFX Application Thread] DEBUG WindowService        - Clearing previous game
23:55:24.660 [JavaFX Application Thread] DEBUG GameScene            - Clearing game scene
23:55:24.660 [JavaFX Application Thread] DEBUG GameWorld            - Clearing game world
23:55:24.660 [JavaFX Application Thread] DEBUG PhysicsWorld         - Clearing physics world
23:55:24.662 [FXGL Background Thread 1 ] DEBUG GameApplication      - Initializing game
23:55:24.690 [FXGL Background Thread 1 ] DEBUG AssetLoaderService   - Loading from file system: /assets/textures/newbackground.jpg
23:55:24.744 [FXGL Background Thread 1 ] DEBUG AssetLoaderService   - Loading from file system: /assets/textures/smallspaceship.png
23:55:24.782 [FXGL Background Thread 1 ] INFO  GameApplication      - Game initialization took: 0.120 sec
23:55:24.788 [JavaFX Application Thread] DEBUG Input                - Clearing active input actions
23:55:24.797 [JavaFX Application Thread] DEBUG WindowService        - Removing overlay from FXGLLoadingScene and adding to GameScene
23:55:24.798 [JavaFX Application Thread] DEBUG MainWindow           - FXGLLoadingScene -> GameScene
23:55:25.722 [JavaFX Application Thread] DEBUG AssetLoaderService   - Loading from file system: /assets/textures/smallasteroid.png
23:55:25.729 [JavaFX Application Thread] DEBUG AssetLoaderService   - Loading from cache: /assets/textures/smallasteroid.png
23:55:26.729 [JavaFX Application Thread] DEBUG AssetLoaderService   - Loading from cache: /assets/textures/smallasteroid.png
23:55:26.730 [JavaFX Application Thread] DEBUG AssetLoaderService   - Loading from cache: /assets/textures/smallasteroid.png
23:55:27.739 [JavaFX Application Thread] DEBUG AssetLoaderService   - Loading from cache: /assets/textures/smallasteroid.png
23:55:27.740 [JavaFX Application Thread] DEBUG AssetLoaderService   - Loading from cache: /assets/textures/smallasteroid.png
23:55:28.761 [JavaFX Application Thread] DEBUG AssetLoaderService   - Loading from cache: /assets/textures/smallasteroid.png
23:55:28.762 [JavaFX Application Thread] DEBUG AssetLoaderService   - Loading from cache: /assets/textures/smallasteroid.png
23:55:29.786 [JavaFX Application Thread] DEBUG AssetLoaderService   - Loading from cache: /assets/textures/smallasteroid.png
23:55:29.787 [JavaFX Application Thread] DEBUG AssetLoaderService   - Loading from cache: /assets/textures/smallasteroid.png
23:55:30.793 [JavaFX Application Thread] DEBUG AssetLoaderService   - Loading from cache: /assets/textures/smallasteroid.png
23:55:30.794 [JavaFX Application Thread] DEBUG AssetLoaderService   - Loading from cache: /assets/textures/smallasteroid.png
23:55:31.817 [JavaFX Application Thread] DEBUG AssetLoaderService   - Loading from cache: /assets/textures/smallasteroid.png
23:55:31.819 [JavaFX Application Thread] DEBUG AssetLoaderService   - Loading from cache: /assets/textures/smallasteroid.png
23:55:31.988 [JavaFX Application Thread] DEBUG AssetLoaderService   - Loading from file system: /assets/textures/projectile.png
23:55:32.109 [JavaFX Application Thread] DEBUG AssetLoaderService   - Loading from file system: /assets/sounds/explosion.wav
23:55:32.319 [JavaFX Application Thread] DEBUG AssetLoaderService   - Loading from file system: /assets/textures/explosion.png
23:55:32.338 [JavaFX Application Thread] DEBUG AssetLoaderService   - Loading from cache: /assets/textures/projectile.png
23:55:32.795 [JavaFX Application Thread] DEBUG AssetLoaderService   - Loading from cache: /assets/sounds/explosion.wav
23:55:32.795 [JavaFX Application Thread] DEBUG AssetLoaderService   - Loading from cache: /assets/textures/explosion.png
23:55:32.820 [JavaFX Application Thread] DEBUG AssetLoaderService   - Loading from cache: /assets/textures/projectile.png
23:55:32.938 [JavaFX Application Thread] DEBUG AssetLoaderService   - Loading from cache: /assets/textures/smallasteroid.png
23:55:32.940 [JavaFX Application Thread] DEBUG AssetLoaderService   - Loading from cache: /assets/textures/smallasteroid.png
23:55:33.178 [JavaFX Application Thread] DEBUG AssetLoaderService   - Loading from cache: /assets/textures/projectile.png
23:55:33.243 [JavaFX Application Thread] DEBUG AssetLoaderService   - Loading from cache: /assets/sounds/explosion.wav
23:55:33.243 [JavaFX Application Thread] DEBUG AssetLoaderService   - Loading from cache: /assets/textures/explosion.png
23:55:33.389 [JavaFX Application Thread] DEBUG AssetLoaderService   - Loading from cache: /assets/sounds/explosion.wav
23:55:33.389 [JavaFX Application Thread] DEBUG AssetLoaderService   - Loading from cache: /assets/textures/explosion.png
23:55:33.422 [JavaFX Application Thread] DEBUG AssetLoaderService   - Loading from cache: /assets/textures/projectile.png
23:55:33.653 [JavaFX Application Thread] DEBUG AssetLoaderService   - Loading from cache: /assets/textures/projectile.png
23:55:33.674 [JavaFX Application Thread] DEBUG AssetLoaderService   - Loading from cache: /assets/sounds/explosion.wav
23:55:33.674 [JavaFX Application Thread] DEBUG AssetLoaderService   - Loading from cache: /assets/textures/explosion.png
23:55:33.849 [JavaFX Application Thread] DEBUG AssetLoaderService   - Loading from cache: /assets/textures/smallasteroid.png
23:55:33.850 [JavaFX Application Thread] DEBUG AssetLoaderService   - Loading from cache: /assets/textures/smallasteroid.png
23:55:33.970 [JavaFX Application Thread] DEBUG AssetLoaderService   - Loading from cache: /assets/textures/projectile.png
23:55:34.202 [JavaFX Application Thread] DEBUG AssetLoaderService   - Loading from cache: /assets/sounds/explosion.wav
23:55:34.203 [JavaFX Application Thread] DEBUG AssetLoaderService   - Loading from cache: /assets/textures/explosion.png
23:55:34.221 [JavaFX Application Thread] DEBUG AssetLoaderService   - Loading from cache: /assets/textures/projectile.png
23:55:34.487 [JavaFX Application Thread] DEBUG AssetLoaderService   - Loading from cache: /assets/textures/projectile.png
23:55:34.737 [JavaFX Application Thread] DEBUG AssetLoaderService   - Loading from cache: /assets/textures/projectile.png
23:55:34.825 [JavaFX Application Thread] DEBUG AssetLoaderService   - Loading from cache: /assets/textures/smallasteroid.png
23:55:34.826 [JavaFX Application Thread] DEBUG AssetLoaderService   - Loading from cache: /assets/textures/smallasteroid.png
23:55:34.969 [JavaFX Application Thread] DEBUG AssetLoaderService   - Loading from cache: /assets/textures/projectile.png
23:55:35.050 [JavaFX Application Thread] DEBUG AssetLoaderService   - Loading from cache: /assets/sounds/explosion.wav
23:55:35.050 [JavaFX Application Thread] DEBUG AssetLoaderService   - Loading from cache: /assets/textures/explosion.png
23:55:35.170 [JavaFX Application Thread] DEBUG AssetLoaderService   - Loading from cache: /assets/textures/projectile.png
23:55:35.419 [JavaFX Application Thread] DEBUG AssetLoaderService   - Loading from cache: /assets/sounds/explosion.wav
23:55:35.419 [JavaFX Application Thread] DEBUG AssetLoaderService   - Loading from cache: /assets/textures/explosion.png
23:55:35.437 [JavaFX Application Thread] DEBUG AssetLoaderService   - Loading from cache: /assets/textures/projectile.png
23:55:35.578 [JavaFX Application Thread] DEBUG AssetLoaderService   - Loading from cache: /assets/sounds/explosion.wav
23:55:35.578 [JavaFX Application Thread] DEBUG AssetLoaderService   - Loading from cache: /assets/textures/explosion.png
23:55:35.707 [JavaFX Application Thread] DEBUG AssetLoaderService   - Loading from cache: /assets/sounds/explosion.wav
23:55:35.707 [JavaFX Application Thread] DEBUG AssetLoaderService   - Loading from cache: /assets/textures/explosion.png
23:55:35.720 [JavaFX Application Thread] DEBUG AssetLoaderService   - Loading from cache: /assets/textures/projectile.png
23:55:35.834 [JavaFX Application Thread] DEBUG AssetLoaderService   - Loading from cache: /assets/textures/smallasteroid.png
23:55:35.835 [JavaFX Application Thread] DEBUG AssetLoaderService   - Loading from cache: /assets/textures/smallasteroid.png
23:55:35.866 [JavaFX Application Thread] DEBUG AssetLoaderService   - Loading from cache: /assets/sounds/explosion.wav
23:55:35.867 [JavaFX Application Thread] DEBUG AssetLoaderService   - Loading from cache: /assets/textures/explosion.png
23:55:36.057 [JavaFX Application Thread] DEBUG AssetLoaderService   - Loading from cache: /assets/textures/projectile.png
23:55:36.287 [JavaFX Application Thread] DEBUG AssetLoaderService   - Loading from cache: /assets/textures/projectile.png
23:55:36.521 [JavaFX Application Thread] DEBUG AssetLoaderService   - Loading from cache: /assets/textures/projectile.png
23:55:36.730 [JavaFX Application Thread] DEBUG AssetLoaderService   - Loading from cache: /assets/sounds/explosion.wav
23:55:36.731 [JavaFX Application Thread] DEBUG AssetLoaderService   - Loading from cache: /assets/textures/explosion.png
23:55:36.744 [JavaFX Application Thread] DEBUG AssetLoaderService   - Loading from cache: /assets/textures/projectile.png
23:55:36.825 [JavaFX Application Thread] DEBUG AssetLoaderService   - Loading from cache: /assets/textures/smallasteroid.png
23:55:36.826 [JavaFX Application Thread] DEBUG AssetLoaderService   - Loading from cache: /assets/textures/smallasteroid.png
23:55:36.827 [JavaFX Application Thread] DEBUG AssetLoaderService   - Loading from cache: /assets/sounds/explosion.wav
23:55:36.827 [JavaFX Application Thread] DEBUG AssetLoaderService   - Loading from cache: /assets/textures/explosion.png
23:55:36.890 [JavaFX Application Thread] DEBUG AssetLoaderService   - Loading from cache: /assets/sounds/explosion.wav
23:55:36.890 [JavaFX Application Thread] DEBUG AssetLoaderService   - Loading from cache: /assets/textures/explosion.png
23:55:36.937 [JavaFX Application Thread] DEBUG AssetLoaderService   - Loading from cache: /assets/textures/projectile.png
23:55:37.050 [JavaFX Application Thread] DEBUG AssetLoaderService   - Loading from cache: /assets/sounds/explosion.wav
23:55:37.051 [JavaFX Application Thread] DEBUG AssetLoaderService   - Loading from cache: /assets/textures/explosion.png
23:55:37.125 [JavaFX Application Thread] DEBUG AssetLoaderService   - Loading from cache: /assets/textures/projectile.png
23:55:37.131 [JavaFX Application Thread] DEBUG AssetLoaderService   - Loading from cache: /assets/sounds/explosion.wav
23:55:37.132 [JavaFX Application Thread] DEBUG AssetLoaderService   - Loading from cache: /assets/textures/explosion.png
23:55:37.353 [JavaFX Application Thread] DEBUG AssetLoaderService   - Loading from cache: /assets/textures/projectile.png
23:55:37.653 [JavaFX Application Thread] DEBUG AssetLoaderService   - Loading from cache: /assets/textures/projectile.png
23:55:37.706 [JavaFX Application Thread] DEBUG AssetLoaderService   - Loading from cache: /assets/sounds/explosion.wav
23:55:37.707 [JavaFX Application Thread] DEBUG AssetLoaderService   - Loading from cache: /assets/textures/explosion.png
23:55:37.834 [JavaFX Application Thread] DEBUG AssetLoaderService   - Loading from cache: /assets/textures/smallasteroid.png
23:55:37.835 [JavaFX Application Thread] DEBUG AssetLoaderService   - Loading from cache: /assets/textures/smallasteroid.png
23:55:37.860 [JavaFX Application Thread] DEBUG AssetLoaderService   - Loading from cache: /assets/textures/projectile.png
23:55:38.330 [JavaFX Application Thread] DEBUG AssetLoaderService   - Loading from cache: /assets/sounds/explosion.wav
23:55:38.330 [JavaFX Application Thread] DEBUG AssetLoaderService   - Loading from cache: /assets/textures/explosion.png
23:55:38.777 [JavaFX Application Thread] DEBUG AssetLoaderService   - Loading from cache: /assets/textures/projectile.png
23:55:38.826 [JavaFX Application Thread] DEBUG AssetLoaderService   - Loading from cache: /assets/textures/smallasteroid.png
23:55:38.827 [JavaFX Application Thread] DEBUG AssetLoaderService   - Loading from cache: /assets/textures/smallasteroid.png
23:55:38.907 [JavaFX Application Thread] DEBUG AssetLoaderService   - Loading from cache: /assets/sounds/explosion.wav
23:55:38.907 [JavaFX Application Thread] DEBUG AssetLoaderService   - Loading from cache: /assets/textures/explosion.png
23:55:39.113 [JavaFX Application Thread] DEBUG AssetLoaderService   - Loading from cache: /assets/sounds/explosion.wav
23:55:39.114 [JavaFX Application Thread] DEBUG AssetLoaderService   - Loading from cache: /assets/textures/explosion.png
23:55:39.114 [JavaFX Application Thread] DEBUG AssetLoaderService   - Loading from cache: /assets/sounds/explosion.wav
23:55:39.115 [JavaFX Application Thread] DEBUG AssetLoaderService   - Loading from cache: /assets/textures/explosion.png
23:55:39.833 [JavaFX Application Thread] DEBUG AssetLoaderService   - Loading from cache: /assets/textures/smallasteroid.png
23:55:39.834 [JavaFX Application Thread] DEBUG AssetLoaderService   - Loading from cache: /assets/textures/smallasteroid.png
23:55:40.825 [JavaFX Application Thread] DEBUG AssetLoaderService   - Loading from cache: /assets/textures/smallasteroid.png
23:55:40.826 [JavaFX Application Thread] DEBUG AssetLoaderService   - Loading from cache: /assets/textures/smallasteroid.png
23:55:41.849 [JavaFX Application Thread] DEBUG AssetLoaderService   - Loading from cache: /assets/textures/smallasteroid.png
23:55:41.850 [JavaFX Application Thread] DEBUG AssetLoaderService   - Loading from cache: /assets/textures/smallasteroid.png
23:55:42.857 [JavaFX Application Thread] DEBUG AssetLoaderService   - Loading from cache: /assets/textures/smallasteroid.png
23:55:42.858 [JavaFX Application Thread] DEBUG AssetLoaderService   - Loading from cache: /assets/textures/smallasteroid.png
23:55:43.881 [JavaFX Application Thread] DEBUG AssetLoaderService   - Loading from cache: /assets/textures/smallasteroid.png
23:55:43.882 [JavaFX Application Thread] DEBUG AssetLoaderService   - Loading from cache: /assets/textures/smallasteroid.png
23:55:44.889 [JavaFX Application Thread] DEBUG AssetLoaderService   - Loading from cache: /assets/textures/smallasteroid.png
23:55:44.890 [JavaFX Application Thread] DEBUG AssetLoaderService   - Loading from cache: /assets/textures/smallasteroid.png
23:55:45.641 [JavaFX Application Thread] DEBUG AssetLoaderService   - Loading from cache: /assets/sounds/explosion.wav
23:55:45.642 [JavaFX Application Thread] DEBUG AssetLoaderService   - Loading from cache: /assets/textures/explosion.png
23:55:45.643 [JavaFX Application Thread] DEBUG AssetLoaderService   - Loading from cache: /assets/sounds/explosion.wav
23:55:45.643 [JavaFX Application Thread] DEBUG AssetLoaderService   - Loading from cache: /assets/textures/explosion.png
23:55:45.913 [JavaFX Application Thread] DEBUG AssetLoaderService   - Loading from cache: /assets/textures/smallasteroid.png
23:55:45.914 [JavaFX Application Thread] DEBUG AssetLoaderService   - Loading from cache: /assets/textures/smallasteroid.png
23:55:46.681 [JavaFX Application Thread] DEBUG AssetLoaderService   - Loading from cache: /assets/sounds/explosion.wav
23:55:46.682 [JavaFX Application Thread] DEBUG AssetLoaderService   - Loading from cache: /assets/textures/explosion.png
23:55:46.682 [JavaFX Application Thread] DEBUG AssetLoaderService   - Loading from cache: /assets/sounds/explosion.wav
23:55:46.683 [JavaFX Application Thread] DEBUG AssetLoaderService   - Loading from cache: /assets/textures/explosion.png
23:55:46.921 [JavaFX Application Thread] DEBUG AssetLoaderService   - Loading from cache: /assets/textures/smallasteroid.png
23:55:46.922 [JavaFX Application Thread] DEBUG AssetLoaderService   - Loading from cache: /assets/textures/smallasteroid.png
23:55:47.257 [JavaFX Application Thread] DEBUG AssetLoaderService   - Loading from cache: /assets/sounds/explosion.wav
23:55:47.257 [JavaFX Application Thread] DEBUG AssetLoaderService   - Loading from cache: /assets/textures/explosion.png
23:55:47.258 [JavaFX Application Thread] DEBUG AssetLoaderService   - Loading from cache: /assets/sounds/explosion.wav
23:55:47.258 [JavaFX Application Thread] DEBUG AssetLoaderService   - Loading from cache: /assets/textures/explosion.png
23:55:47.945 [JavaFX Application Thread] DEBUG AssetLoaderService   - Loading from cache: /assets/textures/smallasteroid.png
23:55:47.946 [JavaFX Application Thread] DEBUG AssetLoaderService   - Loading from cache: /assets/textures/smallasteroid.png
23:55:48.953 [JavaFX Application Thread] DEBUG AssetLoaderService   - Loading from cache: /assets/textures/smallasteroid.png
23:55:48.954 [JavaFX Application Thread] DEBUG AssetLoaderService   - Loading from cache: /assets/textures/smallasteroid.png
23:55:49.977 [JavaFX Application Thread] DEBUG AssetLoaderService   - Loading from cache: /assets/textures/smallasteroid.png
23:55:49.978 [JavaFX Application Thread] DEBUG AssetLoaderService   - Loading from cache: /assets/textures/smallasteroid.png
23:55:50.265 [JavaFX Application Thread] DEBUG AssetLoaderService   - Loading from cache: /assets/sounds/explosion.wav
23:55:50.266 [JavaFX Application Thread] DEBUG AssetLoaderService   - Loading from cache: /assets/textures/explosion.png
23:55:50.267 [JavaFX Application Thread] DEBUG AssetLoaderService   - Loading from cache: /assets/sounds/explosion.wav
23:55:50.268 [JavaFX Application Thread] DEBUG AssetLoaderService   - Loading from cache: /assets/textures/explosion.png
23:55:50.268 [JavaFX Application Thread] DEBUG Input                - Clearing active input actions
23:55:50.280 [JavaFX Application Thread] DEBUG WindowService        - Removing overlay from GameScene and adding to FXGLDefaultMenu
23:55:50.280 [JavaFX Application Thread] DEBUG MainWindow           - GameScene -> FXGLDefaultMenu
23:55:50.307 [JavaFX Application Thread] DEBUG MainWindow           - Push state: DialogSubScene
23:55:50.307 [JavaFX Application Thread] DEBUG Input                - Clearing active input actions
23:55:50.312 [JavaFX Application Thread] DEBUG WindowService        - Removing overlay from FXGLDefaultMenu and adding to DialogSubScene
23:55:50.312 [JavaFX Application Thread] DEBUG MainWindow           - FXGLDefaultMenu -> DialogSubScene
23:55:55.092 [JavaFX Application Thread] DEBUG MainWindow           - Pop state: DialogSubScene
23:55:55.092 [JavaFX Application Thread] DEBUG Input                - Clearing active input actions
23:55:55.092 [JavaFX Application Thread] DEBUG WindowService        - Removing overlay from DialogSubScene and adding to FXGLDefaultMenu
23:55:55.093 [JavaFX Application Thread] DEBUG MainWindow           - FXGLDefaultMenu <- DialogSubScene
23:55:58.871 [JavaFX Application Thread] DEBUG Menu                 - fireNewGame()
23:55:58.871 [JavaFX Application Thread] DEBUG WindowService        - Starting new game
23:55:58.871 [JavaFX Application Thread] DEBUG Input                - Clearing active input actions
23:55:58.879 [JavaFX Application Thread] DEBUG WindowService        - Removing overlay from FXGLDefaultMenu and adding to FXGLLoadingScene
23:55:58.880 [JavaFX Application Thread] DEBUG MainWindow           - FXGLDefaultMenu -> FXGLLoadingScene
23:55:58.880 [JavaFX Application Thread] DEBUG WindowService        - Clearing previous game
23:55:58.880 [JavaFX Application Thread] DEBUG GameScene            - Clearing game scene
23:55:58.880 [JavaFX Application Thread] DEBUG GameWorld            - Clearing game world
23:55:58.882 [JavaFX Application Thread] DEBUG PhysicsWorld         - Clearing physics world
23:55:58.883 [FXGL Background Thread 1 ] DEBUG GameApplication      - Initializing game
23:55:58.884 [FXGL Background Thread 1 ] DEBUG AssetLoaderService   - Loading from cache: /assets/textures/newbackground.jpg
23:55:58.884 [FXGL Background Thread 1 ] DEBUG AssetLoaderService   - Loading from cache: /assets/textures/smallspaceship.png
23:55:58.893 [FXGL Background Thread 1 ] INFO  GameApplication      - Game initialization took: 0.010 sec
23:55:58.900 [JavaFX Application Thread] DEBUG Input                - Clearing active input actions
23:55:58.905 [JavaFX Application Thread] DEBUG WindowService        - Removing overlay from FXGLLoadingScene and adding to GameScene
23:55:58.906 [JavaFX Application Thread] DEBUG MainWindow           - FXGLLoadingScene -> GameScene
23:55:59.802 [JavaFX Application Thread] DEBUG AssetLoaderService   - Loading from cache: /assets/textures/smallasteroid.png
23:56:00.825 [JavaFX Application Thread] DEBUG AssetLoaderService   - Loading from cache: /assets/textures/smallasteroid.png
23:56:01.149 [JavaFX Application Thread] DEBUG AssetLoaderService   - Loading from cache: /assets/textures/projectile.png
23:56:01.817 [JavaFX Application Thread] DEBUG AssetLoaderService   - Loading from cache: /assets/textures/smallasteroid.png
23:56:01.834 [JavaFX Application Thread] DEBUG AssetLoaderService   - Loading from cache: /assets/textures/smallasteroid.png
23:56:02.442 [JavaFX Application Thread] DEBUG AssetLoaderService   - Loading from cache: /assets/sounds/explosion.wav
23:56:02.443 [JavaFX Application Thread] DEBUG AssetLoaderService   - Loading from cache: /assets/textures/explosion.png
23:56:02.857 [JavaFX Application Thread] DEBUG AssetLoaderService   - Loading from cache: /assets/textures/smallasteroid.png
23:56:03.866 [JavaFX Application Thread] DEBUG AssetLoaderService   - Loading from cache: /assets/textures/smallasteroid.png
23:56:04.125 [JavaFX Application Thread] DEBUG GameApplication      - Exiting FXGL
23:56:04.125 [JavaFX Application Thread] DEBUG LoopRunner           - Stopping loop
23:56:04.126 [JavaFX Application Thread] DEBUG SystemBundleService  - Saving FXGL system data
23:56:04.127 [JavaFX Application Thread] DEBUG FileSystemAccess     - Writing to: C:\Users\xxdee\IdeaProjects\350FXGLjavagame\system\fxgl.bundle
23:56:04.128 [JavaFX Application Thread] DEBUG GameApplication      - Shutting down background threads
23:56:04.128 [JavaFX Application Thread] DEBUG GameApplication      - Closing logger and exiting JavaFX
