19:31:07.323 [main                     ] DEBUG GameApplication      - Logger initialized
19:31:07.336 [main                     ] DEBUG GameApplication      - Logging settings
Title: Space Game
Version: 0.1
Width: 2000
Height: 1000
Fullscreen: false
Intro: false
Menus: false
Profiling: false
Single step:false
App Mode: DEVELOPER
Menu Key: ESCAPE
Stage Style: DECORATED
Scene Factory: class com.almasb.fxgl.app.scene.SceneFactory

19:31:07.660 [JavaFX Application Thread] DEBUG GameApplication      - Initializing FXGL
19:31:07.668 [JavaFX Application Thread] INFO  Engine               - FXGL-11.8 (08.03.2020 09.09) on WINDOWS (J:11.0.8 FX:13.0.2)
19:31:07.668 [JavaFX Application Thread] INFO  Engine               - Source code and latest versions at: https://github.com/AlmasB/FXGL
19:31:07.668 [JavaFX Application Thread] INFO  Engine               -              Join the FXGL chat at: https://gitter.im/AlmasB/FXGL
19:31:07.754 [JavaFX Application Thread] DEBUG MainWindow           - Creating a JavaFX scene
19:31:07.754 [JavaFX Application Thread] DEBUG MainWindow           - Target size > screen size
19:31:07.804 [JavaFX Application Thread] DEBUG MainWindow           - Target settings size: 2000.0 x 1000.0
19:31:07.804 [JavaFX Application Thread] DEBUG MainWindow           - Scaled scene size:    1895.0 x 960.0
19:31:07.804 [JavaFX Application Thread] DEBUG MainWindow           - Scaled ratio: (0.9475, 0.96)
19:31:07.805 [JavaFX Application Thread] DEBUG MainWindow           - Set initial scene to FXGLStartupScene
19:31:07.810 [JavaFX Application Thread] DEBUG MainWindow           - Opening main window
19:31:07.876 [JavaFX Application Thread] DEBUG MainWindow           - Window border size: (16.0, 39.0)
19:31:07.876 [JavaFX Application Thread] DEBUG MainWindow           - Scaled size: 1895.0 x 960.0
19:31:07.876 [JavaFX Application Thread] DEBUG MainWindow           - Scaled ratio: (0.9475, 0.96)
19:31:07.876 [JavaFX Application Thread] DEBUG MainWindow           - Scene size: 1895.0 x 960.0
19:31:07.876 [JavaFX Application Thread] DEBUG MainWindow           - Stage size: 1911.0 x 999.0
19:31:07.881 [FXGL Background Thread 1 ] DEBUG Engine               - Initializing environment variables
19:31:07.900 [FXGL Background Thread 1 ] DEBUG WindowService        - Applying CSS: fxgl_dark.css
19:31:07.900 [FXGL Background Thread 1 ] DEBUG AssetLoaderService   - Loading from file system: /assets/ui/css/fxgl_dark.css
19:31:07.935 [FXGL Background Thread 1 ] DEBUG WindowService        - Initializing application scenes
19:31:07.963 [FXGL Background Thread 1 ] DEBUG GameWorld            - Game world initialized
19:31:07.989 [FXGL Background Thread 1 ] DEBUG PhysicsWorld         - Physics world initialized: appHeight=1000, physics.ppm=50.0
19:31:07.990 [FXGL Background Thread 1 ] DEBUG GameScene            - Game scene initialized: 2000x1000
19:31:07.996 [FXGL Background Thread 1 ] DEBUG Input                - Registered new binding: Resume - Esc
19:31:08.001 [FXGL Background Thread 1 ] DEBUG AssetLoaderService   - Loading from file system: /assets/textures/pause_menu_bg.png
19:31:08.034 [FXGL Background Thread 1 ] DEBUG Input                - Registered new binding: Pause - Esc
19:31:08.035 [FXGL Background Thread 1 ] DEBUG WindowService        - Application scenes initialized
19:31:08.041 [FXGL Background Thread 1 ] DEBUG SystemBundleService  - Loading FXGL system data
19:31:08.044 [FXGL Background Thread 1 ] DEBUG FileSystemAccess     - Reading from: C:\Users\xxdee\IdeaProjects\350FXGLjavagame\system\fxgl.bundle
19:31:08.047 [FXGL Background Thread 1 ] DEBUG SystemBundleService  - Bundle FXGL: {}
19:31:08.047 [FXGL Background Thread 1 ] INFO  Engine               - FXGL initialization took: 0.164 sec
19:31:08.048 [FXGL Background Thread 1 ] DEBUG GameApplication      - Loading localizations
19:31:08.048 [FXGL Background Thread 1 ] DEBUG AssetLoaderService   - Loading from file system: /assets/properties/languages/english.properties
19:31:08.049 [FXGL Background Thread 1 ] DEBUG AssetLoaderService   - Loading from file system: /assets/properties/languages/french.properties
19:31:08.050 [FXGL Background Thread 1 ] DEBUG AssetLoaderService   - Loading from file system: /assets/properties/languages/german.properties
19:31:08.050 [FXGL Background Thread 1 ] DEBUG AssetLoaderService   - Loading from file system: /assets/properties/languages/hungarian.properties
19:31:08.051 [FXGL Background Thread 1 ] DEBUG AssetLoaderService   - Loading from file system: /assets/properties/languages/russian.properties
19:31:08.052 [FXGL Background Thread 1 ] DEBUG GameApplication      - Registering font factories with UI factory
19:31:08.052 [FXGL Background Thread 1 ] DEBUG AssetLoaderService   - Loading from file system: /assets/ui/fonts/VarelaRound-Regular.ttf
19:31:08.223 [FXGL Background Thread 1 ] DEBUG AssetLoaderService   - Loading from file system: /assets/ui/fonts/Abel-Regular.ttf
19:31:08.225 [FXGL Background Thread 1 ] DEBUG AssetLoaderService   - Loading from file system: /assets/ui/fonts/lucida_console.ttf
19:31:08.228 [FXGL Background Thread 1 ] DEBUG AssetLoaderService   - Loading from file system: /assets/ui/fonts/Courier-Prime.ttf
19:31:08.232 [JavaFX Application Thread] DEBUG Input                - Registered new binding: action0 - D
19:31:08.232 [JavaFX Application Thread] DEBUG Input                - Registered new binding: action1 - A
19:31:08.232 [JavaFX Application Thread] DEBUG Input                - Registered new binding: action2 - W
19:31:08.232 [JavaFX Application Thread] DEBUG Input                - Registered new binding: action3 - C
19:31:08.233 [JavaFX Application Thread] DEBUG Input                - Registered new binding: action4 - Left
19:31:08.233 [JavaFX Application Thread] DEBUG Input                - Registered new binding: action5 - Right
19:31:08.233 [JavaFX Application Thread] DEBUG Input                - Registered new binding: action6 - Space
19:31:08.233 [JavaFX Application Thread] DEBUG AssetLoaderService   - Loading from file system: /assets/textures/fxgl_icon.png
19:31:08.248 [JavaFX Application Thread] DEBUG AssetLoaderService   - Loading from file system: /assets/ui/cursors/fxgl_default.png
19:31:08.250 [JavaFX Application Thread] DEBUG Input                - Registered new binding: Screenshot - P
19:31:08.250 [JavaFX Application Thread] DEBUG Input                - Registered new binding: System info dump - CTRL+9
19:31:08.250 [JavaFX Application Thread] DEBUG Input                - Registered new binding: Restart - CTRL+R
19:31:08.251 [JavaFX Application Thread] DEBUG LoopRunner           - Starting loop
19:31:08.256 [JavaFX Application Thread] DEBUG FXGLStartupScene     - STARTUP
19:31:08.256 [JavaFX Application Thread] DEBUG WindowService        - Starting new game
19:31:08.258 [JavaFX Application Thread] DEBUG Input                - Clearing active input actions
19:31:08.265 [JavaFX Application Thread] DEBUG WindowService        - Removing overlay from FXGLStartupScene and adding to FXGLLoadingScene
19:31:08.266 [JavaFX Application Thread] DEBUG MainWindow           - FXGLStartupScene -> FXGLLoadingScene
19:31:08.266 [JavaFX Application Thread] DEBUG WindowService        - Clearing previous game
19:31:08.266 [JavaFX Application Thread] DEBUG GameScene            - Clearing game scene
19:31:08.266 [JavaFX Application Thread] DEBUG GameWorld            - Clearing game world
19:31:08.266 [JavaFX Application Thread] DEBUG PhysicsWorld         - Clearing physics world
19:31:08.267 [FXGL Background Thread 1 ] DEBUG GameApplication      - Initializing game
19:31:08.273 [FXGL Background Thread 1 ] DEBUG AssetLoaderService   - Loading from file system: /assets/textures/spacebackground.png
19:31:08.314 [FXGL Background Thread 1 ] DEBUG AssetLoaderService   - Loading from file system: /assets/textures/smallspaceship.png
19:31:08.318 [FXGL Background Thread 1 ] INFO  GameApplication      - Game initialization took: 0.052 sec
19:31:08.320 [JavaFX Application Thread] DEBUG Input                - Clearing active input actions
19:31:08.326 [JavaFX Application Thread] DEBUG WindowService        - Removing overlay from FXGLLoadingScene and adding to GameScene
19:31:08.326 [JavaFX Application Thread] DEBUG MainWindow           - FXGLLoadingScene -> GameScene
19:31:11.048 [FXGL Background Thread 2 ] DEBUG Engine               - Logging environment variables
19:31:11.048 [FXGL Background Thread 2 ] DEBUG Engine               - achievements: []
19:31:11.048 [FXGL Background Thread 2 ] DEBUG Engine               - language: ObjectProperty [value: ENGLISH]
19:31:11.048 [FXGL Background Thread 2 ] DEBUG Engine               - isCloseConfirmation: false
19:31:11.048 [FXGL Background Thread 2 ] DEBUG Engine               - isProfilingEnabled: false
19:31:11.048 [FXGL Background Thread 2 ] DEBUG Engine               - soundNotification: core/notification.wav
19:31:11.048 [FXGL Background Thread 2 ] DEBUG Engine               - devShowBBoxProperty: BooleanProperty [value: false]
19:31:11.048 [FXGL Background Thread 2 ] DEBUG Engine               - pixelsPerMeter: 50.0
19:31:11.048 [FXGL Background Thread 2 ] DEBUG Engine               - appIcon: fxgl_icon.png
19:31:11.048 [FXGL Background Thread 2 ] DEBUG Engine               - soundMenuBack: menu/back.wav
19:31:11.048 [FXGL Background Thread 2 ] DEBUG Engine               - isFullScreenAllowed: false
19:31:11.048 [FXGL Background Thread 2 ] DEBUG Engine               - isIntroEnabled: false
19:31:11.048 [FXGL Background Thread 2 ] DEBUG Engine               - fontMono: lucida_console.ttf
19:31:11.048 [FXGL Background Thread 2 ] DEBUG Engine               - soundMenuSelect: menu/select.wav
19:31:11.048 [FXGL Background Thread 2 ] DEBUG Engine               - isWindows: true
19:31:11.048 [FXGL Background Thread 2 ] DEBUG Engine               - isMobile: false
19:31:11.048 [FXGL Background Thread 2 ] DEBUG Engine               - isUserProfileEnabled: false
19:31:11.049 [FXGL Background Thread 2 ] DEBUG Engine               - height: 1000
19:31:11.049 [FXGL Background Thread 2 ] DEBUG Engine               - isExperimentalNative: false
19:31:11.049 [FXGL Background Thread 2 ] DEBUG Engine               - settings: Title: Space Game
Version: 0.1
Width: 2000
Height: 1000
Fullscreen: false
Intro: false
Menus: false
Profiling: false
Single step:false
App Mode: DEVELOPER
Menu Key: ESCAPE
Stage Style: DECORATED
Scene Factory: class com.almasb.fxgl.app.scene.SceneFactory

19:31:11.049 [FXGL Background Thread 2 ] DEBUG Engine               - isSingleStep: false
19:31:11.049 [FXGL Background Thread 2 ] DEBUG Engine               - cSSList: [fxgl_dark.css]
19:31:11.049 [FXGL Background Thread 2 ] DEBUG Engine               - fontGame: Abel-Regular.ttf
19:31:11.049 [FXGL Background Thread 2 ] DEBUG Engine               - menuKey: ESCAPE
19:31:11.049 [FXGL Background Thread 2 ] DEBUG Engine               - devShowPositionProperty: BooleanProperty [value: false]
19:31:11.049 [FXGL Background Thread 2 ] DEBUG Engine               - versionCheckDays: 7
19:31:11.049 [FXGL Background Thread 2 ] DEBUG Engine               - configClass: Optional.empty
19:31:11.049 [FXGL Background Thread 2 ] DEBUG Engine               - isFullScreenFromStart: false
19:31:11.049 [FXGL Background Thread 2 ] DEBUG Engine               - version: 0.1
19:31:11.049 [FXGL Background Thread 2 ] DEBUG Engine               - fullScreen: BooleanProperty [value: false]
19:31:11.049 [FXGL Background Thread 2 ] DEBUG Engine               - randomSeed: -1
19:31:11.049 [FXGL Background Thread 2 ] DEBUG Engine               - gameDifficultyProperty: ObjectProperty [value: MEDIUM]
19:31:11.049 [FXGL Background Thread 2 ] DEBUG Engine               - applicationMode: DEVELOPER
19:31:11.049 [FXGL Background Thread 2 ] DEBUG Engine               - isMac: false
19:31:11.049 [FXGL Background Thread 2 ] DEBUG Engine               - isMenuEnabled: false
19:31:11.049 [FXGL Background Thread 2 ] DEBUG Engine               - profileName: StringProperty [value: DEFAULT]
19:31:11.049 [FXGL Background Thread 2 ] DEBUG Engine               - urlPOM: https://raw.githubusercontent.com/AlmasB/FXGL/master/pom.xml
19:31:11.049 [FXGL Background Thread 2 ] DEBUG Engine               - notificationViewClass: class com.almasb.fxgl.notification.view.XboxNotificationView
19:31:11.050 [FXGL Background Thread 2 ] DEBUG Engine               - devSensorColorProperty: ObjectProperty [value: 0xffff00ff]
19:31:11.050 [FXGL Background Thread 2 ] DEBUG Engine               - sceneFactory: com.almasb.fxgl.app.scene.SceneFactory@29bb98b3
19:31:11.050 [FXGL Background Thread 2 ] DEBUG Engine               - stageStyle: DECORATED
19:31:11.050 [FXGL Background Thread 2 ] DEBUG Engine               - isManualResizeEnabled: false
19:31:11.050 [FXGL Background Thread 2 ] DEBUG Engine               - title: Space Game
19:31:11.050 [FXGL Background Thread 2 ] DEBUG Engine               - platform: WINDOWS
19:31:11.050 [FXGL Background Thread 2 ] DEBUG Engine               - devBBoxColorProperty: ObjectProperty [value: 0xff0000ff]
19:31:11.050 [FXGL Background Thread 2 ] DEBUG Engine               - gameDifficulty: MEDIUM
19:31:11.050 [FXGL Background Thread 2 ] DEBUG Engine               - isDesktop: true
19:31:11.050 [FXGL Background Thread 2 ] DEBUG Engine               - supportedLanguages: [ENGLISH, FRENCH, GERMAN, HUNGARIAN, RUSSIAN]
19:31:11.050 [FXGL Background Thread 2 ] DEBUG Engine               - credits: []
19:31:11.050 [FXGL Background Thread 2 ] DEBUG Engine               - globalMusicVolumeProperty: DoubleProperty [value: 0.5]
19:31:11.050 [FXGL Background Thread 2 ] DEBUG Engine               - isPreserveResizeRatio: false
19:31:11.050 [FXGL Background Thread 2 ] DEBUG Engine               - fontText: Courier-Prime.ttf
19:31:11.050 [FXGL Background Thread 2 ] DEBUG Engine               - isExperimentalTiledLargeMap: false
19:31:11.050 [FXGL Background Thread 2 ] DEBUG Engine               - secondsIn24h: 60
19:31:11.050 [FXGL Background Thread 2 ] DEBUG Engine               - runtimeInfo: RuntimeInfo(platform=WINDOWS, version=11.8, build=08.03.2020 09.09)
19:31:11.050 [FXGL Background Thread 2 ] DEBUG Engine               - isLinux: false
19:31:11.050 [FXGL Background Thread 2 ] DEBUG Engine               - soundMenuPress: menu/press.wav
19:31:11.050 [FXGL Background Thread 2 ] DEBUG Engine               - urlGithub: https://github.com/AlmasB/FXGL
19:31:11.050 [FXGL Background Thread 2 ] DEBUG Engine               - profileDir: profiles/
19:31:11.050 [FXGL Background Thread 2 ] DEBUG Engine               - isDeveloperMenuEnabled: false
19:31:11.050 [FXGL Background Thread 2 ] DEBUG Engine               - globalSoundVolumeProperty: DoubleProperty [value: 0.5]
19:31:11.050 [FXGL Background Thread 2 ] DEBUG Engine               - mainWindow: com.almasb.fxgl.app.MainWindow@2d84095c
19:31:11.050 [FXGL Background Thread 2 ] DEBUG Engine               - isBrowser: false
19:31:11.051 [FXGL Background Thread 2 ] DEBUG Engine               - urlLeaderboard: http://fxgl-top.herokuapp.com/
19:31:11.051 [FXGL Background Thread 2 ] DEBUG Engine               - globalSoundVolume: 0.5
19:31:11.051 [FXGL Background Thread 2 ] DEBUG Engine               - engineServices: [class com.almasb.fxgl.app.GameApplication$GameApplicationService, class com.almasb.fxgl.app.services.WindowService, class com.almasb.fxgl.app.services.FXGLDialogService, class com.almasb.fxgl.app.services.IOTaskExecutorService, class com.almasb.fxgl.event.EventBusService, class com.almasb.fxgl.io.FileSystemService, class com.almasb.fxgl.localization.LocalizationService, class com.almasb.fxgl.app.services.AssetLoaderService, class com.almasb.fxgl.app.services.SystemBundleService, class com.almasb.fxgl.profile.SaveLoadService, class com.almasb.fxgl.ui.FXGLUIFactoryServiceProvider, class com.almasb.fxgl.ui.FXGLDialogFactoryServiceProvider, class com.almasb.fxgl.audio.AudioPlayer, class com.almasb.fxgl.notification.impl.NotificationServiceProvider, class com.almasb.fxgl.achievement.AchievementService, class com.almasb.fxgl.cutscene.CutsceneService, class com.almasb.fxgl.minigames.MiniGameService, class com.almasb.fxgl.net.NetService, class com.almasb.fxgl.app.services.UpdaterService]
19:31:11.051 [FXGL Background Thread 2 ] DEBUG Engine               - globalMusicVolume: 0.5
19:31:11.051 [FXGL Background Thread 2 ] DEBUG Engine               - width: 2000
19:31:11.051 [FXGL Background Thread 2 ] DEBUG Engine               - saveFileExt: sav
19:31:11.051 [FXGL Background Thread 2 ] DEBUG Engine               - isAndroid: false
19:31:11.051 [FXGL Background Thread 2 ] DEBUG Engine               - fontUI: VarelaRound-Regular.ttf
19:31:11.051 [FXGL Background Thread 2 ] DEBUG Engine               - enabledMenuItems: []
19:31:11.051 [FXGL Background Thread 2 ] DEBUG Engine               - isIOS: false
19:31:11.051 [FXGL Background Thread 2 ] DEBUG Engine               - Logging services
19:31:11.051 [FXGL Background Thread 2 ] DEBUG Engine               - class com.almasb.fxgl.app.GameApplication$GameApplicationService
19:31:11.051 [FXGL Background Thread 2 ] DEBUG Engine               - class com.almasb.fxgl.app.services.WindowService
19:31:11.051 [FXGL Background Thread 2 ] DEBUG Engine               - class com.almasb.fxgl.app.services.FXGLDialogService
19:31:11.051 [FXGL Background Thread 2 ] DEBUG Engine               - class com.almasb.fxgl.app.services.IOTaskExecutorService
19:31:11.051 [FXGL Background Thread 2 ] DEBUG Engine               - class com.almasb.fxgl.event.EventBusService
19:31:11.051 [FXGL Background Thread 2 ] DEBUG Engine               - class com.almasb.fxgl.io.FileSystemService
19:31:11.051 [FXGL Background Thread 2 ] DEBUG Engine               - class com.almasb.fxgl.localization.LocalizationService
19:31:11.051 [FXGL Background Thread 2 ] DEBUG Engine               - class com.almasb.fxgl.app.services.AssetLoaderService
19:31:11.051 [FXGL Background Thread 2 ] DEBUG Engine               - class com.almasb.fxgl.app.services.SystemBundleService
19:31:11.051 [FXGL Background Thread 2 ] DEBUG Engine               - class com.almasb.fxgl.profile.SaveLoadService
19:31:11.051 [FXGL Background Thread 2 ] DEBUG Engine               - class com.almasb.fxgl.ui.FXGLUIFactoryServiceProvider
19:31:11.051 [FXGL Background Thread 2 ] DEBUG Engine               - class com.almasb.fxgl.ui.FXGLDialogFactoryServiceProvider
19:31:11.051 [FXGL Background Thread 2 ] DEBUG Engine               - class com.almasb.fxgl.audio.AudioPlayer
19:31:11.051 [FXGL Background Thread 2 ] DEBUG Engine               - class com.almasb.fxgl.notification.impl.NotificationServiceProvider
19:31:11.051 [FXGL Background Thread 2 ] DEBUG Engine               - class com.almasb.fxgl.achievement.AchievementService
19:31:11.052 [FXGL Background Thread 2 ] DEBUG Engine               - class com.almasb.fxgl.cutscene.CutsceneService
19:31:11.052 [FXGL Background Thread 2 ] DEBUG Engine               - class com.almasb.fxgl.minigames.MiniGameService
19:31:11.052 [FXGL Background Thread 2 ] DEBUG Engine               - class com.almasb.fxgl.net.NetService
19:31:11.052 [FXGL Background Thread 2 ] DEBUG Engine               - class com.almasb.fxgl.app.services.UpdaterService
19:31:11.257 [JavaFX Application Thread] DEBUG AssetLoaderService   - Loading from file system: /assets/textures/smallasteroid.png
19:31:11.263 [JavaFX Application Thread] DEBUG AssetLoaderService   - Loading from cache: /assets/textures/smallasteroid.png
19:31:12.583 [JavaFX Application Thread] DEBUG AssetLoaderService   - Loading from cache: /assets/textures/smallasteroid.png
19:31:12.583 [JavaFX Application Thread] DEBUG AssetLoaderService   - Loading from cache: /assets/textures/smallasteroid.png
19:31:13.895 [JavaFX Application Thread] DEBUG AssetLoaderService   - Loading from cache: /assets/textures/smallasteroid.png
19:31:13.896 [JavaFX Application Thread] DEBUG AssetLoaderService   - Loading from cache: /assets/textures/smallasteroid.png
19:31:15.251 [JavaFX Application Thread] DEBUG AssetLoaderService   - Loading from cache: /assets/textures/smallasteroid.png
19:31:15.252 [JavaFX Application Thread] DEBUG AssetLoaderService   - Loading from cache: /assets/textures/smallasteroid.png
19:31:16.606 [JavaFX Application Thread] DEBUG AssetLoaderService   - Loading from cache: /assets/textures/smallasteroid.png
19:31:16.606 [JavaFX Application Thread] DEBUG AssetLoaderService   - Loading from cache: /assets/textures/smallasteroid.png
19:31:17.933 [JavaFX Application Thread] DEBUG AssetLoaderService   - Loading from cache: /assets/textures/smallasteroid.png
19:31:17.934 [JavaFX Application Thread] DEBUG AssetLoaderService   - Loading from cache: /assets/textures/smallasteroid.png
19:31:19.284 [JavaFX Application Thread] DEBUG AssetLoaderService   - Loading from cache: /assets/textures/smallasteroid.png
19:31:19.285 [JavaFX Application Thread] DEBUG AssetLoaderService   - Loading from cache: /assets/textures/smallasteroid.png
19:31:20.614 [JavaFX Application Thread] DEBUG AssetLoaderService   - Loading from cache: /assets/textures/smallasteroid.png
19:31:20.615 [JavaFX Application Thread] DEBUG AssetLoaderService   - Loading from cache: /assets/textures/smallasteroid.png
19:31:21.949 [JavaFX Application Thread] DEBUG AssetLoaderService   - Loading from cache: /assets/textures/smallasteroid.png
19:31:21.949 [JavaFX Application Thread] DEBUG AssetLoaderService   - Loading from cache: /assets/textures/smallasteroid.png
19:31:23.342 [JavaFX Application Thread] DEBUG AssetLoaderService   - Loading from cache: /assets/textures/smallasteroid.png
19:31:23.343 [JavaFX Application Thread] DEBUG AssetLoaderService   - Loading from cache: /assets/textures/smallasteroid.png
19:31:24.679 [JavaFX Application Thread] DEBUG AssetLoaderService   - Loading from cache: /assets/textures/smallasteroid.png
19:31:24.680 [JavaFX Application Thread] DEBUG AssetLoaderService   - Loading from cache: /assets/textures/smallasteroid.png
19:31:26.011 [JavaFX Application Thread] DEBUG AssetLoaderService   - Loading from cache: /assets/textures/smallasteroid.png
19:31:26.012 [JavaFX Application Thread] DEBUG AssetLoaderService   - Loading from cache: /assets/textures/smallasteroid.png
19:31:27.387 [JavaFX Application Thread] DEBUG AssetLoaderService   - Loading from cache: /assets/textures/smallasteroid.png
19:31:27.388 [JavaFX Application Thread] DEBUG AssetLoaderService   - Loading from cache: /assets/textures/smallasteroid.png
19:31:28.709 [JavaFX Application Thread] DEBUG AssetLoaderService   - Loading from cache: /assets/textures/smallasteroid.png
19:31:28.709 [JavaFX Application Thread] DEBUG AssetLoaderService   - Loading from cache: /assets/textures/smallasteroid.png
19:31:30.028 [JavaFX Application Thread] DEBUG AssetLoaderService   - Loading from cache: /assets/textures/smallasteroid.png
19:31:30.028 [JavaFX Application Thread] DEBUG AssetLoaderService   - Loading from cache: /assets/textures/smallasteroid.png
19:31:31.406 [JavaFX Application Thread] DEBUG AssetLoaderService   - Loading from cache: /assets/textures/smallasteroid.png
19:31:31.407 [JavaFX Application Thread] DEBUG AssetLoaderService   - Loading from cache: /assets/textures/smallasteroid.png
19:31:32.740 [JavaFX Application Thread] DEBUG AssetLoaderService   - Loading from cache: /assets/textures/smallasteroid.png
19:31:32.740 [JavaFX Application Thread] DEBUG AssetLoaderService   - Loading from cache: /assets/textures/smallasteroid.png
19:31:34.046 [JavaFX Application Thread] DEBUG AssetLoaderService   - Loading from cache: /assets/textures/smallasteroid.png
19:31:34.047 [JavaFX Application Thread] DEBUG AssetLoaderService   - Loading from cache: /assets/textures/smallasteroid.png
19:31:35.431 [JavaFX Application Thread] DEBUG AssetLoaderService   - Loading from cache: /assets/textures/smallasteroid.png
19:31:35.432 [JavaFX Application Thread] DEBUG AssetLoaderService   - Loading from cache: /assets/textures/smallasteroid.png
19:31:36.781 [JavaFX Application Thread] DEBUG AssetLoaderService   - Loading from cache: /assets/textures/smallasteroid.png
19:31:36.782 [JavaFX Application Thread] DEBUG AssetLoaderService   - Loading from cache: /assets/textures/smallasteroid.png
19:31:38.110 [JavaFX Application Thread] DEBUG AssetLoaderService   - Loading from cache: /assets/textures/smallasteroid.png
19:31:38.111 [JavaFX Application Thread] DEBUG AssetLoaderService   - Loading from cache: /assets/textures/smallasteroid.png
19:31:39.481 [JavaFX Application Thread] DEBUG AssetLoaderService   - Loading from cache: /assets/textures/smallasteroid.png
19:31:39.481 [JavaFX Application Thread] DEBUG AssetLoaderService   - Loading from cache: /assets/textures/smallasteroid.png
19:31:40.808 [JavaFX Application Thread] DEBUG AssetLoaderService   - Loading from cache: /assets/textures/smallasteroid.png
19:31:40.809 [JavaFX Application Thread] DEBUG AssetLoaderService   - Loading from cache: /assets/textures/smallasteroid.png
19:31:42.110 [JavaFX Application Thread] DEBUG AssetLoaderService   - Loading from cache: /assets/textures/smallasteroid.png
19:31:42.110 [JavaFX Application Thread] DEBUG AssetLoaderService   - Loading from cache: /assets/textures/smallasteroid.png
19:31:43.479 [JavaFX Application Thread] DEBUG AssetLoaderService   - Loading from cache: /assets/textures/smallasteroid.png
19:31:43.480 [JavaFX Application Thread] DEBUG AssetLoaderService   - Loading from cache: /assets/textures/smallasteroid.png
19:31:45.034 [JavaFX Application Thread] DEBUG AssetLoaderService   - Loading from cache: /assets/textures/smallasteroid.png
19:31:45.034 [JavaFX Application Thread] DEBUG AssetLoaderService   - Loading from cache: /assets/textures/smallasteroid.png
19:31:46.318 [JavaFX Application Thread] DEBUG AssetLoaderService   - Loading from cache: /assets/textures/smallasteroid.png
19:31:46.319 [JavaFX Application Thread] DEBUG AssetLoaderService   - Loading from cache: /assets/textures/smallasteroid.png
19:31:48.590 [JavaFX Application Thread] DEBUG AssetLoaderService   - Loading from cache: /assets/textures/smallasteroid.png
19:31:48.590 [JavaFX Application Thread] DEBUG AssetLoaderService   - Loading from cache: /assets/textures/smallasteroid.png
19:31:51.918 [JavaFX Application Thread] DEBUG AssetLoaderService   - Loading from cache: /assets/textures/smallasteroid.png
19:31:51.918 [JavaFX Application Thread] DEBUG AssetLoaderService   - Loading from cache: /assets/textures/smallasteroid.png
19:31:53.390 [JavaFX Application Thread] DEBUG AssetLoaderService   - Loading from cache: /assets/textures/smallasteroid.png
19:31:53.390 [JavaFX Application Thread] DEBUG AssetLoaderService   - Loading from cache: /assets/textures/smallasteroid.png
19:31:54.743 [JavaFX Application Thread] DEBUG AssetLoaderService   - Loading from cache: /assets/textures/smallasteroid.png
19:31:54.744 [JavaFX Application Thread] DEBUG AssetLoaderService   - Loading from cache: /assets/textures/smallasteroid.png
19:31:56.052 [JavaFX Application Thread] DEBUG AssetLoaderService   - Loading from cache: /assets/textures/smallasteroid.png
19:31:56.052 [JavaFX Application Thread] DEBUG AssetLoaderService   - Loading from cache: /assets/textures/smallasteroid.png
19:31:57.379 [JavaFX Application Thread] DEBUG AssetLoaderService   - Loading from cache: /assets/textures/smallasteroid.png
19:31:57.379 [JavaFX Application Thread] DEBUG AssetLoaderService   - Loading from cache: /assets/textures/smallasteroid.png
19:31:58.779 [JavaFX Application Thread] DEBUG AssetLoaderService   - Loading from cache: /assets/textures/smallasteroid.png
19:31:58.779 [JavaFX Application Thread] DEBUG AssetLoaderService   - Loading from cache: /assets/textures/smallasteroid.png
19:32:00.104 [JavaFX Application Thread] DEBUG AssetLoaderService   - Loading from cache: /assets/textures/smallasteroid.png
19:32:00.104 [JavaFX Application Thread] DEBUG AssetLoaderService   - Loading from cache: /assets/textures/smallasteroid.png
19:32:01.448 [JavaFX Application Thread] DEBUG AssetLoaderService   - Loading from cache: /assets/textures/smallasteroid.png
19:32:01.449 [JavaFX Application Thread] DEBUG AssetLoaderService   - Loading from cache: /assets/textures/smallasteroid.png
19:32:02.772 [JavaFX Application Thread] DEBUG AssetLoaderService   - Loading from cache: /assets/textures/smallasteroid.png
19:32:02.773 [JavaFX Application Thread] DEBUG AssetLoaderService   - Loading from cache: /assets/textures/smallasteroid.png
19:32:04.093 [JavaFX Application Thread] DEBUG AssetLoaderService   - Loading from cache: /assets/textures/smallasteroid.png
19:32:04.094 [JavaFX Application Thread] DEBUG AssetLoaderService   - Loading from cache: /assets/textures/smallasteroid.png
19:32:05.412 [JavaFX Application Thread] DEBUG AssetLoaderService   - Loading from cache: /assets/textures/smallasteroid.png
19:32:05.412 [JavaFX Application Thread] DEBUG AssetLoaderService   - Loading from cache: /assets/textures/smallasteroid.png
19:32:06.750 [JavaFX Application Thread] DEBUG AssetLoaderService   - Loading from cache: /assets/textures/smallasteroid.png
19:32:06.751 [JavaFX Application Thread] DEBUG AssetLoaderService   - Loading from cache: /assets/textures/smallasteroid.png
19:32:08.070 [JavaFX Application Thread] DEBUG AssetLoaderService   - Loading from cache: /assets/textures/smallasteroid.png
19:32:08.071 [JavaFX Application Thread] DEBUG AssetLoaderService   - Loading from cache: /assets/textures/smallasteroid.png
19:32:09.384 [JavaFX Application Thread] DEBUG AssetLoaderService   - Loading from cache: /assets/textures/smallasteroid.png
19:32:09.384 [JavaFX Application Thread] DEBUG AssetLoaderService   - Loading from cache: /assets/textures/smallasteroid.png
19:32:10.718 [JavaFX Application Thread] DEBUG AssetLoaderService   - Loading from cache: /assets/textures/smallasteroid.png
19:32:10.718 [JavaFX Application Thread] DEBUG AssetLoaderService   - Loading from cache: /assets/textures/smallasteroid.png
19:32:12.025 [JavaFX Application Thread] DEBUG AssetLoaderService   - Loading from cache: /assets/textures/smallasteroid.png
19:32:12.026 [JavaFX Application Thread] DEBUG AssetLoaderService   - Loading from cache: /assets/textures/smallasteroid.png
19:32:13.341 [JavaFX Application Thread] DEBUG AssetLoaderService   - Loading from cache: /assets/textures/smallasteroid.png
19:32:13.342 [JavaFX Application Thread] DEBUG AssetLoaderService   - Loading from cache: /assets/textures/smallasteroid.png
19:32:14.711 [JavaFX Application Thread] DEBUG AssetLoaderService   - Loading from cache: /assets/textures/smallasteroid.png
19:32:14.712 [JavaFX Application Thread] DEBUG AssetLoaderService   - Loading from cache: /assets/textures/smallasteroid.png
19:32:16.412 [JavaFX Application Thread] DEBUG AssetLoaderService   - Loading from cache: /assets/textures/smallasteroid.png
19:32:16.412 [JavaFX Application Thread] DEBUG AssetLoaderService   - Loading from cache: /assets/textures/smallasteroid.png
19:32:17.799 [JavaFX Application Thread] DEBUG AssetLoaderService   - Loading from cache: /assets/textures/smallasteroid.png
19:32:17.800 [JavaFX Application Thread] DEBUG AssetLoaderService   - Loading from cache: /assets/textures/smallasteroid.png
19:32:19.507 [JavaFX Application Thread] DEBUG AssetLoaderService   - Loading from cache: /assets/textures/smallasteroid.png
19:32:19.508 [JavaFX Application Thread] DEBUG AssetLoaderService   - Loading from cache: /assets/textures/smallasteroid.png
19:32:20.990 [JavaFX Application Thread] DEBUG AssetLoaderService   - Loading from cache: /assets/textures/smallasteroid.png
19:32:20.990 [JavaFX Application Thread] DEBUG AssetLoaderService   - Loading from cache: /assets/textures/smallasteroid.png
19:32:22.308 [JavaFX Application Thread] DEBUG AssetLoaderService   - Loading from cache: /assets/textures/smallasteroid.png
19:32:22.308 [JavaFX Application Thread] DEBUG AssetLoaderService   - Loading from cache: /assets/textures/smallasteroid.png
19:32:23.644 [JavaFX Application Thread] DEBUG AssetLoaderService   - Loading from cache: /assets/textures/smallasteroid.png
19:32:23.645 [JavaFX Application Thread] DEBUG AssetLoaderService   - Loading from cache: /assets/textures/smallasteroid.png
19:32:25.309 [JavaFX Application Thread] DEBUG AssetLoaderService   - Loading from cache: /assets/textures/smallasteroid.png
19:32:25.310 [JavaFX Application Thread] DEBUG AssetLoaderService   - Loading from cache: /assets/textures/smallasteroid.png
19:32:26.825 [JavaFX Application Thread] DEBUG AssetLoaderService   - Loading from cache: /assets/textures/smallasteroid.png
19:32:26.826 [JavaFX Application Thread] DEBUG AssetLoaderService   - Loading from cache: /assets/textures/smallasteroid.png
19:32:28.174 [JavaFX Application Thread] DEBUG AssetLoaderService   - Loading from cache: /assets/textures/smallasteroid.png
19:32:28.174 [JavaFX Application Thread] DEBUG AssetLoaderService   - Loading from cache: /assets/textures/smallasteroid.png
19:32:29.710 [JavaFX Application Thread] DEBUG AssetLoaderService   - Loading from cache: /assets/textures/smallasteroid.png
19:32:29.710 [JavaFX Application Thread] DEBUG AssetLoaderService   - Loading from cache: /assets/textures/smallasteroid.png
19:32:31.230 [JavaFX Application Thread] DEBUG AssetLoaderService   - Loading from cache: /assets/textures/smallasteroid.png
19:32:31.230 [JavaFX Application Thread] DEBUG AssetLoaderService   - Loading from cache: /assets/textures/smallasteroid.png
19:32:31.891 [JavaFX Application Thread] DEBUG MainWindow           - Push state: FXGLPauseMenu
19:32:31.892 [JavaFX Application Thread] DEBUG Input                - Clearing active input actions
19:32:31.895 [JavaFX Application Thread] DEBUG WindowService        - Removing overlay from GameScene and adding to FXGLPauseMenu
19:32:31.895 [JavaFX Application Thread] DEBUG MainWindow           - GameScene -> FXGLPauseMenu
19:32:32.729 [JavaFX Application Thread] DEBUG GameApplication      - Exiting FXGL
19:32:32.729 [JavaFX Application Thread] DEBUG LoopRunner           - Stopping loop
19:32:32.729 [JavaFX Application Thread] DEBUG SystemBundleService  - Saving FXGL system data
19:32:32.731 [JavaFX Application Thread] DEBUG FileSystemAccess     - Writing to: C:\Users\xxdee\IdeaProjects\350FXGLjavagame\system\fxgl.bundle
19:32:32.732 [JavaFX Application Thread] DEBUG GameApplication      - Shutting down background threads
19:32:32.732 [JavaFX Application Thread] DEBUG GameApplication      - Closing logger and exiting JavaFX
