18:39:11.312 [main                     ] DEBUG GameApplication      - Logger initialized
18:39:11.317 [main                     ] DEBUG GameApplication      - Logging settings
Title: Space Game
Version: 0.1
Width: 2000
Height: 1000
Fullscreen: false
Intro: false
Menus: false
Profiling: false
Single step:false
App Mode: DEVELOPER
Menu Key: ESCAPE
Stage Style: DECORATED
Scene Factory: class com.almasb.fxgl.app.scene.SceneFactory

18:39:11.651 [JavaFX Application Thread] DEBUG GameApplication      - Initializing FXGL
18:39:11.659 [JavaFX Application Thread] INFO  Engine               - FXGL-11.8 (08.03.2020 09.09) on WINDOWS (J:14.0.2 FX:13.0.2)
18:39:11.659 [JavaFX Application Thread] INFO  Engine               - Source code and latest versions at: https://github.com/AlmasB/FXGL
18:39:11.660 [JavaFX Application Thread] INFO  Engine               -              Join the FXGL chat at: https://gitter.im/AlmasB/FXGL
18:39:11.753 [JavaFX Application Thread] DEBUG MainWindow           - Creating a JavaFX scene
18:39:11.797 [JavaFX Application Thread] DEBUG MainWindow           - Target settings size: 2000.0 x 1000.0
18:39:11.797 [JavaFX Application Thread] DEBUG MainWindow           - Scaled scene size:    2000.0 x 1000.0
18:39:11.797 [JavaFX Application Thread] DEBUG MainWindow           - Scaled ratio: (1.0, 1.0)
18:39:11.798 [JavaFX Application Thread] DEBUG MainWindow           - Set initial scene to FXGLStartupScene
18:39:11.804 [JavaFX Application Thread] DEBUG MainWindow           - Opening main window
18:39:11.867 [JavaFX Application Thread] DEBUG MainWindow           - Window border size: (16.0, 39.0)
18:39:11.867 [JavaFX Application Thread] DEBUG MainWindow           - Scaled size: 2000.0 x 1000.0
18:39:11.867 [JavaFX Application Thread] DEBUG MainWindow           - Scaled ratio: (1.0, 1.0)
18:39:11.868 [JavaFX Application Thread] DEBUG MainWindow           - Scene size: 2000.0 x 1000.0
18:39:11.868 [JavaFX Application Thread] DEBUG MainWindow           - Stage size: 2016.0 x 1039.0
18:39:11.876 [FXGL Background Thread 1 ] DEBUG Engine               - Initializing environment variables
18:39:11.898 [FXGL Background Thread 1 ] DEBUG WindowService        - Applying CSS: fxgl_dark.css
18:39:11.898 [FXGL Background Thread 1 ] DEBUG AssetLoaderService   - Loading from file system: /assets/ui/css/fxgl_dark.css
18:39:11.934 [FXGL Background Thread 1 ] DEBUG WindowService        - Initializing application scenes
18:39:11.959 [FXGL Background Thread 1 ] DEBUG GameWorld            - Game world initialized
18:39:11.988 [FXGL Background Thread 1 ] DEBUG PhysicsWorld         - Physics world initialized: appHeight=1000, physics.ppm=50.0
18:39:11.990 [FXGL Background Thread 1 ] DEBUG GameScene            - Game scene initialized: 2000x1000
18:39:11.996 [FXGL Background Thread 1 ] DEBUG Input                - Registered new binding: Resume - Esc
18:39:12.000 [FXGL Background Thread 1 ] DEBUG AssetLoaderService   - Loading from file system: /assets/textures/pause_menu_bg.png
18:39:12.035 [FXGL Background Thread 1 ] DEBUG Input                - Registered new binding: Pause - Esc
18:39:12.035 [FXGL Background Thread 1 ] DEBUG WindowService        - Application scenes initialized
18:39:12.042 [FXGL Background Thread 1 ] DEBUG SystemBundleService  - Loading FXGL system data
18:39:12.044 [FXGL Background Thread 1 ] DEBUG FileSystemAccess     - Reading from: C:\Users\dakot\IdeaProjects\350FXGLjavagame\system\fxgl.bundle
18:39:12.048 [FXGL Background Thread 1 ] DEBUG SystemBundleService  - Bundle FXGL: {}
18:39:12.048 [FXGL Background Thread 1 ] INFO  Engine               - FXGL initialization took: 0.171 sec
18:39:12.049 [FXGL Background Thread 1 ] DEBUG GameApplication      - Loading localizations
18:39:12.050 [FXGL Background Thread 1 ] DEBUG AssetLoaderService   - Loading from file system: /assets/properties/languages/english.properties
18:39:12.051 [FXGL Background Thread 1 ] DEBUG AssetLoaderService   - Loading from file system: /assets/properties/languages/french.properties
18:39:12.051 [FXGL Background Thread 1 ] DEBUG AssetLoaderService   - Loading from file system: /assets/properties/languages/german.properties
18:39:12.052 [FXGL Background Thread 1 ] DEBUG AssetLoaderService   - Loading from file system: /assets/properties/languages/hungarian.properties
18:39:12.053 [FXGL Background Thread 1 ] DEBUG AssetLoaderService   - Loading from file system: /assets/properties/languages/russian.properties
18:39:12.054 [FXGL Background Thread 1 ] DEBUG GameApplication      - Registering font factories with UI factory
18:39:12.055 [FXGL Background Thread 1 ] DEBUG AssetLoaderService   - Loading from file system: /assets/ui/fonts/VarelaRound-Regular.ttf
18:39:12.090 [FXGL Background Thread 1 ] DEBUG AssetLoaderService   - Loading from file system: /assets/ui/fonts/Abel-Regular.ttf
18:39:12.092 [FXGL Background Thread 1 ] DEBUG AssetLoaderService   - Loading from file system: /assets/ui/fonts/lucida_console.ttf
18:39:12.095 [FXGL Background Thread 1 ] DEBUG AssetLoaderService   - Loading from file system: /assets/ui/fonts/Courier-Prime.ttf
18:39:12.100 [JavaFX Application Thread] DEBUG Input                - Registered new binding: action0 - D
18:39:12.100 [JavaFX Application Thread] DEBUG Input                - Registered new binding: action1 - A
18:39:12.100 [JavaFX Application Thread] DEBUG Input                - Registered new binding: action2 - W
18:39:12.101 [JavaFX Application Thread] DEBUG Input                - Registered new binding: action3 - C
18:39:12.101 [JavaFX Application Thread] DEBUG Input                - Registered new binding: action4 - Left
18:39:12.101 [JavaFX Application Thread] DEBUG Input                - Registered new binding: action5 - Right
18:39:12.102 [JavaFX Application Thread] DEBUG Input                - Registered new binding: action6 - Space
18:39:12.102 [JavaFX Application Thread] DEBUG AssetLoaderService   - Loading from file system: /assets/textures/fxgl_icon.png
18:39:12.120 [JavaFX Application Thread] DEBUG AssetLoaderService   - Loading from file system: /assets/ui/cursors/fxgl_default.png
18:39:12.121 [JavaFX Application Thread] DEBUG Input                - Registered new binding: Screenshot - P
18:39:12.122 [JavaFX Application Thread] DEBUG Input                - Registered new binding: System info dump - CTRL+9
18:39:12.122 [JavaFX Application Thread] DEBUG Input                - Registered new binding: Restart - CTRL+R
18:39:12.123 [JavaFX Application Thread] DEBUG LoopRunner           - Starting loop
18:39:12.137 [JavaFX Application Thread] DEBUG FXGLStartupScene     - STARTUP
18:39:12.137 [JavaFX Application Thread] DEBUG WindowService        - Starting new game
18:39:12.139 [JavaFX Application Thread] DEBUG Input                - Clearing active input actions
18:39:12.147 [JavaFX Application Thread] DEBUG WindowService        - Removing overlay from FXGLStartupScene and adding to FXGLLoadingScene
18:39:12.147 [JavaFX Application Thread] DEBUG MainWindow           - FXGLStartupScene -> FXGLLoadingScene
18:39:12.148 [JavaFX Application Thread] DEBUG WindowService        - Clearing previous game
18:39:12.148 [JavaFX Application Thread] DEBUG GameScene            - Clearing game scene
18:39:12.148 [JavaFX Application Thread] DEBUG GameWorld            - Clearing game world
18:39:12.148 [JavaFX Application Thread] DEBUG PhysicsWorld         - Clearing physics world
18:39:12.149 [FXGL Background Thread 1 ] DEBUG GameApplication      - Initializing game
18:39:12.156 [FXGL Background Thread 1 ] DEBUG AssetLoaderService   - Loading from file system: /assets/textures/spacebackground.png
18:39:12.207 [FXGL Background Thread 1 ] DEBUG AssetLoaderService   - Loading from file system: /assets/textures/spaceship.png
18:39:12.213 [FXGL Background Thread 1 ] INFO  GameApplication      - Game initialization took: 0.064 sec
18:39:12.223 [JavaFX Application Thread] DEBUG Input                - Clearing active input actions
18:39:12.233 [JavaFX Application Thread] DEBUG WindowService        - Removing overlay from FXGLLoadingScene and adding to GameScene
18:39:12.233 [JavaFX Application Thread] DEBUG MainWindow           - FXGLLoadingScene -> GameScene
18:39:15.051 [FXGL Background Thread 2 ] DEBUG Engine               - Logging environment variables
18:39:15.051 [FXGL Background Thread 2 ] DEBUG Engine               - achievements: []
18:39:15.051 [FXGL Background Thread 2 ] DEBUG Engine               - language: ObjectProperty [value: ENGLISH]
18:39:15.051 [FXGL Background Thread 2 ] DEBUG Engine               - isCloseConfirmation: false
18:39:15.051 [FXGL Background Thread 2 ] DEBUG Engine               - isProfilingEnabled: false
18:39:15.051 [FXGL Background Thread 2 ] DEBUG Engine               - soundNotification: core/notification.wav
18:39:15.051 [FXGL Background Thread 2 ] DEBUG Engine               - devShowBBoxProperty: BooleanProperty [value: false]
18:39:15.051 [FXGL Background Thread 2 ] DEBUG Engine               - pixelsPerMeter: 50.0
18:39:15.051 [FXGL Background Thread 2 ] DEBUG Engine               - appIcon: fxgl_icon.png
18:39:15.051 [FXGL Background Thread 2 ] DEBUG Engine               - soundMenuBack: menu/back.wav
18:39:15.051 [FXGL Background Thread 2 ] DEBUG Engine               - isFullScreenAllowed: false
18:39:15.051 [FXGL Background Thread 2 ] DEBUG Engine               - isIntroEnabled: false
18:39:15.051 [FXGL Background Thread 2 ] DEBUG Engine               - fontMono: lucida_console.ttf
18:39:15.051 [FXGL Background Thread 2 ] DEBUG Engine               - soundMenuSelect: menu/select.wav
18:39:15.051 [FXGL Background Thread 2 ] DEBUG Engine               - isWindows: true
18:39:15.052 [FXGL Background Thread 2 ] DEBUG Engine               - isMobile: false
18:39:15.052 [FXGL Background Thread 2 ] DEBUG Engine               - isUserProfileEnabled: false
18:39:15.052 [FXGL Background Thread 2 ] DEBUG Engine               - height: 1000
18:39:15.052 [FXGL Background Thread 2 ] DEBUG Engine               - isExperimentalNative: false
18:39:15.052 [FXGL Background Thread 2 ] DEBUG Engine               - settings: Title: Space Game
Version: 0.1
Width: 2000
Height: 1000
Fullscreen: false
Intro: false
Menus: false
Profiling: false
Single step:false
App Mode: DEVELOPER
Menu Key: ESCAPE
Stage Style: DECORATED
Scene Factory: class com.almasb.fxgl.app.scene.SceneFactory

18:39:15.052 [FXGL Background Thread 2 ] DEBUG Engine               - isSingleStep: false
18:39:15.052 [FXGL Background Thread 2 ] DEBUG Engine               - cSSList: [fxgl_dark.css]
18:39:15.052 [FXGL Background Thread 2 ] DEBUG Engine               - fontGame: Abel-Regular.ttf
18:39:15.052 [FXGL Background Thread 2 ] DEBUG Engine               - menuKey: ESCAPE
18:39:15.052 [FXGL Background Thread 2 ] DEBUG Engine               - devShowPositionProperty: BooleanProperty [value: false]
18:39:15.052 [FXGL Background Thread 2 ] DEBUG Engine               - versionCheckDays: 7
18:39:15.052 [FXGL Background Thread 2 ] DEBUG Engine               - configClass: Optional.empty
18:39:15.052 [FXGL Background Thread 2 ] DEBUG Engine               - isFullScreenFromStart: false
18:39:15.052 [FXGL Background Thread 2 ] DEBUG Engine               - version: 0.1
18:39:15.052 [FXGL Background Thread 2 ] DEBUG Engine               - fullScreen: BooleanProperty [value: false]
18:39:15.052 [FXGL Background Thread 2 ] DEBUG Engine               - randomSeed: -1
18:39:15.052 [FXGL Background Thread 2 ] DEBUG Engine               - gameDifficultyProperty: ObjectProperty [value: MEDIUM]
18:39:15.052 [FXGL Background Thread 2 ] DEBUG Engine               - applicationMode: DEVELOPER
18:39:15.052 [FXGL Background Thread 2 ] DEBUG Engine               - isMac: false
18:39:15.053 [FXGL Background Thread 2 ] DEBUG Engine               - isMenuEnabled: false
18:39:15.053 [FXGL Background Thread 2 ] DEBUG Engine               - urlPOM: https://raw.githubusercontent.com/AlmasB/FXGL/master/pom.xml
18:39:15.053 [FXGL Background Thread 2 ] DEBUG Engine               - profileName: StringProperty [value: DEFAULT]
18:39:15.053 [FXGL Background Thread 2 ] DEBUG Engine               - notificationViewClass: class com.almasb.fxgl.notification.view.XboxNotificationView
18:39:15.053 [FXGL Background Thread 2 ] DEBUG Engine               - devSensorColorProperty: ObjectProperty [value: 0xffff00ff]
18:39:15.053 [FXGL Background Thread 2 ] DEBUG Engine               - sceneFactory: com.almasb.fxgl.app.scene.SceneFactory@11ad1dfc
18:39:15.053 [FXGL Background Thread 2 ] DEBUG Engine               - stageStyle: DECORATED
18:39:15.053 [FXGL Background Thread 2 ] DEBUG Engine               - isManualResizeEnabled: false
18:39:15.053 [FXGL Background Thread 2 ] DEBUG Engine               - title: Space Game
18:39:15.053 [FXGL Background Thread 2 ] DEBUG Engine               - platform: WINDOWS
18:39:15.053 [FXGL Background Thread 2 ] DEBUG Engine               - devBBoxColorProperty: ObjectProperty [value: 0xff0000ff]
18:39:15.053 [FXGL Background Thread 2 ] DEBUG Engine               - gameDifficulty: MEDIUM
18:39:15.053 [FXGL Background Thread 2 ] DEBUG Engine               - isDesktop: true
18:39:15.054 [FXGL Background Thread 2 ] DEBUG Engine               - supportedLanguages: [ENGLISH, FRENCH, GERMAN, HUNGARIAN, RUSSIAN]
18:39:15.054 [FXGL Background Thread 2 ] DEBUG Engine               - credits: []
18:39:15.054 [FXGL Background Thread 2 ] DEBUG Engine               - globalMusicVolumeProperty: DoubleProperty [value: 0.5]
18:39:15.054 [FXGL Background Thread 2 ] DEBUG Engine               - isPreserveResizeRatio: false
18:39:15.054 [FXGL Background Thread 2 ] DEBUG Engine               - fontText: Courier-Prime.ttf
18:39:15.054 [FXGL Background Thread 2 ] DEBUG Engine               - isExperimentalTiledLargeMap: false
18:39:15.054 [FXGL Background Thread 2 ] DEBUG Engine               - secondsIn24h: 60
18:39:15.054 [FXGL Background Thread 2 ] DEBUG Engine               - runtimeInfo: RuntimeInfo(platform=WINDOWS, version=11.8, build=08.03.2020 09.09)
18:39:15.054 [FXGL Background Thread 2 ] DEBUG Engine               - isLinux: false
18:39:15.054 [FXGL Background Thread 2 ] DEBUG Engine               - soundMenuPress: menu/press.wav
18:39:15.054 [FXGL Background Thread 2 ] DEBUG Engine               - urlGithub: https://github.com/AlmasB/FXGL
18:39:15.054 [FXGL Background Thread 2 ] DEBUG Engine               - profileDir: profiles/
18:39:15.054 [FXGL Background Thread 2 ] DEBUG Engine               - isDeveloperMenuEnabled: false
18:39:15.054 [FXGL Background Thread 2 ] DEBUG Engine               - globalSoundVolumeProperty: DoubleProperty [value: 0.5]
18:39:15.054 [FXGL Background Thread 2 ] DEBUG Engine               - mainWindow: com.almasb.fxgl.app.MainWindow@15928b11
18:39:15.054 [FXGL Background Thread 2 ] DEBUG Engine               - isBrowser: false
18:39:15.054 [FXGL Background Thread 2 ] DEBUG Engine               - globalSoundVolume: 0.5
18:39:15.055 [FXGL Background Thread 2 ] DEBUG Engine               - urlLeaderboard: http://fxgl-top.herokuapp.com/
18:39:15.055 [FXGL Background Thread 2 ] DEBUG Engine               - engineServices: [class com.almasb.fxgl.app.GameApplication$GameApplicationService, class com.almasb.fxgl.app.services.WindowService, class com.almasb.fxgl.app.services.FXGLDialogService, class com.almasb.fxgl.app.services.IOTaskExecutorService, class com.almasb.fxgl.event.EventBusService, class com.almasb.fxgl.io.FileSystemService, class com.almasb.fxgl.localization.LocalizationService, class com.almasb.fxgl.app.services.AssetLoaderService, class com.almasb.fxgl.app.services.SystemBundleService, class com.almasb.fxgl.profile.SaveLoadService, class com.almasb.fxgl.ui.FXGLUIFactoryServiceProvider, class com.almasb.fxgl.ui.FXGLDialogFactoryServiceProvider, class com.almasb.fxgl.audio.AudioPlayer, class com.almasb.fxgl.notification.impl.NotificationServiceProvider, class com.almasb.fxgl.achievement.AchievementService, class com.almasb.fxgl.cutscene.CutsceneService, class com.almasb.fxgl.minigames.MiniGameService, class com.almasb.fxgl.net.NetService, class com.almasb.fxgl.app.services.UpdaterService]
18:39:15.055 [FXGL Background Thread 2 ] DEBUG Engine               - globalMusicVolume: 0.5
18:39:15.055 [FXGL Background Thread 2 ] DEBUG Engine               - width: 2000
18:39:15.055 [FXGL Background Thread 2 ] DEBUG Engine               - saveFileExt: sav
18:39:15.055 [FXGL Background Thread 2 ] DEBUG Engine               - isAndroid: false
18:39:15.055 [FXGL Background Thread 2 ] DEBUG Engine               - fontUI: VarelaRound-Regular.ttf
18:39:15.055 [FXGL Background Thread 2 ] DEBUG Engine               - enabledMenuItems: []
18:39:15.055 [FXGL Background Thread 2 ] DEBUG Engine               - isIOS: false
18:39:15.055 [FXGL Background Thread 2 ] DEBUG Engine               - Logging services
18:39:15.055 [FXGL Background Thread 2 ] DEBUG Engine               - class com.almasb.fxgl.app.GameApplication$GameApplicationService
18:39:15.055 [FXGL Background Thread 2 ] DEBUG Engine               - class com.almasb.fxgl.app.services.WindowService
18:39:15.055 [FXGL Background Thread 2 ] DEBUG Engine               - class com.almasb.fxgl.app.services.FXGLDialogService
18:39:15.056 [FXGL Background Thread 2 ] DEBUG Engine               - class com.almasb.fxgl.app.services.IOTaskExecutorService
18:39:15.056 [FXGL Background Thread 2 ] DEBUG Engine               - class com.almasb.fxgl.event.EventBusService
18:39:15.056 [FXGL Background Thread 2 ] DEBUG Engine               - class com.almasb.fxgl.io.FileSystemService
18:39:15.056 [FXGL Background Thread 2 ] DEBUG Engine               - class com.almasb.fxgl.localization.LocalizationService
18:39:15.056 [FXGL Background Thread 2 ] DEBUG Engine               - class com.almasb.fxgl.app.services.AssetLoaderService
18:39:15.056 [FXGL Background Thread 2 ] DEBUG Engine               - class com.almasb.fxgl.app.services.SystemBundleService
18:39:15.056 [FXGL Background Thread 2 ] DEBUG Engine               - class com.almasb.fxgl.profile.SaveLoadService
18:39:15.056 [FXGL Background Thread 2 ] DEBUG Engine               - class com.almasb.fxgl.ui.FXGLUIFactoryServiceProvider
18:39:15.056 [FXGL Background Thread 2 ] DEBUG Engine               - class com.almasb.fxgl.ui.FXGLDialogFactoryServiceProvider
18:39:15.056 [FXGL Background Thread 2 ] DEBUG Engine               - class com.almasb.fxgl.audio.AudioPlayer
18:39:15.056 [FXGL Background Thread 2 ] DEBUG Engine               - class com.almasb.fxgl.notification.impl.NotificationServiceProvider
18:39:15.056 [FXGL Background Thread 2 ] DEBUG Engine               - class com.almasb.fxgl.achievement.AchievementService
18:39:15.056 [FXGL Background Thread 2 ] DEBUG Engine               - class com.almasb.fxgl.cutscene.CutsceneService
18:39:15.056 [FXGL Background Thread 2 ] DEBUG Engine               - class com.almasb.fxgl.minigames.MiniGameService
18:39:15.056 [FXGL Background Thread 2 ] DEBUG Engine               - class com.almasb.fxgl.net.NetService
18:39:15.056 [FXGL Background Thread 2 ] DEBUG Engine               - class com.almasb.fxgl.app.services.UpdaterService
18:39:15.350 [JavaFX Application Thread] DEBUG AssetLoaderService   - Loading from file system: /assets/textures/asteroid.png
18:39:15.353 [JavaFX Application Thread] DEBUG AssetLoaderService   - Loading from cache: /assets/textures/asteroid.png
18:39:17.428 [JavaFX Application Thread] DEBUG AssetLoaderService   - Loading from cache: /assets/textures/asteroid.png
18:39:17.429 [JavaFX Application Thread] DEBUG AssetLoaderService   - Loading from cache: /assets/textures/asteroid.png
18:39:19.511 [JavaFX Application Thread] DEBUG AssetLoaderService   - Loading from cache: /assets/textures/asteroid.png
18:39:19.512 [JavaFX Application Thread] DEBUG AssetLoaderService   - Loading from cache: /assets/textures/asteroid.png
18:39:21.603 [JavaFX Application Thread] DEBUG AssetLoaderService   - Loading from cache: /assets/textures/asteroid.png
18:39:21.603 [JavaFX Application Thread] DEBUG AssetLoaderService   - Loading from cache: /assets/textures/asteroid.png
18:39:23.686 [JavaFX Application Thread] DEBUG AssetLoaderService   - Loading from cache: /assets/textures/asteroid.png
18:39:23.687 [JavaFX Application Thread] DEBUG AssetLoaderService   - Loading from cache: /assets/textures/asteroid.png
18:39:25.782 [JavaFX Application Thread] DEBUG AssetLoaderService   - Loading from cache: /assets/textures/asteroid.png
18:39:25.783 [JavaFX Application Thread] DEBUG AssetLoaderService   - Loading from cache: /assets/textures/asteroid.png
18:39:26.763 [JavaFX Application Thread] DEBUG AssetLoaderService   - Loading from file system: /assets/textures/projectile.png
18:39:27.005 [JavaFX Application Thread] DEBUG AssetLoaderService   - Loading from cache: /assets/textures/projectile.png
18:39:27.476 [JavaFX Application Thread] DEBUG AssetLoaderService   - Loading from cache: /assets/textures/projectile.png
18:39:27.659 [JavaFX Application Thread] DEBUG AssetLoaderService   - Loading from cache: /assets/textures/projectile.png
18:39:27.873 [JavaFX Application Thread] DEBUG AssetLoaderService   - Loading from cache: /assets/textures/asteroid.png
18:39:27.873 [JavaFX Application Thread] DEBUG AssetLoaderService   - Loading from cache: /assets/textures/asteroid.png
18:39:27.967 [JavaFX Application Thread] DEBUG AssetLoaderService   - Loading from cache: /assets/textures/projectile.png
18:39:28.498 [JavaFX Application Thread] DEBUG AssetLoaderService   - Loading from cache: /assets/textures/projectile.png
18:39:29.663 [JavaFX Application Thread] DEBUG AssetLoaderService   - Loading from cache: /assets/textures/projectile.png
18:39:29.868 [JavaFX Application Thread] DEBUG AssetLoaderService   - Loading from cache: /assets/textures/projectile.png
18:39:29.958 [JavaFX Application Thread] DEBUG AssetLoaderService   - Loading from cache: /assets/textures/asteroid.png
18:39:29.959 [JavaFX Application Thread] DEBUG AssetLoaderService   - Loading from cache: /assets/textures/asteroid.png
18:39:32.054 [JavaFX Application Thread] DEBUG AssetLoaderService   - Loading from cache: /assets/textures/asteroid.png
18:39:32.054 [JavaFX Application Thread] DEBUG AssetLoaderService   - Loading from cache: /assets/textures/asteroid.png
18:39:34.143 [JavaFX Application Thread] DEBUG AssetLoaderService   - Loading from cache: /assets/textures/asteroid.png
18:39:34.144 [JavaFX Application Thread] DEBUG AssetLoaderService   - Loading from cache: /assets/textures/asteroid.png
18:39:36.241 [JavaFX Application Thread] DEBUG AssetLoaderService   - Loading from cache: /assets/textures/asteroid.png
18:39:36.242 [JavaFX Application Thread] DEBUG AssetLoaderService   - Loading from cache: /assets/textures/asteroid.png
18:39:38.326 [JavaFX Application Thread] DEBUG AssetLoaderService   - Loading from cache: /assets/textures/asteroid.png
18:39:38.327 [JavaFX Application Thread] DEBUG AssetLoaderService   - Loading from cache: /assets/textures/asteroid.png
18:39:40.422 [JavaFX Application Thread] DEBUG AssetLoaderService   - Loading from cache: /assets/textures/asteroid.png
18:39:40.422 [JavaFX Application Thread] DEBUG AssetLoaderService   - Loading from cache: /assets/textures/asteroid.png
18:39:42.511 [JavaFX Application Thread] DEBUG AssetLoaderService   - Loading from cache: /assets/textures/asteroid.png
18:39:42.512 [JavaFX Application Thread] DEBUG AssetLoaderService   - Loading from cache: /assets/textures/asteroid.png
18:39:44.598 [JavaFX Application Thread] DEBUG AssetLoaderService   - Loading from cache: /assets/textures/asteroid.png
18:39:44.598 [JavaFX Application Thread] DEBUG AssetLoaderService   - Loading from cache: /assets/textures/asteroid.png
18:39:46.692 [JavaFX Application Thread] DEBUG AssetLoaderService   - Loading from cache: /assets/textures/asteroid.png
18:39:46.693 [JavaFX Application Thread] DEBUG AssetLoaderService   - Loading from cache: /assets/textures/asteroid.png
18:39:48.783 [JavaFX Application Thread] DEBUG AssetLoaderService   - Loading from cache: /assets/textures/asteroid.png
18:39:48.783 [JavaFX Application Thread] DEBUG AssetLoaderService   - Loading from cache: /assets/textures/asteroid.png
18:39:50.393 [JavaFX Application Thread] DEBUG GameApplication      - Exiting FXGL
18:39:50.393 [JavaFX Application Thread] DEBUG LoopRunner           - Stopping loop
18:39:50.393 [JavaFX Application Thread] DEBUG SystemBundleService  - Saving FXGL system data
18:39:50.394 [JavaFX Application Thread] DEBUG FileSystemAccess     - Writing to: C:\Users\dakot\IdeaProjects\350FXGLjavagame\system\fxgl.bundle
18:39:50.395 [JavaFX Application Thread] DEBUG GameApplication      - Shutting down background threads
18:39:50.396 [JavaFX Application Thread] DEBUG GameApplication      - Closing logger and exiting JavaFX
