02:09:33.305 [main                     ] DEBUG GameApplication      - Logger initialized
02:09:33.333 [main                     ] DEBUG GameApplication      - Logging settings
Title: Space Game
Version: 0.1
Width: 2000
Height: 1000
Fullscreen: false
Intro: false
Menus: false
Profiling: false
Single step:false
App Mode: DEVELOPER
Menu Key: ESCAPE
Stage Style: DECORATED
Scene Factory: class com.almasb.fxgl.app.scene.SceneFactory

02:09:33.863 [JavaFX Application Thread] DEBUG GameApplication      - Initializing FXGL
02:09:33.876 [JavaFX Application Thread] INFO  Engine               - FXGL-11.8 (08.03.2020 09.09) on WINDOWS (J:11.0.12 FX:13.0.2)
02:09:33.877 [JavaFX Application Thread] INFO  Engine               - Source code and latest versions at: https://github.com/AlmasB/FXGL
02:09:33.877 [JavaFX Application Thread] INFO  Engine               -              Join the FXGL chat at: https://gitter.im/AlmasB/FXGL
02:09:34.057 [JavaFX Application Thread] DEBUG MainWindow           - Creating a JavaFX scene
02:09:34.057 [JavaFX Application Thread] DEBUG MainWindow           - Target size > screen size
02:09:34.166 [JavaFX Application Thread] DEBUG MainWindow           - Target settings size: 2000.0 x 1000.0
02:09:34.166 [JavaFX Application Thread] DEBUG MainWindow           - Scaled scene size:    1511.0 x 768.0
02:09:34.166 [JavaFX Application Thread] DEBUG MainWindow           - Scaled ratio: (0.7555, 0.768)
02:09:34.168 [JavaFX Application Thread] DEBUG MainWindow           - Set initial scene to FXGLStartupScene
02:09:34.178 [JavaFX Application Thread] DEBUG MainWindow           - Opening main window
02:09:34.286 [JavaFX Application Thread] DEBUG MainWindow           - Window border size: (14.5999755859375, 37.5999755859375)
02:09:34.287 [JavaFX Application Thread] DEBUG MainWindow           - Scaled size: 1511.0 x 768.0
02:09:34.287 [JavaFX Application Thread] DEBUG MainWindow           - Scaled ratio: (0.7555, 0.768)
02:09:34.287 [JavaFX Application Thread] DEBUG MainWindow           - Scene size: 1511.0 x 768.0
02:09:34.288 [JavaFX Application Thread] DEBUG MainWindow           - Stage size: 1525.5999755859375 x 805.5999755859375
02:09:34.298 [FXGL Background Thread 1 ] DEBUG Engine               - Initializing environment variables
02:09:34.337 [FXGL Background Thread 1 ] DEBUG WindowService        - Applying CSS: fxgl_dark.css
02:09:34.338 [FXGL Background Thread 1 ] DEBUG AssetLoaderService   - Loading from file system: /assets/ui/css/fxgl_dark.css
02:09:34.424 [FXGL Background Thread 1 ] DEBUG WindowService        - Initializing application scenes
02:09:34.480 [FXGL Background Thread 1 ] DEBUG GameWorld            - Game world initialized
02:09:34.543 [FXGL Background Thread 1 ] DEBUG PhysicsWorld         - Physics world initialized: appHeight=1000, physics.ppm=50.0
02:09:34.546 [FXGL Background Thread 1 ] DEBUG GameScene            - Game scene initialized: 2000x1000
02:09:34.562 [FXGL Background Thread 1 ] DEBUG Input                - Registered new binding: Resume - Esc
02:09:34.570 [FXGL Background Thread 1 ] DEBUG AssetLoaderService   - Loading from file system: /assets/textures/pause_menu_bg.png
02:09:34.631 [FXGL Background Thread 1 ] DEBUG Input                - Registered new binding: Pause - Esc
02:09:34.631 [FXGL Background Thread 1 ] DEBUG WindowService        - Application scenes initialized
02:09:34.645 [FXGL Background Thread 1 ] DEBUG SystemBundleService  - Loading FXGL system data
02:09:34.650 [FXGL Background Thread 1 ] DEBUG FileSystemAccess     - Reading from: C:\Users\dakot\IdeaProjects\350FXGLjavagame\system\fxgl.bundle
02:09:34.656 [FXGL Background Thread 1 ] DEBUG SystemBundleService  - Bundle FXGL: {}
02:09:34.656 [FXGL Background Thread 1 ] INFO  Engine               - FXGL initialization took: 0.355 sec
02:09:34.658 [FXGL Background Thread 1 ] DEBUG GameApplication      - Loading localizations
02:09:34.658 [FXGL Background Thread 1 ] DEBUG AssetLoaderService   - Loading from file system: /assets/properties/languages/english.properties
02:09:34.660 [FXGL Background Thread 1 ] DEBUG AssetLoaderService   - Loading from file system: /assets/properties/languages/french.properties
02:09:34.661 [FXGL Background Thread 1 ] DEBUG AssetLoaderService   - Loading from file system: /assets/properties/languages/german.properties
02:09:34.663 [FXGL Background Thread 1 ] DEBUG AssetLoaderService   - Loading from file system: /assets/properties/languages/hungarian.properties
02:09:34.664 [FXGL Background Thread 1 ] DEBUG AssetLoaderService   - Loading from file system: /assets/properties/languages/russian.properties
02:09:34.666 [FXGL Background Thread 1 ] DEBUG GameApplication      - Registering font factories with UI factory
02:09:34.666 [FXGL Background Thread 1 ] DEBUG AssetLoaderService   - Loading from file system: /assets/ui/fonts/VarelaRound-Regular.ttf
02:09:34.808 [FXGL Background Thread 1 ] DEBUG AssetLoaderService   - Loading from file system: /assets/ui/fonts/Abel-Regular.ttf
02:09:34.811 [FXGL Background Thread 1 ] DEBUG AssetLoaderService   - Loading from file system: /assets/ui/fonts/lucida_console.ttf
02:09:34.815 [FXGL Background Thread 1 ] DEBUG AssetLoaderService   - Loading from file system: /assets/ui/fonts/Courier-Prime.ttf
02:09:34.821 [JavaFX Application Thread] DEBUG Input                - Registered new binding: action0 - D
02:09:34.821 [JavaFX Application Thread] DEBUG Input                - Registered new binding: action1 - A
02:09:34.822 [JavaFX Application Thread] DEBUG Input                - Registered new binding: action2 - W
02:09:34.822 [JavaFX Application Thread] DEBUG Input                - Registered new binding: action3 - Space
02:09:34.822 [JavaFX Application Thread] DEBUG AssetLoaderService   - Loading from file system: /assets/textures/fxgl_icon.png
02:09:34.847 [JavaFX Application Thread] DEBUG AssetLoaderService   - Loading from file system: /assets/ui/cursors/fxgl_default.png
02:09:34.850 [JavaFX Application Thread] DEBUG Input                - Registered new binding: Screenshot - P
02:09:34.850 [JavaFX Application Thread] DEBUG Input                - Registered new binding: System info dump - CTRL+9
02:09:34.851 [JavaFX Application Thread] DEBUG Input                - Registered new binding: Restart - CTRL+R
02:09:34.852 [JavaFX Application Thread] DEBUG LoopRunner           - Starting loop
02:09:34.862 [JavaFX Application Thread] DEBUG FXGLStartupScene     - STARTUP
02:09:34.862 [JavaFX Application Thread] DEBUG WindowService        - Starting new game
02:09:34.866 [JavaFX Application Thread] DEBUG Input                - Clearing active input actions
02:09:34.881 [JavaFX Application Thread] DEBUG WindowService        - Removing overlay from FXGLStartupScene and adding to FXGLLoadingScene
02:09:34.881 [JavaFX Application Thread] DEBUG MainWindow           - FXGLStartupScene -> FXGLLoadingScene
02:09:34.881 [JavaFX Application Thread] DEBUG WindowService        - Clearing previous game
02:09:34.882 [JavaFX Application Thread] DEBUG GameScene            - Clearing game scene
02:09:34.882 [JavaFX Application Thread] DEBUG GameWorld            - Clearing game world
02:09:34.882 [JavaFX Application Thread] DEBUG PhysicsWorld         - Clearing physics world
02:09:34.883 [FXGL Background Thread 1 ] DEBUG GameApplication      - Initializing game
02:09:34.895 [FXGL Background Thread 1 ] DEBUG AssetLoaderService   - Loading from file system: /assets/textures/spacebackground.png
02:09:34.976 [FXGL Background Thread 1 ] DEBUG AssetLoaderService   - Loading from file system: /assets/textures/spaceship.png
02:09:34.987 [FXGL Background Thread 1 ] INFO  GameApplication      - Game initialization took: 0.103 sec
02:09:35.007 [JavaFX Application Thread] DEBUG Input                - Clearing active input actions
02:09:35.022 [JavaFX Application Thread] DEBUG WindowService        - Removing overlay from FXGLLoadingScene and adding to GameScene
02:09:35.022 [JavaFX Application Thread] DEBUG MainWindow           - FXGLLoadingScene -> GameScene
02:09:35.530 [JavaFX Application Thread] DEBUG AssetLoaderService   - Loading from file system: /assets/textures/projectile.png
02:09:36.303 [JavaFX Application Thread] DEBUG AssetLoaderService   - Loading from cache: /assets/textures/projectile.png
02:09:36.889 [JavaFX Application Thread] DEBUG AssetLoaderService   - Loading from cache: /assets/textures/projectile.png
02:09:37.322 [JavaFX Application Thread] DEBUG AssetLoaderService   - Loading from cache: /assets/textures/projectile.png
02:09:37.540 [JavaFX Application Thread] DEBUG AssetLoaderService   - Loading from cache: /assets/textures/projectile.png
02:09:37.658 [FXGL Background Thread 2 ] DEBUG Engine               - Logging environment variables
02:09:37.658 [FXGL Background Thread 2 ] DEBUG Engine               - achievements: []
02:09:37.659 [FXGL Background Thread 2 ] DEBUG Engine               - language: ObjectProperty [value: ENGLISH]
02:09:37.659 [FXGL Background Thread 2 ] DEBUG Engine               - isCloseConfirmation: false
02:09:37.659 [FXGL Background Thread 2 ] DEBUG Engine               - isProfilingEnabled: false
02:09:37.659 [FXGL Background Thread 2 ] DEBUG Engine               - soundNotification: core/notification.wav
02:09:37.659 [FXGL Background Thread 2 ] DEBUG Engine               - devShowBBoxProperty: BooleanProperty [value: false]
02:09:37.659 [FXGL Background Thread 2 ] DEBUG Engine               - pixelsPerMeter: 50.0
02:09:37.660 [FXGL Background Thread 2 ] DEBUG Engine               - appIcon: fxgl_icon.png
02:09:37.660 [FXGL Background Thread 2 ] DEBUG Engine               - soundMenuBack: menu/back.wav
02:09:37.660 [FXGL Background Thread 2 ] DEBUG Engine               - isFullScreenAllowed: false
02:09:37.661 [FXGL Background Thread 2 ] DEBUG Engine               - isIntroEnabled: false
02:09:37.661 [FXGL Background Thread 2 ] DEBUG Engine               - fontMono: lucida_console.ttf
02:09:37.661 [FXGL Background Thread 2 ] DEBUG Engine               - soundMenuSelect: menu/select.wav
02:09:37.661 [FXGL Background Thread 2 ] DEBUG Engine               - isWindows: true
02:09:37.662 [FXGL Background Thread 2 ] DEBUG Engine               - isMobile: false
02:09:37.662 [FXGL Background Thread 2 ] DEBUG Engine               - isUserProfileEnabled: false
02:09:37.662 [FXGL Background Thread 2 ] DEBUG Engine               - height: 1000
02:09:37.662 [FXGL Background Thread 2 ] DEBUG Engine               - isExperimentalNative: false
02:09:37.663 [FXGL Background Thread 2 ] DEBUG Engine               - settings: Title: Space Game
Version: 0.1
Width: 2000
Height: 1000
Fullscreen: false
Intro: false
Menus: false
Profiling: false
Single step:false
App Mode: DEVELOPER
Menu Key: ESCAPE
Stage Style: DECORATED
Scene Factory: class com.almasb.fxgl.app.scene.SceneFactory

02:09:37.663 [FXGL Background Thread 2 ] DEBUG Engine               - cSSList: [fxgl_dark.css]
02:09:37.664 [FXGL Background Thread 2 ] DEBUG Engine               - isSingleStep: false
02:09:37.664 [FXGL Background Thread 2 ] DEBUG Engine               - fontGame: Abel-Regular.ttf
02:09:37.664 [FXGL Background Thread 2 ] DEBUG Engine               - menuKey: ESCAPE
02:09:37.664 [FXGL Background Thread 2 ] DEBUG Engine               - devShowPositionProperty: BooleanProperty [value: false]
02:09:37.665 [FXGL Background Thread 2 ] DEBUG Engine               - versionCheckDays: 7
02:09:37.665 [FXGL Background Thread 2 ] DEBUG Engine               - configClass: Optional.empty
02:09:37.665 [FXGL Background Thread 2 ] DEBUG Engine               - isFullScreenFromStart: false
02:09:37.666 [FXGL Background Thread 2 ] DEBUG Engine               - version: 0.1
02:09:37.666 [FXGL Background Thread 2 ] DEBUG Engine               - fullScreen: BooleanProperty [value: false]
02:09:37.666 [FXGL Background Thread 2 ] DEBUG Engine               - randomSeed: -1
02:09:37.667 [FXGL Background Thread 2 ] DEBUG Engine               - gameDifficultyProperty: ObjectProperty [value: MEDIUM]
02:09:37.667 [FXGL Background Thread 2 ] DEBUG Engine               - applicationMode: DEVELOPER
02:09:37.667 [FXGL Background Thread 2 ] DEBUG Engine               - isMac: false
02:09:37.667 [FXGL Background Thread 2 ] DEBUG Engine               - isMenuEnabled: false
02:09:37.668 [FXGL Background Thread 2 ] DEBUG Engine               - profileName: StringProperty [value: DEFAULT]
02:09:37.668 [FXGL Background Thread 2 ] DEBUG Engine               - urlPOM: https://raw.githubusercontent.com/AlmasB/FXGL/master/pom.xml
02:09:37.668 [FXGL Background Thread 2 ] DEBUG Engine               - notificationViewClass: class com.almasb.fxgl.notification.view.XboxNotificationView
02:09:37.669 [FXGL Background Thread 2 ] DEBUG Engine               - devSensorColorProperty: ObjectProperty [value: 0xffff00ff]
02:09:37.669 [FXGL Background Thread 2 ] DEBUG Engine               - sceneFactory: com.almasb.fxgl.app.scene.SceneFactory@1621570d
02:09:37.670 [FXGL Background Thread 2 ] DEBUG Engine               - stageStyle: DECORATED
02:09:37.670 [FXGL Background Thread 2 ] DEBUG Engine               - isManualResizeEnabled: false
02:09:37.671 [FXGL Background Thread 2 ] DEBUG Engine               - title: Space Game
02:09:37.671 [FXGL Background Thread 2 ] DEBUG Engine               - platform: WINDOWS
02:09:37.671 [FXGL Background Thread 2 ] DEBUG Engine               - devBBoxColorProperty: ObjectProperty [value: 0xff0000ff]
02:09:37.672 [FXGL Background Thread 2 ] DEBUG Engine               - gameDifficulty: MEDIUM
02:09:37.672 [FXGL Background Thread 2 ] DEBUG Engine               - isDesktop: true
02:09:37.672 [FXGL Background Thread 2 ] DEBUG Engine               - supportedLanguages: [ENGLISH, FRENCH, GERMAN, HUNGARIAN, RUSSIAN]
02:09:37.672 [FXGL Background Thread 2 ] DEBUG Engine               - credits: []
02:09:37.673 [FXGL Background Thread 2 ] DEBUG Engine               - globalMusicVolumeProperty: DoubleProperty [value: 0.5]
02:09:37.673 [FXGL Background Thread 2 ] DEBUG Engine               - isPreserveResizeRatio: false
02:09:37.673 [FXGL Background Thread 2 ] DEBUG Engine               - fontText: Courier-Prime.ttf
02:09:37.674 [FXGL Background Thread 2 ] DEBUG Engine               - isExperimentalTiledLargeMap: false
02:09:37.674 [FXGL Background Thread 2 ] DEBUG Engine               - secondsIn24h: 60
02:09:37.674 [FXGL Background Thread 2 ] DEBUG Engine               - runtimeInfo: RuntimeInfo(platform=WINDOWS, version=11.8, build=08.03.2020 09.09)
02:09:37.675 [FXGL Background Thread 2 ] DEBUG Engine               - isLinux: false
02:09:37.675 [FXGL Background Thread 2 ] DEBUG Engine               - soundMenuPress: menu/press.wav
02:09:37.675 [FXGL Background Thread 2 ] DEBUG Engine               - urlGithub: https://github.com/AlmasB/FXGL
02:09:37.675 [FXGL Background Thread 2 ] DEBUG Engine               - profileDir: profiles/
02:09:37.676 [FXGL Background Thread 2 ] DEBUG Engine               - isDeveloperMenuEnabled: false
02:09:37.676 [FXGL Background Thread 2 ] DEBUG Engine               - globalSoundVolumeProperty: DoubleProperty [value: 0.5]
02:09:37.676 [FXGL Background Thread 2 ] DEBUG Engine               - mainWindow: com.almasb.fxgl.app.MainWindow@121ec111
02:09:37.676 [FXGL Background Thread 2 ] DEBUG Engine               - isBrowser: false
02:09:37.677 [FXGL Background Thread 2 ] DEBUG Engine               - globalSoundVolume: 0.5
02:09:37.677 [FXGL Background Thread 2 ] DEBUG Engine               - urlLeaderboard: http://fxgl-top.herokuapp.com/
02:09:37.677 [FXGL Background Thread 2 ] DEBUG Engine               - engineServices: [class com.almasb.fxgl.app.GameApplication$GameApplicationService, class com.almasb.fxgl.app.services.WindowService, class com.almasb.fxgl.app.services.FXGLDialogService, class com.almasb.fxgl.app.services.IOTaskExecutorService, class com.almasb.fxgl.event.EventBusService, class com.almasb.fxgl.io.FileSystemService, class com.almasb.fxgl.localization.LocalizationService, class com.almasb.fxgl.app.services.AssetLoaderService, class com.almasb.fxgl.app.services.SystemBundleService, class com.almasb.fxgl.profile.SaveLoadService, class com.almasb.fxgl.ui.FXGLUIFactoryServiceProvider, class com.almasb.fxgl.ui.FXGLDialogFactoryServiceProvider, class com.almasb.fxgl.audio.AudioPlayer, class com.almasb.fxgl.notification.impl.NotificationServiceProvider, class com.almasb.fxgl.achievement.AchievementService, class com.almasb.fxgl.cutscene.CutsceneService, class com.almasb.fxgl.minigames.MiniGameService, class com.almasb.fxgl.net.NetService, class com.almasb.fxgl.app.services.UpdaterService]
02:09:37.677 [FXGL Background Thread 2 ] DEBUG Engine               - globalMusicVolume: 0.5
02:09:37.678 [FXGL Background Thread 2 ] DEBUG Engine               - width: 2000
02:09:37.678 [FXGL Background Thread 2 ] DEBUG Engine               - saveFileExt: sav
02:09:37.678 [FXGL Background Thread 2 ] DEBUG Engine               - isAndroid: false
02:09:37.678 [FXGL Background Thread 2 ] DEBUG Engine               - fontUI: VarelaRound-Regular.ttf
02:09:37.679 [FXGL Background Thread 2 ] DEBUG Engine               - enabledMenuItems: []
02:09:37.679 [FXGL Background Thread 2 ] DEBUG Engine               - isIOS: false
02:09:37.680 [FXGL Background Thread 2 ] DEBUG Engine               - Logging services
02:09:37.680 [FXGL Background Thread 2 ] DEBUG Engine               - class com.almasb.fxgl.app.GameApplication$GameApplicationService
02:09:37.680 [FXGL Background Thread 2 ] DEBUG Engine               - class com.almasb.fxgl.app.services.WindowService
02:09:37.680 [FXGL Background Thread 2 ] DEBUG Engine               - class com.almasb.fxgl.app.services.FXGLDialogService
02:09:37.680 [FXGL Background Thread 2 ] DEBUG Engine               - class com.almasb.fxgl.app.services.IOTaskExecutorService
02:09:37.681 [FXGL Background Thread 2 ] DEBUG Engine               - class com.almasb.fxgl.event.EventBusService
02:09:37.681 [FXGL Background Thread 2 ] DEBUG Engine               - class com.almasb.fxgl.io.FileSystemService
02:09:37.681 [FXGL Background Thread 2 ] DEBUG Engine               - class com.almasb.fxgl.localization.LocalizationService
02:09:37.681 [FXGL Background Thread 2 ] DEBUG Engine               - class com.almasb.fxgl.app.services.AssetLoaderService
02:09:37.682 [FXGL Background Thread 2 ] DEBUG Engine               - class com.almasb.fxgl.app.services.SystemBundleService
02:09:37.682 [FXGL Background Thread 2 ] DEBUG Engine               - class com.almasb.fxgl.profile.SaveLoadService
02:09:37.682 [FXGL Background Thread 2 ] DEBUG Engine               - class com.almasb.fxgl.ui.FXGLUIFactoryServiceProvider
02:09:37.682 [FXGL Background Thread 2 ] DEBUG Engine               - class com.almasb.fxgl.ui.FXGLDialogFactoryServiceProvider
02:09:37.683 [FXGL Background Thread 2 ] DEBUG Engine               - class com.almasb.fxgl.audio.AudioPlayer
02:09:37.683 [FXGL Background Thread 2 ] DEBUG Engine               - class com.almasb.fxgl.notification.impl.NotificationServiceProvider
02:09:37.683 [FXGL Background Thread 2 ] DEBUG Engine               - class com.almasb.fxgl.achievement.AchievementService
02:09:37.683 [FXGL Background Thread 2 ] DEBUG Engine               - class com.almasb.fxgl.cutscene.CutsceneService
02:09:37.684 [FXGL Background Thread 2 ] DEBUG Engine               - class com.almasb.fxgl.minigames.MiniGameService
02:09:37.684 [FXGL Background Thread 2 ] DEBUG Engine               - class com.almasb.fxgl.net.NetService
02:09:37.684 [FXGL Background Thread 2 ] DEBUG Engine               - class com.almasb.fxgl.app.services.UpdaterService
02:09:38.093 [JavaFX Application Thread] DEBUG AssetLoaderService   - Loading from cache: /assets/textures/projectile.png
02:09:38.868 [JavaFX Application Thread] DEBUG AssetLoaderService   - Loading from cache: /assets/textures/projectile.png
02:09:39.158 [JavaFX Application Thread] DEBUG AssetLoaderService   - Loading from cache: /assets/textures/projectile.png
02:09:39.851 [JavaFX Application Thread] DEBUG AssetLoaderService   - Loading from cache: /assets/textures/projectile.png
02:09:39.978 [JavaFX Application Thread] DEBUG AssetLoaderService   - Loading from file system: /assets/textures/asteroid.png
02:09:39.992 [JavaFX Application Thread] DEBUG AssetLoaderService   - Loading from cache: /assets/textures/asteroid.png
02:09:40.341 [JavaFX Application Thread] DEBUG AssetLoaderService   - Loading from cache: /assets/textures/projectile.png
02:09:42.165 [JavaFX Application Thread] DEBUG AssetLoaderService   - Loading from cache: /assets/textures/projectile.png
02:09:42.745 [JavaFX Application Thread] DEBUG AssetLoaderService   - Loading from cache: /assets/textures/projectile.png
02:09:43.408 [JavaFX Application Thread] DEBUG AssetLoaderService   - Loading from cache: /assets/textures/projectile.png
02:09:44.012 [JavaFX Application Thread] DEBUG AssetLoaderService   - Loading from cache: /assets/textures/projectile.png
02:09:44.888 [JavaFX Application Thread] DEBUG AssetLoaderService   - Loading from cache: /assets/textures/projectile.png
02:09:44.987 [JavaFX Application Thread] DEBUG AssetLoaderService   - Loading from cache: /assets/textures/asteroid.png
02:09:44.989 [JavaFX Application Thread] DEBUG AssetLoaderService   - Loading from cache: /assets/textures/asteroid.png
02:09:49.978 [JavaFX Application Thread] DEBUG AssetLoaderService   - Loading from cache: /assets/textures/asteroid.png
02:09:49.981 [JavaFX Application Thread] DEBUG AssetLoaderService   - Loading from cache: /assets/textures/asteroid.png
02:09:52.846 [JavaFX Application Thread] DEBUG AssetLoaderService   - Loading from cache: /assets/textures/projectile.png
02:09:53.094 [JavaFX Application Thread] DEBUG AssetLoaderService   - Loading from cache: /assets/textures/projectile.png
02:09:53.411 [JavaFX Application Thread] DEBUG AssetLoaderService   - Loading from cache: /assets/textures/projectile.png
02:09:54.853 [JavaFX Application Thread] DEBUG AssetLoaderService   - Loading from cache: /assets/textures/projectile.png
02:09:55.002 [JavaFX Application Thread] DEBUG AssetLoaderService   - Loading from cache: /assets/textures/asteroid.png
02:09:55.004 [JavaFX Application Thread] DEBUG AssetLoaderService   - Loading from cache: /assets/textures/asteroid.png
02:09:56.579 [JavaFX Application Thread] DEBUG AssetLoaderService   - Loading from cache: /assets/textures/projectile.png
02:09:57.185 [JavaFX Application Thread] DEBUG AssetLoaderService   - Loading from cache: /assets/textures/projectile.png
02:09:57.762 [JavaFX Application Thread] DEBUG AssetLoaderService   - Loading from cache: /assets/textures/projectile.png
02:09:58.868 [JavaFX Application Thread] DEBUG AssetLoaderService   - Loading from cache: /assets/textures/projectile.png
02:10:00.026 [JavaFX Application Thread] DEBUG AssetLoaderService   - Loading from cache: /assets/textures/asteroid.png
02:10:00.028 [JavaFX Application Thread] DEBUG AssetLoaderService   - Loading from cache: /assets/textures/asteroid.png
02:10:00.597 [JavaFX Application Thread] DEBUG AssetLoaderService   - Loading from cache: /assets/textures/projectile.png
02:10:01.032 [JavaFX Application Thread] DEBUG AssetLoaderService   - Loading from cache: /assets/textures/projectile.png
02:10:01.498 [JavaFX Application Thread] DEBUG AssetLoaderService   - Loading from cache: /assets/textures/projectile.png
02:10:02.281 [JavaFX Application Thread] DEBUG AssetLoaderService   - Loading from cache: /assets/textures/projectile.png
02:10:02.581 [JavaFX Application Thread] DEBUG AssetLoaderService   - Loading from cache: /assets/textures/projectile.png
02:10:03.065 [JavaFX Application Thread] DEBUG AssetLoaderService   - Loading from cache: /assets/textures/projectile.png
02:10:03.386 [JavaFX Application Thread] DEBUG AssetLoaderService   - Loading from cache: /assets/textures/projectile.png
02:10:04.583 [JavaFX Application Thread] DEBUG AssetLoaderService   - Loading from cache: /assets/textures/projectile.png
02:10:05.034 [JavaFX Application Thread] DEBUG AssetLoaderService   - Loading from cache: /assets/textures/asteroid.png
02:10:05.036 [JavaFX Application Thread] DEBUG AssetLoaderService   - Loading from cache: /assets/textures/asteroid.png
02:10:05.418 [JavaFX Application Thread] DEBUG AssetLoaderService   - Loading from cache: /assets/textures/projectile.png
02:10:06.283 [JavaFX Application Thread] DEBUG AssetLoaderService   - Loading from cache: /assets/textures/projectile.png
02:10:07.144 [JavaFX Application Thread] DEBUG AssetLoaderService   - Loading from cache: /assets/textures/projectile.png
02:10:07.400 [JavaFX Application Thread] DEBUG AssetLoaderService   - Loading from cache: /assets/textures/projectile.png
02:10:08.572 [JavaFX Application Thread] DEBUG AssetLoaderService   - Loading from cache: /assets/textures/projectile.png
02:10:08.968 [JavaFX Application Thread] DEBUG AssetLoaderService   - Loading from cache: /assets/textures/projectile.png
02:10:09.854 [JavaFX Application Thread] DEBUG AssetLoaderService   - Loading from cache: /assets/textures/projectile.png
02:10:10.058 [JavaFX Application Thread] DEBUG AssetLoaderService   - Loading from cache: /assets/textures/asteroid.png
02:10:10.060 [JavaFX Application Thread] DEBUG AssetLoaderService   - Loading from cache: /assets/textures/asteroid.png
02:10:10.871 [JavaFX Application Thread] DEBUG AssetLoaderService   - Loading from cache: /assets/textures/projectile.png
02:10:11.179 [JavaFX Application Thread] DEBUG AssetLoaderService   - Loading from cache: /assets/textures/projectile.png
02:10:11.430 [JavaFX Application Thread] DEBUG AssetLoaderService   - Loading from cache: /assets/textures/projectile.png
02:10:11.656 [JavaFX Application Thread] DEBUG AssetLoaderService   - Loading from cache: /assets/textures/projectile.png
02:10:12.265 [JavaFX Application Thread] DEBUG AssetLoaderService   - Loading from cache: /assets/textures/projectile.png
02:10:12.453 [JavaFX Application Thread] DEBUG AssetLoaderService   - Loading from cache: /assets/textures/projectile.png
02:10:12.667 [JavaFX Application Thread] DEBUG AssetLoaderService   - Loading from cache: /assets/textures/projectile.png
02:10:12.853 [JavaFX Application Thread] DEBUG AssetLoaderService   - Loading from cache: /assets/textures/projectile.png
02:10:13.039 [JavaFX Application Thread] DEBUG AssetLoaderService   - Loading from cache: /assets/textures/projectile.png
02:10:13.303 [JavaFX Application Thread] DEBUG AssetLoaderService   - Loading from cache: /assets/textures/projectile.png
02:10:13.430 [JavaFX Application Thread] DEBUG AssetLoaderService   - Loading from cache: /assets/textures/projectile.png
02:10:13.723 [JavaFX Application Thread] DEBUG AssetLoaderService   - Loading from cache: /assets/textures/projectile.png
02:10:13.954 [JavaFX Application Thread] DEBUG AssetLoaderService   - Loading from cache: /assets/textures/projectile.png
02:10:14.154 [JavaFX Application Thread] DEBUG AssetLoaderService   - Loading from cache: /assets/textures/projectile.png
02:10:14.390 [JavaFX Application Thread] DEBUG AssetLoaderService   - Loading from cache: /assets/textures/projectile.png
02:10:14.600 [JavaFX Application Thread] DEBUG AssetLoaderService   - Loading from cache: /assets/textures/projectile.png
02:10:14.810 [JavaFX Application Thread] DEBUG AssetLoaderService   - Loading from cache: /assets/textures/projectile.png
02:10:15.026 [JavaFX Application Thread] DEBUG AssetLoaderService   - Loading from cache: /assets/textures/projectile.png
02:10:15.082 [JavaFX Application Thread] DEBUG AssetLoaderService   - Loading from cache: /assets/textures/asteroid.png
02:10:15.084 [JavaFX Application Thread] DEBUG AssetLoaderService   - Loading from cache: /assets/textures/asteroid.png
02:10:15.271 [JavaFX Application Thread] DEBUG AssetLoaderService   - Loading from cache: /assets/textures/projectile.png
02:10:15.490 [JavaFX Application Thread] DEBUG AssetLoaderService   - Loading from cache: /assets/textures/projectile.png
02:10:15.707 [JavaFX Application Thread] DEBUG AssetLoaderService   - Loading from cache: /assets/textures/projectile.png
02:10:15.929 [JavaFX Application Thread] DEBUG AssetLoaderService   - Loading from cache: /assets/textures/projectile.png
02:10:16.162 [JavaFX Application Thread] DEBUG AssetLoaderService   - Loading from cache: /assets/textures/projectile.png
02:10:16.375 [JavaFX Application Thread] DEBUG AssetLoaderService   - Loading from cache: /assets/textures/projectile.png
02:10:16.623 [JavaFX Application Thread] DEBUG AssetLoaderService   - Loading from cache: /assets/textures/projectile.png
02:10:16.838 [JavaFX Application Thread] DEBUG AssetLoaderService   - Loading from cache: /assets/textures/projectile.png
02:10:17.064 [JavaFX Application Thread] DEBUG AssetLoaderService   - Loading from cache: /assets/textures/projectile.png
02:10:17.291 [JavaFX Application Thread] DEBUG AssetLoaderService   - Loading from cache: /assets/textures/projectile.png
02:10:17.489 [JavaFX Application Thread] DEBUG AssetLoaderService   - Loading from cache: /assets/textures/projectile.png
02:10:17.705 [JavaFX Application Thread] DEBUG AssetLoaderService   - Loading from cache: /assets/textures/projectile.png
02:10:17.927 [JavaFX Application Thread] DEBUG AssetLoaderService   - Loading from cache: /assets/textures/projectile.png
02:10:18.151 [JavaFX Application Thread] DEBUG AssetLoaderService   - Loading from cache: /assets/textures/projectile.png
02:10:18.360 [JavaFX Application Thread] DEBUG AssetLoaderService   - Loading from cache: /assets/textures/projectile.png
02:10:18.587 [JavaFX Application Thread] DEBUG AssetLoaderService   - Loading from cache: /assets/textures/projectile.png
02:10:18.806 [JavaFX Application Thread] DEBUG AssetLoaderService   - Loading from cache: /assets/textures/projectile.png
02:10:19.023 [JavaFX Application Thread] DEBUG AssetLoaderService   - Loading from cache: /assets/textures/projectile.png
02:10:19.239 [JavaFX Application Thread] DEBUG AssetLoaderService   - Loading from cache: /assets/textures/projectile.png
02:10:19.457 [JavaFX Application Thread] DEBUG AssetLoaderService   - Loading from cache: /assets/textures/projectile.png
02:10:19.690 [JavaFX Application Thread] DEBUG AssetLoaderService   - Loading from cache: /assets/textures/projectile.png
02:10:19.940 [JavaFX Application Thread] DEBUG AssetLoaderService   - Loading from cache: /assets/textures/projectile.png
02:10:20.105 [JavaFX Application Thread] DEBUG AssetLoaderService   - Loading from cache: /assets/textures/asteroid.png
02:10:20.107 [JavaFX Application Thread] DEBUG AssetLoaderService   - Loading from cache: /assets/textures/asteroid.png
02:10:20.129 [JavaFX Application Thread] DEBUG AssetLoaderService   - Loading from cache: /assets/textures/projectile.png
02:10:20.373 [JavaFX Application Thread] DEBUG AssetLoaderService   - Loading from cache: /assets/textures/projectile.png
02:10:20.591 [JavaFX Application Thread] DEBUG AssetLoaderService   - Loading from cache: /assets/textures/projectile.png
02:10:20.840 [JavaFX Application Thread] DEBUG AssetLoaderService   - Loading from cache: /assets/textures/projectile.png
02:10:21.044 [JavaFX Application Thread] DEBUG AssetLoaderService   - Loading from cache: /assets/textures/projectile.png
02:10:23.734 [JavaFX Application Thread] DEBUG AssetLoaderService   - Loading from cache: /assets/textures/projectile.png
02:10:24.209 [JavaFX Application Thread] DEBUG AssetLoaderService   - Loading from cache: /assets/textures/projectile.png
02:10:24.442 [JavaFX Application Thread] DEBUG AssetLoaderService   - Loading from cache: /assets/textures/projectile.png
02:10:24.692 [JavaFX Application Thread] DEBUG AssetLoaderService   - Loading from cache: /assets/textures/projectile.png
02:10:25.114 [JavaFX Application Thread] DEBUG AssetLoaderService   - Loading from cache: /assets/textures/asteroid.png
02:10:25.116 [JavaFX Application Thread] DEBUG AssetLoaderService   - Loading from cache: /assets/textures/asteroid.png
02:10:25.288 [JavaFX Application Thread] DEBUG AssetLoaderService   - Loading from cache: /assets/textures/projectile.png
02:10:25.509 [JavaFX Application Thread] DEBUG AssetLoaderService   - Loading from cache: /assets/textures/projectile.png
02:10:27.977 [JavaFX Application Thread] DEBUG AssetLoaderService   - Loading from cache: /assets/textures/projectile.png
02:10:28.511 [JavaFX Application Thread] DEBUG AssetLoaderService   - Loading from cache: /assets/textures/projectile.png
02:10:30.139 [JavaFX Application Thread] DEBUG AssetLoaderService   - Loading from cache: /assets/textures/asteroid.png
02:10:30.140 [JavaFX Application Thread] DEBUG AssetLoaderService   - Loading from cache: /assets/textures/asteroid.png
02:10:35.162 [JavaFX Application Thread] DEBUG AssetLoaderService   - Loading from cache: /assets/textures/asteroid.png
02:10:35.163 [JavaFX Application Thread] DEBUG AssetLoaderService   - Loading from cache: /assets/textures/asteroid.png
02:10:35.797 [JavaFX Application Thread] DEBUG AssetLoaderService   - Loading from cache: /assets/textures/projectile.png
02:10:36.698 [JavaFX Application Thread] DEBUG AssetLoaderService   - Loading from cache: /assets/textures/projectile.png
02:10:36.815 [JavaFX Application Thread] DEBUG AssetLoaderService   - Loading from cache: /assets/textures/projectile.png
02:10:37.015 [JavaFX Application Thread] DEBUG AssetLoaderService   - Loading from cache: /assets/textures/projectile.png
02:10:37.204 [JavaFX Application Thread] DEBUG AssetLoaderService   - Loading from cache: /assets/textures/projectile.png
02:10:37.383 [JavaFX Application Thread] DEBUG AssetLoaderService   - Loading from cache: /assets/textures/projectile.png
02:10:37.553 [JavaFX Application Thread] DEBUG AssetLoaderService   - Loading from cache: /assets/textures/projectile.png
02:10:37.885 [JavaFX Application Thread] DEBUG AssetLoaderService   - Loading from cache: /assets/textures/projectile.png
02:10:38.198 [JavaFX Application Thread] DEBUG AssetLoaderService   - Loading from cache: /assets/textures/projectile.png
02:10:38.392 [JavaFX Application Thread] DEBUG AssetLoaderService   - Loading from cache: /assets/textures/projectile.png
02:10:38.555 [JavaFX Application Thread] DEBUG AssetLoaderService   - Loading from cache: /assets/textures/projectile.png
02:10:38.727 [JavaFX Application Thread] DEBUG AssetLoaderService   - Loading from cache: /assets/textures/projectile.png
02:10:40.170 [JavaFX Application Thread] DEBUG AssetLoaderService   - Loading from cache: /assets/textures/asteroid.png
02:10:40.172 [JavaFX Application Thread] DEBUG AssetLoaderService   - Loading from cache: /assets/textures/asteroid.png
02:10:41.149 [JavaFX Application Thread] DEBUG GameApplication      - Exiting FXGL
02:10:41.149 [JavaFX Application Thread] DEBUG LoopRunner           - Stopping loop
02:10:41.149 [JavaFX Application Thread] DEBUG SystemBundleService  - Saving FXGL system data
02:10:41.155 [JavaFX Application Thread] DEBUG FileSystemAccess     - Writing to: C:\Users\dakot\IdeaProjects\350FXGLjavagame\system\fxgl.bundle
02:10:41.160 [JavaFX Application Thread] DEBUG GameApplication      - Shutting down background threads
02:10:41.160 [JavaFX Application Thread] DEBUG GameApplication      - Closing logger and exiting JavaFX
