00:13:47.450 [main                     ] DEBUG GameApplication      - Logger initialized
00:13:47.478 [main                     ] DEBUG GameApplication      - Logging settings
Title: Space Game
Version: 0.1
Width: 2000
Height: 1000
Fullscreen: false
Intro: false
Menus: false
Profiling: false
Single step:false
App Mode: DEVELOPER
Menu Key: ESCAPE
Stage Style: DECORATED
Scene Factory: class com.almasb.fxgl.app.scene.SceneFactory

00:13:48.015 [JavaFX Application Thread] DEBUG GameApplication      - Initializing FXGL
00:13:48.030 [JavaFX Application Thread] INFO  Engine               - FXGL-11.8 (08.03.2020 09.09) on WINDOWS (J:11.0.12 FX:13.0.2)
00:13:48.030 [JavaFX Application Thread] INFO  Engine               - Source code and latest versions at: https://github.com/AlmasB/FXGL
00:13:48.030 [JavaFX Application Thread] INFO  Engine               -              Join the FXGL chat at: https://gitter.im/AlmasB/FXGL
00:13:48.218 [JavaFX Application Thread] DEBUG MainWindow           - Creating a JavaFX scene
00:13:48.219 [JavaFX Application Thread] DEBUG MainWindow           - Target size > screen size
00:13:48.323 [JavaFX Application Thread] DEBUG MainWindow           - Target settings size: 2000.0 x 1000.0
00:13:48.324 [JavaFX Application Thread] DEBUG MainWindow           - Scaled scene size:    1511.0 x 768.0
00:13:48.324 [JavaFX Application Thread] DEBUG MainWindow           - Scaled ratio: (0.7555, 0.768)
00:13:48.326 [JavaFX Application Thread] DEBUG MainWindow           - Set initial scene to FXGLStartupScene
00:13:48.336 [JavaFX Application Thread] DEBUG MainWindow           - Opening main window
00:13:48.445 [JavaFX Application Thread] DEBUG MainWindow           - Window border size: (14.5999755859375, 37.5999755859375)
00:13:48.445 [JavaFX Application Thread] DEBUG MainWindow           - Scaled size: 1511.0 x 768.0
00:13:48.446 [JavaFX Application Thread] DEBUG MainWindow           - Scaled ratio: (0.7555, 0.768)
00:13:48.446 [JavaFX Application Thread] DEBUG MainWindow           - Scene size: 1511.0 x 768.0
00:13:48.446 [JavaFX Application Thread] DEBUG MainWindow           - Stage size: 1525.5999755859375 x 805.5999755859375
00:13:48.458 [FXGL Background Thread 1 ] DEBUG Engine               - Initializing environment variables
00:13:48.500 [FXGL Background Thread 1 ] DEBUG WindowService        - Applying CSS: fxgl_dark.css
00:13:48.501 [FXGL Background Thread 1 ] DEBUG AssetLoaderService   - Loading from file system: /assets/ui/css/fxgl_dark.css
00:13:48.591 [FXGL Background Thread 1 ] DEBUG WindowService        - Initializing application scenes
00:13:48.646 [FXGL Background Thread 1 ] DEBUG GameWorld            - Game world initialized
00:13:48.723 [FXGL Background Thread 1 ] DEBUG PhysicsWorld         - Physics world initialized: appHeight=1000, physics.ppm=50.0
00:13:48.727 [FXGL Background Thread 1 ] DEBUG GameScene            - Game scene initialized: 2000x1000
00:13:48.746 [FXGL Background Thread 1 ] DEBUG Input                - Registered new binding: Resume - Esc
00:13:48.755 [FXGL Background Thread 1 ] DEBUG AssetLoaderService   - Loading from file system: /assets/textures/pause_menu_bg.png
00:13:48.815 [FXGL Background Thread 1 ] DEBUG Input                - Registered new binding: Pause - Esc
00:13:48.816 [FXGL Background Thread 1 ] DEBUG WindowService        - Application scenes initialized
00:13:48.827 [FXGL Background Thread 1 ] DEBUG SystemBundleService  - Loading FXGL system data
00:13:48.832 [FXGL Background Thread 1 ] DEBUG FileSystemAccess     - Reading from: C:\Users\dakot\IdeaProjects\350FXGLjavagame\system\fxgl.bundle
00:13:48.839 [FXGL Background Thread 1 ] DEBUG SystemBundleService  - Bundle FXGL: {}
00:13:48.840 [FXGL Background Thread 1 ] INFO  Engine               - FXGL initialization took: 0.379 sec
00:13:48.841 [FXGL Background Thread 1 ] DEBUG GameApplication      - Loading localizations
00:13:48.842 [FXGL Background Thread 1 ] DEBUG AssetLoaderService   - Loading from file system: /assets/properties/languages/english.properties
00:13:48.844 [FXGL Background Thread 1 ] DEBUG AssetLoaderService   - Loading from file system: /assets/properties/languages/french.properties
00:13:48.845 [FXGL Background Thread 1 ] DEBUG AssetLoaderService   - Loading from file system: /assets/properties/languages/german.properties
00:13:48.846 [FXGL Background Thread 1 ] DEBUG AssetLoaderService   - Loading from file system: /assets/properties/languages/hungarian.properties
00:13:48.848 [FXGL Background Thread 1 ] DEBUG AssetLoaderService   - Loading from file system: /assets/properties/languages/russian.properties
00:13:48.849 [FXGL Background Thread 1 ] DEBUG GameApplication      - Registering font factories with UI factory
00:13:48.849 [FXGL Background Thread 1 ] DEBUG AssetLoaderService   - Loading from file system: /assets/ui/fonts/VarelaRound-Regular.ttf
00:13:48.978 [FXGL Background Thread 1 ] DEBUG AssetLoaderService   - Loading from file system: /assets/ui/fonts/Abel-Regular.ttf
00:13:48.980 [FXGL Background Thread 1 ] DEBUG AssetLoaderService   - Loading from file system: /assets/ui/fonts/lucida_console.ttf
00:13:48.985 [FXGL Background Thread 1 ] DEBUG AssetLoaderService   - Loading from file system: /assets/ui/fonts/Courier-Prime.ttf
00:13:48.991 [JavaFX Application Thread] DEBUG AssetLoaderService   - Loading from file system: /assets/textures/fxgl_icon.png
00:13:49.012 [JavaFX Application Thread] DEBUG AssetLoaderService   - Loading from file system: /assets/ui/cursors/fxgl_default.png
00:13:49.015 [JavaFX Application Thread] DEBUG Input                - Registered new binding: Screenshot - P
00:13:49.015 [JavaFX Application Thread] DEBUG Input                - Registered new binding: System info dump - CTRL+9
00:13:49.016 [JavaFX Application Thread] DEBUG Input                - Registered new binding: Restart - CTRL+R
00:13:49.017 [JavaFX Application Thread] DEBUG LoopRunner           - Starting loop
00:13:49.034 [JavaFX Application Thread] DEBUG FXGLStartupScene     - STARTUP
00:13:49.035 [JavaFX Application Thread] DEBUG WindowService        - Starting new game
00:13:49.038 [JavaFX Application Thread] DEBUG Input                - Clearing active input actions
00:13:49.059 [JavaFX Application Thread] DEBUG WindowService        - Removing overlay from FXGLStartupScene and adding to FXGLLoadingScene
00:13:49.059 [JavaFX Application Thread] DEBUG MainWindow           - FXGLStartupScene -> FXGLLoadingScene
00:13:49.059 [JavaFX Application Thread] DEBUG WindowService        - Clearing previous game
00:13:49.059 [JavaFX Application Thread] DEBUG GameScene            - Clearing game scene
00:13:49.059 [JavaFX Application Thread] DEBUG GameWorld            - Clearing game world
00:13:49.060 [JavaFX Application Thread] DEBUG PhysicsWorld         - Clearing physics world
00:13:49.063 [FXGL Background Thread 1 ] DEBUG GameApplication      - Initializing game
00:13:49.079 [FXGL Background Thread 1 ] DEBUG AssetLoaderService   - Loading from file system: /assets/textures/spaceship.png
00:13:49.089 [FXGL Background Thread 1 ] DEBUG AssetLoaderService   - Loading from file system: /assets/textures/asteroid.png
00:13:49.092 [FXGL Background Thread 1 ] INFO  GameApplication      - Game initialization took: 0.029 sec
00:13:49.119 [JavaFX Application Thread] DEBUG Input                - Clearing active input actions
00:13:49.133 [JavaFX Application Thread] DEBUG WindowService        - Removing overlay from FXGLLoadingScene and adding to GameScene
00:13:49.133 [JavaFX Application Thread] DEBUG MainWindow           - FXGLLoadingScene -> GameScene
00:13:51.841 [FXGL Background Thread 2 ] DEBUG Engine               - Logging environment variables
00:13:51.841 [FXGL Background Thread 2 ] DEBUG Engine               - achievements: []
00:13:51.841 [FXGL Background Thread 2 ] DEBUG Engine               - language: ObjectProperty [value: ENGLISH]
00:13:51.841 [FXGL Background Thread 2 ] DEBUG Engine               - isCloseConfirmation: false
00:13:51.841 [FXGL Background Thread 2 ] DEBUG Engine               - isProfilingEnabled: false
00:13:51.841 [FXGL Background Thread 2 ] DEBUG Engine               - soundNotification: core/notification.wav
00:13:51.842 [FXGL Background Thread 2 ] DEBUG Engine               - devShowBBoxProperty: BooleanProperty [value: false]
00:13:51.842 [FXGL Background Thread 2 ] DEBUG Engine               - pixelsPerMeter: 50.0
00:13:51.842 [FXGL Background Thread 2 ] DEBUG Engine               - soundMenuBack: menu/back.wav
00:13:51.842 [FXGL Background Thread 2 ] DEBUG Engine               - appIcon: fxgl_icon.png
00:13:51.842 [FXGL Background Thread 2 ] DEBUG Engine               - isFullScreenAllowed: false
00:13:51.842 [FXGL Background Thread 2 ] DEBUG Engine               - isIntroEnabled: false
00:13:51.842 [FXGL Background Thread 2 ] DEBUG Engine               - fontMono: lucida_console.ttf
00:13:51.842 [FXGL Background Thread 2 ] DEBUG Engine               - soundMenuSelect: menu/select.wav
00:13:51.842 [FXGL Background Thread 2 ] DEBUG Engine               - isWindows: true
00:13:51.842 [FXGL Background Thread 2 ] DEBUG Engine               - isMobile: false
00:13:51.843 [FXGL Background Thread 2 ] DEBUG Engine               - isUserProfileEnabled: false
00:13:51.843 [FXGL Background Thread 2 ] DEBUG Engine               - height: 1000
00:13:51.843 [FXGL Background Thread 2 ] DEBUG Engine               - isExperimentalNative: false
00:13:51.843 [FXGL Background Thread 2 ] DEBUG Engine               - settings: Title: Space Game
Version: 0.1
Width: 2000
Height: 1000
Fullscreen: false
Intro: false
Menus: false
Profiling: false
Single step:false
App Mode: DEVELOPER
Menu Key: ESCAPE
Stage Style: DECORATED
Scene Factory: class com.almasb.fxgl.app.scene.SceneFactory

00:13:51.843 [FXGL Background Thread 2 ] DEBUG Engine               - cSSList: [fxgl_dark.css]
00:13:51.843 [FXGL Background Thread 2 ] DEBUG Engine               - isSingleStep: false
00:13:51.843 [FXGL Background Thread 2 ] DEBUG Engine               - fontGame: Abel-Regular.ttf
00:13:51.843 [FXGL Background Thread 2 ] DEBUG Engine               - menuKey: ESCAPE
00:13:51.843 [FXGL Background Thread 2 ] DEBUG Engine               - devShowPositionProperty: BooleanProperty [value: false]
00:13:51.843 [FXGL Background Thread 2 ] DEBUG Engine               - versionCheckDays: 7
00:13:51.843 [FXGL Background Thread 2 ] DEBUG Engine               - configClass: Optional.empty
00:13:51.843 [FXGL Background Thread 2 ] DEBUG Engine               - isFullScreenFromStart: false
00:13:51.844 [FXGL Background Thread 2 ] DEBUG Engine               - version: 0.1
00:13:51.844 [FXGL Background Thread 2 ] DEBUG Engine               - fullScreen: BooleanProperty [value: false]
00:13:51.844 [FXGL Background Thread 2 ] DEBUG Engine               - randomSeed: -1
00:13:51.844 [FXGL Background Thread 2 ] DEBUG Engine               - gameDifficultyProperty: ObjectProperty [value: MEDIUM]
00:13:51.844 [FXGL Background Thread 2 ] DEBUG Engine               - applicationMode: DEVELOPER
00:13:51.844 [FXGL Background Thread 2 ] DEBUG Engine               - isMac: false
00:13:51.844 [FXGL Background Thread 2 ] DEBUG Engine               - isMenuEnabled: false
00:13:51.844 [FXGL Background Thread 2 ] DEBUG Engine               - urlPOM: https://raw.githubusercontent.com/AlmasB/FXGL/master/pom.xml
00:13:51.844 [FXGL Background Thread 2 ] DEBUG Engine               - profileName: StringProperty [value: DEFAULT]
00:13:51.844 [FXGL Background Thread 2 ] DEBUG Engine               - notificationViewClass: class com.almasb.fxgl.notification.view.XboxNotificationView
00:13:51.845 [FXGL Background Thread 2 ] DEBUG Engine               - devSensorColorProperty: ObjectProperty [value: 0xffff00ff]
00:13:51.845 [FXGL Background Thread 2 ] DEBUG Engine               - sceneFactory: com.almasb.fxgl.app.scene.SceneFactory@2b8e08db
00:13:51.845 [FXGL Background Thread 2 ] DEBUG Engine               - stageStyle: DECORATED
00:13:51.845 [FXGL Background Thread 2 ] DEBUG Engine               - isManualResizeEnabled: false
00:13:51.845 [FXGL Background Thread 2 ] DEBUG Engine               - title: Space Game
00:13:51.845 [FXGL Background Thread 2 ] DEBUG Engine               - platform: WINDOWS
00:13:51.845 [FXGL Background Thread 2 ] DEBUG Engine               - devBBoxColorProperty: ObjectProperty [value: 0xff0000ff]
00:13:51.845 [FXGL Background Thread 2 ] DEBUG Engine               - gameDifficulty: MEDIUM
00:13:51.845 [FXGL Background Thread 2 ] DEBUG Engine               - isDesktop: true
00:13:51.845 [FXGL Background Thread 2 ] DEBUG Engine               - supportedLanguages: [ENGLISH, FRENCH, GERMAN, HUNGARIAN, RUSSIAN]
00:13:51.846 [FXGL Background Thread 2 ] DEBUG Engine               - credits: []
00:13:51.846 [FXGL Background Thread 2 ] DEBUG Engine               - globalMusicVolumeProperty: DoubleProperty [value: 0.5]
00:13:51.846 [FXGL Background Thread 2 ] DEBUG Engine               - isPreserveResizeRatio: false
00:13:51.846 [FXGL Background Thread 2 ] DEBUG Engine               - fontText: Courier-Prime.ttf
00:13:51.846 [FXGL Background Thread 2 ] DEBUG Engine               - isExperimentalTiledLargeMap: false
00:13:51.846 [FXGL Background Thread 2 ] DEBUG Engine               - secondsIn24h: 60
00:13:51.846 [FXGL Background Thread 2 ] DEBUG Engine               - runtimeInfo: RuntimeInfo(platform=WINDOWS, version=11.8, build=08.03.2020 09.09)
00:13:51.846 [FXGL Background Thread 2 ] DEBUG Engine               - isLinux: false
00:13:51.846 [FXGL Background Thread 2 ] DEBUG Engine               - soundMenuPress: menu/press.wav
00:13:51.846 [FXGL Background Thread 2 ] DEBUG Engine               - urlGithub: https://github.com/AlmasB/FXGL
00:13:51.846 [FXGL Background Thread 2 ] DEBUG Engine               - profileDir: profiles/
00:13:51.846 [FXGL Background Thread 2 ] DEBUG Engine               - isDeveloperMenuEnabled: false
00:13:51.847 [FXGL Background Thread 2 ] DEBUG Engine               - globalSoundVolumeProperty: DoubleProperty [value: 0.5]
00:13:51.847 [FXGL Background Thread 2 ] DEBUG Engine               - mainWindow: com.almasb.fxgl.app.MainWindow@2fb19972
00:13:51.847 [FXGL Background Thread 2 ] DEBUG Engine               - isBrowser: false
00:13:51.847 [FXGL Background Thread 2 ] DEBUG Engine               - globalSoundVolume: 0.5
00:13:51.847 [FXGL Background Thread 2 ] DEBUG Engine               - urlLeaderboard: http://fxgl-top.herokuapp.com/
00:13:51.847 [FXGL Background Thread 2 ] DEBUG Engine               - engineServices: [class com.almasb.fxgl.app.GameApplication$GameApplicationService, class com.almasb.fxgl.app.services.WindowService, class com.almasb.fxgl.app.services.FXGLDialogService, class com.almasb.fxgl.app.services.IOTaskExecutorService, class com.almasb.fxgl.event.EventBusService, class com.almasb.fxgl.io.FileSystemService, class com.almasb.fxgl.localization.LocalizationService, class com.almasb.fxgl.app.services.AssetLoaderService, class com.almasb.fxgl.app.services.SystemBundleService, class com.almasb.fxgl.profile.SaveLoadService, class com.almasb.fxgl.ui.FXGLUIFactoryServiceProvider, class com.almasb.fxgl.ui.FXGLDialogFactoryServiceProvider, class com.almasb.fxgl.audio.AudioPlayer, class com.almasb.fxgl.notification.impl.NotificationServiceProvider, class com.almasb.fxgl.achievement.AchievementService, class com.almasb.fxgl.cutscene.CutsceneService, class com.almasb.fxgl.minigames.MiniGameService, class com.almasb.fxgl.net.NetService, class com.almasb.fxgl.app.services.UpdaterService]
00:13:51.847 [FXGL Background Thread 2 ] DEBUG Engine               - globalMusicVolume: 0.5
00:13:51.847 [FXGL Background Thread 2 ] DEBUG Engine               - width: 2000
00:13:51.847 [FXGL Background Thread 2 ] DEBUG Engine               - saveFileExt: sav
00:13:51.847 [FXGL Background Thread 2 ] DEBUG Engine               - isAndroid: false
00:13:51.847 [FXGL Background Thread 2 ] DEBUG Engine               - fontUI: VarelaRound-Regular.ttf
00:13:51.848 [FXGL Background Thread 2 ] DEBUG Engine               - enabledMenuItems: []
00:13:51.848 [FXGL Background Thread 2 ] DEBUG Engine               - isIOS: false
00:13:51.848 [FXGL Background Thread 2 ] DEBUG Engine               - Logging services
00:13:51.848 [FXGL Background Thread 2 ] DEBUG Engine               - class com.almasb.fxgl.app.GameApplication$GameApplicationService
00:13:51.848 [FXGL Background Thread 2 ] DEBUG Engine               - class com.almasb.fxgl.app.services.WindowService
00:13:51.848 [FXGL Background Thread 2 ] DEBUG Engine               - class com.almasb.fxgl.app.services.FXGLDialogService
00:13:51.848 [FXGL Background Thread 2 ] DEBUG Engine               - class com.almasb.fxgl.app.services.IOTaskExecutorService
00:13:51.848 [FXGL Background Thread 2 ] DEBUG Engine               - class com.almasb.fxgl.event.EventBusService
00:13:51.848 [FXGL Background Thread 2 ] DEBUG Engine               - class com.almasb.fxgl.io.FileSystemService
00:13:51.848 [FXGL Background Thread 2 ] DEBUG Engine               - class com.almasb.fxgl.localization.LocalizationService
00:13:51.848 [FXGL Background Thread 2 ] DEBUG Engine               - class com.almasb.fxgl.app.services.AssetLoaderService
00:13:51.848 [FXGL Background Thread 2 ] DEBUG Engine               - class com.almasb.fxgl.app.services.SystemBundleService
00:13:51.849 [FXGL Background Thread 2 ] DEBUG Engine               - class com.almasb.fxgl.profile.SaveLoadService
00:13:51.849 [FXGL Background Thread 2 ] DEBUG Engine               - class com.almasb.fxgl.ui.FXGLUIFactoryServiceProvider
00:13:51.849 [FXGL Background Thread 2 ] DEBUG Engine               - class com.almasb.fxgl.ui.FXGLDialogFactoryServiceProvider
00:13:51.849 [FXGL Background Thread 2 ] DEBUG Engine               - class com.almasb.fxgl.audio.AudioPlayer
00:13:51.849 [FXGL Background Thread 2 ] DEBUG Engine               - class com.almasb.fxgl.notification.impl.NotificationServiceProvider
00:13:51.849 [FXGL Background Thread 2 ] DEBUG Engine               - class com.almasb.fxgl.achievement.AchievementService
00:13:51.849 [FXGL Background Thread 2 ] DEBUG Engine               - class com.almasb.fxgl.cutscene.CutsceneService
00:13:51.849 [FXGL Background Thread 2 ] DEBUG Engine               - class com.almasb.fxgl.minigames.MiniGameService
00:13:51.849 [FXGL Background Thread 2 ] DEBUG Engine               - class com.almasb.fxgl.net.NetService
00:13:51.849 [FXGL Background Thread 2 ] DEBUG Engine               - class com.almasb.fxgl.app.services.UpdaterService
00:13:57.831 [JavaFX Application Thread] DEBUG GameApplication      - Exiting FXGL
00:13:57.831 [JavaFX Application Thread] DEBUG LoopRunner           - Stopping loop
00:13:57.831 [JavaFX Application Thread] DEBUG SystemBundleService  - Saving FXGL system data
00:13:57.836 [JavaFX Application Thread] DEBUG FileSystemAccess     - Writing to: C:\Users\dakot\IdeaProjects\350FXGLjavagame\system\fxgl.bundle
00:13:57.841 [JavaFX Application Thread] DEBUG GameApplication      - Shutting down background threads
00:13:57.841 [JavaFX Application Thread] DEBUG GameApplication      - Closing logger and exiting JavaFX
