16:51:13.195 [main                     ] DEBUG GameApplication      - Logger initialized
16:51:13.210 [main                     ] DEBUG GameApplication      - Logging settings
Title: Space Game
Version: 0.1
Width: 2000
Height: 1000
Fullscreen: false
Intro: false
Menus: false
Profiling: false
Single step:false
App Mode: DEVELOPER
Menu Key: ESCAPE
Stage Style: DECORATED
Scene Factory: class com.almasb.fxgl.app.scene.SceneFactory

16:51:13.924 [JavaFX Application Thread] DEBUG GameApplication      - Initializing FXGL
16:51:13.941 [JavaFX Application Thread] INFO  Engine               - FXGL-11.8 (08.03.2020 09.09) on WINDOWS (J:14.0.2 FX:13.0.2)
16:51:13.941 [JavaFX Application Thread] INFO  Engine               - Source code and latest versions at: https://github.com/AlmasB/FXGL
16:51:13.941 [JavaFX Application Thread] INFO  Engine               -              Join the FXGL chat at: https://gitter.im/AlmasB/FXGL
16:51:14.096 [JavaFX Application Thread] DEBUG MainWindow           - Creating a JavaFX scene
16:51:14.147 [JavaFX Application Thread] DEBUG MainWindow           - Target settings size: 2000.0 x 1000.0
16:51:14.147 [JavaFX Application Thread] DEBUG MainWindow           - Scaled scene size:    2000.0 x 1000.0
16:51:14.147 [JavaFX Application Thread] DEBUG MainWindow           - Scaled ratio: (1.0, 1.0)
16:51:14.149 [JavaFX Application Thread] DEBUG MainWindow           - Set initial scene to FXGLStartupScene
16:51:14.156 [JavaFX Application Thread] DEBUG MainWindow           - Opening main window
16:51:14.233 [JavaFX Application Thread] DEBUG MainWindow           - Window border size: (16.0, 39.0)
16:51:14.233 [JavaFX Application Thread] DEBUG MainWindow           - Scaled size: 2000.0 x 1000.0
16:51:14.233 [JavaFX Application Thread] DEBUG MainWindow           - Scaled ratio: (1.0, 1.0)
16:51:14.233 [JavaFX Application Thread] DEBUG MainWindow           - Scene size: 2000.0 x 1000.0
16:51:14.234 [JavaFX Application Thread] DEBUG MainWindow           - Stage size: 2016.0 x 1039.0
16:51:14.241 [FXGL Background Thread 1 ] DEBUG Engine               - Initializing environment variables
16:51:14.263 [FXGL Background Thread 1 ] DEBUG WindowService        - Applying CSS: fxgl_dark.css
16:51:14.264 [FXGL Background Thread 1 ] DEBUG AssetLoaderService   - Loading from file system: /assets/ui/css/fxgl_dark.css
16:51:14.302 [FXGL Background Thread 1 ] DEBUG WindowService        - Initializing application scenes
16:51:14.337 [FXGL Background Thread 1 ] DEBUG GameWorld            - Game world initialized
16:51:14.375 [FXGL Background Thread 1 ] DEBUG PhysicsWorld         - Physics world initialized: appHeight=1000, physics.ppm=50.0
16:51:14.376 [FXGL Background Thread 1 ] DEBUG GameScene            - Game scene initialized: 2000x1000
16:51:14.383 [FXGL Background Thread 1 ] DEBUG Input                - Registered new binding: Resume - Esc
16:51:14.388 [FXGL Background Thread 1 ] DEBUG AssetLoaderService   - Loading from file system: /assets/textures/pause_menu_bg.png
16:51:14.429 [FXGL Background Thread 1 ] DEBUG Input                - Registered new binding: Pause - Esc
16:51:14.429 [FXGL Background Thread 1 ] DEBUG WindowService        - Application scenes initialized
16:51:14.435 [FXGL Background Thread 1 ] DEBUG SystemBundleService  - Loading FXGL system data
16:51:14.439 [FXGL Background Thread 1 ] DEBUG FileSystemAccess     - Reading from: C:\Users\dakot\IdeaProjects\350FXGLjavagame\system\fxgl.bundle
16:51:14.446 [FXGL Background Thread 1 ] DEBUG SystemBundleService  - Bundle FXGL: {}
16:51:14.446 [FXGL Background Thread 1 ] INFO  Engine               - FXGL initialization took: 0.204 sec
16:51:14.447 [FXGL Background Thread 1 ] DEBUG GameApplication      - Loading localizations
16:51:14.448 [FXGL Background Thread 1 ] DEBUG AssetLoaderService   - Loading from file system: /assets/properties/languages/english.properties
16:51:14.449 [FXGL Background Thread 1 ] DEBUG AssetLoaderService   - Loading from file system: /assets/properties/languages/french.properties
16:51:14.449 [FXGL Background Thread 1 ] DEBUG AssetLoaderService   - Loading from file system: /assets/properties/languages/german.properties
16:51:14.450 [FXGL Background Thread 1 ] DEBUG AssetLoaderService   - Loading from file system: /assets/properties/languages/hungarian.properties
16:51:14.451 [FXGL Background Thread 1 ] DEBUG AssetLoaderService   - Loading from file system: /assets/properties/languages/russian.properties
16:51:14.452 [FXGL Background Thread 1 ] DEBUG GameApplication      - Registering font factories with UI factory
16:51:14.452 [FXGL Background Thread 1 ] DEBUG AssetLoaderService   - Loading from file system: /assets/ui/fonts/VarelaRound-Regular.ttf
16:51:14.486 [FXGL Background Thread 1 ] DEBUG AssetLoaderService   - Loading from file system: /assets/ui/fonts/Abel-Regular.ttf
16:51:14.490 [FXGL Background Thread 1 ] DEBUG AssetLoaderService   - Loading from file system: /assets/ui/fonts/lucida_console.ttf
16:51:14.494 [FXGL Background Thread 1 ] DEBUG AssetLoaderService   - Loading from file system: /assets/ui/fonts/Courier-Prime.ttf
16:51:14.498 [JavaFX Application Thread] DEBUG Input                - Registered new binding: action0 - D
16:51:14.498 [JavaFX Application Thread] DEBUG Input                - Registered new binding: action1 - A
16:51:14.498 [JavaFX Application Thread] DEBUG Input                - Registered new binding: action2 - W
16:51:14.499 [JavaFX Application Thread] DEBUG Input                - Registered new binding: action3 - C
16:51:14.499 [JavaFX Application Thread] DEBUG Input                - Registered new binding: action4 - Left
16:51:14.499 [JavaFX Application Thread] DEBUG Input                - Registered new binding: action5 - Right
16:51:14.499 [JavaFX Application Thread] DEBUG Input                - Registered new binding: action6 - Space
16:51:14.499 [JavaFX Application Thread] DEBUG AssetLoaderService   - Loading from file system: /assets/textures/fxgl_icon.png
16:51:14.520 [JavaFX Application Thread] DEBUG AssetLoaderService   - Loading from file system: /assets/ui/cursors/fxgl_default.png
16:51:14.522 [JavaFX Application Thread] DEBUG Input                - Registered new binding: Screenshot - P
16:51:14.522 [JavaFX Application Thread] DEBUG Input                - Registered new binding: System info dump - CTRL+9
16:51:14.523 [JavaFX Application Thread] DEBUG Input                - Registered new binding: Restart - CTRL+R
16:51:14.523 [JavaFX Application Thread] DEBUG LoopRunner           - Starting loop
16:51:14.537 [JavaFX Application Thread] DEBUG FXGLStartupScene     - STARTUP
16:51:14.538 [JavaFX Application Thread] DEBUG WindowService        - Starting new game
16:51:14.540 [JavaFX Application Thread] DEBUG Input                - Clearing active input actions
16:51:14.549 [JavaFX Application Thread] DEBUG WindowService        - Removing overlay from FXGLStartupScene and adding to FXGLLoadingScene
16:51:14.550 [JavaFX Application Thread] DEBUG MainWindow           - FXGLStartupScene -> FXGLLoadingScene
16:51:14.550 [JavaFX Application Thread] DEBUG WindowService        - Clearing previous game
16:51:14.550 [JavaFX Application Thread] DEBUG GameScene            - Clearing game scene
16:51:14.550 [JavaFX Application Thread] DEBUG GameWorld            - Clearing game world
16:51:14.550 [JavaFX Application Thread] DEBUG PhysicsWorld         - Clearing physics world
16:51:14.551 [FXGL Background Thread 1 ] DEBUG GameApplication      - Initializing game
16:51:14.563 [FXGL Background Thread 1 ] DEBUG AssetLoaderService   - Loading from file system: /assets/textures/spacebackground.png
16:51:14.614 [FXGL Background Thread 1 ] DEBUG AssetLoaderService   - Loading from file system: /assets/textures/smallspaceship.png
16:51:14.619 [FXGL Background Thread 1 ] INFO  GameApplication      - Game initialization took: 0.068 sec
16:51:14.636 [JavaFX Application Thread] DEBUG Input                - Clearing active input actions
16:51:14.644 [JavaFX Application Thread] DEBUG WindowService        - Removing overlay from FXGLLoadingScene and adding to GameScene
16:51:14.645 [JavaFX Application Thread] DEBUG MainWindow           - FXGLLoadingScene -> GameScene
16:51:16.933 [JavaFX Application Thread] DEBUG AssetLoaderService   - Loading from file system: /assets/textures/smallasteroid.png
16:51:16.936 [JavaFX Application Thread] DEBUG AssetLoaderService   - Loading from cache: /assets/textures/smallasteroid.png
16:51:17.449 [FXGL Background Thread 2 ] DEBUG Engine               - Logging environment variables
16:51:17.449 [FXGL Background Thread 2 ] DEBUG Engine               - achievements: []
16:51:17.449 [FXGL Background Thread 2 ] DEBUG Engine               - language: ObjectProperty [value: ENGLISH]
16:51:17.449 [FXGL Background Thread 2 ] DEBUG Engine               - isCloseConfirmation: false
16:51:17.449 [FXGL Background Thread 2 ] DEBUG Engine               - isProfilingEnabled: false
16:51:17.449 [FXGL Background Thread 2 ] DEBUG Engine               - soundNotification: core/notification.wav
16:51:17.449 [FXGL Background Thread 2 ] DEBUG Engine               - devShowBBoxProperty: BooleanProperty [value: false]
16:51:17.449 [FXGL Background Thread 2 ] DEBUG Engine               - pixelsPerMeter: 50.0
16:51:17.449 [FXGL Background Thread 2 ] DEBUG Engine               - appIcon: fxgl_icon.png
16:51:17.449 [FXGL Background Thread 2 ] DEBUG Engine               - soundMenuBack: menu/back.wav
16:51:17.449 [FXGL Background Thread 2 ] DEBUG Engine               - isFullScreenAllowed: false
16:51:17.449 [FXGL Background Thread 2 ] DEBUG Engine               - isIntroEnabled: false
16:51:17.449 [FXGL Background Thread 2 ] DEBUG Engine               - fontMono: lucida_console.ttf
16:51:17.449 [FXGL Background Thread 2 ] DEBUG Engine               - soundMenuSelect: menu/select.wav
16:51:17.449 [FXGL Background Thread 2 ] DEBUG Engine               - isWindows: true
16:51:17.449 [FXGL Background Thread 2 ] DEBUG Engine               - isMobile: false
16:51:17.450 [FXGL Background Thread 2 ] DEBUG Engine               - isUserProfileEnabled: false
16:51:17.450 [FXGL Background Thread 2 ] DEBUG Engine               - height: 1000
16:51:17.450 [FXGL Background Thread 2 ] DEBUG Engine               - isExperimentalNative: false
16:51:17.450 [FXGL Background Thread 2 ] DEBUG Engine               - settings: Title: Space Game
Version: 0.1
Width: 2000
Height: 1000
Fullscreen: false
Intro: false
Menus: false
Profiling: false
Single step:false
App Mode: DEVELOPER
Menu Key: ESCAPE
Stage Style: DECORATED
Scene Factory: class com.almasb.fxgl.app.scene.SceneFactory

16:51:17.450 [FXGL Background Thread 2 ] DEBUG Engine               - cSSList: [fxgl_dark.css]
16:51:17.450 [FXGL Background Thread 2 ] DEBUG Engine               - isSingleStep: false
16:51:17.450 [FXGL Background Thread 2 ] DEBUG Engine               - fontGame: Abel-Regular.ttf
16:51:17.450 [FXGL Background Thread 2 ] DEBUG Engine               - menuKey: ESCAPE
16:51:17.450 [FXGL Background Thread 2 ] DEBUG Engine               - devShowPositionProperty: BooleanProperty [value: false]
16:51:17.450 [FXGL Background Thread 2 ] DEBUG Engine               - versionCheckDays: 7
16:51:17.450 [FXGL Background Thread 2 ] DEBUG Engine               - configClass: Optional.empty
16:51:17.450 [FXGL Background Thread 2 ] DEBUG Engine               - isFullScreenFromStart: false
16:51:17.450 [FXGL Background Thread 2 ] DEBUG Engine               - version: 0.1
16:51:17.450 [FXGL Background Thread 2 ] DEBUG Engine               - fullScreen: BooleanProperty [value: false]
16:51:17.450 [FXGL Background Thread 2 ] DEBUG Engine               - randomSeed: -1
16:51:17.450 [FXGL Background Thread 2 ] DEBUG Engine               - gameDifficultyProperty: ObjectProperty [value: MEDIUM]
16:51:17.450 [FXGL Background Thread 2 ] DEBUG Engine               - applicationMode: DEVELOPER
16:51:17.450 [FXGL Background Thread 2 ] DEBUG Engine               - isMac: false
16:51:17.451 [FXGL Background Thread 2 ] DEBUG Engine               - isMenuEnabled: false
16:51:17.451 [FXGL Background Thread 2 ] DEBUG Engine               - urlPOM: https://raw.githubusercontent.com/AlmasB/FXGL/master/pom.xml
16:51:17.451 [FXGL Background Thread 2 ] DEBUG Engine               - profileName: StringProperty [value: DEFAULT]
16:51:17.451 [FXGL Background Thread 2 ] DEBUG Engine               - notificationViewClass: class com.almasb.fxgl.notification.view.XboxNotificationView
16:51:17.451 [FXGL Background Thread 2 ] DEBUG Engine               - devSensorColorProperty: ObjectProperty [value: 0xffff00ff]
16:51:17.451 [FXGL Background Thread 2 ] DEBUG Engine               - sceneFactory: com.almasb.fxgl.app.scene.SceneFactory@15ec121b
16:51:17.451 [FXGL Background Thread 2 ] DEBUG Engine               - stageStyle: DECORATED
16:51:17.451 [FXGL Background Thread 2 ] DEBUG Engine               - isManualResizeEnabled: false
16:51:17.451 [FXGL Background Thread 2 ] DEBUG Engine               - title: Space Game
16:51:17.451 [FXGL Background Thread 2 ] DEBUG Engine               - platform: WINDOWS
16:51:17.451 [FXGL Background Thread 2 ] DEBUG Engine               - devBBoxColorProperty: ObjectProperty [value: 0xff0000ff]
16:51:17.451 [FXGL Background Thread 2 ] DEBUG Engine               - gameDifficulty: MEDIUM
16:51:17.451 [FXGL Background Thread 2 ] DEBUG Engine               - isDesktop: true
16:51:17.451 [FXGL Background Thread 2 ] DEBUG Engine               - supportedLanguages: [ENGLISH, FRENCH, GERMAN, HUNGARIAN, RUSSIAN]
16:51:17.451 [FXGL Background Thread 2 ] DEBUG Engine               - credits: []
16:51:17.451 [FXGL Background Thread 2 ] DEBUG Engine               - globalMusicVolumeProperty: DoubleProperty [value: 0.5]
16:51:17.451 [FXGL Background Thread 2 ] DEBUG Engine               - isPreserveResizeRatio: false
16:51:17.452 [FXGL Background Thread 2 ] DEBUG Engine               - fontText: Courier-Prime.ttf
16:51:17.452 [FXGL Background Thread 2 ] DEBUG Engine               - isExperimentalTiledLargeMap: false
16:51:17.452 [FXGL Background Thread 2 ] DEBUG Engine               - secondsIn24h: 60
16:51:17.452 [FXGL Background Thread 2 ] DEBUG Engine               - runtimeInfo: RuntimeInfo(platform=WINDOWS, version=11.8, build=08.03.2020 09.09)
16:51:17.452 [FXGL Background Thread 2 ] DEBUG Engine               - soundMenuPress: menu/press.wav
16:51:17.452 [FXGL Background Thread 2 ] DEBUG Engine               - isLinux: false
16:51:17.452 [FXGL Background Thread 2 ] DEBUG Engine               - urlGithub: https://github.com/AlmasB/FXGL
16:51:17.452 [FXGL Background Thread 2 ] DEBUG Engine               - profileDir: profiles/
16:51:17.452 [FXGL Background Thread 2 ] DEBUG Engine               - isDeveloperMenuEnabled: false
16:51:17.452 [FXGL Background Thread 2 ] DEBUG Engine               - globalSoundVolumeProperty: DoubleProperty [value: 0.5]
16:51:17.452 [FXGL Background Thread 2 ] DEBUG Engine               - mainWindow: com.almasb.fxgl.app.MainWindow@11d3947e
16:51:17.452 [FXGL Background Thread 2 ] DEBUG Engine               - isBrowser: false
16:51:17.452 [FXGL Background Thread 2 ] DEBUG Engine               - urlLeaderboard: http://fxgl-top.herokuapp.com/
16:51:17.452 [FXGL Background Thread 2 ] DEBUG Engine               - globalSoundVolume: 0.5
16:51:17.452 [FXGL Background Thread 2 ] DEBUG Engine               - engineServices: [class com.almasb.fxgl.app.GameApplication$GameApplicationService, class com.almasb.fxgl.app.services.WindowService, class com.almasb.fxgl.app.services.FXGLDialogService, class com.almasb.fxgl.app.services.IOTaskExecutorService, class com.almasb.fxgl.event.EventBusService, class com.almasb.fxgl.io.FileSystemService, class com.almasb.fxgl.localization.LocalizationService, class com.almasb.fxgl.app.services.AssetLoaderService, class com.almasb.fxgl.app.services.SystemBundleService, class com.almasb.fxgl.profile.SaveLoadService, class com.almasb.fxgl.ui.FXGLUIFactoryServiceProvider, class com.almasb.fxgl.ui.FXGLDialogFactoryServiceProvider, class com.almasb.fxgl.audio.AudioPlayer, class com.almasb.fxgl.notification.impl.NotificationServiceProvider, class com.almasb.fxgl.achievement.AchievementService, class com.almasb.fxgl.cutscene.CutsceneService, class com.almasb.fxgl.minigames.MiniGameService, class com.almasb.fxgl.net.NetService, class com.almasb.fxgl.app.services.UpdaterService]
16:51:17.452 [FXGL Background Thread 2 ] DEBUG Engine               - globalMusicVolume: 0.5
16:51:17.452 [FXGL Background Thread 2 ] DEBUG Engine               - width: 2000
16:51:17.452 [FXGL Background Thread 2 ] DEBUG Engine               - saveFileExt: sav
16:51:17.452 [FXGL Background Thread 2 ] DEBUG Engine               - isAndroid: false
16:51:17.453 [FXGL Background Thread 2 ] DEBUG Engine               - fontUI: VarelaRound-Regular.ttf
16:51:17.453 [FXGL Background Thread 2 ] DEBUG Engine               - enabledMenuItems: []
16:51:17.453 [FXGL Background Thread 2 ] DEBUG Engine               - isIOS: false
16:51:17.453 [FXGL Background Thread 2 ] DEBUG Engine               - Logging services
16:51:17.453 [FXGL Background Thread 2 ] DEBUG Engine               - class com.almasb.fxgl.app.GameApplication$GameApplicationService
16:51:17.453 [FXGL Background Thread 2 ] DEBUG Engine               - class com.almasb.fxgl.app.services.WindowService
16:51:17.453 [FXGL Background Thread 2 ] DEBUG Engine               - class com.almasb.fxgl.app.services.FXGLDialogService
16:51:17.453 [FXGL Background Thread 2 ] DEBUG Engine               - class com.almasb.fxgl.app.services.IOTaskExecutorService
16:51:17.453 [FXGL Background Thread 2 ] DEBUG Engine               - class com.almasb.fxgl.event.EventBusService
16:51:17.453 [FXGL Background Thread 2 ] DEBUG Engine               - class com.almasb.fxgl.io.FileSystemService
16:51:17.453 [FXGL Background Thread 2 ] DEBUG Engine               - class com.almasb.fxgl.localization.LocalizationService
16:51:17.453 [FXGL Background Thread 2 ] DEBUG Engine               - class com.almasb.fxgl.app.services.AssetLoaderService
16:51:17.453 [FXGL Background Thread 2 ] DEBUG Engine               - class com.almasb.fxgl.app.services.SystemBundleService
16:51:17.453 [FXGL Background Thread 2 ] DEBUG Engine               - class com.almasb.fxgl.profile.SaveLoadService
16:51:17.453 [FXGL Background Thread 2 ] DEBUG Engine               - class com.almasb.fxgl.ui.FXGLUIFactoryServiceProvider
16:51:17.453 [FXGL Background Thread 2 ] DEBUG Engine               - class com.almasb.fxgl.ui.FXGLDialogFactoryServiceProvider
16:51:17.453 [FXGL Background Thread 2 ] DEBUG Engine               - class com.almasb.fxgl.audio.AudioPlayer
16:51:17.454 [FXGL Background Thread 2 ] DEBUG Engine               - class com.almasb.fxgl.notification.impl.NotificationServiceProvider
16:51:17.454 [FXGL Background Thread 2 ] DEBUG Engine               - class com.almasb.fxgl.achievement.AchievementService
16:51:17.454 [FXGL Background Thread 2 ] DEBUG Engine               - class com.almasb.fxgl.cutscene.CutsceneService
16:51:17.454 [FXGL Background Thread 2 ] DEBUG Engine               - class com.almasb.fxgl.minigames.MiniGameService
16:51:17.454 [FXGL Background Thread 2 ] DEBUG Engine               - class com.almasb.fxgl.net.NetService
16:51:17.454 [FXGL Background Thread 2 ] DEBUG Engine               - class com.almasb.fxgl.app.services.UpdaterService
16:51:19.022 [JavaFX Application Thread] DEBUG AssetLoaderService   - Loading from cache: /assets/textures/smallasteroid.png
16:51:19.022 [JavaFX Application Thread] DEBUG AssetLoaderService   - Loading from cache: /assets/textures/smallasteroid.png
16:51:21.105 [JavaFX Application Thread] DEBUG AssetLoaderService   - Loading from cache: /assets/textures/smallasteroid.png
16:51:21.106 [JavaFX Application Thread] DEBUG AssetLoaderService   - Loading from cache: /assets/textures/smallasteroid.png
16:51:23.196 [JavaFX Application Thread] DEBUG AssetLoaderService   - Loading from cache: /assets/textures/smallasteroid.png
16:51:23.196 [JavaFX Application Thread] DEBUG AssetLoaderService   - Loading from cache: /assets/textures/smallasteroid.png
16:51:25.285 [JavaFX Application Thread] DEBUG AssetLoaderService   - Loading from cache: /assets/textures/smallasteroid.png
16:51:25.286 [JavaFX Application Thread] DEBUG AssetLoaderService   - Loading from cache: /assets/textures/smallasteroid.png
16:51:27.376 [JavaFX Application Thread] DEBUG AssetLoaderService   - Loading from cache: /assets/textures/smallasteroid.png
16:51:27.377 [JavaFX Application Thread] DEBUG AssetLoaderService   - Loading from cache: /assets/textures/smallasteroid.png
16:51:29.462 [JavaFX Application Thread] DEBUG AssetLoaderService   - Loading from cache: /assets/textures/smallasteroid.png
16:51:29.463 [JavaFX Application Thread] DEBUG AssetLoaderService   - Loading from cache: /assets/textures/smallasteroid.png
16:51:30.444 [JavaFX Application Thread] DEBUG GameApplication      - Exiting FXGL
16:51:30.444 [JavaFX Application Thread] DEBUG LoopRunner           - Stopping loop
16:51:30.444 [JavaFX Application Thread] DEBUG SystemBundleService  - Saving FXGL system data
16:51:30.447 [JavaFX Application Thread] DEBUG FileSystemAccess     - Writing to: C:\Users\dakot\IdeaProjects\350FXGLjavagame\system\fxgl.bundle
16:51:30.448 [JavaFX Application Thread] DEBUG GameApplication      - Shutting down background threads
16:51:30.448 [JavaFX Application Thread] DEBUG GameApplication      - Closing logger and exiting JavaFX
