18:31:23.813 [main                     ] DEBUG GameApplication      - Logger initialized
18:31:23.818 [main                     ] DEBUG GameApplication      - Logging settings
Title: Space Game
Version: 0.1
Width: 2000
Height: 1000
Fullscreen: false
Intro: false
Menus: false
Profiling: false
Single step:false
App Mode: DEVELOPER
Menu Key: ESCAPE
Stage Style: DECORATED
Scene Factory: class com.almasb.fxgl.app.scene.SceneFactory

18:31:24.139 [JavaFX Application Thread] DEBUG GameApplication      - Initializing FXGL
18:31:24.148 [JavaFX Application Thread] INFO  Engine               - FXGL-11.8 (08.03.2020 09.09) on WINDOWS (J:14.0.2 FX:13.0.2)
18:31:24.148 [JavaFX Application Thread] INFO  Engine               - Source code and latest versions at: https://github.com/AlmasB/FXGL
18:31:24.148 [JavaFX Application Thread] INFO  Engine               -              Join the FXGL chat at: https://gitter.im/AlmasB/FXGL
18:31:24.246 [JavaFX Application Thread] DEBUG MainWindow           - Creating a JavaFX scene
18:31:24.288 [JavaFX Application Thread] DEBUG MainWindow           - Target settings size: 2000.0 x 1000.0
18:31:24.288 [JavaFX Application Thread] DEBUG MainWindow           - Scaled scene size:    2000.0 x 1000.0
18:31:24.288 [JavaFX Application Thread] DEBUG MainWindow           - Scaled ratio: (1.0, 1.0)
18:31:24.289 [JavaFX Application Thread] DEBUG MainWindow           - Set initial scene to FXGLStartupScene
18:31:24.294 [JavaFX Application Thread] DEBUG MainWindow           - Opening main window
18:31:24.360 [JavaFX Application Thread] DEBUG MainWindow           - Window border size: (16.0, 39.0)
18:31:24.360 [JavaFX Application Thread] DEBUG MainWindow           - Scaled size: 2000.0 x 1000.0
18:31:24.361 [JavaFX Application Thread] DEBUG MainWindow           - Scaled ratio: (1.0, 1.0)
18:31:24.361 [JavaFX Application Thread] DEBUG MainWindow           - Scene size: 2000.0 x 1000.0
18:31:24.361 [JavaFX Application Thread] DEBUG MainWindow           - Stage size: 2016.0 x 1039.0
18:31:24.367 [FXGL Background Thread 1 ] DEBUG Engine               - Initializing environment variables
18:31:24.388 [FXGL Background Thread 1 ] DEBUG WindowService        - Applying CSS: fxgl_dark.css
18:31:24.389 [FXGL Background Thread 1 ] DEBUG AssetLoaderService   - Loading from file system: /assets/ui/css/fxgl_dark.css
18:31:24.424 [FXGL Background Thread 1 ] DEBUG WindowService        - Initializing application scenes
18:31:24.447 [FXGL Background Thread 1 ] DEBUG GameWorld            - Game world initialized
18:31:24.475 [FXGL Background Thread 1 ] DEBUG PhysicsWorld         - Physics world initialized: appHeight=1000, physics.ppm=50.0
18:31:24.477 [FXGL Background Thread 1 ] DEBUG GameScene            - Game scene initialized: 2000x1000
18:31:24.482 [FXGL Background Thread 1 ] DEBUG Input                - Registered new binding: Resume - Esc
18:31:24.487 [FXGL Background Thread 1 ] DEBUG AssetLoaderService   - Loading from file system: /assets/textures/pause_menu_bg.png
18:31:24.519 [FXGL Background Thread 1 ] DEBUG Input                - Registered new binding: Pause - Esc
18:31:24.519 [FXGL Background Thread 1 ] DEBUG WindowService        - Application scenes initialized
18:31:24.525 [FXGL Background Thread 1 ] DEBUG SystemBundleService  - Loading FXGL system data
18:31:24.528 [FXGL Background Thread 1 ] DEBUG FileSystemAccess     - Reading from: C:\Users\dakot\IdeaProjects\350FXGLjavagame\system\fxgl.bundle
18:31:24.531 [FXGL Background Thread 1 ] DEBUG SystemBundleService  - Bundle FXGL: {}
18:31:24.532 [FXGL Background Thread 1 ] INFO  Engine               - FXGL initialization took: 0.164 sec
18:31:24.533 [FXGL Background Thread 1 ] DEBUG GameApplication      - Loading localizations
18:31:24.533 [FXGL Background Thread 1 ] DEBUG AssetLoaderService   - Loading from file system: /assets/properties/languages/english.properties
18:31:24.534 [FXGL Background Thread 1 ] DEBUG AssetLoaderService   - Loading from file system: /assets/properties/languages/french.properties
18:31:24.535 [FXGL Background Thread 1 ] DEBUG AssetLoaderService   - Loading from file system: /assets/properties/languages/german.properties
18:31:24.536 [FXGL Background Thread 1 ] DEBUG AssetLoaderService   - Loading from file system: /assets/properties/languages/hungarian.properties
18:31:24.537 [FXGL Background Thread 1 ] DEBUG AssetLoaderService   - Loading from file system: /assets/properties/languages/russian.properties
18:31:24.538 [FXGL Background Thread 1 ] DEBUG GameApplication      - Registering font factories with UI factory
18:31:24.538 [FXGL Background Thread 1 ] DEBUG AssetLoaderService   - Loading from file system: /assets/ui/fonts/VarelaRound-Regular.ttf
18:31:24.570 [FXGL Background Thread 1 ] DEBUG AssetLoaderService   - Loading from file system: /assets/ui/fonts/Abel-Regular.ttf
18:31:24.572 [FXGL Background Thread 1 ] DEBUG AssetLoaderService   - Loading from file system: /assets/ui/fonts/lucida_console.ttf
18:31:24.576 [FXGL Background Thread 1 ] DEBUG AssetLoaderService   - Loading from file system: /assets/ui/fonts/Courier-Prime.ttf
18:31:24.580 [JavaFX Application Thread] DEBUG Input                - Registered new binding: action0 - D
18:31:24.580 [JavaFX Application Thread] DEBUG Input                - Registered new binding: action1 - A
18:31:24.580 [JavaFX Application Thread] DEBUG Input                - Registered new binding: action2 - W
18:31:24.581 [JavaFX Application Thread] DEBUG Input                - Registered new binding: action3 - C
18:31:24.581 [JavaFX Application Thread] DEBUG Input                - Registered new binding: action4 - Left
18:31:24.581 [JavaFX Application Thread] DEBUG Input                - Registered new binding: action5 - Right
18:31:24.581 [JavaFX Application Thread] DEBUG Input                - Registered new binding: action6 - Space
18:31:24.582 [JavaFX Application Thread] DEBUG AssetLoaderService   - Loading from file system: /assets/textures/fxgl_icon.png
18:31:24.596 [JavaFX Application Thread] DEBUG AssetLoaderService   - Loading from file system: /assets/ui/cursors/fxgl_default.png
18:31:24.598 [JavaFX Application Thread] DEBUG Input                - Registered new binding: Screenshot - P
18:31:24.598 [JavaFX Application Thread] DEBUG Input                - Registered new binding: System info dump - CTRL+9
18:31:24.599 [JavaFX Application Thread] DEBUG Input                - Registered new binding: Restart - CTRL+R
18:31:24.599 [JavaFX Application Thread] DEBUG LoopRunner           - Starting loop
18:31:24.615 [JavaFX Application Thread] DEBUG FXGLStartupScene     - STARTUP
18:31:24.616 [JavaFX Application Thread] DEBUG WindowService        - Starting new game
18:31:24.618 [JavaFX Application Thread] DEBUG Input                - Clearing active input actions
18:31:24.628 [JavaFX Application Thread] DEBUG WindowService        - Removing overlay from FXGLStartupScene and adding to FXGLLoadingScene
18:31:24.629 [JavaFX Application Thread] DEBUG MainWindow           - FXGLStartupScene -> FXGLLoadingScene
18:31:24.629 [JavaFX Application Thread] DEBUG WindowService        - Clearing previous game
18:31:24.629 [JavaFX Application Thread] DEBUG GameScene            - Clearing game scene
18:31:24.629 [JavaFX Application Thread] DEBUG GameWorld            - Clearing game world
18:31:24.629 [JavaFX Application Thread] DEBUG PhysicsWorld         - Clearing physics world
18:31:24.630 [FXGL Background Thread 1 ] DEBUG GameApplication      - Initializing game
18:31:24.638 [FXGL Background Thread 1 ] DEBUG AssetLoaderService   - Loading from file system: /assets/textures/spacebackground.png
18:31:24.686 [FXGL Background Thread 1 ] DEBUG AssetLoaderService   - Loading from file system: /assets/textures/spaceship.png
18:31:24.694 [FXGL Background Thread 1 ] INFO  GameApplication      - Game initialization took: 0.063 sec
18:31:24.704 [JavaFX Application Thread] DEBUG Input                - Clearing active input actions
18:31:24.711 [JavaFX Application Thread] DEBUG WindowService        - Removing overlay from FXGLLoadingScene and adding to GameScene
18:31:24.712 [JavaFX Application Thread] DEBUG MainWindow           - FXGLLoadingScene -> GameScene
18:31:27.450 [JavaFX Application Thread] DEBUG AssetLoaderService   - Loading from file system: /assets/textures/asteroid.png
18:31:27.453 [JavaFX Application Thread] DEBUG AssetLoaderService   - Loading from cache: /assets/textures/asteroid.png
18:31:27.535 [FXGL Background Thread 2 ] DEBUG Engine               - Logging environment variables
18:31:27.535 [FXGL Background Thread 2 ] DEBUG Engine               - achievements: []
18:31:27.535 [FXGL Background Thread 2 ] DEBUG Engine               - language: ObjectProperty [value: ENGLISH]
18:31:27.535 [FXGL Background Thread 2 ] DEBUG Engine               - isCloseConfirmation: false
18:31:27.535 [FXGL Background Thread 2 ] DEBUG Engine               - isProfilingEnabled: false
18:31:27.535 [FXGL Background Thread 2 ] DEBUG Engine               - soundNotification: core/notification.wav
18:31:27.535 [FXGL Background Thread 2 ] DEBUG Engine               - devShowBBoxProperty: BooleanProperty [value: false]
18:31:27.535 [FXGL Background Thread 2 ] DEBUG Engine               - pixelsPerMeter: 50.0
18:31:27.535 [FXGL Background Thread 2 ] DEBUG Engine               - appIcon: fxgl_icon.png
18:31:27.535 [FXGL Background Thread 2 ] DEBUG Engine               - soundMenuBack: menu/back.wav
18:31:27.535 [FXGL Background Thread 2 ] DEBUG Engine               - isFullScreenAllowed: false
18:31:27.535 [FXGL Background Thread 2 ] DEBUG Engine               - isIntroEnabled: false
18:31:27.535 [FXGL Background Thread 2 ] DEBUG Engine               - fontMono: lucida_console.ttf
18:31:27.535 [FXGL Background Thread 2 ] DEBUG Engine               - soundMenuSelect: menu/select.wav
18:31:27.536 [FXGL Background Thread 2 ] DEBUG Engine               - isWindows: true
18:31:27.536 [FXGL Background Thread 2 ] DEBUG Engine               - isMobile: false
18:31:27.536 [FXGL Background Thread 2 ] DEBUG Engine               - isUserProfileEnabled: false
18:31:27.536 [FXGL Background Thread 2 ] DEBUG Engine               - height: 1000
18:31:27.536 [FXGL Background Thread 2 ] DEBUG Engine               - isExperimentalNative: false
18:31:27.536 [FXGL Background Thread 2 ] DEBUG Engine               - settings: Title: Space Game
Version: 0.1
Width: 2000
Height: 1000
Fullscreen: false
Intro: false
Menus: false
Profiling: false
Single step:false
App Mode: DEVELOPER
Menu Key: ESCAPE
Stage Style: DECORATED
Scene Factory: class com.almasb.fxgl.app.scene.SceneFactory

18:31:27.536 [FXGL Background Thread 2 ] DEBUG Engine               - isSingleStep: false
18:31:27.536 [FXGL Background Thread 2 ] DEBUG Engine               - cSSList: [fxgl_dark.css]
18:31:27.536 [FXGL Background Thread 2 ] DEBUG Engine               - fontGame: Abel-Regular.ttf
18:31:27.536 [FXGL Background Thread 2 ] DEBUG Engine               - menuKey: ESCAPE
18:31:27.536 [FXGL Background Thread 2 ] DEBUG Engine               - devShowPositionProperty: BooleanProperty [value: false]
18:31:27.536 [FXGL Background Thread 2 ] DEBUG Engine               - versionCheckDays: 7
18:31:27.536 [FXGL Background Thread 2 ] DEBUG Engine               - configClass: Optional.empty
18:31:27.536 [FXGL Background Thread 2 ] DEBUG Engine               - isFullScreenFromStart: false
18:31:27.536 [FXGL Background Thread 2 ] DEBUG Engine               - version: 0.1
18:31:27.536 [FXGL Background Thread 2 ] DEBUG Engine               - fullScreen: BooleanProperty [value: false]
18:31:27.536 [FXGL Background Thread 2 ] DEBUG Engine               - randomSeed: -1
18:31:27.536 [FXGL Background Thread 2 ] DEBUG Engine               - gameDifficultyProperty: ObjectProperty [value: MEDIUM]
18:31:27.537 [FXGL Background Thread 2 ] DEBUG Engine               - applicationMode: DEVELOPER
18:31:27.537 [FXGL Background Thread 2 ] DEBUG Engine               - isMac: false
18:31:27.537 [FXGL Background Thread 2 ] DEBUG Engine               - isMenuEnabled: false
18:31:27.537 [FXGL Background Thread 2 ] DEBUG Engine               - urlPOM: https://raw.githubusercontent.com/AlmasB/FXGL/master/pom.xml
18:31:27.537 [FXGL Background Thread 2 ] DEBUG Engine               - profileName: StringProperty [value: DEFAULT]
18:31:27.537 [FXGL Background Thread 2 ] DEBUG Engine               - notificationViewClass: class com.almasb.fxgl.notification.view.XboxNotificationView
18:31:27.537 [FXGL Background Thread 2 ] DEBUG Engine               - devSensorColorProperty: ObjectProperty [value: 0xffff00ff]
18:31:27.537 [FXGL Background Thread 2 ] DEBUG Engine               - sceneFactory: com.almasb.fxgl.app.scene.SceneFactory@2e1a2819
18:31:27.537 [FXGL Background Thread 2 ] DEBUG Engine               - stageStyle: DECORATED
18:31:27.537 [FXGL Background Thread 2 ] DEBUG Engine               - isManualResizeEnabled: false
18:31:27.537 [FXGL Background Thread 2 ] DEBUG Engine               - title: Space Game
18:31:27.537 [FXGL Background Thread 2 ] DEBUG Engine               - platform: WINDOWS
18:31:27.537 [FXGL Background Thread 2 ] DEBUG Engine               - devBBoxColorProperty: ObjectProperty [value: 0xff0000ff]
18:31:27.537 [FXGL Background Thread 2 ] DEBUG Engine               - gameDifficulty: MEDIUM
18:31:27.537 [FXGL Background Thread 2 ] DEBUG Engine               - isDesktop: true
18:31:27.537 [FXGL Background Thread 2 ] DEBUG Engine               - supportedLanguages: [ENGLISH, FRENCH, GERMAN, HUNGARIAN, RUSSIAN]
18:31:27.537 [FXGL Background Thread 2 ] DEBUG Engine               - credits: []
18:31:27.538 [FXGL Background Thread 2 ] DEBUG Engine               - globalMusicVolumeProperty: DoubleProperty [value: 0.5]
18:31:27.538 [FXGL Background Thread 2 ] DEBUG Engine               - isPreserveResizeRatio: false
18:31:27.538 [FXGL Background Thread 2 ] DEBUG Engine               - fontText: Courier-Prime.ttf
18:31:27.538 [FXGL Background Thread 2 ] DEBUG Engine               - isExperimentalTiledLargeMap: false
18:31:27.538 [FXGL Background Thread 2 ] DEBUG Engine               - secondsIn24h: 60
18:31:27.538 [FXGL Background Thread 2 ] DEBUG Engine               - runtimeInfo: RuntimeInfo(platform=WINDOWS, version=11.8, build=08.03.2020 09.09)
18:31:27.538 [FXGL Background Thread 2 ] DEBUG Engine               - isLinux: false
18:31:27.538 [FXGL Background Thread 2 ] DEBUG Engine               - soundMenuPress: menu/press.wav
18:31:27.538 [FXGL Background Thread 2 ] DEBUG Engine               - urlGithub: https://github.com/AlmasB/FXGL
18:31:27.538 [FXGL Background Thread 2 ] DEBUG Engine               - profileDir: profiles/
18:31:27.538 [FXGL Background Thread 2 ] DEBUG Engine               - isDeveloperMenuEnabled: false
18:31:27.538 [FXGL Background Thread 2 ] DEBUG Engine               - globalSoundVolumeProperty: DoubleProperty [value: 0.5]
18:31:27.538 [FXGL Background Thread 2 ] DEBUG Engine               - mainWindow: com.almasb.fxgl.app.MainWindow@2a25a902
18:31:27.538 [FXGL Background Thread 2 ] DEBUG Engine               - isBrowser: false
18:31:27.538 [FXGL Background Thread 2 ] DEBUG Engine               - globalSoundVolume: 0.5
18:31:27.538 [FXGL Background Thread 2 ] DEBUG Engine               - urlLeaderboard: http://fxgl-top.herokuapp.com/
18:31:27.538 [FXGL Background Thread 2 ] DEBUG Engine               - engineServices: [class com.almasb.fxgl.app.GameApplication$GameApplicationService, class com.almasb.fxgl.app.services.WindowService, class com.almasb.fxgl.app.services.FXGLDialogService, class com.almasb.fxgl.app.services.IOTaskExecutorService, class com.almasb.fxgl.event.EventBusService, class com.almasb.fxgl.io.FileSystemService, class com.almasb.fxgl.localization.LocalizationService, class com.almasb.fxgl.app.services.AssetLoaderService, class com.almasb.fxgl.app.services.SystemBundleService, class com.almasb.fxgl.profile.SaveLoadService, class com.almasb.fxgl.ui.FXGLUIFactoryServiceProvider, class com.almasb.fxgl.ui.FXGLDialogFactoryServiceProvider, class com.almasb.fxgl.audio.AudioPlayer, class com.almasb.fxgl.notification.impl.NotificationServiceProvider, class com.almasb.fxgl.achievement.AchievementService, class com.almasb.fxgl.cutscene.CutsceneService, class com.almasb.fxgl.minigames.MiniGameService, class com.almasb.fxgl.net.NetService, class com.almasb.fxgl.app.services.UpdaterService]
18:31:27.538 [FXGL Background Thread 2 ] DEBUG Engine               - globalMusicVolume: 0.5
18:31:27.538 [FXGL Background Thread 2 ] DEBUG Engine               - width: 2000
18:31:27.539 [FXGL Background Thread 2 ] DEBUG Engine               - saveFileExt: sav
18:31:27.539 [FXGL Background Thread 2 ] DEBUG Engine               - isAndroid: false
18:31:27.539 [FXGL Background Thread 2 ] DEBUG Engine               - fontUI: VarelaRound-Regular.ttf
18:31:27.539 [FXGL Background Thread 2 ] DEBUG Engine               - enabledMenuItems: []
18:31:27.539 [FXGL Background Thread 2 ] DEBUG Engine               - isIOS: false
18:31:27.539 [FXGL Background Thread 2 ] DEBUG Engine               - Logging services
18:31:27.539 [FXGL Background Thread 2 ] DEBUG Engine               - class com.almasb.fxgl.app.GameApplication$GameApplicationService
18:31:27.539 [FXGL Background Thread 2 ] DEBUG Engine               - class com.almasb.fxgl.app.services.WindowService
18:31:27.539 [FXGL Background Thread 2 ] DEBUG Engine               - class com.almasb.fxgl.app.services.FXGLDialogService
18:31:27.539 [FXGL Background Thread 2 ] DEBUG Engine               - class com.almasb.fxgl.app.services.IOTaskExecutorService
18:31:27.539 [FXGL Background Thread 2 ] DEBUG Engine               - class com.almasb.fxgl.event.EventBusService
18:31:27.539 [FXGL Background Thread 2 ] DEBUG Engine               - class com.almasb.fxgl.io.FileSystemService
18:31:27.539 [FXGL Background Thread 2 ] DEBUG Engine               - class com.almasb.fxgl.localization.LocalizationService
18:31:27.539 [FXGL Background Thread 2 ] DEBUG Engine               - class com.almasb.fxgl.app.services.AssetLoaderService
18:31:27.539 [FXGL Background Thread 2 ] DEBUG Engine               - class com.almasb.fxgl.app.services.SystemBundleService
18:31:27.539 [FXGL Background Thread 2 ] DEBUG Engine               - class com.almasb.fxgl.profile.SaveLoadService
18:31:27.539 [FXGL Background Thread 2 ] DEBUG Engine               - class com.almasb.fxgl.ui.FXGLUIFactoryServiceProvider
18:31:27.539 [FXGL Background Thread 2 ] DEBUG Engine               - class com.almasb.fxgl.ui.FXGLDialogFactoryServiceProvider
18:31:27.539 [FXGL Background Thread 2 ] DEBUG Engine               - class com.almasb.fxgl.audio.AudioPlayer
18:31:27.539 [FXGL Background Thread 2 ] DEBUG Engine               - class com.almasb.fxgl.notification.impl.NotificationServiceProvider
18:31:27.540 [FXGL Background Thread 2 ] DEBUG Engine               - class com.almasb.fxgl.achievement.AchievementService
18:31:27.540 [FXGL Background Thread 2 ] DEBUG Engine               - class com.almasb.fxgl.cutscene.CutsceneService
18:31:27.540 [FXGL Background Thread 2 ] DEBUG Engine               - class com.almasb.fxgl.minigames.MiniGameService
18:31:27.540 [FXGL Background Thread 2 ] DEBUG Engine               - class com.almasb.fxgl.net.NetService
18:31:27.540 [FXGL Background Thread 2 ] DEBUG Engine               - class com.almasb.fxgl.app.services.UpdaterService
18:31:29.533 [JavaFX Application Thread] DEBUG AssetLoaderService   - Loading from cache: /assets/textures/asteroid.png
18:31:29.534 [JavaFX Application Thread] DEBUG AssetLoaderService   - Loading from cache: /assets/textures/asteroid.png
18:31:31.615 [JavaFX Application Thread] DEBUG AssetLoaderService   - Loading from cache: /assets/textures/asteroid.png
18:31:31.616 [JavaFX Application Thread] DEBUG AssetLoaderService   - Loading from cache: /assets/textures/asteroid.png
18:31:31.853 [JavaFX Application Thread] DEBUG AssetLoaderService   - Loading from file system: /assets/textures/projectile.png
18:31:32.060 [JavaFX Application Thread] DEBUG AssetLoaderService   - Loading from cache: /assets/textures/projectile.png
18:31:33.563 [JavaFX Application Thread] DEBUG AssetLoaderService   - Loading from cache: /assets/textures/projectile.png
18:31:33.707 [JavaFX Application Thread] DEBUG AssetLoaderService   - Loading from cache: /assets/textures/asteroid.png
18:31:33.707 [JavaFX Application Thread] DEBUG AssetLoaderService   - Loading from cache: /assets/textures/asteroid.png
18:31:33.797 [JavaFX Application Thread] DEBUG AssetLoaderService   - Loading from cache: /assets/textures/projectile.png
18:31:34.374 [JavaFX Application Thread] DEBUG AssetLoaderService   - Loading from cache: /assets/textures/projectile.png
18:31:34.571 [JavaFX Application Thread] DEBUG AssetLoaderService   - Loading from cache: /assets/textures/projectile.png
18:31:35.225 [JavaFX Application Thread] DEBUG AssetLoaderService   - Loading from cache: /assets/textures/projectile.png
18:31:35.790 [JavaFX Application Thread] DEBUG AssetLoaderService   - Loading from cache: /assets/textures/asteroid.png
18:31:35.790 [JavaFX Application Thread] DEBUG AssetLoaderService   - Loading from cache: /assets/textures/asteroid.png
18:31:36.137 [JavaFX Application Thread] DEBUG AssetLoaderService   - Loading from cache: /assets/textures/projectile.png
18:31:36.413 [JavaFX Application Thread] DEBUG AssetLoaderService   - Loading from cache: /assets/textures/projectile.png
18:31:37.886 [JavaFX Application Thread] DEBUG AssetLoaderService   - Loading from cache: /assets/textures/asteroid.png
18:31:37.886 [JavaFX Application Thread] DEBUG AssetLoaderService   - Loading from cache: /assets/textures/asteroid.png
18:31:38.250 [JavaFX Application Thread] DEBUG AssetLoaderService   - Loading from cache: /assets/textures/projectile.png
18:31:38.452 [JavaFX Application Thread] DEBUG AssetLoaderService   - Loading from cache: /assets/textures/projectile.png
18:31:39.047 [JavaFX Application Thread] DEBUG AssetLoaderService   - Loading from cache: /assets/textures/projectile.png
18:31:39.258 [JavaFX Application Thread] DEBUG AssetLoaderService   - Loading from cache: /assets/textures/projectile.png
18:31:39.977 [JavaFX Application Thread] DEBUG AssetLoaderService   - Loading from cache: /assets/textures/asteroid.png
18:31:39.978 [JavaFX Application Thread] DEBUG AssetLoaderService   - Loading from cache: /assets/textures/asteroid.png
18:31:40.628 [JavaFX Application Thread] DEBUG GameApplication      - Exiting FXGL
18:31:40.628 [JavaFX Application Thread] DEBUG LoopRunner           - Stopping loop
18:31:40.628 [JavaFX Application Thread] DEBUG SystemBundleService  - Saving FXGL system data
18:31:40.630 [JavaFX Application Thread] DEBUG FileSystemAccess     - Writing to: C:\Users\dakot\IdeaProjects\350FXGLjavagame\system\fxgl.bundle
18:31:40.631 [JavaFX Application Thread] DEBUG GameApplication      - Shutting down background threads
18:31:40.631 [JavaFX Application Thread] DEBUG GameApplication      - Closing logger and exiting JavaFX
