23:41:17.426 [main                     ] DEBUG GameApplication      - Logger initialized
23:41:17.437 [main                     ] DEBUG GameApplication      - Logging settings
Title: Space Game
Version: 0.2
Width: 1920
Height: 1080
Fullscreen: false
Intro: false
Menus: true
Profiling: false
Single step:false
App Mode: DEVELOPER
Menu Key: ESCAPE
Stage Style: DECORATED
Scene Factory: class com.almasb.fxgl.app.scene.SceneFactory

23:41:17.751 [JavaFX Application Thread] DEBUG GameApplication      - Initializing FXGL
23:41:17.758 [JavaFX Application Thread] INFO  Engine               - FXGL-11.8 (08.03.2020 09.09) on WINDOWS (J:11.0.8 FX:13.0.2)
23:41:17.759 [JavaFX Application Thread] INFO  Engine               - Source code and latest versions at: https://github.com/AlmasB/FXGL
23:41:17.759 [JavaFX Application Thread] INFO  Engine               -              Join the FXGL chat at: https://gitter.im/AlmasB/FXGL
23:41:17.842 [JavaFX Application Thread] DEBUG MainWindow           - Creating a JavaFX scene
23:41:17.842 [JavaFX Application Thread] DEBUG MainWindow           - Target size > screen size
23:41:17.890 [JavaFX Application Thread] DEBUG MainWindow           - Target settings size: 1920.0 x 1080.0
23:41:17.891 [JavaFX Application Thread] DEBUG MainWindow           - Scaled scene size:    1823.0 x 1039.0
23:41:17.891 [JavaFX Application Thread] DEBUG MainWindow           - Scaled ratio: (0.9494791666666667, 0.962037037037037)
23:41:17.892 [JavaFX Application Thread] DEBUG MainWindow           - Set initial scene to FXGLStartupScene
23:41:17.896 [JavaFX Application Thread] DEBUG MainWindow           - Opening main window
23:41:17.956 [JavaFX Application Thread] DEBUG MainWindow           - Window border size: (16.0, 39.0)
23:41:17.956 [JavaFX Application Thread] DEBUG MainWindow           - Scaled size: 1823.0 x 1039.0
23:41:17.956 [JavaFX Application Thread] DEBUG MainWindow           - Scaled ratio: (0.9494791666666667, 0.962037037037037)
23:41:17.956 [JavaFX Application Thread] DEBUG MainWindow           - Scene size: 1823.0 x 1039.0
23:41:17.956 [JavaFX Application Thread] DEBUG MainWindow           - Stage size: 1839.0 x 1078.0
23:41:17.961 [FXGL Background Thread 1 ] DEBUG Engine               - Initializing environment variables
23:41:17.979 [FXGL Background Thread 1 ] DEBUG WindowService        - Applying CSS: fxgl_dark.css
23:41:17.980 [FXGL Background Thread 1 ] DEBUG AssetLoaderService   - Loading from file system: /assets/ui/css/fxgl_dark.css
23:41:18.011 [FXGL Background Thread 1 ] DEBUG WindowService        - Initializing application scenes
23:41:18.039 [FXGL Background Thread 1 ] DEBUG GameWorld            - Game world initialized
23:41:18.064 [FXGL Background Thread 1 ] DEBUG PhysicsWorld         - Physics world initialized: appHeight=1080, physics.ppm=50.0
23:41:18.065 [FXGL Background Thread 1 ] DEBUG GameScene            - Game scene initialized: 1920x1080
23:41:18.084 [FXGL Background Thread 1 ] DEBUG AssetLoaderService   - Loading from file system: /assets/textures/particles/trace_horizontal.png
23:41:18.120 [FXGL Background Thread 1 ] DEBUG FXGL.DefaultMenu     - createMenuBodyMainMenu()
23:41:18.129 [FXGL Background Thread 1 ] DEBUG FXGL.DefaultMenu     - createOptionsMenu()
23:41:18.132 [FXGL Background Thread 1 ] DEBUG FXGL.DefaultMenu     - createExtraMenu()
23:41:18.133 [FXGL Background Thread 1 ] DEBUG AssetLoaderService   - Loading from file system: /assets/textures/particles/smoke.png
23:41:18.167 [FXGL Background Thread 1 ] DEBUG AssetLoaderService   - Loading from cache: /assets/textures/particles/trace_horizontal.png@64.0x64.0
23:41:18.167 [FXGL Background Thread 1 ] DEBUG FXGL.DefaultMenu     - createMenuBodyGameMenu()
23:41:18.168 [FXGL Background Thread 1 ] DEBUG FXGL.DefaultMenu     - createOptionsMenu()
23:41:18.169 [FXGL Background Thread 1 ] DEBUG FXGL.DefaultMenu     - createExtraMenu()
23:41:18.170 [FXGL Background Thread 1 ] DEBUG AssetLoaderService   - Loading from cache: /assets/textures/particles/smoke.png@128.0x128.0
23:41:18.177 [FXGL Background Thread 1 ] DEBUG WindowService        - Application scenes initialized
23:41:18.182 [FXGL Background Thread 1 ] DEBUG SystemBundleService  - Loading FXGL system data
23:41:18.185 [FXGL Background Thread 1 ] DEBUG FileSystemAccess     - Reading from: C:\Users\xxdee\IdeaProjects\350FXGLjavagame\system\fxgl.bundle
23:41:18.188 [FXGL Background Thread 1 ] DEBUG SystemBundleService  - Bundle FXGL: {}
23:41:18.188 [FXGL Background Thread 1 ] INFO  Engine               - FXGL initialization took: 0.225 sec
23:41:18.189 [FXGL Background Thread 1 ] DEBUG GameApplication      - Loading localizations
23:41:18.189 [FXGL Background Thread 1 ] DEBUG AssetLoaderService   - Loading from file system: /assets/properties/languages/english.properties
23:41:18.190 [FXGL Background Thread 1 ] DEBUG AssetLoaderService   - Loading from file system: /assets/properties/languages/french.properties
23:41:18.191 [FXGL Background Thread 1 ] DEBUG AssetLoaderService   - Loading from file system: /assets/properties/languages/german.properties
23:41:18.192 [FXGL Background Thread 1 ] DEBUG AssetLoaderService   - Loading from file system: /assets/properties/languages/hungarian.properties
23:41:18.192 [FXGL Background Thread 1 ] DEBUG AssetLoaderService   - Loading from file system: /assets/properties/languages/russian.properties
23:41:18.193 [FXGL Background Thread 1 ] DEBUG GameApplication      - Registering font factories with UI factory
23:41:18.193 [FXGL Background Thread 1 ] DEBUG AssetLoaderService   - Loading from file system: /assets/ui/fonts/VarelaRound-Regular.ttf
23:41:18.370 [FXGL Background Thread 1 ] DEBUG AssetLoaderService   - Loading from file system: /assets/ui/fonts/Abel-Regular.ttf
23:41:18.373 [FXGL Background Thread 1 ] DEBUG AssetLoaderService   - Loading from file system: /assets/ui/fonts/lucida_console.ttf
23:41:18.376 [FXGL Background Thread 1 ] DEBUG AssetLoaderService   - Loading from file system: /assets/ui/fonts/Courier-Prime.ttf
23:41:18.384 [JavaFX Application Thread] DEBUG Input                - Registered new binding: action0 - D
23:41:18.384 [JavaFX Application Thread] DEBUG Input                - Registered new binding: action1 - A
23:41:18.385 [JavaFX Application Thread] DEBUG Input                - Registered new binding: action2 - W
23:41:18.385 [JavaFX Application Thread] DEBUG Input                - Registered new binding: action3 - C
23:41:18.385 [JavaFX Application Thread] DEBUG Input                - Registered new binding: action4 - Left
23:41:18.385 [JavaFX Application Thread] DEBUG Input                - Registered new binding: action5 - Right
23:41:18.385 [JavaFX Application Thread] DEBUG Input                - Registered new binding: action6 - Space
23:41:18.386 [JavaFX Application Thread] DEBUG AssetLoaderService   - Loading from file system: /assets/textures/fxgl_icon.png
23:41:18.399 [JavaFX Application Thread] DEBUG AssetLoaderService   - Loading from file system: /assets/ui/cursors/fxgl_default.png
23:41:18.400 [JavaFX Application Thread] DEBUG Input                - Registered new binding: Screenshot - P
23:41:18.400 [JavaFX Application Thread] DEBUG Input                - Registered new binding: System info dump - CTRL+9
23:41:18.400 [JavaFX Application Thread] DEBUG Input                - Registered new binding: Restart - CTRL+R
23:41:18.401 [JavaFX Application Thread] DEBUG LoopRunner           - Starting loop
23:41:18.412 [JavaFX Application Thread] DEBUG FXGLStartupScene     - STARTUP
23:41:18.416 [JavaFX Application Thread] DEBUG Input                - Clearing active input actions
23:41:18.428 [JavaFX Application Thread] DEBUG WindowService        - Removing overlay from FXGLStartupScene and adding to FXGLDefaultMenu
23:41:18.428 [JavaFX Application Thread] DEBUG MainWindow           - FXGLStartupScene -> FXGLDefaultMenu
23:41:19.769 [JavaFX Application Thread] DEBUG Menu                 - fireNewGame()
23:41:19.769 [JavaFX Application Thread] DEBUG WindowService        - Starting new game
23:41:19.769 [JavaFX Application Thread] DEBUG Input                - Clearing active input actions
23:41:19.776 [JavaFX Application Thread] DEBUG WindowService        - Removing overlay from FXGLDefaultMenu and adding to FXGLLoadingScene
23:41:19.776 [JavaFX Application Thread] DEBUG MainWindow           - FXGLDefaultMenu -> FXGLLoadingScene
23:41:19.776 [JavaFX Application Thread] DEBUG WindowService        - Clearing previous game
23:41:19.776 [JavaFX Application Thread] DEBUG GameScene            - Clearing game scene
23:41:19.776 [JavaFX Application Thread] DEBUG GameWorld            - Clearing game world
23:41:19.777 [JavaFX Application Thread] DEBUG PhysicsWorld         - Clearing physics world
23:41:19.778 [FXGL Background Thread 1 ] DEBUG GameApplication      - Initializing game
23:41:19.788 [FXGL Background Thread 1 ] DEBUG AssetLoaderService   - Loading from file system: /assets/textures/newbackground.jpg
23:41:19.815 [FXGL Background Thread 1 ] DEBUG AssetLoaderService   - Loading from file system: /assets/textures/smallspaceship.png
23:41:19.831 [FXGL Background Thread 1 ] INFO  GameApplication      - Game initialization took: 0.053 sec
23:41:19.832 [JavaFX Application Thread] DEBUG Input                - Clearing active input actions
23:41:19.837 [JavaFX Application Thread] DEBUG WindowService        - Removing overlay from FXGLLoadingScene and adding to GameScene
23:41:19.837 [JavaFX Application Thread] DEBUG MainWindow           - FXGLLoadingScene -> GameScene
23:41:20.474 [JavaFX Application Thread] DEBUG AssetLoaderService   - Loading from file system: /assets/textures/smallasteroid.png
23:41:20.996 [JavaFX Application Thread] DEBUG AssetLoaderService   - Loading from cache: /assets/textures/smallasteroid.png
23:41:21.191 [FXGL Background Thread 2 ] DEBUG Engine               - Logging environment variables
23:41:21.191 [FXGL Background Thread 2 ] DEBUG Engine               - achievements: []
23:41:21.191 [FXGL Background Thread 2 ] DEBUG Engine               - language: ObjectProperty [value: ENGLISH]
23:41:21.191 [FXGL Background Thread 2 ] DEBUG Engine               - isCloseConfirmation: false
23:41:21.191 [FXGL Background Thread 2 ] DEBUG Engine               - isProfilingEnabled: false
23:41:21.191 [FXGL Background Thread 2 ] DEBUG Engine               - soundNotification: core/notification.wav
23:41:21.191 [FXGL Background Thread 2 ] DEBUG Engine               - devShowBBoxProperty: BooleanProperty [value: false]
23:41:21.191 [FXGL Background Thread 2 ] DEBUG Engine               - pixelsPerMeter: 50.0
23:41:21.191 [FXGL Background Thread 2 ] DEBUG Engine               - appIcon: fxgl_icon.png
23:41:21.191 [FXGL Background Thread 2 ] DEBUG Engine               - soundMenuBack: menu/back.wav
23:41:21.191 [FXGL Background Thread 2 ] DEBUG Engine               - isFullScreenAllowed: false
23:41:21.191 [FXGL Background Thread 2 ] DEBUG Engine               - isIntroEnabled: false
23:41:21.191 [FXGL Background Thread 2 ] DEBUG Engine               - fontMono: lucida_console.ttf
23:41:21.191 [FXGL Background Thread 2 ] DEBUG Engine               - soundMenuSelect: menu/select.wav
23:41:21.191 [FXGL Background Thread 2 ] DEBUG Engine               - isWindows: true
23:41:21.192 [FXGL Background Thread 2 ] DEBUG Engine               - isMobile: false
23:41:21.192 [FXGL Background Thread 2 ] DEBUG Engine               - isUserProfileEnabled: false
23:41:21.192 [FXGL Background Thread 2 ] DEBUG Engine               - height: 1080
23:41:21.192 [FXGL Background Thread 2 ] DEBUG Engine               - isExperimentalNative: false
23:41:21.192 [FXGL Background Thread 2 ] DEBUG Engine               - settings: Title: Space Game
Version: 0.2
Width: 1920
Height: 1080
Fullscreen: false
Intro: false
Menus: true
Profiling: false
Single step:false
App Mode: DEVELOPER
Menu Key: ESCAPE
Stage Style: DECORATED
Scene Factory: class com.almasb.fxgl.app.scene.SceneFactory

23:41:21.192 [FXGL Background Thread 2 ] DEBUG Engine               - isSingleStep: false
23:41:21.192 [FXGL Background Thread 2 ] DEBUG Engine               - cSSList: [fxgl_dark.css]
23:41:21.192 [FXGL Background Thread 2 ] DEBUG Engine               - fontGame: Abel-Regular.ttf
23:41:21.192 [FXGL Background Thread 2 ] DEBUG Engine               - menuKey: ESCAPE
23:41:21.192 [FXGL Background Thread 2 ] DEBUG Engine               - devShowPositionProperty: BooleanProperty [value: false]
23:41:21.192 [FXGL Background Thread 2 ] DEBUG Engine               - versionCheckDays: 7
23:41:21.192 [FXGL Background Thread 2 ] DEBUG Engine               - configClass: Optional.empty
23:41:21.192 [FXGL Background Thread 2 ] DEBUG Engine               - isFullScreenFromStart: false
23:41:21.192 [FXGL Background Thread 2 ] DEBUG Engine               - version: 0.2
23:41:21.192 [FXGL Background Thread 2 ] DEBUG Engine               - fullScreen: BooleanProperty [value: false]
23:41:21.192 [FXGL Background Thread 2 ] DEBUG Engine               - randomSeed: -1
23:41:21.192 [FXGL Background Thread 2 ] DEBUG Engine               - gameDifficultyProperty: ObjectProperty [value: MEDIUM]
23:41:21.192 [FXGL Background Thread 2 ] DEBUG Engine               - applicationMode: DEVELOPER
23:41:21.192 [FXGL Background Thread 2 ] DEBUG Engine               - isMac: false
23:41:21.192 [FXGL Background Thread 2 ] DEBUG Engine               - isMenuEnabled: true
23:41:21.192 [FXGL Background Thread 2 ] DEBUG Engine               - urlPOM: https://raw.githubusercontent.com/AlmasB/FXGL/master/pom.xml
23:41:21.192 [FXGL Background Thread 2 ] DEBUG Engine               - profileName: StringProperty [value: DEFAULT]
23:41:21.193 [FXGL Background Thread 2 ] DEBUG Engine               - notificationViewClass: class com.almasb.fxgl.notification.view.XboxNotificationView
23:41:21.193 [FXGL Background Thread 2 ] DEBUG Engine               - devSensorColorProperty: ObjectProperty [value: 0xffff00ff]
23:41:21.193 [FXGL Background Thread 2 ] DEBUG Engine               - sceneFactory: com.almasb.fxgl.app.scene.SceneFactory@74ef1185
23:41:21.193 [FXGL Background Thread 2 ] DEBUG Engine               - stageStyle: DECORATED
23:41:21.193 [FXGL Background Thread 2 ] DEBUG Engine               - isManualResizeEnabled: true
23:41:21.193 [FXGL Background Thread 2 ] DEBUG Engine               - title: Space Game
23:41:21.193 [FXGL Background Thread 2 ] DEBUG Engine               - platform: WINDOWS
23:41:21.193 [FXGL Background Thread 2 ] DEBUG Engine               - devBBoxColorProperty: ObjectProperty [value: 0xff0000ff]
23:41:21.193 [FXGL Background Thread 2 ] DEBUG Engine               - gameDifficulty: MEDIUM
23:41:21.193 [FXGL Background Thread 2 ] DEBUG Engine               - isDesktop: true
23:41:21.193 [FXGL Background Thread 2 ] DEBUG Engine               - supportedLanguages: [ENGLISH, FRENCH, GERMAN, HUNGARIAN, RUSSIAN]
23:41:21.193 [FXGL Background Thread 2 ] DEBUG Engine               - credits: []
23:41:21.193 [FXGL Background Thread 2 ] DEBUG Engine               - globalMusicVolumeProperty: DoubleProperty [value: 0.5]
23:41:21.193 [FXGL Background Thread 2 ] DEBUG Engine               - isPreserveResizeRatio: false
23:41:21.193 [FXGL Background Thread 2 ] DEBUG Engine               - fontText: Courier-Prime.ttf
23:41:21.193 [FXGL Background Thread 2 ] DEBUG Engine               - isExperimentalTiledLargeMap: false
23:41:21.193 [FXGL Background Thread 2 ] DEBUG Engine               - secondsIn24h: 60
23:41:21.193 [FXGL Background Thread 2 ] DEBUG Engine               - runtimeInfo: RuntimeInfo(platform=WINDOWS, version=11.8, build=08.03.2020 09.09)
23:41:21.193 [FXGL Background Thread 2 ] DEBUG Engine               - isLinux: false
23:41:21.193 [FXGL Background Thread 2 ] DEBUG Engine               - soundMenuPress: menu/press.wav
23:41:21.193 [FXGL Background Thread 2 ] DEBUG Engine               - urlGithub: https://github.com/AlmasB/FXGL
23:41:21.193 [FXGL Background Thread 2 ] DEBUG Engine               - profileDir: profiles/
23:41:21.194 [FXGL Background Thread 2 ] DEBUG Engine               - isDeveloperMenuEnabled: false
23:41:21.194 [FXGL Background Thread 2 ] DEBUG Engine               - globalSoundVolumeProperty: DoubleProperty [value: 0.1]
23:41:21.194 [FXGL Background Thread 2 ] DEBUG Engine               - mainWindow: com.almasb.fxgl.app.MainWindow@70d09bc0
23:41:21.194 [FXGL Background Thread 2 ] DEBUG Engine               - isBrowser: false
23:41:21.194 [FXGL Background Thread 2 ] DEBUG Engine               - urlLeaderboard: http://fxgl-top.herokuapp.com/
23:41:21.194 [FXGL Background Thread 2 ] DEBUG Engine               - globalSoundVolume: 0.5
23:41:21.194 [FXGL Background Thread 2 ] DEBUG Engine               - engineServices: [class com.almasb.fxgl.app.GameApplication$GameApplicationService, class com.almasb.fxgl.app.services.WindowService, class com.almasb.fxgl.app.services.FXGLDialogService, class com.almasb.fxgl.app.services.IOTaskExecutorService, class com.almasb.fxgl.event.EventBusService, class com.almasb.fxgl.io.FileSystemService, class com.almasb.fxgl.localization.LocalizationService, class com.almasb.fxgl.app.services.AssetLoaderService, class com.almasb.fxgl.app.services.SystemBundleService, class com.almasb.fxgl.profile.SaveLoadService, class com.almasb.fxgl.ui.FXGLUIFactoryServiceProvider, class com.almasb.fxgl.ui.FXGLDialogFactoryServiceProvider, class com.almasb.fxgl.audio.AudioPlayer, class com.almasb.fxgl.notification.impl.NotificationServiceProvider, class com.almasb.fxgl.achievement.AchievementService, class com.almasb.fxgl.cutscene.CutsceneService, class com.almasb.fxgl.minigames.MiniGameService, class com.almasb.fxgl.net.NetService, class com.almasb.fxgl.app.services.UpdaterService]
23:41:21.194 [FXGL Background Thread 2 ] DEBUG Engine               - globalMusicVolume: 0.5
23:41:21.194 [FXGL Background Thread 2 ] DEBUG Engine               - width: 1920
23:41:21.194 [FXGL Background Thread 2 ] DEBUG Engine               - saveFileExt: sav
23:41:21.194 [FXGL Background Thread 2 ] DEBUG Engine               - isAndroid: false
23:41:21.194 [FXGL Background Thread 2 ] DEBUG Engine               - fontUI: VarelaRound-Regular.ttf
23:41:21.194 [FXGL Background Thread 2 ] DEBUG Engine               - enabledMenuItems: [SAVE_LOAD, EXTRA, ONLINE]
23:41:21.194 [FXGL Background Thread 2 ] DEBUG Engine               - isIOS: false
23:41:21.194 [FXGL Background Thread 2 ] DEBUG Engine               - Logging services
23:41:21.194 [FXGL Background Thread 2 ] DEBUG Engine               - class com.almasb.fxgl.app.GameApplication$GameApplicationService
23:41:21.194 [FXGL Background Thread 2 ] DEBUG Engine               - class com.almasb.fxgl.app.services.WindowService
23:41:21.194 [FXGL Background Thread 2 ] DEBUG Engine               - class com.almasb.fxgl.app.services.FXGLDialogService
23:41:21.194 [FXGL Background Thread 2 ] DEBUG Engine               - class com.almasb.fxgl.app.services.IOTaskExecutorService
23:41:21.194 [FXGL Background Thread 2 ] DEBUG Engine               - class com.almasb.fxgl.event.EventBusService
23:41:21.194 [FXGL Background Thread 2 ] DEBUG Engine               - class com.almasb.fxgl.io.FileSystemService
23:41:21.194 [FXGL Background Thread 2 ] DEBUG Engine               - class com.almasb.fxgl.localization.LocalizationService
23:41:21.194 [FXGL Background Thread 2 ] DEBUG Engine               - class com.almasb.fxgl.app.services.AssetLoaderService
23:41:21.194 [FXGL Background Thread 2 ] DEBUG Engine               - class com.almasb.fxgl.app.services.SystemBundleService
23:41:21.194 [FXGL Background Thread 2 ] DEBUG Engine               - class com.almasb.fxgl.profile.SaveLoadService
23:41:21.194 [FXGL Background Thread 2 ] DEBUG Engine               - class com.almasb.fxgl.ui.FXGLUIFactoryServiceProvider
23:41:21.194 [FXGL Background Thread 2 ] DEBUG Engine               - class com.almasb.fxgl.ui.FXGLDialogFactoryServiceProvider
23:41:21.194 [FXGL Background Thread 2 ] DEBUG Engine               - class com.almasb.fxgl.audio.AudioPlayer
23:41:21.194 [FXGL Background Thread 2 ] DEBUG Engine               - class com.almasb.fxgl.notification.impl.NotificationServiceProvider
23:41:21.194 [FXGL Background Thread 2 ] DEBUG Engine               - class com.almasb.fxgl.achievement.AchievementService
23:41:21.194 [FXGL Background Thread 2 ] DEBUG Engine               - class com.almasb.fxgl.cutscene.CutsceneService
23:41:21.195 [FXGL Background Thread 2 ] DEBUG Engine               - class com.almasb.fxgl.minigames.MiniGameService
23:41:21.195 [FXGL Background Thread 2 ] DEBUG Engine               - class com.almasb.fxgl.net.NetService
23:41:21.195 [FXGL Background Thread 2 ] DEBUG Engine               - class com.almasb.fxgl.app.services.UpdaterService
23:41:21.510 [JavaFX Application Thread] DEBUG AssetLoaderService   - Loading from cache: /assets/textures/smallasteroid.png
23:41:22.006 [JavaFX Application Thread] DEBUG AssetLoaderService   - Loading from cache: /assets/textures/smallasteroid.png
23:41:22.023 [JavaFX Application Thread] DEBUG AssetLoaderService   - Loading from cache: /assets/textures/smallasteroid.png
23:41:22.260 [JavaFX Application Thread] DEBUG AssetLoaderService   - Loading from file system: /assets/sounds/explosion.wav
23:41:22.314 [JavaFX Application Thread] DEBUG AssetLoaderService   - Loading from file system: /assets/textures/explosion.png
23:41:22.322 [JavaFX Application Thread] DEBUG AssetLoaderService   - Loading from cache: /assets/sounds/explosion.wav
23:41:22.322 [JavaFX Application Thread] DEBUG AssetLoaderService   - Loading from cache: /assets/textures/explosion.png
23:41:22.596 [JavaFX Application Thread] DEBUG AssetLoaderService   - Loading from cache: /assets/textures/smallasteroid.png
23:41:22.666 [JavaFX Application Thread] DEBUG AssetLoaderService   - Loading from cache: /assets/sounds/explosion.wav
23:41:22.666 [JavaFX Application Thread] DEBUG AssetLoaderService   - Loading from cache: /assets/textures/explosion.png
23:41:22.667 [JavaFX Application Thread] DEBUG AssetLoaderService   - Loading from cache: /assets/sounds/explosion.wav
23:41:22.667 [JavaFX Application Thread] DEBUG AssetLoaderService   - Loading from cache: /assets/textures/explosion.png
23:41:23.114 [JavaFX Application Thread] DEBUG AssetLoaderService   - Loading from cache: /assets/textures/smallasteroid.png
23:41:23.626 [JavaFX Application Thread] DEBUG AssetLoaderService   - Loading from cache: /assets/textures/smallasteroid.png
23:41:24.103 [JavaFX Application Thread] DEBUG AssetLoaderService   - Loading from cache: /assets/textures/smallasteroid.png
23:41:24.137 [JavaFX Application Thread] DEBUG AssetLoaderService   - Loading from cache: /assets/textures/smallasteroid.png
23:41:24.642 [JavaFX Application Thread] DEBUG AssetLoaderService   - Loading from cache: /assets/textures/smallasteroid.png
23:41:25.146 [JavaFX Application Thread] DEBUG AssetLoaderService   - Loading from cache: /assets/textures/smallasteroid.png
23:41:25.514 [JavaFX Application Thread] DEBUG AssetLoaderService   - Loading from cache: /assets/sounds/explosion.wav
23:41:25.514 [JavaFX Application Thread] DEBUG AssetLoaderService   - Loading from cache: /assets/textures/explosion.png
23:41:25.515 [JavaFX Application Thread] DEBUG AssetLoaderService   - Loading from cache: /assets/sounds/explosion.wav
23:41:25.515 [JavaFX Application Thread] DEBUG AssetLoaderService   - Loading from cache: /assets/textures/explosion.png
23:41:25.515 [JavaFX Application Thread] DEBUG Input                - Clearing active input actions
23:41:25.520 [JavaFX Application Thread] DEBUG WindowService        - Removing overlay from GameScene and adding to FXGLDefaultMenu
23:41:25.521 [JavaFX Application Thread] DEBUG MainWindow           - GameScene -> FXGLDefaultMenu
23:41:25.522 [JavaFX Application Thread] DEBUG MainWindow           - Push state: DialogSubScene
23:41:25.522 [JavaFX Application Thread] DEBUG Input                - Clearing active input actions
23:41:25.523 [JavaFX Application Thread] DEBUG WindowService        - Removing overlay from FXGLDefaultMenu and adding to DialogSubScene
23:41:25.523 [JavaFX Application Thread] DEBUG MainWindow           - FXGLDefaultMenu -> DialogSubScene
23:41:27.453 [JavaFX Application Thread] DEBUG MainWindow           - Pop state: DialogSubScene
23:41:27.453 [JavaFX Application Thread] DEBUG Input                - Clearing active input actions
23:41:27.454 [JavaFX Application Thread] DEBUG WindowService        - Removing overlay from DialogSubScene and adding to FXGLDefaultMenu
23:41:27.454 [JavaFX Application Thread] DEBUG MainWindow           - FXGLDefaultMenu <- DialogSubScene
23:41:28.361 [JavaFX Application Thread] DEBUG Menu                 - fireNewGame()
23:41:28.361 [JavaFX Application Thread] DEBUG WindowService        - Starting new game
23:41:28.361 [JavaFX Application Thread] DEBUG Input                - Clearing active input actions
23:41:28.364 [JavaFX Application Thread] DEBUG WindowService        - Removing overlay from FXGLDefaultMenu and adding to FXGLLoadingScene
23:41:28.364 [JavaFX Application Thread] DEBUG MainWindow           - FXGLDefaultMenu -> FXGLLoadingScene
23:41:28.364 [JavaFX Application Thread] DEBUG WindowService        - Clearing previous game
23:41:28.364 [JavaFX Application Thread] DEBUG GameScene            - Clearing game scene
23:41:28.364 [JavaFX Application Thread] DEBUG GameWorld            - Clearing game world
23:41:28.365 [JavaFX Application Thread] DEBUG PhysicsWorld         - Clearing physics world
23:41:28.365 [FXGL Background Thread 1 ] DEBUG GameApplication      - Initializing game
23:41:28.365 [FXGL Background Thread 1 ] DEBUG AssetLoaderService   - Loading from cache: /assets/textures/newbackground.jpg
23:41:28.365 [FXGL Background Thread 1 ] DEBUG AssetLoaderService   - Loading from cache: /assets/textures/smallspaceship.png
23:41:28.368 [FXGL Background Thread 1 ] INFO  GameApplication      - Game initialization took: 0.003 sec
23:41:28.368 [JavaFX Application Thread] DEBUG Input                - Clearing active input actions
23:41:28.371 [JavaFX Application Thread] DEBUG WindowService        - Removing overlay from FXGLLoadingScene and adding to GameScene
23:41:28.371 [JavaFX Application Thread] DEBUG MainWindow           - FXGLLoadingScene -> GameScene
23:41:28.937 [JavaFX Application Thread] DEBUG AssetLoaderService   - Loading from cache: /assets/textures/smallasteroid.png
23:41:29.450 [JavaFX Application Thread] DEBUG AssetLoaderService   - Loading from cache: /assets/textures/smallasteroid.png
23:41:29.961 [JavaFX Application Thread] DEBUG AssetLoaderService   - Loading from cache: /assets/textures/smallasteroid.png
23:41:30.311 [JavaFX Application Thread] DEBUG AssetLoaderService   - Loading from file system: /assets/textures/projectile.png
23:41:30.458 [JavaFX Application Thread] DEBUG AssetLoaderService   - Loading from cache: /assets/textures/smallasteroid.png
23:41:30.474 [JavaFX Application Thread] DEBUG AssetLoaderService   - Loading from cache: /assets/textures/smallasteroid.png
23:41:30.564 [JavaFX Application Thread] DEBUG AssetLoaderService   - Loading from cache: /assets/sounds/explosion.wav
23:41:30.565 [JavaFX Application Thread] DEBUG AssetLoaderService   - Loading from cache: /assets/textures/explosion.png
23:41:30.995 [JavaFX Application Thread] DEBUG AssetLoaderService   - Loading from cache: /assets/textures/smallasteroid.png
23:41:31.509 [JavaFX Application Thread] DEBUG AssetLoaderService   - Loading from cache: /assets/textures/smallasteroid.png
23:41:31.754 [JavaFX Application Thread] DEBUG AssetLoaderService   - Loading from cache: /assets/sounds/explosion.wav
23:41:31.754 [JavaFX Application Thread] DEBUG AssetLoaderService   - Loading from cache: /assets/textures/explosion.png
23:41:31.754 [JavaFX Application Thread] DEBUG AssetLoaderService   - Loading from cache: /assets/sounds/explosion.wav
23:41:31.755 [JavaFX Application Thread] DEBUG AssetLoaderService   - Loading from cache: /assets/textures/explosion.png
23:41:32.022 [JavaFX Application Thread] DEBUG AssetLoaderService   - Loading from cache: /assets/textures/smallasteroid.png
23:41:32.489 [JavaFX Application Thread] DEBUG AssetLoaderService   - Loading from cache: /assets/textures/smallasteroid.png
23:41:32.522 [JavaFX Application Thread] DEBUG AssetLoaderService   - Loading from cache: /assets/textures/smallasteroid.png
23:41:33.032 [JavaFX Application Thread] DEBUG AssetLoaderService   - Loading from cache: /assets/textures/smallasteroid.png
23:41:33.217 [JavaFX Application Thread] DEBUG AssetLoaderService   - Loading from cache: /assets/textures/projectile.png
23:41:33.529 [JavaFX Application Thread] DEBUG AssetLoaderService   - Loading from cache: /assets/textures/smallasteroid.png
23:41:33.641 [JavaFX Application Thread] DEBUG AssetLoaderService   - Loading from cache: /assets/sounds/explosion.wav
23:41:33.642 [JavaFX Application Thread] DEBUG AssetLoaderService   - Loading from cache: /assets/textures/explosion.png
23:41:34.042 [JavaFX Application Thread] DEBUG AssetLoaderService   - Loading from cache: /assets/textures/smallasteroid.png
23:41:34.516 [JavaFX Application Thread] DEBUG AssetLoaderService   - Loading from cache: /assets/textures/smallasteroid.png
23:41:34.521 [JavaFX Application Thread] DEBUG AssetLoaderService   - Loading from cache: /assets/sounds/explosion.wav
23:41:34.521 [JavaFX Application Thread] DEBUG AssetLoaderService   - Loading from cache: /assets/textures/explosion.png
23:41:34.521 [JavaFX Application Thread] DEBUG AssetLoaderService   - Loading from cache: /assets/sounds/explosion.wav
23:41:34.521 [JavaFX Application Thread] DEBUG AssetLoaderService   - Loading from cache: /assets/textures/explosion.png
23:41:34.550 [JavaFX Application Thread] DEBUG AssetLoaderService   - Loading from cache: /assets/textures/smallasteroid.png
23:41:34.693 [JavaFX Application Thread] DEBUG AssetLoaderService   - Loading from cache: /assets/sounds/explosion.wav
23:41:34.694 [JavaFX Application Thread] DEBUG AssetLoaderService   - Loading from cache: /assets/textures/explosion.png
23:41:34.694 [JavaFX Application Thread] DEBUG AssetLoaderService   - Loading from cache: /assets/sounds/explosion.wav
23:41:34.694 [JavaFX Application Thread] DEBUG AssetLoaderService   - Loading from cache: /assets/textures/explosion.png
23:41:34.694 [JavaFX Application Thread] DEBUG Input                - Clearing active input actions
23:41:34.701 [JavaFX Application Thread] DEBUG WindowService        - Removing overlay from GameScene and adding to FXGLDefaultMenu
23:41:34.701 [JavaFX Application Thread] DEBUG MainWindow           - GameScene -> FXGLDefaultMenu
23:41:34.702 [JavaFX Application Thread] DEBUG MainWindow           - Push state: DialogSubScene
23:41:34.702 [JavaFX Application Thread] DEBUG Input                - Clearing active input actions
23:41:34.702 [JavaFX Application Thread] DEBUG WindowService        - Removing overlay from FXGLDefaultMenu and adding to DialogSubScene
23:41:34.702 [JavaFX Application Thread] DEBUG MainWindow           - FXGLDefaultMenu -> DialogSubScene
23:41:37.421 [JavaFX Application Thread] DEBUG MainWindow           - Pop state: DialogSubScene
23:41:37.422 [JavaFX Application Thread] DEBUG Input                - Clearing active input actions
23:41:37.422 [JavaFX Application Thread] DEBUG WindowService        - Removing overlay from DialogSubScene and adding to FXGLDefaultMenu
23:41:37.422 [JavaFX Application Thread] DEBUG MainWindow           - FXGLDefaultMenu <- DialogSubScene
23:41:38.341 [JavaFX Application Thread] DEBUG Menu                 - fireNewGame()
23:41:38.342 [JavaFX Application Thread] DEBUG WindowService        - Starting new game
23:41:38.342 [JavaFX Application Thread] DEBUG Input                - Clearing active input actions
23:41:38.344 [JavaFX Application Thread] DEBUG WindowService        - Removing overlay from FXGLDefaultMenu and adding to FXGLLoadingScene
23:41:38.344 [JavaFX Application Thread] DEBUG MainWindow           - FXGLDefaultMenu -> FXGLLoadingScene
23:41:38.344 [JavaFX Application Thread] DEBUG WindowService        - Clearing previous game
23:41:38.344 [JavaFX Application Thread] DEBUG GameScene            - Clearing game scene
23:41:38.344 [JavaFX Application Thread] DEBUG GameWorld            - Clearing game world
23:41:38.344 [JavaFX Application Thread] DEBUG PhysicsWorld         - Clearing physics world
23:41:38.344 [FXGL Background Thread 1 ] DEBUG GameApplication      - Initializing game
23:41:38.345 [FXGL Background Thread 1 ] DEBUG AssetLoaderService   - Loading from cache: /assets/textures/newbackground.jpg
23:41:38.345 [FXGL Background Thread 1 ] DEBUG AssetLoaderService   - Loading from cache: /assets/textures/smallspaceship.png
23:41:38.346 [FXGL Background Thread 1 ] INFO  GameApplication      - Game initialization took: 0.002 sec
23:41:38.347 [JavaFX Application Thread] DEBUG Input                - Clearing active input actions
23:41:38.348 [JavaFX Application Thread] DEBUG WindowService        - Removing overlay from FXGLLoadingScene and adding to GameScene
23:41:38.348 [JavaFX Application Thread] DEBUG MainWindow           - FXGLLoadingScene -> GameScene
23:41:38.842 [JavaFX Application Thread] DEBUG AssetLoaderService   - Loading from cache: /assets/textures/smallasteroid.png
23:41:39.354 [JavaFX Application Thread] DEBUG AssetLoaderService   - Loading from cache: /assets/textures/smallasteroid.png
23:41:39.866 [JavaFX Application Thread] DEBUG AssetLoaderService   - Loading from cache: /assets/textures/smallasteroid.png
23:41:40.362 [JavaFX Application Thread] DEBUG AssetLoaderService   - Loading from cache: /assets/textures/smallasteroid.png
23:41:40.378 [JavaFX Application Thread] DEBUG AssetLoaderService   - Loading from cache: /assets/textures/smallasteroid.png
23:41:40.902 [JavaFX Application Thread] DEBUG AssetLoaderService   - Loading from cache: /assets/textures/smallasteroid.png
23:41:41.415 [JavaFX Application Thread] DEBUG AssetLoaderService   - Loading from cache: /assets/textures/smallasteroid.png
23:41:41.929 [JavaFX Application Thread] DEBUG AssetLoaderService   - Loading from cache: /assets/textures/smallasteroid.png
23:41:42.065 [JavaFX Application Thread] DEBUG AssetLoaderService   - Loading from cache: /assets/sounds/explosion.wav
23:41:42.065 [JavaFX Application Thread] DEBUG AssetLoaderService   - Loading from cache: /assets/textures/explosion.png
23:41:42.066 [JavaFX Application Thread] DEBUG AssetLoaderService   - Loading from cache: /assets/sounds/explosion.wav
23:41:42.066 [JavaFX Application Thread] DEBUG AssetLoaderService   - Loading from cache: /assets/textures/explosion.png
23:41:42.394 [JavaFX Application Thread] DEBUG AssetLoaderService   - Loading from cache: /assets/textures/smallasteroid.png
23:41:42.436 [JavaFX Application Thread] DEBUG AssetLoaderService   - Loading from cache: /assets/textures/smallasteroid.png
23:41:42.937 [JavaFX Application Thread] DEBUG AssetLoaderService   - Loading from cache: /assets/textures/smallasteroid.png
23:41:43.447 [JavaFX Application Thread] DEBUG AssetLoaderService   - Loading from cache: /assets/textures/smallasteroid.png
23:41:43.945 [JavaFX Application Thread] DEBUG AssetLoaderService   - Loading from cache: /assets/textures/smallasteroid.png
23:41:44.425 [JavaFX Application Thread] DEBUG AssetLoaderService   - Loading from cache: /assets/textures/smallasteroid.png
23:41:44.458 [JavaFX Application Thread] DEBUG AssetLoaderService   - Loading from cache: /assets/textures/smallasteroid.png
23:41:44.969 [JavaFX Application Thread] DEBUG AssetLoaderService   - Loading from cache: /assets/textures/smallasteroid.png
23:41:45.477 [JavaFX Application Thread] DEBUG AssetLoaderService   - Loading from cache: /assets/textures/smallasteroid.png
23:41:45.978 [JavaFX Application Thread] DEBUG AssetLoaderService   - Loading from cache: /assets/textures/smallasteroid.png
23:41:46.118 [JavaFX Application Thread] DEBUG AssetLoaderService   - Loading from cache: /assets/sounds/explosion.wav
23:41:46.118 [JavaFX Application Thread] DEBUG AssetLoaderService   - Loading from cache: /assets/textures/explosion.png
23:41:46.118 [JavaFX Application Thread] DEBUG AssetLoaderService   - Loading from cache: /assets/sounds/explosion.wav
23:41:46.119 [JavaFX Application Thread] DEBUG AssetLoaderService   - Loading from cache: /assets/textures/explosion.png
23:41:46.244 [JavaFX Application Thread] DEBUG AssetLoaderService   - Loading from cache: /assets/sounds/explosion.wav
23:41:46.245 [JavaFX Application Thread] DEBUG AssetLoaderService   - Loading from cache: /assets/textures/explosion.png
23:41:46.245 [JavaFX Application Thread] DEBUG AssetLoaderService   - Loading from cache: /assets/sounds/explosion.wav
23:41:46.245 [JavaFX Application Thread] DEBUG AssetLoaderService   - Loading from cache: /assets/textures/explosion.png
23:41:46.245 [JavaFX Application Thread] DEBUG Input                - Clearing active input actions
23:41:46.250 [JavaFX Application Thread] DEBUG WindowService        - Removing overlay from GameScene and adding to FXGLDefaultMenu
23:41:46.250 [JavaFX Application Thread] DEBUG MainWindow           - GameScene -> FXGLDefaultMenu
23:41:46.250 [JavaFX Application Thread] DEBUG MainWindow           - Push state: DialogSubScene
23:41:46.251 [JavaFX Application Thread] DEBUG Input                - Clearing active input actions
23:41:46.251 [JavaFX Application Thread] DEBUG WindowService        - Removing overlay from FXGLDefaultMenu and adding to DialogSubScene
23:41:46.251 [JavaFX Application Thread] DEBUG MainWindow           - FXGLDefaultMenu -> DialogSubScene
23:41:47.422 [JavaFX Application Thread] DEBUG MainWindow           - Pop state: DialogSubScene
23:41:47.422 [JavaFX Application Thread] DEBUG Input                - Clearing active input actions
23:41:47.422 [JavaFX Application Thread] DEBUG WindowService        - Removing overlay from DialogSubScene and adding to FXGLDefaultMenu
23:41:47.422 [JavaFX Application Thread] DEBUG MainWindow           - FXGLDefaultMenu <- DialogSubScene
23:41:48.290 [JavaFX Application Thread] DEBUG Menu                 - fireNewGame()
23:41:48.290 [JavaFX Application Thread] DEBUG WindowService        - Starting new game
23:41:48.290 [JavaFX Application Thread] DEBUG Input                - Clearing active input actions
23:41:48.292 [JavaFX Application Thread] DEBUG WindowService        - Removing overlay from FXGLDefaultMenu and adding to FXGLLoadingScene
23:41:48.292 [JavaFX Application Thread] DEBUG MainWindow           - FXGLDefaultMenu -> FXGLLoadingScene
23:41:48.292 [JavaFX Application Thread] DEBUG WindowService        - Clearing previous game
23:41:48.292 [JavaFX Application Thread] DEBUG GameScene            - Clearing game scene
23:41:48.292 [JavaFX Application Thread] DEBUG GameWorld            - Clearing game world
23:41:48.293 [JavaFX Application Thread] DEBUG PhysicsWorld         - Clearing physics world
23:41:48.293 [FXGL Background Thread 1 ] DEBUG GameApplication      - Initializing game
23:41:48.293 [FXGL Background Thread 1 ] DEBUG AssetLoaderService   - Loading from cache: /assets/textures/newbackground.jpg
23:41:48.294 [FXGL Background Thread 1 ] DEBUG AssetLoaderService   - Loading from cache: /assets/textures/smallspaceship.png
23:41:48.295 [FXGL Background Thread 1 ] INFO  GameApplication      - Game initialization took: 0.002 sec
23:41:48.295 [JavaFX Application Thread] DEBUG Input                - Clearing active input actions
23:41:48.297 [JavaFX Application Thread] DEBUG WindowService        - Removing overlay from FXGLLoadingScene and adding to GameScene
23:41:48.297 [JavaFX Application Thread] DEBUG MainWindow           - FXGLLoadingScene -> GameScene
23:41:49.850 [JavaFX Application Thread] DEBUG AssetLoaderService   - Loading from cache: /assets/textures/smallasteroid.png
23:41:50.038 [JavaFX Application Thread] DEBUG AssetLoaderService   - Loading from cache: /assets/textures/projectile.png
23:41:50.359 [JavaFX Application Thread] DEBUG AssetLoaderService   - Loading from cache: /assets/textures/smallasteroid.png
23:41:50.951 [JavaFX Application Thread] DEBUG AssetLoaderService   - Loading from cache: /assets/textures/projectile.png
23:41:51.358 [JavaFX Application Thread] DEBUG AssetLoaderService   - Loading from cache: /assets/textures/projectile.png
23:41:51.381 [JavaFX Application Thread] DEBUG AssetLoaderService   - Loading from cache: /assets/textures/smallasteroid.png
23:41:51.946 [JavaFX Application Thread] DEBUG AssetLoaderService   - Loading from cache: /assets/sounds/explosion.wav
23:41:51.947 [JavaFX Application Thread] DEBUG AssetLoaderService   - Loading from cache: /assets/textures/explosion.png
23:41:52.393 [JavaFX Application Thread] DEBUG AssetLoaderService   - Loading from cache: /assets/textures/smallasteroid.png
23:41:52.721 [JavaFX Application Thread] DEBUG AssetLoaderService   - Loading from cache: /assets/textures/projectile.png
23:41:52.890 [JavaFX Application Thread] DEBUG AssetLoaderService   - Loading from cache: /assets/textures/smallasteroid.png
23:41:52.909 [JavaFX Application Thread] DEBUG AssetLoaderService   - Loading from cache: /assets/textures/projectile.png
23:41:53.297 [JavaFX Application Thread] DEBUG AssetLoaderService   - Loading from cache: /assets/textures/projectile.png
23:41:53.529 [JavaFX Application Thread] DEBUG AssetLoaderService   - Loading from cache: /assets/sounds/explosion.wav
23:41:53.529 [JavaFX Application Thread] DEBUG AssetLoaderService   - Loading from cache: /assets/textures/explosion.png
23:41:53.550 [JavaFX Application Thread] DEBUG AssetLoaderService   - Loading from cache: /assets/textures/projectile.png
23:41:53.814 [JavaFX Application Thread] DEBUG AssetLoaderService   - Loading from cache: /assets/textures/projectile.png
23:41:53.928 [JavaFX Application Thread] DEBUG AssetLoaderService   - Loading from cache: /assets/sounds/explosion.wav
23:41:53.928 [JavaFX Application Thread] DEBUG AssetLoaderService   - Loading from cache: /assets/textures/explosion.png
23:41:54.054 [JavaFX Application Thread] DEBUG AssetLoaderService   - Loading from cache: /assets/textures/projectile.png
23:41:54.410 [JavaFX Application Thread] DEBUG AssetLoaderService   - Loading from cache: /assets/textures/smallasteroid.png
23:41:54.410 [JavaFX Application Thread] DEBUG AssetLoaderService   - Loading from cache: /assets/textures/smallasteroid.png
23:41:54.926 [JavaFX Application Thread] DEBUG AssetLoaderService   - Loading from cache: /assets/textures/projectile.png
23:41:55.126 [JavaFX Application Thread] DEBUG AssetLoaderService   - Loading from cache: /assets/textures/projectile.png
23:41:55.310 [JavaFX Application Thread] DEBUG AssetLoaderService   - Loading from cache: /assets/textures/projectile.png
23:41:55.929 [JavaFX Application Thread] DEBUG AssetLoaderService   - Loading from cache: /assets/textures/smallasteroid.png
23:41:56.202 [JavaFX Application Thread] DEBUG AssetLoaderService   - Loading from cache: /assets/sounds/explosion.wav
23:41:56.202 [JavaFX Application Thread] DEBUG AssetLoaderService   - Loading from cache: /assets/textures/explosion.png
23:41:56.285 [JavaFX Application Thread] DEBUG GameApplication      - Exiting FXGL
23:41:56.285 [JavaFX Application Thread] DEBUG LoopRunner           - Stopping loop
23:41:56.285 [JavaFX Application Thread] DEBUG SystemBundleService  - Saving FXGL system data
23:41:56.286 [JavaFX Application Thread] DEBUG FileSystemAccess     - Writing to: C:\Users\xxdee\IdeaProjects\350FXGLjavagame\system\fxgl.bundle
23:41:56.287 [JavaFX Application Thread] DEBUG GameApplication      - Shutting down background threads
23:41:56.288 [JavaFX Application Thread] DEBUG GameApplication      - Closing logger and exiting JavaFX
