22:31:15.201 [main                     ] DEBUG GameApplication      - Logger initialized
22:31:15.214 [main                     ] DEBUG GameApplication      - Logging settings
Title: Space Game
Version: 0.2
Width: 2000
Height: 1000
Fullscreen: false
Intro: false
Menus: true
Profiling: false
Single step:false
App Mode: DEVELOPER
Menu Key: ESCAPE
Stage Style: DECORATED
Scene Factory: class com.almasb.fxgl.app.scene.SceneFactory

22:31:15.579 [JavaFX Application Thread] DEBUG GameApplication      - Initializing FXGL
22:31:15.586 [JavaFX Application Thread] INFO  Engine               - FXGL-11.8 (08.03.2020 09.09) on WINDOWS (J:11.0.8 FX:13.0.2)
22:31:15.587 [JavaFX Application Thread] INFO  Engine               - Source code and latest versions at: https://github.com/AlmasB/FXGL
22:31:15.587 [JavaFX Application Thread] INFO  Engine               -              Join the FXGL chat at: https://gitter.im/AlmasB/FXGL
22:31:15.682 [JavaFX Application Thread] DEBUG MainWindow           - Creating a JavaFX scene
22:31:15.682 [JavaFX Application Thread] DEBUG MainWindow           - Target size > screen size
22:31:15.740 [JavaFX Application Thread] DEBUG MainWindow           - Target settings size: 2000.0 x 1000.0
22:31:15.740 [JavaFX Application Thread] DEBUG MainWindow           - Scaled scene size:    1895.0 x 960.0
22:31:15.740 [JavaFX Application Thread] DEBUG MainWindow           - Scaled ratio: (0.9475, 0.96)
22:31:15.741 [JavaFX Application Thread] DEBUG MainWindow           - Set initial scene to FXGLStartupScene
22:31:15.747 [JavaFX Application Thread] DEBUG MainWindow           - Opening main window
22:31:15.814 [JavaFX Application Thread] DEBUG MainWindow           - Window border size: (16.0, 39.0)
22:31:15.814 [JavaFX Application Thread] DEBUG MainWindow           - Scaled size: 1895.0 x 960.0
22:31:15.814 [JavaFX Application Thread] DEBUG MainWindow           - Scaled ratio: (0.9475, 0.96)
22:31:15.814 [JavaFX Application Thread] DEBUG MainWindow           - Scene size: 1895.0 x 960.0
22:31:15.814 [JavaFX Application Thread] DEBUG MainWindow           - Stage size: 1911.0 x 999.0
22:31:15.820 [FXGL Background Thread 1 ] DEBUG Engine               - Initializing environment variables
22:31:15.838 [FXGL Background Thread 1 ] DEBUG WindowService        - Applying CSS: fxgl_dark.css
22:31:15.839 [FXGL Background Thread 1 ] DEBUG AssetLoaderService   - Loading from file system: /assets/ui/css/fxgl_dark.css
22:31:15.873 [FXGL Background Thread 1 ] DEBUG WindowService        - Initializing application scenes
22:31:15.906 [FXGL Background Thread 1 ] DEBUG GameWorld            - Game world initialized
22:31:15.937 [FXGL Background Thread 1 ] DEBUG PhysicsWorld         - Physics world initialized: appHeight=1000, physics.ppm=50.0
22:31:15.939 [FXGL Background Thread 1 ] DEBUG GameScene            - Game scene initialized: 2000x1000
22:31:15.958 [FXGL Background Thread 1 ] DEBUG AssetLoaderService   - Loading from file system: /assets/textures/particles/trace_horizontal.png
22:31:16.004 [FXGL Background Thread 1 ] DEBUG FXGL.DefaultMenu     - createMenuBodyMainMenu()
22:31:16.014 [FXGL Background Thread 1 ] DEBUG FXGL.DefaultMenu     - createOptionsMenu()
22:31:16.017 [FXGL Background Thread 1 ] DEBUG FXGL.DefaultMenu     - createExtraMenu()
22:31:16.018 [FXGL Background Thread 1 ] DEBUG AssetLoaderService   - Loading from file system: /assets/textures/particles/smoke.png
22:31:16.055 [FXGL Background Thread 1 ] DEBUG AssetLoaderService   - Loading from cache: /assets/textures/particles/trace_horizontal.png@64.0x64.0
22:31:16.055 [FXGL Background Thread 1 ] DEBUG FXGL.DefaultMenu     - createMenuBodyGameMenu()
22:31:16.056 [FXGL Background Thread 1 ] DEBUG FXGL.DefaultMenu     - createOptionsMenu()
22:31:16.057 [FXGL Background Thread 1 ] DEBUG FXGL.DefaultMenu     - createExtraMenu()
22:31:16.058 [FXGL Background Thread 1 ] DEBUG AssetLoaderService   - Loading from cache: /assets/textures/particles/smoke.png@128.0x128.0
22:31:16.067 [FXGL Background Thread 1 ] DEBUG WindowService        - Application scenes initialized
22:31:16.072 [FXGL Background Thread 1 ] DEBUG SystemBundleService  - Loading FXGL system data
22:31:16.074 [FXGL Background Thread 1 ] DEBUG FileSystemAccess     - Reading from: C:\Users\xxdee\IdeaProjects\350FXGLjavagame\system\fxgl.bundle
22:31:16.078 [FXGL Background Thread 1 ] DEBUG SystemBundleService  - Bundle FXGL: {}
22:31:16.078 [FXGL Background Thread 1 ] INFO  Engine               - FXGL initialization took: 0.257 sec
22:31:16.079 [FXGL Background Thread 1 ] DEBUG GameApplication      - Loading localizations
22:31:16.080 [FXGL Background Thread 1 ] DEBUG AssetLoaderService   - Loading from file system: /assets/properties/languages/english.properties
22:31:16.081 [FXGL Background Thread 1 ] DEBUG AssetLoaderService   - Loading from file system: /assets/properties/languages/french.properties
22:31:16.082 [FXGL Background Thread 1 ] DEBUG AssetLoaderService   - Loading from file system: /assets/properties/languages/german.properties
22:31:16.082 [FXGL Background Thread 1 ] DEBUG AssetLoaderService   - Loading from file system: /assets/properties/languages/hungarian.properties
22:31:16.083 [FXGL Background Thread 1 ] DEBUG AssetLoaderService   - Loading from file system: /assets/properties/languages/russian.properties
22:31:16.084 [FXGL Background Thread 1 ] DEBUG GameApplication      - Registering font factories with UI factory
22:31:16.085 [FXGL Background Thread 1 ] DEBUG AssetLoaderService   - Loading from file system: /assets/ui/fonts/VarelaRound-Regular.ttf
22:31:16.261 [FXGL Background Thread 1 ] DEBUG AssetLoaderService   - Loading from file system: /assets/ui/fonts/Abel-Regular.ttf
22:31:16.263 [FXGL Background Thread 1 ] DEBUG AssetLoaderService   - Loading from file system: /assets/ui/fonts/lucida_console.ttf
22:31:16.266 [FXGL Background Thread 1 ] DEBUG AssetLoaderService   - Loading from file system: /assets/ui/fonts/Courier-Prime.ttf
22:31:16.275 [JavaFX Application Thread] DEBUG Input                - Registered new binding: action0 - D
22:31:16.275 [JavaFX Application Thread] DEBUG Input                - Registered new binding: action1 - A
22:31:16.275 [JavaFX Application Thread] DEBUG Input                - Registered new binding: action2 - W
22:31:16.275 [JavaFX Application Thread] DEBUG Input                - Registered new binding: action3 - C
22:31:16.275 [JavaFX Application Thread] DEBUG Input                - Registered new binding: action4 - Left
22:31:16.275 [JavaFX Application Thread] DEBUG Input                - Registered new binding: action5 - Right
22:31:16.276 [JavaFX Application Thread] DEBUG Input                - Registered new binding: action6 - Space
22:31:16.276 [JavaFX Application Thread] DEBUG AssetLoaderService   - Loading from file system: /assets/textures/fxgl_icon.png
22:31:16.291 [JavaFX Application Thread] DEBUG AssetLoaderService   - Loading from file system: /assets/ui/cursors/fxgl_default.png
22:31:16.292 [JavaFX Application Thread] DEBUG Input                - Registered new binding: Screenshot - P
22:31:16.292 [JavaFX Application Thread] DEBUG Input                - Registered new binding: System info dump - CTRL+9
22:31:16.292 [JavaFX Application Thread] DEBUG Input                - Registered new binding: Restart - CTRL+R
22:31:16.293 [JavaFX Application Thread] DEBUG LoopRunner           - Starting loop
22:31:16.305 [JavaFX Application Thread] DEBUG FXGLStartupScene     - STARTUP
22:31:16.308 [JavaFX Application Thread] DEBUG Input                - Clearing active input actions
22:31:16.322 [JavaFX Application Thread] DEBUG WindowService        - Removing overlay from FXGLStartupScene and adding to FXGLDefaultMenu
22:31:16.323 [JavaFX Application Thread] DEBUG MainWindow           - FXGLStartupScene -> FXGLDefaultMenu
22:31:16.369 [JavaFX Application Thread] DEBUG SaveLoadService      - Reading profile names
22:31:16.371 [JavaFX Application Thread] DEBUG MainWindow           - Push state: DialogSubScene
22:31:16.371 [JavaFX Application Thread] DEBUG Input                - Clearing active input actions
22:31:16.374 [JavaFX Application Thread] DEBUG WindowService        - Removing overlay from FXGLDefaultMenu and adding to DialogSubScene
22:31:16.374 [JavaFX Application Thread] DEBUG MainWindow           - FXGLDefaultMenu -> DialogSubScene
22:31:16.414 [JavaFX Application Thread] DEBUG MainWindow           - Pop state: DialogSubScene
22:31:16.414 [JavaFX Application Thread] DEBUG Input                - Clearing active input actions
22:31:16.415 [JavaFX Application Thread] DEBUG WindowService        - Removing overlay from DialogSubScene and adding to FXGLDefaultMenu
22:31:16.415 [JavaFX Application Thread] DEBUG MainWindow           - FXGLDefaultMenu <- DialogSubScene
22:31:16.416 [JavaFX Application Thread] DEBUG MainWindow           - Push state: DialogSubScene
22:31:16.417 [JavaFX Application Thread] DEBUG Input                - Clearing active input actions
22:31:16.418 [JavaFX Application Thread] DEBUG WindowService        - Removing overlay from FXGLDefaultMenu and adding to DialogSubScene
22:31:16.418 [JavaFX Application Thread] DEBUG MainWindow           - FXGLDefaultMenu -> DialogSubScene
22:31:17.560 [JavaFX Application Thread] DEBUG MainWindow           - Pop state: DialogSubScene
22:31:17.560 [JavaFX Application Thread] DEBUG Input                - Clearing active input actions
22:31:17.560 [JavaFX Application Thread] DEBUG WindowService        - Removing overlay from DialogSubScene and adding to FXGLDefaultMenu
22:31:17.561 [JavaFX Application Thread] DEBUG MainWindow           - FXGLDefaultMenu <- DialogSubScene
22:31:18.178 [JavaFX Application Thread] DEBUG Menu                 - fireNewGame()
22:31:18.178 [JavaFX Application Thread] DEBUG WindowService        - Starting new game
22:31:18.178 [JavaFX Application Thread] DEBUG Input                - Clearing active input actions
22:31:18.184 [JavaFX Application Thread] DEBUG WindowService        - Removing overlay from FXGLDefaultMenu and adding to FXGLLoadingScene
22:31:18.184 [JavaFX Application Thread] DEBUG MainWindow           - FXGLDefaultMenu -> FXGLLoadingScene
22:31:18.184 [JavaFX Application Thread] DEBUG WindowService        - Clearing previous game
22:31:18.184 [JavaFX Application Thread] DEBUG GameScene            - Clearing game scene
22:31:18.184 [JavaFX Application Thread] DEBUG GameWorld            - Clearing game world
22:31:18.184 [JavaFX Application Thread] DEBUG PhysicsWorld         - Clearing physics world
22:31:18.185 [FXGL Background Thread 1 ] DEBUG GameApplication      - Initializing game
22:31:18.193 [FXGL Background Thread 1 ] DEBUG AssetLoaderService   - Loading from file system: /assets/textures/spacebackground.png
22:31:18.231 [FXGL Background Thread 1 ] DEBUG AssetLoaderService   - Loading from file system: /assets/textures/smallspaceship.png
22:31:18.246 [FXGL Background Thread 1 ] INFO  GameApplication      - Game initialization took: 0.060 sec
22:31:18.246 [JavaFX Application Thread] DEBUG Input                - Clearing active input actions
22:31:18.250 [JavaFX Application Thread] DEBUG WindowService        - Removing overlay from FXGLLoadingScene and adding to GameScene
22:31:18.250 [JavaFX Application Thread] DEBUG MainWindow           - FXGLLoadingScene -> GameScene
22:31:19.081 [FXGL Background Thread 2 ] DEBUG Engine               - Logging environment variables
22:31:19.081 [FXGL Background Thread 2 ] DEBUG Engine               - achievements: []
22:31:19.081 [FXGL Background Thread 2 ] DEBUG Engine               - language: ObjectProperty [value: ENGLISH]
22:31:19.081 [FXGL Background Thread 2 ] DEBUG Engine               - isCloseConfirmation: false
22:31:19.081 [FXGL Background Thread 2 ] DEBUG Engine               - isProfilingEnabled: false
22:31:19.081 [FXGL Background Thread 2 ] DEBUG Engine               - soundNotification: core/notification.wav
22:31:19.081 [FXGL Background Thread 2 ] DEBUG Engine               - devShowBBoxProperty: BooleanProperty [value: false]
22:31:19.081 [FXGL Background Thread 2 ] DEBUG Engine               - pixelsPerMeter: 50.0
22:31:19.081 [FXGL Background Thread 2 ] DEBUG Engine               - soundMenuBack: menu/back.wav
22:31:19.081 [FXGL Background Thread 2 ] DEBUG Engine               - appIcon: fxgl_icon.png
22:31:19.081 [FXGL Background Thread 2 ] DEBUG Engine               - isFullScreenAllowed: false
22:31:19.081 [FXGL Background Thread 2 ] DEBUG Engine               - isIntroEnabled: false
22:31:19.081 [FXGL Background Thread 2 ] DEBUG Engine               - fontMono: lucida_console.ttf
22:31:19.081 [FXGL Background Thread 2 ] DEBUG Engine               - soundMenuSelect: menu/select.wav
22:31:19.081 [FXGL Background Thread 2 ] DEBUG Engine               - isWindows: true
22:31:19.081 [FXGL Background Thread 2 ] DEBUG Engine               - isMobile: false
22:31:19.081 [FXGL Background Thread 2 ] DEBUG Engine               - isUserProfileEnabled: true
22:31:19.081 [FXGL Background Thread 2 ] DEBUG Engine               - height: 1000
22:31:19.081 [FXGL Background Thread 2 ] DEBUG Engine               - isExperimentalNative: false
22:31:19.081 [FXGL Background Thread 2 ] DEBUG Engine               - settings: Title: Space Game
Version: 0.2
Width: 2000
Height: 1000
Fullscreen: false
Intro: false
Menus: true
Profiling: false
Single step:false
App Mode: DEVELOPER
Menu Key: ESCAPE
Stage Style: DECORATED
Scene Factory: class com.almasb.fxgl.app.scene.SceneFactory

22:31:19.081 [FXGL Background Thread 2 ] DEBUG Engine               - isSingleStep: false
22:31:19.081 [FXGL Background Thread 2 ] DEBUG Engine               - cSSList: [fxgl_dark.css]
22:31:19.081 [FXGL Background Thread 2 ] DEBUG Engine               - fontGame: Abel-Regular.ttf
22:31:19.081 [FXGL Background Thread 2 ] DEBUG Engine               - menuKey: ESCAPE
22:31:19.082 [FXGL Background Thread 2 ] DEBUG Engine               - devShowPositionProperty: BooleanProperty [value: false]
22:31:19.082 [FXGL Background Thread 2 ] DEBUG Engine               - versionCheckDays: 7
22:31:19.082 [FXGL Background Thread 2 ] DEBUG Engine               - configClass: Optional.empty
22:31:19.082 [FXGL Background Thread 2 ] DEBUG Engine               - isFullScreenFromStart: false
22:31:19.082 [FXGL Background Thread 2 ] DEBUG Engine               - version: 0.2
22:31:19.082 [FXGL Background Thread 2 ] DEBUG Engine               - fullScreen: BooleanProperty [value: false]
22:31:19.082 [FXGL Background Thread 2 ] DEBUG Engine               - randomSeed: -1
22:31:19.082 [FXGL Background Thread 2 ] DEBUG Engine               - gameDifficultyProperty: ObjectProperty [value: MEDIUM]
22:31:19.082 [FXGL Background Thread 2 ] DEBUG Engine               - applicationMode: DEVELOPER
22:31:19.082 [FXGL Background Thread 2 ] DEBUG Engine               - isMac: false
22:31:19.082 [FXGL Background Thread 2 ] DEBUG Engine               - isMenuEnabled: true
22:31:19.082 [FXGL Background Thread 2 ] DEBUG Engine               - profileName: StringProperty [value: JohnDirkse]
22:31:19.082 [FXGL Background Thread 2 ] DEBUG Engine               - urlPOM: https://raw.githubusercontent.com/AlmasB/FXGL/master/pom.xml
22:31:19.082 [FXGL Background Thread 2 ] DEBUG Engine               - notificationViewClass: class com.almasb.fxgl.notification.view.XboxNotificationView
22:31:19.082 [FXGL Background Thread 2 ] DEBUG Engine               - devSensorColorProperty: ObjectProperty [value: 0xffff00ff]
22:31:19.082 [FXGL Background Thread 2 ] DEBUG Engine               - sceneFactory: com.almasb.fxgl.app.scene.SceneFactory@dc43b75
22:31:19.082 [FXGL Background Thread 2 ] DEBUG Engine               - stageStyle: DECORATED
22:31:19.082 [FXGL Background Thread 2 ] DEBUG Engine               - isManualResizeEnabled: false
22:31:19.082 [FXGL Background Thread 2 ] DEBUG Engine               - title: Space Game
22:31:19.082 [FXGL Background Thread 2 ] DEBUG Engine               - platform: WINDOWS
22:31:19.082 [FXGL Background Thread 2 ] DEBUG Engine               - devBBoxColorProperty: ObjectProperty [value: 0xff0000ff]
22:31:19.082 [FXGL Background Thread 2 ] DEBUG Engine               - gameDifficulty: MEDIUM
22:31:19.082 [FXGL Background Thread 2 ] DEBUG Engine               - isDesktop: true
22:31:19.082 [FXGL Background Thread 2 ] DEBUG Engine               - supportedLanguages: [ENGLISH, FRENCH, GERMAN, HUNGARIAN, RUSSIAN]
22:31:19.082 [FXGL Background Thread 2 ] DEBUG Engine               - credits: []
22:31:19.082 [FXGL Background Thread 2 ] DEBUG Engine               - globalMusicVolumeProperty: DoubleProperty [value: 0.5]
22:31:19.082 [FXGL Background Thread 2 ] DEBUG Engine               - isPreserveResizeRatio: false
22:31:19.082 [FXGL Background Thread 2 ] DEBUG Engine               - fontText: Courier-Prime.ttf
22:31:19.082 [FXGL Background Thread 2 ] DEBUG Engine               - isExperimentalTiledLargeMap: false
22:31:19.083 [FXGL Background Thread 2 ] DEBUG Engine               - secondsIn24h: 60
22:31:19.083 [FXGL Background Thread 2 ] DEBUG Engine               - runtimeInfo: RuntimeInfo(platform=WINDOWS, version=11.8, build=08.03.2020 09.09)
22:31:19.083 [FXGL Background Thread 2 ] DEBUG Engine               - isLinux: false
22:31:19.083 [FXGL Background Thread 2 ] DEBUG Engine               - soundMenuPress: menu/press.wav
22:31:19.083 [FXGL Background Thread 2 ] DEBUG Engine               - urlGithub: https://github.com/AlmasB/FXGL
22:31:19.083 [FXGL Background Thread 2 ] DEBUG Engine               - profileDir: profiles/
22:31:19.083 [FXGL Background Thread 2 ] DEBUG Engine               - isDeveloperMenuEnabled: false
22:31:19.083 [FXGL Background Thread 2 ] DEBUG Engine               - globalSoundVolumeProperty: DoubleProperty [value: 0.1]
22:31:19.083 [FXGL Background Thread 2 ] DEBUG Engine               - mainWindow: com.almasb.fxgl.app.MainWindow@9fbbe15
22:31:19.083 [FXGL Background Thread 2 ] DEBUG Engine               - isBrowser: false
22:31:19.083 [FXGL Background Thread 2 ] DEBUG Engine               - globalSoundVolume: 0.5
22:31:19.083 [FXGL Background Thread 2 ] DEBUG Engine               - urlLeaderboard: http://fxgl-top.herokuapp.com/
22:31:19.083 [FXGL Background Thread 2 ] DEBUG Engine               - engineServices: [class com.almasb.fxgl.app.GameApplication$GameApplicationService, class com.almasb.fxgl.app.services.WindowService, class com.almasb.fxgl.app.services.FXGLDialogService, class com.almasb.fxgl.app.services.IOTaskExecutorService, class com.almasb.fxgl.event.EventBusService, class com.almasb.fxgl.io.FileSystemService, class com.almasb.fxgl.localization.LocalizationService, class com.almasb.fxgl.app.services.AssetLoaderService, class com.almasb.fxgl.app.services.SystemBundleService, class com.almasb.fxgl.profile.SaveLoadService, class com.almasb.fxgl.ui.FXGLUIFactoryServiceProvider, class com.almasb.fxgl.ui.FXGLDialogFactoryServiceProvider, class com.almasb.fxgl.audio.AudioPlayer, class com.almasb.fxgl.notification.impl.NotificationServiceProvider, class com.almasb.fxgl.achievement.AchievementService, class com.almasb.fxgl.cutscene.CutsceneService, class com.almasb.fxgl.minigames.MiniGameService, class com.almasb.fxgl.net.NetService, class com.almasb.fxgl.app.services.UpdaterService]
22:31:19.083 [FXGL Background Thread 2 ] DEBUG Engine               - globalMusicVolume: 0.5
22:31:19.083 [FXGL Background Thread 2 ] DEBUG Engine               - width: 2000
22:31:19.083 [FXGL Background Thread 2 ] DEBUG Engine               - saveFileExt: sav
22:31:19.083 [FXGL Background Thread 2 ] DEBUG Engine               - isAndroid: false
22:31:19.083 [FXGL Background Thread 2 ] DEBUG Engine               - fontUI: VarelaRound-Regular.ttf
22:31:19.083 [FXGL Background Thread 2 ] DEBUG Engine               - enabledMenuItems: [SAVE_LOAD, EXTRA, ONLINE]
22:31:19.083 [FXGL Background Thread 2 ] DEBUG Engine               - isIOS: false
22:31:19.083 [FXGL Background Thread 2 ] DEBUG Engine               - Logging services
22:31:19.083 [FXGL Background Thread 2 ] DEBUG Engine               - class com.almasb.fxgl.app.GameApplication$GameApplicationService
22:31:19.083 [FXGL Background Thread 2 ] DEBUG Engine               - class com.almasb.fxgl.app.services.WindowService
22:31:19.083 [FXGL Background Thread 2 ] DEBUG Engine               - class com.almasb.fxgl.app.services.FXGLDialogService
22:31:19.083 [FXGL Background Thread 2 ] DEBUG Engine               - class com.almasb.fxgl.app.services.IOTaskExecutorService
22:31:19.083 [FXGL Background Thread 2 ] DEBUG Engine               - class com.almasb.fxgl.event.EventBusService
22:31:19.083 [FXGL Background Thread 2 ] DEBUG Engine               - class com.almasb.fxgl.io.FileSystemService
22:31:19.083 [FXGL Background Thread 2 ] DEBUG Engine               - class com.almasb.fxgl.localization.LocalizationService
22:31:19.083 [FXGL Background Thread 2 ] DEBUG Engine               - class com.almasb.fxgl.app.services.AssetLoaderService
22:31:19.084 [FXGL Background Thread 2 ] DEBUG Engine               - class com.almasb.fxgl.app.services.SystemBundleService
22:31:19.084 [FXGL Background Thread 2 ] DEBUG Engine               - class com.almasb.fxgl.profile.SaveLoadService
22:31:19.084 [FXGL Background Thread 2 ] DEBUG Engine               - class com.almasb.fxgl.ui.FXGLUIFactoryServiceProvider
22:31:19.084 [FXGL Background Thread 2 ] DEBUG Engine               - class com.almasb.fxgl.ui.FXGLDialogFactoryServiceProvider
22:31:19.084 [FXGL Background Thread 2 ] DEBUG Engine               - class com.almasb.fxgl.audio.AudioPlayer
22:31:19.084 [FXGL Background Thread 2 ] DEBUG Engine               - class com.almasb.fxgl.notification.impl.NotificationServiceProvider
22:31:19.084 [FXGL Background Thread 2 ] DEBUG Engine               - class com.almasb.fxgl.achievement.AchievementService
22:31:19.084 [FXGL Background Thread 2 ] DEBUG Engine               - class com.almasb.fxgl.cutscene.CutsceneService
22:31:19.084 [FXGL Background Thread 2 ] DEBUG Engine               - class com.almasb.fxgl.minigames.MiniGameService
22:31:19.084 [FXGL Background Thread 2 ] DEBUG Engine               - class com.almasb.fxgl.net.NetService
22:31:19.084 [FXGL Background Thread 2 ] DEBUG Engine               - class com.almasb.fxgl.app.services.UpdaterService
22:31:20.765 [JavaFX Application Thread] DEBUG AssetLoaderService   - Loading from file system: /assets/textures/smallasteroid.png
22:31:21.021 [JavaFX Application Thread] DEBUG AssetLoaderService   - Loading from cache: /assets/textures/smallasteroid.png
22:31:21.976 [JavaFX Application Thread] DEBUG AssetLoaderService   - Loading from file system: /assets/sounds/explosion.wav
22:31:22.030 [JavaFX Application Thread] DEBUG AssetLoaderService   - Loading from file system: /assets/textures/explosion.png
22:31:23.115 [JavaFX Application Thread] DEBUG AssetLoaderService   - Loading from cache: /assets/textures/smallasteroid.png
22:31:23.613 [JavaFX Application Thread] DEBUG AssetLoaderService   - Loading from cache: /assets/textures/smallasteroid.png
22:31:24.269 [JavaFX Application Thread] DEBUG AssetLoaderService   - Loading from cache: /assets/sounds/explosion.wav
22:31:24.269 [JavaFX Application Thread] DEBUG AssetLoaderService   - Loading from cache: /assets/textures/explosion.png
22:31:25.390 [JavaFX Application Thread] DEBUG AssetLoaderService   - Loading from cache: /assets/textures/smallasteroid.png
22:31:26.154 [JavaFX Application Thread] DEBUG AssetLoaderService   - Loading from cache: /assets/textures/smallasteroid.png
22:31:26.811 [JavaFX Application Thread] DEBUG AssetLoaderService   - Loading from cache: /assets/sounds/explosion.wav
22:31:26.811 [JavaFX Application Thread] DEBUG AssetLoaderService   - Loading from cache: /assets/textures/explosion.png
22:31:26.813 [JavaFX Application Thread] DEBUG MainWindow           - Push state: DialogSubScene
22:31:26.813 [JavaFX Application Thread] DEBUG Input                - Clearing active input actions
22:31:26.813 [JavaFX Application Thread] DEBUG WindowService        - Removing overlay from GameScene and adding to DialogSubScene
22:31:26.813 [JavaFX Application Thread] DEBUG MainWindow           - GameScene -> DialogSubScene
22:31:26.814 [JavaFX Application Thread] WARN  MainWindow           - Cannot set to FXGLDefaultMenu. Probably because subscenes are present.
22:31:29.323 [JavaFX Application Thread] DEBUG MainWindow           - Pop state: DialogSubScene
22:31:29.323 [JavaFX Application Thread] DEBUG Input                - Clearing active input actions
22:31:29.323 [JavaFX Application Thread] DEBUG WindowService        - Removing overlay from DialogSubScene and adding to GameScene
22:31:29.323 [JavaFX Application Thread] DEBUG MainWindow           - GameScene <- DialogSubScene
22:31:30.215 [JavaFX Application Thread] DEBUG AssetLoaderService   - Loading from cache: /assets/textures/smallasteroid.png
22:31:31.229 [JavaFX Application Thread] DEBUG AssetLoaderService   - Loading from cache: /assets/textures/smallasteroid.png
22:31:32.505 [JavaFX Application Thread] DEBUG AssetLoaderService   - Loading from cache: /assets/textures/smallasteroid.png
22:31:32.973 [JavaFX Application Thread] DEBUG AssetLoaderService   - Loading from cache: /assets/sounds/explosion.wav
22:31:32.973 [JavaFX Application Thread] DEBUG AssetLoaderService   - Loading from cache: /assets/textures/explosion.png
22:31:32.974 [JavaFX Application Thread] DEBUG MainWindow           - Push state: DialogSubScene
22:31:32.974 [JavaFX Application Thread] DEBUG Input                - Clearing active input actions
22:31:32.974 [JavaFX Application Thread] DEBUG WindowService        - Removing overlay from GameScene and adding to DialogSubScene
22:31:32.974 [JavaFX Application Thread] DEBUG MainWindow           - GameScene -> DialogSubScene
22:31:32.974 [JavaFX Application Thread] WARN  MainWindow           - Cannot set to FXGLDefaultMenu. Probably because subscenes are present.
22:31:34.395 [JavaFX Application Thread] DEBUG MainWindow           - Pop state: DialogSubScene
22:31:34.395 [JavaFX Application Thread] DEBUG Input                - Clearing active input actions
22:31:34.395 [JavaFX Application Thread] DEBUG WindowService        - Removing overlay from DialogSubScene and adding to GameScene
22:31:34.395 [JavaFX Application Thread] DEBUG MainWindow           - GameScene <- DialogSubScene
22:31:35.244 [JavaFX Application Thread] DEBUG AssetLoaderService   - Loading from cache: /assets/textures/smallasteroid.png
22:31:36.254 [JavaFX Application Thread] DEBUG AssetLoaderService   - Loading from cache: /assets/textures/smallasteroid.png
22:31:36.685 [JavaFX Application Thread] DEBUG AssetLoaderService   - Loading from cache: /assets/sounds/explosion.wav
22:31:36.685 [JavaFX Application Thread] DEBUG AssetLoaderService   - Loading from cache: /assets/textures/explosion.png
22:31:36.686 [JavaFX Application Thread] DEBUG MainWindow           - Push state: DialogSubScene
22:31:36.686 [JavaFX Application Thread] DEBUG Input                - Clearing active input actions
22:31:36.686 [JavaFX Application Thread] DEBUG WindowService        - Removing overlay from GameScene and adding to DialogSubScene
22:31:36.686 [JavaFX Application Thread] DEBUG MainWindow           - GameScene -> DialogSubScene
22:31:36.686 [JavaFX Application Thread] WARN  MainWindow           - Cannot set to FXGLDefaultMenu. Probably because subscenes are present.
22:31:37.285 [JavaFX Application Thread] DEBUG MainWindow           - Pop state: DialogSubScene
22:31:37.285 [JavaFX Application Thread] DEBUG Input                - Clearing active input actions
22:31:37.285 [JavaFX Application Thread] DEBUG WindowService        - Removing overlay from DialogSubScene and adding to GameScene
22:31:37.285 [JavaFX Application Thread] DEBUG MainWindow           - GameScene <- DialogSubScene
22:31:38.025 [JavaFX Application Thread] DEBUG GameApplication      - Exiting FXGL
22:31:38.025 [JavaFX Application Thread] DEBUG LoopRunner           - Stopping loop
22:31:38.025 [JavaFX Application Thread] DEBUG SystemBundleService  - Saving FXGL system data
22:31:38.026 [JavaFX Application Thread] DEBUG FileSystemAccess     - Writing to: C:\Users\xxdee\IdeaProjects\350FXGLjavagame\system\fxgl.bundle
22:31:38.028 [JavaFX Application Thread] DEBUG GameApplication      - Shutting down background threads
22:31:38.028 [JavaFX Application Thread] DEBUG GameApplication      - Closing logger and exiting JavaFX
