18:30:23.461 [main                     ] DEBUG GameApplication      - Logger initialized
18:30:23.473 [main                     ] DEBUG GameApplication      - Logging settings
Title: Space Game
Version: 0.1
Width: 2000
Height: 1000
Fullscreen: false
Intro: false
Menus: false
Profiling: false
Single step:false
App Mode: DEVELOPER
Menu Key: ESCAPE
Stage Style: DECORATED
Scene Factory: class com.almasb.fxgl.app.scene.SceneFactory

18:30:23.881 [JavaFX Application Thread] DEBUG GameApplication      - Initializing FXGL
18:30:23.887 [JavaFX Application Thread] INFO  Engine               - FXGL-11.8 (08.03.2020 09.09) on WINDOWS (J:11.0.8 FX:13.0.2)
18:30:23.887 [JavaFX Application Thread] INFO  Engine               - Source code and latest versions at: https://github.com/AlmasB/FXGL
18:30:23.888 [JavaFX Application Thread] INFO  Engine               -              Join the FXGL chat at: https://gitter.im/AlmasB/FXGL
18:30:23.971 [JavaFX Application Thread] DEBUG MainWindow           - Creating a JavaFX scene
18:30:23.971 [JavaFX Application Thread] DEBUG MainWindow           - Target size > screen size
18:30:24.016 [JavaFX Application Thread] DEBUG MainWindow           - Target settings size: 2000.0 x 1000.0
18:30:24.017 [JavaFX Application Thread] DEBUG MainWindow           - Scaled scene size:    1895.0 x 960.0
18:30:24.017 [JavaFX Application Thread] DEBUG MainWindow           - Scaled ratio: (0.9475, 0.96)
18:30:24.018 [JavaFX Application Thread] DEBUG MainWindow           - Set initial scene to FXGLStartupScene
18:30:24.022 [JavaFX Application Thread] DEBUG MainWindow           - Opening main window
18:30:24.084 [JavaFX Application Thread] DEBUG MainWindow           - Window border size: (16.0, 39.0)
18:30:24.085 [JavaFX Application Thread] DEBUG MainWindow           - Scaled size: 1895.0 x 960.0
18:30:24.085 [JavaFX Application Thread] DEBUG MainWindow           - Scaled ratio: (0.9475, 0.96)
18:30:24.085 [JavaFX Application Thread] DEBUG MainWindow           - Scene size: 1895.0 x 960.0
18:30:24.085 [JavaFX Application Thread] DEBUG MainWindow           - Stage size: 1911.0 x 999.0
18:30:24.090 [FXGL Background Thread 1 ] DEBUG Engine               - Initializing environment variables
18:30:24.107 [FXGL Background Thread 1 ] DEBUG WindowService        - Applying CSS: fxgl_dark.css
18:30:24.107 [FXGL Background Thread 1 ] DEBUG AssetLoaderService   - Loading from file system: /assets/ui/css/fxgl_dark.css
18:30:24.137 [FXGL Background Thread 1 ] DEBUG WindowService        - Initializing application scenes
18:30:24.170 [FXGL Background Thread 1 ] DEBUG GameWorld            - Game world initialized
18:30:24.194 [FXGL Background Thread 1 ] DEBUG PhysicsWorld         - Physics world initialized: appHeight=1000, physics.ppm=50.0
18:30:24.195 [FXGL Background Thread 1 ] DEBUG GameScene            - Game scene initialized: 2000x1000
18:30:24.201 [FXGL Background Thread 1 ] DEBUG Input                - Registered new binding: Resume - Esc
18:30:24.205 [FXGL Background Thread 1 ] DEBUG AssetLoaderService   - Loading from file system: /assets/textures/pause_menu_bg.png
18:30:24.240 [FXGL Background Thread 1 ] DEBUG Input                - Registered new binding: Pause - Esc
18:30:24.240 [FXGL Background Thread 1 ] DEBUG WindowService        - Application scenes initialized
18:30:24.247 [FXGL Background Thread 1 ] DEBUG SystemBundleService  - Loading FXGL system data
18:30:24.250 [FXGL Background Thread 1 ] DEBUG FileSystemAccess     - Reading from: C:\Users\xxdee\IdeaProjects\350FXGLjavagame\system\fxgl.bundle
18:30:24.253 [FXGL Background Thread 1 ] DEBUG SystemBundleService  - Bundle FXGL: {}
18:30:24.253 [FXGL Background Thread 1 ] INFO  Engine               - FXGL initialization took: 0.162 sec
18:30:24.254 [FXGL Background Thread 1 ] DEBUG GameApplication      - Loading localizations
18:30:24.255 [FXGL Background Thread 1 ] DEBUG AssetLoaderService   - Loading from file system: /assets/properties/languages/english.properties
18:30:24.256 [FXGL Background Thread 1 ] DEBUG AssetLoaderService   - Loading from file system: /assets/properties/languages/french.properties
18:30:24.256 [FXGL Background Thread 1 ] DEBUG AssetLoaderService   - Loading from file system: /assets/properties/languages/german.properties
18:30:24.257 [FXGL Background Thread 1 ] DEBUG AssetLoaderService   - Loading from file system: /assets/properties/languages/hungarian.properties
18:30:24.258 [FXGL Background Thread 1 ] DEBUG AssetLoaderService   - Loading from file system: /assets/properties/languages/russian.properties
18:30:24.259 [FXGL Background Thread 1 ] DEBUG GameApplication      - Registering font factories with UI factory
18:30:24.259 [FXGL Background Thread 1 ] DEBUG AssetLoaderService   - Loading from file system: /assets/ui/fonts/VarelaRound-Regular.ttf
18:30:24.433 [FXGL Background Thread 1 ] DEBUG AssetLoaderService   - Loading from file system: /assets/ui/fonts/Abel-Regular.ttf
18:30:24.436 [FXGL Background Thread 1 ] DEBUG AssetLoaderService   - Loading from file system: /assets/ui/fonts/lucida_console.ttf
18:30:24.439 [FXGL Background Thread 1 ] DEBUG AssetLoaderService   - Loading from file system: /assets/ui/fonts/Courier-Prime.ttf
18:30:24.442 [JavaFX Application Thread] DEBUG Input                - Registered new binding: action0 - D
18:30:24.442 [JavaFX Application Thread] DEBUG Input                - Registered new binding: action1 - A
18:30:24.443 [JavaFX Application Thread] DEBUG Input                - Registered new binding: action2 - W
18:30:24.443 [JavaFX Application Thread] DEBUG Input                - Registered new binding: action3 - C
18:30:24.443 [JavaFX Application Thread] DEBUG Input                - Registered new binding: action4 - Left
18:30:24.443 [JavaFX Application Thread] DEBUG Input                - Registered new binding: action5 - Right
18:30:24.443 [JavaFX Application Thread] DEBUG Input                - Registered new binding: action6 - Space
18:30:24.443 [JavaFX Application Thread] DEBUG AssetLoaderService   - Loading from file system: /assets/textures/fxgl_icon.png
18:30:24.457 [JavaFX Application Thread] DEBUG AssetLoaderService   - Loading from file system: /assets/ui/cursors/fxgl_default.png
18:30:24.459 [JavaFX Application Thread] DEBUG Input                - Registered new binding: Screenshot - P
18:30:24.459 [JavaFX Application Thread] DEBUG Input                - Registered new binding: System info dump - CTRL+9
18:30:24.459 [JavaFX Application Thread] DEBUG Input                - Registered new binding: Restart - CTRL+R
18:30:24.460 [JavaFX Application Thread] DEBUG LoopRunner           - Starting loop
18:30:24.477 [JavaFX Application Thread] DEBUG FXGLStartupScene     - STARTUP
18:30:24.478 [JavaFX Application Thread] DEBUG WindowService        - Starting new game
18:30:24.479 [JavaFX Application Thread] DEBUG Input                - Clearing active input actions
18:30:24.487 [JavaFX Application Thread] DEBUG WindowService        - Removing overlay from FXGLStartupScene and adding to FXGLLoadingScene
18:30:24.487 [JavaFX Application Thread] DEBUG MainWindow           - FXGLStartupScene -> FXGLLoadingScene
18:30:24.487 [JavaFX Application Thread] DEBUG WindowService        - Clearing previous game
18:30:24.487 [JavaFX Application Thread] DEBUG GameScene            - Clearing game scene
18:30:24.487 [JavaFX Application Thread] DEBUG GameWorld            - Clearing game world
18:30:24.487 [JavaFX Application Thread] DEBUG PhysicsWorld         - Clearing physics world
18:30:24.488 [FXGL Background Thread 1 ] DEBUG GameApplication      - Initializing game
18:30:24.494 [FXGL Background Thread 1 ] DEBUG AssetLoaderService   - Loading from file system: /assets/textures/spacebackground.png
18:30:24.538 [FXGL Background Thread 1 ] DEBUG AssetLoaderService   - Loading from file system: /assets/textures/spaceship.png
18:30:24.544 [FXGL Background Thread 1 ] INFO  GameApplication      - Game initialization took: 0.056 sec
18:30:24.544 [JavaFX Application Thread] DEBUG Input                - Clearing active input actions
18:30:24.551 [JavaFX Application Thread] DEBUG WindowService        - Removing overlay from FXGLLoadingScene and adding to GameScene
18:30:24.551 [JavaFX Application Thread] DEBUG MainWindow           - FXGLLoadingScene -> GameScene
18:30:27.254 [FXGL Background Thread 2 ] DEBUG Engine               - Logging environment variables
18:30:27.254 [FXGL Background Thread 2 ] DEBUG Engine               - achievements: []
18:30:27.254 [FXGL Background Thread 2 ] DEBUG Engine               - language: ObjectProperty [value: ENGLISH]
18:30:27.254 [FXGL Background Thread 2 ] DEBUG Engine               - isCloseConfirmation: false
18:30:27.255 [FXGL Background Thread 2 ] DEBUG Engine               - isProfilingEnabled: false
18:30:27.255 [FXGL Background Thread 2 ] DEBUG Engine               - soundNotification: core/notification.wav
18:30:27.255 [FXGL Background Thread 2 ] DEBUG Engine               - devShowBBoxProperty: BooleanProperty [value: false]
18:30:27.255 [FXGL Background Thread 2 ] DEBUG Engine               - pixelsPerMeter: 50.0
18:30:27.255 [FXGL Background Thread 2 ] DEBUG Engine               - appIcon: fxgl_icon.png
18:30:27.255 [FXGL Background Thread 2 ] DEBUG Engine               - soundMenuBack: menu/back.wav
18:30:27.255 [FXGL Background Thread 2 ] DEBUG Engine               - isFullScreenAllowed: false
18:30:27.255 [FXGL Background Thread 2 ] DEBUG Engine               - isIntroEnabled: false
18:30:27.255 [FXGL Background Thread 2 ] DEBUG Engine               - fontMono: lucida_console.ttf
18:30:27.255 [FXGL Background Thread 2 ] DEBUG Engine               - soundMenuSelect: menu/select.wav
18:30:27.255 [FXGL Background Thread 2 ] DEBUG Engine               - isWindows: true
18:30:27.255 [FXGL Background Thread 2 ] DEBUG Engine               - isMobile: false
18:30:27.255 [FXGL Background Thread 2 ] DEBUG Engine               - isUserProfileEnabled: false
18:30:27.255 [FXGL Background Thread 2 ] DEBUG Engine               - height: 1000
18:30:27.255 [FXGL Background Thread 2 ] DEBUG Engine               - isExperimentalNative: false
18:30:27.255 [FXGL Background Thread 2 ] DEBUG Engine               - settings: Title: Space Game
Version: 0.1
Width: 2000
Height: 1000
Fullscreen: false
Intro: false
Menus: false
Profiling: false
Single step:false
App Mode: DEVELOPER
Menu Key: ESCAPE
Stage Style: DECORATED
Scene Factory: class com.almasb.fxgl.app.scene.SceneFactory

18:30:27.255 [FXGL Background Thread 2 ] DEBUG Engine               - isSingleStep: false
18:30:27.255 [FXGL Background Thread 2 ] DEBUG Engine               - cSSList: [fxgl_dark.css]
18:30:27.255 [FXGL Background Thread 2 ] DEBUG Engine               - fontGame: Abel-Regular.ttf
18:30:27.255 [FXGL Background Thread 2 ] DEBUG Engine               - menuKey: ESCAPE
18:30:27.255 [FXGL Background Thread 2 ] DEBUG Engine               - devShowPositionProperty: BooleanProperty [value: false]
18:30:27.256 [FXGL Background Thread 2 ] DEBUG Engine               - versionCheckDays: 7
18:30:27.256 [FXGL Background Thread 2 ] DEBUG Engine               - configClass: Optional.empty
18:30:27.256 [FXGL Background Thread 2 ] DEBUG Engine               - isFullScreenFromStart: false
18:30:27.256 [FXGL Background Thread 2 ] DEBUG Engine               - version: 0.1
18:30:27.256 [FXGL Background Thread 2 ] DEBUG Engine               - fullScreen: BooleanProperty [value: false]
18:30:27.256 [FXGL Background Thread 2 ] DEBUG Engine               - randomSeed: -1
18:30:27.256 [FXGL Background Thread 2 ] DEBUG Engine               - gameDifficultyProperty: ObjectProperty [value: MEDIUM]
18:30:27.256 [FXGL Background Thread 2 ] DEBUG Engine               - applicationMode: DEVELOPER
18:30:27.256 [FXGL Background Thread 2 ] DEBUG Engine               - isMac: false
18:30:27.256 [FXGL Background Thread 2 ] DEBUG Engine               - isMenuEnabled: false
18:30:27.256 [FXGL Background Thread 2 ] DEBUG Engine               - urlPOM: https://raw.githubusercontent.com/AlmasB/FXGL/master/pom.xml
18:30:27.256 [FXGL Background Thread 2 ] DEBUG Engine               - profileName: StringProperty [value: DEFAULT]
18:30:27.256 [FXGL Background Thread 2 ] DEBUG Engine               - notificationViewClass: class com.almasb.fxgl.notification.view.XboxNotificationView
18:30:27.256 [FXGL Background Thread 2 ] DEBUG Engine               - devSensorColorProperty: ObjectProperty [value: 0xffff00ff]
18:30:27.256 [FXGL Background Thread 2 ] DEBUG Engine               - sceneFactory: com.almasb.fxgl.app.scene.SceneFactory@c3c9c95
18:30:27.256 [FXGL Background Thread 2 ] DEBUG Engine               - stageStyle: DECORATED
18:30:27.256 [FXGL Background Thread 2 ] DEBUG Engine               - isManualResizeEnabled: false
18:30:27.256 [FXGL Background Thread 2 ] DEBUG Engine               - title: Space Game
18:30:27.256 [FXGL Background Thread 2 ] DEBUG Engine               - platform: WINDOWS
18:30:27.256 [FXGL Background Thread 2 ] DEBUG Engine               - devBBoxColorProperty: ObjectProperty [value: 0xff0000ff]
18:30:27.256 [FXGL Background Thread 2 ] DEBUG Engine               - gameDifficulty: MEDIUM
18:30:27.256 [FXGL Background Thread 2 ] DEBUG Engine               - isDesktop: true
18:30:27.257 [FXGL Background Thread 2 ] DEBUG Engine               - supportedLanguages: [ENGLISH, FRENCH, GERMAN, HUNGARIAN, RUSSIAN]
18:30:27.257 [FXGL Background Thread 2 ] DEBUG Engine               - credits: []
18:30:27.257 [FXGL Background Thread 2 ] DEBUG Engine               - globalMusicVolumeProperty: DoubleProperty [value: 0.5]
18:30:27.257 [FXGL Background Thread 2 ] DEBUG Engine               - isPreserveResizeRatio: false
18:30:27.257 [FXGL Background Thread 2 ] DEBUG Engine               - fontText: Courier-Prime.ttf
18:30:27.257 [FXGL Background Thread 2 ] DEBUG Engine               - isExperimentalTiledLargeMap: false
18:30:27.257 [FXGL Background Thread 2 ] DEBUG Engine               - secondsIn24h: 60
18:30:27.257 [FXGL Background Thread 2 ] DEBUG Engine               - runtimeInfo: RuntimeInfo(platform=WINDOWS, version=11.8, build=08.03.2020 09.09)
18:30:27.257 [FXGL Background Thread 2 ] DEBUG Engine               - isLinux: false
18:30:27.257 [FXGL Background Thread 2 ] DEBUG Engine               - soundMenuPress: menu/press.wav
18:30:27.257 [FXGL Background Thread 2 ] DEBUG Engine               - urlGithub: https://github.com/AlmasB/FXGL
18:30:27.257 [FXGL Background Thread 2 ] DEBUG Engine               - profileDir: profiles/
18:30:27.257 [FXGL Background Thread 2 ] DEBUG Engine               - isDeveloperMenuEnabled: false
18:30:27.257 [FXGL Background Thread 2 ] DEBUG Engine               - globalSoundVolumeProperty: DoubleProperty [value: 0.5]
18:30:27.257 [FXGL Background Thread 2 ] DEBUG Engine               - mainWindow: com.almasb.fxgl.app.MainWindow@80319ca
18:30:27.257 [FXGL Background Thread 2 ] DEBUG Engine               - isBrowser: false
18:30:27.257 [FXGL Background Thread 2 ] DEBUG Engine               - globalSoundVolume: 0.5
18:30:27.257 [FXGL Background Thread 2 ] DEBUG Engine               - urlLeaderboard: http://fxgl-top.herokuapp.com/
18:30:27.257 [FXGL Background Thread 2 ] DEBUG Engine               - engineServices: [class com.almasb.fxgl.app.GameApplication$GameApplicationService, class com.almasb.fxgl.app.services.WindowService, class com.almasb.fxgl.app.services.FXGLDialogService, class com.almasb.fxgl.app.services.IOTaskExecutorService, class com.almasb.fxgl.event.EventBusService, class com.almasb.fxgl.io.FileSystemService, class com.almasb.fxgl.localization.LocalizationService, class com.almasb.fxgl.app.services.AssetLoaderService, class com.almasb.fxgl.app.services.SystemBundleService, class com.almasb.fxgl.profile.SaveLoadService, class com.almasb.fxgl.ui.FXGLUIFactoryServiceProvider, class com.almasb.fxgl.ui.FXGLDialogFactoryServiceProvider, class com.almasb.fxgl.audio.AudioPlayer, class com.almasb.fxgl.notification.impl.NotificationServiceProvider, class com.almasb.fxgl.achievement.AchievementService, class com.almasb.fxgl.cutscene.CutsceneService, class com.almasb.fxgl.minigames.MiniGameService, class com.almasb.fxgl.net.NetService, class com.almasb.fxgl.app.services.UpdaterService]
18:30:27.257 [FXGL Background Thread 2 ] DEBUG Engine               - globalMusicVolume: 0.5
18:30:27.257 [FXGL Background Thread 2 ] DEBUG Engine               - width: 2000
18:30:27.257 [FXGL Background Thread 2 ] DEBUG Engine               - saveFileExt: sav
18:30:27.257 [FXGL Background Thread 2 ] DEBUG Engine               - isAndroid: false
18:30:27.257 [FXGL Background Thread 2 ] DEBUG Engine               - fontUI: VarelaRound-Regular.ttf
18:30:27.258 [FXGL Background Thread 2 ] DEBUG Engine               - enabledMenuItems: []
18:30:27.258 [FXGL Background Thread 2 ] DEBUG Engine               - isIOS: false
18:30:27.258 [FXGL Background Thread 2 ] DEBUG Engine               - Logging services
18:30:27.258 [FXGL Background Thread 2 ] DEBUG Engine               - class com.almasb.fxgl.app.GameApplication$GameApplicationService
18:30:27.258 [FXGL Background Thread 2 ] DEBUG Engine               - class com.almasb.fxgl.app.services.WindowService
18:30:27.258 [FXGL Background Thread 2 ] DEBUG Engine               - class com.almasb.fxgl.app.services.FXGLDialogService
18:30:27.258 [FXGL Background Thread 2 ] DEBUG Engine               - class com.almasb.fxgl.app.services.IOTaskExecutorService
18:30:27.258 [FXGL Background Thread 2 ] DEBUG Engine               - class com.almasb.fxgl.event.EventBusService
18:30:27.258 [FXGL Background Thread 2 ] DEBUG Engine               - class com.almasb.fxgl.io.FileSystemService
18:30:27.258 [FXGL Background Thread 2 ] DEBUG Engine               - class com.almasb.fxgl.localization.LocalizationService
18:30:27.258 [FXGL Background Thread 2 ] DEBUG Engine               - class com.almasb.fxgl.app.services.AssetLoaderService
18:30:27.258 [FXGL Background Thread 2 ] DEBUG Engine               - class com.almasb.fxgl.app.services.SystemBundleService
18:30:27.258 [FXGL Background Thread 2 ] DEBUG Engine               - class com.almasb.fxgl.profile.SaveLoadService
18:30:27.258 [FXGL Background Thread 2 ] DEBUG Engine               - class com.almasb.fxgl.ui.FXGLUIFactoryServiceProvider
18:30:27.258 [FXGL Background Thread 2 ] DEBUG Engine               - class com.almasb.fxgl.ui.FXGLDialogFactoryServiceProvider
18:30:27.258 [FXGL Background Thread 2 ] DEBUG Engine               - class com.almasb.fxgl.audio.AudioPlayer
18:30:27.258 [FXGL Background Thread 2 ] DEBUG Engine               - class com.almasb.fxgl.notification.impl.NotificationServiceProvider
18:30:27.258 [FXGL Background Thread 2 ] DEBUG Engine               - class com.almasb.fxgl.achievement.AchievementService
18:30:27.258 [FXGL Background Thread 2 ] DEBUG Engine               - class com.almasb.fxgl.cutscene.CutsceneService
18:30:27.258 [FXGL Background Thread 2 ] DEBUG Engine               - class com.almasb.fxgl.minigames.MiniGameService
18:30:27.258 [FXGL Background Thread 2 ] DEBUG Engine               - class com.almasb.fxgl.net.NetService
18:30:27.258 [FXGL Background Thread 2 ] DEBUG Engine               - class com.almasb.fxgl.app.services.UpdaterService
18:30:27.702 [JavaFX Application Thread] DEBUG AssetLoaderService   - Loading from file system: /assets/textures/asteroid.png
18:30:27.708 [JavaFX Application Thread] DEBUG AssetLoaderService   - Loading from cache: /assets/textures/asteroid.png
18:30:29.076 [JavaFX Application Thread] DEBUG AssetLoaderService   - Loading from cache: /assets/textures/asteroid.png
18:30:29.077 [JavaFX Application Thread] DEBUG AssetLoaderService   - Loading from cache: /assets/textures/asteroid.png
18:30:30.411 [JavaFX Application Thread] DEBUG AssetLoaderService   - Loading from cache: /assets/textures/asteroid.png
18:30:30.412 [JavaFX Application Thread] DEBUG AssetLoaderService   - Loading from cache: /assets/textures/asteroid.png
18:30:31.754 [JavaFX Application Thread] DEBUG AssetLoaderService   - Loading from cache: /assets/textures/asteroid.png
18:30:31.755 [JavaFX Application Thread] DEBUG AssetLoaderService   - Loading from cache: /assets/textures/asteroid.png
18:30:33.130 [JavaFX Application Thread] DEBUG AssetLoaderService   - Loading from cache: /assets/textures/asteroid.png
18:30:33.131 [JavaFX Application Thread] DEBUG AssetLoaderService   - Loading from cache: /assets/textures/asteroid.png
18:30:34.439 [JavaFX Application Thread] DEBUG AssetLoaderService   - Loading from cache: /assets/textures/asteroid.png
18:30:34.440 [JavaFX Application Thread] DEBUG AssetLoaderService   - Loading from cache: /assets/textures/asteroid.png
18:30:35.755 [JavaFX Application Thread] DEBUG AssetLoaderService   - Loading from cache: /assets/textures/asteroid.png
18:30:35.756 [JavaFX Application Thread] DEBUG AssetLoaderService   - Loading from cache: /assets/textures/asteroid.png
18:30:37.099 [JavaFX Application Thread] DEBUG AssetLoaderService   - Loading from cache: /assets/textures/asteroid.png
18:30:37.100 [JavaFX Application Thread] DEBUG AssetLoaderService   - Loading from cache: /assets/textures/asteroid.png
18:30:38.420 [JavaFX Application Thread] DEBUG AssetLoaderService   - Loading from cache: /assets/textures/asteroid.png
18:30:38.421 [JavaFX Application Thread] DEBUG AssetLoaderService   - Loading from cache: /assets/textures/asteroid.png
18:30:39.755 [JavaFX Application Thread] DEBUG AssetLoaderService   - Loading from cache: /assets/textures/asteroid.png
18:30:39.756 [JavaFX Application Thread] DEBUG AssetLoaderService   - Loading from cache: /assets/textures/asteroid.png
18:30:41.098 [JavaFX Application Thread] DEBUG AssetLoaderService   - Loading from cache: /assets/textures/asteroid.png
18:30:41.099 [JavaFX Application Thread] DEBUG AssetLoaderService   - Loading from cache: /assets/textures/asteroid.png
18:30:42.416 [JavaFX Application Thread] DEBUG AssetLoaderService   - Loading from cache: /assets/textures/asteroid.png
18:30:42.416 [JavaFX Application Thread] DEBUG AssetLoaderService   - Loading from cache: /assets/textures/asteroid.png
18:30:43.746 [JavaFX Application Thread] DEBUG AssetLoaderService   - Loading from cache: /assets/textures/asteroid.png
18:30:43.747 [JavaFX Application Thread] DEBUG AssetLoaderService   - Loading from cache: /assets/textures/asteroid.png
18:30:45.103 [JavaFX Application Thread] DEBUG AssetLoaderService   - Loading from cache: /assets/textures/asteroid.png
18:30:45.103 [JavaFX Application Thread] DEBUG AssetLoaderService   - Loading from cache: /assets/textures/asteroid.png
18:30:46.417 [JavaFX Application Thread] DEBUG AssetLoaderService   - Loading from cache: /assets/textures/asteroid.png
18:30:46.418 [JavaFX Application Thread] DEBUG AssetLoaderService   - Loading from cache: /assets/textures/asteroid.png
18:30:47.738 [JavaFX Application Thread] DEBUG AssetLoaderService   - Loading from cache: /assets/textures/asteroid.png
18:30:47.738 [JavaFX Application Thread] DEBUG AssetLoaderService   - Loading from cache: /assets/textures/asteroid.png
18:30:49.111 [JavaFX Application Thread] DEBUG AssetLoaderService   - Loading from cache: /assets/textures/asteroid.png
18:30:49.111 [JavaFX Application Thread] DEBUG AssetLoaderService   - Loading from cache: /assets/textures/asteroid.png
18:30:50.411 [JavaFX Application Thread] DEBUG AssetLoaderService   - Loading from cache: /assets/textures/asteroid.png
18:30:50.411 [JavaFX Application Thread] DEBUG AssetLoaderService   - Loading from cache: /assets/textures/asteroid.png
18:30:51.716 [JavaFX Application Thread] DEBUG AssetLoaderService   - Loading from cache: /assets/textures/asteroid.png
18:30:51.716 [JavaFX Application Thread] DEBUG AssetLoaderService   - Loading from cache: /assets/textures/asteroid.png
18:30:53.106 [JavaFX Application Thread] DEBUG AssetLoaderService   - Loading from cache: /assets/textures/asteroid.png
18:30:53.107 [JavaFX Application Thread] DEBUG AssetLoaderService   - Loading from cache: /assets/textures/asteroid.png
18:30:54.443 [JavaFX Application Thread] DEBUG AssetLoaderService   - Loading from cache: /assets/textures/asteroid.png
18:30:54.444 [JavaFX Application Thread] DEBUG AssetLoaderService   - Loading from cache: /assets/textures/asteroid.png
18:30:55.754 [JavaFX Application Thread] DEBUG AssetLoaderService   - Loading from cache: /assets/textures/asteroid.png
18:30:55.755 [JavaFX Application Thread] DEBUG AssetLoaderService   - Loading from cache: /assets/textures/asteroid.png
18:30:57.111 [JavaFX Application Thread] DEBUG AssetLoaderService   - Loading from cache: /assets/textures/asteroid.png
18:30:57.112 [JavaFX Application Thread] DEBUG AssetLoaderService   - Loading from cache: /assets/textures/asteroid.png
18:30:58.434 [JavaFX Application Thread] DEBUG AssetLoaderService   - Loading from cache: /assets/textures/asteroid.png
18:30:58.435 [JavaFX Application Thread] DEBUG AssetLoaderService   - Loading from cache: /assets/textures/asteroid.png
18:30:59.754 [JavaFX Application Thread] DEBUG AssetLoaderService   - Loading from cache: /assets/textures/asteroid.png
18:30:59.755 [JavaFX Application Thread] DEBUG AssetLoaderService   - Loading from cache: /assets/textures/asteroid.png
18:31:01.135 [JavaFX Application Thread] DEBUG AssetLoaderService   - Loading from cache: /assets/textures/asteroid.png
18:31:01.136 [JavaFX Application Thread] DEBUG AssetLoaderService   - Loading from cache: /assets/textures/asteroid.png
18:31:02.470 [JavaFX Application Thread] DEBUG AssetLoaderService   - Loading from cache: /assets/textures/asteroid.png
18:31:02.471 [JavaFX Application Thread] DEBUG AssetLoaderService   - Loading from cache: /assets/textures/asteroid.png
18:31:03.800 [JavaFX Application Thread] DEBUG AssetLoaderService   - Loading from cache: /assets/textures/asteroid.png
18:31:03.801 [JavaFX Application Thread] DEBUG AssetLoaderService   - Loading from cache: /assets/textures/asteroid.png
18:31:05.146 [JavaFX Application Thread] DEBUG AssetLoaderService   - Loading from cache: /assets/textures/asteroid.png
18:31:05.147 [JavaFX Application Thread] DEBUG AssetLoaderService   - Loading from cache: /assets/textures/asteroid.png
18:31:06.484 [JavaFX Application Thread] DEBUG AssetLoaderService   - Loading from cache: /assets/textures/asteroid.png
18:31:06.485 [JavaFX Application Thread] DEBUG AssetLoaderService   - Loading from cache: /assets/textures/asteroid.png
18:31:07.808 [JavaFX Application Thread] DEBUG AssetLoaderService   - Loading from cache: /assets/textures/asteroid.png
18:31:07.808 [JavaFX Application Thread] DEBUG AssetLoaderService   - Loading from cache: /assets/textures/asteroid.png
18:31:09.146 [JavaFX Application Thread] DEBUG AssetLoaderService   - Loading from cache: /assets/textures/asteroid.png
18:31:09.147 [JavaFX Application Thread] DEBUG AssetLoaderService   - Loading from cache: /assets/textures/asteroid.png
18:31:10.472 [JavaFX Application Thread] DEBUG AssetLoaderService   - Loading from cache: /assets/textures/asteroid.png
18:31:10.473 [JavaFX Application Thread] DEBUG AssetLoaderService   - Loading from cache: /assets/textures/asteroid.png
18:31:11.796 [JavaFX Application Thread] DEBUG AssetLoaderService   - Loading from cache: /assets/textures/asteroid.png
18:31:11.796 [JavaFX Application Thread] DEBUG AssetLoaderService   - Loading from cache: /assets/textures/asteroid.png
18:31:13.144 [JavaFX Application Thread] DEBUG AssetLoaderService   - Loading from cache: /assets/textures/asteroid.png
18:31:13.144 [JavaFX Application Thread] DEBUG AssetLoaderService   - Loading from cache: /assets/textures/asteroid.png
18:31:14.475 [JavaFX Application Thread] DEBUG AssetLoaderService   - Loading from cache: /assets/textures/asteroid.png
18:31:14.475 [JavaFX Application Thread] DEBUG AssetLoaderService   - Loading from cache: /assets/textures/asteroid.png
18:31:15.770 [JavaFX Application Thread] DEBUG AssetLoaderService   - Loading from cache: /assets/textures/asteroid.png
18:31:15.771 [JavaFX Application Thread] DEBUG AssetLoaderService   - Loading from cache: /assets/textures/asteroid.png
18:31:17.151 [JavaFX Application Thread] DEBUG AssetLoaderService   - Loading from cache: /assets/textures/asteroid.png
18:31:17.151 [JavaFX Application Thread] DEBUG AssetLoaderService   - Loading from cache: /assets/textures/asteroid.png
18:31:17.684 [JavaFX Application Thread] DEBUG GameApplication      - Exiting FXGL
18:31:17.684 [JavaFX Application Thread] DEBUG LoopRunner           - Stopping loop
18:31:17.684 [JavaFX Application Thread] DEBUG SystemBundleService  - Saving FXGL system data
18:31:17.685 [JavaFX Application Thread] DEBUG FileSystemAccess     - Writing to: C:\Users\xxdee\IdeaProjects\350FXGLjavagame\system\fxgl.bundle
18:31:17.687 [JavaFX Application Thread] DEBUG GameApplication      - Shutting down background threads
18:31:17.687 [JavaFX Application Thread] DEBUG GameApplication      - Closing logger and exiting JavaFX
