17:17:02.735 [main                     ] DEBUG GameApplication      - Logger initialized
17:17:02.750 [main                     ] DEBUG GameApplication      - Logging settings
Title: Space Game
Version: 0.1
Width: 2000
Height: 1000
Fullscreen: false
Intro: false
Menus: false
Profiling: false
Single step:false
App Mode: DEVELOPER
Menu Key: ESCAPE
Stage Style: DECORATED
Scene Factory: class com.almasb.fxgl.app.scene.SceneFactory

17:17:03.063 [JavaFX Application Thread] DEBUG GameApplication      - Initializing FXGL
17:17:03.072 [JavaFX Application Thread] INFO  Engine               - FXGL-11.8 (08.03.2020 09.09) on WINDOWS (J:14.0.2 FX:13.0.2)
17:17:03.072 [JavaFX Application Thread] INFO  Engine               - Source code and latest versions at: https://github.com/AlmasB/FXGL
17:17:03.072 [JavaFX Application Thread] INFO  Engine               -              Join the FXGL chat at: https://gitter.im/AlmasB/FXGL
17:17:03.168 [JavaFX Application Thread] DEBUG MainWindow           - Creating a JavaFX scene
17:17:03.211 [JavaFX Application Thread] DEBUG MainWindow           - Target settings size: 2000.0 x 1000.0
17:17:03.212 [JavaFX Application Thread] DEBUG MainWindow           - Scaled scene size:    2000.0 x 1000.0
17:17:03.212 [JavaFX Application Thread] DEBUG MainWindow           - Scaled ratio: (1.0, 1.0)
17:17:03.213 [JavaFX Application Thread] DEBUG MainWindow           - Set initial scene to FXGLStartupScene
17:17:03.218 [JavaFX Application Thread] DEBUG MainWindow           - Opening main window
17:17:03.274 [JavaFX Application Thread] DEBUG MainWindow           - Window border size: (16.0, 39.0)
17:17:03.275 [JavaFX Application Thread] DEBUG MainWindow           - Scaled size: 2000.0 x 1000.0
17:17:03.275 [JavaFX Application Thread] DEBUG MainWindow           - Scaled ratio: (1.0, 1.0)
17:17:03.275 [JavaFX Application Thread] DEBUG MainWindow           - Scene size: 2000.0 x 1000.0
17:17:03.275 [JavaFX Application Thread] DEBUG MainWindow           - Stage size: 2016.0 x 1039.0
17:17:03.282 [FXGL Background Thread 1 ] DEBUG Engine               - Initializing environment variables
17:17:03.304 [FXGL Background Thread 1 ] DEBUG WindowService        - Applying CSS: fxgl_dark.css
17:17:03.305 [FXGL Background Thread 1 ] DEBUG AssetLoaderService   - Loading from file system: /assets/ui/css/fxgl_dark.css
17:17:03.339 [FXGL Background Thread 1 ] DEBUG WindowService        - Initializing application scenes
17:17:03.364 [FXGL Background Thread 1 ] DEBUG GameWorld            - Game world initialized
17:17:03.396 [FXGL Background Thread 1 ] DEBUG PhysicsWorld         - Physics world initialized: appHeight=1000, physics.ppm=50.0
17:17:03.398 [FXGL Background Thread 1 ] DEBUG GameScene            - Game scene initialized: 2000x1000
17:17:03.404 [FXGL Background Thread 1 ] DEBUG Input                - Registered new binding: Resume - Esc
17:17:03.407 [FXGL Background Thread 1 ] DEBUG AssetLoaderService   - Loading from file system: /assets/textures/pause_menu_bg.png
17:17:03.442 [FXGL Background Thread 1 ] DEBUG Input                - Registered new binding: Pause - Esc
17:17:03.443 [FXGL Background Thread 1 ] DEBUG WindowService        - Application scenes initialized
17:17:03.449 [FXGL Background Thread 1 ] DEBUG SystemBundleService  - Loading FXGL system data
17:17:03.451 [FXGL Background Thread 1 ] DEBUG FileSystemAccess     - Reading from: C:\Users\dakot\IdeaProjects\350FXGLjavagame\system\fxgl.bundle
17:17:03.455 [FXGL Background Thread 1 ] DEBUG SystemBundleService  - Bundle FXGL: {}
17:17:03.455 [FXGL Background Thread 1 ] INFO  Engine               - FXGL initialization took: 0.173 sec
17:17:03.457 [FXGL Background Thread 1 ] DEBUG GameApplication      - Loading localizations
17:17:03.457 [FXGL Background Thread 1 ] DEBUG AssetLoaderService   - Loading from file system: /assets/properties/languages/english.properties
17:17:03.458 [FXGL Background Thread 1 ] DEBUG AssetLoaderService   - Loading from file system: /assets/properties/languages/french.properties
17:17:03.459 [FXGL Background Thread 1 ] DEBUG AssetLoaderService   - Loading from file system: /assets/properties/languages/german.properties
17:17:03.460 [FXGL Background Thread 1 ] DEBUG AssetLoaderService   - Loading from file system: /assets/properties/languages/hungarian.properties
17:17:03.460 [FXGL Background Thread 1 ] DEBUG AssetLoaderService   - Loading from file system: /assets/properties/languages/russian.properties
17:17:03.462 [FXGL Background Thread 1 ] DEBUG GameApplication      - Registering font factories with UI factory
17:17:03.462 [FXGL Background Thread 1 ] DEBUG AssetLoaderService   - Loading from file system: /assets/ui/fonts/VarelaRound-Regular.ttf
17:17:03.494 [FXGL Background Thread 1 ] DEBUG AssetLoaderService   - Loading from file system: /assets/ui/fonts/Abel-Regular.ttf
17:17:03.495 [FXGL Background Thread 1 ] DEBUG AssetLoaderService   - Loading from file system: /assets/ui/fonts/lucida_console.ttf
17:17:03.498 [FXGL Background Thread 1 ] DEBUG AssetLoaderService   - Loading from file system: /assets/ui/fonts/Courier-Prime.ttf
17:17:03.501 [JavaFX Application Thread] DEBUG Input                - Registered new binding: action0 - D
17:17:03.501 [JavaFX Application Thread] DEBUG Input                - Registered new binding: action1 - A
17:17:03.502 [JavaFX Application Thread] DEBUG Input                - Registered new binding: action2 - W
17:17:03.502 [JavaFX Application Thread] DEBUG Input                - Registered new binding: action3 - C
17:17:03.502 [JavaFX Application Thread] DEBUG Input                - Registered new binding: action4 - Left
17:17:03.502 [JavaFX Application Thread] DEBUG Input                - Registered new binding: action5 - Right
17:17:03.503 [JavaFX Application Thread] DEBUG Input                - Registered new binding: action6 - Space
17:17:03.503 [JavaFX Application Thread] DEBUG AssetLoaderService   - Loading from file system: /assets/textures/fxgl_icon.png
17:17:03.516 [JavaFX Application Thread] DEBUG AssetLoaderService   - Loading from file system: /assets/ui/cursors/fxgl_default.png
17:17:03.518 [JavaFX Application Thread] DEBUG Input                - Registered new binding: Screenshot - P
17:17:03.518 [JavaFX Application Thread] DEBUG Input                - Registered new binding: System info dump - CTRL+9
17:17:03.519 [JavaFX Application Thread] DEBUG Input                - Registered new binding: Restart - CTRL+R
17:17:03.519 [JavaFX Application Thread] DEBUG LoopRunner           - Starting loop
17:17:03.540 [JavaFX Application Thread] DEBUG FXGLStartupScene     - STARTUP
17:17:03.540 [JavaFX Application Thread] DEBUG WindowService        - Starting new game
17:17:03.542 [JavaFX Application Thread] DEBUG Input                - Clearing active input actions
17:17:03.553 [JavaFX Application Thread] DEBUG WindowService        - Removing overlay from FXGLStartupScene and adding to FXGLLoadingScene
17:17:03.553 [JavaFX Application Thread] DEBUG MainWindow           - FXGLStartupScene -> FXGLLoadingScene
17:17:03.553 [JavaFX Application Thread] DEBUG WindowService        - Clearing previous game
17:17:03.553 [JavaFX Application Thread] DEBUG GameScene            - Clearing game scene
17:17:03.553 [JavaFX Application Thread] DEBUG GameWorld            - Clearing game world
17:17:03.553 [JavaFX Application Thread] DEBUG PhysicsWorld         - Clearing physics world
17:17:03.555 [FXGL Background Thread 1 ] DEBUG GameApplication      - Initializing game
17:17:03.564 [FXGL Background Thread 1 ] DEBUG AssetLoaderService   - Loading from file system: /assets/textures/spacebackground.png
17:17:03.609 [FXGL Background Thread 1 ] DEBUG AssetLoaderService   - Loading from file system: /assets/textures/smallspaceship.png
17:17:03.619 [FXGL Background Thread 1 ] INFO  GameApplication      - Game initialization took: 0.065 sec
17:17:03.626 [JavaFX Application Thread] DEBUG Input                - Clearing active input actions
17:17:03.633 [JavaFX Application Thread] DEBUG WindowService        - Removing overlay from FXGLLoadingScene and adding to GameScene
17:17:03.634 [JavaFX Application Thread] DEBUG MainWindow           - FXGLLoadingScene -> GameScene
17:17:06.458 [FXGL Background Thread 2 ] DEBUG Engine               - Logging environment variables
17:17:06.458 [FXGL Background Thread 2 ] DEBUG Engine               - achievements: []
17:17:06.458 [FXGL Background Thread 2 ] DEBUG Engine               - language: ObjectProperty [value: ENGLISH]
17:17:06.458 [FXGL Background Thread 2 ] DEBUG Engine               - isCloseConfirmation: false
17:17:06.458 [FXGL Background Thread 2 ] DEBUG Engine               - isProfilingEnabled: false
17:17:06.458 [FXGL Background Thread 2 ] DEBUG Engine               - soundNotification: core/notification.wav
17:17:06.458 [FXGL Background Thread 2 ] DEBUG Engine               - devShowBBoxProperty: BooleanProperty [value: false]
17:17:06.458 [FXGL Background Thread 2 ] DEBUG Engine               - pixelsPerMeter: 50.0
17:17:06.458 [FXGL Background Thread 2 ] DEBUG Engine               - appIcon: fxgl_icon.png
17:17:06.458 [FXGL Background Thread 2 ] DEBUG Engine               - soundMenuBack: menu/back.wav
17:17:06.458 [FXGL Background Thread 2 ] DEBUG Engine               - isFullScreenAllowed: false
17:17:06.458 [FXGL Background Thread 2 ] DEBUG Engine               - isIntroEnabled: false
17:17:06.459 [FXGL Background Thread 2 ] DEBUG Engine               - fontMono: lucida_console.ttf
17:17:06.459 [FXGL Background Thread 2 ] DEBUG Engine               - soundMenuSelect: menu/select.wav
17:17:06.459 [FXGL Background Thread 2 ] DEBUG Engine               - isWindows: true
17:17:06.459 [FXGL Background Thread 2 ] DEBUG Engine               - isMobile: false
17:17:06.459 [FXGL Background Thread 2 ] DEBUG Engine               - isUserProfileEnabled: false
17:17:06.459 [FXGL Background Thread 2 ] DEBUG Engine               - height: 1000
17:17:06.459 [FXGL Background Thread 2 ] DEBUG Engine               - isExperimentalNative: false
17:17:06.459 [FXGL Background Thread 2 ] DEBUG Engine               - settings: Title: Space Game
Version: 0.1
Width: 2000
Height: 1000
Fullscreen: false
Intro: false
Menus: false
Profiling: false
Single step:false
App Mode: DEVELOPER
Menu Key: ESCAPE
Stage Style: DECORATED
Scene Factory: class com.almasb.fxgl.app.scene.SceneFactory

17:17:06.459 [FXGL Background Thread 2 ] DEBUG Engine               - isSingleStep: false
17:17:06.459 [FXGL Background Thread 2 ] DEBUG Engine               - cSSList: [fxgl_dark.css]
17:17:06.459 [FXGL Background Thread 2 ] DEBUG Engine               - fontGame: Abel-Regular.ttf
17:17:06.459 [FXGL Background Thread 2 ] DEBUG Engine               - menuKey: ESCAPE
17:17:06.459 [FXGL Background Thread 2 ] DEBUG Engine               - devShowPositionProperty: BooleanProperty [value: false]
17:17:06.459 [FXGL Background Thread 2 ] DEBUG Engine               - versionCheckDays: 7
17:17:06.459 [FXGL Background Thread 2 ] DEBUG Engine               - configClass: Optional.empty
17:17:06.459 [FXGL Background Thread 2 ] DEBUG Engine               - isFullScreenFromStart: false
17:17:06.459 [FXGL Background Thread 2 ] DEBUG Engine               - version: 0.1
17:17:06.459 [FXGL Background Thread 2 ] DEBUG Engine               - fullScreen: BooleanProperty [value: false]
17:17:06.460 [FXGL Background Thread 2 ] DEBUG Engine               - randomSeed: -1
17:17:06.460 [FXGL Background Thread 2 ] DEBUG Engine               - gameDifficultyProperty: ObjectProperty [value: MEDIUM]
17:17:06.460 [FXGL Background Thread 2 ] DEBUG Engine               - applicationMode: DEVELOPER
17:17:06.460 [FXGL Background Thread 2 ] DEBUG Engine               - isMac: false
17:17:06.460 [FXGL Background Thread 2 ] DEBUG Engine               - isMenuEnabled: false
17:17:06.460 [FXGL Background Thread 2 ] DEBUG Engine               - profileName: StringProperty [value: DEFAULT]
17:17:06.460 [FXGL Background Thread 2 ] DEBUG Engine               - urlPOM: https://raw.githubusercontent.com/AlmasB/FXGL/master/pom.xml
17:17:06.460 [FXGL Background Thread 2 ] DEBUG Engine               - notificationViewClass: class com.almasb.fxgl.notification.view.XboxNotificationView
17:17:06.460 [FXGL Background Thread 2 ] DEBUG Engine               - devSensorColorProperty: ObjectProperty [value: 0xffff00ff]
17:17:06.460 [FXGL Background Thread 2 ] DEBUG Engine               - sceneFactory: com.almasb.fxgl.app.scene.SceneFactory@1d787a0a
17:17:06.460 [FXGL Background Thread 2 ] DEBUG Engine               - stageStyle: DECORATED
17:17:06.460 [FXGL Background Thread 2 ] DEBUG Engine               - isManualResizeEnabled: false
17:17:06.460 [FXGL Background Thread 2 ] DEBUG Engine               - title: Space Game
17:17:06.460 [FXGL Background Thread 2 ] DEBUG Engine               - platform: WINDOWS
17:17:06.460 [FXGL Background Thread 2 ] DEBUG Engine               - devBBoxColorProperty: ObjectProperty [value: 0xff0000ff]
17:17:06.460 [FXGL Background Thread 2 ] DEBUG Engine               - gameDifficulty: MEDIUM
17:17:06.460 [FXGL Background Thread 2 ] DEBUG Engine               - isDesktop: true
17:17:06.460 [FXGL Background Thread 2 ] DEBUG Engine               - supportedLanguages: [ENGLISH, FRENCH, GERMAN, HUNGARIAN, RUSSIAN]
17:17:06.460 [FXGL Background Thread 2 ] DEBUG Engine               - credits: []
17:17:06.461 [FXGL Background Thread 2 ] DEBUG Engine               - globalMusicVolumeProperty: DoubleProperty [value: 0.5]
17:17:06.461 [FXGL Background Thread 2 ] DEBUG Engine               - isPreserveResizeRatio: false
17:17:06.461 [FXGL Background Thread 2 ] DEBUG Engine               - fontText: Courier-Prime.ttf
17:17:06.461 [FXGL Background Thread 2 ] DEBUG Engine               - isExperimentalTiledLargeMap: false
17:17:06.461 [FXGL Background Thread 2 ] DEBUG Engine               - secondsIn24h: 60
17:17:06.461 [FXGL Background Thread 2 ] DEBUG Engine               - runtimeInfo: RuntimeInfo(platform=WINDOWS, version=11.8, build=08.03.2020 09.09)
17:17:06.461 [FXGL Background Thread 2 ] DEBUG Engine               - isLinux: false
17:17:06.461 [FXGL Background Thread 2 ] DEBUG Engine               - soundMenuPress: menu/press.wav
17:17:06.461 [FXGL Background Thread 2 ] DEBUG Engine               - urlGithub: https://github.com/AlmasB/FXGL
17:17:06.461 [FXGL Background Thread 2 ] DEBUG Engine               - profileDir: profiles/
17:17:06.461 [FXGL Background Thread 2 ] DEBUG Engine               - isDeveloperMenuEnabled: false
17:17:06.461 [FXGL Background Thread 2 ] DEBUG Engine               - globalSoundVolumeProperty: DoubleProperty [value: 0.5]
17:17:06.461 [FXGL Background Thread 2 ] DEBUG Engine               - mainWindow: com.almasb.fxgl.app.MainWindow@1947ed7d
17:17:06.461 [FXGL Background Thread 2 ] DEBUG Engine               - isBrowser: false
17:17:06.461 [FXGL Background Thread 2 ] DEBUG Engine               - globalSoundVolume: 0.5
17:17:06.461 [FXGL Background Thread 2 ] DEBUG Engine               - urlLeaderboard: http://fxgl-top.herokuapp.com/
17:17:06.461 [FXGL Background Thread 2 ] DEBUG Engine               - engineServices: [class com.almasb.fxgl.app.GameApplication$GameApplicationService, class com.almasb.fxgl.app.services.WindowService, class com.almasb.fxgl.app.services.FXGLDialogService, class com.almasb.fxgl.app.services.IOTaskExecutorService, class com.almasb.fxgl.event.EventBusService, class com.almasb.fxgl.io.FileSystemService, class com.almasb.fxgl.localization.LocalizationService, class com.almasb.fxgl.app.services.AssetLoaderService, class com.almasb.fxgl.app.services.SystemBundleService, class com.almasb.fxgl.profile.SaveLoadService, class com.almasb.fxgl.ui.FXGLUIFactoryServiceProvider, class com.almasb.fxgl.ui.FXGLDialogFactoryServiceProvider, class com.almasb.fxgl.audio.AudioPlayer, class com.almasb.fxgl.notification.impl.NotificationServiceProvider, class com.almasb.fxgl.achievement.AchievementService, class com.almasb.fxgl.cutscene.CutsceneService, class com.almasb.fxgl.minigames.MiniGameService, class com.almasb.fxgl.net.NetService, class com.almasb.fxgl.app.services.UpdaterService]
17:17:06.462 [FXGL Background Thread 2 ] DEBUG Engine               - globalMusicVolume: 0.5
17:17:06.462 [FXGL Background Thread 2 ] DEBUG Engine               - width: 2000
17:17:06.462 [FXGL Background Thread 2 ] DEBUG Engine               - saveFileExt: sav
17:17:06.462 [FXGL Background Thread 2 ] DEBUG Engine               - isAndroid: false
17:17:06.462 [FXGL Background Thread 2 ] DEBUG Engine               - fontUI: VarelaRound-Regular.ttf
17:17:06.462 [FXGL Background Thread 2 ] DEBUG Engine               - enabledMenuItems: []
17:17:06.462 [FXGL Background Thread 2 ] DEBUG Engine               - isIOS: false
17:17:06.462 [FXGL Background Thread 2 ] DEBUG Engine               - Logging services
17:17:06.462 [FXGL Background Thread 2 ] DEBUG Engine               - class com.almasb.fxgl.app.GameApplication$GameApplicationService
17:17:06.462 [FXGL Background Thread 2 ] DEBUG Engine               - class com.almasb.fxgl.app.services.WindowService
17:17:06.462 [FXGL Background Thread 2 ] DEBUG Engine               - class com.almasb.fxgl.app.services.FXGLDialogService
17:17:06.462 [FXGL Background Thread 2 ] DEBUG Engine               - class com.almasb.fxgl.app.services.IOTaskExecutorService
17:17:06.462 [FXGL Background Thread 2 ] DEBUG Engine               - class com.almasb.fxgl.event.EventBusService
17:17:06.462 [FXGL Background Thread 2 ] DEBUG Engine               - class com.almasb.fxgl.io.FileSystemService
17:17:06.462 [FXGL Background Thread 2 ] DEBUG Engine               - class com.almasb.fxgl.localization.LocalizationService
17:17:06.462 [FXGL Background Thread 2 ] DEBUG Engine               - class com.almasb.fxgl.app.services.AssetLoaderService
17:17:06.462 [FXGL Background Thread 2 ] DEBUG Engine               - class com.almasb.fxgl.app.services.SystemBundleService
17:17:06.462 [FXGL Background Thread 2 ] DEBUG Engine               - class com.almasb.fxgl.profile.SaveLoadService
17:17:06.462 [FXGL Background Thread 2 ] DEBUG Engine               - class com.almasb.fxgl.ui.FXGLUIFactoryServiceProvider
17:17:06.462 [FXGL Background Thread 2 ] DEBUG Engine               - class com.almasb.fxgl.ui.FXGLDialogFactoryServiceProvider
17:17:06.462 [FXGL Background Thread 2 ] DEBUG Engine               - class com.almasb.fxgl.audio.AudioPlayer
17:17:06.462 [FXGL Background Thread 2 ] DEBUG Engine               - class com.almasb.fxgl.notification.impl.NotificationServiceProvider
17:17:06.463 [FXGL Background Thread 2 ] DEBUG Engine               - class com.almasb.fxgl.achievement.AchievementService
17:17:06.463 [FXGL Background Thread 2 ] DEBUG Engine               - class com.almasb.fxgl.cutscene.CutsceneService
17:17:06.463 [FXGL Background Thread 2 ] DEBUG Engine               - class com.almasb.fxgl.minigames.MiniGameService
17:17:06.463 [FXGL Background Thread 2 ] DEBUG Engine               - class com.almasb.fxgl.net.NetService
17:17:06.463 [FXGL Background Thread 2 ] DEBUG Engine               - class com.almasb.fxgl.app.services.UpdaterService
17:17:06.512 [JavaFX Application Thread] DEBUG AssetLoaderService   - Loading from file system: /assets/textures/projectile.png
17:17:06.769 [JavaFX Application Thread] DEBUG AssetLoaderService   - Loading from cache: /assets/textures/projectile.png
17:17:06.780 [JavaFX Application Thread] DEBUG AssetLoaderService   - Loading from file system: /assets/textures/smallasteroid.png
17:17:06.782 [JavaFX Application Thread] DEBUG AssetLoaderService   - Loading from cache: /assets/textures/smallasteroid.png
17:17:07.315 [JavaFX Application Thread] DEBUG AssetLoaderService   - Loading from cache: /assets/textures/projectile.png
17:17:07.538 [JavaFX Application Thread] DEBUG AssetLoaderService   - Loading from cache: /assets/textures/projectile.png
17:17:07.723 [JavaFX Application Thread] DEBUG AssetLoaderService   - Loading from cache: /assets/textures/projectile.png
17:17:08.325 [JavaFX Application Thread] DEBUG AssetLoaderService   - Loading from cache: /assets/textures/projectile.png
17:17:08.519 [JavaFX Application Thread] DEBUG AssetLoaderService   - Loading from cache: /assets/textures/projectile.png
17:17:08.730 [JavaFX Application Thread] DEBUG AssetLoaderService   - Loading from cache: /assets/textures/projectile.png
17:17:08.859 [JavaFX Application Thread] DEBUG AssetLoaderService   - Loading from cache: /assets/textures/smallasteroid.png
17:17:08.860 [JavaFX Application Thread] DEBUG AssetLoaderService   - Loading from cache: /assets/textures/smallasteroid.png
17:17:08.894 [JavaFX Application Thread] DEBUG AssetLoaderService   - Loading from cache: /assets/textures/projectile.png
17:17:09.074 [JavaFX Application Thread] DEBUG AssetLoaderService   - Loading from cache: /assets/textures/projectile.png
17:17:09.769 [JavaFX Application Thread] DEBUG AssetLoaderService   - Loading from cache: /assets/textures/projectile.png
17:17:09.971 [JavaFX Application Thread] DEBUG AssetLoaderService   - Loading from cache: /assets/textures/projectile.png
17:17:10.177 [JavaFX Application Thread] DEBUG AssetLoaderService   - Loading from cache: /assets/textures/projectile.png
17:17:10.638 [JavaFX Application Thread] DEBUG AssetLoaderService   - Loading from cache: /assets/textures/projectile.png
17:17:10.811 [JavaFX Application Thread] DEBUG AssetLoaderService   - Loading from cache: /assets/textures/projectile.png
17:17:10.949 [JavaFX Application Thread] DEBUG AssetLoaderService   - Loading from cache: /assets/textures/smallasteroid.png
17:17:10.950 [JavaFX Application Thread] DEBUG AssetLoaderService   - Loading from cache: /assets/textures/smallasteroid.png
17:17:11.033 [JavaFX Application Thread] DEBUG AssetLoaderService   - Loading from cache: /assets/textures/projectile.png
17:17:11.171 [JavaFX Application Thread] DEBUG AssetLoaderService   - Loading from cache: /assets/textures/projectile.png
17:17:11.706 [JavaFX Application Thread] DEBUG AssetLoaderService   - Loading from cache: /assets/textures/projectile.png
17:17:11.895 [JavaFX Application Thread] DEBUG AssetLoaderService   - Loading from cache: /assets/textures/projectile.png
17:17:12.436 [JavaFX Application Thread] DEBUG AssetLoaderService   - Loading from cache: /assets/textures/projectile.png
17:17:12.644 [JavaFX Application Thread] DEBUG AssetLoaderService   - Loading from cache: /assets/textures/projectile.png
17:17:13.036 [JavaFX Application Thread] DEBUG AssetLoaderService   - Loading from cache: /assets/textures/smallasteroid.png
17:17:13.036 [JavaFX Application Thread] DEBUG AssetLoaderService   - Loading from cache: /assets/textures/smallasteroid.png
17:17:13.863 [JavaFX Application Thread] DEBUG AssetLoaderService   - Loading from cache: /assets/textures/projectile.png
17:17:14.050 [JavaFX Application Thread] DEBUG AssetLoaderService   - Loading from cache: /assets/textures/projectile.png
17:17:14.241 [JavaFX Application Thread] DEBUG AssetLoaderService   - Loading from cache: /assets/textures/projectile.png
17:17:14.928 [JavaFX Application Thread] DEBUG AssetLoaderService   - Loading from cache: /assets/textures/projectile.png
17:17:15.129 [JavaFX Application Thread] DEBUG AssetLoaderService   - Loading from cache: /assets/textures/smallasteroid.png
17:17:15.130 [JavaFX Application Thread] DEBUG AssetLoaderService   - Loading from cache: /assets/textures/smallasteroid.png
17:17:15.519 [JavaFX Application Thread] DEBUG AssetLoaderService   - Loading from cache: /assets/textures/projectile.png
17:17:16.218 [JavaFX Application Thread] DEBUG AssetLoaderService   - Loading from cache: /assets/textures/projectile.png
17:17:16.826 [JavaFX Application Thread] DEBUG AssetLoaderService   - Loading from cache: /assets/textures/projectile.png
17:17:16.985 [JavaFX Application Thread] DEBUG AssetLoaderService   - Loading from cache: /assets/textures/projectile.png
17:17:17.220 [JavaFX Application Thread] DEBUG AssetLoaderService   - Loading from cache: /assets/textures/smallasteroid.png
17:17:17.220 [JavaFX Application Thread] DEBUG AssetLoaderService   - Loading from cache: /assets/textures/smallasteroid.png
17:17:17.474 [JavaFX Application Thread] DEBUG AssetLoaderService   - Loading from cache: /assets/textures/projectile.png
17:17:17.680 [JavaFX Application Thread] DEBUG AssetLoaderService   - Loading from cache: /assets/textures/projectile.png
17:17:18.322 [JavaFX Application Thread] DEBUG AssetLoaderService   - Loading from cache: /assets/textures/projectile.png
17:17:18.657 [JavaFX Application Thread] DEBUG AssetLoaderService   - Loading from cache: /assets/textures/projectile.png
17:17:18.880 [JavaFX Application Thread] DEBUG AssetLoaderService   - Loading from cache: /assets/textures/projectile.png
17:17:19.119 [JavaFX Application Thread] DEBUG AssetLoaderService   - Loading from cache: /assets/textures/projectile.png
17:17:19.308 [JavaFX Application Thread] DEBUG AssetLoaderService   - Loading from cache: /assets/textures/smallasteroid.png
17:17:19.308 [JavaFX Application Thread] DEBUG AssetLoaderService   - Loading from cache: /assets/textures/smallasteroid.png
17:17:19.345 [JavaFX Application Thread] DEBUG AssetLoaderService   - Loading from cache: /assets/textures/projectile.png
17:17:19.575 [JavaFX Application Thread] DEBUG AssetLoaderService   - Loading from cache: /assets/textures/projectile.png
17:17:19.778 [JavaFX Application Thread] DEBUG AssetLoaderService   - Loading from cache: /assets/textures/projectile.png
17:17:21.400 [JavaFX Application Thread] DEBUG AssetLoaderService   - Loading from cache: /assets/textures/smallasteroid.png
17:17:21.401 [JavaFX Application Thread] DEBUG AssetLoaderService   - Loading from cache: /assets/textures/smallasteroid.png
17:17:22.962 [JavaFX Application Thread] DEBUG AssetLoaderService   - Loading from cache: /assets/textures/projectile.png
17:17:23.185 [JavaFX Application Thread] DEBUG AssetLoaderService   - Loading from cache: /assets/textures/projectile.png
17:17:23.367 [JavaFX Application Thread] DEBUG AssetLoaderService   - Loading from cache: /assets/textures/projectile.png
17:17:23.490 [JavaFX Application Thread] DEBUG AssetLoaderService   - Loading from cache: /assets/textures/smallasteroid.png
17:17:23.491 [JavaFX Application Thread] DEBUG AssetLoaderService   - Loading from cache: /assets/textures/smallasteroid.png
17:17:23.561 [JavaFX Application Thread] DEBUG AssetLoaderService   - Loading from cache: /assets/textures/projectile.png
17:17:23.737 [JavaFX Application Thread] DEBUG AssetLoaderService   - Loading from cache: /assets/textures/projectile.png
17:17:23.931 [JavaFX Application Thread] DEBUG AssetLoaderService   - Loading from cache: /assets/textures/projectile.png
17:17:24.106 [JavaFX Application Thread] DEBUG AssetLoaderService   - Loading from cache: /assets/textures/projectile.png
17:17:24.441 [JavaFX Application Thread] DEBUG AssetLoaderService   - Loading from cache: /assets/textures/projectile.png
17:17:24.633 [JavaFX Application Thread] DEBUG AssetLoaderService   - Loading from cache: /assets/textures/projectile.png
17:17:25.283 [JavaFX Application Thread] DEBUG AssetLoaderService   - Loading from cache: /assets/textures/projectile.png
17:17:25.512 [JavaFX Application Thread] DEBUG AssetLoaderService   - Loading from cache: /assets/textures/projectile.png
17:17:25.580 [JavaFX Application Thread] DEBUG AssetLoaderService   - Loading from cache: /assets/textures/smallasteroid.png
17:17:25.580 [JavaFX Application Thread] DEBUG AssetLoaderService   - Loading from cache: /assets/textures/smallasteroid.png
17:17:25.713 [JavaFX Application Thread] DEBUG AssetLoaderService   - Loading from cache: /assets/textures/projectile.png
17:17:25.890 [JavaFX Application Thread] DEBUG AssetLoaderService   - Loading from cache: /assets/textures/projectile.png
17:17:26.058 [JavaFX Application Thread] DEBUG AssetLoaderService   - Loading from cache: /assets/textures/projectile.png
17:17:26.307 [JavaFX Application Thread] DEBUG AssetLoaderService   - Loading from cache: /assets/textures/projectile.png
17:17:26.490 [JavaFX Application Thread] DEBUG AssetLoaderService   - Loading from cache: /assets/textures/projectile.png
17:17:26.685 [JavaFX Application Thread] DEBUG AssetLoaderService   - Loading from cache: /assets/textures/projectile.png
17:17:27.263 [JavaFX Application Thread] DEBUG AssetLoaderService   - Loading from cache: /assets/textures/projectile.png
17:17:27.504 [JavaFX Application Thread] DEBUG AssetLoaderService   - Loading from cache: /assets/textures/projectile.png
17:17:27.601 [JavaFX Application Thread] DEBUG AssetLoaderService   - Loading from cache: /assets/textures/projectile.png
17:17:27.671 [JavaFX Application Thread] DEBUG AssetLoaderService   - Loading from cache: /assets/textures/smallasteroid.png
17:17:27.671 [JavaFX Application Thread] DEBUG AssetLoaderService   - Loading from cache: /assets/textures/smallasteroid.png
17:17:27.703 [JavaFX Application Thread] DEBUG AssetLoaderService   - Loading from cache: /assets/textures/projectile.png
17:17:27.811 [JavaFX Application Thread] DEBUG AssetLoaderService   - Loading from cache: /assets/textures/projectile.png
17:17:27.937 [JavaFX Application Thread] DEBUG AssetLoaderService   - Loading from cache: /assets/textures/projectile.png
17:17:28.053 [JavaFX Application Thread] DEBUG AssetLoaderService   - Loading from cache: /assets/textures/projectile.png
17:17:28.174 [JavaFX Application Thread] DEBUG AssetLoaderService   - Loading from cache: /assets/textures/projectile.png
17:17:28.289 [JavaFX Application Thread] DEBUG AssetLoaderService   - Loading from cache: /assets/textures/projectile.png
17:17:28.404 [JavaFX Application Thread] DEBUG AssetLoaderService   - Loading from cache: /assets/textures/projectile.png
17:17:28.530 [JavaFX Application Thread] DEBUG AssetLoaderService   - Loading from cache: /assets/textures/projectile.png
17:17:28.657 [JavaFX Application Thread] DEBUG AssetLoaderService   - Loading from cache: /assets/textures/projectile.png
17:17:28.768 [JavaFX Application Thread] DEBUG AssetLoaderService   - Loading from cache: /assets/textures/projectile.png
17:17:28.890 [JavaFX Application Thread] DEBUG AssetLoaderService   - Loading from cache: /assets/textures/projectile.png
17:17:29.019 [JavaFX Application Thread] DEBUG AssetLoaderService   - Loading from cache: /assets/textures/projectile.png
17:17:29.147 [JavaFX Application Thread] DEBUG AssetLoaderService   - Loading from cache: /assets/textures/projectile.png
17:17:29.279 [JavaFX Application Thread] DEBUG AssetLoaderService   - Loading from cache: /assets/textures/projectile.png
17:17:29.402 [JavaFX Application Thread] DEBUG AssetLoaderService   - Loading from cache: /assets/textures/projectile.png
17:17:29.533 [JavaFX Application Thread] DEBUG AssetLoaderService   - Loading from cache: /assets/textures/projectile.png
17:17:29.667 [JavaFX Application Thread] DEBUG AssetLoaderService   - Loading from cache: /assets/textures/projectile.png
17:17:29.756 [JavaFX Application Thread] DEBUG AssetLoaderService   - Loading from cache: /assets/textures/smallasteroid.png
17:17:29.756 [JavaFX Application Thread] DEBUG AssetLoaderService   - Loading from cache: /assets/textures/smallasteroid.png
17:17:29.792 [JavaFX Application Thread] DEBUG AssetLoaderService   - Loading from cache: /assets/textures/projectile.png
17:17:29.939 [JavaFX Application Thread] DEBUG AssetLoaderService   - Loading from cache: /assets/textures/projectile.png
17:17:30.082 [JavaFX Application Thread] DEBUG AssetLoaderService   - Loading from cache: /assets/textures/projectile.png
17:17:30.225 [JavaFX Application Thread] DEBUG AssetLoaderService   - Loading from cache: /assets/textures/projectile.png
17:17:31.851 [JavaFX Application Thread] DEBUG AssetLoaderService   - Loading from cache: /assets/textures/smallasteroid.png
17:17:31.851 [JavaFX Application Thread] DEBUG AssetLoaderService   - Loading from cache: /assets/textures/smallasteroid.png
17:17:33.146 [JavaFX Application Thread] DEBUG GameApplication      - Exiting FXGL
17:17:33.146 [JavaFX Application Thread] DEBUG LoopRunner           - Stopping loop
17:17:33.146 [JavaFX Application Thread] DEBUG SystemBundleService  - Saving FXGL system data
17:17:33.147 [JavaFX Application Thread] DEBUG FileSystemAccess     - Writing to: C:\Users\dakot\IdeaProjects\350FXGLjavagame\system\fxgl.bundle
17:17:33.148 [JavaFX Application Thread] DEBUG GameApplication      - Shutting down background threads
17:17:33.148 [JavaFX Application Thread] DEBUG GameApplication      - Closing logger and exiting JavaFX
