22:20:14.404 [main                     ] DEBUG GameApplication      - Logger initialized
22:20:14.417 [main                     ] DEBUG GameApplication      - Logging settings
Title: Space Game
Version: 0.2
Width: 2000
Height: 1000
Fullscreen: false
Intro: false
Menus: true
Profiling: false
Single step:false
App Mode: DEVELOPER
Menu Key: ESCAPE
Stage Style: DECORATED
Scene Factory: class com.almasb.fxgl.app.scene.SceneFactory

22:20:14.754 [JavaFX Application Thread] DEBUG GameApplication      - Initializing FXGL
22:20:14.761 [JavaFX Application Thread] INFO  Engine               - FXGL-11.8 (08.03.2020 09.09) on WINDOWS (J:11.0.8 FX:13.0.2)
22:20:14.761 [JavaFX Application Thread] INFO  Engine               - Source code and latest versions at: https://github.com/AlmasB/FXGL
22:20:14.761 [JavaFX Application Thread] INFO  Engine               -              Join the FXGL chat at: https://gitter.im/AlmasB/FXGL
22:20:14.848 [JavaFX Application Thread] DEBUG MainWindow           - Creating a JavaFX scene
22:20:14.848 [JavaFX Application Thread] DEBUG MainWindow           - Target size > screen size
22:20:14.899 [JavaFX Application Thread] DEBUG MainWindow           - Target settings size: 2000.0 x 1000.0
22:20:14.899 [JavaFX Application Thread] DEBUG MainWindow           - Scaled scene size:    1895.0 x 960.0
22:20:14.899 [JavaFX Application Thread] DEBUG MainWindow           - Scaled ratio: (0.9475, 0.96)
22:20:14.900 [JavaFX Application Thread] DEBUG MainWindow           - Set initial scene to FXGLStartupScene
22:20:14.905 [JavaFX Application Thread] DEBUG MainWindow           - Opening main window
22:20:14.975 [JavaFX Application Thread] DEBUG MainWindow           - Window border size: (16.0, 39.0)
22:20:14.975 [JavaFX Application Thread] DEBUG MainWindow           - Scaled size: 1895.0 x 960.0
22:20:14.975 [JavaFX Application Thread] DEBUG MainWindow           - Scaled ratio: (0.9475, 0.96)
22:20:14.975 [JavaFX Application Thread] DEBUG MainWindow           - Scene size: 1895.0 x 960.0
22:20:14.976 [JavaFX Application Thread] DEBUG MainWindow           - Stage size: 1911.0 x 999.0
22:20:14.981 [FXGL Background Thread 1 ] DEBUG Engine               - Initializing environment variables
22:20:15.002 [FXGL Background Thread 1 ] DEBUG WindowService        - Applying CSS: fxgl_dark.css
22:20:15.002 [FXGL Background Thread 1 ] DEBUG AssetLoaderService   - Loading from file system: /assets/ui/css/fxgl_dark.css
22:20:15.035 [FXGL Background Thread 1 ] DEBUG WindowService        - Initializing application scenes
22:20:15.063 [FXGL Background Thread 1 ] DEBUG GameWorld            - Game world initialized
22:20:15.087 [FXGL Background Thread 1 ] DEBUG PhysicsWorld         - Physics world initialized: appHeight=1000, physics.ppm=50.0
22:20:15.089 [FXGL Background Thread 1 ] DEBUG GameScene            - Game scene initialized: 2000x1000
22:20:15.107 [FXGL Background Thread 1 ] DEBUG AssetLoaderService   - Loading from file system: /assets/textures/particles/trace_horizontal.png
22:20:15.147 [FXGL Background Thread 1 ] DEBUG FXGL.DefaultMenu     - createMenuBodyMainMenu()
22:20:15.157 [FXGL Background Thread 1 ] DEBUG FXGL.DefaultMenu     - createOptionsMenu()
22:20:15.159 [FXGL Background Thread 1 ] DEBUG FXGL.DefaultMenu     - createExtraMenu()
22:20:15.161 [FXGL Background Thread 1 ] DEBUG AssetLoaderService   - Loading from file system: /assets/textures/particles/smoke.png
22:20:15.197 [FXGL Background Thread 1 ] DEBUG AssetLoaderService   - Loading from cache: /assets/textures/particles/trace_horizontal.png@64.0x64.0
22:20:15.197 [FXGL Background Thread 1 ] DEBUG FXGL.DefaultMenu     - createMenuBodyGameMenu()
22:20:15.199 [FXGL Background Thread 1 ] DEBUG FXGL.DefaultMenu     - createOptionsMenu()
22:20:15.200 [FXGL Background Thread 1 ] DEBUG FXGL.DefaultMenu     - createExtraMenu()
22:20:15.201 [FXGL Background Thread 1 ] DEBUG AssetLoaderService   - Loading from cache: /assets/textures/particles/smoke.png@128.0x128.0
22:20:15.209 [FXGL Background Thread 1 ] DEBUG WindowService        - Application scenes initialized
22:20:15.214 [FXGL Background Thread 1 ] DEBUG SystemBundleService  - Loading FXGL system data
22:20:15.216 [FXGL Background Thread 1 ] DEBUG FileSystemAccess     - Reading from: C:\Users\xxdee\IdeaProjects\350FXGLjavagame\system\fxgl.bundle
22:20:15.219 [FXGL Background Thread 1 ] DEBUG SystemBundleService  - Bundle FXGL: {}
22:20:15.219 [FXGL Background Thread 1 ] INFO  Engine               - FXGL initialization took: 0.236 sec
22:20:15.220 [FXGL Background Thread 1 ] DEBUG GameApplication      - Loading localizations
22:20:15.221 [FXGL Background Thread 1 ] DEBUG AssetLoaderService   - Loading from file system: /assets/properties/languages/english.properties
22:20:15.222 [FXGL Background Thread 1 ] DEBUG AssetLoaderService   - Loading from file system: /assets/properties/languages/french.properties
22:20:15.222 [FXGL Background Thread 1 ] DEBUG AssetLoaderService   - Loading from file system: /assets/properties/languages/german.properties
22:20:15.223 [FXGL Background Thread 1 ] DEBUG AssetLoaderService   - Loading from file system: /assets/properties/languages/hungarian.properties
22:20:15.224 [FXGL Background Thread 1 ] DEBUG AssetLoaderService   - Loading from file system: /assets/properties/languages/russian.properties
22:20:15.225 [FXGL Background Thread 1 ] DEBUG GameApplication      - Registering font factories with UI factory
22:20:15.225 [FXGL Background Thread 1 ] DEBUG AssetLoaderService   - Loading from file system: /assets/ui/fonts/VarelaRound-Regular.ttf
22:20:15.400 [FXGL Background Thread 1 ] DEBUG AssetLoaderService   - Loading from file system: /assets/ui/fonts/Abel-Regular.ttf
22:20:15.402 [FXGL Background Thread 1 ] DEBUG AssetLoaderService   - Loading from file system: /assets/ui/fonts/lucida_console.ttf
22:20:15.405 [FXGL Background Thread 1 ] DEBUG AssetLoaderService   - Loading from file system: /assets/ui/fonts/Courier-Prime.ttf
22:20:15.414 [JavaFX Application Thread] DEBUG Input                - Registered new binding: action0 - D
22:20:15.414 [JavaFX Application Thread] DEBUG Input                - Registered new binding: action1 - A
22:20:15.414 [JavaFX Application Thread] DEBUG Input                - Registered new binding: action2 - W
22:20:15.414 [JavaFX Application Thread] DEBUG Input                - Registered new binding: action3 - C
22:20:15.414 [JavaFX Application Thread] DEBUG Input                - Registered new binding: action4 - Left
22:20:15.415 [JavaFX Application Thread] DEBUG Input                - Registered new binding: action5 - Right
22:20:15.415 [JavaFX Application Thread] DEBUG Input                - Registered new binding: action6 - Space
22:20:15.415 [JavaFX Application Thread] DEBUG AssetLoaderService   - Loading from file system: /assets/textures/fxgl_icon.png
22:20:15.427 [JavaFX Application Thread] DEBUG AssetLoaderService   - Loading from file system: /assets/ui/cursors/fxgl_default.png
22:20:15.429 [JavaFX Application Thread] DEBUG Input                - Registered new binding: Screenshot - P
22:20:15.429 [JavaFX Application Thread] DEBUG Input                - Registered new binding: System info dump - CTRL+9
22:20:15.429 [JavaFX Application Thread] DEBUG Input                - Registered new binding: Restart - CTRL+R
22:20:15.429 [JavaFX Application Thread] DEBUG LoopRunner           - Starting loop
22:20:15.450 [JavaFX Application Thread] DEBUG FXGLStartupScene     - STARTUP
22:20:15.453 [JavaFX Application Thread] DEBUG Input                - Clearing active input actions
22:20:15.466 [JavaFX Application Thread] DEBUG WindowService        - Removing overlay from FXGLStartupScene and adding to FXGLDefaultMenu
22:20:15.466 [JavaFX Application Thread] DEBUG MainWindow           - FXGLStartupScene -> FXGLDefaultMenu
22:20:15.514 [JavaFX Application Thread] DEBUG SaveLoadService      - Reading profile names
22:20:15.516 [JavaFX Application Thread] DEBUG MainWindow           - Push state: DialogSubScene
22:20:15.516 [JavaFX Application Thread] DEBUG Input                - Clearing active input actions
22:20:15.519 [JavaFX Application Thread] DEBUG WindowService        - Removing overlay from FXGLDefaultMenu and adding to DialogSubScene
22:20:15.519 [JavaFX Application Thread] DEBUG MainWindow           - FXGLDefaultMenu -> DialogSubScene
22:20:15.557 [JavaFX Application Thread] DEBUG MainWindow           - Pop state: DialogSubScene
22:20:15.557 [JavaFX Application Thread] DEBUG Input                - Clearing active input actions
22:20:15.558 [JavaFX Application Thread] DEBUG WindowService        - Removing overlay from DialogSubScene and adding to FXGLDefaultMenu
22:20:15.558 [JavaFX Application Thread] DEBUG MainWindow           - FXGLDefaultMenu <- DialogSubScene
22:20:15.559 [JavaFX Application Thread] DEBUG MainWindow           - Push state: DialogSubScene
22:20:15.559 [JavaFX Application Thread] DEBUG Input                - Clearing active input actions
22:20:15.561 [JavaFX Application Thread] DEBUG WindowService        - Removing overlay from FXGLDefaultMenu and adding to DialogSubScene
22:20:15.561 [JavaFX Application Thread] DEBUG MainWindow           - FXGLDefaultMenu -> DialogSubScene
22:20:16.222 [JavaFX Application Thread] DEBUG MainWindow           - Pop state: DialogSubScene
22:20:16.222 [JavaFX Application Thread] DEBUG Input                - Clearing active input actions
22:20:16.222 [JavaFX Application Thread] DEBUG WindowService        - Removing overlay from DialogSubScene and adding to FXGLDefaultMenu
22:20:16.223 [JavaFX Application Thread] DEBUG MainWindow           - FXGLDefaultMenu <- DialogSubScene
22:20:16.700 [JavaFX Application Thread] DEBUG Menu                 - fireNewGame()
22:20:16.700 [JavaFX Application Thread] DEBUG WindowService        - Starting new game
22:20:16.700 [JavaFX Application Thread] DEBUG Input                - Clearing active input actions
22:20:16.706 [JavaFX Application Thread] DEBUG WindowService        - Removing overlay from FXGLDefaultMenu and adding to FXGLLoadingScene
22:20:16.706 [JavaFX Application Thread] DEBUG MainWindow           - FXGLDefaultMenu -> FXGLLoadingScene
22:20:16.706 [JavaFX Application Thread] DEBUG WindowService        - Clearing previous game
22:20:16.706 [JavaFX Application Thread] DEBUG GameScene            - Clearing game scene
22:20:16.706 [JavaFX Application Thread] DEBUG GameWorld            - Clearing game world
22:20:16.706 [JavaFX Application Thread] DEBUG PhysicsWorld         - Clearing physics world
22:20:16.707 [FXGL Background Thread 1 ] DEBUG GameApplication      - Initializing game
22:20:16.716 [FXGL Background Thread 1 ] DEBUG AssetLoaderService   - Loading from file system: /assets/textures/spacebackground.png
22:20:16.760 [FXGL Background Thread 1 ] DEBUG AssetLoaderService   - Loading from file system: /assets/textures/smallspaceship.png
22:20:16.775 [FXGL Background Thread 1 ] INFO  GameApplication      - Game initialization took: 0.068 sec
22:20:16.776 [JavaFX Application Thread] DEBUG Input                - Clearing active input actions
22:20:16.780 [JavaFX Application Thread] DEBUG WindowService        - Removing overlay from FXGLLoadingScene and adding to GameScene
22:20:16.780 [JavaFX Application Thread] DEBUG MainWindow           - FXGLLoadingScene -> GameScene
22:20:18.009 [JavaFX Application Thread] DEBUG AssetLoaderService   - Loading from file system: /assets/textures/projectile.png
22:20:18.168 [JavaFX Application Thread] DEBUG AssetLoaderService   - Loading from cache: /assets/textures/projectile.png
22:20:18.220 [FXGL Background Thread 2 ] DEBUG Engine               - Logging environment variables
22:20:18.220 [FXGL Background Thread 2 ] DEBUG Engine               - achievements: []
22:20:18.220 [FXGL Background Thread 2 ] DEBUG Engine               - language: ObjectProperty [value: ENGLISH]
22:20:18.220 [FXGL Background Thread 2 ] DEBUG Engine               - isCloseConfirmation: false
22:20:18.220 [FXGL Background Thread 2 ] DEBUG Engine               - isProfilingEnabled: false
22:20:18.220 [FXGL Background Thread 2 ] DEBUG Engine               - soundNotification: core/notification.wav
22:20:18.220 [FXGL Background Thread 2 ] DEBUG Engine               - devShowBBoxProperty: BooleanProperty [value: false]
22:20:18.220 [FXGL Background Thread 2 ] DEBUG Engine               - pixelsPerMeter: 50.0
22:20:18.220 [FXGL Background Thread 2 ] DEBUG Engine               - soundMenuBack: menu/back.wav
22:20:18.220 [FXGL Background Thread 2 ] DEBUG Engine               - appIcon: fxgl_icon.png
22:20:18.220 [FXGL Background Thread 2 ] DEBUG Engine               - isFullScreenAllowed: false
22:20:18.220 [FXGL Background Thread 2 ] DEBUG Engine               - isIntroEnabled: false
22:20:18.220 [FXGL Background Thread 2 ] DEBUG Engine               - fontMono: lucida_console.ttf
22:20:18.220 [FXGL Background Thread 2 ] DEBUG Engine               - soundMenuSelect: menu/select.wav
22:20:18.220 [FXGL Background Thread 2 ] DEBUG Engine               - isWindows: true
22:20:18.220 [FXGL Background Thread 2 ] DEBUG Engine               - isMobile: false
22:20:18.220 [FXGL Background Thread 2 ] DEBUG Engine               - isUserProfileEnabled: true
22:20:18.220 [FXGL Background Thread 2 ] DEBUG Engine               - height: 1000
22:20:18.220 [FXGL Background Thread 2 ] DEBUG Engine               - isExperimentalNative: false
22:20:18.220 [FXGL Background Thread 2 ] DEBUG Engine               - settings: Title: Space Game
Version: 0.2
Width: 2000
Height: 1000
Fullscreen: false
Intro: false
Menus: true
Profiling: false
Single step:false
App Mode: DEVELOPER
Menu Key: ESCAPE
Stage Style: DECORATED
Scene Factory: class com.almasb.fxgl.app.scene.SceneFactory

22:20:18.220 [FXGL Background Thread 2 ] DEBUG Engine               - isSingleStep: false
22:20:18.220 [FXGL Background Thread 2 ] DEBUG Engine               - cSSList: [fxgl_dark.css]
22:20:18.220 [FXGL Background Thread 2 ] DEBUG Engine               - fontGame: Abel-Regular.ttf
22:20:18.220 [FXGL Background Thread 2 ] DEBUG Engine               - menuKey: ESCAPE
22:20:18.220 [FXGL Background Thread 2 ] DEBUG Engine               - devShowPositionProperty: BooleanProperty [value: false]
22:20:18.221 [FXGL Background Thread 2 ] DEBUG Engine               - versionCheckDays: 7
22:20:18.221 [FXGL Background Thread 2 ] DEBUG Engine               - configClass: Optional.empty
22:20:18.221 [FXGL Background Thread 2 ] DEBUG Engine               - isFullScreenFromStart: false
22:20:18.221 [FXGL Background Thread 2 ] DEBUG Engine               - version: 0.2
22:20:18.221 [FXGL Background Thread 2 ] DEBUG Engine               - fullScreen: BooleanProperty [value: false]
22:20:18.221 [FXGL Background Thread 2 ] DEBUG Engine               - randomSeed: -1
22:20:18.221 [FXGL Background Thread 2 ] DEBUG Engine               - gameDifficultyProperty: ObjectProperty [value: MEDIUM]
22:20:18.221 [FXGL Background Thread 2 ] DEBUG Engine               - applicationMode: DEVELOPER
22:20:18.221 [FXGL Background Thread 2 ] DEBUG Engine               - isMac: false
22:20:18.221 [FXGL Background Thread 2 ] DEBUG Engine               - isMenuEnabled: true
22:20:18.221 [FXGL Background Thread 2 ] DEBUG Engine               - profileName: StringProperty [value: JohnDirkse]
22:20:18.221 [FXGL Background Thread 2 ] DEBUG Engine               - urlPOM: https://raw.githubusercontent.com/AlmasB/FXGL/master/pom.xml
22:20:18.221 [FXGL Background Thread 2 ] DEBUG Engine               - notificationViewClass: class com.almasb.fxgl.notification.view.XboxNotificationView
22:20:18.221 [FXGL Background Thread 2 ] DEBUG Engine               - devSensorColorProperty: ObjectProperty [value: 0xffff00ff]
22:20:18.221 [FXGL Background Thread 2 ] DEBUG Engine               - sceneFactory: com.almasb.fxgl.app.scene.SceneFactory@54025793
22:20:18.221 [FXGL Background Thread 2 ] DEBUG Engine               - stageStyle: DECORATED
22:20:18.221 [FXGL Background Thread 2 ] DEBUG Engine               - isManualResizeEnabled: false
22:20:18.221 [FXGL Background Thread 2 ] DEBUG Engine               - title: Space Game
22:20:18.221 [FXGL Background Thread 2 ] DEBUG Engine               - platform: WINDOWS
22:20:18.221 [FXGL Background Thread 2 ] DEBUG Engine               - devBBoxColorProperty: ObjectProperty [value: 0xff0000ff]
22:20:18.221 [FXGL Background Thread 2 ] DEBUG Engine               - gameDifficulty: MEDIUM
22:20:18.221 [FXGL Background Thread 2 ] DEBUG Engine               - isDesktop: true
22:20:18.221 [FXGL Background Thread 2 ] DEBUG Engine               - supportedLanguages: [ENGLISH, FRENCH, GERMAN, HUNGARIAN, RUSSIAN]
22:20:18.221 [FXGL Background Thread 2 ] DEBUG Engine               - credits: []
22:20:18.221 [FXGL Background Thread 2 ] DEBUG Engine               - globalMusicVolumeProperty: DoubleProperty [value: 0.5]
22:20:18.221 [FXGL Background Thread 2 ] DEBUG Engine               - isPreserveResizeRatio: false
22:20:18.221 [FXGL Background Thread 2 ] DEBUG Engine               - fontText: Courier-Prime.ttf
22:20:18.221 [FXGL Background Thread 2 ] DEBUG Engine               - isExperimentalTiledLargeMap: false
22:20:18.222 [FXGL Background Thread 2 ] DEBUG Engine               - secondsIn24h: 60
22:20:18.222 [FXGL Background Thread 2 ] DEBUG Engine               - runtimeInfo: RuntimeInfo(platform=WINDOWS, version=11.8, build=08.03.2020 09.09)
22:20:18.222 [FXGL Background Thread 2 ] DEBUG Engine               - isLinux: false
22:20:18.222 [FXGL Background Thread 2 ] DEBUG Engine               - soundMenuPress: menu/press.wav
22:20:18.222 [FXGL Background Thread 2 ] DEBUG Engine               - urlGithub: https://github.com/AlmasB/FXGL
22:20:18.222 [FXGL Background Thread 2 ] DEBUG Engine               - profileDir: profiles/
22:20:18.222 [FXGL Background Thread 2 ] DEBUG Engine               - isDeveloperMenuEnabled: false
22:20:18.222 [FXGL Background Thread 2 ] DEBUG Engine               - globalSoundVolumeProperty: DoubleProperty [value: 0.1]
22:20:18.222 [FXGL Background Thread 2 ] DEBUG Engine               - mainWindow: com.almasb.fxgl.app.MainWindow@503dc9cb
22:20:18.222 [FXGL Background Thread 2 ] DEBUG Engine               - isBrowser: false
22:20:18.222 [FXGL Background Thread 2 ] DEBUG Engine               - globalSoundVolume: 0.5
22:20:18.222 [FXGL Background Thread 2 ] DEBUG Engine               - urlLeaderboard: http://fxgl-top.herokuapp.com/
22:20:18.222 [FXGL Background Thread 2 ] DEBUG Engine               - engineServices: [class com.almasb.fxgl.app.GameApplication$GameApplicationService, class com.almasb.fxgl.app.services.WindowService, class com.almasb.fxgl.app.services.FXGLDialogService, class com.almasb.fxgl.app.services.IOTaskExecutorService, class com.almasb.fxgl.event.EventBusService, class com.almasb.fxgl.io.FileSystemService, class com.almasb.fxgl.localization.LocalizationService, class com.almasb.fxgl.app.services.AssetLoaderService, class com.almasb.fxgl.app.services.SystemBundleService, class com.almasb.fxgl.profile.SaveLoadService, class com.almasb.fxgl.ui.FXGLUIFactoryServiceProvider, class com.almasb.fxgl.ui.FXGLDialogFactoryServiceProvider, class com.almasb.fxgl.audio.AudioPlayer, class com.almasb.fxgl.notification.impl.NotificationServiceProvider, class com.almasb.fxgl.achievement.AchievementService, class com.almasb.fxgl.cutscene.CutsceneService, class com.almasb.fxgl.minigames.MiniGameService, class com.almasb.fxgl.net.NetService, class com.almasb.fxgl.app.services.UpdaterService]
22:20:18.222 [FXGL Background Thread 2 ] DEBUG Engine               - globalMusicVolume: 0.5
22:20:18.222 [FXGL Background Thread 2 ] DEBUG Engine               - width: 2000
22:20:18.222 [FXGL Background Thread 2 ] DEBUG Engine               - saveFileExt: sav
22:20:18.222 [FXGL Background Thread 2 ] DEBUG Engine               - isAndroid: false
22:20:18.222 [FXGL Background Thread 2 ] DEBUG Engine               - fontUI: VarelaRound-Regular.ttf
22:20:18.222 [FXGL Background Thread 2 ] DEBUG Engine               - enabledMenuItems: [SAVE_LOAD, EXTRA, ONLINE]
22:20:18.222 [FXGL Background Thread 2 ] DEBUG Engine               - isIOS: false
22:20:18.222 [FXGL Background Thread 2 ] DEBUG Engine               - Logging services
22:20:18.222 [FXGL Background Thread 2 ] DEBUG Engine               - class com.almasb.fxgl.app.GameApplication$GameApplicationService
22:20:18.222 [FXGL Background Thread 2 ] DEBUG Engine               - class com.almasb.fxgl.app.services.WindowService
22:20:18.222 [FXGL Background Thread 2 ] DEBUG Engine               - class com.almasb.fxgl.app.services.FXGLDialogService
22:20:18.222 [FXGL Background Thread 2 ] DEBUG Engine               - class com.almasb.fxgl.app.services.IOTaskExecutorService
22:20:18.222 [FXGL Background Thread 2 ] DEBUG Engine               - class com.almasb.fxgl.event.EventBusService
22:20:18.222 [FXGL Background Thread 2 ] DEBUG Engine               - class com.almasb.fxgl.io.FileSystemService
22:20:18.222 [FXGL Background Thread 2 ] DEBUG Engine               - class com.almasb.fxgl.localization.LocalizationService
22:20:18.222 [FXGL Background Thread 2 ] DEBUG Engine               - class com.almasb.fxgl.app.services.AssetLoaderService
22:20:18.222 [FXGL Background Thread 2 ] DEBUG Engine               - class com.almasb.fxgl.app.services.SystemBundleService
22:20:18.223 [FXGL Background Thread 2 ] DEBUG Engine               - class com.almasb.fxgl.profile.SaveLoadService
22:20:18.223 [FXGL Background Thread 2 ] DEBUG Engine               - class com.almasb.fxgl.ui.FXGLUIFactoryServiceProvider
22:20:18.223 [FXGL Background Thread 2 ] DEBUG Engine               - class com.almasb.fxgl.ui.FXGLDialogFactoryServiceProvider
22:20:18.223 [FXGL Background Thread 2 ] DEBUG Engine               - class com.almasb.fxgl.audio.AudioPlayer
22:20:18.223 [FXGL Background Thread 2 ] DEBUG Engine               - class com.almasb.fxgl.notification.impl.NotificationServiceProvider
22:20:18.223 [FXGL Background Thread 2 ] DEBUG Engine               - class com.almasb.fxgl.achievement.AchievementService
22:20:18.223 [FXGL Background Thread 2 ] DEBUG Engine               - class com.almasb.fxgl.cutscene.CutsceneService
22:20:18.223 [FXGL Background Thread 2 ] DEBUG Engine               - class com.almasb.fxgl.minigames.MiniGameService
22:20:18.223 [FXGL Background Thread 2 ] DEBUG Engine               - class com.almasb.fxgl.net.NetService
22:20:18.223 [FXGL Background Thread 2 ] DEBUG Engine               - class com.almasb.fxgl.app.services.UpdaterService
22:20:18.330 [JavaFX Application Thread] DEBUG AssetLoaderService   - Loading from cache: /assets/textures/projectile.png
22:20:18.489 [JavaFX Application Thread] DEBUG AssetLoaderService   - Loading from cache: /assets/textures/projectile.png
22:20:18.655 [JavaFX Application Thread] DEBUG AssetLoaderService   - Loading from cache: /assets/textures/projectile.png
22:20:18.828 [JavaFX Application Thread] DEBUG AssetLoaderService   - Loading from cache: /assets/textures/projectile.png
22:20:18.959 [JavaFX Application Thread] DEBUG AssetLoaderService   - Loading from cache: /assets/textures/projectile.png
22:20:19.080 [JavaFX Application Thread] DEBUG AssetLoaderService   - Loading from cache: /assets/textures/projectile.png
22:20:19.247 [JavaFX Application Thread] DEBUG AssetLoaderService   - Loading from cache: /assets/textures/projectile.png
22:20:19.248 [JavaFX Application Thread] DEBUG AssetLoaderService   - Loading from file system: /assets/textures/smallasteroid.png
22:20:19.407 [JavaFX Application Thread] DEBUG AssetLoaderService   - Loading from cache: /assets/textures/projectile.png
22:20:19.494 [JavaFX Application Thread] DEBUG AssetLoaderService   - Loading from cache: /assets/textures/smallasteroid.png
22:20:19.569 [JavaFX Application Thread] DEBUG AssetLoaderService   - Loading from file system: /assets/sounds/explosion.wav
22:20:19.625 [JavaFX Application Thread] DEBUG AssetLoaderService   - Loading from file system: /assets/textures/explosion.png
22:20:19.634 [JavaFX Application Thread] DEBUG AssetLoaderService   - Loading from cache: /assets/textures/projectile.png
22:20:19.743 [JavaFX Application Thread] DEBUG AssetLoaderService   - Loading from cache: /assets/textures/projectile.png
22:20:19.951 [JavaFX Application Thread] DEBUG AssetLoaderService   - Loading from cache: /assets/textures/projectile.png
22:20:21.587 [JavaFX Application Thread] DEBUG AssetLoaderService   - Loading from cache: /assets/textures/smallasteroid.png
22:20:21.646 [JavaFX Application Thread] DEBUG AssetLoaderService   - Loading from cache: /assets/textures/projectile.png
22:20:21.845 [JavaFX Application Thread] DEBUG AssetLoaderService   - Loading from cache: /assets/textures/projectile.png
22:20:22.086 [JavaFX Application Thread] DEBUG AssetLoaderService   - Loading from cache: /assets/textures/smallasteroid.png
22:20:22.448 [JavaFX Application Thread] DEBUG AssetLoaderService   - Loading from cache: /assets/sounds/explosion.wav
22:20:22.448 [JavaFX Application Thread] DEBUG AssetLoaderService   - Loading from cache: /assets/textures/explosion.png
22:20:22.710 [JavaFX Application Thread] DEBUG AssetLoaderService   - Loading from cache: /assets/sounds/explosion.wav
22:20:22.710 [JavaFX Application Thread] DEBUG AssetLoaderService   - Loading from cache: /assets/textures/explosion.png
22:20:23.503 [JavaFX Application Thread] DEBUG AssetLoaderService   - Loading from cache: /assets/textures/projectile.png
22:20:23.708 [JavaFX Application Thread] DEBUG AssetLoaderService   - Loading from cache: /assets/textures/projectile.png
22:20:23.870 [JavaFX Application Thread] DEBUG AssetLoaderService   - Loading from cache: /assets/textures/smallasteroid.png
22:20:23.896 [JavaFX Application Thread] DEBUG AssetLoaderService   - Loading from cache: /assets/textures/projectile.png
22:20:24.628 [JavaFX Application Thread] DEBUG AssetLoaderService   - Loading from cache: /assets/textures/smallasteroid.png
22:20:25.142 [JavaFX Application Thread] DEBUG AssetLoaderService   - Loading from cache: /assets/sounds/explosion.wav
22:20:25.143 [JavaFX Application Thread] DEBUG AssetLoaderService   - Loading from cache: /assets/textures/explosion.png
22:20:25.534 [JavaFX Application Thread] DEBUG AssetLoaderService   - Loading from cache: /assets/textures/projectile.png
22:20:25.762 [JavaFX Application Thread] DEBUG AssetLoaderService   - Loading from cache: /assets/sounds/explosion.wav
22:20:25.762 [JavaFX Application Thread] DEBUG AssetLoaderService   - Loading from cache: /assets/textures/explosion.png
22:20:26.150 [JavaFX Application Thread] DEBUG AssetLoaderService   - Loading from cache: /assets/textures/smallasteroid.png
22:20:26.429 [JavaFX Application Thread] DEBUG AssetLoaderService   - Loading from cache: /assets/textures/projectile.png
22:20:27.172 [JavaFX Application Thread] DEBUG AssetLoaderService   - Loading from cache: /assets/textures/smallasteroid.png
22:20:27.510 [JavaFX Application Thread] DEBUG AssetLoaderService   - Loading from cache: /assets/sounds/explosion.wav
22:20:27.510 [JavaFX Application Thread] DEBUG AssetLoaderService   - Loading from cache: /assets/textures/explosion.png
22:20:27.743 [JavaFX Application Thread] DEBUG AssetLoaderService   - Loading from cache: /assets/textures/projectile.png
22:20:28.176 [JavaFX Application Thread] DEBUG AssetLoaderService   - Loading from cache: /assets/sounds/explosion.wav
22:20:28.176 [JavaFX Application Thread] DEBUG AssetLoaderService   - Loading from cache: /assets/textures/explosion.png
22:20:28.437 [JavaFX Application Thread] DEBUG AssetLoaderService   - Loading from cache: /assets/textures/smallasteroid.png
22:20:28.608 [JavaFX Application Thread] DEBUG AssetLoaderService   - Loading from cache: /assets/textures/projectile.png
22:20:29.111 [JavaFX Application Thread] DEBUG AssetLoaderService   - Loading from cache: /assets/sounds/explosion.wav
22:20:29.111 [JavaFX Application Thread] DEBUG AssetLoaderService   - Loading from cache: /assets/textures/explosion.png
22:20:29.648 [JavaFX Application Thread] DEBUG AssetLoaderService   - Loading from cache: /assets/textures/projectile.png
22:20:29.703 [JavaFX Application Thread] DEBUG AssetLoaderService   - Loading from cache: /assets/textures/smallasteroid.png
22:20:30.431 [JavaFX Application Thread] DEBUG AssetLoaderService   - Loading from cache: /assets/sounds/explosion.wav
22:20:30.431 [JavaFX Application Thread] DEBUG AssetLoaderService   - Loading from cache: /assets/textures/explosion.png
22:20:30.724 [JavaFX Application Thread] DEBUG AssetLoaderService   - Loading from cache: /assets/textures/smallasteroid.png
22:20:30.912 [JavaFX Application Thread] DEBUG AssetLoaderService   - Loading from cache: /assets/textures/projectile.png
22:20:31.643 [JavaFX Application Thread] DEBUG AssetLoaderService   - Loading from cache: /assets/textures/projectile.png
22:20:32.246 [JavaFX Application Thread] DEBUG AssetLoaderService   - Loading from cache: /assets/textures/smallasteroid.png
22:20:32.515 [JavaFX Application Thread] DEBUG AssetLoaderService   - Loading from cache: /assets/sounds/explosion.wav
22:20:32.515 [JavaFX Application Thread] DEBUG AssetLoaderService   - Loading from cache: /assets/textures/explosion.png
22:20:32.938 [JavaFX Application Thread] DEBUG AssetLoaderService   - Loading from cache: /assets/textures/projectile.png
22:20:33.013 [JavaFX Application Thread] DEBUG AssetLoaderService   - Loading from cache: /assets/textures/smallasteroid.png
22:20:33.325 [JavaFX Application Thread] DEBUG AssetLoaderService   - Loading from cache: /assets/textures/projectile.png
22:20:33.893 [JavaFX Application Thread] DEBUG AssetLoaderService   - Loading from cache: /assets/sounds/explosion.wav
22:20:33.893 [JavaFX Application Thread] DEBUG AssetLoaderService   - Loading from cache: /assets/textures/explosion.png
22:20:33.968 [JavaFX Application Thread] DEBUG AssetLoaderService   - Loading from cache: /assets/textures/projectile.png
22:20:34.694 [JavaFX Application Thread] DEBUG AssetLoaderService   - Loading from cache: /assets/sounds/explosion.wav
22:20:34.694 [JavaFX Application Thread] DEBUG AssetLoaderService   - Loading from cache: /assets/textures/explosion.png
22:20:34.790 [JavaFX Application Thread] DEBUG AssetLoaderService   - Loading from cache: /assets/textures/smallasteroid.png
22:20:35.099 [JavaFX Application Thread] DEBUG AssetLoaderService   - Loading from cache: /assets/textures/projectile.png
22:20:35.300 [JavaFX Application Thread] DEBUG AssetLoaderService   - Loading from cache: /assets/textures/smallasteroid.png
22:20:36.256 [JavaFX Application Thread] DEBUG AssetLoaderService   - Loading from cache: /assets/textures/projectile.png
22:20:37.334 [JavaFX Application Thread] DEBUG AssetLoaderService   - Loading from cache: /assets/textures/smallasteroid.png
22:20:37.335 [JavaFX Application Thread] DEBUG AssetLoaderService   - Loading from cache: /assets/sounds/explosion.wav
22:20:37.336 [JavaFX Application Thread] DEBUG AssetLoaderService   - Loading from cache: /assets/textures/explosion.png
22:20:37.590 [JavaFX Application Thread] DEBUG AssetLoaderService   - Loading from cache: /assets/textures/smallasteroid.png
22:20:38.127 [JavaFX Application Thread] DEBUG AssetLoaderService   - Loading from cache: /assets/textures/projectile.png
22:20:38.527 [JavaFX Application Thread] DEBUG AssetLoaderService   - Loading from cache: /assets/textures/projectile.png
22:20:38.966 [JavaFX Application Thread] DEBUG AssetLoaderService   - Loading from cache: /assets/sounds/explosion.wav
22:20:38.967 [JavaFX Application Thread] DEBUG AssetLoaderService   - Loading from cache: /assets/textures/explosion.png
22:20:39.875 [JavaFX Application Thread] DEBUG AssetLoaderService   - Loading from cache: /assets/textures/smallasteroid.png
22:20:39.876 [JavaFX Application Thread] DEBUG AssetLoaderService   - Loading from cache: /assets/textures/smallasteroid.png
22:20:41.633 [JavaFX Application Thread] DEBUG AssetLoaderService   - Loading from cache: /assets/sounds/explosion.wav
22:20:41.634 [JavaFX Application Thread] DEBUG AssetLoaderService   - Loading from cache: /assets/textures/explosion.png
22:20:42.166 [JavaFX Application Thread] DEBUG AssetLoaderService   - Loading from cache: /assets/textures/smallasteroid.png
22:20:42.418 [JavaFX Application Thread] DEBUG AssetLoaderService   - Loading from cache: /assets/textures/smallasteroid.png
22:20:42.978 [JavaFX Application Thread] DEBUG AssetLoaderService   - Loading from cache: /assets/sounds/explosion.wav
22:20:42.978 [JavaFX Application Thread] DEBUG AssetLoaderService   - Loading from cache: /assets/textures/explosion.png
22:20:44.277 [JavaFX Application Thread] DEBUG AssetLoaderService   - Loading from cache: /assets/sounds/explosion.wav
22:20:44.277 [JavaFX Application Thread] DEBUG AssetLoaderService   - Loading from cache: /assets/textures/explosion.png
22:20:44.285 [JavaFX Application Thread] DEBUG MainWindow           - Push state: DialogSubScene
22:20:44.285 [JavaFX Application Thread] DEBUG Input                - Clearing active input actions
22:20:44.287 [JavaFX Application Thread] DEBUG WindowService        - Removing overlay from GameScene and adding to DialogSubScene
22:20:44.287 [JavaFX Application Thread] DEBUG MainWindow           - GameScene -> DialogSubScene
22:20:50.606 [JavaFX Application Thread] DEBUG MainWindow           - Pop state: DialogSubScene
22:20:50.606 [JavaFX Application Thread] DEBUG Input                - Clearing active input actions
22:20:50.606 [JavaFX Application Thread] DEBUG WindowService        - Removing overlay from DialogSubScene and adding to GameScene
22:20:50.606 [JavaFX Application Thread] DEBUG MainWindow           - GameScene <- DialogSubScene
22:20:50.608 [JavaFX Application Thread] DEBUG Input                - Clearing active input actions
22:20:50.612 [JavaFX Application Thread] DEBUG WindowService        - Removing overlay from GameScene and adding to FXGLDefaultMenu
22:20:50.612 [JavaFX Application Thread] DEBUG MainWindow           - GameScene -> FXGLDefaultMenu
22:20:51.358 [JavaFX Application Thread] DEBUG Menu                 - fireNewGame()
22:20:51.358 [JavaFX Application Thread] DEBUG WindowService        - Starting new game
22:20:51.358 [JavaFX Application Thread] DEBUG Input                - Clearing active input actions
22:20:51.362 [JavaFX Application Thread] DEBUG WindowService        - Removing overlay from FXGLDefaultMenu and adding to FXGLLoadingScene
22:20:51.362 [JavaFX Application Thread] DEBUG MainWindow           - FXGLDefaultMenu -> FXGLLoadingScene
22:20:51.362 [JavaFX Application Thread] DEBUG WindowService        - Clearing previous game
22:20:51.362 [JavaFX Application Thread] DEBUG GameScene            - Clearing game scene
22:20:51.362 [JavaFX Application Thread] DEBUG GameWorld            - Clearing game world
22:20:51.362 [JavaFX Application Thread] DEBUG PhysicsWorld         - Clearing physics world
22:20:51.363 [FXGL Background Thread 1 ] DEBUG GameApplication      - Initializing game
22:20:51.363 [FXGL Background Thread 1 ] DEBUG AssetLoaderService   - Loading from cache: /assets/textures/spacebackground.png
22:20:51.363 [FXGL Background Thread 1 ] DEBUG AssetLoaderService   - Loading from cache: /assets/textures/smallspaceship.png
22:20:51.366 [FXGL Background Thread 1 ] INFO  GameApplication      - Game initialization took: 0.003 sec
22:20:51.366 [JavaFX Application Thread] DEBUG Input                - Clearing active input actions
22:20:51.369 [JavaFX Application Thread] DEBUG WindowService        - Removing overlay from FXGLLoadingScene and adding to GameScene
22:20:51.369 [JavaFX Application Thread] DEBUG MainWindow           - FXGLLoadingScene -> GameScene
22:20:54.054 [JavaFX Application Thread] DEBUG AssetLoaderService   - Loading from cache: /assets/textures/smallasteroid.png
22:20:54.308 [JavaFX Application Thread] DEBUG AssetLoaderService   - Loading from cache: /assets/textures/smallasteroid.png
22:20:55.110 [JavaFX Application Thread] DEBUG AssetLoaderService   - Loading from cache: /assets/sounds/explosion.wav
22:20:55.110 [JavaFX Application Thread] DEBUG AssetLoaderService   - Loading from cache: /assets/textures/explosion.png
22:20:56.326 [JavaFX Application Thread] DEBUG AssetLoaderService   - Loading from cache: /assets/textures/smallasteroid.png
22:20:56.837 [JavaFX Application Thread] DEBUG AssetLoaderService   - Loading from cache: /assets/textures/smallasteroid.png
22:20:56.846 [JavaFX Application Thread] DEBUG AssetLoaderService   - Loading from cache: /assets/sounds/explosion.wav
22:20:56.846 [JavaFX Application Thread] DEBUG AssetLoaderService   - Loading from cache: /assets/textures/explosion.png
22:20:58.614 [JavaFX Application Thread] DEBUG AssetLoaderService   - Loading from cache: /assets/textures/smallasteroid.png
22:20:58.758 [JavaFX Application Thread] DEBUG AssetLoaderService   - Loading from cache: /assets/sounds/explosion.wav
22:20:58.758 [JavaFX Application Thread] DEBUG AssetLoaderService   - Loading from cache: /assets/textures/explosion.png
22:20:58.759 [JavaFX Application Thread] DEBUG MainWindow           - Push state: DialogSubScene
22:20:58.759 [JavaFX Application Thread] DEBUG Input                - Clearing active input actions
22:20:58.760 [JavaFX Application Thread] DEBUG WindowService        - Removing overlay from GameScene and adding to DialogSubScene
22:20:58.760 [JavaFX Application Thread] DEBUG MainWindow           - GameScene -> DialogSubScene
22:21:03.462 [JavaFX Application Thread] DEBUG MainWindow           - Pop state: DialogSubScene
22:21:03.462 [JavaFX Application Thread] DEBUG Input                - Clearing active input actions
22:21:03.462 [JavaFX Application Thread] DEBUG WindowService        - Removing overlay from DialogSubScene and adding to GameScene
22:21:03.462 [JavaFX Application Thread] DEBUG MainWindow           - GameScene <- DialogSubScene
22:21:03.463 [JavaFX Application Thread] DEBUG Input                - Clearing active input actions
22:21:03.466 [JavaFX Application Thread] DEBUG WindowService        - Removing overlay from GameScene and adding to FXGLDefaultMenu
22:21:03.466 [JavaFX Application Thread] DEBUG MainWindow           - GameScene -> FXGLDefaultMenu
22:21:04.081 [JavaFX Application Thread] DEBUG Menu                 - fireNewGame()
22:21:04.081 [JavaFX Application Thread] DEBUG WindowService        - Starting new game
22:21:04.081 [JavaFX Application Thread] DEBUG Input                - Clearing active input actions
22:21:04.084 [JavaFX Application Thread] DEBUG WindowService        - Removing overlay from FXGLDefaultMenu and adding to FXGLLoadingScene
22:21:04.084 [JavaFX Application Thread] DEBUG MainWindow           - FXGLDefaultMenu -> FXGLLoadingScene
22:21:04.084 [JavaFX Application Thread] DEBUG WindowService        - Clearing previous game
22:21:04.084 [JavaFX Application Thread] DEBUG GameScene            - Clearing game scene
22:21:04.084 [JavaFX Application Thread] DEBUG GameWorld            - Clearing game world
22:21:04.084 [JavaFX Application Thread] DEBUG PhysicsWorld         - Clearing physics world
22:21:04.085 [FXGL Background Thread 1 ] DEBUG GameApplication      - Initializing game
22:21:04.085 [FXGL Background Thread 1 ] DEBUG AssetLoaderService   - Loading from cache: /assets/textures/spacebackground.png
22:21:04.085 [FXGL Background Thread 1 ] DEBUG AssetLoaderService   - Loading from cache: /assets/textures/smallspaceship.png
22:21:04.087 [FXGL Background Thread 1 ] INFO  GameApplication      - Game initialization took: 0.002 sec
22:21:04.088 [JavaFX Application Thread] DEBUG Input                - Clearing active input actions
22:21:04.090 [JavaFX Application Thread] DEBUG WindowService        - Removing overlay from FXGLLoadingScene and adding to GameScene
22:21:04.090 [JavaFX Application Thread] DEBUG MainWindow           - FXGLLoadingScene -> GameScene
22:21:05.263 [JavaFX Application Thread] DEBUG AssetLoaderService   - Loading from cache: /assets/textures/projectile.png
22:21:05.496 [JavaFX Application Thread] DEBUG AssetLoaderService   - Loading from cache: /assets/textures/projectile.png
22:21:05.919 [JavaFX Application Thread] DEBUG AssetLoaderService   - Loading from cache: /assets/textures/projectile.png
22:21:06.296 [JavaFX Application Thread] DEBUG AssetLoaderService   - Loading from cache: /assets/textures/projectile.png
22:21:06.543 [JavaFX Application Thread] DEBUG AssetLoaderService   - Loading from cache: /assets/textures/projectile.png
22:21:06.582 [JavaFX Application Thread] DEBUG AssetLoaderService   - Loading from cache: /assets/textures/smallasteroid.png
22:21:06.838 [JavaFX Application Thread] DEBUG AssetLoaderService   - Loading from cache: /assets/textures/smallasteroid.png
22:21:07.628 [JavaFX Application Thread] DEBUG AssetLoaderService   - Loading from cache: /assets/textures/projectile.png
22:21:08.022 [JavaFX Application Thread] DEBUG AssetLoaderService   - Loading from cache: /assets/sounds/explosion.wav
22:21:08.022 [JavaFX Application Thread] DEBUG AssetLoaderService   - Loading from cache: /assets/textures/explosion.png
22:21:08.543 [JavaFX Application Thread] DEBUG AssetLoaderService   - Loading from cache: /assets/textures/projectile.png
22:21:08.794 [JavaFX Application Thread] DEBUG AssetLoaderService   - Loading from cache: /assets/textures/projectile.png
22:21:08.870 [JavaFX Application Thread] DEBUG AssetLoaderService   - Loading from cache: /assets/textures/smallasteroid.png
22:21:09.130 [JavaFX Application Thread] DEBUG AssetLoaderService   - Loading from cache: /assets/textures/projectile.png
22:21:09.295 [JavaFX Application Thread] DEBUG AssetLoaderService   - Loading from cache: /assets/textures/projectile.png
22:21:09.378 [JavaFX Application Thread] DEBUG AssetLoaderService   - Loading from cache: /assets/textures/smallasteroid.png
22:21:09.519 [JavaFX Application Thread] DEBUG AssetLoaderService   - Loading from cache: /assets/textures/projectile.png
22:21:09.995 [JavaFX Application Thread] DEBUG AssetLoaderService   - Loading from cache: /assets/textures/projectile.png
22:21:10.284 [JavaFX Application Thread] DEBUG AssetLoaderService   - Loading from cache: /assets/textures/projectile.png
22:21:10.477 [JavaFX Application Thread] DEBUG AssetLoaderService   - Loading from cache: /assets/textures/projectile.png
22:21:10.655 [JavaFX Application Thread] DEBUG AssetLoaderService   - Loading from cache: /assets/textures/projectile.png
22:21:11.087 [JavaFX Application Thread] DEBUG AssetLoaderService   - Loading from cache: /assets/textures/projectile.png
22:21:11.153 [JavaFX Application Thread] DEBUG AssetLoaderService   - Loading from cache: /assets/textures/smallasteroid.png
22:21:11.339 [JavaFX Application Thread] DEBUG AssetLoaderService   - Loading from cache: /assets/textures/projectile.png
22:21:11.532 [JavaFX Application Thread] DEBUG AssetLoaderService   - Loading from cache: /assets/textures/projectile.png
22:21:11.727 [JavaFX Application Thread] DEBUG AssetLoaderService   - Loading from cache: /assets/textures/projectile.png
22:21:11.895 [JavaFX Application Thread] DEBUG AssetLoaderService   - Loading from cache: /assets/textures/projectile.png
22:21:11.910 [JavaFX Application Thread] DEBUG AssetLoaderService   - Loading from cache: /assets/textures/smallasteroid.png
22:21:12.192 [JavaFX Application Thread] DEBUG AssetLoaderService   - Loading from cache: /assets/sounds/explosion.wav
22:21:12.192 [JavaFX Application Thread] DEBUG AssetLoaderService   - Loading from cache: /assets/textures/explosion.png
22:21:12.336 [JavaFX Application Thread] DEBUG AssetLoaderService   - Loading from cache: /assets/textures/projectile.png
22:21:12.554 [JavaFX Application Thread] DEBUG AssetLoaderService   - Loading from cache: /assets/textures/projectile.png
22:21:12.749 [JavaFX Application Thread] DEBUG AssetLoaderService   - Loading from cache: /assets/textures/projectile.png
22:21:12.960 [JavaFX Application Thread] DEBUG AssetLoaderService   - Loading from cache: /assets/textures/projectile.png
22:21:12.998 [JavaFX Application Thread] DEBUG AssetLoaderService   - Loading from cache: /assets/sounds/explosion.wav
22:21:12.998 [JavaFX Application Thread] DEBUG AssetLoaderService   - Loading from cache: /assets/textures/explosion.png
22:21:13.183 [JavaFX Application Thread] DEBUG AssetLoaderService   - Loading from cache: /assets/textures/projectile.png
22:21:13.430 [JavaFX Application Thread] DEBUG AssetLoaderService   - Loading from cache: /assets/textures/smallasteroid.png
22:21:13.464 [JavaFX Application Thread] DEBUG AssetLoaderService   - Loading from cache: /assets/textures/projectile.png
22:21:13.494 [JavaFX Application Thread] DEBUG AssetLoaderService   - Loading from cache: /assets/sounds/explosion.wav
22:21:13.494 [JavaFX Application Thread] DEBUG AssetLoaderService   - Loading from cache: /assets/textures/explosion.png
22:21:13.727 [JavaFX Application Thread] DEBUG AssetLoaderService   - Loading from cache: /assets/textures/projectile.png
22:21:13.928 [JavaFX Application Thread] DEBUG AssetLoaderService   - Loading from cache: /assets/textures/projectile.png
22:21:14.158 [JavaFX Application Thread] DEBUG AssetLoaderService   - Loading from cache: /assets/textures/projectile.png
22:21:14.390 [JavaFX Application Thread] DEBUG AssetLoaderService   - Loading from cache: /assets/sounds/explosion.wav
22:21:14.390 [JavaFX Application Thread] DEBUG AssetLoaderService   - Loading from cache: /assets/textures/explosion.png
22:21:14.453 [JavaFX Application Thread] DEBUG AssetLoaderService   - Loading from cache: /assets/textures/smallasteroid.png
22:21:14.719 [JavaFX Application Thread] DEBUG AssetLoaderService   - Loading from cache: /assets/textures/projectile.png
22:21:15.129 [JavaFX Application Thread] DEBUG AssetLoaderService   - Loading from cache: /assets/textures/projectile.png
22:21:15.446 [JavaFX Application Thread] DEBUG AssetLoaderService   - Loading from cache: /assets/sounds/explosion.wav
22:21:15.447 [JavaFX Application Thread] DEBUG AssetLoaderService   - Loading from cache: /assets/textures/explosion.png
22:21:15.695 [JavaFX Application Thread] DEBUG AssetLoaderService   - Loading from cache: /assets/textures/projectile.png
22:21:15.716 [JavaFX Application Thread] DEBUG AssetLoaderService   - Loading from cache: /assets/textures/smallasteroid.png
22:21:16.215 [JavaFX Application Thread] DEBUG AssetLoaderService   - Loading from cache: /assets/textures/projectile.png
22:21:16.983 [JavaFX Application Thread] DEBUG AssetLoaderService   - Loading from cache: /assets/textures/smallasteroid.png
22:21:17.615 [JavaFX Application Thread] DEBUG AssetLoaderService   - Loading from cache: /assets/textures/projectile.png
22:21:17.750 [JavaFX Application Thread] DEBUG AssetLoaderService   - Loading from cache: /assets/sounds/explosion.wav
22:21:17.750 [JavaFX Application Thread] DEBUG AssetLoaderService   - Loading from cache: /assets/textures/explosion.png
22:21:17.823 [JavaFX Application Thread] DEBUG AssetLoaderService   - Loading from cache: /assets/textures/projectile.png
22:21:18.004 [JavaFX Application Thread] DEBUG AssetLoaderService   - Loading from cache: /assets/textures/smallasteroid.png
22:21:18.063 [JavaFX Application Thread] DEBUG AssetLoaderService   - Loading from cache: /assets/sounds/explosion.wav
22:21:18.063 [JavaFX Application Thread] DEBUG AssetLoaderService   - Loading from cache: /assets/textures/explosion.png
22:21:18.153 [JavaFX Application Thread] DEBUG AssetLoaderService   - Loading from cache: /assets/textures/projectile.png
22:21:18.543 [JavaFX Application Thread] DEBUG AssetLoaderService   - Loading from cache: /assets/textures/projectile.png
22:21:18.815 [JavaFX Application Thread] DEBUG AssetLoaderService   - Loading from cache: /assets/textures/projectile.png
22:21:19.008 [JavaFX Application Thread] DEBUG AssetLoaderService   - Loading from cache: /assets/textures/projectile.png
22:21:19.207 [JavaFX Application Thread] DEBUG AssetLoaderService   - Loading from cache: /assets/textures/projectile.png
22:21:19.407 [JavaFX Application Thread] DEBUG AssetLoaderService   - Loading from cache: /assets/textures/projectile.png
22:21:19.535 [JavaFX Application Thread] DEBUG AssetLoaderService   - Loading from cache: /assets/textures/smallasteroid.png
22:21:19.594 [JavaFX Application Thread] DEBUG AssetLoaderService   - Loading from cache: /assets/textures/projectile.png
22:21:20.205 [JavaFX Application Thread] DEBUG AssetLoaderService   - Loading from cache: /assets/textures/projectile.png
22:21:20.295 [JavaFX Application Thread] DEBUG AssetLoaderService   - Loading from cache: /assets/textures/smallasteroid.png
22:21:20.398 [JavaFX Application Thread] DEBUG AssetLoaderService   - Loading from cache: /assets/textures/projectile.png
22:21:20.575 [JavaFX Application Thread] DEBUG AssetLoaderService   - Loading from cache: /assets/textures/projectile.png
22:21:20.735 [JavaFX Application Thread] DEBUG AssetLoaderService   - Loading from cache: /assets/textures/projectile.png
22:21:20.919 [JavaFX Application Thread] DEBUG AssetLoaderService   - Loading from cache: /assets/textures/projectile.png
22:21:20.983 [JavaFX Application Thread] DEBUG AssetLoaderService   - Loading from cache: /assets/sounds/explosion.wav
22:21:20.983 [JavaFX Application Thread] DEBUG AssetLoaderService   - Loading from cache: /assets/textures/explosion.png
22:21:21.095 [JavaFX Application Thread] DEBUG AssetLoaderService   - Loading from cache: /assets/sounds/explosion.wav
22:21:21.095 [JavaFX Application Thread] DEBUG AssetLoaderService   - Loading from cache: /assets/textures/explosion.png
22:21:21.104 [JavaFX Application Thread] DEBUG AssetLoaderService   - Loading from cache: /assets/textures/projectile.png
22:21:21.279 [JavaFX Application Thread] DEBUG AssetLoaderService   - Loading from cache: /assets/textures/projectile.png
22:21:21.414 [JavaFX Application Thread] DEBUG AssetLoaderService   - Loading from cache: /assets/sounds/explosion.wav
22:21:21.414 [JavaFX Application Thread] DEBUG AssetLoaderService   - Loading from cache: /assets/textures/explosion.png
22:21:21.470 [JavaFX Application Thread] DEBUG AssetLoaderService   - Loading from cache: /assets/textures/projectile.png
22:21:21.727 [JavaFX Application Thread] DEBUG AssetLoaderService   - Loading from cache: /assets/textures/projectile.png
22:21:21.919 [JavaFX Application Thread] DEBUG AssetLoaderService   - Loading from cache: /assets/textures/projectile.png
22:21:21.958 [JavaFX Application Thread] DEBUG AssetLoaderService   - Loading from cache: /assets/sounds/explosion.wav
22:21:21.958 [JavaFX Application Thread] DEBUG AssetLoaderService   - Loading from cache: /assets/textures/explosion.png
22:21:22.070 [JavaFX Application Thread] DEBUG AssetLoaderService   - Loading from cache: /assets/textures/smallasteroid.png
22:21:22.431 [JavaFX Application Thread] DEBUG AssetLoaderService   - Loading from cache: /assets/textures/projectile.png
22:21:22.581 [JavaFX Application Thread] DEBUG AssetLoaderService   - Loading from cache: /assets/textures/smallasteroid.png
22:21:22.607 [JavaFX Application Thread] DEBUG AssetLoaderService   - Loading from cache: /assets/textures/projectile.png
22:21:23.466 [JavaFX Application Thread] DEBUG AssetLoaderService   - Loading from cache: /assets/textures/projectile.png
22:21:23.727 [JavaFX Application Thread] DEBUG AssetLoaderService   - Loading from cache: /assets/textures/projectile.png
22:21:23.811 [JavaFX Application Thread] DEBUG AssetLoaderService   - Loading from cache: /assets/sounds/explosion.wav
22:21:23.811 [JavaFX Application Thread] DEBUG AssetLoaderService   - Loading from cache: /assets/textures/explosion.png
22:21:24.438 [JavaFX Application Thread] DEBUG AssetLoaderService   - Loading from cache: /assets/sounds/explosion.wav
22:21:24.438 [JavaFX Application Thread] DEBUG AssetLoaderService   - Loading from cache: /assets/textures/explosion.png
22:21:24.614 [JavaFX Application Thread] DEBUG AssetLoaderService   - Loading from cache: /assets/textures/smallasteroid.png
22:21:24.751 [JavaFX Application Thread] DEBUG AssetLoaderService   - Loading from cache: /assets/textures/projectile.png
22:21:24.868 [JavaFX Application Thread] DEBUG AssetLoaderService   - Loading from cache: /assets/textures/smallasteroid.png
22:21:25.175 [JavaFX Application Thread] DEBUG AssetLoaderService   - Loading from cache: /assets/textures/projectile.png
22:21:25.623 [JavaFX Application Thread] DEBUG AssetLoaderService   - Loading from cache: /assets/textures/projectile.png
22:21:25.732 [JavaFX Application Thread] DEBUG AssetLoaderService   - Loading from cache: /assets/sounds/explosion.wav
22:21:25.732 [JavaFX Application Thread] DEBUG AssetLoaderService   - Loading from cache: /assets/textures/explosion.png
22:21:25.967 [JavaFX Application Thread] DEBUG AssetLoaderService   - Loading from cache: /assets/textures/projectile.png
22:21:26.483 [JavaFX Application Thread] DEBUG AssetLoaderService   - Loading from cache: /assets/sounds/explosion.wav
22:21:26.483 [JavaFX Application Thread] DEBUG AssetLoaderService   - Loading from cache: /assets/textures/explosion.png
22:21:26.558 [JavaFX Application Thread] DEBUG AssetLoaderService   - Loading from cache: /assets/textures/projectile.png
22:21:26.863 [JavaFX Application Thread] DEBUG AssetLoaderService   - Loading from cache: /assets/textures/projectile.png
22:21:26.945 [JavaFX Application Thread] DEBUG AssetLoaderService   - Loading from cache: /assets/sounds/explosion.wav
22:21:26.945 [JavaFX Application Thread] DEBUG AssetLoaderService   - Loading from cache: /assets/textures/explosion.png
22:21:27.157 [JavaFX Application Thread] DEBUG AssetLoaderService   - Loading from cache: /assets/textures/smallasteroid.png
22:21:27.157 [JavaFX Application Thread] DEBUG AssetLoaderService   - Loading from cache: /assets/textures/smallasteroid.png
22:21:29.071 [JavaFX Application Thread] DEBUG AssetLoaderService   - Loading from cache: /assets/textures/projectile.png
22:21:29.446 [JavaFX Application Thread] DEBUG AssetLoaderService   - Loading from cache: /assets/textures/smallasteroid.png
22:21:29.558 [JavaFX Application Thread] DEBUG AssetLoaderService   - Loading from cache: /assets/sounds/explosion.wav
22:21:29.558 [JavaFX Application Thread] DEBUG AssetLoaderService   - Loading from cache: /assets/textures/explosion.png
22:21:29.702 [JavaFX Application Thread] DEBUG AssetLoaderService   - Loading from cache: /assets/textures/smallasteroid.png
22:21:31.734 [JavaFX Application Thread] DEBUG AssetLoaderService   - Loading from cache: /assets/textures/smallasteroid.png
22:21:32.006 [JavaFX Application Thread] DEBUG AssetLoaderService   - Loading from cache: /assets/sounds/explosion.wav
22:21:32.006 [JavaFX Application Thread] DEBUG AssetLoaderService   - Loading from cache: /assets/textures/explosion.png
22:21:32.246 [JavaFX Application Thread] DEBUG AssetLoaderService   - Loading from cache: /assets/textures/smallasteroid.png
22:21:33.921 [JavaFX Application Thread] DEBUG AssetLoaderService   - Loading from cache: /assets/sounds/explosion.wav
22:21:33.921 [JavaFX Application Thread] DEBUG AssetLoaderService   - Loading from cache: /assets/textures/explosion.png
22:21:34.030 [JavaFX Application Thread] DEBUG AssetLoaderService   - Loading from cache: /assets/textures/smallasteroid.png
22:21:34.790 [JavaFX Application Thread] DEBUG AssetLoaderService   - Loading from cache: /assets/textures/smallasteroid.png
22:21:36.070 [JavaFX Application Thread] DEBUG AssetLoaderService   - Loading from cache: /assets/sounds/explosion.wav
22:21:36.070 [JavaFX Application Thread] DEBUG AssetLoaderService   - Loading from cache: /assets/textures/explosion.png
22:21:36.071 [JavaFX Application Thread] DEBUG MainWindow           - Push state: DialogSubScene
22:21:36.071 [JavaFX Application Thread] DEBUG Input                - Clearing active input actions
22:21:36.071 [JavaFX Application Thread] DEBUG WindowService        - Removing overlay from GameScene and adding to DialogSubScene
22:21:36.072 [JavaFX Application Thread] DEBUG MainWindow           - GameScene -> DialogSubScene
22:21:39.072 [JavaFX Application Thread] DEBUG MainWindow           - Pop state: DialogSubScene
22:21:39.072 [JavaFX Application Thread] DEBUG Input                - Clearing active input actions
22:21:39.073 [JavaFX Application Thread] DEBUG WindowService        - Removing overlay from DialogSubScene and adding to GameScene
22:21:39.073 [JavaFX Application Thread] DEBUG MainWindow           - GameScene <- DialogSubScene
22:21:39.073 [JavaFX Application Thread] DEBUG Input                - Clearing active input actions
22:21:39.076 [JavaFX Application Thread] DEBUG WindowService        - Removing overlay from GameScene and adding to FXGLDefaultMenu
22:21:39.076 [JavaFX Application Thread] DEBUG MainWindow           - GameScene -> FXGLDefaultMenu
22:21:42.158 [JavaFX Application Thread] DEBUG Menu                 - fireNewGame()
22:21:42.158 [JavaFX Application Thread] DEBUG WindowService        - Starting new game
22:21:42.158 [JavaFX Application Thread] DEBUG Input                - Clearing active input actions
22:21:42.161 [JavaFX Application Thread] DEBUG WindowService        - Removing overlay from FXGLDefaultMenu and adding to FXGLLoadingScene
22:21:42.161 [JavaFX Application Thread] DEBUG MainWindow           - FXGLDefaultMenu -> FXGLLoadingScene
22:21:42.161 [JavaFX Application Thread] DEBUG WindowService        - Clearing previous game
22:21:42.161 [JavaFX Application Thread] DEBUG GameScene            - Clearing game scene
22:21:42.161 [JavaFX Application Thread] DEBUG GameWorld            - Clearing game world
22:21:42.161 [JavaFX Application Thread] DEBUG PhysicsWorld         - Clearing physics world
22:21:42.161 [FXGL Background Thread 1 ] DEBUG GameApplication      - Initializing game
22:21:42.161 [FXGL Background Thread 1 ] DEBUG AssetLoaderService   - Loading from cache: /assets/textures/spacebackground.png
22:21:42.161 [FXGL Background Thread 1 ] DEBUG AssetLoaderService   - Loading from cache: /assets/textures/smallspaceship.png
22:21:42.163 [FXGL Background Thread 1 ] INFO  GameApplication      - Game initialization took: 0.002 sec
22:21:42.163 [JavaFX Application Thread] DEBUG Input                - Clearing active input actions
22:21:42.165 [JavaFX Application Thread] DEBUG WindowService        - Removing overlay from FXGLLoadingScene and adding to GameScene
22:21:42.165 [JavaFX Application Thread] DEBUG MainWindow           - FXGLLoadingScene -> GameScene
22:21:43.608 [JavaFX Application Thread] DEBUG GameApplication      - Exiting FXGL
22:21:43.608 [JavaFX Application Thread] DEBUG LoopRunner           - Stopping loop
22:21:43.609 [JavaFX Application Thread] DEBUG SystemBundleService  - Saving FXGL system data
22:21:43.610 [JavaFX Application Thread] DEBUG FileSystemAccess     - Writing to: C:\Users\xxdee\IdeaProjects\350FXGLjavagame\system\fxgl.bundle
22:21:43.610 [JavaFX Application Thread] DEBUG GameApplication      - Shutting down background threads
22:21:43.610 [JavaFX Application Thread] DEBUG GameApplication      - Closing logger and exiting JavaFX
