23:26:39.569 [main                     ] DEBUG GameApplication      - Logger initialized
23:26:39.581 [main                     ] DEBUG GameApplication      - Logging settings
Title: Space Game
Version: 0.2
Width: 1920
Height: 1080
Fullscreen: false
Intro: false
Menus: true
Profiling: false
Single step:false
App Mode: DEVELOPER
Menu Key: ESCAPE
Stage Style: DECORATED
Scene Factory: class com.almasb.fxgl.app.scene.SceneFactory

23:26:39.899 [JavaFX Application Thread] DEBUG GameApplication      - Initializing FXGL
23:26:39.907 [JavaFX Application Thread] INFO  Engine               - FXGL-11.8 (08.03.2020 09.09) on WINDOWS (J:11.0.8 FX:13.0.2)
23:26:39.909 [JavaFX Application Thread] INFO  Engine               - Source code and latest versions at: https://github.com/AlmasB/FXGL
23:26:39.909 [JavaFX Application Thread] INFO  Engine               -              Join the FXGL chat at: https://gitter.im/AlmasB/FXGL
23:26:39.999 [JavaFX Application Thread] DEBUG MainWindow           - Creating a JavaFX scene
23:26:40.000 [JavaFX Application Thread] DEBUG MainWindow           - Target size > screen size
23:26:40.056 [JavaFX Application Thread] DEBUG MainWindow           - Target settings size: 1920.0 x 1080.0
23:26:40.056 [JavaFX Application Thread] DEBUG MainWindow           - Scaled scene size:    1823.0 x 1039.0
23:26:40.056 [JavaFX Application Thread] DEBUG MainWindow           - Scaled ratio: (0.9494791666666667, 0.962037037037037)
23:26:40.058 [JavaFX Application Thread] DEBUG MainWindow           - Set initial scene to FXGLStartupScene
23:26:40.062 [JavaFX Application Thread] DEBUG MainWindow           - Opening main window
23:26:40.128 [JavaFX Application Thread] DEBUG MainWindow           - Window border size: (16.0, 39.0)
23:26:40.128 [JavaFX Application Thread] DEBUG MainWindow           - Scaled size: 1823.0 x 1039.0
23:26:40.128 [JavaFX Application Thread] DEBUG MainWindow           - Scaled ratio: (0.9494791666666667, 0.962037037037037)
23:26:40.129 [JavaFX Application Thread] DEBUG MainWindow           - Scene size: 1823.0 x 1039.0
23:26:40.129 [JavaFX Application Thread] DEBUG MainWindow           - Stage size: 1839.0 x 1078.0
23:26:40.134 [FXGL Background Thread 1 ] DEBUG Engine               - Initializing environment variables
23:26:40.153 [FXGL Background Thread 1 ] DEBUG WindowService        - Applying CSS: fxgl_dark.css
23:26:40.153 [FXGL Background Thread 1 ] DEBUG AssetLoaderService   - Loading from file system: /assets/ui/css/fxgl_dark.css
23:26:40.184 [FXGL Background Thread 1 ] DEBUG WindowService        - Initializing application scenes
23:26:40.212 [FXGL Background Thread 1 ] DEBUG GameWorld            - Game world initialized
23:26:40.239 [FXGL Background Thread 1 ] DEBUG PhysicsWorld         - Physics world initialized: appHeight=1080, physics.ppm=50.0
23:26:40.240 [FXGL Background Thread 1 ] DEBUG GameScene            - Game scene initialized: 1920x1080
23:26:40.257 [FXGL Background Thread 1 ] DEBUG AssetLoaderService   - Loading from file system: /assets/textures/particles/trace_horizontal.png
23:26:40.294 [FXGL Background Thread 1 ] DEBUG FXGL.DefaultMenu     - createMenuBodyMainMenu()
23:26:40.304 [FXGL Background Thread 1 ] DEBUG FXGL.DefaultMenu     - createOptionsMenu()
23:26:40.306 [FXGL Background Thread 1 ] DEBUG FXGL.DefaultMenu     - createExtraMenu()
23:26:40.307 [FXGL Background Thread 1 ] DEBUG AssetLoaderService   - Loading from file system: /assets/textures/particles/smoke.png
23:26:40.348 [FXGL Background Thread 1 ] DEBUG AssetLoaderService   - Loading from cache: /assets/textures/particles/trace_horizontal.png@64.0x64.0
23:26:40.348 [FXGL Background Thread 1 ] DEBUG FXGL.DefaultMenu     - createMenuBodyGameMenu()
23:26:40.350 [FXGL Background Thread 1 ] DEBUG FXGL.DefaultMenu     - createOptionsMenu()
23:26:40.351 [FXGL Background Thread 1 ] DEBUG FXGL.DefaultMenu     - createExtraMenu()
23:26:40.352 [FXGL Background Thread 1 ] DEBUG AssetLoaderService   - Loading from cache: /assets/textures/particles/smoke.png@128.0x128.0
23:26:40.359 [FXGL Background Thread 1 ] DEBUG WindowService        - Application scenes initialized
23:26:40.364 [FXGL Background Thread 1 ] DEBUG SystemBundleService  - Loading FXGL system data
23:26:40.366 [FXGL Background Thread 1 ] DEBUG FileSystemAccess     - Reading from: C:\Users\xxdee\IdeaProjects\350FXGLjavagame\system\fxgl.bundle
23:26:40.369 [FXGL Background Thread 1 ] DEBUG SystemBundleService  - Bundle FXGL: {}
23:26:40.370 [FXGL Background Thread 1 ] INFO  Engine               - FXGL initialization took: 0.235 sec
23:26:40.371 [FXGL Background Thread 1 ] DEBUG GameApplication      - Loading localizations
23:26:40.371 [FXGL Background Thread 1 ] DEBUG AssetLoaderService   - Loading from file system: /assets/properties/languages/english.properties
23:26:40.372 [FXGL Background Thread 1 ] DEBUG AssetLoaderService   - Loading from file system: /assets/properties/languages/french.properties
23:26:40.373 [FXGL Background Thread 1 ] DEBUG AssetLoaderService   - Loading from file system: /assets/properties/languages/german.properties
23:26:40.373 [FXGL Background Thread 1 ] DEBUG AssetLoaderService   - Loading from file system: /assets/properties/languages/hungarian.properties
23:26:40.374 [FXGL Background Thread 1 ] DEBUG AssetLoaderService   - Loading from file system: /assets/properties/languages/russian.properties
23:26:40.375 [FXGL Background Thread 1 ] DEBUG GameApplication      - Registering font factories with UI factory
23:26:40.375 [FXGL Background Thread 1 ] DEBUG AssetLoaderService   - Loading from file system: /assets/ui/fonts/VarelaRound-Regular.ttf
23:26:40.547 [FXGL Background Thread 1 ] DEBUG AssetLoaderService   - Loading from file system: /assets/ui/fonts/Abel-Regular.ttf
23:26:40.549 [FXGL Background Thread 1 ] DEBUG AssetLoaderService   - Loading from file system: /assets/ui/fonts/lucida_console.ttf
23:26:40.552 [FXGL Background Thread 1 ] DEBUG AssetLoaderService   - Loading from file system: /assets/ui/fonts/Courier-Prime.ttf
23:26:40.560 [JavaFX Application Thread] DEBUG Input                - Registered new binding: action0 - D
23:26:40.560 [JavaFX Application Thread] DEBUG Input                - Registered new binding: action1 - A
23:26:40.561 [JavaFX Application Thread] DEBUG Input                - Registered new binding: action2 - W
23:26:40.561 [JavaFX Application Thread] DEBUG Input                - Registered new binding: action3 - C
23:26:40.561 [JavaFX Application Thread] DEBUG Input                - Registered new binding: action4 - Left
23:26:40.561 [JavaFX Application Thread] DEBUG Input                - Registered new binding: action5 - Right
23:26:40.561 [JavaFX Application Thread] DEBUG Input                - Registered new binding: action6 - Space
23:26:40.561 [JavaFX Application Thread] DEBUG AssetLoaderService   - Loading from file system: /assets/textures/fxgl_icon.png
23:26:40.576 [JavaFX Application Thread] DEBUG AssetLoaderService   - Loading from file system: /assets/ui/cursors/fxgl_default.png
23:26:40.578 [JavaFX Application Thread] DEBUG Input                - Registered new binding: Screenshot - P
23:26:40.578 [JavaFX Application Thread] DEBUG Input                - Registered new binding: System info dump - CTRL+9
23:26:40.578 [JavaFX Application Thread] DEBUG Input                - Registered new binding: Restart - CTRL+R
23:26:40.579 [JavaFX Application Thread] DEBUG LoopRunner           - Starting loop
23:26:40.594 [JavaFX Application Thread] DEBUG FXGLStartupScene     - STARTUP
23:26:40.597 [JavaFX Application Thread] DEBUG Input                - Clearing active input actions
23:26:40.609 [JavaFX Application Thread] DEBUG WindowService        - Removing overlay from FXGLStartupScene and adding to FXGLDefaultMenu
23:26:40.609 [JavaFX Application Thread] DEBUG MainWindow           - FXGLStartupScene -> FXGLDefaultMenu
23:26:41.485 [JavaFX Application Thread] DEBUG Menu                 - fireNewGame()
23:26:41.485 [JavaFX Application Thread] DEBUG WindowService        - Starting new game
23:26:41.485 [JavaFX Application Thread] DEBUG Input                - Clearing active input actions
23:26:41.491 [JavaFX Application Thread] DEBUG WindowService        - Removing overlay from FXGLDefaultMenu and adding to FXGLLoadingScene
23:26:41.491 [JavaFX Application Thread] DEBUG MainWindow           - FXGLDefaultMenu -> FXGLLoadingScene
23:26:41.491 [JavaFX Application Thread] DEBUG WindowService        - Clearing previous game
23:26:41.491 [JavaFX Application Thread] DEBUG GameScene            - Clearing game scene
23:26:41.491 [JavaFX Application Thread] DEBUG GameWorld            - Clearing game world
23:26:41.491 [JavaFX Application Thread] DEBUG PhysicsWorld         - Clearing physics world
23:26:41.492 [FXGL Background Thread 1 ] DEBUG GameApplication      - Initializing game
23:26:41.499 [FXGL Background Thread 1 ] DEBUG AssetLoaderService   - Loading from file system: /assets/textures/newbackground.jpg
23:26:41.523 [FXGL Background Thread 1 ] DEBUG AssetLoaderService   - Loading from file system: /assets/textures/smallspaceship.png
23:26:41.536 [FXGL Background Thread 1 ] INFO  GameApplication      - Game initialization took: 0.044 sec
23:26:41.537 [JavaFX Application Thread] DEBUG Input                - Clearing active input actions
23:26:41.541 [JavaFX Application Thread] DEBUG WindowService        - Removing overlay from FXGLLoadingScene and adding to GameScene
23:26:41.542 [JavaFX Application Thread] DEBUG MainWindow           - FXGLLoadingScene -> GameScene
23:26:43.162 [JavaFX Application Thread] DEBUG AssetLoaderService   - Loading from file system: /assets/textures/smallasteroid.png
23:26:43.371 [FXGL Background Thread 2 ] DEBUG Engine               - Logging environment variables
23:26:43.371 [FXGL Background Thread 2 ] DEBUG Engine               - achievements: []
23:26:43.371 [FXGL Background Thread 2 ] DEBUG Engine               - isCloseConfirmation: false
23:26:43.371 [FXGL Background Thread 2 ] DEBUG Engine               - language: ObjectProperty [value: ENGLISH]
23:26:43.371 [FXGL Background Thread 2 ] DEBUG Engine               - isProfilingEnabled: false
23:26:43.371 [FXGL Background Thread 2 ] DEBUG Engine               - soundNotification: core/notification.wav
23:26:43.371 [FXGL Background Thread 2 ] DEBUG Engine               - devShowBBoxProperty: BooleanProperty [value: false]
23:26:43.371 [FXGL Background Thread 2 ] DEBUG Engine               - pixelsPerMeter: 50.0
23:26:43.371 [FXGL Background Thread 2 ] DEBUG Engine               - appIcon: fxgl_icon.png
23:26:43.371 [FXGL Background Thread 2 ] DEBUG Engine               - soundMenuBack: menu/back.wav
23:26:43.371 [FXGL Background Thread 2 ] DEBUG Engine               - isFullScreenAllowed: false
23:26:43.371 [FXGL Background Thread 2 ] DEBUG Engine               - isIntroEnabled: false
23:26:43.371 [FXGL Background Thread 2 ] DEBUG Engine               - fontMono: lucida_console.ttf
23:26:43.371 [FXGL Background Thread 2 ] DEBUG Engine               - soundMenuSelect: menu/select.wav
23:26:43.371 [FXGL Background Thread 2 ] DEBUG Engine               - isWindows: true
23:26:43.372 [FXGL Background Thread 2 ] DEBUG Engine               - isUserProfileEnabled: false
23:26:43.372 [FXGL Background Thread 2 ] DEBUG Engine               - isMobile: false
23:26:43.372 [FXGL Background Thread 2 ] DEBUG Engine               - height: 1080
23:26:43.372 [FXGL Background Thread 2 ] DEBUG Engine               - isExperimentalNative: false
23:26:43.372 [FXGL Background Thread 2 ] DEBUG Engine               - settings: Title: Space Game
Version: 0.2
Width: 1920
Height: 1080
Fullscreen: false
Intro: false
Menus: true
Profiling: false
Single step:false
App Mode: DEVELOPER
Menu Key: ESCAPE
Stage Style: DECORATED
Scene Factory: class com.almasb.fxgl.app.scene.SceneFactory

23:26:43.372 [FXGL Background Thread 2 ] DEBUG Engine               - isSingleStep: false
23:26:43.372 [FXGL Background Thread 2 ] DEBUG Engine               - cSSList: [fxgl_dark.css]
23:26:43.372 [FXGL Background Thread 2 ] DEBUG Engine               - fontGame: Abel-Regular.ttf
23:26:43.372 [FXGL Background Thread 2 ] DEBUG Engine               - menuKey: ESCAPE
23:26:43.372 [FXGL Background Thread 2 ] DEBUG Engine               - devShowPositionProperty: BooleanProperty [value: false]
23:26:43.372 [FXGL Background Thread 2 ] DEBUG Engine               - versionCheckDays: 7
23:26:43.372 [FXGL Background Thread 2 ] DEBUG Engine               - configClass: Optional.empty
23:26:43.372 [FXGL Background Thread 2 ] DEBUG Engine               - isFullScreenFromStart: false
23:26:43.372 [FXGL Background Thread 2 ] DEBUG Engine               - version: 0.2
23:26:43.372 [FXGL Background Thread 2 ] DEBUG Engine               - fullScreen: BooleanProperty [value: false]
23:26:43.372 [FXGL Background Thread 2 ] DEBUG Engine               - randomSeed: -1
23:26:43.372 [FXGL Background Thread 2 ] DEBUG Engine               - gameDifficultyProperty: ObjectProperty [value: MEDIUM]
23:26:43.372 [FXGL Background Thread 2 ] DEBUG Engine               - applicationMode: DEVELOPER
23:26:43.373 [FXGL Background Thread 2 ] DEBUG Engine               - isMac: false
23:26:43.373 [FXGL Background Thread 2 ] DEBUG Engine               - isMenuEnabled: true
23:26:43.373 [FXGL Background Thread 2 ] DEBUG Engine               - urlPOM: https://raw.githubusercontent.com/AlmasB/FXGL/master/pom.xml
23:26:43.373 [FXGL Background Thread 2 ] DEBUG Engine               - profileName: StringProperty [value: DEFAULT]
23:26:43.373 [FXGL Background Thread 2 ] DEBUG Engine               - notificationViewClass: class com.almasb.fxgl.notification.view.XboxNotificationView
23:26:43.373 [FXGL Background Thread 2 ] DEBUG Engine               - devSensorColorProperty: ObjectProperty [value: 0xffff00ff]
23:26:43.373 [FXGL Background Thread 2 ] DEBUG Engine               - sceneFactory: com.almasb.fxgl.app.scene.SceneFactory@4d690843
23:26:43.373 [FXGL Background Thread 2 ] DEBUG Engine               - stageStyle: DECORATED
23:26:43.373 [FXGL Background Thread 2 ] DEBUG Engine               - isManualResizeEnabled: true
23:26:43.373 [FXGL Background Thread 2 ] DEBUG Engine               - title: Space Game
23:26:43.373 [FXGL Background Thread 2 ] DEBUG Engine               - platform: WINDOWS
23:26:43.373 [FXGL Background Thread 2 ] DEBUG Engine               - devBBoxColorProperty: ObjectProperty [value: 0xff0000ff]
23:26:43.373 [FXGL Background Thread 2 ] DEBUG Engine               - gameDifficulty: MEDIUM
23:26:43.373 [FXGL Background Thread 2 ] DEBUG Engine               - isDesktop: true
23:26:43.373 [FXGL Background Thread 2 ] DEBUG Engine               - supportedLanguages: [ENGLISH, FRENCH, GERMAN, HUNGARIAN, RUSSIAN]
23:26:43.373 [FXGL Background Thread 2 ] DEBUG Engine               - credits: []
23:26:43.373 [FXGL Background Thread 2 ] DEBUG Engine               - globalMusicVolumeProperty: DoubleProperty [value: 0.5]
23:26:43.373 [FXGL Background Thread 2 ] DEBUG Engine               - isPreserveResizeRatio: false
23:26:43.373 [FXGL Background Thread 2 ] DEBUG Engine               - fontText: Courier-Prime.ttf
23:26:43.373 [FXGL Background Thread 2 ] DEBUG Engine               - isExperimentalTiledLargeMap: false
23:26:43.373 [FXGL Background Thread 2 ] DEBUG Engine               - secondsIn24h: 60
23:26:43.374 [FXGL Background Thread 2 ] DEBUG Engine               - runtimeInfo: RuntimeInfo(platform=WINDOWS, version=11.8, build=08.03.2020 09.09)
23:26:43.374 [FXGL Background Thread 2 ] DEBUG Engine               - soundMenuPress: menu/press.wav
23:26:43.374 [FXGL Background Thread 2 ] DEBUG Engine               - urlGithub: https://github.com/AlmasB/FXGL
23:26:43.374 [FXGL Background Thread 2 ] DEBUG Engine               - isLinux: false
23:26:43.374 [FXGL Background Thread 2 ] DEBUG Engine               - profileDir: profiles/
23:26:43.374 [FXGL Background Thread 2 ] DEBUG Engine               - globalSoundVolumeProperty: DoubleProperty [value: 0.1]
23:26:43.374 [FXGL Background Thread 2 ] DEBUG Engine               - isDeveloperMenuEnabled: false
23:26:43.374 [FXGL Background Thread 2 ] DEBUG Engine               - mainWindow: com.almasb.fxgl.app.MainWindow@49569536
23:26:43.374 [FXGL Background Thread 2 ] DEBUG Engine               - globalSoundVolume: 0.5
23:26:43.374 [FXGL Background Thread 2 ] DEBUG Engine               - urlLeaderboard: http://fxgl-top.herokuapp.com/
23:26:43.374 [FXGL Background Thread 2 ] DEBUG Engine               - isBrowser: false
23:26:43.374 [FXGL Background Thread 2 ] DEBUG Engine               - engineServices: [class com.almasb.fxgl.app.GameApplication$GameApplicationService, class com.almasb.fxgl.app.services.WindowService, class com.almasb.fxgl.app.services.FXGLDialogService, class com.almasb.fxgl.app.services.IOTaskExecutorService, class com.almasb.fxgl.event.EventBusService, class com.almasb.fxgl.io.FileSystemService, class com.almasb.fxgl.localization.LocalizationService, class com.almasb.fxgl.app.services.AssetLoaderService, class com.almasb.fxgl.app.services.SystemBundleService, class com.almasb.fxgl.profile.SaveLoadService, class com.almasb.fxgl.ui.FXGLUIFactoryServiceProvider, class com.almasb.fxgl.ui.FXGLDialogFactoryServiceProvider, class com.almasb.fxgl.audio.AudioPlayer, class com.almasb.fxgl.notification.impl.NotificationServiceProvider, class com.almasb.fxgl.achievement.AchievementService, class com.almasb.fxgl.cutscene.CutsceneService, class com.almasb.fxgl.minigames.MiniGameService, class com.almasb.fxgl.net.NetService, class com.almasb.fxgl.app.services.UpdaterService]
23:26:43.374 [FXGL Background Thread 2 ] DEBUG Engine               - globalMusicVolume: 0.5
23:26:43.374 [FXGL Background Thread 2 ] DEBUG Engine               - width: 1920
23:26:43.374 [FXGL Background Thread 2 ] DEBUG Engine               - saveFileExt: sav
23:26:43.374 [FXGL Background Thread 2 ] DEBUG Engine               - isAndroid: false
23:26:43.374 [FXGL Background Thread 2 ] DEBUG Engine               - fontUI: VarelaRound-Regular.ttf
23:26:43.374 [FXGL Background Thread 2 ] DEBUG Engine               - enabledMenuItems: [SAVE_LOAD, EXTRA, ONLINE]
23:26:43.374 [FXGL Background Thread 2 ] DEBUG Engine               - isIOS: false
23:26:43.374 [FXGL Background Thread 2 ] DEBUG Engine               - Logging services
23:26:43.374 [FXGL Background Thread 2 ] DEBUG Engine               - class com.almasb.fxgl.app.GameApplication$GameApplicationService
23:26:43.374 [FXGL Background Thread 2 ] DEBUG Engine               - class com.almasb.fxgl.app.services.WindowService
23:26:43.374 [FXGL Background Thread 2 ] DEBUG Engine               - class com.almasb.fxgl.app.services.FXGLDialogService
23:26:43.374 [FXGL Background Thread 2 ] DEBUG Engine               - class com.almasb.fxgl.app.services.IOTaskExecutorService
23:26:43.374 [FXGL Background Thread 2 ] DEBUG Engine               - class com.almasb.fxgl.event.EventBusService
23:26:43.374 [FXGL Background Thread 2 ] DEBUG Engine               - class com.almasb.fxgl.io.FileSystemService
23:26:43.374 [FXGL Background Thread 2 ] DEBUG Engine               - class com.almasb.fxgl.localization.LocalizationService
23:26:43.374 [FXGL Background Thread 2 ] DEBUG Engine               - class com.almasb.fxgl.app.services.AssetLoaderService
23:26:43.374 [FXGL Background Thread 2 ] DEBUG Engine               - class com.almasb.fxgl.app.services.SystemBundleService
23:26:43.375 [FXGL Background Thread 2 ] DEBUG Engine               - class com.almasb.fxgl.profile.SaveLoadService
23:26:43.375 [FXGL Background Thread 2 ] DEBUG Engine               - class com.almasb.fxgl.ui.FXGLUIFactoryServiceProvider
23:26:43.375 [FXGL Background Thread 2 ] DEBUG Engine               - class com.almasb.fxgl.ui.FXGLDialogFactoryServiceProvider
23:26:43.375 [FXGL Background Thread 2 ] DEBUG Engine               - class com.almasb.fxgl.audio.AudioPlayer
23:26:43.375 [FXGL Background Thread 2 ] DEBUG Engine               - class com.almasb.fxgl.notification.impl.NotificationServiceProvider
23:26:43.375 [FXGL Background Thread 2 ] DEBUG Engine               - class com.almasb.fxgl.achievement.AchievementService
23:26:43.375 [FXGL Background Thread 2 ] DEBUG Engine               - class com.almasb.fxgl.cutscene.CutsceneService
23:26:43.375 [FXGL Background Thread 2 ] DEBUG Engine               - class com.almasb.fxgl.minigames.MiniGameService
23:26:43.375 [FXGL Background Thread 2 ] DEBUG Engine               - class com.almasb.fxgl.net.NetService
23:26:43.375 [FXGL Background Thread 2 ] DEBUG Engine               - class com.almasb.fxgl.app.services.UpdaterService
23:26:43.663 [JavaFX Application Thread] DEBUG AssetLoaderService   - Loading from cache: /assets/textures/smallasteroid.png
23:26:44.360 [JavaFX Application Thread] DEBUG AssetLoaderService   - Loading from file system: /assets/textures/projectile.png
23:26:44.623 [JavaFX Application Thread] DEBUG AssetLoaderService   - Loading from file system: /assets/sounds/explosion.wav
23:26:44.681 [JavaFX Application Thread] DEBUG AssetLoaderService   - Loading from file system: /assets/textures/explosion.png
23:26:44.751 [JavaFX Application Thread] DEBUG AssetLoaderService   - Loading from cache: /assets/textures/smallasteroid.png
23:26:45.760 [JavaFX Application Thread] DEBUG AssetLoaderService   - Loading from cache: /assets/textures/smallasteroid.png
23:26:46.048 [JavaFX Application Thread] DEBUG AssetLoaderService   - Loading from cache: /assets/textures/projectile.png
23:26:46.272 [JavaFX Application Thread] DEBUG AssetLoaderService   - Loading from cache: /assets/textures/smallasteroid.png
23:26:46.984 [JavaFX Application Thread] DEBUG AssetLoaderService   - Loading from cache: /assets/textures/projectile.png
23:26:47.792 [JavaFX Application Thread] DEBUG AssetLoaderService   - Loading from cache: /assets/textures/smallasteroid.png
23:26:47.793 [JavaFX Application Thread] DEBUG AssetLoaderService   - Loading from cache: /assets/textures/smallasteroid.png
23:26:48.280 [JavaFX Application Thread] DEBUG AssetLoaderService   - Loading from cache: /assets/textures/projectile.png
23:26:48.411 [JavaFX Application Thread] DEBUG AssetLoaderService   - Loading from cache: /assets/sounds/explosion.wav
23:26:48.411 [JavaFX Application Thread] DEBUG AssetLoaderService   - Loading from cache: /assets/textures/explosion.png
23:26:49.127 [JavaFX Application Thread] DEBUG AssetLoaderService   - Loading from cache: /assets/textures/projectile.png
23:26:49.311 [JavaFX Application Thread] DEBUG AssetLoaderService   - Loading from cache: /assets/textures/smallasteroid.png
23:26:49.689 [JavaFX Application Thread] DEBUG AssetLoaderService   - Loading from cache: /assets/textures/projectile.png
23:26:49.817 [JavaFX Application Thread] DEBUG AssetLoaderService   - Loading from cache: /assets/textures/smallasteroid.png
23:26:49.859 [JavaFX Application Thread] DEBUG AssetLoaderService   - Loading from cache: /assets/textures/projectile.png
23:26:50.175 [JavaFX Application Thread] DEBUG AssetLoaderService   - Loading from cache: /assets/sounds/explosion.wav
23:26:50.175 [JavaFX Application Thread] DEBUG AssetLoaderService   - Loading from cache: /assets/textures/explosion.png
23:26:50.488 [JavaFX Application Thread] DEBUG AssetLoaderService   - Loading from cache: /assets/textures/projectile.png
23:26:50.783 [JavaFX Application Thread] DEBUG AssetLoaderService   - Loading from cache: /assets/sounds/explosion.wav
23:26:50.783 [JavaFX Application Thread] DEBUG AssetLoaderService   - Loading from cache: /assets/textures/explosion.png
23:26:50.832 [JavaFX Application Thread] DEBUG AssetLoaderService   - Loading from cache: /assets/textures/smallasteroid.png
23:26:50.920 [JavaFX Application Thread] DEBUG AssetLoaderService   - Loading from cache: /assets/textures/projectile.png
23:26:51.392 [JavaFX Application Thread] DEBUG AssetLoaderService   - Loading from cache: /assets/textures/projectile.png
23:26:51.456 [JavaFX Application Thread] DEBUG AssetLoaderService   - Loading from cache: /assets/sounds/explosion.wav
23:26:51.456 [JavaFX Application Thread] DEBUG AssetLoaderService   - Loading from cache: /assets/textures/explosion.png
23:26:51.468 [JavaFX Application Thread] DEBUG AssetLoaderService   - Loading from cache: /assets/sounds/explosion.wav
23:26:51.468 [JavaFX Application Thread] DEBUG AssetLoaderService   - Loading from cache: /assets/textures/explosion.png
23:26:51.839 [JavaFX Application Thread] DEBUG AssetLoaderService   - Loading from cache: /assets/textures/smallasteroid.png
23:26:52.363 [JavaFX Application Thread] DEBUG AssetLoaderService   - Loading from cache: /assets/textures/smallasteroid.png
23:26:52.679 [JavaFX Application Thread] DEBUG AssetLoaderService   - Loading from cache: /assets/textures/projectile.png
23:26:53.172 [JavaFX Application Thread] DEBUG AssetLoaderService   - Loading from cache: /assets/textures/projectile.png
23:26:53.423 [JavaFX Application Thread] DEBUG AssetLoaderService   - Loading from cache: /assets/sounds/explosion.wav
23:26:53.423 [JavaFX Application Thread] DEBUG AssetLoaderService   - Loading from cache: /assets/textures/explosion.png
23:26:53.880 [JavaFX Application Thread] DEBUG AssetLoaderService   - Loading from cache: /assets/textures/smallasteroid.png
23:26:53.887 [JavaFX Application Thread] DEBUG AssetLoaderService   - Loading from cache: /assets/textures/smallasteroid.png
23:26:54.032 [JavaFX Application Thread] DEBUG AssetLoaderService   - Loading from cache: /assets/textures/projectile.png
23:26:54.140 [JavaFX Application Thread] DEBUG AssetLoaderService   - Loading from cache: /assets/sounds/explosion.wav
23:26:54.140 [JavaFX Application Thread] DEBUG AssetLoaderService   - Loading from cache: /assets/textures/explosion.png
23:26:54.393 [JavaFX Application Thread] DEBUG AssetLoaderService   - Loading from cache: /assets/sounds/explosion.wav
23:26:54.393 [JavaFX Application Thread] DEBUG AssetLoaderService   - Loading from cache: /assets/textures/explosion.png
23:26:54.394 [JavaFX Application Thread] DEBUG Input                - Clearing active input actions
23:26:54.398 [JavaFX Application Thread] DEBUG WindowService        - Removing overlay from GameScene and adding to FXGLDefaultMenu
23:26:54.398 [JavaFX Application Thread] DEBUG MainWindow           - GameScene -> FXGLDefaultMenu
23:26:54.400 [JavaFX Application Thread] DEBUG MainWindow           - Push state: DialogSubScene
23:26:54.400 [JavaFX Application Thread] DEBUG Input                - Clearing active input actions
23:26:54.401 [JavaFX Application Thread] DEBUG WindowService        - Removing overlay from FXGLDefaultMenu and adding to DialogSubScene
23:26:54.401 [JavaFX Application Thread] DEBUG MainWindow           - FXGLDefaultMenu -> DialogSubScene
23:26:56.197 [JavaFX Application Thread] DEBUG GameApplication      - Exiting FXGL
23:26:56.197 [JavaFX Application Thread] DEBUG LoopRunner           - Stopping loop
23:26:56.197 [JavaFX Application Thread] DEBUG SystemBundleService  - Saving FXGL system data
23:26:56.198 [JavaFX Application Thread] DEBUG FileSystemAccess     - Writing to: C:\Users\xxdee\IdeaProjects\350FXGLjavagame\system\fxgl.bundle
23:26:56.199 [JavaFX Application Thread] DEBUG GameApplication      - Shutting down background threads
23:26:56.199 [JavaFX Application Thread] DEBUG GameApplication      - Closing logger and exiting JavaFX
