23:39:31.335 [main                     ] DEBUG GameApplication      - Logger initialized
23:39:31.347 [main                     ] DEBUG GameApplication      - Logging settings
Title: Space Game
Version: 0.2
Width: 1920
Height: 1080
Fullscreen: false
Intro: false
Menus: true
Profiling: false
Single step:false
App Mode: DEVELOPER
Menu Key: ESCAPE
Stage Style: DECORATED
Scene Factory: class com.almasb.fxgl.app.scene.SceneFactory

23:39:31.684 [JavaFX Application Thread] DEBUG GameApplication      - Initializing FXGL
23:39:31.690 [JavaFX Application Thread] INFO  Engine               - FXGL-11.8 (08.03.2020 09.09) on WINDOWS (J:11.0.8 FX:13.0.2)
23:39:31.691 [JavaFX Application Thread] INFO  Engine               - Source code and latest versions at: https://github.com/AlmasB/FXGL
23:39:31.691 [JavaFX Application Thread] INFO  Engine               -              Join the FXGL chat at: https://gitter.im/AlmasB/FXGL
23:39:31.776 [JavaFX Application Thread] DEBUG MainWindow           - Creating a JavaFX scene
23:39:31.777 [JavaFX Application Thread] DEBUG MainWindow           - Target size > screen size
23:39:31.825 [JavaFX Application Thread] DEBUG MainWindow           - Target settings size: 1920.0 x 1080.0
23:39:31.825 [JavaFX Application Thread] DEBUG MainWindow           - Scaled scene size:    1823.0 x 1039.0
23:39:31.825 [JavaFX Application Thread] DEBUG MainWindow           - Scaled ratio: (0.9494791666666667, 0.962037037037037)
23:39:31.826 [JavaFX Application Thread] DEBUG MainWindow           - Set initial scene to FXGLStartupScene
23:39:31.831 [JavaFX Application Thread] DEBUG MainWindow           - Opening main window
23:39:31.890 [JavaFX Application Thread] DEBUG MainWindow           - Window border size: (16.0, 39.0)
23:39:31.890 [JavaFX Application Thread] DEBUG MainWindow           - Scaled size: 1823.0 x 1039.0
23:39:31.891 [JavaFX Application Thread] DEBUG MainWindow           - Scaled ratio: (0.9494791666666667, 0.962037037037037)
23:39:31.891 [JavaFX Application Thread] DEBUG MainWindow           - Scene size: 1823.0 x 1039.0
23:39:31.891 [JavaFX Application Thread] DEBUG MainWindow           - Stage size: 1839.0 x 1078.0
23:39:31.897 [FXGL Background Thread 1 ] DEBUG Engine               - Initializing environment variables
23:39:31.915 [FXGL Background Thread 1 ] DEBUG WindowService        - Applying CSS: fxgl_dark.css
23:39:31.916 [FXGL Background Thread 1 ] DEBUG AssetLoaderService   - Loading from file system: /assets/ui/css/fxgl_dark.css
23:39:31.945 [FXGL Background Thread 1 ] DEBUG WindowService        - Initializing application scenes
23:39:31.972 [FXGL Background Thread 1 ] DEBUG GameWorld            - Game world initialized
23:39:31.999 [FXGL Background Thread 1 ] DEBUG PhysicsWorld         - Physics world initialized: appHeight=1080, physics.ppm=50.0
23:39:32.001 [FXGL Background Thread 1 ] DEBUG GameScene            - Game scene initialized: 1920x1080
23:39:32.019 [FXGL Background Thread 1 ] DEBUG AssetLoaderService   - Loading from file system: /assets/textures/particles/trace_horizontal.png
23:39:32.058 [FXGL Background Thread 1 ] DEBUG FXGL.DefaultMenu     - createMenuBodyMainMenu()
23:39:32.070 [FXGL Background Thread 1 ] DEBUG FXGL.DefaultMenu     - createOptionsMenu()
23:39:32.073 [FXGL Background Thread 1 ] DEBUG FXGL.DefaultMenu     - createExtraMenu()
23:39:32.075 [FXGL Background Thread 1 ] DEBUG AssetLoaderService   - Loading from file system: /assets/textures/particles/smoke.png
23:39:32.110 [FXGL Background Thread 1 ] DEBUG AssetLoaderService   - Loading from cache: /assets/textures/particles/trace_horizontal.png@64.0x64.0
23:39:32.111 [FXGL Background Thread 1 ] DEBUG FXGL.DefaultMenu     - createMenuBodyGameMenu()
23:39:32.112 [FXGL Background Thread 1 ] DEBUG FXGL.DefaultMenu     - createOptionsMenu()
23:39:32.113 [FXGL Background Thread 1 ] DEBUG FXGL.DefaultMenu     - createExtraMenu()
23:39:32.114 [FXGL Background Thread 1 ] DEBUG AssetLoaderService   - Loading from cache: /assets/textures/particles/smoke.png@128.0x128.0
23:39:32.121 [FXGL Background Thread 1 ] DEBUG WindowService        - Application scenes initialized
23:39:32.127 [FXGL Background Thread 1 ] DEBUG SystemBundleService  - Loading FXGL system data
23:39:32.129 [FXGL Background Thread 1 ] DEBUG FileSystemAccess     - Reading from: C:\Users\xxdee\IdeaProjects\350FXGLjavagame\system\fxgl.bundle
23:39:32.132 [FXGL Background Thread 1 ] DEBUG SystemBundleService  - Bundle FXGL: {}
23:39:32.133 [FXGL Background Thread 1 ] INFO  Engine               - FXGL initialization took: 0.234 sec
23:39:32.133 [FXGL Background Thread 1 ] DEBUG GameApplication      - Loading localizations
23:39:32.134 [FXGL Background Thread 1 ] DEBUG AssetLoaderService   - Loading from file system: /assets/properties/languages/english.properties
23:39:32.135 [FXGL Background Thread 1 ] DEBUG AssetLoaderService   - Loading from file system: /assets/properties/languages/french.properties
23:39:32.136 [FXGL Background Thread 1 ] DEBUG AssetLoaderService   - Loading from file system: /assets/properties/languages/german.properties
23:39:32.136 [FXGL Background Thread 1 ] DEBUG AssetLoaderService   - Loading from file system: /assets/properties/languages/hungarian.properties
23:39:32.137 [FXGL Background Thread 1 ] DEBUG AssetLoaderService   - Loading from file system: /assets/properties/languages/russian.properties
23:39:32.138 [FXGL Background Thread 1 ] DEBUG GameApplication      - Registering font factories with UI factory
23:39:32.138 [FXGL Background Thread 1 ] DEBUG AssetLoaderService   - Loading from file system: /assets/ui/fonts/VarelaRound-Regular.ttf
23:39:32.310 [FXGL Background Thread 1 ] DEBUG AssetLoaderService   - Loading from file system: /assets/ui/fonts/Abel-Regular.ttf
23:39:32.313 [FXGL Background Thread 1 ] DEBUG AssetLoaderService   - Loading from file system: /assets/ui/fonts/lucida_console.ttf
23:39:32.315 [FXGL Background Thread 1 ] DEBUG AssetLoaderService   - Loading from file system: /assets/ui/fonts/Courier-Prime.ttf
23:39:32.324 [JavaFX Application Thread] DEBUG Input                - Registered new binding: action0 - D
23:39:32.324 [JavaFX Application Thread] DEBUG Input                - Registered new binding: action1 - A
23:39:32.324 [JavaFX Application Thread] DEBUG Input                - Registered new binding: action2 - W
23:39:32.324 [JavaFX Application Thread] DEBUG Input                - Registered new binding: action3 - C
23:39:32.324 [JavaFX Application Thread] DEBUG Input                - Registered new binding: action4 - Left
23:39:32.325 [JavaFX Application Thread] DEBUG Input                - Registered new binding: action5 - Right
23:39:32.325 [JavaFX Application Thread] DEBUG Input                - Registered new binding: action6 - Space
23:39:32.325 [JavaFX Application Thread] DEBUG AssetLoaderService   - Loading from file system: /assets/textures/fxgl_icon.png
23:39:32.339 [JavaFX Application Thread] DEBUG AssetLoaderService   - Loading from file system: /assets/ui/cursors/fxgl_default.png
23:39:32.340 [JavaFX Application Thread] DEBUG Input                - Registered new binding: Screenshot - P
23:39:32.340 [JavaFX Application Thread] DEBUG Input                - Registered new binding: System info dump - CTRL+9
23:39:32.340 [JavaFX Application Thread] DEBUG Input                - Registered new binding: Restart - CTRL+R
23:39:32.341 [JavaFX Application Thread] DEBUG LoopRunner           - Starting loop
23:39:32.349 [JavaFX Application Thread] DEBUG FXGLStartupScene     - STARTUP
23:39:32.352 [JavaFX Application Thread] DEBUG Input                - Clearing active input actions
23:39:32.365 [JavaFX Application Thread] DEBUG WindowService        - Removing overlay from FXGLStartupScene and adding to FXGLDefaultMenu
23:39:32.365 [JavaFX Application Thread] DEBUG MainWindow           - FXGLStartupScene -> FXGLDefaultMenu
23:39:33.584 [JavaFX Application Thread] DEBUG Menu                 - fireNewGame()
23:39:33.584 [JavaFX Application Thread] DEBUG WindowService        - Starting new game
23:39:33.585 [JavaFX Application Thread] DEBUG Input                - Clearing active input actions
23:39:33.591 [JavaFX Application Thread] DEBUG WindowService        - Removing overlay from FXGLDefaultMenu and adding to FXGLLoadingScene
23:39:33.591 [JavaFX Application Thread] DEBUG MainWindow           - FXGLDefaultMenu -> FXGLLoadingScene
23:39:33.591 [JavaFX Application Thread] DEBUG WindowService        - Clearing previous game
23:39:33.591 [JavaFX Application Thread] DEBUG GameScene            - Clearing game scene
23:39:33.591 [JavaFX Application Thread] DEBUG GameWorld            - Clearing game world
23:39:33.591 [JavaFX Application Thread] DEBUG PhysicsWorld         - Clearing physics world
23:39:33.592 [FXGL Background Thread 1 ] DEBUG GameApplication      - Initializing game
23:39:33.600 [FXGL Background Thread 1 ] DEBUG AssetLoaderService   - Loading from file system: /assets/textures/newbackground.jpg
23:39:33.625 [FXGL Background Thread 1 ] DEBUG AssetLoaderService   - Loading from file system: /assets/textures/smallspaceship.png
23:39:33.639 [FXGL Background Thread 1 ] INFO  GameApplication      - Game initialization took: 0.047 sec
23:39:33.640 [JavaFX Application Thread] DEBUG Input                - Clearing active input actions
23:39:33.644 [JavaFX Application Thread] DEBUG WindowService        - Removing overlay from FXGLLoadingScene and adding to GameScene
23:39:33.644 [JavaFX Application Thread] DEBUG MainWindow           - FXGLLoadingScene -> GameScene
23:39:34.377 [JavaFX Application Thread] DEBUG AssetLoaderService   - Loading from file system: /assets/textures/smallasteroid.png
23:39:34.890 [JavaFX Application Thread] DEBUG AssetLoaderService   - Loading from cache: /assets/textures/smallasteroid.png
23:39:34.891 [JavaFX Application Thread] DEBUG AssetLoaderService   - Loading from cache: /assets/textures/smallasteroid.png
23:39:35.134 [FXGL Background Thread 2 ] DEBUG Engine               - Logging environment variables
23:39:35.134 [FXGL Background Thread 2 ] DEBUG Engine               - achievements: []
23:39:35.134 [FXGL Background Thread 2 ] DEBUG Engine               - language: ObjectProperty [value: ENGLISH]
23:39:35.134 [FXGL Background Thread 2 ] DEBUG Engine               - isCloseConfirmation: false
23:39:35.134 [FXGL Background Thread 2 ] DEBUG Engine               - isProfilingEnabled: false
23:39:35.134 [FXGL Background Thread 2 ] DEBUG Engine               - soundNotification: core/notification.wav
23:39:35.134 [FXGL Background Thread 2 ] DEBUG Engine               - devShowBBoxProperty: BooleanProperty [value: false]
23:39:35.134 [FXGL Background Thread 2 ] DEBUG Engine               - pixelsPerMeter: 50.0
23:39:35.134 [FXGL Background Thread 2 ] DEBUG Engine               - appIcon: fxgl_icon.png
23:39:35.134 [FXGL Background Thread 2 ] DEBUG Engine               - soundMenuBack: menu/back.wav
23:39:35.134 [FXGL Background Thread 2 ] DEBUG Engine               - isFullScreenAllowed: false
23:39:35.134 [FXGL Background Thread 2 ] DEBUG Engine               - isIntroEnabled: false
23:39:35.134 [FXGL Background Thread 2 ] DEBUG Engine               - fontMono: lucida_console.ttf
23:39:35.134 [FXGL Background Thread 2 ] DEBUG Engine               - soundMenuSelect: menu/select.wav
23:39:35.134 [FXGL Background Thread 2 ] DEBUG Engine               - isWindows: true
23:39:35.134 [FXGL Background Thread 2 ] DEBUG Engine               - isMobile: false
23:39:35.134 [FXGL Background Thread 2 ] DEBUG Engine               - isUserProfileEnabled: false
23:39:35.134 [FXGL Background Thread 2 ] DEBUG Engine               - height: 1080
23:39:35.134 [FXGL Background Thread 2 ] DEBUG Engine               - isExperimentalNative: false
23:39:35.135 [FXGL Background Thread 2 ] DEBUG Engine               - settings: Title: Space Game
Version: 0.2
Width: 1920
Height: 1080
Fullscreen: false
Intro: false
Menus: true
Profiling: false
Single step:false
App Mode: DEVELOPER
Menu Key: ESCAPE
Stage Style: DECORATED
Scene Factory: class com.almasb.fxgl.app.scene.SceneFactory

23:39:35.135 [FXGL Background Thread 2 ] DEBUG Engine               - isSingleStep: false
23:39:35.135 [FXGL Background Thread 2 ] DEBUG Engine               - cSSList: [fxgl_dark.css]
23:39:35.135 [FXGL Background Thread 2 ] DEBUG Engine               - fontGame: Abel-Regular.ttf
23:39:35.135 [FXGL Background Thread 2 ] DEBUG Engine               - menuKey: ESCAPE
23:39:35.135 [FXGL Background Thread 2 ] DEBUG Engine               - devShowPositionProperty: BooleanProperty [value: false]
23:39:35.135 [FXGL Background Thread 2 ] DEBUG Engine               - versionCheckDays: 7
23:39:35.135 [FXGL Background Thread 2 ] DEBUG Engine               - configClass: Optional.empty
23:39:35.135 [FXGL Background Thread 2 ] DEBUG Engine               - isFullScreenFromStart: false
23:39:35.135 [FXGL Background Thread 2 ] DEBUG Engine               - version: 0.2
23:39:35.135 [FXGL Background Thread 2 ] DEBUG Engine               - fullScreen: BooleanProperty [value: false]
23:39:35.135 [FXGL Background Thread 2 ] DEBUG Engine               - randomSeed: -1
23:39:35.135 [FXGL Background Thread 2 ] DEBUG Engine               - gameDifficultyProperty: ObjectProperty [value: MEDIUM]
23:39:35.135 [FXGL Background Thread 2 ] DEBUG Engine               - applicationMode: DEVELOPER
23:39:35.135 [FXGL Background Thread 2 ] DEBUG Engine               - isMac: false
23:39:35.135 [FXGL Background Thread 2 ] DEBUG Engine               - isMenuEnabled: true
23:39:35.135 [FXGL Background Thread 2 ] DEBUG Engine               - urlPOM: https://raw.githubusercontent.com/AlmasB/FXGL/master/pom.xml
23:39:35.135 [FXGL Background Thread 2 ] DEBUG Engine               - profileName: StringProperty [value: DEFAULT]
23:39:35.135 [FXGL Background Thread 2 ] DEBUG Engine               - notificationViewClass: class com.almasb.fxgl.notification.view.XboxNotificationView
23:39:35.135 [FXGL Background Thread 2 ] DEBUG Engine               - devSensorColorProperty: ObjectProperty [value: 0xffff00ff]
23:39:35.135 [FXGL Background Thread 2 ] DEBUG Engine               - sceneFactory: com.almasb.fxgl.app.scene.SceneFactory@2df16b30
23:39:35.135 [FXGL Background Thread 2 ] DEBUG Engine               - stageStyle: DECORATED
23:39:35.136 [FXGL Background Thread 2 ] DEBUG Engine               - isManualResizeEnabled: true
23:39:35.136 [FXGL Background Thread 2 ] DEBUG Engine               - title: Space Game
23:39:35.136 [FXGL Background Thread 2 ] DEBUG Engine               - platform: WINDOWS
23:39:35.136 [FXGL Background Thread 2 ] DEBUG Engine               - devBBoxColorProperty: ObjectProperty [value: 0xff0000ff]
23:39:35.136 [FXGL Background Thread 2 ] DEBUG Engine               - gameDifficulty: MEDIUM
23:39:35.136 [FXGL Background Thread 2 ] DEBUG Engine               - isDesktop: true
23:39:35.136 [FXGL Background Thread 2 ] DEBUG Engine               - supportedLanguages: [ENGLISH, FRENCH, GERMAN, HUNGARIAN, RUSSIAN]
23:39:35.136 [FXGL Background Thread 2 ] DEBUG Engine               - credits: []
23:39:35.136 [FXGL Background Thread 2 ] DEBUG Engine               - globalMusicVolumeProperty: DoubleProperty [value: 0.5]
23:39:35.136 [FXGL Background Thread 2 ] DEBUG Engine               - isPreserveResizeRatio: false
23:39:35.136 [FXGL Background Thread 2 ] DEBUG Engine               - fontText: Courier-Prime.ttf
23:39:35.136 [FXGL Background Thread 2 ] DEBUG Engine               - isExperimentalTiledLargeMap: false
23:39:35.136 [FXGL Background Thread 2 ] DEBUG Engine               - secondsIn24h: 60
23:39:35.136 [FXGL Background Thread 2 ] DEBUG Engine               - runtimeInfo: RuntimeInfo(platform=WINDOWS, version=11.8, build=08.03.2020 09.09)
23:39:35.136 [FXGL Background Thread 2 ] DEBUG Engine               - isLinux: false
23:39:35.136 [FXGL Background Thread 2 ] DEBUG Engine               - soundMenuPress: menu/press.wav
23:39:35.136 [FXGL Background Thread 2 ] DEBUG Engine               - urlGithub: https://github.com/AlmasB/FXGL
23:39:35.136 [FXGL Background Thread 2 ] DEBUG Engine               - profileDir: profiles/
23:39:35.136 [FXGL Background Thread 2 ] DEBUG Engine               - isDeveloperMenuEnabled: false
23:39:35.136 [FXGL Background Thread 2 ] DEBUG Engine               - globalSoundVolumeProperty: DoubleProperty [value: 0.1]
23:39:35.136 [FXGL Background Thread 2 ] DEBUG Engine               - mainWindow: com.almasb.fxgl.app.MainWindow@29cefa56
23:39:35.136 [FXGL Background Thread 2 ] DEBUG Engine               - isBrowser: false
23:39:35.136 [FXGL Background Thread 2 ] DEBUG Engine               - globalSoundVolume: 0.5
23:39:35.136 [FXGL Background Thread 2 ] DEBUG Engine               - urlLeaderboard: http://fxgl-top.herokuapp.com/
23:39:35.137 [FXGL Background Thread 2 ] DEBUG Engine               - engineServices: [class com.almasb.fxgl.app.GameApplication$GameApplicationService, class com.almasb.fxgl.app.services.WindowService, class com.almasb.fxgl.app.services.FXGLDialogService, class com.almasb.fxgl.app.services.IOTaskExecutorService, class com.almasb.fxgl.event.EventBusService, class com.almasb.fxgl.io.FileSystemService, class com.almasb.fxgl.localization.LocalizationService, class com.almasb.fxgl.app.services.AssetLoaderService, class com.almasb.fxgl.app.services.SystemBundleService, class com.almasb.fxgl.profile.SaveLoadService, class com.almasb.fxgl.ui.FXGLUIFactoryServiceProvider, class com.almasb.fxgl.ui.FXGLDialogFactoryServiceProvider, class com.almasb.fxgl.audio.AudioPlayer, class com.almasb.fxgl.notification.impl.NotificationServiceProvider, class com.almasb.fxgl.achievement.AchievementService, class com.almasb.fxgl.cutscene.CutsceneService, class com.almasb.fxgl.minigames.MiniGameService, class com.almasb.fxgl.net.NetService, class com.almasb.fxgl.app.services.UpdaterService]
23:39:35.137 [FXGL Background Thread 2 ] DEBUG Engine               - globalMusicVolume: 0.5
23:39:35.137 [FXGL Background Thread 2 ] DEBUG Engine               - width: 1920
23:39:35.137 [FXGL Background Thread 2 ] DEBUG Engine               - saveFileExt: sav
23:39:35.137 [FXGL Background Thread 2 ] DEBUG Engine               - isAndroid: false
23:39:35.137 [FXGL Background Thread 2 ] DEBUG Engine               - fontUI: VarelaRound-Regular.ttf
23:39:35.137 [FXGL Background Thread 2 ] DEBUG Engine               - enabledMenuItems: [SAVE_LOAD, EXTRA, ONLINE]
23:39:35.137 [FXGL Background Thread 2 ] DEBUG Engine               - isIOS: false
23:39:35.137 [FXGL Background Thread 2 ] DEBUG Engine               - Logging services
23:39:35.137 [FXGL Background Thread 2 ] DEBUG Engine               - class com.almasb.fxgl.app.GameApplication$GameApplicationService
23:39:35.137 [FXGL Background Thread 2 ] DEBUG Engine               - class com.almasb.fxgl.app.services.WindowService
23:39:35.137 [FXGL Background Thread 2 ] DEBUG Engine               - class com.almasb.fxgl.app.services.FXGLDialogService
23:39:35.137 [FXGL Background Thread 2 ] DEBUG Engine               - class com.almasb.fxgl.app.services.IOTaskExecutorService
23:39:35.137 [FXGL Background Thread 2 ] DEBUG Engine               - class com.almasb.fxgl.event.EventBusService
23:39:35.137 [FXGL Background Thread 2 ] DEBUG Engine               - class com.almasb.fxgl.io.FileSystemService
23:39:35.137 [FXGL Background Thread 2 ] DEBUG Engine               - class com.almasb.fxgl.localization.LocalizationService
23:39:35.137 [FXGL Background Thread 2 ] DEBUG Engine               - class com.almasb.fxgl.app.services.AssetLoaderService
23:39:35.137 [FXGL Background Thread 2 ] DEBUG Engine               - class com.almasb.fxgl.app.services.SystemBundleService
23:39:35.137 [FXGL Background Thread 2 ] DEBUG Engine               - class com.almasb.fxgl.profile.SaveLoadService
23:39:35.137 [FXGL Background Thread 2 ] DEBUG Engine               - class com.almasb.fxgl.ui.FXGLUIFactoryServiceProvider
23:39:35.137 [FXGL Background Thread 2 ] DEBUG Engine               - class com.almasb.fxgl.ui.FXGLDialogFactoryServiceProvider
23:39:35.137 [FXGL Background Thread 2 ] DEBUG Engine               - class com.almasb.fxgl.audio.AudioPlayer
23:39:35.137 [FXGL Background Thread 2 ] DEBUG Engine               - class com.almasb.fxgl.notification.impl.NotificationServiceProvider
23:39:35.137 [FXGL Background Thread 2 ] DEBUG Engine               - class com.almasb.fxgl.achievement.AchievementService
23:39:35.137 [FXGL Background Thread 2 ] DEBUG Engine               - class com.almasb.fxgl.cutscene.CutsceneService
23:39:35.137 [FXGL Background Thread 2 ] DEBUG Engine               - class com.almasb.fxgl.minigames.MiniGameService
23:39:35.137 [FXGL Background Thread 2 ] DEBUG Engine               - class com.almasb.fxgl.net.NetService
23:39:35.138 [FXGL Background Thread 2 ] DEBUG Engine               - class com.almasb.fxgl.app.services.UpdaterService
23:39:35.414 [JavaFX Application Thread] DEBUG AssetLoaderService   - Loading from cache: /assets/textures/smallasteroid.png
23:39:35.913 [JavaFX Application Thread] DEBUG AssetLoaderService   - Loading from cache: /assets/textures/smallasteroid.png
23:39:35.927 [JavaFX Application Thread] DEBUG AssetLoaderService   - Loading from cache: /assets/textures/smallasteroid.png
23:39:36.442 [JavaFX Application Thread] DEBUG AssetLoaderService   - Loading from cache: /assets/textures/smallasteroid.png
23:39:36.664 [JavaFX Application Thread] DEBUG AssetLoaderService   - Loading from file system: /assets/sounds/explosion.wav
23:39:36.717 [JavaFX Application Thread] DEBUG AssetLoaderService   - Loading from file system: /assets/textures/explosion.png
23:39:36.724 [JavaFX Application Thread] DEBUG AssetLoaderService   - Loading from cache: /assets/textures/smallasteroid.png
23:39:36.899 [JavaFX Application Thread] DEBUG AssetLoaderService   - Loading from cache: /assets/sounds/explosion.wav
23:39:36.899 [JavaFX Application Thread] DEBUG AssetLoaderService   - Loading from cache: /assets/textures/explosion.png
23:39:36.900 [JavaFX Application Thread] DEBUG AssetLoaderService   - Loading from cache: /assets/textures/smallasteroid.png
23:39:36.986 [JavaFX Application Thread] DEBUG AssetLoaderService   - Loading from cache: /assets/textures/smallasteroid.png
23:39:37.002 [JavaFX Application Thread] DEBUG AssetLoaderService   - Loading from cache: /assets/textures/smallasteroid.png
23:39:37.523 [JavaFX Application Thread] DEBUG AssetLoaderService   - Loading from cache: /assets/textures/smallasteroid.png
23:39:38.010 [JavaFX Application Thread] DEBUG AssetLoaderService   - Loading from cache: /assets/textures/smallasteroid.png
23:39:38.026 [JavaFX Application Thread] DEBUG AssetLoaderService   - Loading from cache: /assets/textures/smallasteroid.png
23:39:38.232 [JavaFX Application Thread] DEBUG AssetLoaderService   - Loading from cache: /assets/sounds/explosion.wav
23:39:38.232 [JavaFX Application Thread] DEBUG AssetLoaderService   - Loading from cache: /assets/textures/explosion.png
23:39:38.233 [JavaFX Application Thread] DEBUG Input                - Clearing active input actions
23:39:38.238 [JavaFX Application Thread] DEBUG WindowService        - Removing overlay from GameScene and adding to FXGLDefaultMenu
23:39:38.238 [JavaFX Application Thread] DEBUG MainWindow           - GameScene -> FXGLDefaultMenu
23:39:38.239 [JavaFX Application Thread] DEBUG MainWindow           - Push state: DialogSubScene
23:39:38.239 [JavaFX Application Thread] DEBUG Input                - Clearing active input actions
23:39:38.241 [JavaFX Application Thread] DEBUG WindowService        - Removing overlay from FXGLDefaultMenu and adding to DialogSubScene
23:39:38.241 [JavaFX Application Thread] DEBUG MainWindow           - FXGLDefaultMenu -> DialogSubScene
23:39:38.241 [JavaFX Application Thread] DEBUG AssetLoaderService   - Loading from cache: /assets/textures/smallasteroid.png
23:39:39.519 [JavaFX Application Thread] DEBUG MainWindow           - Pop state: DialogSubScene
23:39:39.519 [JavaFX Application Thread] DEBUG Input                - Clearing active input actions
23:39:39.520 [JavaFX Application Thread] DEBUG WindowService        - Removing overlay from DialogSubScene and adding to FXGLDefaultMenu
23:39:39.520 [JavaFX Application Thread] DEBUG MainWindow           - FXGLDefaultMenu <- DialogSubScene
23:39:40.375 [JavaFX Application Thread] DEBUG Menu                 - fireNewGame()
23:39:40.375 [JavaFX Application Thread] DEBUG WindowService        - Starting new game
23:39:40.375 [JavaFX Application Thread] DEBUG Input                - Clearing active input actions
23:39:40.378 [JavaFX Application Thread] DEBUG WindowService        - Removing overlay from FXGLDefaultMenu and adding to FXGLLoadingScene
23:39:40.378 [JavaFX Application Thread] DEBUG MainWindow           - FXGLDefaultMenu -> FXGLLoadingScene
23:39:40.378 [JavaFX Application Thread] DEBUG WindowService        - Clearing previous game
23:39:40.378 [JavaFX Application Thread] DEBUG GameScene            - Clearing game scene
23:39:40.378 [JavaFX Application Thread] DEBUG GameWorld            - Clearing game world
23:39:40.379 [JavaFX Application Thread] DEBUG PhysicsWorld         - Clearing physics world
23:39:40.379 [FXGL Background Thread 1 ] DEBUG GameApplication      - Initializing game
23:39:40.380 [FXGL Background Thread 1 ] DEBUG AssetLoaderService   - Loading from cache: /assets/textures/newbackground.jpg
23:39:40.380 [FXGL Background Thread 1 ] DEBUG AssetLoaderService   - Loading from cache: /assets/textures/smallspaceship.png
23:39:40.381 [FXGL Background Thread 1 ] INFO  GameApplication      - Game initialization took: 0.002 sec
23:39:40.383 [JavaFX Application Thread] DEBUG Input                - Clearing active input actions
23:39:40.385 [JavaFX Application Thread] DEBUG WindowService        - Removing overlay from FXGLLoadingScene and adding to GameScene
23:39:40.385 [JavaFX Application Thread] DEBUG MainWindow           - FXGLLoadingScene -> GameScene
23:39:42.753 [JavaFX Application Thread] DEBUG AssetLoaderService   - Loading from cache: /assets/textures/smallasteroid.png
23:39:43.258 [JavaFX Application Thread] DEBUG AssetLoaderService   - Loading from cache: /assets/textures/smallasteroid.png
23:39:44.282 [JavaFX Application Thread] DEBUG AssetLoaderService   - Loading from cache: /assets/textures/smallasteroid.png
23:39:45.097 [JavaFX Application Thread] DEBUG AssetLoaderService   - Loading from cache: /assets/sounds/explosion.wav
23:39:45.097 [JavaFX Application Thread] DEBUG AssetLoaderService   - Loading from cache: /assets/textures/explosion.png
23:39:45.098 [JavaFX Application Thread] DEBUG AssetLoaderService   - Loading from cache: /assets/textures/smallasteroid.png
23:39:45.298 [JavaFX Application Thread] DEBUG AssetLoaderService   - Loading from cache: /assets/textures/smallasteroid.png
23:39:45.802 [JavaFX Application Thread] DEBUG AssetLoaderService   - Loading from cache: /assets/textures/smallasteroid.png
23:39:47.321 [JavaFX Application Thread] DEBUG AssetLoaderService   - Loading from cache: /assets/textures/smallasteroid.png
23:39:47.321 [JavaFX Application Thread] DEBUG AssetLoaderService   - Loading from cache: /assets/textures/smallasteroid.png
23:39:47.795 [JavaFX Application Thread] DEBUG AssetLoaderService   - Loading from cache: /assets/sounds/explosion.wav
23:39:47.796 [JavaFX Application Thread] DEBUG AssetLoaderService   - Loading from cache: /assets/textures/explosion.png
23:39:47.796 [JavaFX Application Thread] DEBUG AssetLoaderService   - Loading from cache: /assets/textures/smallasteroid.png
23:39:48.842 [JavaFX Application Thread] DEBUG AssetLoaderService   - Loading from cache: /assets/textures/smallasteroid.png
23:39:49.351 [JavaFX Application Thread] DEBUG AssetLoaderService   - Loading from cache: /assets/textures/smallasteroid.png
23:39:49.603 [JavaFX Application Thread] DEBUG AssetLoaderService   - Loading from cache: /assets/sounds/explosion.wav
23:39:49.604 [JavaFX Application Thread] DEBUG AssetLoaderService   - Loading from cache: /assets/textures/explosion.png
23:39:49.604 [JavaFX Application Thread] DEBUG Input                - Clearing active input actions
23:39:49.608 [JavaFX Application Thread] DEBUG WindowService        - Removing overlay from GameScene and adding to FXGLDefaultMenu
23:39:49.608 [JavaFX Application Thread] DEBUG MainWindow           - GameScene -> FXGLDefaultMenu
23:39:49.608 [JavaFX Application Thread] DEBUG MainWindow           - Push state: DialogSubScene
23:39:49.608 [JavaFX Application Thread] DEBUG Input                - Clearing active input actions
23:39:49.609 [JavaFX Application Thread] DEBUG WindowService        - Removing overlay from FXGLDefaultMenu and adding to DialogSubScene
23:39:49.609 [JavaFX Application Thread] DEBUG MainWindow           - FXGLDefaultMenu -> DialogSubScene
23:39:49.609 [JavaFX Application Thread] DEBUG AssetLoaderService   - Loading from cache: /assets/textures/smallasteroid.png
23:39:50.642 [JavaFX Application Thread] DEBUG MainWindow           - Pop state: DialogSubScene
23:39:50.643 [JavaFX Application Thread] DEBUG Input                - Clearing active input actions
23:39:50.643 [JavaFX Application Thread] DEBUG WindowService        - Removing overlay from DialogSubScene and adding to FXGLDefaultMenu
23:39:50.643 [JavaFX Application Thread] DEBUG MainWindow           - FXGLDefaultMenu <- DialogSubScene
23:39:51.968 [JavaFX Application Thread] DEBUG GameApplication      - Exiting FXGL
23:39:51.968 [JavaFX Application Thread] DEBUG LoopRunner           - Stopping loop
23:39:51.968 [JavaFX Application Thread] DEBUG SystemBundleService  - Saving FXGL system data
23:39:51.969 [JavaFX Application Thread] DEBUG FileSystemAccess     - Writing to: C:\Users\xxdee\IdeaProjects\350FXGLjavagame\system\fxgl.bundle
23:39:51.970 [JavaFX Application Thread] DEBUG GameApplication      - Shutting down background threads
23:39:51.971 [JavaFX Application Thread] DEBUG GameApplication      - Closing logger and exiting JavaFX
