16:16:47.901 [main                     ] DEBUG GameApplication      - Logger initialized
16:16:47.914 [main                     ] DEBUG GameApplication      - Logging settings
Title: Space Game
Version: 0.2
Width: 2000
Height: 1000
Fullscreen: false
Intro: false
Menus: true
Profiling: false
Single step:false
App Mode: DEVELOPER
Menu Key: ESCAPE
Stage Style: DECORATED
Scene Factory: class com.almasb.fxgl.app.scene.SceneFactory

16:16:48.245 [JavaFX Application Thread] DEBUG GameApplication      - Initializing FXGL
16:16:48.250 [JavaFX Application Thread] INFO  Engine               - FXGL-11.8 (08.03.2020 09.09) on WINDOWS (J:11.0.8 FX:13.0.2)
16:16:48.251 [JavaFX Application Thread] INFO  Engine               - Source code and latest versions at: https://github.com/AlmasB/FXGL
16:16:48.251 [JavaFX Application Thread] INFO  Engine               -              Join the FXGL chat at: https://gitter.im/AlmasB/FXGL
16:16:48.340 [JavaFX Application Thread] DEBUG MainWindow           - Creating a JavaFX scene
16:16:48.340 [JavaFX Application Thread] DEBUG MainWindow           - Target size > screen size
16:16:48.403 [JavaFX Application Thread] DEBUG MainWindow           - Target settings size: 2000.0 x 1000.0
16:16:48.404 [JavaFX Application Thread] DEBUG MainWindow           - Scaled scene size:    1895.0 x 960.0
16:16:48.404 [JavaFX Application Thread] DEBUG MainWindow           - Scaled ratio: (0.9475, 0.96)
16:16:48.405 [JavaFX Application Thread] DEBUG MainWindow           - Set initial scene to FXGLStartupScene
16:16:48.411 [JavaFX Application Thread] DEBUG MainWindow           - Opening main window
16:16:48.485 [JavaFX Application Thread] DEBUG MainWindow           - Window border size: (16.0, 39.0)
16:16:48.485 [JavaFX Application Thread] DEBUG MainWindow           - Scaled size: 1895.0 x 960.0
16:16:48.485 [JavaFX Application Thread] DEBUG MainWindow           - Scaled ratio: (0.9475, 0.96)
16:16:48.485 [JavaFX Application Thread] DEBUG MainWindow           - Scene size: 1895.0 x 960.0
16:16:48.485 [JavaFX Application Thread] DEBUG MainWindow           - Stage size: 1911.0 x 999.0
16:16:48.491 [FXGL Background Thread 1 ] DEBUG Engine               - Initializing environment variables
16:16:48.512 [FXGL Background Thread 1 ] DEBUG WindowService        - Applying CSS: fxgl_dark.css
16:16:48.512 [FXGL Background Thread 1 ] DEBUG AssetLoaderService   - Loading from file system: /assets/ui/css/fxgl_dark.css
16:16:48.548 [FXGL Background Thread 1 ] DEBUG WindowService        - Initializing application scenes
16:16:48.578 [FXGL Background Thread 1 ] DEBUG GameWorld            - Game world initialized
16:16:48.607 [FXGL Background Thread 1 ] DEBUG PhysicsWorld         - Physics world initialized: appHeight=1000, physics.ppm=50.0
16:16:48.608 [FXGL Background Thread 1 ] DEBUG GameScene            - Game scene initialized: 2000x1000
16:16:48.627 [FXGL Background Thread 1 ] DEBUG AssetLoaderService   - Loading from file system: /assets/textures/particles/trace_horizontal.png
16:16:48.668 [FXGL Background Thread 1 ] DEBUG FXGL.DefaultMenu     - createMenuBodyMainMenu()
16:16:48.678 [FXGL Background Thread 1 ] DEBUG FXGL.DefaultMenu     - createOptionsMenu()
16:16:48.681 [FXGL Background Thread 1 ] DEBUG AssetLoaderService   - Loading from file system: /assets/textures/particles/smoke.png
16:16:48.716 [FXGL Background Thread 1 ] DEBUG AssetLoaderService   - Loading from cache: /assets/textures/particles/trace_horizontal.png@64.0x64.0
16:16:48.718 [FXGL Background Thread 1 ] DEBUG FXGL.DefaultMenu     - createMenuBodyGameMenu()
16:16:48.718 [FXGL Background Thread 1 ] DEBUG FXGL.DefaultMenu     - createOptionsMenu()
16:16:48.719 [FXGL Background Thread 1 ] DEBUG AssetLoaderService   - Loading from cache: /assets/textures/particles/smoke.png@128.0x128.0
16:16:48.727 [FXGL Background Thread 1 ] DEBUG WindowService        - Application scenes initialized
16:16:48.732 [FXGL Background Thread 1 ] DEBUG SystemBundleService  - Loading FXGL system data
16:16:48.735 [FXGL Background Thread 1 ] DEBUG FileSystemAccess     - Reading from: C:\Users\xxdee\IdeaProjects\350FXGLjavagame\system\fxgl.bundle
16:16:48.738 [FXGL Background Thread 1 ] DEBUG SystemBundleService  - Bundle FXGL: {}
16:16:48.738 [FXGL Background Thread 1 ] INFO  Engine               - FXGL initialization took: 0.246 sec
16:16:48.739 [FXGL Background Thread 1 ] DEBUG GameApplication      - Loading localizations
16:16:48.739 [FXGL Background Thread 1 ] DEBUG AssetLoaderService   - Loading from file system: /assets/properties/languages/english.properties
16:16:48.740 [FXGL Background Thread 1 ] DEBUG AssetLoaderService   - Loading from file system: /assets/properties/languages/french.properties
16:16:48.741 [FXGL Background Thread 1 ] DEBUG AssetLoaderService   - Loading from file system: /assets/properties/languages/german.properties
16:16:48.742 [FXGL Background Thread 1 ] DEBUG AssetLoaderService   - Loading from file system: /assets/properties/languages/hungarian.properties
16:16:48.742 [FXGL Background Thread 1 ] DEBUG AssetLoaderService   - Loading from file system: /assets/properties/languages/russian.properties
16:16:48.744 [FXGL Background Thread 1 ] DEBUG GameApplication      - Registering font factories with UI factory
16:16:48.744 [FXGL Background Thread 1 ] DEBUG AssetLoaderService   - Loading from file system: /assets/ui/fonts/VarelaRound-Regular.ttf
16:16:48.920 [FXGL Background Thread 1 ] DEBUG AssetLoaderService   - Loading from file system: /assets/ui/fonts/Abel-Regular.ttf
16:16:48.922 [FXGL Background Thread 1 ] DEBUG AssetLoaderService   - Loading from file system: /assets/ui/fonts/lucida_console.ttf
16:16:48.927 [FXGL Background Thread 1 ] DEBUG AssetLoaderService   - Loading from file system: /assets/ui/fonts/Courier-Prime.ttf
16:16:48.935 [JavaFX Application Thread] DEBUG Input                - Registered new binding: action0 - D
16:16:48.936 [JavaFX Application Thread] DEBUG Input                - Registered new binding: action1 - A
16:16:48.936 [JavaFX Application Thread] DEBUG Input                - Registered new binding: action2 - W
16:16:48.936 [JavaFX Application Thread] DEBUG Input                - Registered new binding: action3 - C
16:16:48.936 [JavaFX Application Thread] DEBUG Input                - Registered new binding: action4 - Left
16:16:48.936 [JavaFX Application Thread] DEBUG Input                - Registered new binding: action5 - Right
16:16:48.936 [JavaFX Application Thread] DEBUG Input                - Registered new binding: action6 - Space
16:16:48.937 [JavaFX Application Thread] DEBUG AssetLoaderService   - Loading from file system: /assets/textures/fxgl_icon.png
16:16:48.952 [JavaFX Application Thread] DEBUG AssetLoaderService   - Loading from file system: /assets/ui/cursors/fxgl_default.png
16:16:48.953 [JavaFX Application Thread] DEBUG Input                - Registered new binding: Screenshot - P
16:16:48.953 [JavaFX Application Thread] DEBUG Input                - Registered new binding: System info dump - CTRL+9
16:16:48.954 [JavaFX Application Thread] DEBUG Input                - Registered new binding: Restart - CTRL+R
16:16:48.954 [JavaFX Application Thread] DEBUG LoopRunner           - Starting loop
16:16:48.968 [JavaFX Application Thread] DEBUG FXGLStartupScene     - STARTUP
16:16:48.971 [JavaFX Application Thread] DEBUG Input                - Clearing active input actions
16:16:48.983 [JavaFX Application Thread] DEBUG WindowService        - Removing overlay from FXGLStartupScene and adding to FXGLDefaultMenu
16:16:48.984 [JavaFX Application Thread] DEBUG MainWindow           - FXGLStartupScene -> FXGLDefaultMenu
16:16:50.430 [JavaFX Application Thread] DEBUG Menu                 - fireNewGame()
16:16:50.430 [JavaFX Application Thread] DEBUG WindowService        - Starting new game
16:16:50.430 [JavaFX Application Thread] DEBUG Input                - Clearing active input actions
16:16:50.436 [JavaFX Application Thread] DEBUG WindowService        - Removing overlay from FXGLDefaultMenu and adding to FXGLLoadingScene
16:16:50.436 [JavaFX Application Thread] DEBUG MainWindow           - FXGLDefaultMenu -> FXGLLoadingScene
16:16:50.436 [JavaFX Application Thread] DEBUG WindowService        - Clearing previous game
16:16:50.436 [JavaFX Application Thread] DEBUG GameScene            - Clearing game scene
16:16:50.436 [JavaFX Application Thread] DEBUG GameWorld            - Clearing game world
16:16:50.436 [JavaFX Application Thread] DEBUG PhysicsWorld         - Clearing physics world
16:16:50.437 [FXGL Background Thread 1 ] DEBUG GameApplication      - Initializing game
16:16:50.444 [FXGL Background Thread 1 ] DEBUG AssetLoaderService   - Loading from file system: /assets/textures/spacebackground.png
16:16:50.480 [FXGL Background Thread 1 ] DEBUG AssetLoaderService   - Loading from file system: /assets/textures/smallspaceship.png
16:16:50.491 [FXGL Background Thread 1 ] INFO  GameApplication      - Game initialization took: 0.054 sec
16:16:50.491 [JavaFX Application Thread] DEBUG Input                - Clearing active input actions
16:16:50.496 [JavaFX Application Thread] DEBUG WindowService        - Removing overlay from FXGLLoadingScene and adding to GameScene
16:16:50.496 [JavaFX Application Thread] DEBUG MainWindow           - FXGLLoadingScene -> GameScene
16:16:51.740 [FXGL Background Thread 2 ] DEBUG Engine               - Logging environment variables
16:16:51.740 [FXGL Background Thread 2 ] DEBUG Engine               - achievements: []
16:16:51.740 [FXGL Background Thread 2 ] DEBUG Engine               - language: ObjectProperty [value: ENGLISH]
16:16:51.740 [FXGL Background Thread 2 ] DEBUG Engine               - isCloseConfirmation: false
16:16:51.740 [FXGL Background Thread 2 ] DEBUG Engine               - isProfilingEnabled: false
16:16:51.740 [FXGL Background Thread 2 ] DEBUG Engine               - soundNotification: core/notification.wav
16:16:51.740 [FXGL Background Thread 2 ] DEBUG Engine               - devShowBBoxProperty: BooleanProperty [value: false]
16:16:51.740 [FXGL Background Thread 2 ] DEBUG Engine               - pixelsPerMeter: 50.0
16:16:51.740 [FXGL Background Thread 2 ] DEBUG Engine               - appIcon: fxgl_icon.png
16:16:51.740 [FXGL Background Thread 2 ] DEBUG Engine               - soundMenuBack: menu/back.wav
16:16:51.740 [FXGL Background Thread 2 ] DEBUG Engine               - isFullScreenAllowed: false
16:16:51.740 [FXGL Background Thread 2 ] DEBUG Engine               - isIntroEnabled: false
16:16:51.740 [FXGL Background Thread 2 ] DEBUG Engine               - fontMono: lucida_console.ttf
16:16:51.740 [FXGL Background Thread 2 ] DEBUG Engine               - soundMenuSelect: menu/select.wav
16:16:51.740 [FXGL Background Thread 2 ] DEBUG Engine               - isWindows: true
16:16:51.740 [FXGL Background Thread 2 ] DEBUG Engine               - isUserProfileEnabled: false
16:16:51.740 [FXGL Background Thread 2 ] DEBUG Engine               - isMobile: false
16:16:51.740 [FXGL Background Thread 2 ] DEBUG Engine               - height: 1000
16:16:51.741 [FXGL Background Thread 2 ] DEBUG Engine               - isExperimentalNative: false
16:16:51.741 [FXGL Background Thread 2 ] DEBUG Engine               - settings: Title: Space Game
Version: 0.2
Width: 2000
Height: 1000
Fullscreen: false
Intro: false
Menus: true
Profiling: false
Single step:false
App Mode: DEVELOPER
Menu Key: ESCAPE
Stage Style: DECORATED
Scene Factory: class com.almasb.fxgl.app.scene.SceneFactory

16:16:51.741 [FXGL Background Thread 2 ] DEBUG Engine               - isSingleStep: false
16:16:51.741 [FXGL Background Thread 2 ] DEBUG Engine               - cSSList: [fxgl_dark.css]
16:16:51.741 [FXGL Background Thread 2 ] DEBUG Engine               - fontGame: Abel-Regular.ttf
16:16:51.741 [FXGL Background Thread 2 ] DEBUG Engine               - menuKey: ESCAPE
16:16:51.741 [FXGL Background Thread 2 ] DEBUG Engine               - devShowPositionProperty: BooleanProperty [value: false]
16:16:51.741 [FXGL Background Thread 2 ] DEBUG Engine               - versionCheckDays: 7
16:16:51.741 [FXGL Background Thread 2 ] DEBUG Engine               - configClass: Optional.empty
16:16:51.741 [FXGL Background Thread 2 ] DEBUG Engine               - isFullScreenFromStart: false
16:16:51.741 [FXGL Background Thread 2 ] DEBUG Engine               - version: 0.2
16:16:51.741 [FXGL Background Thread 2 ] DEBUG Engine               - fullScreen: BooleanProperty [value: false]
16:16:51.741 [FXGL Background Thread 2 ] DEBUG Engine               - randomSeed: -1
16:16:51.741 [FXGL Background Thread 2 ] DEBUG Engine               - gameDifficultyProperty: ObjectProperty [value: MEDIUM]
16:16:51.741 [FXGL Background Thread 2 ] DEBUG Engine               - applicationMode: DEVELOPER
16:16:51.741 [FXGL Background Thread 2 ] DEBUG Engine               - isMac: false
16:16:51.741 [FXGL Background Thread 2 ] DEBUG Engine               - isMenuEnabled: true
16:16:51.741 [FXGL Background Thread 2 ] DEBUG Engine               - urlPOM: https://raw.githubusercontent.com/AlmasB/FXGL/master/pom.xml
16:16:51.741 [FXGL Background Thread 2 ] DEBUG Engine               - profileName: StringProperty [value: DEFAULT]
16:16:51.741 [FXGL Background Thread 2 ] DEBUG Engine               - notificationViewClass: class com.almasb.fxgl.notification.view.XboxNotificationView
16:16:51.741 [FXGL Background Thread 2 ] DEBUG Engine               - devSensorColorProperty: ObjectProperty [value: 0xffff00ff]
16:16:51.741 [FXGL Background Thread 2 ] DEBUG Engine               - sceneFactory: com.almasb.fxgl.app.scene.SceneFactory@57d7e326
16:16:51.741 [FXGL Background Thread 2 ] DEBUG Engine               - stageStyle: DECORATED
16:16:51.741 [FXGL Background Thread 2 ] DEBUG Engine               - isManualResizeEnabled: false
16:16:51.742 [FXGL Background Thread 2 ] DEBUG Engine               - title: Space Game
16:16:51.742 [FXGL Background Thread 2 ] DEBUG Engine               - platform: WINDOWS
16:16:51.742 [FXGL Background Thread 2 ] DEBUG Engine               - devBBoxColorProperty: ObjectProperty [value: 0xff0000ff]
16:16:51.742 [FXGL Background Thread 2 ] DEBUG Engine               - gameDifficulty: MEDIUM
16:16:51.742 [FXGL Background Thread 2 ] DEBUG Engine               - isDesktop: true
16:16:51.742 [FXGL Background Thread 2 ] DEBUG Engine               - supportedLanguages: [ENGLISH, FRENCH, GERMAN, HUNGARIAN, RUSSIAN]
16:16:51.742 [FXGL Background Thread 2 ] DEBUG Engine               - credits: []
16:16:51.742 [FXGL Background Thread 2 ] DEBUG Engine               - globalMusicVolumeProperty: DoubleProperty [value: 0.5]
16:16:51.742 [FXGL Background Thread 2 ] DEBUG Engine               - isPreserveResizeRatio: false
16:16:51.742 [FXGL Background Thread 2 ] DEBUG Engine               - fontText: Courier-Prime.ttf
16:16:51.742 [FXGL Background Thread 2 ] DEBUG Engine               - isExperimentalTiledLargeMap: false
16:16:51.742 [FXGL Background Thread 2 ] DEBUG Engine               - secondsIn24h: 60
16:16:51.742 [FXGL Background Thread 2 ] DEBUG Engine               - runtimeInfo: RuntimeInfo(platform=WINDOWS, version=11.8, build=08.03.2020 09.09)
16:16:51.742 [FXGL Background Thread 2 ] DEBUG Engine               - soundMenuPress: menu/press.wav
16:16:51.742 [FXGL Background Thread 2 ] DEBUG Engine               - isLinux: false
16:16:51.742 [FXGL Background Thread 2 ] DEBUG Engine               - urlGithub: https://github.com/AlmasB/FXGL
16:16:51.742 [FXGL Background Thread 2 ] DEBUG Engine               - profileDir: profiles/
16:16:51.742 [FXGL Background Thread 2 ] DEBUG Engine               - isDeveloperMenuEnabled: false
16:16:51.742 [FXGL Background Thread 2 ] DEBUG Engine               - globalSoundVolumeProperty: DoubleProperty [value: 0.5]
16:16:51.742 [FXGL Background Thread 2 ] DEBUG Engine               - mainWindow: com.almasb.fxgl.app.MainWindow@53e87d04
16:16:51.742 [FXGL Background Thread 2 ] DEBUG Engine               - isBrowser: false
16:16:51.742 [FXGL Background Thread 2 ] DEBUG Engine               - urlLeaderboard: http://fxgl-top.herokuapp.com/
16:16:51.742 [FXGL Background Thread 2 ] DEBUG Engine               - globalSoundVolume: 0.5
16:16:51.742 [FXGL Background Thread 2 ] DEBUG Engine               - engineServices: [class com.almasb.fxgl.app.GameApplication$GameApplicationService, class com.almasb.fxgl.app.services.WindowService, class com.almasb.fxgl.app.services.FXGLDialogService, class com.almasb.fxgl.app.services.IOTaskExecutorService, class com.almasb.fxgl.event.EventBusService, class com.almasb.fxgl.io.FileSystemService, class com.almasb.fxgl.localization.LocalizationService, class com.almasb.fxgl.app.services.AssetLoaderService, class com.almasb.fxgl.app.services.SystemBundleService, class com.almasb.fxgl.profile.SaveLoadService, class com.almasb.fxgl.ui.FXGLUIFactoryServiceProvider, class com.almasb.fxgl.ui.FXGLDialogFactoryServiceProvider, class com.almasb.fxgl.audio.AudioPlayer, class com.almasb.fxgl.notification.impl.NotificationServiceProvider, class com.almasb.fxgl.achievement.AchievementService, class com.almasb.fxgl.cutscene.CutsceneService, class com.almasb.fxgl.minigames.MiniGameService, class com.almasb.fxgl.net.NetService, class com.almasb.fxgl.app.services.UpdaterService]
16:16:51.742 [FXGL Background Thread 2 ] DEBUG Engine               - globalMusicVolume: 0.5
16:16:51.742 [FXGL Background Thread 2 ] DEBUG Engine               - width: 2000
16:16:51.742 [FXGL Background Thread 2 ] DEBUG Engine               - saveFileExt: sav
16:16:51.743 [FXGL Background Thread 2 ] DEBUG Engine               - isAndroid: false
16:16:51.743 [FXGL Background Thread 2 ] DEBUG Engine               - fontUI: VarelaRound-Regular.ttf
16:16:51.743 [FXGL Background Thread 2 ] DEBUG Engine               - enabledMenuItems: []
16:16:51.743 [FXGL Background Thread 2 ] DEBUG Engine               - isIOS: false
16:16:51.743 [FXGL Background Thread 2 ] DEBUG Engine               - Logging services
16:16:51.743 [FXGL Background Thread 2 ] DEBUG Engine               - class com.almasb.fxgl.app.GameApplication$GameApplicationService
16:16:51.743 [FXGL Background Thread 2 ] DEBUG Engine               - class com.almasb.fxgl.app.services.WindowService
16:16:51.743 [FXGL Background Thread 2 ] DEBUG Engine               - class com.almasb.fxgl.app.services.FXGLDialogService
16:16:51.747 [FXGL Background Thread 2 ] DEBUG Engine               - class com.almasb.fxgl.app.services.IOTaskExecutorService
16:16:51.747 [FXGL Background Thread 2 ] DEBUG Engine               - class com.almasb.fxgl.event.EventBusService
16:16:51.748 [FXGL Background Thread 2 ] DEBUG Engine               - class com.almasb.fxgl.io.FileSystemService
16:16:51.748 [FXGL Background Thread 2 ] DEBUG Engine               - class com.almasb.fxgl.localization.LocalizationService
16:16:51.748 [FXGL Background Thread 2 ] DEBUG Engine               - class com.almasb.fxgl.app.services.AssetLoaderService
16:16:51.748 [FXGL Background Thread 2 ] DEBUG Engine               - class com.almasb.fxgl.app.services.SystemBundleService
16:16:51.748 [FXGL Background Thread 2 ] DEBUG Engine               - class com.almasb.fxgl.profile.SaveLoadService
16:16:51.748 [FXGL Background Thread 2 ] DEBUG Engine               - class com.almasb.fxgl.ui.FXGLUIFactoryServiceProvider
16:16:51.748 [FXGL Background Thread 2 ] DEBUG Engine               - class com.almasb.fxgl.ui.FXGLDialogFactoryServiceProvider
16:16:51.748 [FXGL Background Thread 2 ] DEBUG Engine               - class com.almasb.fxgl.audio.AudioPlayer
16:16:51.748 [FXGL Background Thread 2 ] DEBUG Engine               - class com.almasb.fxgl.notification.impl.NotificationServiceProvider
16:16:51.748 [FXGL Background Thread 2 ] DEBUG Engine               - class com.almasb.fxgl.achievement.AchievementService
16:16:51.748 [FXGL Background Thread 2 ] DEBUG Engine               - class com.almasb.fxgl.cutscene.CutsceneService
16:16:51.748 [FXGL Background Thread 2 ] DEBUG Engine               - class com.almasb.fxgl.minigames.MiniGameService
16:16:51.748 [FXGL Background Thread 2 ] DEBUG Engine               - class com.almasb.fxgl.net.NetService
16:16:51.748 [FXGL Background Thread 2 ] DEBUG Engine               - class com.almasb.fxgl.app.services.UpdaterService
16:16:51.868 [JavaFX Application Thread] DEBUG AssetLoaderService   - Loading from file system: /assets/textures/projectile.png
16:16:52.033 [JavaFX Application Thread] DEBUG AssetLoaderService   - Loading from cache: /assets/textures/projectile.png
16:16:52.225 [JavaFX Application Thread] DEBUG AssetLoaderService   - Loading from cache: /assets/textures/projectile.png
16:16:52.412 [JavaFX Application Thread] DEBUG AssetLoaderService   - Loading from cache: /assets/textures/projectile.png
16:16:52.604 [JavaFX Application Thread] DEBUG AssetLoaderService   - Loading from cache: /assets/textures/projectile.png
16:16:52.938 [JavaFX Application Thread] DEBUG AssetLoaderService   - Loading from cache: /assets/textures/projectile.png
16:16:52.995 [JavaFX Application Thread] DEBUG AssetLoaderService   - Loading from file system: /assets/textures/smallasteroid.png
16:16:53.153 [JavaFX Application Thread] DEBUG AssetLoaderService   - Loading from cache: /assets/textures/projectile.png
16:16:53.245 [JavaFX Application Thread] DEBUG AssetLoaderService   - Loading from cache: /assets/textures/smallasteroid.png
16:16:53.377 [JavaFX Application Thread] DEBUG AssetLoaderService   - Loading from cache: /assets/textures/projectile.png
16:16:53.984 [JavaFX Application Thread] DEBUG AssetLoaderService   - Loading from cache: /assets/textures/projectile.png
16:16:54.297 [JavaFX Application Thread] DEBUG AssetLoaderService   - Loading from cache: /assets/textures/projectile.png
16:16:54.657 [JavaFX Application Thread] DEBUG AssetLoaderService   - Loading from cache: /assets/textures/projectile.png
16:16:54.905 [JavaFX Application Thread] DEBUG AssetLoaderService   - Loading from cache: /assets/textures/projectile.png
16:16:55.081 [JavaFX Application Thread] DEBUG AssetLoaderService   - Loading from cache: /assets/textures/projectile.png
16:16:55.245 [JavaFX Application Thread] DEBUG AssetLoaderService   - Loading from cache: /assets/textures/smallasteroid.png
16:16:55.280 [JavaFX Application Thread] DEBUG AssetLoaderService   - Loading from cache: /assets/textures/projectile.png
16:16:55.657 [JavaFX Application Thread] DEBUG AssetLoaderService   - Loading from cache: /assets/textures/projectile.png
16:16:55.745 [JavaFX Application Thread] DEBUG AssetLoaderService   - Loading from cache: /assets/textures/smallasteroid.png
16:16:55.849 [JavaFX Application Thread] DEBUG AssetLoaderService   - Loading from cache: /assets/textures/projectile.png
16:16:56.080 [JavaFX Application Thread] DEBUG AssetLoaderService   - Loading from cache: /assets/textures/projectile.png
16:16:56.273 [JavaFX Application Thread] DEBUG AssetLoaderService   - Loading from cache: /assets/textures/projectile.png
16:16:56.449 [JavaFX Application Thread] DEBUG AssetLoaderService   - Loading from cache: /assets/textures/projectile.png
16:16:56.641 [JavaFX Application Thread] DEBUG AssetLoaderService   - Loading from cache: /assets/textures/projectile.png
16:16:56.721 [JavaFX Application Thread] DEBUG AssetLoaderService   - Loading from file system: /assets/textures/explosion.png
16:16:56.813 [JavaFX Application Thread] DEBUG AssetLoaderService   - Loading from cache: /assets/textures/projectile.png
16:16:56.954 [JavaFX Application Thread] DEBUG AssetLoaderService   - Loading from cache: /assets/textures/projectile.png
16:16:57.196 [JavaFX Application Thread] DEBUG AssetLoaderService   - Loading from cache: /assets/textures/projectile.png
16:16:57.405 [JavaFX Application Thread] DEBUG AssetLoaderService   - Loading from cache: /assets/textures/projectile.png
16:16:57.493 [JavaFX Application Thread] DEBUG AssetLoaderService   - Loading from cache: /assets/textures/smallasteroid.png
16:16:57.601 [JavaFX Application Thread] DEBUG AssetLoaderService   - Loading from cache: /assets/textures/projectile.png
16:16:57.793 [JavaFX Application Thread] DEBUG AssetLoaderService   - Loading from cache: /assets/textures/projectile.png
16:16:57.969 [JavaFX Application Thread] DEBUG AssetLoaderService   - Loading from cache: /assets/textures/projectile.png
16:16:58.171 [JavaFX Application Thread] DEBUG AssetLoaderService   - Loading from cache: /assets/textures/projectile.png
16:16:58.246 [JavaFX Application Thread] DEBUG AssetLoaderService   - Loading from cache: /assets/textures/smallasteroid.png
16:16:58.346 [JavaFX Application Thread] DEBUG AssetLoaderService   - Loading from cache: /assets/textures/projectile.png
16:16:58.521 [JavaFX Application Thread] DEBUG AssetLoaderService   - Loading from cache: /assets/textures/projectile.png
16:16:58.712 [JavaFX Application Thread] DEBUG AssetLoaderService   - Loading from cache: /assets/textures/projectile.png
16:16:58.906 [JavaFX Application Thread] DEBUG AssetLoaderService   - Loading from cache: /assets/textures/projectile.png
16:16:59.013 [JavaFX Application Thread] DEBUG AssetLoaderService   - Loading from cache: /assets/textures/explosion.png
16:16:59.112 [JavaFX Application Thread] DEBUG AssetLoaderService   - Loading from cache: /assets/textures/projectile.png
16:16:59.174 [JavaFX Application Thread] DEBUG AssetLoaderService   - Loading from cache: /assets/textures/explosion.png
16:16:59.297 [JavaFX Application Thread] DEBUG AssetLoaderService   - Loading from cache: /assets/textures/projectile.png
16:16:59.746 [JavaFX Application Thread] DEBUG AssetLoaderService   - Loading from cache: /assets/textures/smallasteroid.png
16:17:00.029 [JavaFX Application Thread] DEBUG Input                - Clearing active input actions
16:17:00.033 [JavaFX Application Thread] DEBUG WindowService        - Removing overlay from GameScene and adding to FXGLDefaultMenu
16:17:00.033 [JavaFX Application Thread] DEBUG MainWindow           - GameScene -> FXGLDefaultMenu
16:17:01.726 [JavaFX Application Thread] DEBUG Menu                 - fireExitToMainMenu()
16:17:01.727 [JavaFX Application Thread] DEBUG MainWindow           - Push state: DialogSubScene
16:17:01.727 [JavaFX Application Thread] DEBUG Input                - Clearing active input actions
16:17:01.729 [JavaFX Application Thread] DEBUG WindowService        - Removing overlay from FXGLDefaultMenu and adding to DialogSubScene
16:17:01.729 [JavaFX Application Thread] DEBUG MainWindow           - FXGLDefaultMenu -> DialogSubScene
16:17:02.375 [JavaFX Application Thread] DEBUG MainWindow           - Pop state: DialogSubScene
16:17:02.375 [JavaFX Application Thread] DEBUG Input                - Clearing active input actions
16:17:02.375 [JavaFX Application Thread] DEBUG WindowService        - Removing overlay from DialogSubScene and adding to FXGLDefaultMenu
16:17:02.375 [JavaFX Application Thread] DEBUG MainWindow           - FXGLDefaultMenu <- DialogSubScene
16:17:02.375 [JavaFX Application Thread] DEBUG Input                - Clearing active input actions
16:17:02.379 [JavaFX Application Thread] DEBUG WindowService        - Removing overlay from FXGLDefaultMenu and adding to FXGLDefaultMenu
16:17:02.379 [JavaFX Application Thread] DEBUG MainWindow           - FXGLDefaultMenu -> FXGLDefaultMenu
16:17:24.587 [JavaFX Application Thread] DEBUG Menu                 - fireExit()
16:17:24.588 [JavaFX Application Thread] DEBUG MainWindow           - Push state: DialogSubScene
16:17:24.588 [JavaFX Application Thread] DEBUG Input                - Clearing active input actions
16:17:24.588 [JavaFX Application Thread] DEBUG WindowService        - Removing overlay from FXGLDefaultMenu and adding to DialogSubScene
16:17:24.588 [JavaFX Application Thread] DEBUG MainWindow           - FXGLDefaultMenu -> DialogSubScene
16:17:25.073 [JavaFX Application Thread] DEBUG MainWindow           - Pop state: DialogSubScene
16:17:25.073 [JavaFX Application Thread] DEBUG Input                - Clearing active input actions
16:17:25.074 [JavaFX Application Thread] DEBUG WindowService        - Removing overlay from DialogSubScene and adding to FXGLDefaultMenu
16:17:25.074 [JavaFX Application Thread] DEBUG MainWindow           - FXGLDefaultMenu <- DialogSubScene
16:17:25.074 [JavaFX Application Thread] DEBUG GameApplication      - Exiting FXGL
16:17:25.074 [JavaFX Application Thread] DEBUG LoopRunner           - Stopping loop
16:17:25.074 [JavaFX Application Thread] DEBUG SystemBundleService  - Saving FXGL system data
16:17:25.075 [JavaFX Application Thread] DEBUG FileSystemAccess     - Writing to: C:\Users\xxdee\IdeaProjects\350FXGLjavagame\system\fxgl.bundle
16:17:25.076 [JavaFX Application Thread] DEBUG GameApplication      - Shutting down background threads
16:17:25.077 [JavaFX Application Thread] DEBUG GameApplication      - Closing logger and exiting JavaFX
