02:03:54.284 [main                     ] DEBUG GameApplication      - Logger initialized
02:03:54.309 [main                     ] DEBUG GameApplication      - Logging settings
Title: Space Game
Version: 0.1
Width: 2000
Height: 1000
Fullscreen: false
Intro: false
Menus: false
Profiling: false
Single step:false
App Mode: DEVELOPER
Menu Key: ESCAPE
Stage Style: DECORATED
Scene Factory: class com.almasb.fxgl.app.scene.SceneFactory

02:03:54.863 [JavaFX Application Thread] DEBUG GameApplication      - Initializing FXGL
02:03:54.879 [JavaFX Application Thread] INFO  Engine               - FXGL-11.8 (08.03.2020 09.09) on WINDOWS (J:11.0.12 FX:13.0.2)
02:03:54.880 [JavaFX Application Thread] INFO  Engine               - Source code and latest versions at: https://github.com/AlmasB/FXGL
02:03:54.880 [JavaFX Application Thread] INFO  Engine               -              Join the FXGL chat at: https://gitter.im/AlmasB/FXGL
02:03:55.074 [JavaFX Application Thread] DEBUG MainWindow           - Creating a JavaFX scene
02:03:55.074 [JavaFX Application Thread] DEBUG MainWindow           - Target size > screen size
02:03:55.190 [JavaFX Application Thread] DEBUG MainWindow           - Target settings size: 2000.0 x 1000.0
02:03:55.190 [JavaFX Application Thread] DEBUG MainWindow           - Scaled scene size:    1511.0 x 768.0
02:03:55.191 [JavaFX Application Thread] DEBUG MainWindow           - Scaled ratio: (0.7555, 0.768)
02:03:55.193 [JavaFX Application Thread] DEBUG MainWindow           - Set initial scene to FXGLStartupScene
02:03:55.202 [JavaFX Application Thread] DEBUG MainWindow           - Opening main window
02:03:55.310 [JavaFX Application Thread] DEBUG MainWindow           - Window border size: (14.5999755859375, 37.5999755859375)
02:03:55.311 [JavaFX Application Thread] DEBUG MainWindow           - Scaled size: 1511.0 x 768.0
02:03:55.311 [JavaFX Application Thread] DEBUG MainWindow           - Scaled ratio: (0.7555, 0.768)
02:03:55.311 [JavaFX Application Thread] DEBUG MainWindow           - Scene size: 1511.0 x 768.0
02:03:55.311 [JavaFX Application Thread] DEBUG MainWindow           - Stage size: 1525.5999755859375 x 805.5999755859375
02:03:55.323 [FXGL Background Thread 1 ] DEBUG Engine               - Initializing environment variables
02:03:55.361 [FXGL Background Thread 1 ] DEBUG WindowService        - Applying CSS: fxgl_dark.css
02:03:55.362 [FXGL Background Thread 1 ] DEBUG AssetLoaderService   - Loading from file system: /assets/ui/css/fxgl_dark.css
02:03:55.452 [FXGL Background Thread 1 ] DEBUG WindowService        - Initializing application scenes
02:03:55.511 [FXGL Background Thread 1 ] DEBUG GameWorld            - Game world initialized
02:03:55.585 [FXGL Background Thread 1 ] DEBUG PhysicsWorld         - Physics world initialized: appHeight=1000, physics.ppm=50.0
02:03:55.589 [FXGL Background Thread 1 ] DEBUG GameScene            - Game scene initialized: 2000x1000
02:03:55.607 [FXGL Background Thread 1 ] DEBUG Input                - Registered new binding: Resume - Esc
02:03:55.617 [FXGL Background Thread 1 ] DEBUG AssetLoaderService   - Loading from file system: /assets/textures/pause_menu_bg.png
02:03:55.685 [FXGL Background Thread 1 ] DEBUG Input                - Registered new binding: Pause - Esc
02:03:55.685 [FXGL Background Thread 1 ] DEBUG WindowService        - Application scenes initialized
02:03:55.701 [FXGL Background Thread 1 ] DEBUG SystemBundleService  - Loading FXGL system data
02:03:55.705 [FXGL Background Thread 1 ] DEBUG FileSystemAccess     - Reading from: C:\Users\dakot\IdeaProjects\350FXGLjavagame\system\fxgl.bundle
02:03:55.711 [FXGL Background Thread 1 ] DEBUG SystemBundleService  - Bundle FXGL: {}
02:03:55.711 [FXGL Background Thread 1 ] INFO  Engine               - FXGL initialization took: 0.387 sec
02:03:55.713 [FXGL Background Thread 1 ] DEBUG GameApplication      - Loading localizations
02:03:55.714 [FXGL Background Thread 1 ] DEBUG AssetLoaderService   - Loading from file system: /assets/properties/languages/english.properties
02:03:55.716 [FXGL Background Thread 1 ] DEBUG AssetLoaderService   - Loading from file system: /assets/properties/languages/french.properties
02:03:55.718 [FXGL Background Thread 1 ] DEBUG AssetLoaderService   - Loading from file system: /assets/properties/languages/german.properties
02:03:55.719 [FXGL Background Thread 1 ] DEBUG AssetLoaderService   - Loading from file system: /assets/properties/languages/hungarian.properties
02:03:55.721 [FXGL Background Thread 1 ] DEBUG AssetLoaderService   - Loading from file system: /assets/properties/languages/russian.properties
02:03:55.723 [FXGL Background Thread 1 ] DEBUG GameApplication      - Registering font factories with UI factory
02:03:55.723 [FXGL Background Thread 1 ] DEBUG AssetLoaderService   - Loading from file system: /assets/ui/fonts/VarelaRound-Regular.ttf
02:03:55.860 [FXGL Background Thread 1 ] DEBUG AssetLoaderService   - Loading from file system: /assets/ui/fonts/Abel-Regular.ttf
02:03:55.863 [FXGL Background Thread 1 ] DEBUG AssetLoaderService   - Loading from file system: /assets/ui/fonts/lucida_console.ttf
02:03:55.869 [FXGL Background Thread 1 ] DEBUG AssetLoaderService   - Loading from file system: /assets/ui/fonts/Courier-Prime.ttf
02:03:55.876 [JavaFX Application Thread] DEBUG Input                - Registered new binding: action0 - D
02:03:55.877 [JavaFX Application Thread] DEBUG Input                - Registered new binding: action1 - A
02:03:55.877 [JavaFX Application Thread] DEBUG Input                - Registered new binding: action2 - W
02:03:55.878 [JavaFX Application Thread] DEBUG Input                - Registered new binding: action3 - Space
02:03:55.878 [JavaFX Application Thread] DEBUG AssetLoaderService   - Loading from file system: /assets/textures/fxgl_icon.png
02:03:55.905 [JavaFX Application Thread] DEBUG AssetLoaderService   - Loading from file system: /assets/ui/cursors/fxgl_default.png
02:03:55.909 [JavaFX Application Thread] DEBUG Input                - Registered new binding: Screenshot - P
02:03:55.909 [JavaFX Application Thread] DEBUG Input                - Registered new binding: System info dump - CTRL+9
02:03:55.910 [JavaFX Application Thread] DEBUG Input                - Registered new binding: Restart - CTRL+R
02:03:55.911 [JavaFX Application Thread] DEBUG LoopRunner           - Starting loop
02:03:55.926 [JavaFX Application Thread] DEBUG FXGLStartupScene     - STARTUP
02:03:55.926 [JavaFX Application Thread] DEBUG WindowService        - Starting new game
02:03:55.930 [JavaFX Application Thread] DEBUG Input                - Clearing active input actions
02:03:55.947 [JavaFX Application Thread] DEBUG WindowService        - Removing overlay from FXGLStartupScene and adding to FXGLLoadingScene
02:03:55.948 [JavaFX Application Thread] DEBUG MainWindow           - FXGLStartupScene -> FXGLLoadingScene
02:03:55.948 [JavaFX Application Thread] DEBUG WindowService        - Clearing previous game
02:03:55.948 [JavaFX Application Thread] DEBUG GameScene            - Clearing game scene
02:03:55.948 [JavaFX Application Thread] DEBUG GameWorld            - Clearing game world
02:03:55.948 [JavaFX Application Thread] DEBUG PhysicsWorld         - Clearing physics world
02:03:55.951 [FXGL Background Thread 1 ] DEBUG GameApplication      - Initializing game
02:03:55.965 [FXGL Background Thread 1 ] DEBUG AssetLoaderService   - Loading from file system: /assets/textures/spacebackground.png
02:03:56.060 [FXGL Background Thread 1 ] DEBUG AssetLoaderService   - Loading from file system: /assets/textures/spaceship.png
02:03:56.072 [FXGL Background Thread 1 ] INFO  GameApplication      - Game initialization took: 0.121 sec
02:03:56.097 [JavaFX Application Thread] DEBUG Input                - Clearing active input actions
02:03:56.115 [JavaFX Application Thread] DEBUG WindowService        - Removing overlay from FXGLLoadingScene and adding to GameScene
02:03:56.115 [JavaFX Application Thread] DEBUG MainWindow           - FXGLLoadingScene -> GameScene
02:03:57.115 [JavaFX Application Thread] DEBUG AssetLoaderService   - Loading from file system: /assets/textures/projectile.png
02:03:58.331 [JavaFX Application Thread] DEBUG AssetLoaderService   - Loading from cache: /assets/textures/projectile.png
02:03:58.705 [JavaFX Application Thread] DEBUG AssetLoaderService   - Loading from cache: /assets/textures/projectile.png
02:03:58.713 [FXGL Background Thread 2 ] DEBUG Engine               - Logging environment variables
02:03:58.713 [FXGL Background Thread 2 ] DEBUG Engine               - achievements: []
02:03:58.714 [FXGL Background Thread 2 ] DEBUG Engine               - language: ObjectProperty [value: ENGLISH]
02:03:58.714 [FXGL Background Thread 2 ] DEBUG Engine               - isCloseConfirmation: false
02:03:58.714 [FXGL Background Thread 2 ] DEBUG Engine               - isProfilingEnabled: false
02:03:58.714 [FXGL Background Thread 2 ] DEBUG Engine               - soundNotification: core/notification.wav
02:03:58.715 [FXGL Background Thread 2 ] DEBUG Engine               - devShowBBoxProperty: BooleanProperty [value: false]
02:03:58.715 [FXGL Background Thread 2 ] DEBUG Engine               - pixelsPerMeter: 50.0
02:03:58.715 [FXGL Background Thread 2 ] DEBUG Engine               - soundMenuBack: menu/back.wav
02:03:58.716 [FXGL Background Thread 2 ] DEBUG Engine               - appIcon: fxgl_icon.png
02:03:58.716 [FXGL Background Thread 2 ] DEBUG Engine               - isFullScreenAllowed: false
02:03:58.716 [FXGL Background Thread 2 ] DEBUG Engine               - isIntroEnabled: false
02:03:58.716 [FXGL Background Thread 2 ] DEBUG Engine               - fontMono: lucida_console.ttf
02:03:58.717 [FXGL Background Thread 2 ] DEBUG Engine               - soundMenuSelect: menu/select.wav
02:03:58.717 [FXGL Background Thread 2 ] DEBUG Engine               - isWindows: true
02:03:58.717 [FXGL Background Thread 2 ] DEBUG Engine               - isMobile: false
02:03:58.718 [FXGL Background Thread 2 ] DEBUG Engine               - isUserProfileEnabled: false
02:03:58.718 [FXGL Background Thread 2 ] DEBUG Engine               - height: 1000
02:03:58.718 [FXGL Background Thread 2 ] DEBUG Engine               - isExperimentalNative: false
02:03:58.719 [FXGL Background Thread 2 ] DEBUG Engine               - settings: Title: Space Game
Version: 0.1
Width: 2000
Height: 1000
Fullscreen: false
Intro: false
Menus: false
Profiling: false
Single step:false
App Mode: DEVELOPER
Menu Key: ESCAPE
Stage Style: DECORATED
Scene Factory: class com.almasb.fxgl.app.scene.SceneFactory

02:03:58.719 [FXGL Background Thread 2 ] DEBUG Engine               - isSingleStep: false
02:03:58.719 [FXGL Background Thread 2 ] DEBUG Engine               - cSSList: [fxgl_dark.css]
02:03:58.719 [FXGL Background Thread 2 ] DEBUG Engine               - fontGame: Abel-Regular.ttf
02:03:58.720 [FXGL Background Thread 2 ] DEBUG Engine               - menuKey: ESCAPE
02:03:58.720 [FXGL Background Thread 2 ] DEBUG Engine               - devShowPositionProperty: BooleanProperty [value: false]
02:03:58.720 [FXGL Background Thread 2 ] DEBUG Engine               - versionCheckDays: 7
02:03:58.721 [FXGL Background Thread 2 ] DEBUG Engine               - configClass: Optional.empty
02:03:58.721 [FXGL Background Thread 2 ] DEBUG Engine               - isFullScreenFromStart: false
02:03:58.721 [FXGL Background Thread 2 ] DEBUG Engine               - version: 0.1
02:03:58.722 [FXGL Background Thread 2 ] DEBUG Engine               - fullScreen: BooleanProperty [value: false]
02:03:58.722 [FXGL Background Thread 2 ] DEBUG Engine               - randomSeed: -1
02:03:58.723 [FXGL Background Thread 2 ] DEBUG Engine               - gameDifficultyProperty: ObjectProperty [value: MEDIUM]
02:03:58.723 [FXGL Background Thread 2 ] DEBUG Engine               - applicationMode: DEVELOPER
02:03:58.723 [FXGL Background Thread 2 ] DEBUG Engine               - isMac: false
02:03:58.723 [FXGL Background Thread 2 ] DEBUG Engine               - isMenuEnabled: false
02:03:58.724 [FXGL Background Thread 2 ] DEBUG Engine               - urlPOM: https://raw.githubusercontent.com/AlmasB/FXGL/master/pom.xml
02:03:58.724 [FXGL Background Thread 2 ] DEBUG Engine               - profileName: StringProperty [value: DEFAULT]
02:03:58.724 [FXGL Background Thread 2 ] DEBUG Engine               - notificationViewClass: class com.almasb.fxgl.notification.view.XboxNotificationView
02:03:58.725 [FXGL Background Thread 2 ] DEBUG Engine               - devSensorColorProperty: ObjectProperty [value: 0xffff00ff]
02:03:58.725 [FXGL Background Thread 2 ] DEBUG Engine               - sceneFactory: com.almasb.fxgl.app.scene.SceneFactory@12bbea98
02:03:58.725 [FXGL Background Thread 2 ] DEBUG Engine               - stageStyle: DECORATED
02:03:58.726 [FXGL Background Thread 2 ] DEBUG Engine               - isManualResizeEnabled: false
02:03:58.726 [FXGL Background Thread 2 ] DEBUG Engine               - title: Space Game
02:03:58.726 [FXGL Background Thread 2 ] DEBUG Engine               - platform: WINDOWS
02:03:58.727 [FXGL Background Thread 2 ] DEBUG Engine               - devBBoxColorProperty: ObjectProperty [value: 0xff0000ff]
02:03:58.727 [FXGL Background Thread 2 ] DEBUG Engine               - gameDifficulty: MEDIUM
02:03:58.727 [FXGL Background Thread 2 ] DEBUG Engine               - isDesktop: true
02:03:58.727 [FXGL Background Thread 2 ] DEBUG Engine               - supportedLanguages: [ENGLISH, FRENCH, GERMAN, HUNGARIAN, RUSSIAN]
02:03:58.728 [FXGL Background Thread 2 ] DEBUG Engine               - credits: []
02:03:58.728 [FXGL Background Thread 2 ] DEBUG Engine               - globalMusicVolumeProperty: DoubleProperty [value: 0.5]
02:03:58.728 [FXGL Background Thread 2 ] DEBUG Engine               - isPreserveResizeRatio: false
02:03:58.729 [FXGL Background Thread 2 ] DEBUG Engine               - fontText: Courier-Prime.ttf
02:03:58.729 [FXGL Background Thread 2 ] DEBUG Engine               - isExperimentalTiledLargeMap: false
02:03:58.729 [FXGL Background Thread 2 ] DEBUG Engine               - secondsIn24h: 60
02:03:58.729 [FXGL Background Thread 2 ] DEBUG Engine               - runtimeInfo: RuntimeInfo(platform=WINDOWS, version=11.8, build=08.03.2020 09.09)
02:03:58.730 [FXGL Background Thread 2 ] DEBUG Engine               - isLinux: false
02:03:58.730 [FXGL Background Thread 2 ] DEBUG Engine               - soundMenuPress: menu/press.wav
02:03:58.730 [FXGL Background Thread 2 ] DEBUG Engine               - urlGithub: https://github.com/AlmasB/FXGL
02:03:58.731 [FXGL Background Thread 2 ] DEBUG Engine               - profileDir: profiles/
02:03:58.732 [FXGL Background Thread 2 ] DEBUG Engine               - isDeveloperMenuEnabled: false
02:03:58.732 [FXGL Background Thread 2 ] DEBUG Engine               - globalSoundVolumeProperty: DoubleProperty [value: 0.5]
02:03:58.732 [FXGL Background Thread 2 ] DEBUG Engine               - mainWindow: com.almasb.fxgl.app.MainWindow@16847c17
02:03:58.732 [FXGL Background Thread 2 ] DEBUG Engine               - isBrowser: false
02:03:58.732 [FXGL Background Thread 2 ] DEBUG Engine               - urlLeaderboard: http://fxgl-top.herokuapp.com/
02:03:58.732 [FXGL Background Thread 2 ] DEBUG Engine               - globalSoundVolume: 0.5
02:03:58.732 [FXGL Background Thread 2 ] DEBUG Engine               - engineServices: [class com.almasb.fxgl.app.GameApplication$GameApplicationService, class com.almasb.fxgl.app.services.WindowService, class com.almasb.fxgl.app.services.FXGLDialogService, class com.almasb.fxgl.app.services.IOTaskExecutorService, class com.almasb.fxgl.event.EventBusService, class com.almasb.fxgl.io.FileSystemService, class com.almasb.fxgl.localization.LocalizationService, class com.almasb.fxgl.app.services.AssetLoaderService, class com.almasb.fxgl.app.services.SystemBundleService, class com.almasb.fxgl.profile.SaveLoadService, class com.almasb.fxgl.ui.FXGLUIFactoryServiceProvider, class com.almasb.fxgl.ui.FXGLDialogFactoryServiceProvider, class com.almasb.fxgl.audio.AudioPlayer, class com.almasb.fxgl.notification.impl.NotificationServiceProvider, class com.almasb.fxgl.achievement.AchievementService, class com.almasb.fxgl.cutscene.CutsceneService, class com.almasb.fxgl.minigames.MiniGameService, class com.almasb.fxgl.net.NetService, class com.almasb.fxgl.app.services.UpdaterService]
02:03:58.733 [FXGL Background Thread 2 ] DEBUG Engine               - globalMusicVolume: 0.5
02:03:58.733 [FXGL Background Thread 2 ] DEBUG Engine               - width: 2000
02:03:58.733 [FXGL Background Thread 2 ] DEBUG Engine               - saveFileExt: sav
02:03:58.733 [FXGL Background Thread 2 ] DEBUG Engine               - isAndroid: false
02:03:58.734 [FXGL Background Thread 2 ] DEBUG Engine               - fontUI: VarelaRound-Regular.ttf
02:03:58.734 [FXGL Background Thread 2 ] DEBUG Engine               - enabledMenuItems: []
02:03:58.735 [FXGL Background Thread 2 ] DEBUG Engine               - isIOS: false
02:03:58.735 [FXGL Background Thread 2 ] DEBUG Engine               - Logging services
02:03:58.735 [FXGL Background Thread 2 ] DEBUG Engine               - class com.almasb.fxgl.app.GameApplication$GameApplicationService
02:03:58.735 [FXGL Background Thread 2 ] DEBUG Engine               - class com.almasb.fxgl.app.services.WindowService
02:03:58.736 [FXGL Background Thread 2 ] DEBUG Engine               - class com.almasb.fxgl.app.services.FXGLDialogService
02:03:58.736 [FXGL Background Thread 2 ] DEBUG Engine               - class com.almasb.fxgl.app.services.IOTaskExecutorService
02:03:58.736 [FXGL Background Thread 2 ] DEBUG Engine               - class com.almasb.fxgl.event.EventBusService
02:03:58.737 [FXGL Background Thread 2 ] DEBUG Engine               - class com.almasb.fxgl.io.FileSystemService
02:03:58.737 [FXGL Background Thread 2 ] DEBUG Engine               - class com.almasb.fxgl.localization.LocalizationService
02:03:58.737 [FXGL Background Thread 2 ] DEBUG Engine               - class com.almasb.fxgl.app.services.AssetLoaderService
02:03:58.737 [FXGL Background Thread 2 ] DEBUG Engine               - class com.almasb.fxgl.app.services.SystemBundleService
02:03:58.738 [FXGL Background Thread 2 ] DEBUG Engine               - class com.almasb.fxgl.profile.SaveLoadService
02:03:58.738 [FXGL Background Thread 2 ] DEBUG Engine               - class com.almasb.fxgl.ui.FXGLUIFactoryServiceProvider
02:03:58.738 [FXGL Background Thread 2 ] DEBUG Engine               - class com.almasb.fxgl.ui.FXGLDialogFactoryServiceProvider
02:03:58.739 [FXGL Background Thread 2 ] DEBUG Engine               - class com.almasb.fxgl.audio.AudioPlayer
02:03:58.739 [FXGL Background Thread 2 ] DEBUG Engine               - class com.almasb.fxgl.notification.impl.NotificationServiceProvider
02:03:58.739 [FXGL Background Thread 2 ] DEBUG Engine               - class com.almasb.fxgl.achievement.AchievementService
02:03:58.739 [FXGL Background Thread 2 ] DEBUG Engine               - class com.almasb.fxgl.cutscene.CutsceneService
02:03:58.740 [FXGL Background Thread 2 ] DEBUG Engine               - class com.almasb.fxgl.minigames.MiniGameService
02:03:58.740 [FXGL Background Thread 2 ] DEBUG Engine               - class com.almasb.fxgl.net.NetService
02:03:58.740 [FXGL Background Thread 2 ] DEBUG Engine               - class com.almasb.fxgl.app.services.UpdaterService
02:03:59.038 [JavaFX Application Thread] DEBUG AssetLoaderService   - Loading from cache: /assets/textures/projectile.png
02:03:59.263 [JavaFX Application Thread] DEBUG AssetLoaderService   - Loading from cache: /assets/textures/projectile.png
02:04:00.309 [JavaFX Application Thread] DEBUG AssetLoaderService   - Loading from cache: /assets/textures/projectile.png
02:04:00.508 [JavaFX Application Thread] DEBUG AssetLoaderService   - Loading from cache: /assets/textures/projectile.png
02:04:00.777 [JavaFX Application Thread] DEBUG AssetLoaderService   - Loading from cache: /assets/textures/projectile.png
02:04:01.041 [JavaFX Application Thread] DEBUG AssetLoaderService   - Loading from file system: /assets/textures/asteroid.png
02:04:01.056 [JavaFX Application Thread] DEBUG AssetLoaderService   - Loading from cache: /assets/textures/asteroid.png
02:04:01.127 [JavaFX Application Thread] DEBUG AssetLoaderService   - Loading from cache: /assets/textures/projectile.png
02:04:01.323 [JavaFX Application Thread] DEBUG AssetLoaderService   - Loading from cache: /assets/textures/projectile.png
02:04:02.140 [JavaFX Application Thread] DEBUG AssetLoaderService   - Loading from cache: /assets/textures/projectile.png
02:04:02.325 [JavaFX Application Thread] DEBUG AssetLoaderService   - Loading from cache: /assets/textures/projectile.png
02:04:03.195 [JavaFX Application Thread] DEBUG AssetLoaderService   - Loading from cache: /assets/textures/projectile.png
02:04:03.573 [JavaFX Application Thread] DEBUG AssetLoaderService   - Loading from cache: /assets/textures/projectile.png
02:04:04.007 [JavaFX Application Thread] DEBUG AssetLoaderService   - Loading from cache: /assets/textures/projectile.png
02:04:04.448 [JavaFX Application Thread] DEBUG AssetLoaderService   - Loading from cache: /assets/textures/projectile.png
02:04:04.895 [JavaFX Application Thread] DEBUG AssetLoaderService   - Loading from cache: /assets/textures/projectile.png
02:04:05.112 [JavaFX Application Thread] DEBUG AssetLoaderService   - Loading from cache: /assets/textures/projectile.png
02:04:05.291 [JavaFX Application Thread] DEBUG AssetLoaderService   - Loading from cache: /assets/textures/projectile.png
02:04:06.046 [JavaFX Application Thread] DEBUG AssetLoaderService   - Loading from cache: /assets/textures/asteroid.png
02:04:06.049 [JavaFX Application Thread] DEBUG AssetLoaderService   - Loading from cache: /assets/textures/asteroid.png
02:04:08.560 [JavaFX Application Thread] DEBUG GameApplication      - Exiting FXGL
02:04:08.561 [JavaFX Application Thread] DEBUG LoopRunner           - Stopping loop
02:04:08.561 [JavaFX Application Thread] DEBUG SystemBundleService  - Saving FXGL system data
02:04:08.567 [JavaFX Application Thread] DEBUG FileSystemAccess     - Writing to: C:\Users\dakot\IdeaProjects\350FXGLjavagame\system\fxgl.bundle
02:04:08.573 [JavaFX Application Thread] DEBUG GameApplication      - Shutting down background threads
02:04:08.573 [JavaFX Application Thread] DEBUG GameApplication      - Closing logger and exiting JavaFX
