19:37:12.394 [main                     ] DEBUG GameApplication      - Logger initialized
19:37:12.406 [main                     ] DEBUG GameApplication      - Logging settings
Title: Space Game
Version: 0.1
Width: 2000
Height: 1000
Fullscreen: false
Intro: false
Menus: false
Profiling: false
Single step:false
App Mode: DEVELOPER
Menu Key: ESCAPE
Stage Style: DECORATED
Scene Factory: class com.almasb.fxgl.app.scene.SceneFactory

19:37:12.724 [JavaFX Application Thread] DEBUG GameApplication      - Initializing FXGL
19:37:12.731 [JavaFX Application Thread] INFO  Engine               - FXGL-11.8 (08.03.2020 09.09) on WINDOWS (J:11.0.8 FX:13.0.2)
19:37:12.731 [JavaFX Application Thread] INFO  Engine               - Source code and latest versions at: https://github.com/AlmasB/FXGL
19:37:12.731 [JavaFX Application Thread] INFO  Engine               -              Join the FXGL chat at: https://gitter.im/AlmasB/FXGL
19:37:12.815 [JavaFX Application Thread] DEBUG MainWindow           - Creating a JavaFX scene
19:37:12.816 [JavaFX Application Thread] DEBUG MainWindow           - Target size > screen size
19:37:12.868 [JavaFX Application Thread] DEBUG MainWindow           - Target settings size: 2000.0 x 1000.0
19:37:12.868 [JavaFX Application Thread] DEBUG MainWindow           - Scaled scene size:    1895.0 x 960.0
19:37:12.868 [JavaFX Application Thread] DEBUG MainWindow           - Scaled ratio: (0.9475, 0.96)
19:37:12.869 [JavaFX Application Thread] DEBUG MainWindow           - Set initial scene to FXGLStartupScene
19:37:12.874 [JavaFX Application Thread] DEBUG MainWindow           - Opening main window
19:37:12.931 [JavaFX Application Thread] DEBUG MainWindow           - Window border size: (16.0, 39.0)
19:37:12.931 [JavaFX Application Thread] DEBUG MainWindow           - Scaled size: 1895.0 x 960.0
19:37:12.931 [JavaFX Application Thread] DEBUG MainWindow           - Scaled ratio: (0.9475, 0.96)
19:37:12.931 [JavaFX Application Thread] DEBUG MainWindow           - Scene size: 1895.0 x 960.0
19:37:12.931 [JavaFX Application Thread] DEBUG MainWindow           - Stage size: 1911.0 x 999.0
19:37:12.936 [FXGL Background Thread 1 ] DEBUG Engine               - Initializing environment variables
19:37:12.951 [FXGL Background Thread 1 ] DEBUG WindowService        - Applying CSS: fxgl_dark.css
19:37:12.952 [FXGL Background Thread 1 ] DEBUG AssetLoaderService   - Loading from file system: /assets/ui/css/fxgl_dark.css
19:37:12.981 [FXGL Background Thread 1 ] DEBUG WindowService        - Initializing application scenes
19:37:13.009 [FXGL Background Thread 1 ] DEBUG GameWorld            - Game world initialized
19:37:13.033 [FXGL Background Thread 1 ] DEBUG PhysicsWorld         - Physics world initialized: appHeight=1000, physics.ppm=50.0
19:37:13.035 [FXGL Background Thread 1 ] DEBUG GameScene            - Game scene initialized: 2000x1000
19:37:13.041 [FXGL Background Thread 1 ] DEBUG Input                - Registered new binding: Resume - Esc
19:37:13.044 [FXGL Background Thread 1 ] DEBUG AssetLoaderService   - Loading from file system: /assets/textures/pause_menu_bg.png
19:37:13.078 [FXGL Background Thread 1 ] DEBUG Input                - Registered new binding: Pause - Esc
19:37:13.078 [FXGL Background Thread 1 ] DEBUG WindowService        - Application scenes initialized
19:37:13.084 [FXGL Background Thread 1 ] DEBUG SystemBundleService  - Loading FXGL system data
19:37:13.086 [FXGL Background Thread 1 ] DEBUG FileSystemAccess     - Reading from: C:\Users\xxdee\IdeaProjects\350FXGLjavagame\system\fxgl.bundle
19:37:13.089 [FXGL Background Thread 1 ] DEBUG SystemBundleService  - Bundle FXGL: {}
19:37:13.089 [FXGL Background Thread 1 ] INFO  Engine               - FXGL initialization took: 0.152 sec
19:37:13.090 [FXGL Background Thread 1 ] DEBUG GameApplication      - Loading localizations
19:37:13.091 [FXGL Background Thread 1 ] DEBUG AssetLoaderService   - Loading from file system: /assets/properties/languages/english.properties
19:37:13.092 [FXGL Background Thread 1 ] DEBUG AssetLoaderService   - Loading from file system: /assets/properties/languages/french.properties
19:37:13.092 [FXGL Background Thread 1 ] DEBUG AssetLoaderService   - Loading from file system: /assets/properties/languages/german.properties
19:37:13.093 [FXGL Background Thread 1 ] DEBUG AssetLoaderService   - Loading from file system: /assets/properties/languages/hungarian.properties
19:37:13.094 [FXGL Background Thread 1 ] DEBUG AssetLoaderService   - Loading from file system: /assets/properties/languages/russian.properties
19:37:13.095 [FXGL Background Thread 1 ] DEBUG GameApplication      - Registering font factories with UI factory
19:37:13.095 [FXGL Background Thread 1 ] DEBUG AssetLoaderService   - Loading from file system: /assets/ui/fonts/VarelaRound-Regular.ttf
19:37:13.263 [FXGL Background Thread 1 ] DEBUG AssetLoaderService   - Loading from file system: /assets/ui/fonts/Abel-Regular.ttf
19:37:13.265 [FXGL Background Thread 1 ] DEBUG AssetLoaderService   - Loading from file system: /assets/ui/fonts/lucida_console.ttf
19:37:13.268 [FXGL Background Thread 1 ] DEBUG AssetLoaderService   - Loading from file system: /assets/ui/fonts/Courier-Prime.ttf
19:37:13.271 [JavaFX Application Thread] DEBUG AssetLoaderService   - Loading from file system: /assets/textures/fxgl_icon.png
19:37:13.284 [JavaFX Application Thread] DEBUG AssetLoaderService   - Loading from file system: /assets/ui/cursors/fxgl_default.png
19:37:13.285 [JavaFX Application Thread] DEBUG Input                - Registered new binding: Screenshot - P
19:37:13.286 [JavaFX Application Thread] DEBUG Input                - Registered new binding: System info dump - CTRL+9
19:37:13.286 [JavaFX Application Thread] DEBUG Input                - Registered new binding: Restart - CTRL+R
19:37:13.286 [JavaFX Application Thread] DEBUG LoopRunner           - Starting loop
19:37:13.297 [JavaFX Application Thread] DEBUG FXGLStartupScene     - STARTUP
19:37:13.297 [JavaFX Application Thread] DEBUG WindowService        - Starting new game
19:37:13.299 [JavaFX Application Thread] DEBUG Input                - Clearing active input actions
19:37:13.306 [JavaFX Application Thread] DEBUG WindowService        - Removing overlay from FXGLStartupScene and adding to FXGLLoadingScene
19:37:13.306 [JavaFX Application Thread] DEBUG MainWindow           - FXGLStartupScene -> FXGLLoadingScene
19:37:13.306 [JavaFX Application Thread] DEBUG WindowService        - Clearing previous game
19:37:13.306 [JavaFX Application Thread] DEBUG GameScene            - Clearing game scene
19:37:13.306 [JavaFX Application Thread] DEBUG GameWorld            - Clearing game world
19:37:13.306 [JavaFX Application Thread] DEBUG PhysicsWorld         - Clearing physics world
19:37:13.307 [FXGL Background Thread 1 ] DEBUG GameApplication      - Initializing game
19:37:13.313 [FXGL Background Thread 1 ] DEBUG AssetLoaderService   - Loading from file system: /assets/textures/spaceship.png
19:37:13.318 [FXGL Background Thread 1 ] INFO  GameApplication      - Game initialization took: 0.011 sec
19:37:13.330 [JavaFX Application Thread] DEBUG Input                - Clearing active input actions
19:37:13.335 [JavaFX Application Thread] DEBUG WindowService        - Removing overlay from FXGLLoadingScene and adding to GameScene
19:37:13.335 [JavaFX Application Thread] DEBUG MainWindow           - FXGLLoadingScene -> GameScene
19:37:16.090 [FXGL Background Thread 2 ] DEBUG Engine               - Logging environment variables
19:37:16.090 [FXGL Background Thread 2 ] DEBUG Engine               - achievements: []
19:37:16.090 [FXGL Background Thread 2 ] DEBUG Engine               - language: ObjectProperty [value: ENGLISH]
19:37:16.090 [FXGL Background Thread 2 ] DEBUG Engine               - isCloseConfirmation: false
19:37:16.091 [FXGL Background Thread 2 ] DEBUG Engine               - isProfilingEnabled: false
19:37:16.091 [FXGL Background Thread 2 ] DEBUG Engine               - soundNotification: core/notification.wav
19:37:16.091 [FXGL Background Thread 2 ] DEBUG Engine               - devShowBBoxProperty: BooleanProperty [value: false]
19:37:16.091 [FXGL Background Thread 2 ] DEBUG Engine               - pixelsPerMeter: 50.0
19:37:16.091 [FXGL Background Thread 2 ] DEBUG Engine               - soundMenuBack: menu/back.wav
19:37:16.091 [FXGL Background Thread 2 ] DEBUG Engine               - appIcon: fxgl_icon.png
19:37:16.091 [FXGL Background Thread 2 ] DEBUG Engine               - isFullScreenAllowed: false
19:37:16.091 [FXGL Background Thread 2 ] DEBUG Engine               - isIntroEnabled: false
19:37:16.091 [FXGL Background Thread 2 ] DEBUG Engine               - fontMono: lucida_console.ttf
19:37:16.091 [FXGL Background Thread 2 ] DEBUG Engine               - soundMenuSelect: menu/select.wav
19:37:16.091 [FXGL Background Thread 2 ] DEBUG Engine               - isWindows: true
19:37:16.091 [FXGL Background Thread 2 ] DEBUG Engine               - isMobile: false
19:37:16.091 [FXGL Background Thread 2 ] DEBUG Engine               - isUserProfileEnabled: false
19:37:16.091 [FXGL Background Thread 2 ] DEBUG Engine               - height: 1000
19:37:16.091 [FXGL Background Thread 2 ] DEBUG Engine               - isExperimentalNative: false
19:37:16.091 [FXGL Background Thread 2 ] DEBUG Engine               - settings: Title: Space Game
Version: 0.1
Width: 2000
Height: 1000
Fullscreen: false
Intro: false
Menus: false
Profiling: false
Single step:false
App Mode: DEVELOPER
Menu Key: ESCAPE
Stage Style: DECORATED
Scene Factory: class com.almasb.fxgl.app.scene.SceneFactory

19:37:16.091 [FXGL Background Thread 2 ] DEBUG Engine               - isSingleStep: false
19:37:16.091 [FXGL Background Thread 2 ] DEBUG Engine               - cSSList: [fxgl_dark.css]
19:37:16.091 [FXGL Background Thread 2 ] DEBUG Engine               - fontGame: Abel-Regular.ttf
19:37:16.091 [FXGL Background Thread 2 ] DEBUG Engine               - menuKey: ESCAPE
19:37:16.091 [FXGL Background Thread 2 ] DEBUG Engine               - devShowPositionProperty: BooleanProperty [value: false]
19:37:16.092 [FXGL Background Thread 2 ] DEBUG Engine               - versionCheckDays: 7
19:37:16.092 [FXGL Background Thread 2 ] DEBUG Engine               - configClass: Optional.empty
19:37:16.092 [FXGL Background Thread 2 ] DEBUG Engine               - isFullScreenFromStart: false
19:37:16.092 [FXGL Background Thread 2 ] DEBUG Engine               - version: 0.1
19:37:16.092 [FXGL Background Thread 2 ] DEBUG Engine               - fullScreen: BooleanProperty [value: false]
19:37:16.092 [FXGL Background Thread 2 ] DEBUG Engine               - randomSeed: -1
19:37:16.092 [FXGL Background Thread 2 ] DEBUG Engine               - gameDifficultyProperty: ObjectProperty [value: MEDIUM]
19:37:16.092 [FXGL Background Thread 2 ] DEBUG Engine               - applicationMode: DEVELOPER
19:37:16.092 [FXGL Background Thread 2 ] DEBUG Engine               - isMac: false
19:37:16.092 [FXGL Background Thread 2 ] DEBUG Engine               - isMenuEnabled: false
19:37:16.092 [FXGL Background Thread 2 ] DEBUG Engine               - urlPOM: https://raw.githubusercontent.com/AlmasB/FXGL/master/pom.xml
19:37:16.092 [FXGL Background Thread 2 ] DEBUG Engine               - profileName: StringProperty [value: DEFAULT]
19:37:16.092 [FXGL Background Thread 2 ] DEBUG Engine               - notificationViewClass: class com.almasb.fxgl.notification.view.XboxNotificationView
19:37:16.092 [FXGL Background Thread 2 ] DEBUG Engine               - devSensorColorProperty: ObjectProperty [value: 0xffff00ff]
19:37:16.092 [FXGL Background Thread 2 ] DEBUG Engine               - sceneFactory: com.almasb.fxgl.app.scene.SceneFactory@50714f6d
19:37:16.092 [FXGL Background Thread 2 ] DEBUG Engine               - stageStyle: DECORATED
19:37:16.093 [FXGL Background Thread 2 ] DEBUG Engine               - isManualResizeEnabled: false
19:37:16.093 [FXGL Background Thread 2 ] DEBUG Engine               - title: Space Game
19:37:16.093 [FXGL Background Thread 2 ] DEBUG Engine               - platform: WINDOWS
19:37:16.093 [FXGL Background Thread 2 ] DEBUG Engine               - devBBoxColorProperty: ObjectProperty [value: 0xff0000ff]
19:37:16.093 [FXGL Background Thread 2 ] DEBUG Engine               - gameDifficulty: MEDIUM
19:37:16.093 [FXGL Background Thread 2 ] DEBUG Engine               - isDesktop: true
19:37:16.093 [FXGL Background Thread 2 ] DEBUG Engine               - supportedLanguages: [ENGLISH, FRENCH, GERMAN, HUNGARIAN, RUSSIAN]
19:37:16.093 [FXGL Background Thread 2 ] DEBUG Engine               - credits: []
19:37:16.093 [FXGL Background Thread 2 ] DEBUG Engine               - globalMusicVolumeProperty: DoubleProperty [value: 0.5]
19:37:16.093 [FXGL Background Thread 2 ] DEBUG Engine               - isPreserveResizeRatio: false
19:37:16.093 [FXGL Background Thread 2 ] DEBUG Engine               - fontText: Courier-Prime.ttf
19:37:16.093 [FXGL Background Thread 2 ] DEBUG Engine               - isExperimentalTiledLargeMap: false
19:37:16.093 [FXGL Background Thread 2 ] DEBUG Engine               - secondsIn24h: 60
19:37:16.093 [FXGL Background Thread 2 ] DEBUG Engine               - runtimeInfo: RuntimeInfo(platform=WINDOWS, version=11.8, build=08.03.2020 09.09)
19:37:16.093 [FXGL Background Thread 2 ] DEBUG Engine               - isLinux: false
19:37:16.093 [FXGL Background Thread 2 ] DEBUG Engine               - soundMenuPress: menu/press.wav
19:37:16.093 [FXGL Background Thread 2 ] DEBUG Engine               - urlGithub: https://github.com/AlmasB/FXGL
19:37:16.093 [FXGL Background Thread 2 ] DEBUG Engine               - profileDir: profiles/
19:37:16.093 [FXGL Background Thread 2 ] DEBUG Engine               - isDeveloperMenuEnabled: false
19:37:16.093 [FXGL Background Thread 2 ] DEBUG Engine               - globalSoundVolumeProperty: DoubleProperty [value: 0.5]
19:37:16.093 [FXGL Background Thread 2 ] DEBUG Engine               - mainWindow: com.almasb.fxgl.app.MainWindow@544ed1bb
19:37:16.093 [FXGL Background Thread 2 ] DEBUG Engine               - isBrowser: false
19:37:16.094 [FXGL Background Thread 2 ] DEBUG Engine               - urlLeaderboard: http://fxgl-top.herokuapp.com/
19:37:16.094 [FXGL Background Thread 2 ] DEBUG Engine               - globalSoundVolume: 0.5
19:37:16.094 [FXGL Background Thread 2 ] DEBUG Engine               - engineServices: [class com.almasb.fxgl.app.GameApplication$GameApplicationService, class com.almasb.fxgl.app.services.WindowService, class com.almasb.fxgl.app.services.FXGLDialogService, class com.almasb.fxgl.app.services.IOTaskExecutorService, class com.almasb.fxgl.event.EventBusService, class com.almasb.fxgl.io.FileSystemService, class com.almasb.fxgl.localization.LocalizationService, class com.almasb.fxgl.app.services.AssetLoaderService, class com.almasb.fxgl.app.services.SystemBundleService, class com.almasb.fxgl.profile.SaveLoadService, class com.almasb.fxgl.ui.FXGLUIFactoryServiceProvider, class com.almasb.fxgl.ui.FXGLDialogFactoryServiceProvider, class com.almasb.fxgl.audio.AudioPlayer, class com.almasb.fxgl.notification.impl.NotificationServiceProvider, class com.almasb.fxgl.achievement.AchievementService, class com.almasb.fxgl.cutscene.CutsceneService, class com.almasb.fxgl.minigames.MiniGameService, class com.almasb.fxgl.net.NetService, class com.almasb.fxgl.app.services.UpdaterService]
19:37:16.094 [FXGL Background Thread 2 ] DEBUG Engine               - globalMusicVolume: 0.5
19:37:16.094 [FXGL Background Thread 2 ] DEBUG Engine               - width: 2000
19:37:16.094 [FXGL Background Thread 2 ] DEBUG Engine               - saveFileExt: sav
19:37:16.094 [FXGL Background Thread 2 ] DEBUG Engine               - isAndroid: false
19:37:16.094 [FXGL Background Thread 2 ] DEBUG Engine               - fontUI: VarelaRound-Regular.ttf
19:37:16.094 [FXGL Background Thread 2 ] DEBUG Engine               - enabledMenuItems: []
19:37:16.094 [FXGL Background Thread 2 ] DEBUG Engine               - isIOS: false
19:37:16.094 [FXGL Background Thread 2 ] DEBUG Engine               - Logging services
19:37:16.094 [FXGL Background Thread 2 ] DEBUG Engine               - class com.almasb.fxgl.app.GameApplication$GameApplicationService
19:37:16.094 [FXGL Background Thread 2 ] DEBUG Engine               - class com.almasb.fxgl.app.services.WindowService
19:37:16.094 [FXGL Background Thread 2 ] DEBUG Engine               - class com.almasb.fxgl.app.services.FXGLDialogService
19:37:16.094 [FXGL Background Thread 2 ] DEBUG Engine               - class com.almasb.fxgl.app.services.IOTaskExecutorService
19:37:16.095 [FXGL Background Thread 2 ] DEBUG Engine               - class com.almasb.fxgl.event.EventBusService
19:37:16.095 [FXGL Background Thread 2 ] DEBUG Engine               - class com.almasb.fxgl.io.FileSystemService
19:37:16.095 [FXGL Background Thread 2 ] DEBUG Engine               - class com.almasb.fxgl.localization.LocalizationService
19:37:16.095 [FXGL Background Thread 2 ] DEBUG Engine               - class com.almasb.fxgl.app.services.AssetLoaderService
19:37:16.095 [FXGL Background Thread 2 ] DEBUG Engine               - class com.almasb.fxgl.app.services.SystemBundleService
19:37:16.095 [FXGL Background Thread 2 ] DEBUG Engine               - class com.almasb.fxgl.profile.SaveLoadService
19:37:16.095 [FXGL Background Thread 2 ] DEBUG Engine               - class com.almasb.fxgl.ui.FXGLUIFactoryServiceProvider
19:37:16.095 [FXGL Background Thread 2 ] DEBUG Engine               - class com.almasb.fxgl.ui.FXGLDialogFactoryServiceProvider
19:37:16.095 [FXGL Background Thread 2 ] DEBUG Engine               - class com.almasb.fxgl.audio.AudioPlayer
19:37:16.095 [FXGL Background Thread 2 ] DEBUG Engine               - class com.almasb.fxgl.notification.impl.NotificationServiceProvider
19:37:16.095 [FXGL Background Thread 2 ] DEBUG Engine               - class com.almasb.fxgl.achievement.AchievementService
19:37:16.095 [FXGL Background Thread 2 ] DEBUG Engine               - class com.almasb.fxgl.cutscene.CutsceneService
19:37:16.095 [FXGL Background Thread 2 ] DEBUG Engine               - class com.almasb.fxgl.minigames.MiniGameService
19:37:16.095 [FXGL Background Thread 2 ] DEBUG Engine               - class com.almasb.fxgl.net.NetService
19:37:16.095 [FXGL Background Thread 2 ] DEBUG Engine               - class com.almasb.fxgl.app.services.UpdaterService
19:37:19.720 [JavaFX Application Thread] DEBUG GameApplication      - Exiting FXGL
19:37:19.721 [JavaFX Application Thread] DEBUG LoopRunner           - Stopping loop
19:37:19.721 [JavaFX Application Thread] DEBUG SystemBundleService  - Saving FXGL system data
19:37:19.722 [JavaFX Application Thread] DEBUG FileSystemAccess     - Writing to: C:\Users\xxdee\IdeaProjects\350FXGLjavagame\system\fxgl.bundle
19:37:19.723 [JavaFX Application Thread] DEBUG GameApplication      - Shutting down background threads
19:37:19.723 [JavaFX Application Thread] DEBUG GameApplication      - Closing logger and exiting JavaFX
