22:33:29.730 [main                     ] DEBUG GameApplication      - Logger initialized
22:33:29.743 [main                     ] DEBUG GameApplication      - Logging settings
Title: Space Game
Version: 0.2
Width: 2000
Height: 1000
Fullscreen: false
Intro: false
Menus: true
Profiling: false
Single step:false
App Mode: DEVELOPER
Menu Key: ESCAPE
Stage Style: DECORATED
Scene Factory: class com.almasb.fxgl.app.scene.SceneFactory

22:33:30.079 [JavaFX Application Thread] DEBUG GameApplication      - Initializing FXGL
22:33:30.087 [JavaFX Application Thread] INFO  Engine               - FXGL-11.8 (08.03.2020 09.09) on WINDOWS (J:11.0.8 FX:13.0.2)
22:33:30.087 [JavaFX Application Thread] INFO  Engine               - Source code and latest versions at: https://github.com/AlmasB/FXGL
22:33:30.087 [JavaFX Application Thread] INFO  Engine               -              Join the FXGL chat at: https://gitter.im/AlmasB/FXGL
22:33:30.177 [JavaFX Application Thread] DEBUG MainWindow           - Creating a JavaFX scene
22:33:30.177 [JavaFX Application Thread] DEBUG MainWindow           - Target size > screen size
22:33:30.232 [JavaFX Application Thread] DEBUG MainWindow           - Target settings size: 2000.0 x 1000.0
22:33:30.232 [JavaFX Application Thread] DEBUG MainWindow           - Scaled scene size:    1895.0 x 960.0
22:33:30.233 [JavaFX Application Thread] DEBUG MainWindow           - Scaled ratio: (0.9475, 0.96)
22:33:30.234 [JavaFX Application Thread] DEBUG MainWindow           - Set initial scene to FXGLStartupScene
22:33:30.238 [JavaFX Application Thread] DEBUG MainWindow           - Opening main window
22:33:30.305 [JavaFX Application Thread] DEBUG MainWindow           - Window border size: (16.0, 39.0)
22:33:30.305 [JavaFX Application Thread] DEBUG MainWindow           - Scaled size: 1895.0 x 960.0
22:33:30.305 [JavaFX Application Thread] DEBUG MainWindow           - Scaled ratio: (0.9475, 0.96)
22:33:30.305 [JavaFX Application Thread] DEBUG MainWindow           - Scene size: 1895.0 x 960.0
22:33:30.305 [JavaFX Application Thread] DEBUG MainWindow           - Stage size: 1911.0 x 999.0
22:33:30.311 [FXGL Background Thread 1 ] DEBUG Engine               - Initializing environment variables
22:33:30.330 [FXGL Background Thread 1 ] DEBUG WindowService        - Applying CSS: fxgl_dark.css
22:33:30.331 [FXGL Background Thread 1 ] DEBUG AssetLoaderService   - Loading from file system: /assets/ui/css/fxgl_dark.css
22:33:30.366 [FXGL Background Thread 1 ] DEBUG WindowService        - Initializing application scenes
22:33:30.395 [FXGL Background Thread 1 ] DEBUG GameWorld            - Game world initialized
22:33:30.427 [FXGL Background Thread 1 ] DEBUG PhysicsWorld         - Physics world initialized: appHeight=1000, physics.ppm=50.0
22:33:30.428 [FXGL Background Thread 1 ] DEBUG GameScene            - Game scene initialized: 2000x1000
22:33:30.446 [FXGL Background Thread 1 ] DEBUG AssetLoaderService   - Loading from file system: /assets/textures/particles/trace_horizontal.png
22:33:30.485 [FXGL Background Thread 1 ] DEBUG FXGL.DefaultMenu     - createMenuBodyMainMenu()
22:33:30.495 [FXGL Background Thread 1 ] DEBUG FXGL.DefaultMenu     - createOptionsMenu()
22:33:30.497 [FXGL Background Thread 1 ] DEBUG FXGL.DefaultMenu     - createExtraMenu()
22:33:30.499 [FXGL Background Thread 1 ] DEBUG AssetLoaderService   - Loading from file system: /assets/textures/particles/smoke.png
22:33:30.537 [FXGL Background Thread 1 ] DEBUG AssetLoaderService   - Loading from cache: /assets/textures/particles/trace_horizontal.png@64.0x64.0
22:33:30.537 [FXGL Background Thread 1 ] DEBUG FXGL.DefaultMenu     - createMenuBodyGameMenu()
22:33:30.538 [FXGL Background Thread 1 ] DEBUG FXGL.DefaultMenu     - createOptionsMenu()
22:33:30.539 [FXGL Background Thread 1 ] DEBUG FXGL.DefaultMenu     - createExtraMenu()
22:33:30.540 [FXGL Background Thread 1 ] DEBUG AssetLoaderService   - Loading from cache: /assets/textures/particles/smoke.png@128.0x128.0
22:33:30.548 [FXGL Background Thread 1 ] DEBUG WindowService        - Application scenes initialized
22:33:30.553 [FXGL Background Thread 1 ] DEBUG SystemBundleService  - Loading FXGL system data
22:33:30.556 [FXGL Background Thread 1 ] DEBUG FileSystemAccess     - Reading from: C:\Users\xxdee\IdeaProjects\350FXGLjavagame\system\fxgl.bundle
22:33:30.560 [FXGL Background Thread 1 ] DEBUG SystemBundleService  - Bundle FXGL: {}
22:33:30.560 [FXGL Background Thread 1 ] INFO  Engine               - FXGL initialization took: 0.248 sec
22:33:30.561 [FXGL Background Thread 1 ] DEBUG GameApplication      - Loading localizations
22:33:30.561 [FXGL Background Thread 1 ] DEBUG AssetLoaderService   - Loading from file system: /assets/properties/languages/english.properties
22:33:30.562 [FXGL Background Thread 1 ] DEBUG AssetLoaderService   - Loading from file system: /assets/properties/languages/french.properties
22:33:30.563 [FXGL Background Thread 1 ] DEBUG AssetLoaderService   - Loading from file system: /assets/properties/languages/german.properties
22:33:30.563 [FXGL Background Thread 1 ] DEBUG AssetLoaderService   - Loading from file system: /assets/properties/languages/hungarian.properties
22:33:30.564 [FXGL Background Thread 1 ] DEBUG AssetLoaderService   - Loading from file system: /assets/properties/languages/russian.properties
22:33:30.565 [FXGL Background Thread 1 ] DEBUG GameApplication      - Registering font factories with UI factory
22:33:30.565 [FXGL Background Thread 1 ] DEBUG AssetLoaderService   - Loading from file system: /assets/ui/fonts/VarelaRound-Regular.ttf
22:33:30.740 [FXGL Background Thread 1 ] DEBUG AssetLoaderService   - Loading from file system: /assets/ui/fonts/Abel-Regular.ttf
22:33:30.742 [FXGL Background Thread 1 ] DEBUG AssetLoaderService   - Loading from file system: /assets/ui/fonts/lucida_console.ttf
22:33:30.745 [FXGL Background Thread 1 ] DEBUG AssetLoaderService   - Loading from file system: /assets/ui/fonts/Courier-Prime.ttf
22:33:30.754 [JavaFX Application Thread] DEBUG Input                - Registered new binding: action0 - D
22:33:30.754 [JavaFX Application Thread] DEBUG Input                - Registered new binding: action1 - A
22:33:30.755 [JavaFX Application Thread] DEBUG Input                - Registered new binding: action2 - W
22:33:30.755 [JavaFX Application Thread] DEBUG Input                - Registered new binding: action3 - C
22:33:30.755 [JavaFX Application Thread] DEBUG Input                - Registered new binding: action4 - Left
22:33:30.755 [JavaFX Application Thread] DEBUG Input                - Registered new binding: action5 - Right
22:33:30.756 [JavaFX Application Thread] DEBUG Input                - Registered new binding: action6 - Space
22:33:30.756 [JavaFX Application Thread] DEBUG AssetLoaderService   - Loading from file system: /assets/textures/fxgl_icon.png
22:33:30.772 [JavaFX Application Thread] DEBUG AssetLoaderService   - Loading from file system: /assets/ui/cursors/fxgl_default.png
22:33:30.773 [JavaFX Application Thread] DEBUG Input                - Registered new binding: Screenshot - P
22:33:30.774 [JavaFX Application Thread] DEBUG Input                - Registered new binding: System info dump - CTRL+9
22:33:30.774 [JavaFX Application Thread] DEBUG Input                - Registered new binding: Restart - CTRL+R
22:33:30.774 [JavaFX Application Thread] DEBUG LoopRunner           - Starting loop
22:33:30.790 [JavaFX Application Thread] DEBUG FXGLStartupScene     - STARTUP
22:33:30.793 [JavaFX Application Thread] DEBUG Input                - Clearing active input actions
22:33:30.806 [JavaFX Application Thread] DEBUG WindowService        - Removing overlay from FXGLStartupScene and adding to FXGLDefaultMenu
22:33:30.806 [JavaFX Application Thread] DEBUG MainWindow           - FXGLStartupScene -> FXGLDefaultMenu
22:33:30.856 [JavaFX Application Thread] DEBUG SaveLoadService      - Reading profile names
22:33:30.858 [JavaFX Application Thread] DEBUG MainWindow           - Push state: DialogSubScene
22:33:30.858 [JavaFX Application Thread] DEBUG Input                - Clearing active input actions
22:33:30.860 [JavaFX Application Thread] DEBUG WindowService        - Removing overlay from FXGLDefaultMenu and adding to DialogSubScene
22:33:30.861 [JavaFX Application Thread] DEBUG MainWindow           - FXGLDefaultMenu -> DialogSubScene
22:33:30.901 [JavaFX Application Thread] DEBUG MainWindow           - Pop state: DialogSubScene
22:33:30.901 [JavaFX Application Thread] DEBUG Input                - Clearing active input actions
22:33:30.901 [JavaFX Application Thread] DEBUG WindowService        - Removing overlay from DialogSubScene and adding to FXGLDefaultMenu
22:33:30.901 [JavaFX Application Thread] DEBUG MainWindow           - FXGLDefaultMenu <- DialogSubScene
22:33:30.903 [JavaFX Application Thread] DEBUG MainWindow           - Push state: DialogSubScene
22:33:30.903 [JavaFX Application Thread] DEBUG Input                - Clearing active input actions
22:33:30.904 [JavaFX Application Thread] DEBUG WindowService        - Removing overlay from FXGLDefaultMenu and adding to DialogSubScene
22:33:30.904 [JavaFX Application Thread] DEBUG MainWindow           - FXGLDefaultMenu -> DialogSubScene
22:33:32.140 [JavaFX Application Thread] DEBUG MainWindow           - Pop state: DialogSubScene
22:33:32.140 [JavaFX Application Thread] DEBUG Input                - Clearing active input actions
22:33:32.140 [JavaFX Application Thread] DEBUG WindowService        - Removing overlay from DialogSubScene and adding to FXGLDefaultMenu
22:33:32.140 [JavaFX Application Thread] DEBUG MainWindow           - FXGLDefaultMenu <- DialogSubScene
22:33:32.710 [JavaFX Application Thread] DEBUG Menu                 - fireNewGame()
22:33:32.710 [JavaFX Application Thread] DEBUG WindowService        - Starting new game
22:33:32.710 [JavaFX Application Thread] DEBUG Input                - Clearing active input actions
22:33:32.716 [JavaFX Application Thread] DEBUG WindowService        - Removing overlay from FXGLDefaultMenu and adding to FXGLLoadingScene
22:33:32.716 [JavaFX Application Thread] DEBUG MainWindow           - FXGLDefaultMenu -> FXGLLoadingScene
22:33:32.716 [JavaFX Application Thread] DEBUG WindowService        - Clearing previous game
22:33:32.716 [JavaFX Application Thread] DEBUG GameScene            - Clearing game scene
22:33:32.716 [JavaFX Application Thread] DEBUG GameWorld            - Clearing game world
22:33:32.716 [JavaFX Application Thread] DEBUG PhysicsWorld         - Clearing physics world
22:33:32.717 [FXGL Background Thread 1 ] DEBUG GameApplication      - Initializing game
22:33:32.725 [FXGL Background Thread 1 ] DEBUG AssetLoaderService   - Loading from file system: /assets/textures/spacebackground.png
22:33:32.763 [FXGL Background Thread 1 ] DEBUG AssetLoaderService   - Loading from file system: /assets/textures/smallspaceship.png
22:33:32.777 [FXGL Background Thread 1 ] INFO  GameApplication      - Game initialization took: 0.060 sec
22:33:32.778 [JavaFX Application Thread] DEBUG Input                - Clearing active input actions
22:33:32.782 [JavaFX Application Thread] DEBUG WindowService        - Removing overlay from FXGLLoadingScene and adding to GameScene
22:33:32.782 [JavaFX Application Thread] DEBUG MainWindow           - FXGLLoadingScene -> GameScene
22:33:33.561 [FXGL Background Thread 2 ] DEBUG Engine               - Logging environment variables
22:33:33.561 [FXGL Background Thread 2 ] DEBUG Engine               - achievements: []
22:33:33.561 [FXGL Background Thread 2 ] DEBUG Engine               - language: ObjectProperty [value: ENGLISH]
22:33:33.561 [FXGL Background Thread 2 ] DEBUG Engine               - isCloseConfirmation: false
22:33:33.561 [FXGL Background Thread 2 ] DEBUG Engine               - isProfilingEnabled: false
22:33:33.561 [FXGL Background Thread 2 ] DEBUG Engine               - soundNotification: core/notification.wav
22:33:33.561 [FXGL Background Thread 2 ] DEBUG Engine               - devShowBBoxProperty: BooleanProperty [value: false]
22:33:33.561 [FXGL Background Thread 2 ] DEBUG Engine               - pixelsPerMeter: 50.0
22:33:33.561 [FXGL Background Thread 2 ] DEBUG Engine               - soundMenuBack: menu/back.wav
22:33:33.561 [FXGL Background Thread 2 ] DEBUG Engine               - appIcon: fxgl_icon.png
22:33:33.561 [FXGL Background Thread 2 ] DEBUG Engine               - isFullScreenAllowed: false
22:33:33.561 [FXGL Background Thread 2 ] DEBUG Engine               - isIntroEnabled: false
22:33:33.561 [FXGL Background Thread 2 ] DEBUG Engine               - fontMono: lucida_console.ttf
22:33:33.561 [FXGL Background Thread 2 ] DEBUG Engine               - soundMenuSelect: menu/select.wav
22:33:33.561 [FXGL Background Thread 2 ] DEBUG Engine               - isWindows: true
22:33:33.561 [FXGL Background Thread 2 ] DEBUG Engine               - isMobile: false
22:33:33.561 [FXGL Background Thread 2 ] DEBUG Engine               - isUserProfileEnabled: true
22:33:33.561 [FXGL Background Thread 2 ] DEBUG Engine               - height: 1000
22:33:33.561 [FXGL Background Thread 2 ] DEBUG Engine               - isExperimentalNative: false
22:33:33.561 [FXGL Background Thread 2 ] DEBUG Engine               - settings: Title: Space Game
Version: 0.2
Width: 2000
Height: 1000
Fullscreen: false
Intro: false
Menus: true
Profiling: false
Single step:false
App Mode: DEVELOPER
Menu Key: ESCAPE
Stage Style: DECORATED
Scene Factory: class com.almasb.fxgl.app.scene.SceneFactory

22:33:33.561 [FXGL Background Thread 2 ] DEBUG Engine               - isSingleStep: false
22:33:33.561 [FXGL Background Thread 2 ] DEBUG Engine               - cSSList: [fxgl_dark.css]
22:33:33.561 [FXGL Background Thread 2 ] DEBUG Engine               - fontGame: Abel-Regular.ttf
22:33:33.562 [FXGL Background Thread 2 ] DEBUG Engine               - menuKey: ESCAPE
22:33:33.562 [FXGL Background Thread 2 ] DEBUG Engine               - devShowPositionProperty: BooleanProperty [value: false]
22:33:33.562 [FXGL Background Thread 2 ] DEBUG Engine               - versionCheckDays: 7
22:33:33.562 [FXGL Background Thread 2 ] DEBUG Engine               - configClass: Optional.empty
22:33:33.562 [FXGL Background Thread 2 ] DEBUG Engine               - isFullScreenFromStart: false
22:33:33.562 [FXGL Background Thread 2 ] DEBUG Engine               - version: 0.2
22:33:33.562 [FXGL Background Thread 2 ] DEBUG Engine               - fullScreen: BooleanProperty [value: false]
22:33:33.562 [FXGL Background Thread 2 ] DEBUG Engine               - randomSeed: -1
22:33:33.562 [FXGL Background Thread 2 ] DEBUG Engine               - gameDifficultyProperty: ObjectProperty [value: MEDIUM]
22:33:33.562 [FXGL Background Thread 2 ] DEBUG Engine               - applicationMode: DEVELOPER
22:33:33.562 [FXGL Background Thread 2 ] DEBUG Engine               - isMac: false
22:33:33.562 [FXGL Background Thread 2 ] DEBUG Engine               - isMenuEnabled: true
22:33:33.562 [FXGL Background Thread 2 ] DEBUG Engine               - urlPOM: https://raw.githubusercontent.com/AlmasB/FXGL/master/pom.xml
22:33:33.562 [FXGL Background Thread 2 ] DEBUG Engine               - profileName: StringProperty [value: JohnDirkse]
22:33:33.562 [FXGL Background Thread 2 ] DEBUG Engine               - notificationViewClass: class com.almasb.fxgl.notification.view.XboxNotificationView
22:33:33.562 [FXGL Background Thread 2 ] DEBUG Engine               - devSensorColorProperty: ObjectProperty [value: 0xffff00ff]
22:33:33.562 [FXGL Background Thread 2 ] DEBUG Engine               - sceneFactory: com.almasb.fxgl.app.scene.SceneFactory@7c4a1877
22:33:33.562 [FXGL Background Thread 2 ] DEBUG Engine               - stageStyle: DECORATED
22:33:33.562 [FXGL Background Thread 2 ] DEBUG Engine               - isManualResizeEnabled: false
22:33:33.562 [FXGL Background Thread 2 ] DEBUG Engine               - title: Space Game
22:33:33.562 [FXGL Background Thread 2 ] DEBUG Engine               - platform: WINDOWS
22:33:33.562 [FXGL Background Thread 2 ] DEBUG Engine               - devBBoxColorProperty: ObjectProperty [value: 0xff0000ff]
22:33:33.562 [FXGL Background Thread 2 ] DEBUG Engine               - gameDifficulty: MEDIUM
22:33:33.562 [FXGL Background Thread 2 ] DEBUG Engine               - isDesktop: true
22:33:33.562 [FXGL Background Thread 2 ] DEBUG Engine               - supportedLanguages: [ENGLISH, FRENCH, GERMAN, HUNGARIAN, RUSSIAN]
22:33:33.562 [FXGL Background Thread 2 ] DEBUG Engine               - credits: []
22:33:33.562 [FXGL Background Thread 2 ] DEBUG Engine               - globalMusicVolumeProperty: DoubleProperty [value: 0.5]
22:33:33.562 [FXGL Background Thread 2 ] DEBUG Engine               - isPreserveResizeRatio: false
22:33:33.563 [FXGL Background Thread 2 ] DEBUG Engine               - fontText: Courier-Prime.ttf
22:33:33.563 [FXGL Background Thread 2 ] DEBUG Engine               - isExperimentalTiledLargeMap: false
22:33:33.563 [FXGL Background Thread 2 ] DEBUG Engine               - secondsIn24h: 60
22:33:33.563 [FXGL Background Thread 2 ] DEBUG Engine               - runtimeInfo: RuntimeInfo(platform=WINDOWS, version=11.8, build=08.03.2020 09.09)
22:33:33.563 [FXGL Background Thread 2 ] DEBUG Engine               - isLinux: false
22:33:33.563 [FXGL Background Thread 2 ] DEBUG Engine               - soundMenuPress: menu/press.wav
22:33:33.563 [FXGL Background Thread 2 ] DEBUG Engine               - urlGithub: https://github.com/AlmasB/FXGL
22:33:33.563 [FXGL Background Thread 2 ] DEBUG Engine               - profileDir: profiles/
22:33:33.563 [FXGL Background Thread 2 ] DEBUG Engine               - isDeveloperMenuEnabled: false
22:33:33.563 [FXGL Background Thread 2 ] DEBUG Engine               - globalSoundVolumeProperty: DoubleProperty [value: 0.1]
22:33:33.563 [FXGL Background Thread 2 ] DEBUG Engine               - mainWindow: com.almasb.fxgl.app.MainWindow@78759326
22:33:33.563 [FXGL Background Thread 2 ] DEBUG Engine               - isBrowser: false
22:33:33.563 [FXGL Background Thread 2 ] DEBUG Engine               - urlLeaderboard: http://fxgl-top.herokuapp.com/
22:33:33.563 [FXGL Background Thread 2 ] DEBUG Engine               - globalSoundVolume: 0.5
22:33:33.563 [FXGL Background Thread 2 ] DEBUG Engine               - engineServices: [class com.almasb.fxgl.app.GameApplication$GameApplicationService, class com.almasb.fxgl.app.services.WindowService, class com.almasb.fxgl.app.services.FXGLDialogService, class com.almasb.fxgl.app.services.IOTaskExecutorService, class com.almasb.fxgl.event.EventBusService, class com.almasb.fxgl.io.FileSystemService, class com.almasb.fxgl.localization.LocalizationService, class com.almasb.fxgl.app.services.AssetLoaderService, class com.almasb.fxgl.app.services.SystemBundleService, class com.almasb.fxgl.profile.SaveLoadService, class com.almasb.fxgl.ui.FXGLUIFactoryServiceProvider, class com.almasb.fxgl.ui.FXGLDialogFactoryServiceProvider, class com.almasb.fxgl.audio.AudioPlayer, class com.almasb.fxgl.notification.impl.NotificationServiceProvider, class com.almasb.fxgl.achievement.AchievementService, class com.almasb.fxgl.cutscene.CutsceneService, class com.almasb.fxgl.minigames.MiniGameService, class com.almasb.fxgl.net.NetService, class com.almasb.fxgl.app.services.UpdaterService]
22:33:33.563 [FXGL Background Thread 2 ] DEBUG Engine               - globalMusicVolume: 0.5
22:33:33.563 [FXGL Background Thread 2 ] DEBUG Engine               - width: 2000
22:33:33.563 [FXGL Background Thread 2 ] DEBUG Engine               - saveFileExt: sav
22:33:33.563 [FXGL Background Thread 2 ] DEBUG Engine               - isAndroid: false
22:33:33.563 [FXGL Background Thread 2 ] DEBUG Engine               - fontUI: VarelaRound-Regular.ttf
22:33:33.563 [FXGL Background Thread 2 ] DEBUG Engine               - enabledMenuItems: [SAVE_LOAD, EXTRA, ONLINE]
22:33:33.563 [FXGL Background Thread 2 ] DEBUG Engine               - isIOS: false
22:33:33.563 [FXGL Background Thread 2 ] DEBUG Engine               - Logging services
22:33:33.563 [FXGL Background Thread 2 ] DEBUG Engine               - class com.almasb.fxgl.app.GameApplication$GameApplicationService
22:33:33.563 [FXGL Background Thread 2 ] DEBUG Engine               - class com.almasb.fxgl.app.services.WindowService
22:33:33.563 [FXGL Background Thread 2 ] DEBUG Engine               - class com.almasb.fxgl.app.services.FXGLDialogService
22:33:33.563 [FXGL Background Thread 2 ] DEBUG Engine               - class com.almasb.fxgl.app.services.IOTaskExecutorService
22:33:33.563 [FXGL Background Thread 2 ] DEBUG Engine               - class com.almasb.fxgl.event.EventBusService
22:33:33.563 [FXGL Background Thread 2 ] DEBUG Engine               - class com.almasb.fxgl.io.FileSystemService
22:33:33.563 [FXGL Background Thread 2 ] DEBUG Engine               - class com.almasb.fxgl.localization.LocalizationService
22:33:33.563 [FXGL Background Thread 2 ] DEBUG Engine               - class com.almasb.fxgl.app.services.AssetLoaderService
22:33:33.564 [FXGL Background Thread 2 ] DEBUG Engine               - class com.almasb.fxgl.app.services.SystemBundleService
22:33:33.564 [FXGL Background Thread 2 ] DEBUG Engine               - class com.almasb.fxgl.profile.SaveLoadService
22:33:33.564 [FXGL Background Thread 2 ] DEBUG Engine               - class com.almasb.fxgl.ui.FXGLUIFactoryServiceProvider
22:33:33.564 [FXGL Background Thread 2 ] DEBUG Engine               - class com.almasb.fxgl.ui.FXGLDialogFactoryServiceProvider
22:33:33.564 [FXGL Background Thread 2 ] DEBUG Engine               - class com.almasb.fxgl.audio.AudioPlayer
22:33:33.564 [FXGL Background Thread 2 ] DEBUG Engine               - class com.almasb.fxgl.notification.impl.NotificationServiceProvider
22:33:33.564 [FXGL Background Thread 2 ] DEBUG Engine               - class com.almasb.fxgl.achievement.AchievementService
22:33:33.564 [FXGL Background Thread 2 ] DEBUG Engine               - class com.almasb.fxgl.cutscene.CutsceneService
22:33:33.564 [FXGL Background Thread 2 ] DEBUG Engine               - class com.almasb.fxgl.minigames.MiniGameService
22:33:33.564 [FXGL Background Thread 2 ] DEBUG Engine               - class com.almasb.fxgl.net.NetService
22:33:33.564 [FXGL Background Thread 2 ] DEBUG Engine               - class com.almasb.fxgl.app.services.UpdaterService
22:33:35.070 [JavaFX Application Thread] DEBUG AssetLoaderService   - Loading from file system: /assets/textures/smallasteroid.png
22:33:35.323 [JavaFX Application Thread] DEBUG AssetLoaderService   - Loading from cache: /assets/textures/smallasteroid.png
22:33:35.569 [JavaFX Application Thread] DEBUG AssetLoaderService   - Loading from file system: /assets/sounds/explosion.wav
22:33:35.626 [JavaFX Application Thread] DEBUG AssetLoaderService   - Loading from file system: /assets/textures/explosion.png
22:33:37.411 [JavaFX Application Thread] DEBUG AssetLoaderService   - Loading from cache: /assets/textures/smallasteroid.png
22:33:37.918 [JavaFX Application Thread] DEBUG AssetLoaderService   - Loading from cache: /assets/textures/smallasteroid.png
22:33:38.543 [JavaFX Application Thread] DEBUG AssetLoaderService   - Loading from cache: /assets/sounds/explosion.wav
22:33:38.543 [JavaFX Application Thread] DEBUG AssetLoaderService   - Loading from cache: /assets/textures/explosion.png
22:33:39.684 [JavaFX Application Thread] DEBUG AssetLoaderService   - Loading from cache: /assets/textures/smallasteroid.png
22:33:40.449 [JavaFX Application Thread] DEBUG AssetLoaderService   - Loading from cache: /assets/textures/smallasteroid.png
22:33:40.563 [JavaFX Application Thread] DEBUG AssetLoaderService   - Loading from cache: /assets/sounds/explosion.wav
22:33:40.563 [JavaFX Application Thread] DEBUG AssetLoaderService   - Loading from cache: /assets/textures/explosion.png
22:33:40.565 [JavaFX Application Thread] DEBUG MainWindow           - Push state: DialogSubScene
22:33:40.565 [JavaFX Application Thread] DEBUG Input                - Clearing active input actions
22:33:40.565 [JavaFX Application Thread] DEBUG WindowService        - Removing overlay from GameScene and adding to DialogSubScene
22:33:40.565 [JavaFX Application Thread] DEBUG MainWindow           - GameScene -> DialogSubScene
22:33:40.566 [JavaFX Application Thread] WARN  MainWindow           - Cannot set to FXGLDefaultMenu. Probably because subscenes are present.
22:33:42.232 [JavaFX Application Thread] DEBUG MainWindow           - Pop state: DialogSubScene
22:33:42.232 [JavaFX Application Thread] DEBUG Input                - Clearing active input actions
22:33:42.233 [JavaFX Application Thread] DEBUG WindowService        - Removing overlay from DialogSubScene and adding to GameScene
22:33:42.233 [JavaFX Application Thread] DEBUG MainWindow           - GameScene <- DialogSubScene
22:33:43.630 [JavaFX Application Thread] DEBUG AssetLoaderService   - Loading from cache: /assets/textures/smallasteroid.png
22:33:44.643 [JavaFX Application Thread] DEBUG AssetLoaderService   - Loading from cache: /assets/textures/smallasteroid.png
22:33:45.811 [JavaFX Application Thread] DEBUG AssetLoaderService   - Loading from cache: /assets/sounds/explosion.wav
22:33:45.811 [JavaFX Application Thread] DEBUG AssetLoaderService   - Loading from cache: /assets/textures/explosion.png
22:33:45.812 [JavaFX Application Thread] DEBUG MainWindow           - Push state: DialogSubScene
22:33:45.812 [JavaFX Application Thread] DEBUG Input                - Clearing active input actions
22:33:45.813 [JavaFX Application Thread] DEBUG WindowService        - Removing overlay from GameScene and adding to DialogSubScene
22:33:45.813 [JavaFX Application Thread] DEBUG MainWindow           - GameScene -> DialogSubScene
22:33:45.813 [JavaFX Application Thread] WARN  MainWindow           - Cannot set to FXGLDefaultMenu. Probably because subscenes are present.
22:33:46.755 [JavaFX Application Thread] DEBUG MainWindow           - Pop state: DialogSubScene
22:33:46.755 [JavaFX Application Thread] DEBUG Input                - Clearing active input actions
22:33:46.755 [JavaFX Application Thread] DEBUG WindowService        - Removing overlay from DialogSubScene and adding to GameScene
22:33:46.755 [JavaFX Application Thread] DEBUG MainWindow           - GameScene <- DialogSubScene
22:33:46.843 [JavaFX Application Thread] DEBUG AssetLoaderService   - Loading from cache: /assets/textures/smallasteroid.png
22:33:47.881 [JavaFX Application Thread] DEBUG GameApplication      - Exiting FXGL
22:33:47.881 [JavaFX Application Thread] DEBUG LoopRunner           - Stopping loop
22:33:47.881 [JavaFX Application Thread] DEBUG SystemBundleService  - Saving FXGL system data
22:33:47.883 [JavaFX Application Thread] DEBUG FileSystemAccess     - Writing to: C:\Users\xxdee\IdeaProjects\350FXGLjavagame\system\fxgl.bundle
22:33:47.884 [JavaFX Application Thread] DEBUG GameApplication      - Shutting down background threads
22:33:47.885 [JavaFX Application Thread] DEBUG GameApplication      - Closing logger and exiting JavaFX
