01:50:13.898 [main                     ] DEBUG GameApplication      - Logger initialized
01:50:13.926 [main                     ] DEBUG GameApplication      - Logging settings
Title: Space Game
Version: 0.1
Width: 2000
Height: 1000
Fullscreen: false
Intro: false
Menus: false
Profiling: false
Single step:false
App Mode: DEVELOPER
Menu Key: ESCAPE
Stage Style: DECORATED
Scene Factory: class com.almasb.fxgl.app.scene.SceneFactory

01:50:14.451 [JavaFX Application Thread] DEBUG GameApplication      - Initializing FXGL
01:50:14.465 [JavaFX Application Thread] INFO  Engine               - FXGL-11.8 (08.03.2020 09.09) on WINDOWS (J:11.0.12 FX:13.0.2)
01:50:14.466 [JavaFX Application Thread] INFO  Engine               - Source code and latest versions at: https://github.com/AlmasB/FXGL
01:50:14.466 [JavaFX Application Thread] INFO  Engine               -              Join the FXGL chat at: https://gitter.im/AlmasB/FXGL
01:50:14.652 [JavaFX Application Thread] DEBUG MainWindow           - Creating a JavaFX scene
01:50:14.652 [JavaFX Application Thread] DEBUG MainWindow           - Target size > screen size
01:50:14.756 [JavaFX Application Thread] DEBUG MainWindow           - Target settings size: 2000.0 x 1000.0
01:50:14.756 [JavaFX Application Thread] DEBUG MainWindow           - Scaled scene size:    1511.0 x 768.0
01:50:14.757 [JavaFX Application Thread] DEBUG MainWindow           - Scaled ratio: (0.7555, 0.768)
01:50:14.759 [JavaFX Application Thread] DEBUG MainWindow           - Set initial scene to FXGLStartupScene
01:50:14.770 [JavaFX Application Thread] DEBUG MainWindow           - Opening main window
01:50:14.883 [JavaFX Application Thread] DEBUG MainWindow           - Window border size: (14.5999755859375, 37.5999755859375)
01:50:14.884 [JavaFX Application Thread] DEBUG MainWindow           - Scaled size: 1511.0 x 768.0
01:50:14.884 [JavaFX Application Thread] DEBUG MainWindow           - Scaled ratio: (0.7555, 0.768)
01:50:14.884 [JavaFX Application Thread] DEBUG MainWindow           - Scene size: 1511.0 x 768.0
01:50:14.885 [JavaFX Application Thread] DEBUG MainWindow           - Stage size: 1525.5999755859375 x 805.5999755859375
01:50:14.896 [FXGL Background Thread 1 ] DEBUG Engine               - Initializing environment variables
01:50:14.934 [FXGL Background Thread 1 ] DEBUG WindowService        - Applying CSS: fxgl_dark.css
01:50:14.935 [FXGL Background Thread 1 ] DEBUG AssetLoaderService   - Loading from file system: /assets/ui/css/fxgl_dark.css
01:50:15.031 [FXGL Background Thread 1 ] DEBUG WindowService        - Initializing application scenes
01:50:15.094 [FXGL Background Thread 1 ] DEBUG GameWorld            - Game world initialized
01:50:15.156 [FXGL Background Thread 1 ] DEBUG PhysicsWorld         - Physics world initialized: appHeight=1000, physics.ppm=50.0
01:50:15.159 [FXGL Background Thread 1 ] DEBUG GameScene            - Game scene initialized: 2000x1000
01:50:15.173 [FXGL Background Thread 1 ] DEBUG Input                - Registered new binding: Resume - Esc
01:50:15.180 [FXGL Background Thread 1 ] DEBUG AssetLoaderService   - Loading from file system: /assets/textures/pause_menu_bg.png
01:50:15.242 [FXGL Background Thread 1 ] DEBUG Input                - Registered new binding: Pause - Esc
01:50:15.242 [FXGL Background Thread 1 ] DEBUG WindowService        - Application scenes initialized
01:50:15.254 [FXGL Background Thread 1 ] DEBUG SystemBundleService  - Loading FXGL system data
01:50:15.258 [FXGL Background Thread 1 ] DEBUG FileSystemAccess     - Reading from: C:\Users\dakot\IdeaProjects\350FXGLjavagame\system\fxgl.bundle
01:50:15.264 [FXGL Background Thread 1 ] DEBUG SystemBundleService  - Bundle FXGL: {}
01:50:15.264 [FXGL Background Thread 1 ] INFO  Engine               - FXGL initialization took: 0.366 sec
01:50:15.266 [FXGL Background Thread 1 ] DEBUG GameApplication      - Loading localizations
01:50:15.267 [FXGL Background Thread 1 ] DEBUG AssetLoaderService   - Loading from file system: /assets/properties/languages/english.properties
01:50:15.269 [FXGL Background Thread 1 ] DEBUG AssetLoaderService   - Loading from file system: /assets/properties/languages/french.properties
01:50:15.270 [FXGL Background Thread 1 ] DEBUG AssetLoaderService   - Loading from file system: /assets/properties/languages/german.properties
01:50:15.272 [FXGL Background Thread 1 ] DEBUG AssetLoaderService   - Loading from file system: /assets/properties/languages/hungarian.properties
01:50:15.273 [FXGL Background Thread 1 ] DEBUG AssetLoaderService   - Loading from file system: /assets/properties/languages/russian.properties
01:50:15.275 [FXGL Background Thread 1 ] DEBUG GameApplication      - Registering font factories with UI factory
01:50:15.275 [FXGL Background Thread 1 ] DEBUG AssetLoaderService   - Loading from file system: /assets/ui/fonts/VarelaRound-Regular.ttf
01:50:15.408 [FXGL Background Thread 1 ] DEBUG AssetLoaderService   - Loading from file system: /assets/ui/fonts/Abel-Regular.ttf
01:50:15.411 [FXGL Background Thread 1 ] DEBUG AssetLoaderService   - Loading from file system: /assets/ui/fonts/lucida_console.ttf
01:50:15.414 [FXGL Background Thread 1 ] DEBUG AssetLoaderService   - Loading from file system: /assets/ui/fonts/Courier-Prime.ttf
01:50:15.420 [JavaFX Application Thread] DEBUG Input                - Registered new binding: action0 - D
01:50:15.421 [JavaFX Application Thread] DEBUG Input                - Registered new binding: action1 - A
01:50:15.421 [JavaFX Application Thread] DEBUG Input                - Registered new binding: action2 - W
01:50:15.422 [JavaFX Application Thread] DEBUG Input                - Registered new binding: action3 - Space
01:50:15.422 [JavaFX Application Thread] DEBUG AssetLoaderService   - Loading from file system: /assets/textures/fxgl_icon.png
01:50:15.442 [JavaFX Application Thread] DEBUG AssetLoaderService   - Loading from file system: /assets/ui/cursors/fxgl_default.png
01:50:15.445 [JavaFX Application Thread] DEBUG Input                - Registered new binding: Screenshot - P
01:50:15.446 [JavaFX Application Thread] DEBUG Input                - Registered new binding: System info dump - CTRL+9
01:50:15.446 [JavaFX Application Thread] DEBUG Input                - Registered new binding: Restart - CTRL+R
01:50:15.447 [JavaFX Application Thread] DEBUG LoopRunner           - Starting loop
01:50:15.457 [JavaFX Application Thread] DEBUG FXGLStartupScene     - STARTUP
01:50:15.457 [JavaFX Application Thread] DEBUG WindowService        - Starting new game
01:50:15.461 [JavaFX Application Thread] DEBUG Input                - Clearing active input actions
01:50:15.477 [JavaFX Application Thread] DEBUG WindowService        - Removing overlay from FXGLStartupScene and adding to FXGLLoadingScene
01:50:15.477 [JavaFX Application Thread] DEBUG MainWindow           - FXGLStartupScene -> FXGLLoadingScene
01:50:15.478 [JavaFX Application Thread] DEBUG WindowService        - Clearing previous game
01:50:15.478 [JavaFX Application Thread] DEBUG GameScene            - Clearing game scene
01:50:15.478 [JavaFX Application Thread] DEBUG GameWorld            - Clearing game world
01:50:15.478 [JavaFX Application Thread] DEBUG PhysicsWorld         - Clearing physics world
01:50:15.480 [FXGL Background Thread 1 ] DEBUG GameApplication      - Initializing game
01:50:15.493 [FXGL Background Thread 1 ] DEBUG AssetLoaderService   - Loading from file system: /assets/textures/spacebackground.png
01:50:15.574 [FXGL Background Thread 1 ] DEBUG AssetLoaderService   - Loading from file system: /assets/textures/spaceship.png
01:50:15.585 [FXGL Background Thread 1 ] INFO  GameApplication      - Game initialization took: 0.105 sec
01:50:15.607 [JavaFX Application Thread] DEBUG Input                - Clearing active input actions
01:50:15.620 [JavaFX Application Thread] DEBUG WindowService        - Removing overlay from FXGLLoadingScene and adding to GameScene
01:50:15.620 [JavaFX Application Thread] DEBUG MainWindow           - FXGLLoadingScene -> GameScene
01:50:17.658 [JavaFX Application Thread] DEBUG AssetLoaderService   - Loading from file system: /assets/textures/projectile.png
01:50:18.266 [FXGL Background Thread 2 ] DEBUG Engine               - Logging environment variables
01:50:18.267 [FXGL Background Thread 2 ] DEBUG Engine               - achievements: []
01:50:18.267 [FXGL Background Thread 2 ] DEBUG Engine               - language: ObjectProperty [value: ENGLISH]
01:50:18.267 [FXGL Background Thread 2 ] DEBUG Engine               - isCloseConfirmation: false
01:50:18.267 [FXGL Background Thread 2 ] DEBUG Engine               - isProfilingEnabled: false
01:50:18.268 [FXGL Background Thread 2 ] DEBUG Engine               - soundNotification: core/notification.wav
01:50:18.268 [FXGL Background Thread 2 ] DEBUG Engine               - devShowBBoxProperty: BooleanProperty [value: false]
01:50:18.268 [FXGL Background Thread 2 ] DEBUG Engine               - pixelsPerMeter: 50.0
01:50:18.269 [FXGL Background Thread 2 ] DEBUG Engine               - appIcon: fxgl_icon.png
01:50:18.269 [FXGL Background Thread 2 ] DEBUG Engine               - soundMenuBack: menu/back.wav
01:50:18.269 [FXGL Background Thread 2 ] DEBUG Engine               - isFullScreenAllowed: false
01:50:18.270 [FXGL Background Thread 2 ] DEBUG Engine               - isIntroEnabled: false
01:50:18.270 [FXGL Background Thread 2 ] DEBUG Engine               - fontMono: lucida_console.ttf
01:50:18.270 [FXGL Background Thread 2 ] DEBUG Engine               - soundMenuSelect: menu/select.wav
01:50:18.270 [FXGL Background Thread 2 ] DEBUG Engine               - isWindows: true
01:50:18.271 [FXGL Background Thread 2 ] DEBUG Engine               - isMobile: false
01:50:18.271 [FXGL Background Thread 2 ] DEBUG Engine               - isUserProfileEnabled: false
01:50:18.271 [FXGL Background Thread 2 ] DEBUG Engine               - height: 1000
01:50:18.271 [FXGL Background Thread 2 ] DEBUG Engine               - isExperimentalNative: false
01:50:18.272 [FXGL Background Thread 2 ] DEBUG Engine               - settings: Title: Space Game
Version: 0.1
Width: 2000
Height: 1000
Fullscreen: false
Intro: false
Menus: false
Profiling: false
Single step:false
App Mode: DEVELOPER
Menu Key: ESCAPE
Stage Style: DECORATED
Scene Factory: class com.almasb.fxgl.app.scene.SceneFactory

01:50:18.272 [FXGL Background Thread 2 ] DEBUG Engine               - cSSList: [fxgl_dark.css]
01:50:18.272 [FXGL Background Thread 2 ] DEBUG Engine               - isSingleStep: false
01:50:18.272 [FXGL Background Thread 2 ] DEBUG Engine               - fontGame: Abel-Regular.ttf
01:50:18.273 [FXGL Background Thread 2 ] DEBUG Engine               - menuKey: ESCAPE
01:50:18.273 [FXGL Background Thread 2 ] DEBUG Engine               - devShowPositionProperty: BooleanProperty [value: false]
01:50:18.273 [FXGL Background Thread 2 ] DEBUG Engine               - versionCheckDays: 7
01:50:18.274 [FXGL Background Thread 2 ] DEBUG Engine               - configClass: Optional.empty
01:50:18.274 [FXGL Background Thread 2 ] DEBUG Engine               - isFullScreenFromStart: false
01:50:18.274 [FXGL Background Thread 2 ] DEBUG Engine               - version: 0.1
01:50:18.274 [FXGL Background Thread 2 ] DEBUG Engine               - fullScreen: BooleanProperty [value: false]
01:50:18.274 [FXGL Background Thread 2 ] DEBUG Engine               - randomSeed: -1
01:50:18.275 [FXGL Background Thread 2 ] DEBUG Engine               - gameDifficultyProperty: ObjectProperty [value: MEDIUM]
01:50:18.275 [FXGL Background Thread 2 ] DEBUG Engine               - applicationMode: DEVELOPER
01:50:18.275 [FXGL Background Thread 2 ] DEBUG Engine               - isMac: false
01:50:18.276 [FXGL Background Thread 2 ] DEBUG Engine               - isMenuEnabled: false
01:50:18.276 [FXGL Background Thread 2 ] DEBUG Engine               - urlPOM: https://raw.githubusercontent.com/AlmasB/FXGL/master/pom.xml
01:50:18.276 [FXGL Background Thread 2 ] DEBUG Engine               - profileName: StringProperty [value: DEFAULT]
01:50:18.276 [FXGL Background Thread 2 ] DEBUG Engine               - notificationViewClass: class com.almasb.fxgl.notification.view.XboxNotificationView
01:50:18.277 [FXGL Background Thread 2 ] DEBUG Engine               - devSensorColorProperty: ObjectProperty [value: 0xffff00ff]
01:50:18.277 [FXGL Background Thread 2 ] DEBUG Engine               - sceneFactory: com.almasb.fxgl.app.scene.SceneFactory@24b2c9c8
01:50:18.278 [FXGL Background Thread 2 ] DEBUG Engine               - stageStyle: DECORATED
01:50:18.278 [FXGL Background Thread 2 ] DEBUG Engine               - isManualResizeEnabled: false
01:50:18.278 [FXGL Background Thread 2 ] DEBUG Engine               - title: Space Game
01:50:18.278 [FXGL Background Thread 2 ] DEBUG Engine               - platform: WINDOWS
01:50:18.279 [FXGL Background Thread 2 ] DEBUG Engine               - devBBoxColorProperty: ObjectProperty [value: 0xff0000ff]
01:50:18.279 [FXGL Background Thread 2 ] DEBUG Engine               - gameDifficulty: MEDIUM
01:50:18.279 [FXGL Background Thread 2 ] DEBUG Engine               - isDesktop: true
01:50:18.279 [FXGL Background Thread 2 ] DEBUG Engine               - supportedLanguages: [ENGLISH, FRENCH, GERMAN, HUNGARIAN, RUSSIAN]
01:50:18.279 [FXGL Background Thread 2 ] DEBUG Engine               - credits: []
01:50:18.280 [FXGL Background Thread 2 ] DEBUG Engine               - globalMusicVolumeProperty: DoubleProperty [value: 0.5]
01:50:18.280 [FXGL Background Thread 2 ] DEBUG Engine               - isPreserveResizeRatio: false
01:50:18.280 [FXGL Background Thread 2 ] DEBUG Engine               - fontText: Courier-Prime.ttf
01:50:18.280 [FXGL Background Thread 2 ] DEBUG Engine               - isExperimentalTiledLargeMap: false
01:50:18.281 [FXGL Background Thread 2 ] DEBUG Engine               - secondsIn24h: 60
01:50:18.281 [FXGL Background Thread 2 ] DEBUG Engine               - runtimeInfo: RuntimeInfo(platform=WINDOWS, version=11.8, build=08.03.2020 09.09)
01:50:18.281 [FXGL Background Thread 2 ] DEBUG Engine               - isLinux: false
01:50:18.281 [FXGL Background Thread 2 ] DEBUG Engine               - soundMenuPress: menu/press.wav
01:50:18.282 [FXGL Background Thread 2 ] DEBUG Engine               - urlGithub: https://github.com/AlmasB/FXGL
01:50:18.282 [FXGL Background Thread 2 ] DEBUG Engine               - profileDir: profiles/
01:50:18.282 [FXGL Background Thread 2 ] DEBUG Engine               - isDeveloperMenuEnabled: false
01:50:18.283 [FXGL Background Thread 2 ] DEBUG Engine               - globalSoundVolumeProperty: DoubleProperty [value: 0.5]
01:50:18.283 [FXGL Background Thread 2 ] DEBUG Engine               - mainWindow: com.almasb.fxgl.app.MainWindow@208d5986
01:50:18.283 [FXGL Background Thread 2 ] DEBUG Engine               - isBrowser: false
01:50:18.283 [FXGL Background Thread 2 ] DEBUG Engine               - urlLeaderboard: http://fxgl-top.herokuapp.com/
01:50:18.283 [FXGL Background Thread 2 ] DEBUG Engine               - globalSoundVolume: 0.5
01:50:18.284 [FXGL Background Thread 2 ] DEBUG Engine               - engineServices: [class com.almasb.fxgl.app.GameApplication$GameApplicationService, class com.almasb.fxgl.app.services.WindowService, class com.almasb.fxgl.app.services.FXGLDialogService, class com.almasb.fxgl.app.services.IOTaskExecutorService, class com.almasb.fxgl.event.EventBusService, class com.almasb.fxgl.io.FileSystemService, class com.almasb.fxgl.localization.LocalizationService, class com.almasb.fxgl.app.services.AssetLoaderService, class com.almasb.fxgl.app.services.SystemBundleService, class com.almasb.fxgl.profile.SaveLoadService, class com.almasb.fxgl.ui.FXGLUIFactoryServiceProvider, class com.almasb.fxgl.ui.FXGLDialogFactoryServiceProvider, class com.almasb.fxgl.audio.AudioPlayer, class com.almasb.fxgl.notification.impl.NotificationServiceProvider, class com.almasb.fxgl.achievement.AchievementService, class com.almasb.fxgl.cutscene.CutsceneService, class com.almasb.fxgl.minigames.MiniGameService, class com.almasb.fxgl.net.NetService, class com.almasb.fxgl.app.services.UpdaterService]
01:50:18.284 [FXGL Background Thread 2 ] DEBUG Engine               - globalMusicVolume: 0.5
01:50:18.284 [FXGL Background Thread 2 ] DEBUG Engine               - width: 2000
01:50:18.284 [FXGL Background Thread 2 ] DEBUG Engine               - saveFileExt: sav
01:50:18.284 [FXGL Background Thread 2 ] DEBUG Engine               - isAndroid: false
01:50:18.285 [FXGL Background Thread 2 ] DEBUG Engine               - fontUI: VarelaRound-Regular.ttf
01:50:18.285 [FXGL Background Thread 2 ] DEBUG Engine               - enabledMenuItems: []
01:50:18.285 [FXGL Background Thread 2 ] DEBUG Engine               - isIOS: false
01:50:18.286 [FXGL Background Thread 2 ] DEBUG Engine               - Logging services
01:50:18.286 [FXGL Background Thread 2 ] DEBUG Engine               - class com.almasb.fxgl.app.GameApplication$GameApplicationService
01:50:18.286 [FXGL Background Thread 2 ] DEBUG Engine               - class com.almasb.fxgl.app.services.WindowService
01:50:18.286 [FXGL Background Thread 2 ] DEBUG Engine               - class com.almasb.fxgl.app.services.FXGLDialogService
01:50:18.286 [FXGL Background Thread 2 ] DEBUG Engine               - class com.almasb.fxgl.app.services.IOTaskExecutorService
01:50:18.287 [FXGL Background Thread 2 ] DEBUG Engine               - class com.almasb.fxgl.event.EventBusService
01:50:18.287 [FXGL Background Thread 2 ] DEBUG Engine               - class com.almasb.fxgl.io.FileSystemService
01:50:18.287 [FXGL Background Thread 2 ] DEBUG Engine               - class com.almasb.fxgl.localization.LocalizationService
01:50:18.287 [FXGL Background Thread 2 ] DEBUG Engine               - class com.almasb.fxgl.app.services.AssetLoaderService
01:50:18.288 [FXGL Background Thread 2 ] DEBUG Engine               - class com.almasb.fxgl.app.services.SystemBundleService
01:50:18.288 [FXGL Background Thread 2 ] DEBUG Engine               - class com.almasb.fxgl.profile.SaveLoadService
01:50:18.288 [FXGL Background Thread 2 ] DEBUG Engine               - class com.almasb.fxgl.ui.FXGLUIFactoryServiceProvider
01:50:18.288 [FXGL Background Thread 2 ] DEBUG Engine               - class com.almasb.fxgl.ui.FXGLDialogFactoryServiceProvider
01:50:18.288 [FXGL Background Thread 2 ] DEBUG Engine               - class com.almasb.fxgl.audio.AudioPlayer
01:50:18.288 [FXGL Background Thread 2 ] DEBUG Engine               - class com.almasb.fxgl.notification.impl.NotificationServiceProvider
01:50:18.289 [FXGL Background Thread 2 ] DEBUG Engine               - class com.almasb.fxgl.achievement.AchievementService
01:50:18.289 [FXGL Background Thread 2 ] DEBUG Engine               - class com.almasb.fxgl.cutscene.CutsceneService
01:50:18.289 [FXGL Background Thread 2 ] DEBUG Engine               - class com.almasb.fxgl.minigames.MiniGameService
01:50:18.289 [FXGL Background Thread 2 ] DEBUG Engine               - class com.almasb.fxgl.net.NetService
01:50:18.289 [FXGL Background Thread 2 ] DEBUG Engine               - class com.almasb.fxgl.app.services.UpdaterService
01:50:20.241 [JavaFX Application Thread] DEBUG AssetLoaderService   - Loading from cache: /assets/textures/projectile.png
01:50:20.460 [JavaFX Application Thread] DEBUG AssetLoaderService   - Loading from file system: /assets/textures/asteroid.png
01:50:20.479 [JavaFX Application Thread] DEBUG AssetLoaderService   - Loading from cache: /assets/textures/asteroid.png
01:50:22.334 [JavaFX Application Thread] DEBUG AssetLoaderService   - Loading from cache: /assets/textures/projectile.png
01:50:25.467 [JavaFX Application Thread] DEBUG AssetLoaderService   - Loading from cache: /assets/textures/asteroid.png
01:50:25.471 [JavaFX Application Thread] DEBUG AssetLoaderService   - Loading from cache: /assets/textures/asteroid.png
01:50:27.874 [JavaFX Application Thread] DEBUG AssetLoaderService   - Loading from cache: /assets/textures/projectile.png
01:50:30.460 [JavaFX Application Thread] DEBUG AssetLoaderService   - Loading from cache: /assets/textures/asteroid.png
01:50:30.464 [JavaFX Application Thread] DEBUG AssetLoaderService   - Loading from cache: /assets/textures/asteroid.png
01:50:31.834 [JavaFX Application Thread] DEBUG GameApplication      - Exiting FXGL
01:50:31.834 [JavaFX Application Thread] DEBUG LoopRunner           - Stopping loop
01:50:31.834 [JavaFX Application Thread] DEBUG SystemBundleService  - Saving FXGL system data
01:50:31.840 [JavaFX Application Thread] DEBUG FileSystemAccess     - Writing to: C:\Users\dakot\IdeaProjects\350FXGLjavagame\system\fxgl.bundle
01:50:31.845 [JavaFX Application Thread] DEBUG GameApplication      - Shutting down background threads
01:50:31.846 [JavaFX Application Thread] DEBUG GameApplication      - Closing logger and exiting JavaFX
