16:59:39.606 [main                     ] DEBUG GameApplication      - Logger initialized
16:59:39.618 [main                     ] DEBUG GameApplication      - Logging settings
Title: Space Game
Version: 0.2
Width: 2000
Height: 1000
Fullscreen: false
Intro: false
Menus: true
Profiling: false
Single step:false
App Mode: DEVELOPER
Menu Key: ESCAPE
Stage Style: DECORATED
Scene Factory: class com.almasb.fxgl.app.scene.SceneFactory

16:59:39.953 [JavaFX Application Thread] DEBUG GameApplication      - Initializing FXGL
16:59:39.960 [JavaFX Application Thread] INFO  Engine               - FXGL-11.8 (08.03.2020 09.09) on WINDOWS (J:11.0.8 FX:13.0.2)
16:59:39.960 [JavaFX Application Thread] INFO  Engine               - Source code and latest versions at: https://github.com/AlmasB/FXGL
16:59:39.960 [JavaFX Application Thread] INFO  Engine               -              Join the FXGL chat at: https://gitter.im/AlmasB/FXGL
16:59:40.052 [JavaFX Application Thread] DEBUG MainWindow           - Creating a JavaFX scene
16:59:40.052 [JavaFX Application Thread] DEBUG MainWindow           - Target size > screen size
16:59:40.104 [JavaFX Application Thread] DEBUG MainWindow           - Target settings size: 2000.0 x 1000.0
16:59:40.104 [JavaFX Application Thread] DEBUG MainWindow           - Scaled scene size:    1895.0 x 960.0
16:59:40.104 [JavaFX Application Thread] DEBUG MainWindow           - Scaled ratio: (0.9475, 0.96)
16:59:40.105 [JavaFX Application Thread] DEBUG MainWindow           - Set initial scene to FXGLStartupScene
16:59:40.110 [JavaFX Application Thread] DEBUG MainWindow           - Opening main window
16:59:40.177 [JavaFX Application Thread] DEBUG MainWindow           - Window border size: (16.0, 39.0)
16:59:40.177 [JavaFX Application Thread] DEBUG MainWindow           - Scaled size: 1895.0 x 960.0
16:59:40.178 [JavaFX Application Thread] DEBUG MainWindow           - Scaled ratio: (0.9475, 0.96)
16:59:40.178 [JavaFX Application Thread] DEBUG MainWindow           - Scene size: 1895.0 x 960.0
16:59:40.178 [JavaFX Application Thread] DEBUG MainWindow           - Stage size: 1911.0 x 999.0
16:59:40.184 [FXGL Background Thread 1 ] DEBUG Engine               - Initializing environment variables
16:59:40.202 [FXGL Background Thread 1 ] DEBUG WindowService        - Applying CSS: fxgl_dark.css
16:59:40.202 [FXGL Background Thread 1 ] DEBUG AssetLoaderService   - Loading from file system: /assets/ui/css/fxgl_dark.css
16:59:40.232 [FXGL Background Thread 1 ] DEBUG WindowService        - Initializing application scenes
16:59:40.260 [FXGL Background Thread 1 ] DEBUG GameWorld            - Game world initialized
16:59:40.285 [FXGL Background Thread 1 ] DEBUG PhysicsWorld         - Physics world initialized: appHeight=1000, physics.ppm=50.0
16:59:40.286 [FXGL Background Thread 1 ] DEBUG GameScene            - Game scene initialized: 2000x1000
16:59:40.305 [FXGL Background Thread 1 ] DEBUG AssetLoaderService   - Loading from file system: /assets/textures/particles/trace_horizontal.png
16:59:40.345 [FXGL Background Thread 1 ] DEBUG FXGL.DefaultMenu     - createMenuBodyMainMenu()
16:59:40.358 [FXGL Background Thread 1 ] DEBUG FXGL.DefaultMenu     - createOptionsMenu()
16:59:40.361 [FXGL Background Thread 1 ] DEBUG AssetLoaderService   - Loading from file system: /assets/textures/particles/smoke.png
16:59:40.399 [FXGL Background Thread 1 ] DEBUG AssetLoaderService   - Loading from cache: /assets/textures/particles/trace_horizontal.png@64.0x64.0
16:59:40.399 [FXGL Background Thread 1 ] DEBUG FXGL.DefaultMenu     - createMenuBodyGameMenu()
16:59:40.400 [FXGL Background Thread 1 ] DEBUG FXGL.DefaultMenu     - createOptionsMenu()
16:59:40.402 [FXGL Background Thread 1 ] DEBUG AssetLoaderService   - Loading from cache: /assets/textures/particles/smoke.png@128.0x128.0
16:59:40.412 [FXGL Background Thread 1 ] DEBUG WindowService        - Application scenes initialized
16:59:40.418 [FXGL Background Thread 1 ] DEBUG SystemBundleService  - Loading FXGL system data
16:59:40.420 [FXGL Background Thread 1 ] DEBUG FileSystemAccess     - Reading from: C:\Users\xxdee\IdeaProjects\350FXGLjavagame\system\fxgl.bundle
16:59:40.423 [FXGL Background Thread 1 ] DEBUG SystemBundleService  - Bundle FXGL: {}
16:59:40.423 [FXGL Background Thread 1 ] INFO  Engine               - FXGL initialization took: 0.238 sec
16:59:40.424 [FXGL Background Thread 1 ] DEBUG GameApplication      - Loading localizations
16:59:40.425 [FXGL Background Thread 1 ] DEBUG AssetLoaderService   - Loading from file system: /assets/properties/languages/english.properties
16:59:40.426 [FXGL Background Thread 1 ] DEBUG AssetLoaderService   - Loading from file system: /assets/properties/languages/french.properties
16:59:40.427 [FXGL Background Thread 1 ] DEBUG AssetLoaderService   - Loading from file system: /assets/properties/languages/german.properties
16:59:40.427 [FXGL Background Thread 1 ] DEBUG AssetLoaderService   - Loading from file system: /assets/properties/languages/hungarian.properties
16:59:40.429 [FXGL Background Thread 1 ] DEBUG AssetLoaderService   - Loading from file system: /assets/properties/languages/russian.properties
16:59:40.430 [FXGL Background Thread 1 ] DEBUG GameApplication      - Registering font factories with UI factory
16:59:40.430 [FXGL Background Thread 1 ] DEBUG AssetLoaderService   - Loading from file system: /assets/ui/fonts/VarelaRound-Regular.ttf
16:59:40.603 [FXGL Background Thread 1 ] DEBUG AssetLoaderService   - Loading from file system: /assets/ui/fonts/Abel-Regular.ttf
16:59:40.606 [FXGL Background Thread 1 ] DEBUG AssetLoaderService   - Loading from file system: /assets/ui/fonts/lucida_console.ttf
16:59:40.610 [FXGL Background Thread 1 ] DEBUG AssetLoaderService   - Loading from file system: /assets/ui/fonts/Courier-Prime.ttf
16:59:40.619 [JavaFX Application Thread] DEBUG Input                - Registered new binding: action0 - D
16:59:40.620 [JavaFX Application Thread] DEBUG Input                - Registered new binding: action1 - A
16:59:40.620 [JavaFX Application Thread] DEBUG Input                - Registered new binding: action2 - W
16:59:40.620 [JavaFX Application Thread] DEBUG Input                - Registered new binding: action3 - C
16:59:40.621 [JavaFX Application Thread] DEBUG Input                - Registered new binding: action4 - Left
16:59:40.621 [JavaFX Application Thread] DEBUG Input                - Registered new binding: action5 - Right
16:59:40.621 [JavaFX Application Thread] DEBUG Input                - Registered new binding: action6 - Space
16:59:40.621 [JavaFX Application Thread] DEBUG AssetLoaderService   - Loading from file system: /assets/textures/fxgl_icon.png
16:59:40.636 [JavaFX Application Thread] DEBUG AssetLoaderService   - Loading from file system: /assets/ui/cursors/fxgl_default.png
16:59:40.638 [JavaFX Application Thread] DEBUG Input                - Registered new binding: Screenshot - P
16:59:40.638 [JavaFX Application Thread] DEBUG Input                - Registered new binding: System info dump - CTRL+9
16:59:40.638 [JavaFX Application Thread] DEBUG Input                - Registered new binding: Restart - CTRL+R
16:59:40.639 [JavaFX Application Thread] DEBUG LoopRunner           - Starting loop
16:59:40.645 [JavaFX Application Thread] DEBUG FXGLStartupScene     - STARTUP
16:59:40.647 [JavaFX Application Thread] DEBUG Input                - Clearing active input actions
16:59:40.659 [JavaFX Application Thread] DEBUG WindowService        - Removing overlay from FXGLStartupScene and adding to FXGLDefaultMenu
16:59:40.659 [JavaFX Application Thread] DEBUG MainWindow           - FXGLStartupScene -> FXGLDefaultMenu
16:59:41.656 [JavaFX Application Thread] DEBUG Menu                 - fireNewGame()
16:59:41.656 [JavaFX Application Thread] DEBUG WindowService        - Starting new game
16:59:41.657 [JavaFX Application Thread] DEBUG Input                - Clearing active input actions
16:59:41.662 [JavaFX Application Thread] DEBUG WindowService        - Removing overlay from FXGLDefaultMenu and adding to FXGLLoadingScene
16:59:41.663 [JavaFX Application Thread] DEBUG MainWindow           - FXGLDefaultMenu -> FXGLLoadingScene
16:59:41.663 [JavaFX Application Thread] DEBUG WindowService        - Clearing previous game
16:59:41.663 [JavaFX Application Thread] DEBUG GameScene            - Clearing game scene
16:59:41.663 [JavaFX Application Thread] DEBUG GameWorld            - Clearing game world
16:59:41.663 [JavaFX Application Thread] DEBUG PhysicsWorld         - Clearing physics world
16:59:41.664 [FXGL Background Thread 1 ] DEBUG GameApplication      - Initializing game
16:59:41.671 [FXGL Background Thread 1 ] DEBUG AssetLoaderService   - Loading from file system: /assets/textures/spacebackground.png
16:59:41.708 [FXGL Background Thread 1 ] DEBUG AssetLoaderService   - Loading from file system: /assets/textures/smallspaceship.png
16:59:41.719 [FXGL Background Thread 1 ] INFO  GameApplication      - Game initialization took: 0.055 sec
16:59:41.720 [JavaFX Application Thread] DEBUG Input                - Clearing active input actions
16:59:41.724 [JavaFX Application Thread] DEBUG WindowService        - Removing overlay from FXGLLoadingScene and adding to GameScene
16:59:41.724 [JavaFX Application Thread] DEBUG MainWindow           - FXGLLoadingScene -> GameScene
16:59:43.425 [FXGL Background Thread 2 ] DEBUG Engine               - Logging environment variables
16:59:43.425 [FXGL Background Thread 2 ] DEBUG Engine               - achievements: []
16:59:43.425 [FXGL Background Thread 2 ] DEBUG Engine               - language: ObjectProperty [value: ENGLISH]
16:59:43.425 [FXGL Background Thread 2 ] DEBUG Engine               - isCloseConfirmation: false
16:59:43.425 [FXGL Background Thread 2 ] DEBUG Engine               - isProfilingEnabled: false
16:59:43.425 [FXGL Background Thread 2 ] DEBUG Engine               - soundNotification: core/notification.wav
16:59:43.425 [FXGL Background Thread 2 ] DEBUG Engine               - devShowBBoxProperty: BooleanProperty [value: false]
16:59:43.425 [FXGL Background Thread 2 ] DEBUG Engine               - pixelsPerMeter: 50.0
16:59:43.425 [FXGL Background Thread 2 ] DEBUG Engine               - appIcon: fxgl_icon.png
16:59:43.425 [FXGL Background Thread 2 ] DEBUG Engine               - soundMenuBack: menu/back.wav
16:59:43.425 [FXGL Background Thread 2 ] DEBUG Engine               - isFullScreenAllowed: false
16:59:43.425 [FXGL Background Thread 2 ] DEBUG Engine               - isIntroEnabled: false
16:59:43.425 [FXGL Background Thread 2 ] DEBUG Engine               - fontMono: lucida_console.ttf
16:59:43.425 [FXGL Background Thread 2 ] DEBUG Engine               - soundMenuSelect: menu/select.wav
16:59:43.425 [FXGL Background Thread 2 ] DEBUG Engine               - isWindows: true
16:59:43.425 [FXGL Background Thread 2 ] DEBUG Engine               - isMobile: false
16:59:43.425 [FXGL Background Thread 2 ] DEBUG Engine               - isUserProfileEnabled: false
16:59:43.425 [FXGL Background Thread 2 ] DEBUG Engine               - height: 1000
16:59:43.425 [FXGL Background Thread 2 ] DEBUG Engine               - isExperimentalNative: false
16:59:43.425 [FXGL Background Thread 2 ] DEBUG Engine               - settings: Title: Space Game
Version: 0.2
Width: 2000
Height: 1000
Fullscreen: false
Intro: false
Menus: true
Profiling: false
Single step:false
App Mode: DEVELOPER
Menu Key: ESCAPE
Stage Style: DECORATED
Scene Factory: class com.almasb.fxgl.app.scene.SceneFactory

16:59:43.426 [FXGL Background Thread 2 ] DEBUG Engine               - cSSList: [fxgl_dark.css]
16:59:43.426 [FXGL Background Thread 2 ] DEBUG Engine               - isSingleStep: false
16:59:43.426 [FXGL Background Thread 2 ] DEBUG Engine               - fontGame: Abel-Regular.ttf
16:59:43.426 [FXGL Background Thread 2 ] DEBUG Engine               - menuKey: ESCAPE
16:59:43.426 [FXGL Background Thread 2 ] DEBUG Engine               - devShowPositionProperty: BooleanProperty [value: false]
16:59:43.426 [FXGL Background Thread 2 ] DEBUG Engine               - versionCheckDays: 7
16:59:43.426 [FXGL Background Thread 2 ] DEBUG Engine               - configClass: Optional.empty
16:59:43.426 [FXGL Background Thread 2 ] DEBUG Engine               - isFullScreenFromStart: false
16:59:43.426 [FXGL Background Thread 2 ] DEBUG Engine               - version: 0.2
16:59:43.426 [FXGL Background Thread 2 ] DEBUG Engine               - fullScreen: BooleanProperty [value: false]
16:59:43.426 [FXGL Background Thread 2 ] DEBUG Engine               - randomSeed: -1
16:59:43.426 [FXGL Background Thread 2 ] DEBUG Engine               - gameDifficultyProperty: ObjectProperty [value: MEDIUM]
16:59:43.426 [FXGL Background Thread 2 ] DEBUG Engine               - applicationMode: DEVELOPER
16:59:43.426 [FXGL Background Thread 2 ] DEBUG Engine               - isMac: false
16:59:43.426 [FXGL Background Thread 2 ] DEBUG Engine               - isMenuEnabled: true
16:59:43.426 [FXGL Background Thread 2 ] DEBUG Engine               - profileName: StringProperty [value: DEFAULT]
16:59:43.426 [FXGL Background Thread 2 ] DEBUG Engine               - urlPOM: https://raw.githubusercontent.com/AlmasB/FXGL/master/pom.xml
16:59:43.426 [FXGL Background Thread 2 ] DEBUG Engine               - notificationViewClass: class com.almasb.fxgl.notification.view.XboxNotificationView
16:59:43.426 [FXGL Background Thread 2 ] DEBUG Engine               - devSensorColorProperty: ObjectProperty [value: 0xffff00ff]
16:59:43.426 [FXGL Background Thread 2 ] DEBUG Engine               - sceneFactory: com.almasb.fxgl.app.scene.SceneFactory@498510d9
16:59:43.426 [FXGL Background Thread 2 ] DEBUG Engine               - stageStyle: DECORATED
16:59:43.426 [FXGL Background Thread 2 ] DEBUG Engine               - isManualResizeEnabled: false
16:59:43.426 [FXGL Background Thread 2 ] DEBUG Engine               - title: Space Game
16:59:43.427 [FXGL Background Thread 2 ] DEBUG Engine               - platform: WINDOWS
16:59:43.427 [FXGL Background Thread 2 ] DEBUG Engine               - devBBoxColorProperty: ObjectProperty [value: 0xff0000ff]
16:59:43.427 [FXGL Background Thread 2 ] DEBUG Engine               - gameDifficulty: MEDIUM
16:59:43.427 [FXGL Background Thread 2 ] DEBUG Engine               - isDesktop: true
16:59:43.427 [FXGL Background Thread 2 ] DEBUG Engine               - supportedLanguages: [ENGLISH, FRENCH, GERMAN, HUNGARIAN, RUSSIAN]
16:59:43.427 [FXGL Background Thread 2 ] DEBUG Engine               - credits: []
16:59:43.427 [FXGL Background Thread 2 ] DEBUG Engine               - globalMusicVolumeProperty: DoubleProperty [value: 0.5]
16:59:43.427 [FXGL Background Thread 2 ] DEBUG Engine               - isPreserveResizeRatio: false
16:59:43.427 [FXGL Background Thread 2 ] DEBUG Engine               - fontText: Courier-Prime.ttf
16:59:43.427 [FXGL Background Thread 2 ] DEBUG Engine               - isExperimentalTiledLargeMap: false
16:59:43.427 [FXGL Background Thread 2 ] DEBUG Engine               - secondsIn24h: 60
16:59:43.427 [FXGL Background Thread 2 ] DEBUG Engine               - runtimeInfo: RuntimeInfo(platform=WINDOWS, version=11.8, build=08.03.2020 09.09)
16:59:43.427 [FXGL Background Thread 2 ] DEBUG Engine               - isLinux: false
16:59:43.427 [FXGL Background Thread 2 ] DEBUG Engine               - soundMenuPress: menu/press.wav
16:59:43.427 [FXGL Background Thread 2 ] DEBUG Engine               - urlGithub: https://github.com/AlmasB/FXGL
16:59:43.427 [FXGL Background Thread 2 ] DEBUG Engine               - profileDir: profiles/
16:59:43.427 [FXGL Background Thread 2 ] DEBUG Engine               - isDeveloperMenuEnabled: false
16:59:43.427 [FXGL Background Thread 2 ] DEBUG Engine               - globalSoundVolumeProperty: DoubleProperty [value: 0.1]
16:59:43.427 [FXGL Background Thread 2 ] DEBUG Engine               - mainWindow: com.almasb.fxgl.app.MainWindow@4dba8d31
16:59:43.427 [FXGL Background Thread 2 ] DEBUG Engine               - isBrowser: false
16:59:43.427 [FXGL Background Thread 2 ] DEBUG Engine               - globalSoundVolume: 0.5
16:59:43.427 [FXGL Background Thread 2 ] DEBUG Engine               - urlLeaderboard: http://fxgl-top.herokuapp.com/
16:59:43.427 [FXGL Background Thread 2 ] DEBUG Engine               - engineServices: [class com.almasb.fxgl.app.GameApplication$GameApplicationService, class com.almasb.fxgl.app.services.WindowService, class com.almasb.fxgl.app.services.FXGLDialogService, class com.almasb.fxgl.app.services.IOTaskExecutorService, class com.almasb.fxgl.event.EventBusService, class com.almasb.fxgl.io.FileSystemService, class com.almasb.fxgl.localization.LocalizationService, class com.almasb.fxgl.app.services.AssetLoaderService, class com.almasb.fxgl.app.services.SystemBundleService, class com.almasb.fxgl.profile.SaveLoadService, class com.almasb.fxgl.ui.FXGLUIFactoryServiceProvider, class com.almasb.fxgl.ui.FXGLDialogFactoryServiceProvider, class com.almasb.fxgl.audio.AudioPlayer, class com.almasb.fxgl.notification.impl.NotificationServiceProvider, class com.almasb.fxgl.achievement.AchievementService, class com.almasb.fxgl.cutscene.CutsceneService, class com.almasb.fxgl.minigames.MiniGameService, class com.almasb.fxgl.net.NetService, class com.almasb.fxgl.app.services.UpdaterService]
16:59:43.427 [FXGL Background Thread 2 ] DEBUG Engine               - globalMusicVolume: 0.5
16:59:43.427 [FXGL Background Thread 2 ] DEBUG Engine               - width: 2000
16:59:43.428 [FXGL Background Thread 2 ] DEBUG Engine               - saveFileExt: sav
16:59:43.428 [FXGL Background Thread 2 ] DEBUG Engine               - isAndroid: false
16:59:43.428 [FXGL Background Thread 2 ] DEBUG Engine               - fontUI: VarelaRound-Regular.ttf
16:59:43.428 [FXGL Background Thread 2 ] DEBUG Engine               - enabledMenuItems: []
16:59:43.428 [FXGL Background Thread 2 ] DEBUG Engine               - isIOS: false
16:59:43.428 [FXGL Background Thread 2 ] DEBUG Engine               - Logging services
16:59:43.428 [FXGL Background Thread 2 ] DEBUG Engine               - class com.almasb.fxgl.app.GameApplication$GameApplicationService
16:59:43.428 [FXGL Background Thread 2 ] DEBUG Engine               - class com.almasb.fxgl.app.services.WindowService
16:59:43.428 [FXGL Background Thread 2 ] DEBUG Engine               - class com.almasb.fxgl.app.services.FXGLDialogService
16:59:43.428 [FXGL Background Thread 2 ] DEBUG Engine               - class com.almasb.fxgl.app.services.IOTaskExecutorService
16:59:43.428 [FXGL Background Thread 2 ] DEBUG Engine               - class com.almasb.fxgl.event.EventBusService
16:59:43.428 [FXGL Background Thread 2 ] DEBUG Engine               - class com.almasb.fxgl.io.FileSystemService
16:59:43.428 [FXGL Background Thread 2 ] DEBUG Engine               - class com.almasb.fxgl.localization.LocalizationService
16:59:43.428 [FXGL Background Thread 2 ] DEBUG Engine               - class com.almasb.fxgl.app.services.AssetLoaderService
16:59:43.428 [FXGL Background Thread 2 ] DEBUG Engine               - class com.almasb.fxgl.app.services.SystemBundleService
16:59:43.428 [FXGL Background Thread 2 ] DEBUG Engine               - class com.almasb.fxgl.profile.SaveLoadService
16:59:43.428 [FXGL Background Thread 2 ] DEBUG Engine               - class com.almasb.fxgl.ui.FXGLUIFactoryServiceProvider
16:59:43.428 [FXGL Background Thread 2 ] DEBUG Engine               - class com.almasb.fxgl.ui.FXGLDialogFactoryServiceProvider
16:59:43.428 [FXGL Background Thread 2 ] DEBUG Engine               - class com.almasb.fxgl.audio.AudioPlayer
16:59:43.428 [FXGL Background Thread 2 ] DEBUG Engine               - class com.almasb.fxgl.notification.impl.NotificationServiceProvider
16:59:43.428 [FXGL Background Thread 2 ] DEBUG Engine               - class com.almasb.fxgl.achievement.AchievementService
16:59:43.428 [FXGL Background Thread 2 ] DEBUG Engine               - class com.almasb.fxgl.cutscene.CutsceneService
16:59:43.428 [FXGL Background Thread 2 ] DEBUG Engine               - class com.almasb.fxgl.minigames.MiniGameService
16:59:43.428 [FXGL Background Thread 2 ] DEBUG Engine               - class com.almasb.fxgl.net.NetService
16:59:43.428 [FXGL Background Thread 2 ] DEBUG Engine               - class com.almasb.fxgl.app.services.UpdaterService
16:59:44.509 [JavaFX Application Thread] DEBUG AssetLoaderService   - Loading from file system: /assets/textures/smallasteroid.png
16:59:44.763 [JavaFX Application Thread] DEBUG AssetLoaderService   - Loading from cache: /assets/textures/smallasteroid.png
16:59:45.364 [JavaFX Application Thread] DEBUG AssetLoaderService   - Loading from file system: /assets/textures/projectile.png
16:59:45.859 [JavaFX Application Thread] DEBUG AssetLoaderService   - Loading from file system: /assets/sounds/explosion.wav
16:59:45.913 [JavaFX Application Thread] DEBUG AssetLoaderService   - Loading from file system: /assets/textures/explosion.png
16:59:46.834 [JavaFX Application Thread] DEBUG AssetLoaderService   - Loading from cache: /assets/textures/smallasteroid.png
16:59:47.244 [JavaFX Application Thread] DEBUG AssetLoaderService   - Loading from cache: /assets/textures/projectile.png
16:59:47.343 [JavaFX Application Thread] DEBUG AssetLoaderService   - Loading from cache: /assets/textures/smallasteroid.png
16:59:47.919 [JavaFX Application Thread] DEBUG AssetLoaderService   - Loading from cache: /assets/sounds/explosion.wav
16:59:47.919 [JavaFX Application Thread] DEBUG AssetLoaderService   - Loading from cache: /assets/textures/explosion.png
16:59:48.556 [JavaFX Application Thread] DEBUG AssetLoaderService   - Loading from cache: /assets/textures/projectile.png
16:59:48.846 [JavaFX Application Thread] DEBUG AssetLoaderService   - Loading from cache: /assets/sounds/explosion.wav
16:59:48.847 [JavaFX Application Thread] DEBUG AssetLoaderService   - Loading from cache: /assets/textures/explosion.png
16:59:49.116 [JavaFX Application Thread] DEBUG AssetLoaderService   - Loading from cache: /assets/textures/smallasteroid.png
16:59:49.874 [JavaFX Application Thread] DEBUG AssetLoaderService   - Loading from cache: /assets/textures/smallasteroid.png
16:59:50.505 [JavaFX Application Thread] DEBUG AssetLoaderService   - Loading from cache: /assets/textures/projectile.png
16:59:50.648 [JavaFX Application Thread] DEBUG AssetLoaderService   - Loading from cache: /assets/textures/projectile.png
16:59:51.041 [JavaFX Application Thread] DEBUG AssetLoaderService   - Loading from cache: /assets/sounds/explosion.wav
16:59:51.042 [JavaFX Application Thread] DEBUG AssetLoaderService   - Loading from cache: /assets/textures/explosion.png
16:59:51.394 [JavaFX Application Thread] DEBUG AssetLoaderService   - Loading from cache: /assets/textures/smallasteroid.png
16:59:51.404 [JavaFX Application Thread] DEBUG AssetLoaderService   - Loading from cache: /assets/textures/projectile.png
16:59:51.553 [JavaFX Application Thread] DEBUG AssetLoaderService   - Loading from cache: /assets/sounds/explosion.wav
16:59:51.553 [JavaFX Application Thread] DEBUG AssetLoaderService   - Loading from cache: /assets/textures/explosion.png
16:59:52.293 [JavaFX Application Thread] DEBUG AssetLoaderService   - Loading from cache: /assets/textures/projectile.png
16:59:52.417 [JavaFX Application Thread] DEBUG AssetLoaderService   - Loading from cache: /assets/textures/smallasteroid.png
16:59:52.492 [JavaFX Application Thread] DEBUG AssetLoaderService   - Loading from cache: /assets/textures/projectile.png
16:59:52.715 [JavaFX Application Thread] DEBUG AssetLoaderService   - Loading from cache: /assets/textures/projectile.png
16:59:52.924 [JavaFX Application Thread] DEBUG AssetLoaderService   - Loading from cache: /assets/textures/projectile.png
16:59:53.144 [JavaFX Application Thread] DEBUG AssetLoaderService   - Loading from cache: /assets/textures/projectile.png
16:59:53.532 [JavaFX Application Thread] DEBUG AssetLoaderService   - Loading from cache: /assets/textures/projectile.png
16:59:53.681 [JavaFX Application Thread] DEBUG AssetLoaderService   - Loading from cache: /assets/textures/smallasteroid.png
16:59:54.006 [JavaFX Application Thread] DEBUG AssetLoaderService   - Loading from cache: /assets/textures/projectile.png
16:59:54.082 [JavaFX Application Thread] DEBUG AssetLoaderService   - Loading from cache: /assets/sounds/explosion.wav
16:59:54.082 [JavaFX Application Thread] DEBUG AssetLoaderService   - Loading from cache: /assets/textures/explosion.png
16:59:54.183 [JavaFX Application Thread] DEBUG AssetLoaderService   - Loading from cache: /assets/textures/projectile.png
16:59:54.401 [JavaFX Application Thread] DEBUG AssetLoaderService   - Loading from cache: /assets/sounds/explosion.wav
16:59:54.401 [JavaFX Application Thread] DEBUG AssetLoaderService   - Loading from cache: /assets/textures/explosion.png
16:59:54.468 [JavaFX Application Thread] DEBUG AssetLoaderService   - Loading from cache: /assets/textures/projectile.png
16:59:54.958 [JavaFX Application Thread] DEBUG AssetLoaderService   - Loading from cache: /assets/textures/smallasteroid.png
16:59:55.143 [JavaFX Application Thread] DEBUG AssetLoaderService   - Loading from cache: /assets/textures/projectile.png
16:59:55.484 [JavaFX Application Thread] DEBUG AssetLoaderService   - Loading from cache: /assets/textures/projectile.png
16:59:55.656 [JavaFX Application Thread] DEBUG AssetLoaderService   - Loading from cache: /assets/textures/projectile.png
16:59:55.828 [JavaFX Application Thread] DEBUG AssetLoaderService   - Loading from cache: /assets/textures/projectile.png
16:59:55.969 [JavaFX Application Thread] DEBUG AssetLoaderService   - Loading from cache: /assets/textures/smallasteroid.png
16:59:56.037 [JavaFX Application Thread] DEBUG AssetLoaderService   - Loading from cache: /assets/textures/projectile.png
16:59:56.268 [JavaFX Application Thread] DEBUG AssetLoaderService   - Loading from cache: /assets/textures/projectile.png
16:59:56.517 [JavaFX Application Thread] DEBUG AssetLoaderService   - Loading from cache: /assets/textures/projectile.png
16:59:56.593 [JavaFX Application Thread] DEBUG AssetLoaderService   - Loading from cache: /assets/sounds/explosion.wav
16:59:56.593 [JavaFX Application Thread] DEBUG AssetLoaderService   - Loading from cache: /assets/textures/explosion.png
16:59:56.978 [JavaFX Application Thread] DEBUG AssetLoaderService   - Loading from cache: /assets/sounds/explosion.wav
16:59:56.978 [JavaFX Application Thread] DEBUG AssetLoaderService   - Loading from cache: /assets/textures/explosion.png
16:59:57.017 [JavaFX Application Thread] DEBUG AssetLoaderService   - Loading from cache: /assets/textures/projectile.png
16:59:57.186 [JavaFX Application Thread] DEBUG AssetLoaderService   - Loading from cache: /assets/sounds/explosion.wav
16:59:57.186 [JavaFX Application Thread] DEBUG AssetLoaderService   - Loading from cache: /assets/textures/explosion.png
16:59:57.188 [JavaFX Application Thread] DEBUG AssetLoaderService   - Loading from cache: /assets/textures/projectile.png
16:59:57.490 [JavaFX Application Thread] DEBUG AssetLoaderService   - Loading from cache: /assets/textures/smallasteroid.png
16:59:57.740 [JavaFX Application Thread] DEBUG AssetLoaderService   - Loading from cache: /assets/textures/projectile.png
16:59:58.122 [JavaFX Application Thread] DEBUG AssetLoaderService   - Loading from cache: /assets/textures/projectile.png
16:59:58.257 [JavaFX Application Thread] DEBUG AssetLoaderService   - Loading from cache: /assets/textures/smallasteroid.png
16:59:58.300 [JavaFX Application Thread] DEBUG AssetLoaderService   - Loading from cache: /assets/textures/projectile.png
16:59:58.796 [JavaFX Application Thread] DEBUG AssetLoaderService   - Loading from cache: /assets/textures/projectile.png
16:59:58.866 [JavaFX Application Thread] DEBUG AssetLoaderService   - Loading from cache: /assets/sounds/explosion.wav
16:59:58.866 [JavaFX Application Thread] DEBUG AssetLoaderService   - Loading from cache: /assets/textures/explosion.png
16:59:59.260 [JavaFX Application Thread] DEBUG AssetLoaderService   - Loading from cache: /assets/textures/projectile.png
16:59:59.589 [JavaFX Application Thread] DEBUG Input                - Clearing active input actions
16:59:59.593 [JavaFX Application Thread] DEBUG WindowService        - Removing overlay from GameScene and adding to FXGLDefaultMenu
16:59:59.594 [JavaFX Application Thread] DEBUG MainWindow           - GameScene -> FXGLDefaultMenu
17:00:00.904 [JavaFX Application Thread] DEBUG GameApplication      - Exiting FXGL
17:00:00.904 [JavaFX Application Thread] DEBUG LoopRunner           - Stopping loop
17:00:00.904 [JavaFX Application Thread] DEBUG SystemBundleService  - Saving FXGL system data
17:00:00.906 [JavaFX Application Thread] DEBUG FileSystemAccess     - Writing to: C:\Users\xxdee\IdeaProjects\350FXGLjavagame\system\fxgl.bundle
17:00:00.907 [JavaFX Application Thread] DEBUG GameApplication      - Shutting down background threads
17:00:00.907 [JavaFX Application Thread] DEBUG GameApplication      - Closing logger and exiting JavaFX
