16:12:59.325 [main                     ] DEBUG GameApplication      - Logger initialized
16:12:59.337 [main                     ] DEBUG GameApplication      - Logging settings
Title: Space Game
Version: 0.2
Width: 1920
Height: 1080
Fullscreen: false
Intro: false
Menus: true
Profiling: false
Single step:false
App Mode: DEVELOPER
Menu Key: ESCAPE
Stage Style: DECORATED
Scene Factory: class com.almasb.fxgl.app.scene.SceneFactory

16:12:59.639 [JavaFX Application Thread] DEBUG GameApplication      - Initializing FXGL
16:12:59.646 [JavaFX Application Thread] INFO  Engine               - FXGL-11.8 (08.03.2020 09.09) on WINDOWS (J:11.0.8 FX:13.0.2)
16:12:59.646 [JavaFX Application Thread] INFO  Engine               - Source code and latest versions at: https://github.com/AlmasB/FXGL
16:12:59.646 [JavaFX Application Thread] INFO  Engine               -              Join the FXGL chat at: https://gitter.im/AlmasB/FXGL
16:12:59.728 [JavaFX Application Thread] DEBUG MainWindow           - Creating a JavaFX scene
16:12:59.728 [JavaFX Application Thread] DEBUG MainWindow           - Target size > screen size
16:12:59.778 [JavaFX Application Thread] DEBUG MainWindow           - Target settings size: 1920.0 x 1080.0
16:12:59.778 [JavaFX Application Thread] DEBUG MainWindow           - Scaled scene size:    1823.0 x 1039.0
16:12:59.778 [JavaFX Application Thread] DEBUG MainWindow           - Scaled ratio: (0.9494791666666667, 0.962037037037037)
16:12:59.780 [JavaFX Application Thread] DEBUG MainWindow           - Set initial scene to FXGLStartupScene
16:12:59.784 [JavaFX Application Thread] DEBUG MainWindow           - Opening main window
16:12:59.846 [JavaFX Application Thread] DEBUG MainWindow           - Window border size: (16.0, 39.0)
16:12:59.846 [JavaFX Application Thread] DEBUG MainWindow           - Scaled size: 1823.0 x 1039.0
16:12:59.846 [JavaFX Application Thread] DEBUG MainWindow           - Scaled ratio: (0.9494791666666667, 0.962037037037037)
16:12:59.846 [JavaFX Application Thread] DEBUG MainWindow           - Scene size: 1823.0 x 1039.0
16:12:59.846 [JavaFX Application Thread] DEBUG MainWindow           - Stage size: 1839.0 x 1078.0
16:12:59.852 [FXGL Background Thread 1 ] DEBUG Engine               - Initializing environment variables
16:12:59.870 [FXGL Background Thread 1 ] DEBUG WindowService        - Applying CSS: fxgl_dark.css
16:12:59.871 [FXGL Background Thread 1 ] DEBUG AssetLoaderService   - Loading from file system: /assets/ui/css/fxgl_dark.css
16:12:59.904 [FXGL Background Thread 1 ] DEBUG WindowService        - Initializing application scenes
16:12:59.931 [FXGL Background Thread 1 ] DEBUG GameWorld            - Game world initialized
16:12:59.958 [FXGL Background Thread 1 ] DEBUG PhysicsWorld         - Physics world initialized: appHeight=1080, physics.ppm=50.0
16:12:59.959 [FXGL Background Thread 1 ] DEBUG GameScene            - Game scene initialized: 1920x1080
16:12:59.977 [FXGL Background Thread 1 ] DEBUG AssetLoaderService   - Loading from file system: /assets/textures/particles/trace_horizontal.png
16:13:00.018 [FXGL Background Thread 1 ] DEBUG FXGL.DefaultMenu     - createMenuBodyMainMenu()
16:13:00.028 [FXGL Background Thread 1 ] DEBUG FXGL.DefaultMenu     - createOptionsMenu()
16:13:00.031 [FXGL Background Thread 1 ] DEBUG FXGL.DefaultMenu     - createExtraMenu()
16:13:00.032 [FXGL Background Thread 1 ] DEBUG AssetLoaderService   - Loading from file system: /assets/textures/particles/smoke.png
16:13:00.069 [FXGL Background Thread 1 ] DEBUG AssetLoaderService   - Loading from cache: /assets/textures/particles/trace_horizontal.png@64.0x64.0
16:13:00.069 [FXGL Background Thread 1 ] DEBUG FXGL.DefaultMenu     - createMenuBodyGameMenu()
16:13:00.070 [FXGL Background Thread 1 ] DEBUG FXGL.DefaultMenu     - createOptionsMenu()
16:13:00.071 [FXGL Background Thread 1 ] DEBUG FXGL.DefaultMenu     - createExtraMenu()
16:13:00.072 [FXGL Background Thread 1 ] DEBUG AssetLoaderService   - Loading from cache: /assets/textures/particles/smoke.png@128.0x128.0
16:13:00.082 [FXGL Background Thread 1 ] DEBUG WindowService        - Application scenes initialized
16:13:00.087 [FXGL Background Thread 1 ] DEBUG SystemBundleService  - Loading FXGL system data
16:13:00.090 [FXGL Background Thread 1 ] DEBUG FileSystemAccess     - Reading from: C:\Users\xxdee\IdeaProjects\350FXGLjavagame\system\fxgl.bundle
16:13:00.093 [FXGL Background Thread 1 ] DEBUG SystemBundleService  - Bundle FXGL: {}
16:13:00.093 [FXGL Background Thread 1 ] INFO  Engine               - FXGL initialization took: 0.240 sec
16:13:00.094 [FXGL Background Thread 1 ] DEBUG GameApplication      - Loading localizations
16:13:00.094 [FXGL Background Thread 1 ] DEBUG AssetLoaderService   - Loading from file system: /assets/properties/languages/english.properties
16:13:00.095 [FXGL Background Thread 1 ] DEBUG AssetLoaderService   - Loading from file system: /assets/properties/languages/french.properties
16:13:00.096 [FXGL Background Thread 1 ] DEBUG AssetLoaderService   - Loading from file system: /assets/properties/languages/german.properties
16:13:00.097 [FXGL Background Thread 1 ] DEBUG AssetLoaderService   - Loading from file system: /assets/properties/languages/hungarian.properties
16:13:00.098 [FXGL Background Thread 1 ] DEBUG AssetLoaderService   - Loading from file system: /assets/properties/languages/russian.properties
16:13:00.099 [FXGL Background Thread 1 ] DEBUG GameApplication      - Registering font factories with UI factory
16:13:00.099 [FXGL Background Thread 1 ] DEBUG AssetLoaderService   - Loading from file system: /assets/ui/fonts/VarelaRound-Regular.ttf
16:13:00.279 [FXGL Background Thread 1 ] DEBUG AssetLoaderService   - Loading from file system: /assets/ui/fonts/Abel-Regular.ttf
16:13:00.281 [FXGL Background Thread 1 ] DEBUG AssetLoaderService   - Loading from file system: /assets/ui/fonts/lucida_console.ttf
16:13:00.283 [FXGL Background Thread 1 ] DEBUG AssetLoaderService   - Loading from file system: /assets/ui/fonts/Courier-Prime.ttf
16:13:00.292 [JavaFX Application Thread] DEBUG Input                - Registered new binding: action0 - D
16:13:00.292 [JavaFX Application Thread] DEBUG Input                - Registered new binding: action1 - A
16:13:00.292 [JavaFX Application Thread] DEBUG Input                - Registered new binding: action2 - W
16:13:00.292 [JavaFX Application Thread] DEBUG Input                - Registered new binding: action3 - C
16:13:00.293 [JavaFX Application Thread] DEBUG Input                - Registered new binding: action4 - Left
16:13:00.293 [JavaFX Application Thread] DEBUG Input                - Registered new binding: action5 - Right
16:13:00.293 [JavaFX Application Thread] DEBUG Input                - Registered new binding: action6 - Space
16:13:00.293 [JavaFX Application Thread] DEBUG AssetLoaderService   - Loading from file system: /assets/textures/fxgl_icon.png
16:13:00.310 [JavaFX Application Thread] DEBUG AssetLoaderService   - Loading from file system: /assets/ui/cursors/fxgl_default.png
16:13:00.311 [JavaFX Application Thread] DEBUG Input                - Registered new binding: Screenshot - P
16:13:00.311 [JavaFX Application Thread] DEBUG Input                - Registered new binding: System info dump - CTRL+9
16:13:00.311 [JavaFX Application Thread] DEBUG Input                - Registered new binding: Restart - CTRL+R
16:13:00.312 [JavaFX Application Thread] DEBUG LoopRunner           - Starting loop
16:13:00.316 [JavaFX Application Thread] DEBUG FXGLStartupScene     - STARTUP
16:13:00.319 [JavaFX Application Thread] DEBUG Input                - Clearing active input actions
16:13:00.333 [JavaFX Application Thread] DEBUG WindowService        - Removing overlay from FXGLStartupScene and adding to FXGLDefaultMenu
16:13:00.333 [JavaFX Application Thread] DEBUG MainWindow           - FXGLStartupScene -> FXGLDefaultMenu
16:13:02.735 [JavaFX Application Thread] DEBUG Menu                 - fireNewGame()
16:13:02.735 [JavaFX Application Thread] DEBUG WindowService        - Starting new game
16:13:02.735 [JavaFX Application Thread] DEBUG Input                - Clearing active input actions
16:13:02.741 [JavaFX Application Thread] DEBUG WindowService        - Removing overlay from FXGLDefaultMenu and adding to FXGLLoadingScene
16:13:02.741 [JavaFX Application Thread] DEBUG MainWindow           - FXGLDefaultMenu -> FXGLLoadingScene
16:13:02.741 [JavaFX Application Thread] DEBUG WindowService        - Clearing previous game
16:13:02.741 [JavaFX Application Thread] DEBUG GameScene            - Clearing game scene
16:13:02.741 [JavaFX Application Thread] DEBUG GameWorld            - Clearing game world
16:13:02.742 [JavaFX Application Thread] DEBUG PhysicsWorld         - Clearing physics world
16:13:02.742 [FXGL Background Thread 1 ] DEBUG GameApplication      - Initializing game
16:13:02.750 [FXGL Background Thread 1 ] DEBUG AssetLoaderService   - Loading from file system: /assets/textures/openspace.jpg
16:13:02.828 [FXGL Background Thread 1 ] DEBUG AssetLoaderService   - Loading from file system: /assets/textures/smallspaceship.png
16:13:02.842 [FXGL Background Thread 1 ] INFO  GameApplication      - Game initialization took: 0.100 sec
16:13:02.858 [JavaFX Application Thread] DEBUG Input                - Clearing active input actions
16:13:02.863 [JavaFX Application Thread] DEBUG WindowService        - Removing overlay from FXGLLoadingScene and adding to GameScene
16:13:02.863 [JavaFX Application Thread] DEBUG MainWindow           - FXGLLoadingScene -> GameScene
16:13:03.094 [FXGL Background Thread 2 ] DEBUG Engine               - Logging environment variables
16:13:03.094 [FXGL Background Thread 2 ] DEBUG Engine               - achievements: []
16:13:03.094 [FXGL Background Thread 2 ] DEBUG Engine               - language: ObjectProperty [value: ENGLISH]
16:13:03.094 [FXGL Background Thread 2 ] DEBUG Engine               - isCloseConfirmation: false
16:13:03.094 [FXGL Background Thread 2 ] DEBUG Engine               - isProfilingEnabled: false
16:13:03.094 [FXGL Background Thread 2 ] DEBUG Engine               - soundNotification: core/notification.wav
16:13:03.094 [FXGL Background Thread 2 ] DEBUG Engine               - devShowBBoxProperty: BooleanProperty [value: false]
16:13:03.094 [FXGL Background Thread 2 ] DEBUG Engine               - pixelsPerMeter: 50.0
16:13:03.094 [FXGL Background Thread 2 ] DEBUG Engine               - soundMenuBack: menu/back.wav
16:13:03.094 [FXGL Background Thread 2 ] DEBUG Engine               - appIcon: fxgl_icon.png
16:13:03.094 [FXGL Background Thread 2 ] DEBUG Engine               - isFullScreenAllowed: false
16:13:03.094 [FXGL Background Thread 2 ] DEBUG Engine               - isIntroEnabled: false
16:13:03.094 [FXGL Background Thread 2 ] DEBUG Engine               - fontMono: lucida_console.ttf
16:13:03.094 [FXGL Background Thread 2 ] DEBUG Engine               - soundMenuSelect: menu/select.wav
16:13:03.094 [FXGL Background Thread 2 ] DEBUG Engine               - isWindows: true
16:13:03.094 [FXGL Background Thread 2 ] DEBUG Engine               - isMobile: false
16:13:03.095 [FXGL Background Thread 2 ] DEBUG Engine               - isUserProfileEnabled: false
16:13:03.095 [FXGL Background Thread 2 ] DEBUG Engine               - height: 1080
16:13:03.095 [FXGL Background Thread 2 ] DEBUG Engine               - isExperimentalNative: false
16:13:03.095 [FXGL Background Thread 2 ] DEBUG Engine               - settings: Title: Space Game
Version: 0.2
Width: 1920
Height: 1080
Fullscreen: false
Intro: false
Menus: true
Profiling: false
Single step:false
App Mode: DEVELOPER
Menu Key: ESCAPE
Stage Style: DECORATED
Scene Factory: class com.almasb.fxgl.app.scene.SceneFactory

16:13:03.095 [FXGL Background Thread 2 ] DEBUG Engine               - cSSList: [fxgl_dark.css]
16:13:03.095 [FXGL Background Thread 2 ] DEBUG Engine               - isSingleStep: false
16:13:03.095 [FXGL Background Thread 2 ] DEBUG Engine               - fontGame: Abel-Regular.ttf
16:13:03.095 [FXGL Background Thread 2 ] DEBUG Engine               - menuKey: ESCAPE
16:13:03.095 [FXGL Background Thread 2 ] DEBUG Engine               - devShowPositionProperty: BooleanProperty [value: false]
16:13:03.095 [FXGL Background Thread 2 ] DEBUG Engine               - versionCheckDays: 7
16:13:03.095 [FXGL Background Thread 2 ] DEBUG Engine               - configClass: Optional.empty
16:13:03.095 [FXGL Background Thread 2 ] DEBUG Engine               - isFullScreenFromStart: false
16:13:03.095 [FXGL Background Thread 2 ] DEBUG Engine               - version: 0.2
16:13:03.095 [FXGL Background Thread 2 ] DEBUG Engine               - fullScreen: BooleanProperty [value: false]
16:13:03.095 [FXGL Background Thread 2 ] DEBUG Engine               - randomSeed: -1
16:13:03.095 [FXGL Background Thread 2 ] DEBUG Engine               - gameDifficultyProperty: ObjectProperty [value: MEDIUM]
16:13:03.095 [FXGL Background Thread 2 ] DEBUG Engine               - applicationMode: DEVELOPER
16:13:03.095 [FXGL Background Thread 2 ] DEBUG Engine               - isMac: false
16:13:03.095 [FXGL Background Thread 2 ] DEBUG Engine               - isMenuEnabled: true
16:13:03.095 [FXGL Background Thread 2 ] DEBUG Engine               - urlPOM: https://raw.githubusercontent.com/AlmasB/FXGL/master/pom.xml
16:13:03.095 [FXGL Background Thread 2 ] DEBUG Engine               - profileName: StringProperty [value: DEFAULT]
16:13:03.095 [FXGL Background Thread 2 ] DEBUG Engine               - notificationViewClass: class com.almasb.fxgl.notification.view.XboxNotificationView
16:13:03.095 [FXGL Background Thread 2 ] DEBUG Engine               - devSensorColorProperty: ObjectProperty [value: 0xffff00ff]
16:13:03.096 [FXGL Background Thread 2 ] DEBUG Engine               - sceneFactory: com.almasb.fxgl.app.scene.SceneFactory@24d451d8
16:13:03.096 [FXGL Background Thread 2 ] DEBUG Engine               - stageStyle: DECORATED
16:13:03.096 [FXGL Background Thread 2 ] DEBUG Engine               - isManualResizeEnabled: true
16:13:03.096 [FXGL Background Thread 2 ] DEBUG Engine               - title: Space Game
16:13:03.096 [FXGL Background Thread 2 ] DEBUG Engine               - platform: WINDOWS
16:13:03.096 [FXGL Background Thread 2 ] DEBUG Engine               - devBBoxColorProperty: ObjectProperty [value: 0xff0000ff]
16:13:03.096 [FXGL Background Thread 2 ] DEBUG Engine               - gameDifficulty: MEDIUM
16:13:03.096 [FXGL Background Thread 2 ] DEBUG Engine               - isDesktop: true
16:13:03.096 [FXGL Background Thread 2 ] DEBUG Engine               - supportedLanguages: [ENGLISH, FRENCH, GERMAN, HUNGARIAN, RUSSIAN]
16:13:03.096 [FXGL Background Thread 2 ] DEBUG Engine               - credits: []
16:13:03.096 [FXGL Background Thread 2 ] DEBUG Engine               - globalMusicVolumeProperty: DoubleProperty [value: 0.5]
16:13:03.096 [FXGL Background Thread 2 ] DEBUG Engine               - isPreserveResizeRatio: false
16:13:03.096 [FXGL Background Thread 2 ] DEBUG Engine               - fontText: Courier-Prime.ttf
16:13:03.096 [FXGL Background Thread 2 ] DEBUG Engine               - isExperimentalTiledLargeMap: false
16:13:03.096 [FXGL Background Thread 2 ] DEBUG Engine               - secondsIn24h: 60
16:13:03.096 [FXGL Background Thread 2 ] DEBUG Engine               - runtimeInfo: RuntimeInfo(platform=WINDOWS, version=11.8, build=08.03.2020 09.09)
16:13:03.096 [FXGL Background Thread 2 ] DEBUG Engine               - isLinux: false
16:13:03.096 [FXGL Background Thread 2 ] DEBUG Engine               - soundMenuPress: menu/press.wav
16:13:03.096 [FXGL Background Thread 2 ] DEBUG Engine               - urlGithub: https://github.com/AlmasB/FXGL
16:13:03.096 [FXGL Background Thread 2 ] DEBUG Engine               - profileDir: profiles/
16:13:03.096 [FXGL Background Thread 2 ] DEBUG Engine               - isDeveloperMenuEnabled: false
16:13:03.096 [FXGL Background Thread 2 ] DEBUG Engine               - globalSoundVolumeProperty: DoubleProperty [value: 0.1]
16:13:03.096 [FXGL Background Thread 2 ] DEBUG Engine               - mainWindow: com.almasb.fxgl.app.MainWindow@20ebd19a
16:13:03.096 [FXGL Background Thread 2 ] DEBUG Engine               - isBrowser: false
16:13:03.096 [FXGL Background Thread 2 ] DEBUG Engine               - urlLeaderboard: http://fxgl-top.herokuapp.com/
16:13:03.097 [FXGL Background Thread 2 ] DEBUG Engine               - globalSoundVolume: 0.5
16:13:03.097 [FXGL Background Thread 2 ] DEBUG Engine               - engineServices: [class com.almasb.fxgl.app.GameApplication$GameApplicationService, class com.almasb.fxgl.app.services.WindowService, class com.almasb.fxgl.app.services.FXGLDialogService, class com.almasb.fxgl.app.services.IOTaskExecutorService, class com.almasb.fxgl.event.EventBusService, class com.almasb.fxgl.io.FileSystemService, class com.almasb.fxgl.localization.LocalizationService, class com.almasb.fxgl.app.services.AssetLoaderService, class com.almasb.fxgl.app.services.SystemBundleService, class com.almasb.fxgl.profile.SaveLoadService, class com.almasb.fxgl.ui.FXGLUIFactoryServiceProvider, class com.almasb.fxgl.ui.FXGLDialogFactoryServiceProvider, class com.almasb.fxgl.audio.AudioPlayer, class com.almasb.fxgl.notification.impl.NotificationServiceProvider, class com.almasb.fxgl.achievement.AchievementService, class com.almasb.fxgl.cutscene.CutsceneService, class com.almasb.fxgl.minigames.MiniGameService, class com.almasb.fxgl.net.NetService, class com.almasb.fxgl.app.services.UpdaterService]
16:13:03.097 [FXGL Background Thread 2 ] DEBUG Engine               - globalMusicVolume: 0.5
16:13:03.097 [FXGL Background Thread 2 ] DEBUG Engine               - width: 1920
16:13:03.097 [FXGL Background Thread 2 ] DEBUG Engine               - saveFileExt: sav
16:13:03.097 [FXGL Background Thread 2 ] DEBUG Engine               - isAndroid: false
16:13:03.097 [FXGL Background Thread 2 ] DEBUG Engine               - fontUI: VarelaRound-Regular.ttf
16:13:03.097 [FXGL Background Thread 2 ] DEBUG Engine               - enabledMenuItems: [SAVE_LOAD, EXTRA, ONLINE]
16:13:03.097 [FXGL Background Thread 2 ] DEBUG Engine               - isIOS: false
16:13:03.097 [FXGL Background Thread 2 ] DEBUG Engine               - Logging services
16:13:03.097 [FXGL Background Thread 2 ] DEBUG Engine               - class com.almasb.fxgl.app.GameApplication$GameApplicationService
16:13:03.097 [FXGL Background Thread 2 ] DEBUG Engine               - class com.almasb.fxgl.app.services.WindowService
16:13:03.097 [FXGL Background Thread 2 ] DEBUG Engine               - class com.almasb.fxgl.app.services.FXGLDialogService
16:13:03.097 [FXGL Background Thread 2 ] DEBUG Engine               - class com.almasb.fxgl.app.services.IOTaskExecutorService
16:13:03.097 [FXGL Background Thread 2 ] DEBUG Engine               - class com.almasb.fxgl.event.EventBusService
16:13:03.097 [FXGL Background Thread 2 ] DEBUG Engine               - class com.almasb.fxgl.io.FileSystemService
16:13:03.097 [FXGL Background Thread 2 ] DEBUG Engine               - class com.almasb.fxgl.localization.LocalizationService
16:13:03.097 [FXGL Background Thread 2 ] DEBUG Engine               - class com.almasb.fxgl.app.services.AssetLoaderService
16:13:03.097 [FXGL Background Thread 2 ] DEBUG Engine               - class com.almasb.fxgl.app.services.SystemBundleService
16:13:03.097 [FXGL Background Thread 2 ] DEBUG Engine               - class com.almasb.fxgl.profile.SaveLoadService
16:13:03.097 [FXGL Background Thread 2 ] DEBUG Engine               - class com.almasb.fxgl.ui.FXGLUIFactoryServiceProvider
16:13:03.097 [FXGL Background Thread 2 ] DEBUG Engine               - class com.almasb.fxgl.ui.FXGLDialogFactoryServiceProvider
16:13:03.097 [FXGL Background Thread 2 ] DEBUG Engine               - class com.almasb.fxgl.audio.AudioPlayer
16:13:03.097 [FXGL Background Thread 2 ] DEBUG Engine               - class com.almasb.fxgl.notification.impl.NotificationServiceProvider
16:13:03.097 [FXGL Background Thread 2 ] DEBUG Engine               - class com.almasb.fxgl.achievement.AchievementService
16:13:03.097 [FXGL Background Thread 2 ] DEBUG Engine               - class com.almasb.fxgl.cutscene.CutsceneService
16:13:03.098 [FXGL Background Thread 2 ] DEBUG Engine               - class com.almasb.fxgl.minigames.MiniGameService
16:13:03.098 [FXGL Background Thread 2 ] DEBUG Engine               - class com.almasb.fxgl.net.NetService
16:13:03.098 [FXGL Background Thread 2 ] DEBUG Engine               - class com.almasb.fxgl.app.services.UpdaterService
16:13:03.513 [JavaFX Application Thread] DEBUG AssetLoaderService   - Loading from file system: /assets/textures/smallasteroid.png
16:13:03.518 [JavaFX Application Thread] DEBUG AssetLoaderService   - Loading from cache: /assets/textures/smallasteroid.png
16:13:04.041 [JavaFX Application Thread] DEBUG AssetLoaderService   - Loading from cache: /assets/textures/smallasteroid.png
16:13:04.042 [JavaFX Application Thread] DEBUG AssetLoaderService   - Loading from cache: /assets/textures/smallasteroid.png
16:13:04.551 [JavaFX Application Thread] DEBUG AssetLoaderService   - Loading from cache: /assets/textures/smallasteroid.png
16:13:04.552 [JavaFX Application Thread] DEBUG AssetLoaderService   - Loading from cache: /assets/textures/smallasteroid.png
16:13:05.065 [JavaFX Application Thread] DEBUG AssetLoaderService   - Loading from cache: /assets/textures/smallasteroid.png
16:13:05.066 [JavaFX Application Thread] DEBUG AssetLoaderService   - Loading from cache: /assets/textures/smallasteroid.png
16:13:05.593 [JavaFX Application Thread] DEBUG AssetLoaderService   - Loading from cache: /assets/textures/smallasteroid.png
16:13:05.593 [JavaFX Application Thread] DEBUG AssetLoaderService   - Loading from cache: /assets/textures/smallasteroid.png
16:13:06.101 [JavaFX Application Thread] DEBUG AssetLoaderService   - Loading from cache: /assets/textures/smallasteroid.png
16:13:06.102 [JavaFX Application Thread] DEBUG AssetLoaderService   - Loading from cache: /assets/textures/smallasteroid.png
16:13:06.633 [JavaFX Application Thread] DEBUG AssetLoaderService   - Loading from cache: /assets/textures/smallasteroid.png
16:13:06.634 [JavaFX Application Thread] DEBUG AssetLoaderService   - Loading from cache: /assets/textures/smallasteroid.png
16:13:07.129 [JavaFX Application Thread] DEBUG AssetLoaderService   - Loading from cache: /assets/textures/smallasteroid.png
16:13:07.130 [JavaFX Application Thread] DEBUG AssetLoaderService   - Loading from cache: /assets/textures/smallasteroid.png
16:13:07.641 [JavaFX Application Thread] DEBUG AssetLoaderService   - Loading from cache: /assets/textures/smallasteroid.png
16:13:07.642 [JavaFX Application Thread] DEBUG AssetLoaderService   - Loading from cache: /assets/textures/smallasteroid.png
16:13:08.137 [JavaFX Application Thread] DEBUG AssetLoaderService   - Loading from cache: /assets/textures/smallasteroid.png
16:13:08.138 [JavaFX Application Thread] DEBUG AssetLoaderService   - Loading from cache: /assets/textures/smallasteroid.png
16:13:08.676 [JavaFX Application Thread] DEBUG AssetLoaderService   - Loading from cache: /assets/textures/smallasteroid.png
16:13:08.677 [JavaFX Application Thread] DEBUG AssetLoaderService   - Loading from cache: /assets/textures/smallasteroid.png
16:13:09.177 [JavaFX Application Thread] DEBUG AssetLoaderService   - Loading from cache: /assets/textures/smallasteroid.png
16:13:09.178 [JavaFX Application Thread] DEBUG AssetLoaderService   - Loading from cache: /assets/textures/smallasteroid.png
16:13:09.721 [JavaFX Application Thread] DEBUG AssetLoaderService   - Loading from cache: /assets/textures/smallasteroid.png
16:13:09.722 [JavaFX Application Thread] DEBUG AssetLoaderService   - Loading from cache: /assets/textures/smallasteroid.png
16:13:10.276 [JavaFX Application Thread] DEBUG AssetLoaderService   - Loading from cache: /assets/textures/smallasteroid.png
16:13:10.277 [JavaFX Application Thread] DEBUG AssetLoaderService   - Loading from cache: /assets/textures/smallasteroid.png
16:13:10.793 [JavaFX Application Thread] DEBUG AssetLoaderService   - Loading from file system: /assets/textures/lives.png
16:13:10.841 [JavaFX Application Thread] DEBUG AssetLoaderService   - Loading from cache: /assets/textures/smallasteroid.png
16:13:10.842 [JavaFX Application Thread] DEBUG AssetLoaderService   - Loading from cache: /assets/textures/smallasteroid.png
16:13:11.337 [JavaFX Application Thread] DEBUG AssetLoaderService   - Loading from cache: /assets/textures/smallasteroid.png
16:13:11.337 [JavaFX Application Thread] DEBUG AssetLoaderService   - Loading from cache: /assets/textures/smallasteroid.png
16:13:11.865 [JavaFX Application Thread] DEBUG AssetLoaderService   - Loading from cache: /assets/textures/smallasteroid.png
16:13:11.866 [JavaFX Application Thread] DEBUG AssetLoaderService   - Loading from cache: /assets/textures/smallasteroid.png
16:13:12.377 [JavaFX Application Thread] DEBUG AssetLoaderService   - Loading from cache: /assets/textures/smallasteroid.png
16:13:12.377 [JavaFX Application Thread] DEBUG AssetLoaderService   - Loading from cache: /assets/textures/smallasteroid.png
16:13:12.905 [JavaFX Application Thread] DEBUG AssetLoaderService   - Loading from cache: /assets/textures/smallasteroid.png
16:13:12.906 [JavaFX Application Thread] DEBUG AssetLoaderService   - Loading from cache: /assets/textures/smallasteroid.png
16:13:13.417 [JavaFX Application Thread] DEBUG AssetLoaderService   - Loading from cache: /assets/textures/smallasteroid.png
16:13:13.418 [JavaFX Application Thread] DEBUG AssetLoaderService   - Loading from cache: /assets/textures/smallasteroid.png
16:13:13.945 [JavaFX Application Thread] DEBUG AssetLoaderService   - Loading from cache: /assets/textures/smallasteroid.png
16:13:13.945 [JavaFX Application Thread] DEBUG AssetLoaderService   - Loading from cache: /assets/textures/smallasteroid.png
16:13:14.457 [JavaFX Application Thread] DEBUG AssetLoaderService   - Loading from cache: /assets/textures/smallasteroid.png
16:13:14.458 [JavaFX Application Thread] DEBUG AssetLoaderService   - Loading from cache: /assets/textures/smallasteroid.png
16:13:15.001 [JavaFX Application Thread] DEBUG AssetLoaderService   - Loading from cache: /assets/textures/smallasteroid.png
16:13:15.002 [JavaFX Application Thread] DEBUG AssetLoaderService   - Loading from cache: /assets/textures/smallasteroid.png
16:13:15.510 [JavaFX Application Thread] DEBUG AssetLoaderService   - Loading from cache: /assets/textures/smallasteroid.png
16:13:15.511 [JavaFX Application Thread] DEBUG AssetLoaderService   - Loading from cache: /assets/textures/smallasteroid.png
16:13:16.025 [JavaFX Application Thread] DEBUG AssetLoaderService   - Loading from cache: /assets/textures/smallasteroid.png
16:13:16.025 [JavaFX Application Thread] DEBUG AssetLoaderService   - Loading from cache: /assets/textures/smallasteroid.png
16:13:16.536 [JavaFX Application Thread] DEBUG AssetLoaderService   - Loading from cache: /assets/textures/smallasteroid.png
16:13:16.536 [JavaFX Application Thread] DEBUG AssetLoaderService   - Loading from cache: /assets/textures/smallasteroid.png
16:13:17.061 [JavaFX Application Thread] DEBUG AssetLoaderService   - Loading from cache: /assets/textures/smallasteroid.png
16:13:17.061 [JavaFX Application Thread] DEBUG AssetLoaderService   - Loading from cache: /assets/textures/smallasteroid.png
16:13:17.569 [JavaFX Application Thread] DEBUG AssetLoaderService   - Loading from cache: /assets/textures/smallasteroid.png
16:13:17.569 [JavaFX Application Thread] DEBUG AssetLoaderService   - Loading from cache: /assets/textures/smallasteroid.png
16:13:18.103 [JavaFX Application Thread] DEBUG AssetLoaderService   - Loading from cache: /assets/textures/smallasteroid.png
16:13:18.103 [JavaFX Application Thread] DEBUG AssetLoaderService   - Loading from cache: /assets/textures/smallasteroid.png
16:13:18.453 [JavaFX Application Thread] DEBUG AssetLoaderService   - Loading from cache: /assets/textures/lives.png
16:13:18.611 [JavaFX Application Thread] DEBUG AssetLoaderService   - Loading from cache: /assets/textures/smallasteroid.png
16:13:18.612 [JavaFX Application Thread] DEBUG AssetLoaderService   - Loading from cache: /assets/textures/smallasteroid.png
16:13:18.857 [JavaFX Application Thread] DEBUG AssetLoaderService   - Loading from file system: /assets/sounds/explosion.wav
16:13:18.912 [JavaFX Application Thread] DEBUG AssetLoaderService   - Loading from file system: /assets/textures/explosion.png
16:13:18.919 [JavaFX Application Thread] DEBUG AssetLoaderService   - Loading from cache: /assets/sounds/explosion.wav
16:13:18.920 [JavaFX Application Thread] DEBUG AssetLoaderService   - Loading from cache: /assets/textures/explosion.png
16:13:19.186 [JavaFX Application Thread] DEBUG AssetLoaderService   - Loading from cache: /assets/textures/smallasteroid.png
16:13:19.187 [JavaFX Application Thread] DEBUG AssetLoaderService   - Loading from cache: /assets/textures/smallasteroid.png
16:13:19.705 [JavaFX Application Thread] DEBUG AssetLoaderService   - Loading from cache: /assets/textures/smallasteroid.png
16:13:19.706 [JavaFX Application Thread] DEBUG AssetLoaderService   - Loading from cache: /assets/textures/smallasteroid.png
16:13:20.217 [JavaFX Application Thread] DEBUG AssetLoaderService   - Loading from cache: /assets/textures/smallasteroid.png
16:13:20.217 [JavaFX Application Thread] DEBUG AssetLoaderService   - Loading from cache: /assets/textures/smallasteroid.png
16:13:20.761 [JavaFX Application Thread] DEBUG AssetLoaderService   - Loading from cache: /assets/textures/smallasteroid.png
16:13:20.762 [JavaFX Application Thread] DEBUG AssetLoaderService   - Loading from cache: /assets/textures/smallasteroid.png
16:13:21.270 [JavaFX Application Thread] DEBUG AssetLoaderService   - Loading from cache: /assets/textures/smallasteroid.png
16:13:21.270 [JavaFX Application Thread] DEBUG AssetLoaderService   - Loading from cache: /assets/textures/smallasteroid.png
16:13:21.801 [JavaFX Application Thread] DEBUG AssetLoaderService   - Loading from cache: /assets/textures/smallasteroid.png
16:13:21.801 [JavaFX Application Thread] DEBUG AssetLoaderService   - Loading from cache: /assets/textures/smallasteroid.png
16:13:22.313 [JavaFX Application Thread] DEBUG AssetLoaderService   - Loading from cache: /assets/textures/smallasteroid.png
16:13:22.313 [JavaFX Application Thread] DEBUG AssetLoaderService   - Loading from cache: /assets/textures/smallasteroid.png
16:13:22.873 [JavaFX Application Thread] DEBUG AssetLoaderService   - Loading from cache: /assets/textures/smallasteroid.png
16:13:22.874 [JavaFX Application Thread] DEBUG AssetLoaderService   - Loading from cache: /assets/textures/smallasteroid.png
16:13:22.985 [JavaFX Application Thread] DEBUG AssetLoaderService   - Loading from cache: /assets/sounds/explosion.wav
16:13:22.986 [JavaFX Application Thread] DEBUG AssetLoaderService   - Loading from cache: /assets/textures/explosion.png
16:13:22.986 [JavaFX Application Thread] DEBUG AssetLoaderService   - Loading from cache: /assets/sounds/explosion.wav
16:13:22.986 [JavaFX Application Thread] DEBUG AssetLoaderService   - Loading from cache: /assets/textures/explosion.png
16:13:23.395 [JavaFX Application Thread] DEBUG AssetLoaderService   - Loading from cache: /assets/textures/smallasteroid.png
16:13:23.395 [JavaFX Application Thread] DEBUG AssetLoaderService   - Loading from cache: /assets/textures/smallasteroid.png
16:13:23.912 [JavaFX Application Thread] DEBUG AssetLoaderService   - Loading from cache: /assets/textures/smallasteroid.png
16:13:23.912 [JavaFX Application Thread] DEBUG AssetLoaderService   - Loading from cache: /assets/textures/smallasteroid.png
16:13:24.420 [JavaFX Application Thread] DEBUG AssetLoaderService   - Loading from cache: /assets/textures/smallasteroid.png
16:13:24.421 [JavaFX Application Thread] DEBUG AssetLoaderService   - Loading from cache: /assets/textures/smallasteroid.png
16:13:24.953 [JavaFX Application Thread] DEBUG AssetLoaderService   - Loading from cache: /assets/textures/smallasteroid.png
16:13:24.953 [JavaFX Application Thread] DEBUG AssetLoaderService   - Loading from cache: /assets/textures/smallasteroid.png
16:13:25.170 [JavaFX Application Thread] DEBUG AssetLoaderService   - Loading from cache: /assets/sounds/explosion.wav
16:13:25.171 [JavaFX Application Thread] DEBUG AssetLoaderService   - Loading from cache: /assets/textures/explosion.png
16:13:25.171 [JavaFX Application Thread] DEBUG AssetLoaderService   - Loading from cache: /assets/sounds/explosion.wav
16:13:25.171 [JavaFX Application Thread] DEBUG AssetLoaderService   - Loading from cache: /assets/textures/explosion.png
16:13:25.462 [JavaFX Application Thread] DEBUG AssetLoaderService   - Loading from cache: /assets/textures/smallasteroid.png
16:13:25.463 [JavaFX Application Thread] DEBUG AssetLoaderService   - Loading from cache: /assets/textures/smallasteroid.png
16:13:25.609 [JavaFX Application Thread] DEBUG Input                - Clearing active input actions
16:13:25.613 [JavaFX Application Thread] DEBUG WindowService        - Removing overlay from GameScene and adding to FXGLDefaultMenu
16:13:25.613 [JavaFX Application Thread] DEBUG MainWindow           - GameScene -> FXGLDefaultMenu
16:13:27.133 [JavaFX Application Thread] DEBUG GameApplication      - Exiting FXGL
16:13:27.133 [JavaFX Application Thread] DEBUG LoopRunner           - Stopping loop
16:13:27.133 [JavaFX Application Thread] DEBUG SystemBundleService  - Saving FXGL system data
16:13:27.134 [JavaFX Application Thread] DEBUG FileSystemAccess     - Writing to: C:\Users\xxdee\IdeaProjects\350FXGLjavagame\system\fxgl.bundle
16:13:27.135 [JavaFX Application Thread] DEBUG GameApplication      - Shutting down background threads
16:13:27.136 [JavaFX Application Thread] DEBUG GameApplication      - Closing logger and exiting JavaFX
