16:05:24.054 [main                     ] DEBUG GameApplication      - Logger initialized
16:05:24.065 [main                     ] DEBUG GameApplication      - Logging settings
Title: Space Game
Version: 0.2
Width: 1920
Height: 1080
Fullscreen: false
Intro: false
Menus: true
Profiling: false
Single step:false
App Mode: DEVELOPER
Menu Key: ESCAPE
Stage Style: DECORATED
Scene Factory: class com.almasb.fxgl.app.scene.SceneFactory

16:05:24.368 [JavaFX Application Thread] DEBUG GameApplication      - Initializing FXGL
16:05:24.375 [JavaFX Application Thread] INFO  Engine               - FXGL-11.8 (08.03.2020 09.09) on WINDOWS (J:11.0.8 FX:13.0.2)
16:05:24.376 [JavaFX Application Thread] INFO  Engine               - Source code and latest versions at: https://github.com/AlmasB/FXGL
16:05:24.376 [JavaFX Application Thread] INFO  Engine               -              Join the FXGL chat at: https://gitter.im/AlmasB/FXGL
16:05:24.466 [JavaFX Application Thread] DEBUG MainWindow           - Creating a JavaFX scene
16:05:24.466 [JavaFX Application Thread] DEBUG MainWindow           - Target size > screen size
16:05:24.518 [JavaFX Application Thread] DEBUG MainWindow           - Target settings size: 1920.0 x 1080.0
16:05:24.518 [JavaFX Application Thread] DEBUG MainWindow           - Scaled scene size:    1823.0 x 1039.0
16:05:24.519 [JavaFX Application Thread] DEBUG MainWindow           - Scaled ratio: (0.9494791666666667, 0.962037037037037)
16:05:24.519 [JavaFX Application Thread] DEBUG MainWindow           - Set initial scene to FXGLStartupScene
16:05:24.524 [JavaFX Application Thread] DEBUG MainWindow           - Opening main window
16:05:24.586 [JavaFX Application Thread] DEBUG MainWindow           - Window border size: (16.0, 39.0)
16:05:24.587 [JavaFX Application Thread] DEBUG MainWindow           - Scaled size: 1823.0 x 1039.0
16:05:24.587 [JavaFX Application Thread] DEBUG MainWindow           - Scaled ratio: (0.9494791666666667, 0.962037037037037)
16:05:24.587 [JavaFX Application Thread] DEBUG MainWindow           - Scene size: 1823.0 x 1039.0
16:05:24.587 [JavaFX Application Thread] DEBUG MainWindow           - Stage size: 1839.0 x 1078.0
16:05:24.593 [FXGL Background Thread 1 ] DEBUG Engine               - Initializing environment variables
16:05:24.613 [FXGL Background Thread 1 ] DEBUG WindowService        - Applying CSS: fxgl_dark.css
16:05:24.613 [FXGL Background Thread 1 ] DEBUG AssetLoaderService   - Loading from file system: /assets/ui/css/fxgl_dark.css
16:05:24.646 [FXGL Background Thread 1 ] DEBUG WindowService        - Initializing application scenes
16:05:24.673 [FXGL Background Thread 1 ] DEBUG GameWorld            - Game world initialized
16:05:24.702 [FXGL Background Thread 1 ] DEBUG PhysicsWorld         - Physics world initialized: appHeight=1080, physics.ppm=50.0
16:05:24.703 [FXGL Background Thread 1 ] DEBUG GameScene            - Game scene initialized: 1920x1080
16:05:24.722 [FXGL Background Thread 1 ] DEBUG AssetLoaderService   - Loading from file system: /assets/textures/particles/trace_horizontal.png
16:05:24.761 [FXGL Background Thread 1 ] DEBUG FXGL.DefaultMenu     - createMenuBodyMainMenu()
16:05:24.772 [FXGL Background Thread 1 ] DEBUG FXGL.DefaultMenu     - createOptionsMenu()
16:05:24.775 [FXGL Background Thread 1 ] DEBUG FXGL.DefaultMenu     - createExtraMenu()
16:05:24.777 [FXGL Background Thread 1 ] DEBUG AssetLoaderService   - Loading from file system: /assets/textures/particles/smoke.png
16:05:24.813 [FXGL Background Thread 1 ] DEBUG AssetLoaderService   - Loading from cache: /assets/textures/particles/trace_horizontal.png@64.0x64.0
16:05:24.813 [FXGL Background Thread 1 ] DEBUG FXGL.DefaultMenu     - createMenuBodyGameMenu()
16:05:24.814 [FXGL Background Thread 1 ] DEBUG FXGL.DefaultMenu     - createOptionsMenu()
16:05:24.815 [FXGL Background Thread 1 ] DEBUG FXGL.DefaultMenu     - createExtraMenu()
16:05:24.816 [FXGL Background Thread 1 ] DEBUG AssetLoaderService   - Loading from cache: /assets/textures/particles/smoke.png@128.0x128.0
16:05:24.827 [FXGL Background Thread 1 ] DEBUG WindowService        - Application scenes initialized
16:05:24.833 [FXGL Background Thread 1 ] DEBUG SystemBundleService  - Loading FXGL system data
16:05:24.836 [FXGL Background Thread 1 ] DEBUG FileSystemAccess     - Reading from: C:\Users\xxdee\IdeaProjects\350FXGLjavagame\system\fxgl.bundle
16:05:24.840 [FXGL Background Thread 1 ] DEBUG SystemBundleService  - Bundle FXGL: {}
16:05:24.840 [FXGL Background Thread 1 ] INFO  Engine               - FXGL initialization took: 0.246 sec
16:05:24.841 [FXGL Background Thread 1 ] DEBUG GameApplication      - Loading localizations
16:05:24.842 [FXGL Background Thread 1 ] DEBUG AssetLoaderService   - Loading from file system: /assets/properties/languages/english.properties
16:05:24.843 [FXGL Background Thread 1 ] DEBUG AssetLoaderService   - Loading from file system: /assets/properties/languages/french.properties
16:05:24.844 [FXGL Background Thread 1 ] DEBUG AssetLoaderService   - Loading from file system: /assets/properties/languages/german.properties
16:05:24.845 [FXGL Background Thread 1 ] DEBUG AssetLoaderService   - Loading from file system: /assets/properties/languages/hungarian.properties
16:05:24.845 [FXGL Background Thread 1 ] DEBUG AssetLoaderService   - Loading from file system: /assets/properties/languages/russian.properties
16:05:24.846 [FXGL Background Thread 1 ] DEBUG GameApplication      - Registering font factories with UI factory
16:05:24.846 [FXGL Background Thread 1 ] DEBUG AssetLoaderService   - Loading from file system: /assets/ui/fonts/VarelaRound-Regular.ttf
16:05:25.030 [FXGL Background Thread 1 ] DEBUG AssetLoaderService   - Loading from file system: /assets/ui/fonts/Abel-Regular.ttf
16:05:25.032 [FXGL Background Thread 1 ] DEBUG AssetLoaderService   - Loading from file system: /assets/ui/fonts/lucida_console.ttf
16:05:25.035 [FXGL Background Thread 1 ] DEBUG AssetLoaderService   - Loading from file system: /assets/ui/fonts/Courier-Prime.ttf
16:05:25.046 [JavaFX Application Thread] DEBUG Input                - Registered new binding: action0 - D
16:05:25.046 [JavaFX Application Thread] DEBUG Input                - Registered new binding: action1 - A
16:05:25.046 [JavaFX Application Thread] DEBUG Input                - Registered new binding: action2 - W
16:05:25.047 [JavaFX Application Thread] DEBUG Input                - Registered new binding: action3 - C
16:05:25.047 [JavaFX Application Thread] DEBUG Input                - Registered new binding: action4 - Left
16:05:25.047 [JavaFX Application Thread] DEBUG Input                - Registered new binding: action5 - Right
16:05:25.047 [JavaFX Application Thread] DEBUG Input                - Registered new binding: action6 - Space
16:05:25.047 [JavaFX Application Thread] DEBUG AssetLoaderService   - Loading from file system: /assets/textures/fxgl_icon.png
16:05:25.063 [JavaFX Application Thread] DEBUG AssetLoaderService   - Loading from file system: /assets/ui/cursors/fxgl_default.png
16:05:25.065 [JavaFX Application Thread] DEBUG Input                - Registered new binding: Screenshot - P
16:05:25.065 [JavaFX Application Thread] DEBUG Input                - Registered new binding: System info dump - CTRL+9
16:05:25.065 [JavaFX Application Thread] DEBUG Input                - Registered new binding: Restart - CTRL+R
16:05:25.066 [JavaFX Application Thread] DEBUG LoopRunner           - Starting loop
16:05:25.076 [JavaFX Application Thread] DEBUG FXGLStartupScene     - STARTUP
16:05:25.079 [JavaFX Application Thread] DEBUG Input                - Clearing active input actions
16:05:25.093 [JavaFX Application Thread] DEBUG WindowService        - Removing overlay from FXGLStartupScene and adding to FXGLDefaultMenu
16:05:25.093 [JavaFX Application Thread] DEBUG MainWindow           - FXGLStartupScene -> FXGLDefaultMenu
16:05:27.623 [JavaFX Application Thread] DEBUG Menu                 - fireNewGame()
16:05:27.623 [JavaFX Application Thread] DEBUG WindowService        - Starting new game
16:05:27.624 [JavaFX Application Thread] DEBUG Input                - Clearing active input actions
16:05:27.629 [JavaFX Application Thread] DEBUG WindowService        - Removing overlay from FXGLDefaultMenu and adding to FXGLLoadingScene
16:05:27.629 [JavaFX Application Thread] DEBUG MainWindow           - FXGLDefaultMenu -> FXGLLoadingScene
16:05:27.629 [JavaFX Application Thread] DEBUG WindowService        - Clearing previous game
16:05:27.629 [JavaFX Application Thread] DEBUG GameScene            - Clearing game scene
16:05:27.629 [JavaFX Application Thread] DEBUG GameWorld            - Clearing game world
16:05:27.629 [JavaFX Application Thread] DEBUG PhysicsWorld         - Clearing physics world
16:05:27.631 [FXGL Background Thread 1 ] DEBUG GameApplication      - Initializing game
16:05:27.638 [FXGL Background Thread 1 ] DEBUG AssetLoaderService   - Loading from file system: /assets/textures/openspace.jpg
16:05:27.723 [FXGL Background Thread 1 ] DEBUG AssetLoaderService   - Loading from file system: /assets/textures/smallspaceship.png
16:05:27.738 [FXGL Background Thread 1 ] INFO  GameApplication      - Game initialization took: 0.107 sec
16:05:27.738 [JavaFX Application Thread] DEBUG Input                - Clearing active input actions
16:05:27.742 [JavaFX Application Thread] DEBUG WindowService        - Removing overlay from FXGLLoadingScene and adding to GameScene
16:05:27.742 [JavaFX Application Thread] DEBUG MainWindow           - FXGLLoadingScene -> GameScene
16:05:27.841 [FXGL Background Thread 2 ] DEBUG Engine               - Logging environment variables
16:05:27.841 [FXGL Background Thread 2 ] DEBUG Engine               - achievements: []
16:05:27.841 [FXGL Background Thread 2 ] DEBUG Engine               - language: ObjectProperty [value: ENGLISH]
16:05:27.841 [FXGL Background Thread 2 ] DEBUG Engine               - isCloseConfirmation: false
16:05:27.841 [FXGL Background Thread 2 ] DEBUG Engine               - isProfilingEnabled: false
16:05:27.841 [FXGL Background Thread 2 ] DEBUG Engine               - soundNotification: core/notification.wav
16:05:27.841 [FXGL Background Thread 2 ] DEBUG Engine               - devShowBBoxProperty: BooleanProperty [value: false]
16:05:27.842 [FXGL Background Thread 2 ] DEBUG Engine               - pixelsPerMeter: 50.0
16:05:27.842 [FXGL Background Thread 2 ] DEBUG Engine               - appIcon: fxgl_icon.png
16:05:27.842 [FXGL Background Thread 2 ] DEBUG Engine               - soundMenuBack: menu/back.wav
16:05:27.842 [FXGL Background Thread 2 ] DEBUG Engine               - isFullScreenAllowed: false
16:05:27.842 [FXGL Background Thread 2 ] DEBUG Engine               - isIntroEnabled: false
16:05:27.842 [FXGL Background Thread 2 ] DEBUG Engine               - fontMono: lucida_console.ttf
16:05:27.842 [FXGL Background Thread 2 ] DEBUG Engine               - soundMenuSelect: menu/select.wav
16:05:27.842 [FXGL Background Thread 2 ] DEBUG Engine               - isWindows: true
16:05:27.842 [FXGL Background Thread 2 ] DEBUG Engine               - isMobile: false
16:05:27.842 [FXGL Background Thread 2 ] DEBUG Engine               - isUserProfileEnabled: false
16:05:27.842 [FXGL Background Thread 2 ] DEBUG Engine               - height: 1080
16:05:27.842 [FXGL Background Thread 2 ] DEBUG Engine               - isExperimentalNative: false
16:05:27.842 [FXGL Background Thread 2 ] DEBUG Engine               - settings: Title: Space Game
Version: 0.2
Width: 1920
Height: 1080
Fullscreen: false
Intro: false
Menus: true
Profiling: false
Single step:false
App Mode: DEVELOPER
Menu Key: ESCAPE
Stage Style: DECORATED
Scene Factory: class com.almasb.fxgl.app.scene.SceneFactory

16:05:27.842 [FXGL Background Thread 2 ] DEBUG Engine               - cSSList: [fxgl_dark.css]
16:05:27.842 [FXGL Background Thread 2 ] DEBUG Engine               - isSingleStep: false
16:05:27.842 [FXGL Background Thread 2 ] DEBUG Engine               - fontGame: Abel-Regular.ttf
16:05:27.842 [FXGL Background Thread 2 ] DEBUG Engine               - menuKey: ESCAPE
16:05:27.842 [FXGL Background Thread 2 ] DEBUG Engine               - devShowPositionProperty: BooleanProperty [value: false]
16:05:27.842 [FXGL Background Thread 2 ] DEBUG Engine               - versionCheckDays: 7
16:05:27.842 [FXGL Background Thread 2 ] DEBUG Engine               - configClass: Optional.empty
16:05:27.842 [FXGL Background Thread 2 ] DEBUG Engine               - isFullScreenFromStart: false
16:05:27.842 [FXGL Background Thread 2 ] DEBUG Engine               - version: 0.2
16:05:27.842 [FXGL Background Thread 2 ] DEBUG Engine               - fullScreen: BooleanProperty [value: false]
16:05:27.842 [FXGL Background Thread 2 ] DEBUG Engine               - randomSeed: -1
16:05:27.842 [FXGL Background Thread 2 ] DEBUG Engine               - gameDifficultyProperty: ObjectProperty [value: MEDIUM]
16:05:27.842 [FXGL Background Thread 2 ] DEBUG Engine               - applicationMode: DEVELOPER
16:05:27.842 [FXGL Background Thread 2 ] DEBUG Engine               - isMac: false
16:05:27.842 [FXGL Background Thread 2 ] DEBUG Engine               - isMenuEnabled: true
16:05:27.843 [FXGL Background Thread 2 ] DEBUG Engine               - urlPOM: https://raw.githubusercontent.com/AlmasB/FXGL/master/pom.xml
16:05:27.843 [FXGL Background Thread 2 ] DEBUG Engine               - profileName: StringProperty [value: DEFAULT]
16:05:27.843 [FXGL Background Thread 2 ] DEBUG Engine               - notificationViewClass: class com.almasb.fxgl.notification.view.XboxNotificationView
16:05:27.843 [FXGL Background Thread 2 ] DEBUG Engine               - devSensorColorProperty: ObjectProperty [value: 0xffff00ff]
16:05:27.843 [FXGL Background Thread 2 ] DEBUG Engine               - sceneFactory: com.almasb.fxgl.app.scene.SceneFactory@7f878c8a
16:05:27.843 [FXGL Background Thread 2 ] DEBUG Engine               - stageStyle: DECORATED
16:05:27.843 [FXGL Background Thread 2 ] DEBUG Engine               - isManualResizeEnabled: true
16:05:27.843 [FXGL Background Thread 2 ] DEBUG Engine               - title: Space Game
16:05:27.843 [FXGL Background Thread 2 ] DEBUG Engine               - platform: WINDOWS
16:05:27.843 [FXGL Background Thread 2 ] DEBUG Engine               - devBBoxColorProperty: ObjectProperty [value: 0xff0000ff]
16:05:27.843 [FXGL Background Thread 2 ] DEBUG Engine               - gameDifficulty: MEDIUM
16:05:27.843 [FXGL Background Thread 2 ] DEBUG Engine               - isDesktop: true
16:05:27.843 [FXGL Background Thread 2 ] DEBUG Engine               - supportedLanguages: [ENGLISH, FRENCH, GERMAN, HUNGARIAN, RUSSIAN]
16:05:27.843 [FXGL Background Thread 2 ] DEBUG Engine               - credits: []
16:05:27.843 [FXGL Background Thread 2 ] DEBUG Engine               - globalMusicVolumeProperty: DoubleProperty [value: 0.5]
16:05:27.843 [FXGL Background Thread 2 ] DEBUG Engine               - isPreserveResizeRatio: false
16:05:27.843 [FXGL Background Thread 2 ] DEBUG Engine               - fontText: Courier-Prime.ttf
16:05:27.843 [FXGL Background Thread 2 ] DEBUG Engine               - isExperimentalTiledLargeMap: false
16:05:27.843 [FXGL Background Thread 2 ] DEBUG Engine               - secondsIn24h: 60
16:05:27.843 [FXGL Background Thread 2 ] DEBUG Engine               - runtimeInfo: RuntimeInfo(platform=WINDOWS, version=11.8, build=08.03.2020 09.09)
16:05:27.843 [FXGL Background Thread 2 ] DEBUG Engine               - isLinux: false
16:05:27.843 [FXGL Background Thread 2 ] DEBUG Engine               - soundMenuPress: menu/press.wav
16:05:27.844 [FXGL Background Thread 2 ] DEBUG Engine               - urlGithub: https://github.com/AlmasB/FXGL
16:05:27.844 [FXGL Background Thread 2 ] DEBUG Engine               - profileDir: profiles/
16:05:27.844 [FXGL Background Thread 2 ] DEBUG Engine               - isDeveloperMenuEnabled: false
16:05:27.844 [FXGL Background Thread 2 ] DEBUG Engine               - globalSoundVolumeProperty: DoubleProperty [value: 0.1]
16:05:27.844 [FXGL Background Thread 2 ] DEBUG Engine               - mainWindow: com.almasb.fxgl.app.MainWindow@7bb817a2
16:05:27.844 [FXGL Background Thread 2 ] DEBUG Engine               - isBrowser: false
16:05:27.844 [FXGL Background Thread 2 ] DEBUG Engine               - globalSoundVolume: 0.5
16:05:27.844 [FXGL Background Thread 2 ] DEBUG Engine               - urlLeaderboard: http://fxgl-top.herokuapp.com/
16:05:27.844 [FXGL Background Thread 2 ] DEBUG Engine               - engineServices: [class com.almasb.fxgl.app.GameApplication$GameApplicationService, class com.almasb.fxgl.app.services.WindowService, class com.almasb.fxgl.app.services.FXGLDialogService, class com.almasb.fxgl.app.services.IOTaskExecutorService, class com.almasb.fxgl.event.EventBusService, class com.almasb.fxgl.io.FileSystemService, class com.almasb.fxgl.localization.LocalizationService, class com.almasb.fxgl.app.services.AssetLoaderService, class com.almasb.fxgl.app.services.SystemBundleService, class com.almasb.fxgl.profile.SaveLoadService, class com.almasb.fxgl.ui.FXGLUIFactoryServiceProvider, class com.almasb.fxgl.ui.FXGLDialogFactoryServiceProvider, class com.almasb.fxgl.audio.AudioPlayer, class com.almasb.fxgl.notification.impl.NotificationServiceProvider, class com.almasb.fxgl.achievement.AchievementService, class com.almasb.fxgl.cutscene.CutsceneService, class com.almasb.fxgl.minigames.MiniGameService, class com.almasb.fxgl.net.NetService, class com.almasb.fxgl.app.services.UpdaterService]
16:05:27.844 [FXGL Background Thread 2 ] DEBUG Engine               - globalMusicVolume: 0.5
16:05:27.844 [FXGL Background Thread 2 ] DEBUG Engine               - width: 1920
16:05:27.844 [FXGL Background Thread 2 ] DEBUG Engine               - saveFileExt: sav
16:05:27.844 [FXGL Background Thread 2 ] DEBUG Engine               - isAndroid: false
16:05:27.844 [FXGL Background Thread 2 ] DEBUG Engine               - fontUI: VarelaRound-Regular.ttf
16:05:27.844 [FXGL Background Thread 2 ] DEBUG Engine               - enabledMenuItems: [SAVE_LOAD, EXTRA, ONLINE]
16:05:27.844 [FXGL Background Thread 2 ] DEBUG Engine               - isIOS: false
16:05:27.844 [FXGL Background Thread 2 ] DEBUG Engine               - Logging services
16:05:27.844 [FXGL Background Thread 2 ] DEBUG Engine               - class com.almasb.fxgl.app.GameApplication$GameApplicationService
16:05:27.844 [FXGL Background Thread 2 ] DEBUG Engine               - class com.almasb.fxgl.app.services.WindowService
16:05:27.844 [FXGL Background Thread 2 ] DEBUG Engine               - class com.almasb.fxgl.app.services.FXGLDialogService
16:05:27.844 [FXGL Background Thread 2 ] DEBUG Engine               - class com.almasb.fxgl.app.services.IOTaskExecutorService
16:05:27.844 [FXGL Background Thread 2 ] DEBUG Engine               - class com.almasb.fxgl.event.EventBusService
16:05:27.844 [FXGL Background Thread 2 ] DEBUG Engine               - class com.almasb.fxgl.io.FileSystemService
16:05:27.844 [FXGL Background Thread 2 ] DEBUG Engine               - class com.almasb.fxgl.localization.LocalizationService
16:05:27.844 [FXGL Background Thread 2 ] DEBUG Engine               - class com.almasb.fxgl.app.services.AssetLoaderService
16:05:27.844 [FXGL Background Thread 2 ] DEBUG Engine               - class com.almasb.fxgl.app.services.SystemBundleService
16:05:27.845 [FXGL Background Thread 2 ] DEBUG Engine               - class com.almasb.fxgl.profile.SaveLoadService
16:05:27.845 [FXGL Background Thread 2 ] DEBUG Engine               - class com.almasb.fxgl.ui.FXGLUIFactoryServiceProvider
16:05:27.845 [FXGL Background Thread 2 ] DEBUG Engine               - class com.almasb.fxgl.ui.FXGLDialogFactoryServiceProvider
16:05:27.845 [FXGL Background Thread 2 ] DEBUG Engine               - class com.almasb.fxgl.audio.AudioPlayer
16:05:27.845 [FXGL Background Thread 2 ] DEBUG Engine               - class com.almasb.fxgl.notification.impl.NotificationServiceProvider
16:05:27.845 [FXGL Background Thread 2 ] DEBUG Engine               - class com.almasb.fxgl.achievement.AchievementService
16:05:27.845 [FXGL Background Thread 2 ] DEBUG Engine               - class com.almasb.fxgl.cutscene.CutsceneService
16:05:27.845 [FXGL Background Thread 2 ] DEBUG Engine               - class com.almasb.fxgl.minigames.MiniGameService
16:05:27.845 [FXGL Background Thread 2 ] DEBUG Engine               - class com.almasb.fxgl.net.NetService
16:05:27.845 [FXGL Background Thread 2 ] DEBUG Engine               - class com.almasb.fxgl.app.services.UpdaterService
16:05:28.464 [JavaFX Application Thread] DEBUG AssetLoaderService   - Loading from file system: /assets/textures/smallasteroid.png
16:05:28.468 [JavaFX Application Thread] DEBUG AssetLoaderService   - Loading from cache: /assets/textures/smallasteroid.png
16:05:28.972 [JavaFX Application Thread] DEBUG AssetLoaderService   - Loading from cache: /assets/textures/smallasteroid.png
16:05:28.973 [JavaFX Application Thread] DEBUG AssetLoaderService   - Loading from cache: /assets/textures/smallasteroid.png
16:05:29.504 [JavaFX Application Thread] DEBUG AssetLoaderService   - Loading from cache: /assets/textures/smallasteroid.png
16:05:29.505 [JavaFX Application Thread] DEBUG AssetLoaderService   - Loading from cache: /assets/textures/smallasteroid.png
16:05:30.032 [JavaFX Application Thread] DEBUG AssetLoaderService   - Loading from cache: /assets/textures/smallasteroid.png
16:05:30.033 [JavaFX Application Thread] DEBUG AssetLoaderService   - Loading from cache: /assets/textures/smallasteroid.png
16:05:30.544 [JavaFX Application Thread] DEBUG AssetLoaderService   - Loading from cache: /assets/textures/smallasteroid.png
16:05:30.545 [JavaFX Application Thread] DEBUG AssetLoaderService   - Loading from cache: /assets/textures/smallasteroid.png
16:05:31.089 [JavaFX Application Thread] DEBUG AssetLoaderService   - Loading from cache: /assets/textures/smallasteroid.png
16:05:31.089 [JavaFX Application Thread] DEBUG AssetLoaderService   - Loading from cache: /assets/textures/smallasteroid.png
16:05:31.597 [JavaFX Application Thread] DEBUG AssetLoaderService   - Loading from cache: /assets/textures/smallasteroid.png
16:05:31.598 [JavaFX Application Thread] DEBUG AssetLoaderService   - Loading from cache: /assets/textures/smallasteroid.png
16:05:32.122 [JavaFX Application Thread] DEBUG AssetLoaderService   - Loading from cache: /assets/textures/smallasteroid.png
16:05:32.123 [JavaFX Application Thread] DEBUG AssetLoaderService   - Loading from cache: /assets/textures/smallasteroid.png
16:05:32.623 [JavaFX Application Thread] DEBUG AssetLoaderService   - Loading from cache: /assets/textures/smallasteroid.png
16:05:32.623 [JavaFX Application Thread] DEBUG AssetLoaderService   - Loading from cache: /assets/textures/smallasteroid.png
16:05:33.131 [JavaFX Application Thread] DEBUG AssetLoaderService   - Loading from cache: /assets/textures/smallasteroid.png
16:05:33.132 [JavaFX Application Thread] DEBUG AssetLoaderService   - Loading from cache: /assets/textures/smallasteroid.png
16:05:33.631 [JavaFX Application Thread] DEBUG AssetLoaderService   - Loading from cache: /assets/textures/smallasteroid.png
16:05:33.631 [JavaFX Application Thread] DEBUG AssetLoaderService   - Loading from cache: /assets/textures/smallasteroid.png
16:05:34.144 [JavaFX Application Thread] DEBUG AssetLoaderService   - Loading from cache: /assets/textures/smallasteroid.png
16:05:34.145 [JavaFX Application Thread] DEBUG AssetLoaderService   - Loading from cache: /assets/textures/smallasteroid.png
16:05:34.641 [JavaFX Application Thread] DEBUG AssetLoaderService   - Loading from cache: /assets/textures/smallasteroid.png
16:05:34.641 [JavaFX Application Thread] DEBUG AssetLoaderService   - Loading from cache: /assets/textures/smallasteroid.png
16:05:34.642 [JavaFX Application Thread] DEBUG AssetLoaderService   - Loading from file system: /assets/sounds/explosion.wav
16:05:34.696 [JavaFX Application Thread] DEBUG AssetLoaderService   - Loading from file system: /assets/textures/explosion.png
16:05:34.704 [JavaFX Application Thread] DEBUG AssetLoaderService   - Loading from cache: /assets/sounds/explosion.wav
16:05:34.704 [JavaFX Application Thread] DEBUG AssetLoaderService   - Loading from cache: /assets/textures/explosion.png
16:05:35.201 [JavaFX Application Thread] DEBUG AssetLoaderService   - Loading from cache: /assets/textures/smallasteroid.png
16:05:35.201 [JavaFX Application Thread] DEBUG AssetLoaderService   - Loading from cache: /assets/textures/smallasteroid.png
16:05:35.312 [JavaFX Application Thread] DEBUG AssetLoaderService   - Loading from cache: /assets/sounds/explosion.wav
16:05:35.313 [JavaFX Application Thread] DEBUG AssetLoaderService   - Loading from cache: /assets/textures/explosion.png
16:05:35.313 [JavaFX Application Thread] DEBUG AssetLoaderService   - Loading from cache: /assets/sounds/explosion.wav
16:05:35.313 [JavaFX Application Thread] DEBUG AssetLoaderService   - Loading from cache: /assets/textures/explosion.png
16:05:35.648 [JavaFX Application Thread] DEBUG AssetLoaderService   - Loading from file system: /assets/textures/lives.png
16:05:35.706 [JavaFX Application Thread] DEBUG AssetLoaderService   - Loading from cache: /assets/textures/smallasteroid.png
16:05:35.707 [JavaFX Application Thread] DEBUG AssetLoaderService   - Loading from cache: /assets/textures/smallasteroid.png
16:05:36.240 [JavaFX Application Thread] DEBUG AssetLoaderService   - Loading from cache: /assets/textures/smallasteroid.png
16:05:36.240 [JavaFX Application Thread] DEBUG AssetLoaderService   - Loading from cache: /assets/textures/smallasteroid.png
16:05:36.748 [JavaFX Application Thread] DEBUG AssetLoaderService   - Loading from cache: /assets/textures/smallasteroid.png
16:05:36.748 [JavaFX Application Thread] DEBUG AssetLoaderService   - Loading from cache: /assets/textures/smallasteroid.png
16:05:37.273 [JavaFX Application Thread] DEBUG AssetLoaderService   - Loading from cache: /assets/textures/smallasteroid.png
16:05:37.274 [JavaFX Application Thread] DEBUG AssetLoaderService   - Loading from cache: /assets/textures/smallasteroid.png
16:05:37.777 [JavaFX Application Thread] DEBUG AssetLoaderService   - Loading from cache: /assets/textures/smallasteroid.png
16:05:37.777 [JavaFX Application Thread] DEBUG AssetLoaderService   - Loading from cache: /assets/textures/smallasteroid.png
16:05:38.288 [JavaFX Application Thread] DEBUG AssetLoaderService   - Loading from cache: /assets/textures/smallasteroid.png
16:05:38.289 [JavaFX Application Thread] DEBUG AssetLoaderService   - Loading from cache: /assets/textures/smallasteroid.png
16:05:38.798 [JavaFX Application Thread] DEBUG AssetLoaderService   - Loading from cache: /assets/textures/smallasteroid.png
16:05:38.799 [JavaFX Application Thread] DEBUG AssetLoaderService   - Loading from cache: /assets/textures/smallasteroid.png
16:05:39.252 [JavaFX Application Thread] DEBUG GameApplication      - Exiting FXGL
16:05:39.252 [JavaFX Application Thread] DEBUG LoopRunner           - Stopping loop
16:05:39.252 [JavaFX Application Thread] DEBUG SystemBundleService  - Saving FXGL system data
16:05:39.254 [JavaFX Application Thread] DEBUG FileSystemAccess     - Writing to: C:\Users\xxdee\IdeaProjects\350FXGLjavagame\system\fxgl.bundle
16:05:39.255 [JavaFX Application Thread] DEBUG GameApplication      - Shutting down background threads
16:05:39.255 [JavaFX Application Thread] DEBUG GameApplication      - Closing logger and exiting JavaFX
