18:01:15.128 [main                     ] DEBUG GameApplication      - Logger initialized
18:01:15.140 [main                     ] DEBUG GameApplication      - Logging settings
Title: Space Game
Version: 0.2
Width: 2000
Height: 1000
Fullscreen: false
Intro: false
Menus: true
Profiling: false
Single step:false
App Mode: DEVELOPER
Menu Key: ESCAPE
Stage Style: DECORATED
Scene Factory: class com.almasb.fxgl.app.scene.SceneFactory

18:01:15.441 [JavaFX Application Thread] DEBUG GameApplication      - Initializing FXGL
18:01:15.447 [JavaFX Application Thread] INFO  Engine               - FXGL-11.8 (08.03.2020 09.09) on WINDOWS (J:11.0.8 FX:13.0.2)
18:01:15.447 [JavaFX Application Thread] INFO  Engine               - Source code and latest versions at: https://github.com/AlmasB/FXGL
18:01:15.447 [JavaFX Application Thread] INFO  Engine               -              Join the FXGL chat at: https://gitter.im/AlmasB/FXGL
18:01:15.529 [JavaFX Application Thread] DEBUG MainWindow           - Creating a JavaFX scene
18:01:15.530 [JavaFX Application Thread] DEBUG MainWindow           - Target size > screen size
18:01:15.575 [JavaFX Application Thread] DEBUG MainWindow           - Target settings size: 2000.0 x 1000.0
18:01:15.575 [JavaFX Application Thread] DEBUG MainWindow           - Scaled scene size:    1895.0 x 960.0
18:01:15.575 [JavaFX Application Thread] DEBUG MainWindow           - Scaled ratio: (0.9475, 0.96)
18:01:15.576 [JavaFX Application Thread] DEBUG MainWindow           - Set initial scene to FXGLStartupScene
18:01:15.580 [JavaFX Application Thread] DEBUG MainWindow           - Opening main window
18:01:15.637 [JavaFX Application Thread] DEBUG MainWindow           - Window border size: (16.0, 39.0)
18:01:15.637 [JavaFX Application Thread] DEBUG MainWindow           - Scaled size: 1895.0 x 960.0
18:01:15.637 [JavaFX Application Thread] DEBUG MainWindow           - Scaled ratio: (0.9475, 0.96)
18:01:15.638 [JavaFX Application Thread] DEBUG MainWindow           - Scene size: 1895.0 x 960.0
18:01:15.638 [JavaFX Application Thread] DEBUG MainWindow           - Stage size: 1911.0 x 999.0
18:01:15.643 [FXGL Background Thread 1 ] DEBUG Engine               - Initializing environment variables
18:01:15.661 [FXGL Background Thread 1 ] DEBUG WindowService        - Applying CSS: fxgl_dark.css
18:01:15.662 [FXGL Background Thread 1 ] DEBUG AssetLoaderService   - Loading from file system: /assets/ui/css/fxgl_dark.css
18:01:15.694 [FXGL Background Thread 1 ] DEBUG WindowService        - Initializing application scenes
18:01:15.722 [FXGL Background Thread 1 ] DEBUG GameWorld            - Game world initialized
18:01:15.749 [FXGL Background Thread 1 ] DEBUG PhysicsWorld         - Physics world initialized: appHeight=1000, physics.ppm=50.0
18:01:15.750 [FXGL Background Thread 1 ] DEBUG GameScene            - Game scene initialized: 2000x1000
18:01:15.767 [FXGL Background Thread 1 ] DEBUG AssetLoaderService   - Loading from file system: /assets/textures/particles/trace_horizontal.png
18:01:15.806 [FXGL Background Thread 1 ] DEBUG FXGL.DefaultMenu     - createMenuBodyMainMenu()
18:01:15.816 [FXGL Background Thread 1 ] DEBUG FXGL.DefaultMenu     - createOptionsMenu()
18:01:15.818 [FXGL Background Thread 1 ] DEBUG AssetLoaderService   - Loading from file system: /assets/textures/particles/smoke.png
18:01:15.854 [FXGL Background Thread 1 ] DEBUG AssetLoaderService   - Loading from cache: /assets/textures/particles/trace_horizontal.png@64.0x64.0
18:01:15.854 [FXGL Background Thread 1 ] DEBUG FXGL.DefaultMenu     - createMenuBodyGameMenu()
18:01:15.855 [FXGL Background Thread 1 ] DEBUG FXGL.DefaultMenu     - createOptionsMenu()
18:01:15.856 [FXGL Background Thread 1 ] DEBUG AssetLoaderService   - Loading from cache: /assets/textures/particles/smoke.png@128.0x128.0
18:01:15.863 [FXGL Background Thread 1 ] DEBUG WindowService        - Application scenes initialized
18:01:15.868 [FXGL Background Thread 1 ] DEBUG SystemBundleService  - Loading FXGL system data
18:01:15.870 [FXGL Background Thread 1 ] DEBUG FileSystemAccess     - Reading from: C:\Users\xxdee\IdeaProjects\350FXGLjavagame\system\fxgl.bundle
18:01:15.873 [FXGL Background Thread 1 ] DEBUG SystemBundleService  - Bundle FXGL: {}
18:01:15.873 [FXGL Background Thread 1 ] INFO  Engine               - FXGL initialization took: 0.229 sec
18:01:15.874 [FXGL Background Thread 1 ] DEBUG GameApplication      - Loading localizations
18:01:15.875 [FXGL Background Thread 1 ] DEBUG AssetLoaderService   - Loading from file system: /assets/properties/languages/english.properties
18:01:15.876 [FXGL Background Thread 1 ] DEBUG AssetLoaderService   - Loading from file system: /assets/properties/languages/french.properties
18:01:15.876 [FXGL Background Thread 1 ] DEBUG AssetLoaderService   - Loading from file system: /assets/properties/languages/german.properties
18:01:15.877 [FXGL Background Thread 1 ] DEBUG AssetLoaderService   - Loading from file system: /assets/properties/languages/hungarian.properties
18:01:15.878 [FXGL Background Thread 1 ] DEBUG AssetLoaderService   - Loading from file system: /assets/properties/languages/russian.properties
18:01:15.878 [FXGL Background Thread 1 ] DEBUG GameApplication      - Registering font factories with UI factory
18:01:15.879 [FXGL Background Thread 1 ] DEBUG AssetLoaderService   - Loading from file system: /assets/ui/fonts/VarelaRound-Regular.ttf
18:01:16.051 [FXGL Background Thread 1 ] DEBUG AssetLoaderService   - Loading from file system: /assets/ui/fonts/Abel-Regular.ttf
18:01:16.053 [FXGL Background Thread 1 ] DEBUG AssetLoaderService   - Loading from file system: /assets/ui/fonts/lucida_console.ttf
18:01:16.055 [FXGL Background Thread 1 ] DEBUG AssetLoaderService   - Loading from file system: /assets/ui/fonts/Courier-Prime.ttf
18:01:16.064 [JavaFX Application Thread] DEBUG Input                - Registered new binding: action0 - D
18:01:16.064 [JavaFX Application Thread] DEBUG Input                - Registered new binding: action1 - A
18:01:16.064 [JavaFX Application Thread] DEBUG Input                - Registered new binding: action2 - W
18:01:16.065 [JavaFX Application Thread] DEBUG Input                - Registered new binding: action3 - C
18:01:16.065 [JavaFX Application Thread] DEBUG Input                - Registered new binding: action4 - Left
18:01:16.065 [JavaFX Application Thread] DEBUG Input                - Registered new binding: action5 - Right
18:01:16.065 [JavaFX Application Thread] DEBUG Input                - Registered new binding: action6 - Space
18:01:16.065 [JavaFX Application Thread] DEBUG AssetLoaderService   - Loading from file system: /assets/textures/fxgl_icon.png
18:01:16.079 [JavaFX Application Thread] DEBUG AssetLoaderService   - Loading from file system: /assets/ui/cursors/fxgl_default.png
18:01:16.080 [JavaFX Application Thread] DEBUG Input                - Registered new binding: Screenshot - P
18:01:16.080 [JavaFX Application Thread] DEBUG Input                - Registered new binding: System info dump - CTRL+9
18:01:16.080 [JavaFX Application Thread] DEBUG Input                - Registered new binding: Restart - CTRL+R
18:01:16.081 [JavaFX Application Thread] DEBUG LoopRunner           - Starting loop
18:01:16.086 [JavaFX Application Thread] DEBUG FXGLStartupScene     - STARTUP
18:01:16.088 [JavaFX Application Thread] DEBUG Input                - Clearing active input actions
18:01:16.100 [JavaFX Application Thread] DEBUG WindowService        - Removing overlay from FXGLStartupScene and adding to FXGLDefaultMenu
18:01:16.100 [JavaFX Application Thread] DEBUG MainWindow           - FXGLStartupScene -> FXGLDefaultMenu
18:01:17.098 [JavaFX Application Thread] DEBUG Menu                 - fireNewGame()
18:01:17.098 [JavaFX Application Thread] DEBUG WindowService        - Starting new game
18:01:17.098 [JavaFX Application Thread] DEBUG Input                - Clearing active input actions
18:01:17.104 [JavaFX Application Thread] DEBUG WindowService        - Removing overlay from FXGLDefaultMenu and adding to FXGLLoadingScene
18:01:17.104 [JavaFX Application Thread] DEBUG MainWindow           - FXGLDefaultMenu -> FXGLLoadingScene
18:01:17.104 [JavaFX Application Thread] DEBUG WindowService        - Clearing previous game
18:01:17.104 [JavaFX Application Thread] DEBUG GameScene            - Clearing game scene
18:01:17.104 [JavaFX Application Thread] DEBUG GameWorld            - Clearing game world
18:01:17.104 [JavaFX Application Thread] DEBUG PhysicsWorld         - Clearing physics world
18:01:17.105 [FXGL Background Thread 1 ] DEBUG GameApplication      - Initializing game
18:01:17.111 [FXGL Background Thread 1 ] DEBUG AssetLoaderService   - Loading from file system: /assets/textures/spacebackground.png
18:01:17.147 [FXGL Background Thread 1 ] DEBUG AssetLoaderService   - Loading from file system: /assets/textures/smallspaceship.png
18:01:17.156 [FXGL Background Thread 1 ] INFO  GameApplication      - Game initialization took: 0.051 sec
18:01:17.156 [JavaFX Application Thread] DEBUG Input                - Clearing active input actions
18:01:17.160 [JavaFX Application Thread] DEBUG WindowService        - Removing overlay from FXGLLoadingScene and adding to GameScene
18:01:17.160 [JavaFX Application Thread] DEBUG MainWindow           - FXGLLoadingScene -> GameScene
18:01:18.874 [FXGL Background Thread 2 ] DEBUG Engine               - Logging environment variables
18:01:18.874 [FXGL Background Thread 2 ] DEBUG Engine               - achievements: []
18:01:18.874 [FXGL Background Thread 2 ] DEBUG Engine               - language: ObjectProperty [value: ENGLISH]
18:01:18.874 [FXGL Background Thread 2 ] DEBUG Engine               - isCloseConfirmation: false
18:01:18.874 [FXGL Background Thread 2 ] DEBUG Engine               - isProfilingEnabled: false
18:01:18.874 [FXGL Background Thread 2 ] DEBUG Engine               - soundNotification: core/notification.wav
18:01:18.874 [FXGL Background Thread 2 ] DEBUG Engine               - devShowBBoxProperty: BooleanProperty [value: false]
18:01:18.874 [FXGL Background Thread 2 ] DEBUG Engine               - pixelsPerMeter: 50.0
18:01:18.874 [FXGL Background Thread 2 ] DEBUG Engine               - soundMenuBack: menu/back.wav
18:01:18.874 [FXGL Background Thread 2 ] DEBUG Engine               - appIcon: fxgl_icon.png
18:01:18.874 [FXGL Background Thread 2 ] DEBUG Engine               - isFullScreenAllowed: false
18:01:18.874 [FXGL Background Thread 2 ] DEBUG Engine               - isIntroEnabled: false
18:01:18.874 [FXGL Background Thread 2 ] DEBUG Engine               - fontMono: lucida_console.ttf
18:01:18.874 [FXGL Background Thread 2 ] DEBUG Engine               - soundMenuSelect: menu/select.wav
18:01:18.874 [FXGL Background Thread 2 ] DEBUG Engine               - isWindows: true
18:01:18.874 [FXGL Background Thread 2 ] DEBUG Engine               - isMobile: false
18:01:18.874 [FXGL Background Thread 2 ] DEBUG Engine               - isUserProfileEnabled: false
18:01:18.874 [FXGL Background Thread 2 ] DEBUG Engine               - height: 1000
18:01:18.874 [FXGL Background Thread 2 ] DEBUG Engine               - isExperimentalNative: false
18:01:18.875 [FXGL Background Thread 2 ] DEBUG Engine               - settings: Title: Space Game
Version: 0.2
Width: 2000
Height: 1000
Fullscreen: false
Intro: false
Menus: true
Profiling: false
Single step:false
App Mode: DEVELOPER
Menu Key: ESCAPE
Stage Style: DECORATED
Scene Factory: class com.almasb.fxgl.app.scene.SceneFactory

18:01:18.875 [FXGL Background Thread 2 ] DEBUG Engine               - isSingleStep: false
18:01:18.875 [FXGL Background Thread 2 ] DEBUG Engine               - cSSList: [fxgl_dark.css]
18:01:18.875 [FXGL Background Thread 2 ] DEBUG Engine               - fontGame: Abel-Regular.ttf
18:01:18.875 [FXGL Background Thread 2 ] DEBUG Engine               - menuKey: ESCAPE
18:01:18.875 [FXGL Background Thread 2 ] DEBUG Engine               - devShowPositionProperty: BooleanProperty [value: false]
18:01:18.875 [FXGL Background Thread 2 ] DEBUG Engine               - versionCheckDays: 7
18:01:18.875 [FXGL Background Thread 2 ] DEBUG Engine               - configClass: Optional.empty
18:01:18.875 [FXGL Background Thread 2 ] DEBUG Engine               - isFullScreenFromStart: false
18:01:18.875 [FXGL Background Thread 2 ] DEBUG Engine               - version: 0.2
18:01:18.875 [FXGL Background Thread 2 ] DEBUG Engine               - fullScreen: BooleanProperty [value: false]
18:01:18.875 [FXGL Background Thread 2 ] DEBUG Engine               - randomSeed: -1
18:01:18.875 [FXGL Background Thread 2 ] DEBUG Engine               - gameDifficultyProperty: ObjectProperty [value: MEDIUM]
18:01:18.875 [FXGL Background Thread 2 ] DEBUG Engine               - applicationMode: DEVELOPER
18:01:18.875 [FXGL Background Thread 2 ] DEBUG Engine               - isMac: false
18:01:18.875 [FXGL Background Thread 2 ] DEBUG Engine               - isMenuEnabled: true
18:01:18.875 [FXGL Background Thread 2 ] DEBUG Engine               - profileName: StringProperty [value: DEFAULT]
18:01:18.875 [FXGL Background Thread 2 ] DEBUG Engine               - urlPOM: https://raw.githubusercontent.com/AlmasB/FXGL/master/pom.xml
18:01:18.875 [FXGL Background Thread 2 ] DEBUG Engine               - notificationViewClass: class com.almasb.fxgl.notification.view.XboxNotificationView
18:01:18.875 [FXGL Background Thread 2 ] DEBUG Engine               - devSensorColorProperty: ObjectProperty [value: 0xffff00ff]
18:01:18.875 [FXGL Background Thread 2 ] DEBUG Engine               - sceneFactory: com.almasb.fxgl.app.scene.SceneFactory@7e9297fd
18:01:18.875 [FXGL Background Thread 2 ] DEBUG Engine               - stageStyle: DECORATED
18:01:18.875 [FXGL Background Thread 2 ] DEBUG Engine               - isManualResizeEnabled: false
18:01:18.875 [FXGL Background Thread 2 ] DEBUG Engine               - title: Space Game
18:01:18.875 [FXGL Background Thread 2 ] DEBUG Engine               - platform: WINDOWS
18:01:18.876 [FXGL Background Thread 2 ] DEBUG Engine               - devBBoxColorProperty: ObjectProperty [value: 0xff0000ff]
18:01:18.876 [FXGL Background Thread 2 ] DEBUG Engine               - gameDifficulty: MEDIUM
18:01:18.876 [FXGL Background Thread 2 ] DEBUG Engine               - isDesktop: true
18:01:18.876 [FXGL Background Thread 2 ] DEBUG Engine               - supportedLanguages: [ENGLISH, FRENCH, GERMAN, HUNGARIAN, RUSSIAN]
18:01:18.876 [FXGL Background Thread 2 ] DEBUG Engine               - credits: []
18:01:18.876 [FXGL Background Thread 2 ] DEBUG Engine               - globalMusicVolumeProperty: DoubleProperty [value: 0.5]
18:01:18.876 [FXGL Background Thread 2 ] DEBUG Engine               - isPreserveResizeRatio: false
18:01:18.876 [FXGL Background Thread 2 ] DEBUG Engine               - fontText: Courier-Prime.ttf
18:01:18.876 [FXGL Background Thread 2 ] DEBUG Engine               - isExperimentalTiledLargeMap: false
18:01:18.876 [FXGL Background Thread 2 ] DEBUG Engine               - secondsIn24h: 60
18:01:18.876 [FXGL Background Thread 2 ] DEBUG Engine               - runtimeInfo: RuntimeInfo(platform=WINDOWS, version=11.8, build=08.03.2020 09.09)
18:01:18.876 [FXGL Background Thread 2 ] DEBUG Engine               - isLinux: false
18:01:18.876 [FXGL Background Thread 2 ] DEBUG Engine               - soundMenuPress: menu/press.wav
18:01:18.876 [FXGL Background Thread 2 ] DEBUG Engine               - urlGithub: https://github.com/AlmasB/FXGL
18:01:18.876 [FXGL Background Thread 2 ] DEBUG Engine               - profileDir: profiles/
18:01:18.876 [FXGL Background Thread 2 ] DEBUG Engine               - isDeveloperMenuEnabled: false
18:01:18.876 [FXGL Background Thread 2 ] DEBUG Engine               - globalSoundVolumeProperty: DoubleProperty [value: 0.5]
18:01:18.876 [FXGL Background Thread 2 ] DEBUG Engine               - mainWindow: com.almasb.fxgl.app.MainWindow@7aad0cf7
18:01:18.876 [FXGL Background Thread 2 ] DEBUG Engine               - isBrowser: false
18:01:18.876 [FXGL Background Thread 2 ] DEBUG Engine               - urlLeaderboard: http://fxgl-top.herokuapp.com/
18:01:18.876 [FXGL Background Thread 2 ] DEBUG Engine               - globalSoundVolume: 0.5
18:01:18.876 [FXGL Background Thread 2 ] DEBUG Engine               - engineServices: [class com.almasb.fxgl.app.GameApplication$GameApplicationService, class com.almasb.fxgl.app.services.WindowService, class com.almasb.fxgl.app.services.FXGLDialogService, class com.almasb.fxgl.app.services.IOTaskExecutorService, class com.almasb.fxgl.event.EventBusService, class com.almasb.fxgl.io.FileSystemService, class com.almasb.fxgl.localization.LocalizationService, class com.almasb.fxgl.app.services.AssetLoaderService, class com.almasb.fxgl.app.services.SystemBundleService, class com.almasb.fxgl.profile.SaveLoadService, class com.almasb.fxgl.ui.FXGLUIFactoryServiceProvider, class com.almasb.fxgl.ui.FXGLDialogFactoryServiceProvider, class com.almasb.fxgl.audio.AudioPlayer, class com.almasb.fxgl.notification.impl.NotificationServiceProvider, class com.almasb.fxgl.achievement.AchievementService, class com.almasb.fxgl.cutscene.CutsceneService, class com.almasb.fxgl.minigames.MiniGameService, class com.almasb.fxgl.net.NetService, class com.almasb.fxgl.app.services.UpdaterService]
18:01:18.876 [FXGL Background Thread 2 ] DEBUG Engine               - globalMusicVolume: 0.5
18:01:18.876 [FXGL Background Thread 2 ] DEBUG Engine               - width: 2000
18:01:18.876 [FXGL Background Thread 2 ] DEBUG Engine               - saveFileExt: sav
18:01:18.876 [FXGL Background Thread 2 ] DEBUG Engine               - isAndroid: false
18:01:18.876 [FXGL Background Thread 2 ] DEBUG Engine               - fontUI: VarelaRound-Regular.ttf
18:01:18.877 [FXGL Background Thread 2 ] DEBUG Engine               - enabledMenuItems: []
18:01:18.877 [FXGL Background Thread 2 ] DEBUG Engine               - isIOS: false
18:01:18.877 [FXGL Background Thread 2 ] DEBUG Engine               - Logging services
18:01:18.877 [FXGL Background Thread 2 ] DEBUG Engine               - class com.almasb.fxgl.app.GameApplication$GameApplicationService
18:01:18.877 [FXGL Background Thread 2 ] DEBUG Engine               - class com.almasb.fxgl.app.services.WindowService
18:01:18.877 [FXGL Background Thread 2 ] DEBUG Engine               - class com.almasb.fxgl.app.services.FXGLDialogService
18:01:18.877 [FXGL Background Thread 2 ] DEBUG Engine               - class com.almasb.fxgl.app.services.IOTaskExecutorService
18:01:18.877 [FXGL Background Thread 2 ] DEBUG Engine               - class com.almasb.fxgl.event.EventBusService
18:01:18.877 [FXGL Background Thread 2 ] DEBUG Engine               - class com.almasb.fxgl.io.FileSystemService
18:01:18.877 [FXGL Background Thread 2 ] DEBUG Engine               - class com.almasb.fxgl.localization.LocalizationService
18:01:18.877 [FXGL Background Thread 2 ] DEBUG Engine               - class com.almasb.fxgl.app.services.AssetLoaderService
18:01:18.877 [FXGL Background Thread 2 ] DEBUG Engine               - class com.almasb.fxgl.app.services.SystemBundleService
18:01:18.877 [FXGL Background Thread 2 ] DEBUG Engine               - class com.almasb.fxgl.profile.SaveLoadService
18:01:18.877 [FXGL Background Thread 2 ] DEBUG Engine               - class com.almasb.fxgl.ui.FXGLUIFactoryServiceProvider
18:01:18.877 [FXGL Background Thread 2 ] DEBUG Engine               - class com.almasb.fxgl.ui.FXGLDialogFactoryServiceProvider
18:01:18.877 [FXGL Background Thread 2 ] DEBUG Engine               - class com.almasb.fxgl.audio.AudioPlayer
18:01:18.877 [FXGL Background Thread 2 ] DEBUG Engine               - class com.almasb.fxgl.notification.impl.NotificationServiceProvider
18:01:18.877 [FXGL Background Thread 2 ] DEBUG Engine               - class com.almasb.fxgl.achievement.AchievementService
18:01:18.877 [FXGL Background Thread 2 ] DEBUG Engine               - class com.almasb.fxgl.cutscene.CutsceneService
18:01:18.877 [FXGL Background Thread 2 ] DEBUG Engine               - class com.almasb.fxgl.minigames.MiniGameService
18:01:18.877 [FXGL Background Thread 2 ] DEBUG Engine               - class com.almasb.fxgl.net.NetService
18:01:18.877 [FXGL Background Thread 2 ] DEBUG Engine               - class com.almasb.fxgl.app.services.UpdaterService
18:01:19.763 [JavaFX Application Thread] DEBUG AssetLoaderService   - Loading from file system: /assets/textures/smallasteroid.png
18:01:20.030 [JavaFX Application Thread] DEBUG AssetLoaderService   - Loading from cache: /assets/textures/smallasteroid.png
18:01:20.928 [JavaFX Application Thread] DEBUG AssetLoaderService   - Loading from file system: /assets/textures/projectile.png
18:01:21.136 [JavaFX Application Thread] DEBUG AssetLoaderService   - Loading from cache: /assets/textures/projectile.png
18:01:21.855 [JavaFX Application Thread] DEBUG AssetLoaderService   - Loading from cache: /assets/textures/projectile.png
18:01:22.047 [JavaFX Application Thread] DEBUG AssetLoaderService   - Loading from cache: /assets/textures/projectile.png
18:01:22.063 [JavaFX Application Thread] DEBUG AssetLoaderService   - Loading from cache: /assets/textures/smallasteroid.png
18:01:22.239 [JavaFX Application Thread] DEBUG AssetLoaderService   - Loading from cache: /assets/textures/projectile.png
18:01:22.448 [JavaFX Application Thread] DEBUG AssetLoaderService   - Loading from cache: /assets/textures/projectile.png
18:01:22.563 [JavaFX Application Thread] DEBUG AssetLoaderService   - Loading from cache: /assets/textures/smallasteroid.png
18:01:23.223 [JavaFX Application Thread] DEBUG Input                - Clearing active input actions
18:01:23.227 [JavaFX Application Thread] DEBUG WindowService        - Removing overlay from GameScene and adding to FXGLDefaultMenu
18:01:23.227 [JavaFX Application Thread] DEBUG MainWindow           - GameScene -> FXGLDefaultMenu
18:01:23.912 [JavaFX Application Thread] DEBUG Menu                 - fireExitToMainMenu()
18:01:23.914 [JavaFX Application Thread] DEBUG MainWindow           - Push state: DialogSubScene
18:01:23.914 [JavaFX Application Thread] DEBUG Input                - Clearing active input actions
18:01:23.915 [JavaFX Application Thread] DEBUG WindowService        - Removing overlay from FXGLDefaultMenu and adding to DialogSubScene
18:01:23.916 [JavaFX Application Thread] DEBUG MainWindow           - FXGLDefaultMenu -> DialogSubScene
18:01:24.464 [JavaFX Application Thread] DEBUG MainWindow           - Pop state: DialogSubScene
18:01:24.464 [JavaFX Application Thread] DEBUG Input                - Clearing active input actions
18:01:24.465 [JavaFX Application Thread] DEBUG WindowService        - Removing overlay from DialogSubScene and adding to FXGLDefaultMenu
18:01:24.465 [JavaFX Application Thread] DEBUG MainWindow           - FXGLDefaultMenu <- DialogSubScene
18:01:24.465 [JavaFX Application Thread] DEBUG Input                - Clearing active input actions
18:01:24.469 [JavaFX Application Thread] DEBUG WindowService        - Removing overlay from FXGLDefaultMenu and adding to FXGLDefaultMenu
18:01:24.469 [JavaFX Application Thread] DEBUG MainWindow           - FXGLDefaultMenu -> FXGLDefaultMenu
18:01:26.056 [JavaFX Application Thread] DEBUG Menu                 - fireExit()
18:01:26.057 [JavaFX Application Thread] DEBUG MainWindow           - Push state: DialogSubScene
18:01:26.057 [JavaFX Application Thread] DEBUG Input                - Clearing active input actions
18:01:26.058 [JavaFX Application Thread] DEBUG WindowService        - Removing overlay from FXGLDefaultMenu and adding to DialogSubScene
18:01:26.058 [JavaFX Application Thread] DEBUG MainWindow           - FXGLDefaultMenu -> DialogSubScene
18:01:26.809 [JavaFX Application Thread] DEBUG MainWindow           - Pop state: DialogSubScene
18:01:26.809 [JavaFX Application Thread] DEBUG Input                - Clearing active input actions
18:01:26.809 [JavaFX Application Thread] DEBUG WindowService        - Removing overlay from DialogSubScene and adding to FXGLDefaultMenu
18:01:26.810 [JavaFX Application Thread] DEBUG MainWindow           - FXGLDefaultMenu <- DialogSubScene
18:01:26.810 [JavaFX Application Thread] DEBUG GameApplication      - Exiting FXGL
18:01:26.810 [JavaFX Application Thread] DEBUG LoopRunner           - Stopping loop
18:01:26.810 [JavaFX Application Thread] DEBUG SystemBundleService  - Saving FXGL system data
18:01:26.811 [JavaFX Application Thread] DEBUG FileSystemAccess     - Writing to: C:\Users\xxdee\IdeaProjects\350FXGLjavagame\system\fxgl.bundle
18:01:26.812 [JavaFX Application Thread] DEBUG GameApplication      - Shutting down background threads
18:01:26.812 [JavaFX Application Thread] DEBUG GameApplication      - Closing logger and exiting JavaFX
