16:21:22.650 [main                     ] DEBUG GameApplication      - Logger initialized
16:21:22.662 [main                     ] DEBUG GameApplication      - Logging settings
Title: Space Game
Version: 0.2
Width: 2000
Height: 1000
Fullscreen: false
Intro: false
Menus: true
Profiling: false
Single step:false
App Mode: DEVELOPER
Menu Key: ESCAPE
Stage Style: DECORATED
Scene Factory: class com.almasb.fxgl.app.scene.SceneFactory

16:21:22.980 [JavaFX Application Thread] DEBUG GameApplication      - Initializing FXGL
16:21:22.986 [JavaFX Application Thread] INFO  Engine               - FXGL-11.8 (08.03.2020 09.09) on WINDOWS (J:11.0.8 FX:13.0.2)
16:21:22.986 [JavaFX Application Thread] INFO  Engine               - Source code and latest versions at: https://github.com/AlmasB/FXGL
16:21:22.987 [JavaFX Application Thread] INFO  Engine               -              Join the FXGL chat at: https://gitter.im/AlmasB/FXGL
16:21:23.070 [JavaFX Application Thread] DEBUG MainWindow           - Creating a JavaFX scene
16:21:23.070 [JavaFX Application Thread] DEBUG MainWindow           - Target size > screen size
16:21:23.120 [JavaFX Application Thread] DEBUG MainWindow           - Target settings size: 2000.0 x 1000.0
16:21:23.120 [JavaFX Application Thread] DEBUG MainWindow           - Scaled scene size:    1895.0 x 960.0
16:21:23.120 [JavaFX Application Thread] DEBUG MainWindow           - Scaled ratio: (0.9475, 0.96)
16:21:23.121 [JavaFX Application Thread] DEBUG MainWindow           - Set initial scene to FXGLStartupScene
16:21:23.125 [JavaFX Application Thread] DEBUG MainWindow           - Opening main window
16:21:23.188 [JavaFX Application Thread] DEBUG MainWindow           - Window border size: (16.0, 39.0)
16:21:23.188 [JavaFX Application Thread] DEBUG MainWindow           - Scaled size: 1895.0 x 960.0
16:21:23.188 [JavaFX Application Thread] DEBUG MainWindow           - Scaled ratio: (0.9475, 0.96)
16:21:23.188 [JavaFX Application Thread] DEBUG MainWindow           - Scene size: 1895.0 x 960.0
16:21:23.188 [JavaFX Application Thread] DEBUG MainWindow           - Stage size: 1911.0 x 999.0
16:21:23.195 [FXGL Background Thread 1 ] DEBUG Engine               - Initializing environment variables
16:21:23.214 [FXGL Background Thread 1 ] DEBUG WindowService        - Applying CSS: fxgl_dark.css
16:21:23.215 [FXGL Background Thread 1 ] DEBUG AssetLoaderService   - Loading from file system: /assets/ui/css/fxgl_dark.css
16:21:23.247 [FXGL Background Thread 1 ] DEBUG WindowService        - Initializing application scenes
16:21:23.275 [FXGL Background Thread 1 ] DEBUG GameWorld            - Game world initialized
16:21:23.298 [FXGL Background Thread 1 ] DEBUG PhysicsWorld         - Physics world initialized: appHeight=1000, physics.ppm=50.0
16:21:23.299 [FXGL Background Thread 1 ] DEBUG GameScene            - Game scene initialized: 2000x1000
16:21:23.316 [FXGL Background Thread 1 ] DEBUG AssetLoaderService   - Loading from file system: /assets/textures/particles/trace_horizontal.png
16:21:23.352 [FXGL Background Thread 1 ] DEBUG FXGL.DefaultMenu     - createMenuBodyMainMenu()
16:21:23.362 [FXGL Background Thread 1 ] DEBUG FXGL.DefaultMenu     - createOptionsMenu()
16:21:23.365 [FXGL Background Thread 1 ] DEBUG AssetLoaderService   - Loading from file system: /assets/textures/particles/smoke.png
16:21:23.397 [FXGL Background Thread 1 ] DEBUG AssetLoaderService   - Loading from cache: /assets/textures/particles/trace_horizontal.png@64.0x64.0
16:21:23.397 [FXGL Background Thread 1 ] DEBUG FXGL.DefaultMenu     - createMenuBodyGameMenu()
16:21:23.398 [FXGL Background Thread 1 ] DEBUG FXGL.DefaultMenu     - createOptionsMenu()
16:21:23.399 [FXGL Background Thread 1 ] DEBUG AssetLoaderService   - Loading from cache: /assets/textures/particles/smoke.png@128.0x128.0
16:21:23.406 [FXGL Background Thread 1 ] DEBUG WindowService        - Application scenes initialized
16:21:23.411 [FXGL Background Thread 1 ] DEBUG SystemBundleService  - Loading FXGL system data
16:21:23.413 [FXGL Background Thread 1 ] DEBUG FileSystemAccess     - Reading from: C:\Users\xxdee\IdeaProjects\350FXGLjavagame\system\fxgl.bundle
16:21:23.416 [FXGL Background Thread 1 ] DEBUG SystemBundleService  - Bundle FXGL: {}
16:21:23.416 [FXGL Background Thread 1 ] INFO  Engine               - FXGL initialization took: 0.221 sec
16:21:23.417 [FXGL Background Thread 1 ] DEBUG GameApplication      - Loading localizations
16:21:23.418 [FXGL Background Thread 1 ] DEBUG AssetLoaderService   - Loading from file system: /assets/properties/languages/english.properties
16:21:23.419 [FXGL Background Thread 1 ] DEBUG AssetLoaderService   - Loading from file system: /assets/properties/languages/french.properties
16:21:23.419 [FXGL Background Thread 1 ] DEBUG AssetLoaderService   - Loading from file system: /assets/properties/languages/german.properties
16:21:23.420 [FXGL Background Thread 1 ] DEBUG AssetLoaderService   - Loading from file system: /assets/properties/languages/hungarian.properties
16:21:23.421 [FXGL Background Thread 1 ] DEBUG AssetLoaderService   - Loading from file system: /assets/properties/languages/russian.properties
16:21:23.422 [FXGL Background Thread 1 ] DEBUG GameApplication      - Registering font factories with UI factory
16:21:23.422 [FXGL Background Thread 1 ] DEBUG AssetLoaderService   - Loading from file system: /assets/ui/fonts/VarelaRound-Regular.ttf
16:21:23.598 [FXGL Background Thread 1 ] DEBUG AssetLoaderService   - Loading from file system: /assets/ui/fonts/Abel-Regular.ttf
16:21:23.600 [FXGL Background Thread 1 ] DEBUG AssetLoaderService   - Loading from file system: /assets/ui/fonts/lucida_console.ttf
16:21:23.603 [FXGL Background Thread 1 ] DEBUG AssetLoaderService   - Loading from file system: /assets/ui/fonts/Courier-Prime.ttf
16:21:23.611 [JavaFX Application Thread] DEBUG Input                - Registered new binding: action0 - D
16:21:23.612 [JavaFX Application Thread] DEBUG Input                - Registered new binding: action1 - A
16:21:23.612 [JavaFX Application Thread] DEBUG Input                - Registered new binding: action2 - W
16:21:23.612 [JavaFX Application Thread] DEBUG Input                - Registered new binding: action3 - C
16:21:23.612 [JavaFX Application Thread] DEBUG Input                - Registered new binding: action4 - Left
16:21:23.612 [JavaFX Application Thread] DEBUG Input                - Registered new binding: action5 - Right
16:21:23.613 [JavaFX Application Thread] DEBUG Input                - Registered new binding: action6 - Space
16:21:23.613 [JavaFX Application Thread] DEBUG AssetLoaderService   - Loading from file system: /assets/textures/fxgl_icon.png
16:21:23.627 [JavaFX Application Thread] DEBUG AssetLoaderService   - Loading from file system: /assets/ui/cursors/fxgl_default.png
16:21:23.628 [JavaFX Application Thread] DEBUG Input                - Registered new binding: Screenshot - P
16:21:23.628 [JavaFX Application Thread] DEBUG Input                - Registered new binding: System info dump - CTRL+9
16:21:23.628 [JavaFX Application Thread] DEBUG Input                - Registered new binding: Restart - CTRL+R
16:21:23.629 [JavaFX Application Thread] DEBUG LoopRunner           - Starting loop
16:21:23.638 [JavaFX Application Thread] DEBUG FXGLStartupScene     - STARTUP
16:21:23.641 [JavaFX Application Thread] DEBUG Input                - Clearing active input actions
16:21:23.653 [JavaFX Application Thread] DEBUG WindowService        - Removing overlay from FXGLStartupScene and adding to FXGLDefaultMenu
16:21:23.653 [JavaFX Application Thread] DEBUG MainWindow           - FXGLStartupScene -> FXGLDefaultMenu
16:21:24.585 [JavaFX Application Thread] DEBUG Menu                 - fireNewGame()
16:21:24.585 [JavaFX Application Thread] DEBUG WindowService        - Starting new game
16:21:24.585 [JavaFX Application Thread] DEBUG Input                - Clearing active input actions
16:21:24.591 [JavaFX Application Thread] DEBUG WindowService        - Removing overlay from FXGLDefaultMenu and adding to FXGLLoadingScene
16:21:24.592 [JavaFX Application Thread] DEBUG MainWindow           - FXGLDefaultMenu -> FXGLLoadingScene
16:21:24.592 [JavaFX Application Thread] DEBUG WindowService        - Clearing previous game
16:21:24.592 [JavaFX Application Thread] DEBUG GameScene            - Clearing game scene
16:21:24.592 [JavaFX Application Thread] DEBUG GameWorld            - Clearing game world
16:21:24.592 [JavaFX Application Thread] DEBUG PhysicsWorld         - Clearing physics world
16:21:24.594 [FXGL Background Thread 1 ] DEBUG GameApplication      - Initializing game
16:21:24.601 [FXGL Background Thread 1 ] DEBUG AssetLoaderService   - Loading from file system: /assets/textures/spacebackground.png
16:21:24.636 [FXGL Background Thread 1 ] DEBUG AssetLoaderService   - Loading from file system: /assets/textures/smallspaceship.png
16:21:24.646 [FXGL Background Thread 1 ] INFO  GameApplication      - Game initialization took: 0.052 sec
16:21:24.646 [JavaFX Application Thread] DEBUG Input                - Clearing active input actions
16:21:24.650 [JavaFX Application Thread] DEBUG WindowService        - Removing overlay from FXGLLoadingScene and adding to GameScene
16:21:24.650 [JavaFX Application Thread] DEBUG MainWindow           - FXGLLoadingScene -> GameScene
16:21:26.418 [FXGL Background Thread 2 ] DEBUG Engine               - Logging environment variables
16:21:26.418 [FXGL Background Thread 2 ] DEBUG Engine               - achievements: []
16:21:26.418 [FXGL Background Thread 2 ] DEBUG Engine               - language: ObjectProperty [value: ENGLISH]
16:21:26.418 [FXGL Background Thread 2 ] DEBUG Engine               - isCloseConfirmation: false
16:21:26.418 [FXGL Background Thread 2 ] DEBUG Engine               - isProfilingEnabled: false
16:21:26.418 [FXGL Background Thread 2 ] DEBUG Engine               - soundNotification: core/notification.wav
16:21:26.418 [FXGL Background Thread 2 ] DEBUG Engine               - devShowBBoxProperty: BooleanProperty [value: false]
16:21:26.418 [FXGL Background Thread 2 ] DEBUG Engine               - pixelsPerMeter: 50.0
16:21:26.418 [FXGL Background Thread 2 ] DEBUG Engine               - appIcon: fxgl_icon.png
16:21:26.418 [FXGL Background Thread 2 ] DEBUG Engine               - soundMenuBack: menu/back.wav
16:21:26.418 [FXGL Background Thread 2 ] DEBUG Engine               - isFullScreenAllowed: false
16:21:26.418 [FXGL Background Thread 2 ] DEBUG Engine               - isIntroEnabled: false
16:21:26.418 [FXGL Background Thread 2 ] DEBUG Engine               - fontMono: lucida_console.ttf
16:21:26.418 [FXGL Background Thread 2 ] DEBUG Engine               - soundMenuSelect: menu/select.wav
16:21:26.418 [FXGL Background Thread 2 ] DEBUG Engine               - isWindows: true
16:21:26.418 [FXGL Background Thread 2 ] DEBUG Engine               - isMobile: false
16:21:26.418 [FXGL Background Thread 2 ] DEBUG Engine               - isUserProfileEnabled: false
16:21:26.419 [FXGL Background Thread 2 ] DEBUG Engine               - height: 1000
16:21:26.419 [FXGL Background Thread 2 ] DEBUG Engine               - isExperimentalNative: false
16:21:26.419 [FXGL Background Thread 2 ] DEBUG Engine               - settings: Title: Space Game
Version: 0.2
Width: 2000
Height: 1000
Fullscreen: false
Intro: false
Menus: true
Profiling: false
Single step:false
App Mode: DEVELOPER
Menu Key: ESCAPE
Stage Style: DECORATED
Scene Factory: class com.almasb.fxgl.app.scene.SceneFactory

16:21:26.419 [FXGL Background Thread 2 ] DEBUG Engine               - cSSList: [fxgl_dark.css]
16:21:26.419 [FXGL Background Thread 2 ] DEBUG Engine               - isSingleStep: false
16:21:26.419 [FXGL Background Thread 2 ] DEBUG Engine               - fontGame: Abel-Regular.ttf
16:21:26.419 [FXGL Background Thread 2 ] DEBUG Engine               - menuKey: ESCAPE
16:21:26.419 [FXGL Background Thread 2 ] DEBUG Engine               - devShowPositionProperty: BooleanProperty [value: false]
16:21:26.419 [FXGL Background Thread 2 ] DEBUG Engine               - versionCheckDays: 7
16:21:26.419 [FXGL Background Thread 2 ] DEBUG Engine               - configClass: Optional.empty
16:21:26.419 [FXGL Background Thread 2 ] DEBUG Engine               - isFullScreenFromStart: false
16:21:26.419 [FXGL Background Thread 2 ] DEBUG Engine               - version: 0.2
16:21:26.419 [FXGL Background Thread 2 ] DEBUG Engine               - fullScreen: BooleanProperty [value: false]
16:21:26.419 [FXGL Background Thread 2 ] DEBUG Engine               - randomSeed: -1
16:21:26.419 [FXGL Background Thread 2 ] DEBUG Engine               - gameDifficultyProperty: ObjectProperty [value: MEDIUM]
16:21:26.419 [FXGL Background Thread 2 ] DEBUG Engine               - applicationMode: DEVELOPER
16:21:26.419 [FXGL Background Thread 2 ] DEBUG Engine               - isMac: false
16:21:26.419 [FXGL Background Thread 2 ] DEBUG Engine               - isMenuEnabled: true
16:21:26.419 [FXGL Background Thread 2 ] DEBUG Engine               - urlPOM: https://raw.githubusercontent.com/AlmasB/FXGL/master/pom.xml
16:21:26.419 [FXGL Background Thread 2 ] DEBUG Engine               - profileName: StringProperty [value: DEFAULT]
16:21:26.419 [FXGL Background Thread 2 ] DEBUG Engine               - notificationViewClass: class com.almasb.fxgl.notification.view.XboxNotificationView
16:21:26.419 [FXGL Background Thread 2 ] DEBUG Engine               - devSensorColorProperty: ObjectProperty [value: 0xffff00ff]
16:21:26.419 [FXGL Background Thread 2 ] DEBUG Engine               - sceneFactory: com.almasb.fxgl.app.scene.SceneFactory@4ab1965b
16:21:26.420 [FXGL Background Thread 2 ] DEBUG Engine               - stageStyle: DECORATED
16:21:26.420 [FXGL Background Thread 2 ] DEBUG Engine               - isManualResizeEnabled: false
16:21:26.420 [FXGL Background Thread 2 ] DEBUG Engine               - title: Space Game
16:21:26.420 [FXGL Background Thread 2 ] DEBUG Engine               - platform: WINDOWS
16:21:26.420 [FXGL Background Thread 2 ] DEBUG Engine               - devBBoxColorProperty: ObjectProperty [value: 0xff0000ff]
16:21:26.420 [FXGL Background Thread 2 ] DEBUG Engine               - gameDifficulty: MEDIUM
16:21:26.420 [FXGL Background Thread 2 ] DEBUG Engine               - isDesktop: true
16:21:26.420 [FXGL Background Thread 2 ] DEBUG Engine               - supportedLanguages: [ENGLISH, FRENCH, GERMAN, HUNGARIAN, RUSSIAN]
16:21:26.420 [FXGL Background Thread 2 ] DEBUG Engine               - credits: []
16:21:26.420 [FXGL Background Thread 2 ] DEBUG Engine               - globalMusicVolumeProperty: DoubleProperty [value: 0.5]
16:21:26.420 [FXGL Background Thread 2 ] DEBUG Engine               - isPreserveResizeRatio: false
16:21:26.420 [FXGL Background Thread 2 ] DEBUG Engine               - fontText: Courier-Prime.ttf
16:21:26.420 [FXGL Background Thread 2 ] DEBUG Engine               - isExperimentalTiledLargeMap: false
16:21:26.420 [FXGL Background Thread 2 ] DEBUG Engine               - secondsIn24h: 60
16:21:26.420 [FXGL Background Thread 2 ] DEBUG Engine               - runtimeInfo: RuntimeInfo(platform=WINDOWS, version=11.8, build=08.03.2020 09.09)
16:21:26.420 [FXGL Background Thread 2 ] DEBUG Engine               - isLinux: false
16:21:26.420 [FXGL Background Thread 2 ] DEBUG Engine               - soundMenuPress: menu/press.wav
16:21:26.420 [FXGL Background Thread 2 ] DEBUG Engine               - urlGithub: https://github.com/AlmasB/FXGL
16:21:26.420 [FXGL Background Thread 2 ] DEBUG Engine               - profileDir: profiles/
16:21:26.420 [FXGL Background Thread 2 ] DEBUG Engine               - isDeveloperMenuEnabled: false
16:21:26.420 [FXGL Background Thread 2 ] DEBUG Engine               - globalSoundVolumeProperty: DoubleProperty [value: 0.1]
16:21:26.420 [FXGL Background Thread 2 ] DEBUG Engine               - mainWindow: com.almasb.fxgl.app.MainWindow@4e8e1bd5
16:21:26.420 [FXGL Background Thread 2 ] DEBUG Engine               - isBrowser: false
16:21:26.420 [FXGL Background Thread 2 ] DEBUG Engine               - urlLeaderboard: http://fxgl-top.herokuapp.com/
16:21:26.420 [FXGL Background Thread 2 ] DEBUG Engine               - globalSoundVolume: 0.5
16:21:26.420 [FXGL Background Thread 2 ] DEBUG Engine               - engineServices: [class com.almasb.fxgl.app.GameApplication$GameApplicationService, class com.almasb.fxgl.app.services.WindowService, class com.almasb.fxgl.app.services.FXGLDialogService, class com.almasb.fxgl.app.services.IOTaskExecutorService, class com.almasb.fxgl.event.EventBusService, class com.almasb.fxgl.io.FileSystemService, class com.almasb.fxgl.localization.LocalizationService, class com.almasb.fxgl.app.services.AssetLoaderService, class com.almasb.fxgl.app.services.SystemBundleService, class com.almasb.fxgl.profile.SaveLoadService, class com.almasb.fxgl.ui.FXGLUIFactoryServiceProvider, class com.almasb.fxgl.ui.FXGLDialogFactoryServiceProvider, class com.almasb.fxgl.audio.AudioPlayer, class com.almasb.fxgl.notification.impl.NotificationServiceProvider, class com.almasb.fxgl.achievement.AchievementService, class com.almasb.fxgl.cutscene.CutsceneService, class com.almasb.fxgl.minigames.MiniGameService, class com.almasb.fxgl.net.NetService, class com.almasb.fxgl.app.services.UpdaterService]
16:21:26.421 [FXGL Background Thread 2 ] DEBUG Engine               - globalMusicVolume: 0.5
16:21:26.421 [FXGL Background Thread 2 ] DEBUG Engine               - width: 2000
16:21:26.421 [FXGL Background Thread 2 ] DEBUG Engine               - saveFileExt: sav
16:21:26.421 [FXGL Background Thread 2 ] DEBUG Engine               - isAndroid: false
16:21:26.421 [FXGL Background Thread 2 ] DEBUG Engine               - fontUI: VarelaRound-Regular.ttf
16:21:26.421 [FXGL Background Thread 2 ] DEBUG Engine               - enabledMenuItems: []
16:21:26.421 [FXGL Background Thread 2 ] DEBUG Engine               - isIOS: false
16:21:26.421 [FXGL Background Thread 2 ] DEBUG Engine               - Logging services
16:21:26.421 [FXGL Background Thread 2 ] DEBUG Engine               - class com.almasb.fxgl.app.GameApplication$GameApplicationService
16:21:26.421 [FXGL Background Thread 2 ] DEBUG Engine               - class com.almasb.fxgl.app.services.WindowService
16:21:26.421 [FXGL Background Thread 2 ] DEBUG Engine               - class com.almasb.fxgl.app.services.FXGLDialogService
16:21:26.421 [FXGL Background Thread 2 ] DEBUG Engine               - class com.almasb.fxgl.app.services.IOTaskExecutorService
16:21:26.421 [FXGL Background Thread 2 ] DEBUG Engine               - class com.almasb.fxgl.event.EventBusService
16:21:26.421 [FXGL Background Thread 2 ] DEBUG Engine               - class com.almasb.fxgl.io.FileSystemService
16:21:26.421 [FXGL Background Thread 2 ] DEBUG Engine               - class com.almasb.fxgl.localization.LocalizationService
16:21:26.421 [FXGL Background Thread 2 ] DEBUG Engine               - class com.almasb.fxgl.app.services.AssetLoaderService
16:21:26.421 [FXGL Background Thread 2 ] DEBUG Engine               - class com.almasb.fxgl.app.services.SystemBundleService
16:21:26.421 [FXGL Background Thread 2 ] DEBUG Engine               - class com.almasb.fxgl.profile.SaveLoadService
16:21:26.421 [FXGL Background Thread 2 ] DEBUG Engine               - class com.almasb.fxgl.ui.FXGLUIFactoryServiceProvider
16:21:26.421 [FXGL Background Thread 2 ] DEBUG Engine               - class com.almasb.fxgl.ui.FXGLDialogFactoryServiceProvider
16:21:26.421 [FXGL Background Thread 2 ] DEBUG Engine               - class com.almasb.fxgl.audio.AudioPlayer
16:21:26.421 [FXGL Background Thread 2 ] DEBUG Engine               - class com.almasb.fxgl.notification.impl.NotificationServiceProvider
16:21:26.421 [FXGL Background Thread 2 ] DEBUG Engine               - class com.almasb.fxgl.achievement.AchievementService
16:21:26.421 [FXGL Background Thread 2 ] DEBUG Engine               - class com.almasb.fxgl.cutscene.CutsceneService
16:21:26.421 [FXGL Background Thread 2 ] DEBUG Engine               - class com.almasb.fxgl.minigames.MiniGameService
16:21:26.421 [FXGL Background Thread 2 ] DEBUG Engine               - class com.almasb.fxgl.net.NetService
16:21:26.421 [FXGL Background Thread 2 ] DEBUG Engine               - class com.almasb.fxgl.app.services.UpdaterService
16:21:27.817 [JavaFX Application Thread] DEBUG AssetLoaderService   - Loading from file system: /assets/textures/projectile.png
16:21:28.124 [JavaFX Application Thread] DEBUG AssetLoaderService   - Loading from file system: /assets/textures/smallasteroid.png
16:21:28.371 [JavaFX Application Thread] DEBUG AssetLoaderService   - Loading from cache: /assets/textures/smallasteroid.png
16:21:28.372 [JavaFX Application Thread] DEBUG AssetLoaderService   - Loading from file system: /assets/sounds/explosion.wav
16:21:28.373 [JavaFX Application Thread] WARN  AssetLoaderService   - Failed to load sound explosion.wav Error: java.lang.IllegalArgumentException: Asset "/assets/sounds/explosion.wav" was not found!
16:21:28.374 [JavaFX Application Thread] DEBUG AssetLoaderService   - Loading from file system: /assets/textures/explosion.png
16:21:29.584 [JavaFX Application Thread] DEBUG AssetLoaderService   - Loading from cache: /assets/textures/projectile.png
16:21:30.401 [JavaFX Application Thread] DEBUG AssetLoaderService   - Loading from cache: /assets/textures/smallasteroid.png
16:21:30.451 [JavaFX Application Thread] DEBUG AssetLoaderService   - Loading from file system: /assets/sounds/explosion.wav
16:21:30.451 [JavaFX Application Thread] WARN  AssetLoaderService   - Failed to load sound explosion.wav Error: java.lang.IllegalArgumentException: Asset "/assets/sounds/explosion.wav" was not found!
16:21:30.451 [JavaFX Application Thread] DEBUG AssetLoaderService   - Loading from cache: /assets/textures/explosion.png
16:21:30.899 [JavaFX Application Thread] DEBUG AssetLoaderService   - Loading from cache: /assets/textures/smallasteroid.png
16:21:30.977 [JavaFX Application Thread] DEBUG AssetLoaderService   - Loading from cache: /assets/textures/projectile.png
16:21:31.353 [JavaFX Application Thread] DEBUG AssetLoaderService   - Loading from cache: /assets/textures/projectile.png
16:21:32.440 [JavaFX Application Thread] DEBUG AssetLoaderService   - Loading from cache: /assets/textures/projectile.png
16:21:32.675 [JavaFX Application Thread] DEBUG AssetLoaderService   - Loading from cache: /assets/textures/smallasteroid.png
16:21:32.928 [JavaFX Application Thread] DEBUG AssetLoaderService   - Loading from cache: /assets/textures/projectile.png
16:21:33.216 [JavaFX Application Thread] DEBUG AssetLoaderService   - Loading from cache: /assets/textures/projectile.png
16:21:33.427 [JavaFX Application Thread] DEBUG AssetLoaderService   - Loading from cache: /assets/textures/smallasteroid.png
16:21:33.468 [JavaFX Application Thread] DEBUG AssetLoaderService   - Loading from file system: /assets/sounds/explosion.wav
16:21:33.468 [JavaFX Application Thread] WARN  AssetLoaderService   - Failed to load sound explosion.wav Error: java.lang.IllegalArgumentException: Asset "/assets/sounds/explosion.wav" was not found!
16:21:33.468 [JavaFX Application Thread] DEBUG AssetLoaderService   - Loading from cache: /assets/textures/explosion.png
16:21:34.112 [JavaFX Application Thread] DEBUG AssetLoaderService   - Loading from cache: /assets/textures/projectile.png
16:21:34.441 [JavaFX Application Thread] DEBUG AssetLoaderService   - Loading from cache: /assets/textures/projectile.png
16:21:34.651 [JavaFX Application Thread] DEBUG AssetLoaderService   - Loading from cache: /assets/textures/projectile.png
16:21:34.856 [JavaFX Application Thread] DEBUG AssetLoaderService   - Loading from cache: /assets/textures/projectile.png
16:21:34.947 [JavaFX Application Thread] DEBUG AssetLoaderService   - Loading from cache: /assets/textures/smallasteroid.png
16:21:35.088 [JavaFX Application Thread] DEBUG AssetLoaderService   - Loading from cache: /assets/textures/projectile.png
16:21:35.282 [JavaFX Application Thread] DEBUG AssetLoaderService   - Loading from file system: /assets/sounds/explosion.wav
16:21:35.282 [JavaFX Application Thread] WARN  AssetLoaderService   - Failed to load sound explosion.wav Error: java.lang.IllegalArgumentException: Asset "/assets/sounds/explosion.wav" was not found!
16:21:35.282 [JavaFX Application Thread] DEBUG AssetLoaderService   - Loading from cache: /assets/textures/explosion.png
16:21:35.567 [JavaFX Application Thread] DEBUG AssetLoaderService   - Loading from file system: /assets/sounds/explosion.wav
16:21:35.567 [JavaFX Application Thread] WARN  AssetLoaderService   - Failed to load sound explosion.wav Error: java.lang.IllegalArgumentException: Asset "/assets/sounds/explosion.wav" was not found!
16:21:35.568 [JavaFX Application Thread] DEBUG AssetLoaderService   - Loading from cache: /assets/textures/explosion.png
16:21:35.971 [JavaFX Application Thread] DEBUG AssetLoaderService   - Loading from cache: /assets/textures/smallasteroid.png
16:21:36.740 [JavaFX Application Thread] DEBUG GameApplication      - Exiting FXGL
16:21:36.740 [JavaFX Application Thread] DEBUG LoopRunner           - Stopping loop
16:21:36.740 [JavaFX Application Thread] DEBUG SystemBundleService  - Saving FXGL system data
16:21:36.741 [JavaFX Application Thread] DEBUG FileSystemAccess     - Writing to: C:\Users\xxdee\IdeaProjects\350FXGLjavagame\system\fxgl.bundle
16:21:36.742 [JavaFX Application Thread] DEBUG GameApplication      - Shutting down background threads
16:21:36.743 [JavaFX Application Thread] DEBUG GameApplication      - Closing logger and exiting JavaFX
