16:43:14.281 [main                     ] DEBUG GameApplication      - Logger initialized
16:43:14.293 [main                     ] DEBUG GameApplication      - Logging settings
Title: Space Game
Version: 0.2
Width: 2000
Height: 1000
Fullscreen: false
Intro: false
Menus: true
Profiling: false
Single step:false
App Mode: DEVELOPER
Menu Key: ESCAPE
Stage Style: DECORATED
Scene Factory: class com.almasb.fxgl.app.scene.SceneFactory

16:43:14.636 [JavaFX Application Thread] DEBUG GameApplication      - Initializing FXGL
16:43:14.642 [JavaFX Application Thread] INFO  Engine               - FXGL-11.8 (08.03.2020 09.09) on WINDOWS (J:11.0.8 FX:13.0.2)
16:43:14.642 [JavaFX Application Thread] INFO  Engine               - Source code and latest versions at: https://github.com/AlmasB/FXGL
16:43:14.642 [JavaFX Application Thread] INFO  Engine               -              Join the FXGL chat at: https://gitter.im/AlmasB/FXGL
16:43:14.723 [JavaFX Application Thread] DEBUG MainWindow           - Creating a JavaFX scene
16:43:14.723 [JavaFX Application Thread] DEBUG MainWindow           - Target size > screen size
16:43:14.772 [JavaFX Application Thread] DEBUG MainWindow           - Target settings size: 2000.0 x 1000.0
16:43:14.772 [JavaFX Application Thread] DEBUG MainWindow           - Scaled scene size:    1895.0 x 960.0
16:43:14.772 [JavaFX Application Thread] DEBUG MainWindow           - Scaled ratio: (0.9475, 0.96)
16:43:14.773 [JavaFX Application Thread] DEBUG MainWindow           - Set initial scene to FXGLStartupScene
16:43:14.777 [JavaFX Application Thread] DEBUG MainWindow           - Opening main window
16:43:14.838 [JavaFX Application Thread] DEBUG MainWindow           - Window border size: (16.0, 39.0)
16:43:14.838 [JavaFX Application Thread] DEBUG MainWindow           - Scaled size: 1895.0 x 960.0
16:43:14.838 [JavaFX Application Thread] DEBUG MainWindow           - Scaled ratio: (0.9475, 0.96)
16:43:14.838 [JavaFX Application Thread] DEBUG MainWindow           - Scene size: 1895.0 x 960.0
16:43:14.838 [JavaFX Application Thread] DEBUG MainWindow           - Stage size: 1911.0 x 999.0
16:43:14.844 [FXGL Background Thread 1 ] DEBUG Engine               - Initializing environment variables
16:43:14.862 [FXGL Background Thread 1 ] DEBUG WindowService        - Applying CSS: fxgl_dark.css
16:43:14.862 [FXGL Background Thread 1 ] DEBUG AssetLoaderService   - Loading from file system: /assets/ui/css/fxgl_dark.css
16:43:14.891 [FXGL Background Thread 1 ] DEBUG WindowService        - Initializing application scenes
16:43:14.921 [FXGL Background Thread 1 ] DEBUG GameWorld            - Game world initialized
16:43:14.946 [FXGL Background Thread 1 ] DEBUG PhysicsWorld         - Physics world initialized: appHeight=1000, physics.ppm=50.0
16:43:14.948 [FXGL Background Thread 1 ] DEBUG GameScene            - Game scene initialized: 2000x1000
16:43:14.964 [FXGL Background Thread 1 ] DEBUG AssetLoaderService   - Loading from file system: /assets/textures/particles/trace_horizontal.png
16:43:15.001 [FXGL Background Thread 1 ] DEBUG FXGL.DefaultMenu     - createMenuBodyMainMenu()
16:43:15.011 [FXGL Background Thread 1 ] DEBUG FXGL.DefaultMenu     - createOptionsMenu()
16:43:15.013 [FXGL Background Thread 1 ] DEBUG AssetLoaderService   - Loading from file system: /assets/textures/particles/smoke.png
16:43:15.046 [FXGL Background Thread 1 ] DEBUG AssetLoaderService   - Loading from cache: /assets/textures/particles/trace_horizontal.png@64.0x64.0
16:43:15.046 [FXGL Background Thread 1 ] DEBUG FXGL.DefaultMenu     - createMenuBodyGameMenu()
16:43:15.046 [FXGL Background Thread 1 ] DEBUG FXGL.DefaultMenu     - createOptionsMenu()
16:43:15.048 [FXGL Background Thread 1 ] DEBUG AssetLoaderService   - Loading from cache: /assets/textures/particles/smoke.png@128.0x128.0
16:43:15.055 [FXGL Background Thread 1 ] DEBUG WindowService        - Application scenes initialized
16:43:15.061 [FXGL Background Thread 1 ] DEBUG SystemBundleService  - Loading FXGL system data
16:43:15.063 [FXGL Background Thread 1 ] DEBUG FileSystemAccess     - Reading from: C:\Users\xxdee\IdeaProjects\350FXGLjavagame\system\fxgl.bundle
16:43:15.067 [FXGL Background Thread 1 ] DEBUG SystemBundleService  - Bundle FXGL: {}
16:43:15.067 [FXGL Background Thread 1 ] INFO  Engine               - FXGL initialization took: 0.221 sec
16:43:15.068 [FXGL Background Thread 1 ] DEBUG GameApplication      - Loading localizations
16:43:15.068 [FXGL Background Thread 1 ] DEBUG AssetLoaderService   - Loading from file system: /assets/properties/languages/english.properties
16:43:15.069 [FXGL Background Thread 1 ] DEBUG AssetLoaderService   - Loading from file system: /assets/properties/languages/french.properties
16:43:15.070 [FXGL Background Thread 1 ] DEBUG AssetLoaderService   - Loading from file system: /assets/properties/languages/german.properties
16:43:15.071 [FXGL Background Thread 1 ] DEBUG AssetLoaderService   - Loading from file system: /assets/properties/languages/hungarian.properties
16:43:15.071 [FXGL Background Thread 1 ] DEBUG AssetLoaderService   - Loading from file system: /assets/properties/languages/russian.properties
16:43:15.072 [FXGL Background Thread 1 ] DEBUG GameApplication      - Registering font factories with UI factory
16:43:15.072 [FXGL Background Thread 1 ] DEBUG AssetLoaderService   - Loading from file system: /assets/ui/fonts/VarelaRound-Regular.ttf
16:43:15.245 [FXGL Background Thread 1 ] DEBUG AssetLoaderService   - Loading from file system: /assets/ui/fonts/Abel-Regular.ttf
16:43:15.247 [FXGL Background Thread 1 ] DEBUG AssetLoaderService   - Loading from file system: /assets/ui/fonts/lucida_console.ttf
16:43:15.249 [FXGL Background Thread 1 ] DEBUG AssetLoaderService   - Loading from file system: /assets/ui/fonts/Courier-Prime.ttf
16:43:15.258 [JavaFX Application Thread] DEBUG Input                - Registered new binding: action0 - D
16:43:15.258 [JavaFX Application Thread] DEBUG Input                - Registered new binding: action1 - A
16:43:15.259 [JavaFX Application Thread] DEBUG Input                - Registered new binding: action2 - W
16:43:15.259 [JavaFX Application Thread] DEBUG Input                - Registered new binding: action3 - C
16:43:15.259 [JavaFX Application Thread] DEBUG Input                - Registered new binding: action4 - Left
16:43:15.259 [JavaFX Application Thread] DEBUG Input                - Registered new binding: action5 - Right
16:43:15.259 [JavaFX Application Thread] DEBUG Input                - Registered new binding: action6 - Space
16:43:15.259 [JavaFX Application Thread] DEBUG AssetLoaderService   - Loading from file system: /assets/textures/fxgl_icon.png
16:43:15.273 [JavaFX Application Thread] DEBUG AssetLoaderService   - Loading from file system: /assets/ui/cursors/fxgl_default.png
16:43:15.275 [JavaFX Application Thread] DEBUG Input                - Registered new binding: Screenshot - P
16:43:15.275 [JavaFX Application Thread] DEBUG Input                - Registered new binding: System info dump - CTRL+9
16:43:15.275 [JavaFX Application Thread] DEBUG Input                - Registered new binding: Restart - CTRL+R
16:43:15.276 [JavaFX Application Thread] DEBUG LoopRunner           - Starting loop
16:43:15.281 [JavaFX Application Thread] DEBUG FXGLStartupScene     - STARTUP
16:43:15.283 [JavaFX Application Thread] DEBUG Input                - Clearing active input actions
16:43:15.296 [JavaFX Application Thread] DEBUG WindowService        - Removing overlay from FXGLStartupScene and adding to FXGLDefaultMenu
16:43:15.296 [JavaFX Application Thread] DEBUG MainWindow           - FXGLStartupScene -> FXGLDefaultMenu
16:43:16.090 [JavaFX Application Thread] DEBUG Menu                 - fireNewGame()
16:43:16.090 [JavaFX Application Thread] DEBUG WindowService        - Starting new game
16:43:16.090 [JavaFX Application Thread] DEBUG Input                - Clearing active input actions
16:43:16.096 [JavaFX Application Thread] DEBUG WindowService        - Removing overlay from FXGLDefaultMenu and adding to FXGLLoadingScene
16:43:16.096 [JavaFX Application Thread] DEBUG MainWindow           - FXGLDefaultMenu -> FXGLLoadingScene
16:43:16.096 [JavaFX Application Thread] DEBUG WindowService        - Clearing previous game
16:43:16.096 [JavaFX Application Thread] DEBUG GameScene            - Clearing game scene
16:43:16.096 [JavaFX Application Thread] DEBUG GameWorld            - Clearing game world
16:43:16.096 [JavaFX Application Thread] DEBUG PhysicsWorld         - Clearing physics world
16:43:16.097 [FXGL Background Thread 1 ] DEBUG GameApplication      - Initializing game
16:43:16.105 [FXGL Background Thread 1 ] DEBUG AssetLoaderService   - Loading from file system: /assets/textures/spacebackground.png
16:43:16.140 [FXGL Background Thread 1 ] DEBUG AssetLoaderService   - Loading from file system: /assets/textures/smallspaceship.png
16:43:16.150 [FXGL Background Thread 1 ] INFO  GameApplication      - Game initialization took: 0.053 sec
16:43:16.150 [JavaFX Application Thread] DEBUG Input                - Clearing active input actions
16:43:16.155 [JavaFX Application Thread] DEBUG WindowService        - Removing overlay from FXGLLoadingScene and adding to GameScene
16:43:16.155 [JavaFX Application Thread] DEBUG MainWindow           - FXGLLoadingScene -> GameScene
16:43:18.068 [FXGL Background Thread 2 ] DEBUG Engine               - Logging environment variables
16:43:18.068 [FXGL Background Thread 2 ] DEBUG Engine               - achievements: []
16:43:18.068 [FXGL Background Thread 2 ] DEBUG Engine               - language: ObjectProperty [value: ENGLISH]
16:43:18.068 [FXGL Background Thread 2 ] DEBUG Engine               - isCloseConfirmation: false
16:43:18.068 [FXGL Background Thread 2 ] DEBUG Engine               - isProfilingEnabled: false
16:43:18.068 [FXGL Background Thread 2 ] DEBUG Engine               - soundNotification: core/notification.wav
16:43:18.068 [FXGL Background Thread 2 ] DEBUG Engine               - devShowBBoxProperty: BooleanProperty [value: false]
16:43:18.068 [FXGL Background Thread 2 ] DEBUG Engine               - pixelsPerMeter: 50.0
16:43:18.068 [FXGL Background Thread 2 ] DEBUG Engine               - appIcon: fxgl_icon.png
16:43:18.068 [FXGL Background Thread 2 ] DEBUG Engine               - soundMenuBack: menu/back.wav
16:43:18.068 [FXGL Background Thread 2 ] DEBUG Engine               - isFullScreenAllowed: false
16:43:18.068 [FXGL Background Thread 2 ] DEBUG Engine               - isIntroEnabled: false
16:43:18.068 [FXGL Background Thread 2 ] DEBUG Engine               - fontMono: lucida_console.ttf
16:43:18.068 [FXGL Background Thread 2 ] DEBUG Engine               - soundMenuSelect: menu/select.wav
16:43:18.068 [FXGL Background Thread 2 ] DEBUG Engine               - isWindows: true
16:43:18.068 [FXGL Background Thread 2 ] DEBUG Engine               - isMobile: false
16:43:18.068 [FXGL Background Thread 2 ] DEBUG Engine               - isUserProfileEnabled: false
16:43:18.068 [FXGL Background Thread 2 ] DEBUG Engine               - height: 1000
16:43:18.069 [FXGL Background Thread 2 ] DEBUG Engine               - isExperimentalNative: false
16:43:18.069 [FXGL Background Thread 2 ] DEBUG Engine               - settings: Title: Space Game
Version: 0.2
Width: 2000
Height: 1000
Fullscreen: false
Intro: false
Menus: true
Profiling: false
Single step:false
App Mode: DEVELOPER
Menu Key: ESCAPE
Stage Style: DECORATED
Scene Factory: class com.almasb.fxgl.app.scene.SceneFactory

16:43:18.069 [FXGL Background Thread 2 ] DEBUG Engine               - isSingleStep: false
16:43:18.069 [FXGL Background Thread 2 ] DEBUG Engine               - cSSList: [fxgl_dark.css]
16:43:18.069 [FXGL Background Thread 2 ] DEBUG Engine               - fontGame: Abel-Regular.ttf
16:43:18.069 [FXGL Background Thread 2 ] DEBUG Engine               - menuKey: ESCAPE
16:43:18.069 [FXGL Background Thread 2 ] DEBUG Engine               - devShowPositionProperty: BooleanProperty [value: false]
16:43:18.069 [FXGL Background Thread 2 ] DEBUG Engine               - versionCheckDays: 7
16:43:18.069 [FXGL Background Thread 2 ] DEBUG Engine               - configClass: Optional.empty
16:43:18.069 [FXGL Background Thread 2 ] DEBUG Engine               - isFullScreenFromStart: false
16:43:18.069 [FXGL Background Thread 2 ] DEBUG Engine               - version: 0.2
16:43:18.069 [FXGL Background Thread 2 ] DEBUG Engine               - fullScreen: BooleanProperty [value: false]
16:43:18.069 [FXGL Background Thread 2 ] DEBUG Engine               - randomSeed: -1
16:43:18.069 [FXGL Background Thread 2 ] DEBUG Engine               - gameDifficultyProperty: ObjectProperty [value: MEDIUM]
16:43:18.069 [FXGL Background Thread 2 ] DEBUG Engine               - applicationMode: DEVELOPER
16:43:18.069 [FXGL Background Thread 2 ] DEBUG Engine               - isMac: false
16:43:18.069 [FXGL Background Thread 2 ] DEBUG Engine               - isMenuEnabled: true
16:43:18.069 [FXGL Background Thread 2 ] DEBUG Engine               - urlPOM: https://raw.githubusercontent.com/AlmasB/FXGL/master/pom.xml
16:43:18.069 [FXGL Background Thread 2 ] DEBUG Engine               - profileName: StringProperty [value: DEFAULT]
16:43:18.069 [FXGL Background Thread 2 ] DEBUG Engine               - notificationViewClass: class com.almasb.fxgl.notification.view.XboxNotificationView
16:43:18.069 [FXGL Background Thread 2 ] DEBUG Engine               - devSensorColorProperty: ObjectProperty [value: 0xffff00ff]
16:43:18.070 [FXGL Background Thread 2 ] DEBUG Engine               - sceneFactory: com.almasb.fxgl.app.scene.SceneFactory@4d74d0a8
16:43:18.070 [FXGL Background Thread 2 ] DEBUG Engine               - stageStyle: DECORATED
16:43:18.070 [FXGL Background Thread 2 ] DEBUG Engine               - isManualResizeEnabled: false
16:43:18.070 [FXGL Background Thread 2 ] DEBUG Engine               - title: Space Game
16:43:18.070 [FXGL Background Thread 2 ] DEBUG Engine               - platform: WINDOWS
16:43:18.070 [FXGL Background Thread 2 ] DEBUG Engine               - devBBoxColorProperty: ObjectProperty [value: 0xff0000ff]
16:43:18.070 [FXGL Background Thread 2 ] DEBUG Engine               - gameDifficulty: MEDIUM
16:43:18.070 [FXGL Background Thread 2 ] DEBUG Engine               - isDesktop: true
16:43:18.070 [FXGL Background Thread 2 ] DEBUG Engine               - supportedLanguages: [ENGLISH, FRENCH, GERMAN, HUNGARIAN, RUSSIAN]
16:43:18.070 [FXGL Background Thread 2 ] DEBUG Engine               - credits: []
16:43:18.070 [FXGL Background Thread 2 ] DEBUG Engine               - globalMusicVolumeProperty: DoubleProperty [value: 0.5]
16:43:18.070 [FXGL Background Thread 2 ] DEBUG Engine               - isPreserveResizeRatio: false
16:43:18.070 [FXGL Background Thread 2 ] DEBUG Engine               - fontText: Courier-Prime.ttf
16:43:18.070 [FXGL Background Thread 2 ] DEBUG Engine               - isExperimentalTiledLargeMap: false
16:43:18.070 [FXGL Background Thread 2 ] DEBUG Engine               - secondsIn24h: 60
16:43:18.070 [FXGL Background Thread 2 ] DEBUG Engine               - runtimeInfo: RuntimeInfo(platform=WINDOWS, version=11.8, build=08.03.2020 09.09)
16:43:18.070 [FXGL Background Thread 2 ] DEBUG Engine               - isLinux: false
16:43:18.070 [FXGL Background Thread 2 ] DEBUG Engine               - soundMenuPress: menu/press.wav
16:43:18.070 [FXGL Background Thread 2 ] DEBUG Engine               - urlGithub: https://github.com/AlmasB/FXGL
16:43:18.070 [FXGL Background Thread 2 ] DEBUG Engine               - profileDir: profiles/
16:43:18.070 [FXGL Background Thread 2 ] DEBUG Engine               - isDeveloperMenuEnabled: false
16:43:18.070 [FXGL Background Thread 2 ] DEBUG Engine               - globalSoundVolumeProperty: DoubleProperty [value: 0.1]
16:43:18.070 [FXGL Background Thread 2 ] DEBUG Engine               - mainWindow: com.almasb.fxgl.app.MainWindow@494b5dde
16:43:18.071 [FXGL Background Thread 2 ] DEBUG Engine               - isBrowser: false
16:43:18.071 [FXGL Background Thread 2 ] DEBUG Engine               - urlLeaderboard: http://fxgl-top.herokuapp.com/
16:43:18.071 [FXGL Background Thread 2 ] DEBUG Engine               - globalSoundVolume: 0.5
16:43:18.071 [FXGL Background Thread 2 ] DEBUG Engine               - engineServices: [class com.almasb.fxgl.app.GameApplication$GameApplicationService, class com.almasb.fxgl.app.services.WindowService, class com.almasb.fxgl.app.services.FXGLDialogService, class com.almasb.fxgl.app.services.IOTaskExecutorService, class com.almasb.fxgl.event.EventBusService, class com.almasb.fxgl.io.FileSystemService, class com.almasb.fxgl.localization.LocalizationService, class com.almasb.fxgl.app.services.AssetLoaderService, class com.almasb.fxgl.app.services.SystemBundleService, class com.almasb.fxgl.profile.SaveLoadService, class com.almasb.fxgl.ui.FXGLUIFactoryServiceProvider, class com.almasb.fxgl.ui.FXGLDialogFactoryServiceProvider, class com.almasb.fxgl.audio.AudioPlayer, class com.almasb.fxgl.notification.impl.NotificationServiceProvider, class com.almasb.fxgl.achievement.AchievementService, class com.almasb.fxgl.cutscene.CutsceneService, class com.almasb.fxgl.minigames.MiniGameService, class com.almasb.fxgl.net.NetService, class com.almasb.fxgl.app.services.UpdaterService]
16:43:18.071 [FXGL Background Thread 2 ] DEBUG Engine               - globalMusicVolume: 0.5
16:43:18.071 [FXGL Background Thread 2 ] DEBUG Engine               - width: 2000
16:43:18.071 [FXGL Background Thread 2 ] DEBUG Engine               - saveFileExt: sav
16:43:18.071 [FXGL Background Thread 2 ] DEBUG Engine               - isAndroid: false
16:43:18.071 [FXGL Background Thread 2 ] DEBUG Engine               - fontUI: VarelaRound-Regular.ttf
16:43:18.071 [FXGL Background Thread 2 ] DEBUG Engine               - enabledMenuItems: []
16:43:18.071 [FXGL Background Thread 2 ] DEBUG Engine               - isIOS: false
16:43:18.071 [FXGL Background Thread 2 ] DEBUG Engine               - Logging services
16:43:18.071 [FXGL Background Thread 2 ] DEBUG Engine               - class com.almasb.fxgl.app.GameApplication$GameApplicationService
16:43:18.071 [FXGL Background Thread 2 ] DEBUG Engine               - class com.almasb.fxgl.app.services.WindowService
16:43:18.071 [FXGL Background Thread 2 ] DEBUG Engine               - class com.almasb.fxgl.app.services.FXGLDialogService
16:43:18.071 [FXGL Background Thread 2 ] DEBUG Engine               - class com.almasb.fxgl.app.services.IOTaskExecutorService
16:43:18.071 [FXGL Background Thread 2 ] DEBUG Engine               - class com.almasb.fxgl.event.EventBusService
16:43:18.071 [FXGL Background Thread 2 ] DEBUG Engine               - class com.almasb.fxgl.io.FileSystemService
16:43:18.071 [FXGL Background Thread 2 ] DEBUG Engine               - class com.almasb.fxgl.localization.LocalizationService
16:43:18.071 [FXGL Background Thread 2 ] DEBUG Engine               - class com.almasb.fxgl.app.services.AssetLoaderService
16:43:18.071 [FXGL Background Thread 2 ] DEBUG Engine               - class com.almasb.fxgl.app.services.SystemBundleService
16:43:18.071 [FXGL Background Thread 2 ] DEBUG Engine               - class com.almasb.fxgl.profile.SaveLoadService
16:43:18.071 [FXGL Background Thread 2 ] DEBUG Engine               - class com.almasb.fxgl.ui.FXGLUIFactoryServiceProvider
16:43:18.071 [FXGL Background Thread 2 ] DEBUG Engine               - class com.almasb.fxgl.ui.FXGLDialogFactoryServiceProvider
16:43:18.071 [FXGL Background Thread 2 ] DEBUG Engine               - class com.almasb.fxgl.audio.AudioPlayer
16:43:18.072 [FXGL Background Thread 2 ] DEBUG Engine               - class com.almasb.fxgl.notification.impl.NotificationServiceProvider
16:43:18.072 [FXGL Background Thread 2 ] DEBUG Engine               - class com.almasb.fxgl.achievement.AchievementService
16:43:18.072 [FXGL Background Thread 2 ] DEBUG Engine               - class com.almasb.fxgl.cutscene.CutsceneService
16:43:18.072 [FXGL Background Thread 2 ] DEBUG Engine               - class com.almasb.fxgl.minigames.MiniGameService
16:43:18.072 [FXGL Background Thread 2 ] DEBUG Engine               - class com.almasb.fxgl.net.NetService
16:43:18.072 [FXGL Background Thread 2 ] DEBUG Engine               - class com.almasb.fxgl.app.services.UpdaterService
16:43:18.602 [JavaFX Application Thread] DEBUG AssetLoaderService   - Loading from file system: /assets/textures/smallasteroid.png
16:43:18.854 [JavaFX Application Thread] DEBUG AssetLoaderService   - Loading from cache: /assets/textures/smallasteroid.png
16:43:19.063 [JavaFX Application Thread] DEBUG AssetLoaderService   - Loading from file system: /assets/textures/projectile.png
16:43:19.709 [JavaFX Application Thread] DEBUG AssetLoaderService   - Loading from file system: /assets/sounds/explosion.wav
16:43:19.763 [JavaFX Application Thread] DEBUG AssetLoaderService   - Loading from file system: /assets/textures/explosion.png
16:43:20.936 [JavaFX Application Thread] DEBUG AssetLoaderService   - Loading from cache: /assets/textures/smallasteroid.png
16:43:21.438 [JavaFX Application Thread] DEBUG AssetLoaderService   - Loading from cache: /assets/textures/smallasteroid.png
16:43:21.806 [JavaFX Application Thread] DEBUG AssetLoaderService   - Loading from cache: /assets/textures/projectile.png
16:43:22.205 [JavaFX Application Thread] DEBUG AssetLoaderService   - Loading from cache: /assets/sounds/explosion.wav
16:43:22.205 [JavaFX Application Thread] DEBUG AssetLoaderService   - Loading from cache: /assets/textures/explosion.png
16:43:22.950 [JavaFX Application Thread] DEBUG AssetLoaderService   - Loading from cache: /assets/textures/projectile.png
16:43:23.110 [JavaFX Application Thread] DEBUG AssetLoaderService   - Loading from cache: /assets/textures/projectile.png
16:43:23.213 [JavaFX Application Thread] DEBUG AssetLoaderService   - Loading from cache: /assets/textures/smallasteroid.png
16:43:23.331 [JavaFX Application Thread] DEBUG AssetLoaderService   - Loading from cache: /assets/textures/projectile.png
16:43:23.949 [JavaFX Application Thread] DEBUG AssetLoaderService   - Loading from cache: /assets/sounds/explosion.wav
16:43:23.949 [JavaFX Application Thread] DEBUG AssetLoaderService   - Loading from cache: /assets/textures/explosion.png
16:43:23.973 [JavaFX Application Thread] DEBUG AssetLoaderService   - Loading from cache: /assets/textures/smallasteroid.png
16:43:24.294 [JavaFX Application Thread] DEBUG AssetLoaderService   - Loading from cache: /assets/textures/projectile.png
16:43:24.557 [JavaFX Application Thread] DEBUG AssetLoaderService   - Loading from cache: /assets/sounds/explosion.wav
16:43:24.557 [JavaFX Application Thread] DEBUG AssetLoaderService   - Loading from cache: /assets/textures/explosion.png
16:43:24.838 [JavaFX Application Thread] DEBUG AssetLoaderService   - Loading from cache: /assets/textures/projectile.png
16:43:25.230 [JavaFX Application Thread] DEBUG AssetLoaderService   - Loading from cache: /assets/textures/projectile.png
16:43:25.486 [JavaFX Application Thread] DEBUG AssetLoaderService   - Loading from cache: /assets/textures/smallasteroid.png
16:43:25.494 [JavaFX Application Thread] DEBUG AssetLoaderService   - Loading from cache: /assets/textures/projectile.png
16:43:25.581 [JavaFX Application Thread] DEBUG AssetLoaderService   - Loading from cache: /assets/sounds/explosion.wav
16:43:25.581 [JavaFX Application Thread] DEBUG AssetLoaderService   - Loading from cache: /assets/textures/explosion.png
16:43:26.078 [JavaFX Application Thread] DEBUG AssetLoaderService   - Loading from cache: /assets/textures/projectile.png
16:43:26.509 [JavaFX Application Thread] DEBUG AssetLoaderService   - Loading from cache: /assets/textures/smallasteroid.png
16:43:26.757 [JavaFX Application Thread] DEBUG AssetLoaderService   - Loading from cache: /assets/sounds/explosion.wav
16:43:26.758 [JavaFX Application Thread] DEBUG AssetLoaderService   - Loading from cache: /assets/textures/explosion.png
16:43:27.136 [JavaFX Application Thread] DEBUG AssetLoaderService   - Loading from cache: /assets/textures/projectile.png
16:43:27.774 [JavaFX Application Thread] DEBUG AssetLoaderService   - Loading from cache: /assets/textures/smallasteroid.png
16:43:28.342 [JavaFX Application Thread] DEBUG AssetLoaderService   - Loading from cache: /assets/textures/projectile.png
16:43:28.837 [JavaFX Application Thread] DEBUG AssetLoaderService   - Loading from cache: /assets/textures/projectile.png
16:43:29.052 [JavaFX Application Thread] DEBUG AssetLoaderService   - Loading from cache: /assets/textures/smallasteroid.png
16:43:29.397 [JavaFX Application Thread] DEBUG AssetLoaderService   - Loading from cache: /assets/textures/projectile.png
16:43:29.622 [JavaFX Application Thread] DEBUG AssetLoaderService   - Loading from cache: /assets/textures/projectile.png
16:43:29.838 [JavaFX Application Thread] DEBUG AssetLoaderService   - Loading from cache: /assets/textures/projectile.png
16:43:30.030 [JavaFX Application Thread] DEBUG AssetLoaderService   - Loading from cache: /assets/textures/projectile.png
16:43:30.062 [JavaFX Application Thread] DEBUG AssetLoaderService   - Loading from cache: /assets/textures/smallasteroid.png
16:43:30.246 [JavaFX Application Thread] DEBUG AssetLoaderService   - Loading from cache: /assets/textures/projectile.png
16:43:30.301 [JavaFX Application Thread] DEBUG AssetLoaderService   - Loading from cache: /assets/sounds/explosion.wav
16:43:30.301 [JavaFX Application Thread] DEBUG AssetLoaderService   - Loading from cache: /assets/textures/explosion.png
16:43:30.974 [JavaFX Application Thread] DEBUG Input                - Clearing active input actions
16:43:30.979 [JavaFX Application Thread] DEBUG WindowService        - Removing overlay from GameScene and adding to FXGLDefaultMenu
16:43:30.979 [JavaFX Application Thread] DEBUG MainWindow           - GameScene -> FXGLDefaultMenu
16:43:32.059 [JavaFX Application Thread] DEBUG GameApplication      - Exiting FXGL
16:43:32.059 [JavaFX Application Thread] DEBUG LoopRunner           - Stopping loop
16:43:32.059 [JavaFX Application Thread] DEBUG SystemBundleService  - Saving FXGL system data
16:43:32.061 [JavaFX Application Thread] DEBUG FileSystemAccess     - Writing to: C:\Users\xxdee\IdeaProjects\350FXGLjavagame\system\fxgl.bundle
16:43:32.062 [JavaFX Application Thread] DEBUG GameApplication      - Shutting down background threads
16:43:32.062 [JavaFX Application Thread] DEBUG GameApplication      - Closing logger and exiting JavaFX
