02:05:09.325 [main                     ] DEBUG GameApplication      - Logger initialized
02:05:09.350 [main                     ] DEBUG GameApplication      - Logging settings
Title: Space Game
Version: 0.1
Width: 2000
Height: 1000
Fullscreen: false
Intro: false
Menus: false
Profiling: false
Single step:false
App Mode: DEVELOPER
Menu Key: ESCAPE
Stage Style: DECORATED
Scene Factory: class com.almasb.fxgl.app.scene.SceneFactory

02:05:09.863 [JavaFX Application Thread] DEBUG GameApplication      - Initializing FXGL
02:05:09.877 [JavaFX Application Thread] INFO  Engine               - FXGL-11.8 (08.03.2020 09.09) on WINDOWS (J:11.0.12 FX:13.0.2)
02:05:09.877 [JavaFX Application Thread] INFO  Engine               - Source code and latest versions at: https://github.com/AlmasB/FXGL
02:05:09.878 [JavaFX Application Thread] INFO  Engine               -              Join the FXGL chat at: https://gitter.im/AlmasB/FXGL
02:05:10.052 [JavaFX Application Thread] DEBUG MainWindow           - Creating a JavaFX scene
02:05:10.052 [JavaFX Application Thread] DEBUG MainWindow           - Target size > screen size
02:05:10.158 [JavaFX Application Thread] DEBUG MainWindow           - Target settings size: 2000.0 x 1000.0
02:05:10.159 [JavaFX Application Thread] DEBUG MainWindow           - Scaled scene size:    1511.0 x 768.0
02:05:10.159 [JavaFX Application Thread] DEBUG MainWindow           - Scaled ratio: (0.7555, 0.768)
02:05:10.161 [JavaFX Application Thread] DEBUG MainWindow           - Set initial scene to FXGLStartupScene
02:05:10.171 [JavaFX Application Thread] DEBUG MainWindow           - Opening main window
02:05:10.278 [JavaFX Application Thread] DEBUG MainWindow           - Window border size: (14.5999755859375, 37.5999755859375)
02:05:10.279 [JavaFX Application Thread] DEBUG MainWindow           - Scaled size: 1511.0 x 768.0
02:05:10.279 [JavaFX Application Thread] DEBUG MainWindow           - Scaled ratio: (0.7555, 0.768)
02:05:10.279 [JavaFX Application Thread] DEBUG MainWindow           - Scene size: 1511.0 x 768.0
02:05:10.279 [JavaFX Application Thread] DEBUG MainWindow           - Stage size: 1525.5999755859375 x 805.5999755859375
02:05:10.290 [FXGL Background Thread 1 ] DEBUG Engine               - Initializing environment variables
02:05:10.330 [FXGL Background Thread 1 ] DEBUG WindowService        - Applying CSS: fxgl_dark.css
02:05:10.330 [FXGL Background Thread 1 ] DEBUG AssetLoaderService   - Loading from file system: /assets/ui/css/fxgl_dark.css
02:05:10.425 [FXGL Background Thread 1 ] DEBUG WindowService        - Initializing application scenes
02:05:10.486 [FXGL Background Thread 1 ] DEBUG GameWorld            - Game world initialized
02:05:10.551 [FXGL Background Thread 1 ] DEBUG PhysicsWorld         - Physics world initialized: appHeight=1000, physics.ppm=50.0
02:05:10.556 [FXGL Background Thread 1 ] DEBUG GameScene            - Game scene initialized: 2000x1000
02:05:10.570 [FXGL Background Thread 1 ] DEBUG Input                - Registered new binding: Resume - Esc
02:05:10.579 [FXGL Background Thread 1 ] DEBUG AssetLoaderService   - Loading from file system: /assets/textures/pause_menu_bg.png
02:05:10.643 [FXGL Background Thread 1 ] DEBUG Input                - Registered new binding: Pause - Esc
02:05:10.644 [FXGL Background Thread 1 ] DEBUG WindowService        - Application scenes initialized
02:05:10.656 [FXGL Background Thread 1 ] DEBUG SystemBundleService  - Loading FXGL system data
02:05:10.661 [FXGL Background Thread 1 ] DEBUG FileSystemAccess     - Reading from: C:\Users\dakot\IdeaProjects\350FXGLjavagame\system\fxgl.bundle
02:05:10.668 [FXGL Background Thread 1 ] DEBUG SystemBundleService  - Bundle FXGL: {}
02:05:10.668 [FXGL Background Thread 1 ] INFO  Engine               - FXGL initialization took: 0.376 sec
02:05:10.670 [FXGL Background Thread 1 ] DEBUG GameApplication      - Loading localizations
02:05:10.671 [FXGL Background Thread 1 ] DEBUG AssetLoaderService   - Loading from file system: /assets/properties/languages/english.properties
02:05:10.673 [FXGL Background Thread 1 ] DEBUG AssetLoaderService   - Loading from file system: /assets/properties/languages/french.properties
02:05:10.674 [FXGL Background Thread 1 ] DEBUG AssetLoaderService   - Loading from file system: /assets/properties/languages/german.properties
02:05:10.676 [FXGL Background Thread 1 ] DEBUG AssetLoaderService   - Loading from file system: /assets/properties/languages/hungarian.properties
02:05:10.678 [FXGL Background Thread 1 ] DEBUG AssetLoaderService   - Loading from file system: /assets/properties/languages/russian.properties
02:05:10.679 [FXGL Background Thread 1 ] DEBUG GameApplication      - Registering font factories with UI factory
02:05:10.680 [FXGL Background Thread 1 ] DEBUG AssetLoaderService   - Loading from file system: /assets/ui/fonts/VarelaRound-Regular.ttf
02:05:10.809 [FXGL Background Thread 1 ] DEBUG AssetLoaderService   - Loading from file system: /assets/ui/fonts/Abel-Regular.ttf
02:05:10.812 [FXGL Background Thread 1 ] DEBUG AssetLoaderService   - Loading from file system: /assets/ui/fonts/lucida_console.ttf
02:05:10.816 [FXGL Background Thread 1 ] DEBUG AssetLoaderService   - Loading from file system: /assets/ui/fonts/Courier-Prime.ttf
02:05:10.822 [JavaFX Application Thread] DEBUG Input                - Registered new binding: action0 - D
02:05:10.822 [JavaFX Application Thread] DEBUG Input                - Registered new binding: action1 - A
02:05:10.822 [JavaFX Application Thread] DEBUG Input                - Registered new binding: action2 - W
02:05:10.823 [JavaFX Application Thread] DEBUG Input                - Registered new binding: action3 - Space
02:05:10.823 [JavaFX Application Thread] DEBUG AssetLoaderService   - Loading from file system: /assets/textures/fxgl_icon.png
02:05:10.844 [JavaFX Application Thread] DEBUG AssetLoaderService   - Loading from file system: /assets/ui/cursors/fxgl_default.png
02:05:10.846 [JavaFX Application Thread] DEBUG Input                - Registered new binding: Screenshot - P
02:05:10.847 [JavaFX Application Thread] DEBUG Input                - Registered new binding: System info dump - CTRL+9
02:05:10.847 [JavaFX Application Thread] DEBUG Input                - Registered new binding: Restart - CTRL+R
02:05:10.848 [JavaFX Application Thread] DEBUG LoopRunner           - Starting loop
02:05:10.869 [JavaFX Application Thread] DEBUG FXGLStartupScene     - STARTUP
02:05:10.869 [JavaFX Application Thread] DEBUG WindowService        - Starting new game
02:05:10.872 [JavaFX Application Thread] DEBUG Input                - Clearing active input actions
02:05:10.888 [JavaFX Application Thread] DEBUG WindowService        - Removing overlay from FXGLStartupScene and adding to FXGLLoadingScene
02:05:10.889 [JavaFX Application Thread] DEBUG MainWindow           - FXGLStartupScene -> FXGLLoadingScene
02:05:10.889 [JavaFX Application Thread] DEBUG WindowService        - Clearing previous game
02:05:10.889 [JavaFX Application Thread] DEBUG GameScene            - Clearing game scene
02:05:10.889 [JavaFX Application Thread] DEBUG GameWorld            - Clearing game world
02:05:10.889 [JavaFX Application Thread] DEBUG PhysicsWorld         - Clearing physics world
02:05:10.891 [FXGL Background Thread 1 ] DEBUG GameApplication      - Initializing game
02:05:10.901 [FXGL Background Thread 1 ] DEBUG AssetLoaderService   - Loading from file system: /assets/textures/spacebackground.png
02:05:10.980 [FXGL Background Thread 1 ] DEBUG AssetLoaderService   - Loading from file system: /assets/textures/spaceship.png
02:05:10.990 [FXGL Background Thread 1 ] INFO  GameApplication      - Game initialization took: 0.099 sec
02:05:11.014 [JavaFX Application Thread] DEBUG Input                - Clearing active input actions
02:05:11.026 [JavaFX Application Thread] DEBUG WindowService        - Removing overlay from FXGLLoadingScene and adding to GameScene
02:05:11.027 [JavaFX Application Thread] DEBUG MainWindow           - FXGLLoadingScene -> GameScene
02:05:11.607 [JavaFX Application Thread] DEBUG AssetLoaderService   - Loading from file system: /assets/textures/projectile.png
02:05:11.856 [JavaFX Application Thread] DEBUG AssetLoaderService   - Loading from cache: /assets/textures/projectile.png
02:05:13.669 [FXGL Background Thread 2 ] DEBUG Engine               - Logging environment variables
02:05:13.669 [FXGL Background Thread 2 ] DEBUG Engine               - achievements: []
02:05:13.670 [FXGL Background Thread 2 ] DEBUG Engine               - language: ObjectProperty [value: ENGLISH]
02:05:13.670 [FXGL Background Thread 2 ] DEBUG Engine               - isCloseConfirmation: false
02:05:13.670 [FXGL Background Thread 2 ] DEBUG Engine               - isProfilingEnabled: false
02:05:13.671 [FXGL Background Thread 2 ] DEBUG Engine               - soundNotification: core/notification.wav
02:05:13.671 [FXGL Background Thread 2 ] DEBUG Engine               - devShowBBoxProperty: BooleanProperty [value: false]
02:05:13.671 [FXGL Background Thread 2 ] DEBUG Engine               - pixelsPerMeter: 50.0
02:05:13.672 [FXGL Background Thread 2 ] DEBUG Engine               - appIcon: fxgl_icon.png
02:05:13.672 [FXGL Background Thread 2 ] DEBUG Engine               - soundMenuBack: menu/back.wav
02:05:13.672 [FXGL Background Thread 2 ] DEBUG Engine               - isFullScreenAllowed: false
02:05:13.673 [FXGL Background Thread 2 ] DEBUG Engine               - isIntroEnabled: false
02:05:13.673 [FXGL Background Thread 2 ] DEBUG Engine               - fontMono: lucida_console.ttf
02:05:13.673 [FXGL Background Thread 2 ] DEBUG Engine               - soundMenuSelect: menu/select.wav
02:05:13.674 [FXGL Background Thread 2 ] DEBUG Engine               - isWindows: true
02:05:13.674 [FXGL Background Thread 2 ] DEBUG Engine               - isMobile: false
02:05:13.674 [FXGL Background Thread 2 ] DEBUG Engine               - isUserProfileEnabled: false
02:05:13.675 [FXGL Background Thread 2 ] DEBUG Engine               - height: 1000
02:05:13.675 [FXGL Background Thread 2 ] DEBUG Engine               - isExperimentalNative: false
02:05:13.675 [FXGL Background Thread 2 ] DEBUG Engine               - settings: Title: Space Game
Version: 0.1
Width: 2000
Height: 1000
Fullscreen: false
Intro: false
Menus: false
Profiling: false
Single step:false
App Mode: DEVELOPER
Menu Key: ESCAPE
Stage Style: DECORATED
Scene Factory: class com.almasb.fxgl.app.scene.SceneFactory

02:05:13.676 [FXGL Background Thread 2 ] DEBUG Engine               - cSSList: [fxgl_dark.css]
02:05:13.676 [FXGL Background Thread 2 ] DEBUG Engine               - isSingleStep: false
02:05:13.676 [FXGL Background Thread 2 ] DEBUG Engine               - fontGame: Abel-Regular.ttf
02:05:13.676 [FXGL Background Thread 2 ] DEBUG Engine               - menuKey: ESCAPE
02:05:13.677 [FXGL Background Thread 2 ] DEBUG Engine               - devShowPositionProperty: BooleanProperty [value: false]
02:05:13.677 [FXGL Background Thread 2 ] DEBUG Engine               - versionCheckDays: 7
02:05:13.677 [FXGL Background Thread 2 ] DEBUG Engine               - configClass: Optional.empty
02:05:13.678 [FXGL Background Thread 2 ] DEBUG Engine               - isFullScreenFromStart: false
02:05:13.678 [FXGL Background Thread 2 ] DEBUG Engine               - version: 0.1
02:05:13.678 [FXGL Background Thread 2 ] DEBUG Engine               - fullScreen: BooleanProperty [value: false]
02:05:13.679 [FXGL Background Thread 2 ] DEBUG Engine               - randomSeed: -1
02:05:13.679 [FXGL Background Thread 2 ] DEBUG Engine               - gameDifficultyProperty: ObjectProperty [value: MEDIUM]
02:05:13.679 [FXGL Background Thread 2 ] DEBUG Engine               - applicationMode: DEVELOPER
02:05:13.679 [FXGL Background Thread 2 ] DEBUG Engine               - isMac: false
02:05:13.680 [FXGL Background Thread 2 ] DEBUG Engine               - isMenuEnabled: false
02:05:13.680 [FXGL Background Thread 2 ] DEBUG Engine               - profileName: StringProperty [value: DEFAULT]
02:05:13.680 [FXGL Background Thread 2 ] DEBUG Engine               - urlPOM: https://raw.githubusercontent.com/AlmasB/FXGL/master/pom.xml
02:05:13.681 [FXGL Background Thread 2 ] DEBUG Engine               - notificationViewClass: class com.almasb.fxgl.notification.view.XboxNotificationView
02:05:13.681 [FXGL Background Thread 2 ] DEBUG Engine               - devSensorColorProperty: ObjectProperty [value: 0xffff00ff]
02:05:13.682 [FXGL Background Thread 2 ] DEBUG Engine               - sceneFactory: com.almasb.fxgl.app.scene.SceneFactory@73842263
02:05:13.682 [FXGL Background Thread 2 ] DEBUG Engine               - stageStyle: DECORATED
02:05:13.682 [FXGL Background Thread 2 ] DEBUG Engine               - isManualResizeEnabled: false
02:05:13.682 [FXGL Background Thread 2 ] DEBUG Engine               - title: Space Game
02:05:13.683 [FXGL Background Thread 2 ] DEBUG Engine               - platform: WINDOWS
02:05:13.683 [FXGL Background Thread 2 ] DEBUG Engine               - devBBoxColorProperty: ObjectProperty [value: 0xff0000ff]
02:05:13.683 [FXGL Background Thread 2 ] DEBUG Engine               - gameDifficulty: MEDIUM
02:05:13.683 [FXGL Background Thread 2 ] DEBUG Engine               - isDesktop: true
02:05:13.684 [FXGL Background Thread 2 ] DEBUG Engine               - supportedLanguages: [ENGLISH, FRENCH, GERMAN, HUNGARIAN, RUSSIAN]
02:05:13.684 [FXGL Background Thread 2 ] DEBUG Engine               - credits: []
02:05:13.684 [FXGL Background Thread 2 ] DEBUG Engine               - globalMusicVolumeProperty: DoubleProperty [value: 0.5]
02:05:13.685 [FXGL Background Thread 2 ] DEBUG Engine               - isPreserveResizeRatio: false
02:05:13.685 [FXGL Background Thread 2 ] DEBUG Engine               - fontText: Courier-Prime.ttf
02:05:13.685 [FXGL Background Thread 2 ] DEBUG Engine               - isExperimentalTiledLargeMap: false
02:05:13.685 [FXGL Background Thread 2 ] DEBUG Engine               - secondsIn24h: 60
02:05:13.686 [FXGL Background Thread 2 ] DEBUG Engine               - runtimeInfo: RuntimeInfo(platform=WINDOWS, version=11.8, build=08.03.2020 09.09)
02:05:13.686 [FXGL Background Thread 2 ] DEBUG Engine               - isLinux: false
02:05:13.686 [FXGL Background Thread 2 ] DEBUG Engine               - urlGithub: https://github.com/AlmasB/FXGL
02:05:13.687 [FXGL Background Thread 2 ] DEBUG Engine               - soundMenuPress: menu/press.wav
02:05:13.687 [FXGL Background Thread 2 ] DEBUG Engine               - profileDir: profiles/
02:05:13.687 [FXGL Background Thread 2 ] DEBUG Engine               - isDeveloperMenuEnabled: false
02:05:13.687 [FXGL Background Thread 2 ] DEBUG Engine               - globalSoundVolumeProperty: DoubleProperty [value: 0.5]
02:05:13.688 [FXGL Background Thread 2 ] DEBUG Engine               - mainWindow: com.almasb.fxgl.app.MainWindow@77bbb8cb
02:05:13.688 [FXGL Background Thread 2 ] DEBUG Engine               - isBrowser: false
02:05:13.688 [FXGL Background Thread 2 ] DEBUG Engine               - urlLeaderboard: http://fxgl-top.herokuapp.com/
02:05:13.688 [FXGL Background Thread 2 ] DEBUG Engine               - globalSoundVolume: 0.5
02:05:13.689 [FXGL Background Thread 2 ] DEBUG Engine               - engineServices: [class com.almasb.fxgl.app.GameApplication$GameApplicationService, class com.almasb.fxgl.app.services.WindowService, class com.almasb.fxgl.app.services.FXGLDialogService, class com.almasb.fxgl.app.services.IOTaskExecutorService, class com.almasb.fxgl.event.EventBusService, class com.almasb.fxgl.io.FileSystemService, class com.almasb.fxgl.localization.LocalizationService, class com.almasb.fxgl.app.services.AssetLoaderService, class com.almasb.fxgl.app.services.SystemBundleService, class com.almasb.fxgl.profile.SaveLoadService, class com.almasb.fxgl.ui.FXGLUIFactoryServiceProvider, class com.almasb.fxgl.ui.FXGLDialogFactoryServiceProvider, class com.almasb.fxgl.audio.AudioPlayer, class com.almasb.fxgl.notification.impl.NotificationServiceProvider, class com.almasb.fxgl.achievement.AchievementService, class com.almasb.fxgl.cutscene.CutsceneService, class com.almasb.fxgl.minigames.MiniGameService, class com.almasb.fxgl.net.NetService, class com.almasb.fxgl.app.services.UpdaterService]
02:05:13.689 [FXGL Background Thread 2 ] DEBUG Engine               - globalMusicVolume: 0.5
02:05:13.689 [FXGL Background Thread 2 ] DEBUG Engine               - width: 2000
02:05:13.690 [FXGL Background Thread 2 ] DEBUG Engine               - saveFileExt: sav
02:05:13.690 [FXGL Background Thread 2 ] DEBUG Engine               - isAndroid: false
02:05:13.690 [FXGL Background Thread 2 ] DEBUG Engine               - fontUI: VarelaRound-Regular.ttf
02:05:13.690 [FXGL Background Thread 2 ] DEBUG Engine               - isIOS: false
02:05:13.691 [FXGL Background Thread 2 ] DEBUG Engine               - enabledMenuItems: []
02:05:13.691 [FXGL Background Thread 2 ] DEBUG Engine               - Logging services
02:05:13.692 [FXGL Background Thread 2 ] DEBUG Engine               - class com.almasb.fxgl.app.GameApplication$GameApplicationService
02:05:13.692 [FXGL Background Thread 2 ] DEBUG Engine               - class com.almasb.fxgl.app.services.WindowService
02:05:13.692 [FXGL Background Thread 2 ] DEBUG Engine               - class com.almasb.fxgl.app.services.FXGLDialogService
02:05:13.693 [FXGL Background Thread 2 ] DEBUG Engine               - class com.almasb.fxgl.app.services.IOTaskExecutorService
02:05:13.693 [FXGL Background Thread 2 ] DEBUG Engine               - class com.almasb.fxgl.event.EventBusService
02:05:13.693 [FXGL Background Thread 2 ] DEBUG Engine               - class com.almasb.fxgl.io.FileSystemService
02:05:13.693 [FXGL Background Thread 2 ] DEBUG Engine               - class com.almasb.fxgl.localization.LocalizationService
02:05:13.694 [FXGL Background Thread 2 ] DEBUG Engine               - class com.almasb.fxgl.app.services.AssetLoaderService
02:05:13.694 [FXGL Background Thread 2 ] DEBUG Engine               - class com.almasb.fxgl.app.services.SystemBundleService
02:05:13.694 [FXGL Background Thread 2 ] DEBUG Engine               - class com.almasb.fxgl.profile.SaveLoadService
02:05:13.694 [FXGL Background Thread 2 ] DEBUG Engine               - class com.almasb.fxgl.ui.FXGLUIFactoryServiceProvider
02:05:13.695 [FXGL Background Thread 2 ] DEBUG Engine               - class com.almasb.fxgl.ui.FXGLDialogFactoryServiceProvider
02:05:13.695 [FXGL Background Thread 2 ] DEBUG Engine               - class com.almasb.fxgl.audio.AudioPlayer
02:05:13.695 [FXGL Background Thread 2 ] DEBUG Engine               - class com.almasb.fxgl.notification.impl.NotificationServiceProvider
02:05:13.695 [FXGL Background Thread 2 ] DEBUG Engine               - class com.almasb.fxgl.achievement.AchievementService
02:05:13.695 [FXGL Background Thread 2 ] DEBUG Engine               - class com.almasb.fxgl.cutscene.CutsceneService
02:05:13.696 [FXGL Background Thread 2 ] DEBUG Engine               - class com.almasb.fxgl.minigames.MiniGameService
02:05:13.696 [FXGL Background Thread 2 ] DEBUG Engine               - class com.almasb.fxgl.net.NetService
02:05:13.696 [FXGL Background Thread 2 ] DEBUG Engine               - class com.almasb.fxgl.app.services.UpdaterService
02:05:14.280 [JavaFX Application Thread] DEBUG AssetLoaderService   - Loading from cache: /assets/textures/projectile.png
02:05:15.342 [JavaFX Application Thread] DEBUG AssetLoaderService   - Loading from cache: /assets/textures/projectile.png
02:05:15.985 [JavaFX Application Thread] DEBUG AssetLoaderService   - Loading from file system: /assets/textures/asteroid.png
02:05:15.998 [JavaFX Application Thread] DEBUG AssetLoaderService   - Loading from cache: /assets/textures/asteroid.png
02:05:17.243 [JavaFX Application Thread] DEBUG AssetLoaderService   - Loading from cache: /assets/textures/projectile.png
02:05:18.337 [JavaFX Application Thread] DEBUG AssetLoaderService   - Loading from cache: /assets/textures/projectile.png
02:05:18.620 [JavaFX Application Thread] DEBUG AssetLoaderService   - Loading from cache: /assets/textures/projectile.png
02:05:19.744 [JavaFX Application Thread] DEBUG AssetLoaderService   - Loading from cache: /assets/textures/projectile.png
02:05:19.944 [JavaFX Application Thread] DEBUG AssetLoaderService   - Loading from cache: /assets/textures/projectile.png
02:05:20.125 [JavaFX Application Thread] DEBUG AssetLoaderService   - Loading from cache: /assets/textures/projectile.png
02:05:20.283 [JavaFX Application Thread] DEBUG AssetLoaderService   - Loading from cache: /assets/textures/projectile.png
02:05:20.445 [JavaFX Application Thread] DEBUG AssetLoaderService   - Loading from cache: /assets/textures/projectile.png
02:05:20.994 [JavaFX Application Thread] DEBUG AssetLoaderService   - Loading from cache: /assets/textures/asteroid.png
02:05:20.997 [JavaFX Application Thread] DEBUG AssetLoaderService   - Loading from cache: /assets/textures/asteroid.png
02:05:22.531 [JavaFX Application Thread] DEBUG GameApplication      - Exiting FXGL
02:05:22.532 [JavaFX Application Thread] DEBUG LoopRunner           - Stopping loop
02:05:22.532 [JavaFX Application Thread] DEBUG SystemBundleService  - Saving FXGL system data
02:05:22.537 [JavaFX Application Thread] DEBUG FileSystemAccess     - Writing to: C:\Users\dakot\IdeaProjects\350FXGLjavagame\system\fxgl.bundle
02:05:22.543 [JavaFX Application Thread] DEBUG GameApplication      - Shutting down background threads
02:05:22.543 [JavaFX Application Thread] DEBUG GameApplication      - Closing logger and exiting JavaFX
