23:54:57.908 [main                     ] DEBUG GameApplication      - Logger initialized
23:54:57.934 [main                     ] DEBUG GameApplication      - Logging settings
Title: Space Game
Version: 0.1
Width: 2000
Height: 1000
Fullscreen: false
Intro: false
Menus: false
Profiling: false
Single step:false
App Mode: DEVELOPER
Menu Key: ESCAPE
Stage Style: DECORATED
Scene Factory: class com.almasb.fxgl.app.scene.SceneFactory

23:55:01.302 [JavaFX Application Thread] DEBUG GameApplication      - Initializing FXGL
23:55:01.319 [JavaFX Application Thread] INFO  Engine               - FXGL-11.8 (08.03.2020 09.09) on WINDOWS (J:11.0.12 FX:13.0.2)
23:55:01.319 [JavaFX Application Thread] INFO  Engine               - Source code and latest versions at: https://github.com/AlmasB/FXGL
23:55:01.320 [JavaFX Application Thread] INFO  Engine               -              Join the FXGL chat at: https://gitter.im/AlmasB/FXGL
23:55:01.460 [JavaFX Application Thread] DEBUG MainWindow           - Creating a JavaFX scene
23:55:01.460 [JavaFX Application Thread] DEBUG MainWindow           - Target size > screen size
23:55:01.605 [JavaFX Application Thread] DEBUG MainWindow           - Target settings size: 2000.0 x 1000.0
23:55:01.605 [JavaFX Application Thread] DEBUG MainWindow           - Scaled scene size:    1511.0 x 768.0
23:55:01.605 [JavaFX Application Thread] DEBUG MainWindow           - Scaled ratio: (0.7555, 0.768)
23:55:01.607 [JavaFX Application Thread] DEBUG MainWindow           - Set initial scene to FXGLStartupScene
23:55:01.615 [JavaFX Application Thread] DEBUG MainWindow           - Opening main window
23:55:01.745 [JavaFX Application Thread] DEBUG MainWindow           - Window border size: (14.5999755859375, 37.5999755859375)
23:55:01.745 [JavaFX Application Thread] DEBUG MainWindow           - Scaled size: 1511.0 x 768.0
23:55:01.745 [JavaFX Application Thread] DEBUG MainWindow           - Scaled ratio: (0.7555, 0.768)
23:55:01.745 [JavaFX Application Thread] DEBUG MainWindow           - Scene size: 1511.0 x 768.0
23:55:01.745 [JavaFX Application Thread] DEBUG MainWindow           - Stage size: 1525.5999755859375 x 805.5999755859375
23:55:01.756 [FXGL Background Thread 1 ] DEBUG Engine               - Initializing environment variables
23:55:01.786 [FXGL Background Thread 1 ] DEBUG WindowService        - Applying CSS: fxgl_dark.css
23:55:01.786 [FXGL Background Thread 1 ] DEBUG AssetLoaderService   - Loading from file system: /assets/ui/css/fxgl_dark.css
23:55:01.850 [FXGL Background Thread 1 ] DEBUG WindowService        - Initializing application scenes
23:55:01.894 [FXGL Background Thread 1 ] DEBUG GameWorld            - Game world initialized
23:55:01.943 [FXGL Background Thread 1 ] DEBUG PhysicsWorld         - Physics world initialized: appHeight=1000, physics.ppm=50.0
23:55:01.946 [FXGL Background Thread 1 ] DEBUG GameScene            - Game scene initialized: 2000x1000
23:55:01.957 [FXGL Background Thread 1 ] DEBUG Input                - Registered new binding: Resume - Esc
23:55:01.963 [FXGL Background Thread 1 ] DEBUG AssetLoaderService   - Loading from file system: /assets/textures/pause_menu_bg.png
23:55:02.026 [FXGL Background Thread 1 ] DEBUG Input                - Registered new binding: Pause - Esc
23:55:02.026 [FXGL Background Thread 1 ] DEBUG WindowService        - Application scenes initialized
23:55:02.041 [FXGL Background Thread 1 ] DEBUG SystemBundleService  - Loading FXGL system data
23:55:02.046 [FXGL Background Thread 1 ] DEBUG FileSystemAccess     - Reading from: C:\Users\dakot\IdeaProjects\350FXGLjavagame\system\fxgl.bundle
23:55:02.053 [FXGL Background Thread 1 ] DEBUG SystemBundleService  - Bundle FXGL: {}
23:55:02.054 [FXGL Background Thread 1 ] INFO  Engine               - FXGL initialization took: 0.295 sec
23:55:02.055 [FXGL Background Thread 1 ] DEBUG GameApplication      - Loading localizations
23:55:02.056 [FXGL Background Thread 1 ] DEBUG AssetLoaderService   - Loading from file system: /assets/properties/languages/english.properties
23:55:02.056 [FXGL Background Thread 1 ] DEBUG AssetLoaderService   - Loading from file system: /assets/properties/languages/french.properties
23:55:02.058 [FXGL Background Thread 1 ] DEBUG AssetLoaderService   - Loading from file system: /assets/properties/languages/german.properties
23:55:02.059 [FXGL Background Thread 1 ] DEBUG AssetLoaderService   - Loading from file system: /assets/properties/languages/hungarian.properties
23:55:02.061 [FXGL Background Thread 1 ] DEBUG AssetLoaderService   - Loading from file system: /assets/properties/languages/russian.properties
23:55:02.064 [FXGL Background Thread 1 ] DEBUG GameApplication      - Registering font factories with UI factory
23:55:02.064 [FXGL Background Thread 1 ] DEBUG AssetLoaderService   - Loading from file system: /assets/ui/fonts/VarelaRound-Regular.ttf
23:55:02.196 [FXGL Background Thread 1 ] DEBUG AssetLoaderService   - Loading from file system: /assets/ui/fonts/Abel-Regular.ttf
23:55:02.198 [FXGL Background Thread 1 ] DEBUG AssetLoaderService   - Loading from file system: /assets/ui/fonts/lucida_console.ttf
23:55:02.202 [FXGL Background Thread 1 ] DEBUG AssetLoaderService   - Loading from file system: /assets/ui/fonts/Courier-Prime.ttf
23:55:02.206 [JavaFX Application Thread] DEBUG AssetLoaderService   - Loading from file system: /assets/textures/fxgl_icon.png
23:55:02.222 [JavaFX Application Thread] DEBUG AssetLoaderService   - Loading from file system: /assets/ui/cursors/fxgl_default.png
23:55:02.224 [JavaFX Application Thread] DEBUG Input                - Registered new binding: Screenshot - P
23:55:02.224 [JavaFX Application Thread] DEBUG Input                - Registered new binding: System info dump - CTRL+9
23:55:02.225 [JavaFX Application Thread] DEBUG Input                - Registered new binding: Restart - CTRL+R
23:55:02.226 [JavaFX Application Thread] DEBUG LoopRunner           - Starting loop
23:55:02.247 [JavaFX Application Thread] DEBUG FXGLStartupScene     - STARTUP
23:55:02.248 [JavaFX Application Thread] DEBUG WindowService        - Starting new game
23:55:02.251 [JavaFX Application Thread] DEBUG Input                - Clearing active input actions
23:55:02.262 [JavaFX Application Thread] DEBUG WindowService        - Removing overlay from FXGLStartupScene and adding to FXGLLoadingScene
23:55:02.262 [JavaFX Application Thread] DEBUG MainWindow           - FXGLStartupScene -> FXGLLoadingScene
23:55:02.262 [JavaFX Application Thread] DEBUG WindowService        - Clearing previous game
23:55:02.262 [JavaFX Application Thread] DEBUG GameScene            - Clearing game scene
23:55:02.263 [JavaFX Application Thread] DEBUG GameWorld            - Clearing game world
23:55:02.263 [JavaFX Application Thread] DEBUG PhysicsWorld         - Clearing physics world
23:55:02.264 [FXGL Background Thread 1 ] DEBUG GameApplication      - Initializing game
23:55:02.274 [FXGL Background Thread 1 ] DEBUG AssetLoaderService   - Loading from file system: /assets/textures/spaceship.png
23:55:02.281 [FXGL Background Thread 1 ] INFO  GameApplication      - Game initialization took: 0.017 sec
23:55:02.304 [JavaFX Application Thread] DEBUG Input                - Clearing active input actions
23:55:02.313 [JavaFX Application Thread] DEBUG WindowService        - Removing overlay from FXGLLoadingScene and adding to GameScene
23:55:02.314 [JavaFX Application Thread] DEBUG MainWindow           - FXGLLoadingScene -> GameScene
23:55:05.055 [FXGL Background Thread 2 ] DEBUG Engine               - Logging environment variables
23:55:05.055 [FXGL Background Thread 2 ] DEBUG Engine               - achievements: []
23:55:05.056 [FXGL Background Thread 2 ] DEBUG Engine               - language: ObjectProperty [value: ENGLISH]
23:55:05.056 [FXGL Background Thread 2 ] DEBUG Engine               - isCloseConfirmation: false
23:55:05.056 [FXGL Background Thread 2 ] DEBUG Engine               - isProfilingEnabled: false
23:55:05.057 [FXGL Background Thread 2 ] DEBUG Engine               - soundNotification: core/notification.wav
23:55:05.057 [FXGL Background Thread 2 ] DEBUG Engine               - devShowBBoxProperty: BooleanProperty [value: false]
23:55:05.057 [FXGL Background Thread 2 ] DEBUG Engine               - pixelsPerMeter: 50.0
23:55:05.057 [FXGL Background Thread 2 ] DEBUG Engine               - soundMenuBack: menu/back.wav
23:55:05.058 [FXGL Background Thread 2 ] DEBUG Engine               - appIcon: fxgl_icon.png
23:55:05.058 [FXGL Background Thread 2 ] DEBUG Engine               - isFullScreenAllowed: false
23:55:05.058 [FXGL Background Thread 2 ] DEBUG Engine               - isIntroEnabled: false
23:55:05.059 [FXGL Background Thread 2 ] DEBUG Engine               - fontMono: lucida_console.ttf
23:55:05.059 [FXGL Background Thread 2 ] DEBUG Engine               - soundMenuSelect: menu/select.wav
23:55:05.059 [FXGL Background Thread 2 ] DEBUG Engine               - isWindows: true
23:55:05.060 [FXGL Background Thread 2 ] DEBUG Engine               - isUserProfileEnabled: false
23:55:05.060 [FXGL Background Thread 2 ] DEBUG Engine               - isMobile: false
23:55:05.060 [FXGL Background Thread 2 ] DEBUG Engine               - height: 1000
23:55:05.060 [FXGL Background Thread 2 ] DEBUG Engine               - isExperimentalNative: false
23:55:05.061 [FXGL Background Thread 2 ] DEBUG Engine               - settings: Title: Space Game
Version: 0.1
Width: 2000
Height: 1000
Fullscreen: false
Intro: false
Menus: false
Profiling: false
Single step:false
App Mode: DEVELOPER
Menu Key: ESCAPE
Stage Style: DECORATED
Scene Factory: class com.almasb.fxgl.app.scene.SceneFactory

23:55:05.061 [FXGL Background Thread 2 ] DEBUG Engine               - isSingleStep: false
23:55:05.061 [FXGL Background Thread 2 ] DEBUG Engine               - cSSList: [fxgl_dark.css]
23:55:05.061 [FXGL Background Thread 2 ] DEBUG Engine               - fontGame: Abel-Regular.ttf
23:55:05.062 [FXGL Background Thread 2 ] DEBUG Engine               - menuKey: ESCAPE
23:55:05.062 [FXGL Background Thread 2 ] DEBUG Engine               - devShowPositionProperty: BooleanProperty [value: false]
23:55:05.062 [FXGL Background Thread 2 ] DEBUG Engine               - versionCheckDays: 7
23:55:05.062 [FXGL Background Thread 2 ] DEBUG Engine               - configClass: Optional.empty
23:55:05.062 [FXGL Background Thread 2 ] DEBUG Engine               - isFullScreenFromStart: false
23:55:05.063 [FXGL Background Thread 2 ] DEBUG Engine               - version: 0.1
23:55:05.063 [FXGL Background Thread 2 ] DEBUG Engine               - fullScreen: BooleanProperty [value: false]
23:55:05.063 [FXGL Background Thread 2 ] DEBUG Engine               - randomSeed: -1
23:55:05.063 [FXGL Background Thread 2 ] DEBUG Engine               - gameDifficultyProperty: ObjectProperty [value: MEDIUM]
23:55:05.064 [FXGL Background Thread 2 ] DEBUG Engine               - applicationMode: DEVELOPER
23:55:05.064 [FXGL Background Thread 2 ] DEBUG Engine               - isMac: false
23:55:05.064 [FXGL Background Thread 2 ] DEBUG Engine               - isMenuEnabled: false
23:55:05.064 [FXGL Background Thread 2 ] DEBUG Engine               - urlPOM: https://raw.githubusercontent.com/AlmasB/FXGL/master/pom.xml
23:55:05.065 [FXGL Background Thread 2 ] DEBUG Engine               - profileName: StringProperty [value: DEFAULT]
23:55:05.065 [FXGL Background Thread 2 ] DEBUG Engine               - notificationViewClass: class com.almasb.fxgl.notification.view.XboxNotificationView
23:55:05.066 [FXGL Background Thread 2 ] DEBUG Engine               - devSensorColorProperty: ObjectProperty [value: 0xffff00ff]
23:55:05.066 [FXGL Background Thread 2 ] DEBUG Engine               - sceneFactory: com.almasb.fxgl.app.scene.SceneFactory@434a7634
23:55:05.066 [FXGL Background Thread 2 ] DEBUG Engine               - stageStyle: DECORATED
23:55:05.067 [FXGL Background Thread 2 ] DEBUG Engine               - isManualResizeEnabled: false
23:55:05.067 [FXGL Background Thread 2 ] DEBUG Engine               - title: Space Game
23:55:05.067 [FXGL Background Thread 2 ] DEBUG Engine               - platform: WINDOWS
23:55:05.067 [FXGL Background Thread 2 ] DEBUG Engine               - devBBoxColorProperty: ObjectProperty [value: 0xff0000ff]
23:55:05.068 [FXGL Background Thread 2 ] DEBUG Engine               - gameDifficulty: MEDIUM
23:55:05.068 [FXGL Background Thread 2 ] DEBUG Engine               - isDesktop: true
23:55:05.068 [FXGL Background Thread 2 ] DEBUG Engine               - supportedLanguages: [ENGLISH, FRENCH, GERMAN, HUNGARIAN, RUSSIAN]
23:55:05.068 [FXGL Background Thread 2 ] DEBUG Engine               - credits: []
23:55:05.069 [FXGL Background Thread 2 ] DEBUG Engine               - globalMusicVolumeProperty: DoubleProperty [value: 0.5]
23:55:05.069 [FXGL Background Thread 2 ] DEBUG Engine               - isPreserveResizeRatio: false
23:55:05.069 [FXGL Background Thread 2 ] DEBUG Engine               - fontText: Courier-Prime.ttf
23:55:05.069 [FXGL Background Thread 2 ] DEBUG Engine               - isExperimentalTiledLargeMap: false
23:55:05.070 [FXGL Background Thread 2 ] DEBUG Engine               - secondsIn24h: 60
23:55:05.070 [FXGL Background Thread 2 ] DEBUG Engine               - runtimeInfo: RuntimeInfo(platform=WINDOWS, version=11.8, build=08.03.2020 09.09)
23:55:05.070 [FXGL Background Thread 2 ] DEBUG Engine               - isLinux: false
23:55:05.070 [FXGL Background Thread 2 ] DEBUG Engine               - soundMenuPress: menu/press.wav
23:55:05.070 [FXGL Background Thread 2 ] DEBUG Engine               - urlGithub: https://github.com/AlmasB/FXGL
23:55:05.071 [FXGL Background Thread 2 ] DEBUG Engine               - profileDir: profiles/
23:55:05.071 [FXGL Background Thread 2 ] DEBUG Engine               - isDeveloperMenuEnabled: false
23:55:05.071 [FXGL Background Thread 2 ] DEBUG Engine               - globalSoundVolumeProperty: DoubleProperty [value: 0.5]
23:55:05.071 [FXGL Background Thread 2 ] DEBUG Engine               - mainWindow: com.almasb.fxgl.app.MainWindow@4775fa85
23:55:05.072 [FXGL Background Thread 2 ] DEBUG Engine               - isBrowser: false
23:55:05.072 [FXGL Background Thread 2 ] DEBUG Engine               - urlLeaderboard: http://fxgl-top.herokuapp.com/
23:55:05.072 [FXGL Background Thread 2 ] DEBUG Engine               - globalSoundVolume: 0.5
23:55:05.073 [FXGL Background Thread 2 ] DEBUG Engine               - engineServices: [class com.almasb.fxgl.app.GameApplication$GameApplicationService, class com.almasb.fxgl.app.services.WindowService, class com.almasb.fxgl.app.services.FXGLDialogService, class com.almasb.fxgl.app.services.IOTaskExecutorService, class com.almasb.fxgl.event.EventBusService, class com.almasb.fxgl.io.FileSystemService, class com.almasb.fxgl.localization.LocalizationService, class com.almasb.fxgl.app.services.AssetLoaderService, class com.almasb.fxgl.app.services.SystemBundleService, class com.almasb.fxgl.profile.SaveLoadService, class com.almasb.fxgl.ui.FXGLUIFactoryServiceProvider, class com.almasb.fxgl.ui.FXGLDialogFactoryServiceProvider, class com.almasb.fxgl.audio.AudioPlayer, class com.almasb.fxgl.notification.impl.NotificationServiceProvider, class com.almasb.fxgl.achievement.AchievementService, class com.almasb.fxgl.cutscene.CutsceneService, class com.almasb.fxgl.minigames.MiniGameService, class com.almasb.fxgl.net.NetService, class com.almasb.fxgl.app.services.UpdaterService]
23:55:05.073 [FXGL Background Thread 2 ] DEBUG Engine               - globalMusicVolume: 0.5
23:55:05.073 [FXGL Background Thread 2 ] DEBUG Engine               - width: 2000
23:55:05.073 [FXGL Background Thread 2 ] DEBUG Engine               - saveFileExt: sav
23:55:05.073 [FXGL Background Thread 2 ] DEBUG Engine               - isAndroid: false
23:55:05.074 [FXGL Background Thread 2 ] DEBUG Engine               - fontUI: VarelaRound-Regular.ttf
23:55:05.074 [FXGL Background Thread 2 ] DEBUG Engine               - enabledMenuItems: []
23:55:05.074 [FXGL Background Thread 2 ] DEBUG Engine               - isIOS: false
23:55:05.075 [FXGL Background Thread 2 ] DEBUG Engine               - Logging services
23:55:05.075 [FXGL Background Thread 2 ] DEBUG Engine               - class com.almasb.fxgl.app.GameApplication$GameApplicationService
23:55:05.075 [FXGL Background Thread 2 ] DEBUG Engine               - class com.almasb.fxgl.app.services.WindowService
23:55:05.075 [FXGL Background Thread 2 ] DEBUG Engine               - class com.almasb.fxgl.app.services.FXGLDialogService
23:55:05.076 [FXGL Background Thread 2 ] DEBUG Engine               - class com.almasb.fxgl.app.services.IOTaskExecutorService
23:55:05.076 [FXGL Background Thread 2 ] DEBUG Engine               - class com.almasb.fxgl.event.EventBusService
23:55:05.076 [FXGL Background Thread 2 ] DEBUG Engine               - class com.almasb.fxgl.io.FileSystemService
23:55:05.076 [FXGL Background Thread 2 ] DEBUG Engine               - class com.almasb.fxgl.localization.LocalizationService
23:55:05.076 [FXGL Background Thread 2 ] DEBUG Engine               - class com.almasb.fxgl.app.services.AssetLoaderService
23:55:05.077 [FXGL Background Thread 2 ] DEBUG Engine               - class com.almasb.fxgl.app.services.SystemBundleService
23:55:05.077 [FXGL Background Thread 2 ] DEBUG Engine               - class com.almasb.fxgl.profile.SaveLoadService
23:55:05.077 [FXGL Background Thread 2 ] DEBUG Engine               - class com.almasb.fxgl.ui.FXGLUIFactoryServiceProvider
23:55:05.077 [FXGL Background Thread 2 ] DEBUG Engine               - class com.almasb.fxgl.ui.FXGLDialogFactoryServiceProvider
23:55:05.077 [FXGL Background Thread 2 ] DEBUG Engine               - class com.almasb.fxgl.audio.AudioPlayer
23:55:05.078 [FXGL Background Thread 2 ] DEBUG Engine               - class com.almasb.fxgl.notification.impl.NotificationServiceProvider
23:55:05.078 [FXGL Background Thread 2 ] DEBUG Engine               - class com.almasb.fxgl.achievement.AchievementService
23:55:05.078 [FXGL Background Thread 2 ] DEBUG Engine               - class com.almasb.fxgl.cutscene.CutsceneService
23:55:05.078 [FXGL Background Thread 2 ] DEBUG Engine               - class com.almasb.fxgl.minigames.MiniGameService
23:55:05.078 [FXGL Background Thread 2 ] DEBUG Engine               - class com.almasb.fxgl.net.NetService
23:55:05.079 [FXGL Background Thread 2 ] DEBUG Engine               - class com.almasb.fxgl.app.services.UpdaterService
23:55:15.339 [JavaFX Application Thread] DEBUG GameApplication      - Exiting FXGL
23:55:15.341 [JavaFX Application Thread] DEBUG LoopRunner           - Stopping loop
23:55:15.341 [JavaFX Application Thread] DEBUG SystemBundleService  - Saving FXGL system data
23:55:15.346 [JavaFX Application Thread] DEBUG FileSystemAccess     - Writing to: C:\Users\dakot\IdeaProjects\350FXGLjavagame\system\fxgl.bundle
23:55:15.352 [JavaFX Application Thread] DEBUG GameApplication      - Shutting down background threads
23:55:15.352 [JavaFX Application Thread] DEBUG GameApplication      - Closing logger and exiting JavaFX
