21:34:38.667 [main                     ] DEBUG GameApplication      - Logger initialized
21:34:38.679 [main                     ] DEBUG GameApplication      - Logging settings
Title: SpaceBlaster 3000
Version: 1.0
Width: 1920
Height: 1080
Fullscreen: false
Intro: false
Menus: true
Profiling: false
Single step:false
App Mode: DEVELOPER
Menu Key: ESCAPE
Stage Style: DECORATED
Scene Factory: class com.almasb.fxgl.app.scene.SceneFactory

21:34:38.976 [JavaFX Application Thread] DEBUG GameApplication      - Initializing FXGL
21:34:38.982 [JavaFX Application Thread] INFO  Engine               - FXGL-11.8 (08.03.2020 09.09) on WINDOWS (J:11.0.8 FX:13.0.2)
21:34:38.982 [JavaFX Application Thread] INFO  Engine               - Source code and latest versions at: https://github.com/AlmasB/FXGL
21:34:38.982 [JavaFX Application Thread] INFO  Engine               -              Join the FXGL chat at: https://gitter.im/AlmasB/FXGL
21:34:39.066 [JavaFX Application Thread] DEBUG MainWindow           - Creating a JavaFX scene
21:34:39.067 [JavaFX Application Thread] DEBUG MainWindow           - Target size > screen size
21:34:39.117 [JavaFX Application Thread] DEBUG MainWindow           - Target settings size: 1920.0 x 1080.0
21:34:39.117 [JavaFX Application Thread] DEBUG MainWindow           - Scaled scene size:    1823.0 x 1039.0
21:34:39.118 [JavaFX Application Thread] DEBUG MainWindow           - Scaled ratio: (0.9494791666666667, 0.962037037037037)
21:34:39.118 [JavaFX Application Thread] DEBUG MainWindow           - Set initial scene to FXGLStartupScene
21:34:39.123 [JavaFX Application Thread] DEBUG MainWindow           - Opening main window
21:34:39.184 [JavaFX Application Thread] DEBUG MainWindow           - Window border size: (16.0, 39.0)
21:34:39.184 [JavaFX Application Thread] DEBUG MainWindow           - Scaled size: 1823.0 x 1039.0
21:34:39.184 [JavaFX Application Thread] DEBUG MainWindow           - Scaled ratio: (0.9494791666666667, 0.962037037037037)
21:34:39.184 [JavaFX Application Thread] DEBUG MainWindow           - Scene size: 1823.0 x 1039.0
21:34:39.184 [JavaFX Application Thread] DEBUG MainWindow           - Stage size: 1839.0 x 1078.0
21:34:39.190 [FXGL Background Thread 1 ] DEBUG Engine               - Initializing environment variables
21:34:39.212 [FXGL Background Thread 1 ] DEBUG WindowService        - Applying CSS: fxgl_dark.css
21:34:39.212 [FXGL Background Thread 1 ] DEBUG AssetLoaderService   - Loading from file system: /assets/ui/css/fxgl_dark.css
21:34:39.243 [FXGL Background Thread 1 ] DEBUG WindowService        - Initializing application scenes
21:34:39.270 [FXGL Background Thread 1 ] DEBUG GameWorld            - Game world initialized
21:34:39.296 [FXGL Background Thread 1 ] DEBUG PhysicsWorld         - Physics world initialized: appHeight=1080, physics.ppm=50.0
21:34:39.297 [FXGL Background Thread 1 ] DEBUG GameScene            - Game scene initialized: 1920x1080
21:34:39.316 [FXGL Background Thread 1 ] DEBUG AssetLoaderService   - Loading from file system: /assets/textures/particles/trace_horizontal.png
21:34:39.354 [FXGL Background Thread 1 ] DEBUG FXGL.DefaultMenu     - createMenuBodyMainMenu()
21:34:39.364 [FXGL Background Thread 1 ] DEBUG FXGL.DefaultMenu     - createOptionsMenu()
21:34:39.366 [FXGL Background Thread 1 ] DEBUG FXGL.DefaultMenu     - createExtraMenu()
21:34:39.368 [FXGL Background Thread 1 ] DEBUG AssetLoaderService   - Loading from file system: /assets/textures/particles/smoke.png
21:34:39.402 [FXGL Background Thread 1 ] DEBUG AssetLoaderService   - Loading from cache: /assets/textures/particles/trace_horizontal.png@64.0x64.0
21:34:39.403 [FXGL Background Thread 1 ] DEBUG FXGL.DefaultMenu     - createMenuBodyGameMenu()
21:34:39.404 [FXGL Background Thread 1 ] DEBUG FXGL.DefaultMenu     - createOptionsMenu()
21:34:39.405 [FXGL Background Thread 1 ] DEBUG FXGL.DefaultMenu     - createExtraMenu()
21:34:39.406 [FXGL Background Thread 1 ] DEBUG AssetLoaderService   - Loading from cache: /assets/textures/particles/smoke.png@128.0x128.0
21:34:39.413 [FXGL Background Thread 1 ] DEBUG WindowService        - Application scenes initialized
21:34:39.418 [FXGL Background Thread 1 ] DEBUG SystemBundleService  - Loading FXGL system data
21:34:39.421 [FXGL Background Thread 1 ] DEBUG FileSystemAccess     - Reading from: C:\Users\xxdee\IdeaProjects\350FXGLjavagame\system\fxgl.bundle
21:34:39.424 [FXGL Background Thread 1 ] DEBUG SystemBundleService  - Bundle FXGL: {}
21:34:39.424 [FXGL Background Thread 1 ] INFO  Engine               - FXGL initialization took: 0.232 sec
21:34:39.425 [FXGL Background Thread 1 ] DEBUG GameApplication      - Loading localizations
21:34:39.425 [FXGL Background Thread 1 ] DEBUG AssetLoaderService   - Loading from file system: /assets/properties/languages/english.properties
21:34:39.426 [FXGL Background Thread 1 ] DEBUG AssetLoaderService   - Loading from file system: /assets/properties/languages/french.properties
21:34:39.427 [FXGL Background Thread 1 ] DEBUG AssetLoaderService   - Loading from file system: /assets/properties/languages/german.properties
21:34:39.428 [FXGL Background Thread 1 ] DEBUG AssetLoaderService   - Loading from file system: /assets/properties/languages/hungarian.properties
21:34:39.429 [FXGL Background Thread 1 ] DEBUG AssetLoaderService   - Loading from file system: /assets/properties/languages/russian.properties
21:34:39.429 [FXGL Background Thread 1 ] DEBUG GameApplication      - Registering font factories with UI factory
21:34:39.429 [FXGL Background Thread 1 ] DEBUG AssetLoaderService   - Loading from file system: /assets/ui/fonts/VarelaRound-Regular.ttf
21:34:39.608 [FXGL Background Thread 1 ] DEBUG AssetLoaderService   - Loading from file system: /assets/ui/fonts/Abel-Regular.ttf
21:34:39.610 [FXGL Background Thread 1 ] DEBUG AssetLoaderService   - Loading from file system: /assets/ui/fonts/lucida_console.ttf
21:34:39.613 [FXGL Background Thread 1 ] DEBUG AssetLoaderService   - Loading from file system: /assets/ui/fonts/Courier-Prime.ttf
21:34:39.621 [JavaFX Application Thread] DEBUG Input                - Registered new binding: action0 - D
21:34:39.622 [JavaFX Application Thread] DEBUG Input                - Registered new binding: action1 - Right
21:34:39.622 [JavaFX Application Thread] DEBUG Input                - Registered new binding: action2 - A
21:34:39.622 [JavaFX Application Thread] DEBUG Input                - Registered new binding: action3 - Left
21:34:39.622 [JavaFX Application Thread] DEBUG Input                - Registered new binding: action4 - W
21:34:39.622 [JavaFX Application Thread] DEBUG Input                - Registered new binding: action5 - Up
21:34:39.623 [JavaFX Application Thread] DEBUG Input                - Registered new binding: action6 - Space
21:34:39.623 [JavaFX Application Thread] DEBUG AssetLoaderService   - Loading from file system: /assets/textures/fxgl_icon.png
21:34:39.638 [JavaFX Application Thread] DEBUG AssetLoaderService   - Loading from file system: /assets/ui/cursors/fxgl_default.png
21:34:39.640 [JavaFX Application Thread] DEBUG Input                - Registered new binding: Screenshot - P
21:34:39.640 [JavaFX Application Thread] DEBUG Input                - Registered new binding: System info dump - CTRL+9
21:34:39.640 [JavaFX Application Thread] DEBUG Input                - Registered new binding: Restart - CTRL+R
21:34:39.641 [JavaFX Application Thread] DEBUG LoopRunner           - Starting loop
21:34:39.654 [JavaFX Application Thread] DEBUG FXGLStartupScene     - STARTUP
21:34:39.657 [JavaFX Application Thread] DEBUG Input                - Clearing active input actions
21:34:39.671 [JavaFX Application Thread] DEBUG WindowService        - Removing overlay from FXGLStartupScene and adding to FXGLDefaultMenu
21:34:39.671 [JavaFX Application Thread] DEBUG MainWindow           - FXGLStartupScene -> FXGLDefaultMenu
21:34:41.270 [JavaFX Application Thread] DEBUG Menu                 - fireNewGame()
21:34:41.270 [JavaFX Application Thread] DEBUG WindowService        - Starting new game
21:34:41.271 [JavaFX Application Thread] DEBUG Input                - Clearing active input actions
21:34:41.277 [JavaFX Application Thread] DEBUG WindowService        - Removing overlay from FXGLDefaultMenu and adding to FXGLLoadingScene
21:34:41.277 [JavaFX Application Thread] DEBUG MainWindow           - FXGLDefaultMenu -> FXGLLoadingScene
21:34:41.277 [JavaFX Application Thread] DEBUG WindowService        - Clearing previous game
21:34:41.277 [JavaFX Application Thread] DEBUG GameScene            - Clearing game scene
21:34:41.277 [JavaFX Application Thread] DEBUG GameWorld            - Clearing game world
21:34:41.277 [JavaFX Application Thread] DEBUG PhysicsWorld         - Clearing physics world
21:34:41.278 [FXGL Background Thread 1 ] DEBUG GameApplication      - Initializing game
21:34:41.286 [FXGL Background Thread 1 ] DEBUG AssetLoaderService   - Loading from file system: /assets/textures/openspace.jpg
21:34:41.366 [FXGL Background Thread 1 ] DEBUG AssetLoaderService   - Loading from file system: /assets/textures/smallspaceship.png
21:34:41.379 [FXGL Background Thread 1 ] INFO  GameApplication      - Game initialization took: 0.100 sec
21:34:41.379 [JavaFX Application Thread] DEBUG Input                - Clearing active input actions
21:34:41.383 [JavaFX Application Thread] DEBUG WindowService        - Removing overlay from FXGLLoadingScene and adding to GameScene
21:34:41.383 [JavaFX Application Thread] DEBUG MainWindow           - FXGLLoadingScene -> GameScene
21:34:42.178 [JavaFX Application Thread] DEBUG AssetLoaderService   - Loading from file system: /assets/textures/smallasteroid.png
21:34:42.182 [JavaFX Application Thread] DEBUG AssetLoaderService   - Loading from cache: /assets/textures/smallasteroid.png
21:34:42.182 [JavaFX Application Thread] DEBUG AssetLoaderService   - Loading from cache: /assets/textures/smallasteroid.png
21:34:42.183 [JavaFX Application Thread] DEBUG AssetLoaderService   - Loading from cache: /assets/textures/smallasteroid.png
21:34:42.425 [FXGL Background Thread 2 ] DEBUG Engine               - Logging environment variables
21:34:42.425 [FXGL Background Thread 2 ] DEBUG Engine               - achievements: []
21:34:42.425 [FXGL Background Thread 2 ] DEBUG Engine               - language: ObjectProperty [value: ENGLISH]
21:34:42.425 [FXGL Background Thread 2 ] DEBUG Engine               - isCloseConfirmation: false
21:34:42.425 [FXGL Background Thread 2 ] DEBUG Engine               - isProfilingEnabled: false
21:34:42.425 [FXGL Background Thread 2 ] DEBUG Engine               - soundNotification: core/notification.wav
21:34:42.425 [FXGL Background Thread 2 ] DEBUG Engine               - devShowBBoxProperty: BooleanProperty [value: false]
21:34:42.425 [FXGL Background Thread 2 ] DEBUG Engine               - pixelsPerMeter: 50.0
21:34:42.426 [FXGL Background Thread 2 ] DEBUG Engine               - soundMenuBack: menu/back.wav
21:34:42.426 [FXGL Background Thread 2 ] DEBUG Engine               - appIcon: fxgl_icon.png
21:34:42.426 [FXGL Background Thread 2 ] DEBUG Engine               - isFullScreenAllowed: false
21:34:42.426 [FXGL Background Thread 2 ] DEBUG Engine               - isIntroEnabled: false
21:34:42.426 [FXGL Background Thread 2 ] DEBUG Engine               - fontMono: lucida_console.ttf
21:34:42.426 [FXGL Background Thread 2 ] DEBUG Engine               - soundMenuSelect: menu/select.wav
21:34:42.426 [FXGL Background Thread 2 ] DEBUG Engine               - isWindows: true
21:34:42.426 [FXGL Background Thread 2 ] DEBUG Engine               - isMobile: false
21:34:42.426 [FXGL Background Thread 2 ] DEBUG Engine               - isUserProfileEnabled: false
21:34:42.426 [FXGL Background Thread 2 ] DEBUG Engine               - height: 1080
21:34:42.426 [FXGL Background Thread 2 ] DEBUG Engine               - isExperimentalNative: false
21:34:42.426 [FXGL Background Thread 2 ] DEBUG Engine               - settings: Title: SpaceBlaster 3000
Version: 1.0
Width: 1920
Height: 1080
Fullscreen: false
Intro: false
Menus: true
Profiling: false
Single step:false
App Mode: DEVELOPER
Menu Key: ESCAPE
Stage Style: DECORATED
Scene Factory: class com.almasb.fxgl.app.scene.SceneFactory

21:34:42.426 [FXGL Background Thread 2 ] DEBUG Engine               - isSingleStep: false
21:34:42.426 [FXGL Background Thread 2 ] DEBUG Engine               - cSSList: [fxgl_dark.css]
21:34:42.426 [FXGL Background Thread 2 ] DEBUG Engine               - fontGame: Abel-Regular.ttf
21:34:42.426 [FXGL Background Thread 2 ] DEBUG Engine               - menuKey: ESCAPE
21:34:42.426 [FXGL Background Thread 2 ] DEBUG Engine               - devShowPositionProperty: BooleanProperty [value: false]
21:34:42.426 [FXGL Background Thread 2 ] DEBUG Engine               - versionCheckDays: 7
21:34:42.426 [FXGL Background Thread 2 ] DEBUG Engine               - configClass: Optional.empty
21:34:42.426 [FXGL Background Thread 2 ] DEBUG Engine               - isFullScreenFromStart: false
21:34:42.426 [FXGL Background Thread 2 ] DEBUG Engine               - version: 1.0
21:34:42.426 [FXGL Background Thread 2 ] DEBUG Engine               - fullScreen: BooleanProperty [value: false]
21:34:42.426 [FXGL Background Thread 2 ] DEBUG Engine               - randomSeed: -1
21:34:42.426 [FXGL Background Thread 2 ] DEBUG Engine               - gameDifficultyProperty: ObjectProperty [value: MEDIUM]
21:34:42.426 [FXGL Background Thread 2 ] DEBUG Engine               - applicationMode: DEVELOPER
21:34:42.426 [FXGL Background Thread 2 ] DEBUG Engine               - isMac: false
21:34:42.427 [FXGL Background Thread 2 ] DEBUG Engine               - isMenuEnabled: true
21:34:42.427 [FXGL Background Thread 2 ] DEBUG Engine               - urlPOM: https://raw.githubusercontent.com/AlmasB/FXGL/master/pom.xml
21:34:42.427 [FXGL Background Thread 2 ] DEBUG Engine               - profileName: StringProperty [value: DEFAULT]
21:34:42.427 [FXGL Background Thread 2 ] DEBUG Engine               - notificationViewClass: class com.almasb.fxgl.notification.view.XboxNotificationView
21:34:42.427 [FXGL Background Thread 2 ] DEBUG Engine               - devSensorColorProperty: ObjectProperty [value: 0xffff00ff]
21:34:42.427 [FXGL Background Thread 2 ] DEBUG Engine               - sceneFactory: com.almasb.fxgl.app.scene.SceneFactory@4db79c69
21:34:42.427 [FXGL Background Thread 2 ] DEBUG Engine               - stageStyle: DECORATED
21:34:42.427 [FXGL Background Thread 2 ] DEBUG Engine               - isManualResizeEnabled: true
21:34:42.427 [FXGL Background Thread 2 ] DEBUG Engine               - title: SpaceBlaster 3000
21:34:42.427 [FXGL Background Thread 2 ] DEBUG Engine               - platform: WINDOWS
21:34:42.427 [FXGL Background Thread 2 ] DEBUG Engine               - devBBoxColorProperty: ObjectProperty [value: 0xff0000ff]
21:34:42.427 [FXGL Background Thread 2 ] DEBUG Engine               - gameDifficulty: MEDIUM
21:34:42.427 [FXGL Background Thread 2 ] DEBUG Engine               - isDesktop: true
21:34:42.427 [FXGL Background Thread 2 ] DEBUG Engine               - supportedLanguages: [ENGLISH, FRENCH, GERMAN, HUNGARIAN, RUSSIAN]
21:34:42.427 [FXGL Background Thread 2 ] DEBUG Engine               - credits: []
21:34:42.427 [FXGL Background Thread 2 ] DEBUG Engine               - globalMusicVolumeProperty: DoubleProperty [value: 0.5]
21:34:42.427 [FXGL Background Thread 2 ] DEBUG Engine               - isPreserveResizeRatio: false
21:34:42.427 [FXGL Background Thread 2 ] DEBUG Engine               - fontText: Courier-Prime.ttf
21:34:42.427 [FXGL Background Thread 2 ] DEBUG Engine               - isExperimentalTiledLargeMap: false
21:34:42.427 [FXGL Background Thread 2 ] DEBUG Engine               - secondsIn24h: 60
21:34:42.427 [FXGL Background Thread 2 ] DEBUG Engine               - runtimeInfo: RuntimeInfo(platform=WINDOWS, version=11.8, build=08.03.2020 09.09)
21:34:42.427 [FXGL Background Thread 2 ] DEBUG Engine               - isLinux: false
21:34:42.427 [FXGL Background Thread 2 ] DEBUG Engine               - soundMenuPress: menu/press.wav
21:34:42.427 [FXGL Background Thread 2 ] DEBUG Engine               - urlGithub: https://github.com/AlmasB/FXGL
21:34:42.428 [FXGL Background Thread 2 ] DEBUG Engine               - profileDir: profiles/
21:34:42.428 [FXGL Background Thread 2 ] DEBUG Engine               - isDeveloperMenuEnabled: false
21:34:42.428 [FXGL Background Thread 2 ] DEBUG Engine               - globalSoundVolumeProperty: DoubleProperty [value: 0.1]
21:34:42.428 [FXGL Background Thread 2 ] DEBUG Engine               - mainWindow: com.almasb.fxgl.app.MainWindow@49880107
21:34:42.428 [FXGL Background Thread 2 ] DEBUG Engine               - isBrowser: false
21:34:42.428 [FXGL Background Thread 2 ] DEBUG Engine               - urlLeaderboard: http://fxgl-top.herokuapp.com/
21:34:42.428 [FXGL Background Thread 2 ] DEBUG Engine               - globalSoundVolume: 0.5
21:34:42.428 [FXGL Background Thread 2 ] DEBUG Engine               - engineServices: [class com.almasb.fxgl.app.GameApplication$GameApplicationService, class com.almasb.fxgl.app.services.WindowService, class com.almasb.fxgl.app.services.FXGLDialogService, class com.almasb.fxgl.app.services.IOTaskExecutorService, class com.almasb.fxgl.event.EventBusService, class com.almasb.fxgl.io.FileSystemService, class com.almasb.fxgl.localization.LocalizationService, class com.almasb.fxgl.app.services.AssetLoaderService, class com.almasb.fxgl.app.services.SystemBundleService, class com.almasb.fxgl.profile.SaveLoadService, class com.almasb.fxgl.ui.FXGLUIFactoryServiceProvider, class com.almasb.fxgl.ui.FXGLDialogFactoryServiceProvider, class com.almasb.fxgl.audio.AudioPlayer, class com.almasb.fxgl.notification.impl.NotificationServiceProvider, class com.almasb.fxgl.achievement.AchievementService, class com.almasb.fxgl.cutscene.CutsceneService, class com.almasb.fxgl.minigames.MiniGameService, class com.almasb.fxgl.net.NetService, class com.almasb.fxgl.app.services.UpdaterService]
21:34:42.428 [FXGL Background Thread 2 ] DEBUG Engine               - globalMusicVolume: 0.5
21:34:42.428 [FXGL Background Thread 2 ] DEBUG Engine               - width: 1920
21:34:42.428 [FXGL Background Thread 2 ] DEBUG Engine               - saveFileExt: sav
21:34:42.428 [FXGL Background Thread 2 ] DEBUG Engine               - isAndroid: false
21:34:42.428 [FXGL Background Thread 2 ] DEBUG Engine               - fontUI: VarelaRound-Regular.ttf
21:34:42.428 [FXGL Background Thread 2 ] DEBUG Engine               - enabledMenuItems: [SAVE_LOAD, EXTRA, ONLINE]
21:34:42.428 [FXGL Background Thread 2 ] DEBUG Engine               - isIOS: false
21:34:42.428 [FXGL Background Thread 2 ] DEBUG Engine               - Logging services
21:34:42.428 [FXGL Background Thread 2 ] DEBUG Engine               - class com.almasb.fxgl.app.GameApplication$GameApplicationService
21:34:42.428 [FXGL Background Thread 2 ] DEBUG Engine               - class com.almasb.fxgl.app.services.WindowService
21:34:42.428 [FXGL Background Thread 2 ] DEBUG Engine               - class com.almasb.fxgl.app.services.FXGLDialogService
21:34:42.428 [FXGL Background Thread 2 ] DEBUG Engine               - class com.almasb.fxgl.app.services.IOTaskExecutorService
21:34:42.428 [FXGL Background Thread 2 ] DEBUG Engine               - class com.almasb.fxgl.event.EventBusService
21:34:42.428 [FXGL Background Thread 2 ] DEBUG Engine               - class com.almasb.fxgl.io.FileSystemService
21:34:42.428 [FXGL Background Thread 2 ] DEBUG Engine               - class com.almasb.fxgl.localization.LocalizationService
21:34:42.428 [FXGL Background Thread 2 ] DEBUG Engine               - class com.almasb.fxgl.app.services.AssetLoaderService
21:34:42.428 [FXGL Background Thread 2 ] DEBUG Engine               - class com.almasb.fxgl.app.services.SystemBundleService
21:34:42.428 [FXGL Background Thread 2 ] DEBUG Engine               - class com.almasb.fxgl.profile.SaveLoadService
21:34:42.428 [FXGL Background Thread 2 ] DEBUG Engine               - class com.almasb.fxgl.ui.FXGLUIFactoryServiceProvider
21:34:42.428 [FXGL Background Thread 2 ] DEBUG Engine               - class com.almasb.fxgl.ui.FXGLDialogFactoryServiceProvider
21:34:42.428 [FXGL Background Thread 2 ] DEBUG Engine               - class com.almasb.fxgl.audio.AudioPlayer
21:34:42.428 [FXGL Background Thread 2 ] DEBUG Engine               - class com.almasb.fxgl.notification.impl.NotificationServiceProvider
21:34:42.428 [FXGL Background Thread 2 ] DEBUG Engine               - class com.almasb.fxgl.achievement.AchievementService
21:34:42.428 [FXGL Background Thread 2 ] DEBUG Engine               - class com.almasb.fxgl.cutscene.CutsceneService
21:34:42.429 [FXGL Background Thread 2 ] DEBUG Engine               - class com.almasb.fxgl.minigames.MiniGameService
21:34:42.429 [FXGL Background Thread 2 ] DEBUG Engine               - class com.almasb.fxgl.net.NetService
21:34:42.429 [FXGL Background Thread 2 ] DEBUG Engine               - class com.almasb.fxgl.app.services.UpdaterService
21:34:42.691 [JavaFX Application Thread] DEBUG AssetLoaderService   - Loading from cache: /assets/textures/smallasteroid.png
21:34:42.692 [JavaFX Application Thread] DEBUG AssetLoaderService   - Loading from cache: /assets/textures/smallasteroid.png
21:34:42.693 [JavaFX Application Thread] DEBUG AssetLoaderService   - Loading from cache: /assets/textures/smallasteroid.png
21:34:42.693 [JavaFX Application Thread] DEBUG AssetLoaderService   - Loading from cache: /assets/textures/smallasteroid.png
21:34:43.204 [JavaFX Application Thread] DEBUG AssetLoaderService   - Loading from cache: /assets/textures/smallasteroid.png
21:34:43.205 [JavaFX Application Thread] DEBUG AssetLoaderService   - Loading from cache: /assets/textures/smallasteroid.png
21:34:43.205 [JavaFX Application Thread] DEBUG AssetLoaderService   - Loading from cache: /assets/textures/smallasteroid.png
21:34:43.206 [JavaFX Application Thread] DEBUG AssetLoaderService   - Loading from cache: /assets/textures/smallasteroid.png
21:34:43.716 [JavaFX Application Thread] DEBUG AssetLoaderService   - Loading from cache: /assets/textures/smallasteroid.png
21:34:43.717 [JavaFX Application Thread] DEBUG AssetLoaderService   - Loading from cache: /assets/textures/smallasteroid.png
21:34:43.717 [JavaFX Application Thread] DEBUG AssetLoaderService   - Loading from cache: /assets/textures/smallasteroid.png
21:34:43.717 [JavaFX Application Thread] DEBUG AssetLoaderService   - Loading from cache: /assets/textures/smallasteroid.png
21:34:44.237 [JavaFX Application Thread] DEBUG AssetLoaderService   - Loading from cache: /assets/textures/smallasteroid.png
21:34:44.237 [JavaFX Application Thread] DEBUG AssetLoaderService   - Loading from cache: /assets/textures/smallasteroid.png
21:34:44.237 [JavaFX Application Thread] DEBUG AssetLoaderService   - Loading from cache: /assets/textures/smallasteroid.png
21:34:44.238 [JavaFX Application Thread] DEBUG AssetLoaderService   - Loading from cache: /assets/textures/smallasteroid.png
21:34:44.354 [JavaFX Application Thread] DEBUG GameApplication      - Exiting FXGL
21:34:44.354 [JavaFX Application Thread] DEBUG LoopRunner           - Stopping loop
21:34:44.354 [JavaFX Application Thread] DEBUG SystemBundleService  - Saving FXGL system data
21:34:44.356 [JavaFX Application Thread] DEBUG FileSystemAccess     - Writing to: C:\Users\xxdee\IdeaProjects\350FXGLjavagame\system\fxgl.bundle
21:34:44.357 [JavaFX Application Thread] DEBUG GameApplication      - Shutting down background threads
21:34:44.357 [JavaFX Application Thread] DEBUG GameApplication      - Closing logger and exiting JavaFX
