18:58:17.783 [main                     ] DEBUG GameApplication      - Logger initialized
18:58:17.794 [main                     ] DEBUG GameApplication      - Logging settings
Title: Space Game
Version: 0.1
Width: 2000
Height: 1000
Fullscreen: false
Intro: false
Menus: false
Profiling: false
Single step:false
App Mode: DEVELOPER
Menu Key: ESCAPE
Stage Style: DECORATED
Scene Factory: class com.almasb.fxgl.app.scene.SceneFactory

18:58:18.107 [JavaFX Application Thread] DEBUG GameApplication      - Initializing FXGL
18:58:18.113 [JavaFX Application Thread] INFO  Engine               - FXGL-11.8 (08.03.2020 09.09) on WINDOWS (J:11.0.8 FX:13.0.2)
18:58:18.113 [JavaFX Application Thread] INFO  Engine               - Source code and latest versions at: https://github.com/AlmasB/FXGL
18:58:18.113 [JavaFX Application Thread] INFO  Engine               -              Join the FXGL chat at: https://gitter.im/AlmasB/FXGL
18:58:18.198 [JavaFX Application Thread] DEBUG MainWindow           - Creating a JavaFX scene
18:58:18.198 [JavaFX Application Thread] DEBUG MainWindow           - Target size > screen size
18:58:18.247 [JavaFX Application Thread] DEBUG MainWindow           - Target settings size: 2000.0 x 1000.0
18:58:18.247 [JavaFX Application Thread] DEBUG MainWindow           - Scaled scene size:    1895.0 x 960.0
18:58:18.247 [JavaFX Application Thread] DEBUG MainWindow           - Scaled ratio: (0.9475, 0.96)
18:58:18.248 [JavaFX Application Thread] DEBUG MainWindow           - Set initial scene to FXGLStartupScene
18:58:18.253 [JavaFX Application Thread] DEBUG MainWindow           - Opening main window
18:58:18.321 [JavaFX Application Thread] DEBUG MainWindow           - Window border size: (16.0, 39.0)
18:58:18.321 [JavaFX Application Thread] DEBUG MainWindow           - Scaled size: 1895.0 x 960.0
18:58:18.321 [JavaFX Application Thread] DEBUG MainWindow           - Scaled ratio: (0.9475, 0.96)
18:58:18.321 [JavaFX Application Thread] DEBUG MainWindow           - Scene size: 1895.0 x 960.0
18:58:18.321 [JavaFX Application Thread] DEBUG MainWindow           - Stage size: 1911.0 x 999.0
18:58:18.327 [FXGL Background Thread 1 ] DEBUG Engine               - Initializing environment variables
18:58:18.345 [FXGL Background Thread 1 ] DEBUG WindowService        - Applying CSS: fxgl_dark.css
18:58:18.346 [FXGL Background Thread 1 ] DEBUG AssetLoaderService   - Loading from file system: /assets/ui/css/fxgl_dark.css
18:58:18.376 [FXGL Background Thread 1 ] DEBUG WindowService        - Initializing application scenes
18:58:18.405 [FXGL Background Thread 1 ] DEBUG GameWorld            - Game world initialized
18:58:18.432 [FXGL Background Thread 1 ] DEBUG PhysicsWorld         - Physics world initialized: appHeight=1000, physics.ppm=50.0
18:58:18.434 [FXGL Background Thread 1 ] DEBUG GameScene            - Game scene initialized: 2000x1000
18:58:18.440 [FXGL Background Thread 1 ] DEBUG Input                - Registered new binding: Resume - Esc
18:58:18.444 [FXGL Background Thread 1 ] DEBUG AssetLoaderService   - Loading from file system: /assets/textures/pause_menu_bg.png
18:58:18.477 [FXGL Background Thread 1 ] DEBUG Input                - Registered new binding: Pause - Esc
18:58:18.477 [FXGL Background Thread 1 ] DEBUG WindowService        - Application scenes initialized
18:58:18.484 [FXGL Background Thread 1 ] DEBUG SystemBundleService  - Loading FXGL system data
18:58:18.486 [FXGL Background Thread 1 ] DEBUG FileSystemAccess     - Reading from: C:\Users\xxdee\IdeaProjects\350FXGLjavagame\system\fxgl.bundle
18:58:18.489 [FXGL Background Thread 1 ] DEBUG SystemBundleService  - Bundle FXGL: {}
18:58:18.489 [FXGL Background Thread 1 ] INFO  Engine               - FXGL initialization took: 0.162 sec
18:58:18.490 [FXGL Background Thread 1 ] DEBUG GameApplication      - Loading localizations
18:58:18.491 [FXGL Background Thread 1 ] DEBUG AssetLoaderService   - Loading from file system: /assets/properties/languages/english.properties
18:58:18.491 [FXGL Background Thread 1 ] DEBUG AssetLoaderService   - Loading from file system: /assets/properties/languages/french.properties
18:58:18.492 [FXGL Background Thread 1 ] DEBUG AssetLoaderService   - Loading from file system: /assets/properties/languages/german.properties
18:58:18.493 [FXGL Background Thread 1 ] DEBUG AssetLoaderService   - Loading from file system: /assets/properties/languages/hungarian.properties
18:58:18.494 [FXGL Background Thread 1 ] DEBUG AssetLoaderService   - Loading from file system: /assets/properties/languages/russian.properties
18:58:18.494 [FXGL Background Thread 1 ] DEBUG GameApplication      - Registering font factories with UI factory
18:58:18.494 [FXGL Background Thread 1 ] DEBUG AssetLoaderService   - Loading from file system: /assets/ui/fonts/VarelaRound-Regular.ttf
18:58:18.666 [FXGL Background Thread 1 ] DEBUG AssetLoaderService   - Loading from file system: /assets/ui/fonts/Abel-Regular.ttf
18:58:18.668 [FXGL Background Thread 1 ] DEBUG AssetLoaderService   - Loading from file system: /assets/ui/fonts/lucida_console.ttf
18:58:18.671 [FXGL Background Thread 1 ] DEBUG AssetLoaderService   - Loading from file system: /assets/ui/fonts/Courier-Prime.ttf
18:58:18.674 [JavaFX Application Thread] DEBUG Input                - Registered new binding: action0 - D
18:58:18.674 [JavaFX Application Thread] DEBUG Input                - Registered new binding: action1 - A
18:58:18.675 [JavaFX Application Thread] DEBUG Input                - Registered new binding: action2 - W
18:58:18.675 [JavaFX Application Thread] DEBUG Input                - Registered new binding: action3 - C
18:58:18.675 [JavaFX Application Thread] DEBUG Input                - Registered new binding: action4 - Left
18:58:18.675 [JavaFX Application Thread] DEBUG Input                - Registered new binding: action5 - Right
18:58:18.675 [JavaFX Application Thread] DEBUG Input                - Registered new binding: action6 - Space
18:58:18.676 [JavaFX Application Thread] DEBUG AssetLoaderService   - Loading from file system: /assets/textures/fxgl_icon.png
18:58:18.689 [JavaFX Application Thread] DEBUG AssetLoaderService   - Loading from file system: /assets/ui/cursors/fxgl_default.png
18:58:18.691 [JavaFX Application Thread] DEBUG Input                - Registered new binding: Screenshot - P
18:58:18.691 [JavaFX Application Thread] DEBUG Input                - Registered new binding: System info dump - CTRL+9
18:58:18.691 [JavaFX Application Thread] DEBUG Input                - Registered new binding: Restart - CTRL+R
18:58:18.691 [JavaFX Application Thread] DEBUG LoopRunner           - Starting loop
18:58:18.702 [JavaFX Application Thread] DEBUG FXGLStartupScene     - STARTUP
18:58:18.702 [JavaFX Application Thread] DEBUG WindowService        - Starting new game
18:58:18.704 [JavaFX Application Thread] DEBUG Input                - Clearing active input actions
18:58:18.711 [JavaFX Application Thread] DEBUG WindowService        - Removing overlay from FXGLStartupScene and adding to FXGLLoadingScene
18:58:18.711 [JavaFX Application Thread] DEBUG MainWindow           - FXGLStartupScene -> FXGLLoadingScene
18:58:18.711 [JavaFX Application Thread] DEBUG WindowService        - Clearing previous game
18:58:18.711 [JavaFX Application Thread] DEBUG GameScene            - Clearing game scene
18:58:18.711 [JavaFX Application Thread] DEBUG GameWorld            - Clearing game world
18:58:18.711 [JavaFX Application Thread] DEBUG PhysicsWorld         - Clearing physics world
18:58:18.712 [FXGL Background Thread 1 ] DEBUG GameApplication      - Initializing game
18:58:18.718 [FXGL Background Thread 1 ] DEBUG AssetLoaderService   - Loading from file system: /assets/textures/spacebackground.png
18:58:18.758 [FXGL Background Thread 1 ] DEBUG AssetLoaderService   - Loading from file system: /assets/textures/smallspaceship.png
18:58:18.763 [FXGL Background Thread 1 ] INFO  GameApplication      - Game initialization took: 0.051 sec
18:58:18.768 [JavaFX Application Thread] DEBUG Input                - Clearing active input actions
18:58:18.773 [JavaFX Application Thread] DEBUG WindowService        - Removing overlay from FXGLLoadingScene and adding to GameScene
18:58:18.773 [JavaFX Application Thread] DEBUG MainWindow           - FXGLLoadingScene -> GameScene
18:58:21.491 [FXGL Background Thread 2 ] DEBUG Engine               - Logging environment variables
18:58:21.491 [FXGL Background Thread 2 ] DEBUG Engine               - achievements: []
18:58:21.491 [FXGL Background Thread 2 ] DEBUG Engine               - language: ObjectProperty [value: ENGLISH]
18:58:21.491 [FXGL Background Thread 2 ] DEBUG Engine               - isCloseConfirmation: false
18:58:21.491 [FXGL Background Thread 2 ] DEBUG Engine               - isProfilingEnabled: false
18:58:21.491 [FXGL Background Thread 2 ] DEBUG Engine               - soundNotification: core/notification.wav
18:58:21.491 [FXGL Background Thread 2 ] DEBUG Engine               - devShowBBoxProperty: BooleanProperty [value: false]
18:58:21.491 [FXGL Background Thread 2 ] DEBUG Engine               - pixelsPerMeter: 50.0
18:58:21.491 [FXGL Background Thread 2 ] DEBUG Engine               - soundMenuBack: menu/back.wav
18:58:21.491 [FXGL Background Thread 2 ] DEBUG Engine               - appIcon: fxgl_icon.png
18:58:21.491 [FXGL Background Thread 2 ] DEBUG Engine               - isFullScreenAllowed: false
18:58:21.491 [FXGL Background Thread 2 ] DEBUG Engine               - isIntroEnabled: false
18:58:21.491 [FXGL Background Thread 2 ] DEBUG Engine               - fontMono: lucida_console.ttf
18:58:21.491 [FXGL Background Thread 2 ] DEBUG Engine               - soundMenuSelect: menu/select.wav
18:58:21.491 [FXGL Background Thread 2 ] DEBUG Engine               - isWindows: true
18:58:21.491 [FXGL Background Thread 2 ] DEBUG Engine               - isMobile: false
18:58:21.491 [FXGL Background Thread 2 ] DEBUG Engine               - isUserProfileEnabled: false
18:58:21.491 [FXGL Background Thread 2 ] DEBUG Engine               - height: 1000
18:58:21.492 [FXGL Background Thread 2 ] DEBUG Engine               - isExperimentalNative: false
18:58:21.492 [FXGL Background Thread 2 ] DEBUG Engine               - settings: Title: Space Game
Version: 0.1
Width: 2000
Height: 1000
Fullscreen: false
Intro: false
Menus: false
Profiling: false
Single step:false
App Mode: DEVELOPER
Menu Key: ESCAPE
Stage Style: DECORATED
Scene Factory: class com.almasb.fxgl.app.scene.SceneFactory

18:58:21.492 [FXGL Background Thread 2 ] DEBUG Engine               - isSingleStep: false
18:58:21.492 [FXGL Background Thread 2 ] DEBUG Engine               - cSSList: [fxgl_dark.css]
18:58:21.492 [FXGL Background Thread 2 ] DEBUG Engine               - fontGame: Abel-Regular.ttf
18:58:21.492 [FXGL Background Thread 2 ] DEBUG Engine               - menuKey: ESCAPE
18:58:21.492 [FXGL Background Thread 2 ] DEBUG Engine               - devShowPositionProperty: BooleanProperty [value: false]
18:58:21.492 [FXGL Background Thread 2 ] DEBUG Engine               - versionCheckDays: 7
18:58:21.492 [FXGL Background Thread 2 ] DEBUG Engine               - configClass: Optional.empty
18:58:21.492 [FXGL Background Thread 2 ] DEBUG Engine               - isFullScreenFromStart: false
18:58:21.492 [FXGL Background Thread 2 ] DEBUG Engine               - version: 0.1
18:58:21.492 [FXGL Background Thread 2 ] DEBUG Engine               - fullScreen: BooleanProperty [value: false]
18:58:21.492 [FXGL Background Thread 2 ] DEBUG Engine               - randomSeed: -1
18:58:21.492 [FXGL Background Thread 2 ] DEBUG Engine               - gameDifficultyProperty: ObjectProperty [value: MEDIUM]
18:58:21.492 [FXGL Background Thread 2 ] DEBUG Engine               - applicationMode: DEVELOPER
18:58:21.492 [FXGL Background Thread 2 ] DEBUG Engine               - isMac: false
18:58:21.492 [FXGL Background Thread 2 ] DEBUG Engine               - isMenuEnabled: false
18:58:21.492 [FXGL Background Thread 2 ] DEBUG Engine               - profileName: StringProperty [value: DEFAULT]
18:58:21.492 [FXGL Background Thread 2 ] DEBUG Engine               - urlPOM: https://raw.githubusercontent.com/AlmasB/FXGL/master/pom.xml
18:58:21.492 [FXGL Background Thread 2 ] DEBUG Engine               - notificationViewClass: class com.almasb.fxgl.notification.view.XboxNotificationView
18:58:21.492 [FXGL Background Thread 2 ] DEBUG Engine               - devSensorColorProperty: ObjectProperty [value: 0xffff00ff]
18:58:21.493 [FXGL Background Thread 2 ] DEBUG Engine               - sceneFactory: com.almasb.fxgl.app.scene.SceneFactory@7f668cf3
18:58:21.493 [FXGL Background Thread 2 ] DEBUG Engine               - stageStyle: DECORATED
18:58:21.493 [FXGL Background Thread 2 ] DEBUG Engine               - isManualResizeEnabled: false
18:58:21.493 [FXGL Background Thread 2 ] DEBUG Engine               - title: Space Game
18:58:21.493 [FXGL Background Thread 2 ] DEBUG Engine               - platform: WINDOWS
18:58:21.493 [FXGL Background Thread 2 ] DEBUG Engine               - devBBoxColorProperty: ObjectProperty [value: 0xff0000ff]
18:58:21.493 [FXGL Background Thread 2 ] DEBUG Engine               - gameDifficulty: MEDIUM
18:58:21.493 [FXGL Background Thread 2 ] DEBUG Engine               - isDesktop: true
18:58:21.493 [FXGL Background Thread 2 ] DEBUG Engine               - supportedLanguages: [ENGLISH, FRENCH, GERMAN, HUNGARIAN, RUSSIAN]
18:58:21.493 [FXGL Background Thread 2 ] DEBUG Engine               - credits: []
18:58:21.493 [FXGL Background Thread 2 ] DEBUG Engine               - globalMusicVolumeProperty: DoubleProperty [value: 0.5]
18:58:21.493 [FXGL Background Thread 2 ] DEBUG Engine               - isPreserveResizeRatio: false
18:58:21.493 [FXGL Background Thread 2 ] DEBUG Engine               - fontText: Courier-Prime.ttf
18:58:21.493 [FXGL Background Thread 2 ] DEBUG Engine               - isExperimentalTiledLargeMap: false
18:58:21.493 [FXGL Background Thread 2 ] DEBUG Engine               - secondsIn24h: 60
18:58:21.493 [FXGL Background Thread 2 ] DEBUG Engine               - runtimeInfo: RuntimeInfo(platform=WINDOWS, version=11.8, build=08.03.2020 09.09)
18:58:21.493 [FXGL Background Thread 2 ] DEBUG Engine               - isLinux: false
18:58:21.493 [FXGL Background Thread 2 ] DEBUG Engine               - soundMenuPress: menu/press.wav
18:58:21.493 [FXGL Background Thread 2 ] DEBUG Engine               - urlGithub: https://github.com/AlmasB/FXGL
18:58:21.493 [FXGL Background Thread 2 ] DEBUG Engine               - profileDir: profiles/
18:58:21.493 [FXGL Background Thread 2 ] DEBUG Engine               - isDeveloperMenuEnabled: false
18:58:21.493 [FXGL Background Thread 2 ] DEBUG Engine               - globalSoundVolumeProperty: DoubleProperty [value: 0.5]
18:58:21.493 [FXGL Background Thread 2 ] DEBUG Engine               - mainWindow: com.almasb.fxgl.app.MainWindow@7b5917c7
18:58:21.494 [FXGL Background Thread 2 ] DEBUG Engine               - isBrowser: false
18:58:21.494 [FXGL Background Thread 2 ] DEBUG Engine               - globalSoundVolume: 0.5
18:58:21.494 [FXGL Background Thread 2 ] DEBUG Engine               - urlLeaderboard: http://fxgl-top.herokuapp.com/
18:58:21.494 [FXGL Background Thread 2 ] DEBUG Engine               - engineServices: [class com.almasb.fxgl.app.GameApplication$GameApplicationService, class com.almasb.fxgl.app.services.WindowService, class com.almasb.fxgl.app.services.FXGLDialogService, class com.almasb.fxgl.app.services.IOTaskExecutorService, class com.almasb.fxgl.event.EventBusService, class com.almasb.fxgl.io.FileSystemService, class com.almasb.fxgl.localization.LocalizationService, class com.almasb.fxgl.app.services.AssetLoaderService, class com.almasb.fxgl.app.services.SystemBundleService, class com.almasb.fxgl.profile.SaveLoadService, class com.almasb.fxgl.ui.FXGLUIFactoryServiceProvider, class com.almasb.fxgl.ui.FXGLDialogFactoryServiceProvider, class com.almasb.fxgl.audio.AudioPlayer, class com.almasb.fxgl.notification.impl.NotificationServiceProvider, class com.almasb.fxgl.achievement.AchievementService, class com.almasb.fxgl.cutscene.CutsceneService, class com.almasb.fxgl.minigames.MiniGameService, class com.almasb.fxgl.net.NetService, class com.almasb.fxgl.app.services.UpdaterService]
18:58:21.494 [FXGL Background Thread 2 ] DEBUG Engine               - globalMusicVolume: 0.5
18:58:21.494 [FXGL Background Thread 2 ] DEBUG Engine               - width: 2000
18:58:21.494 [FXGL Background Thread 2 ] DEBUG Engine               - saveFileExt: sav
18:58:21.494 [FXGL Background Thread 2 ] DEBUG Engine               - isAndroid: false
18:58:21.494 [FXGL Background Thread 2 ] DEBUG Engine               - fontUI: VarelaRound-Regular.ttf
18:58:21.494 [FXGL Background Thread 2 ] DEBUG Engine               - enabledMenuItems: []
18:58:21.494 [FXGL Background Thread 2 ] DEBUG Engine               - isIOS: false
18:58:21.494 [FXGL Background Thread 2 ] DEBUG Engine               - Logging services
18:58:21.494 [FXGL Background Thread 2 ] DEBUG Engine               - class com.almasb.fxgl.app.GameApplication$GameApplicationService
18:58:21.494 [FXGL Background Thread 2 ] DEBUG Engine               - class com.almasb.fxgl.app.services.WindowService
18:58:21.494 [FXGL Background Thread 2 ] DEBUG Engine               - class com.almasb.fxgl.app.services.FXGLDialogService
18:58:21.494 [FXGL Background Thread 2 ] DEBUG Engine               - class com.almasb.fxgl.app.services.IOTaskExecutorService
18:58:21.494 [FXGL Background Thread 2 ] DEBUG Engine               - class com.almasb.fxgl.event.EventBusService
18:58:21.494 [FXGL Background Thread 2 ] DEBUG Engine               - class com.almasb.fxgl.io.FileSystemService
18:58:21.494 [FXGL Background Thread 2 ] DEBUG Engine               - class com.almasb.fxgl.localization.LocalizationService
18:58:21.494 [FXGL Background Thread 2 ] DEBUG Engine               - class com.almasb.fxgl.app.services.AssetLoaderService
18:58:21.494 [FXGL Background Thread 2 ] DEBUG Engine               - class com.almasb.fxgl.app.services.SystemBundleService
18:58:21.494 [FXGL Background Thread 2 ] DEBUG Engine               - class com.almasb.fxgl.profile.SaveLoadService
18:58:21.494 [FXGL Background Thread 2 ] DEBUG Engine               - class com.almasb.fxgl.ui.FXGLUIFactoryServiceProvider
18:58:21.494 [FXGL Background Thread 2 ] DEBUG Engine               - class com.almasb.fxgl.ui.FXGLDialogFactoryServiceProvider
18:58:21.494 [FXGL Background Thread 2 ] DEBUG Engine               - class com.almasb.fxgl.audio.AudioPlayer
18:58:21.494 [FXGL Background Thread 2 ] DEBUG Engine               - class com.almasb.fxgl.notification.impl.NotificationServiceProvider
18:58:21.494 [FXGL Background Thread 2 ] DEBUG Engine               - class com.almasb.fxgl.achievement.AchievementService
18:58:21.495 [FXGL Background Thread 2 ] DEBUG Engine               - class com.almasb.fxgl.cutscene.CutsceneService
18:58:21.495 [FXGL Background Thread 2 ] DEBUG Engine               - class com.almasb.fxgl.minigames.MiniGameService
18:58:21.495 [FXGL Background Thread 2 ] DEBUG Engine               - class com.almasb.fxgl.net.NetService
18:58:21.495 [FXGL Background Thread 2 ] DEBUG Engine               - class com.almasb.fxgl.app.services.UpdaterService
18:58:21.558 [JavaFX Application Thread] DEBUG AssetLoaderService   - Loading from file system: /assets/textures/smallasteroid.png
18:58:21.562 [JavaFX Application Thread] DEBUG AssetLoaderService   - Loading from cache: /assets/textures/smallasteroid.png
18:58:22.857 [JavaFX Application Thread] DEBUG AssetLoaderService   - Loading from cache: /assets/textures/smallasteroid.png
18:58:22.857 [JavaFX Application Thread] DEBUG AssetLoaderService   - Loading from cache: /assets/textures/smallasteroid.png
18:58:24.168 [JavaFX Application Thread] DEBUG AssetLoaderService   - Loading from cache: /assets/textures/smallasteroid.png
18:58:24.169 [JavaFX Application Thread] DEBUG AssetLoaderService   - Loading from cache: /assets/textures/smallasteroid.png
18:58:25.538 [JavaFX Application Thread] DEBUG AssetLoaderService   - Loading from cache: /assets/textures/smallasteroid.png
18:58:25.539 [JavaFX Application Thread] DEBUG AssetLoaderService   - Loading from cache: /assets/textures/smallasteroid.png
18:58:26.868 [JavaFX Application Thread] DEBUG AssetLoaderService   - Loading from cache: /assets/textures/smallasteroid.png
18:58:26.868 [JavaFX Application Thread] DEBUG AssetLoaderService   - Loading from cache: /assets/textures/smallasteroid.png
18:58:28.200 [JavaFX Application Thread] DEBUG AssetLoaderService   - Loading from cache: /assets/textures/smallasteroid.png
18:58:28.201 [JavaFX Application Thread] DEBUG AssetLoaderService   - Loading from cache: /assets/textures/smallasteroid.png
18:58:29.579 [JavaFX Application Thread] DEBUG AssetLoaderService   - Loading from cache: /assets/textures/smallasteroid.png
18:58:29.580 [JavaFX Application Thread] DEBUG AssetLoaderService   - Loading from cache: /assets/textures/smallasteroid.png
18:58:30.902 [JavaFX Application Thread] DEBUG AssetLoaderService   - Loading from cache: /assets/textures/smallasteroid.png
18:58:30.903 [JavaFX Application Thread] DEBUG AssetLoaderService   - Loading from cache: /assets/textures/smallasteroid.png
18:58:32.259 [JavaFX Application Thread] DEBUG AssetLoaderService   - Loading from cache: /assets/textures/smallasteroid.png
18:58:32.260 [JavaFX Application Thread] DEBUG AssetLoaderService   - Loading from cache: /assets/textures/smallasteroid.png
18:58:33.584 [JavaFX Application Thread] DEBUG AssetLoaderService   - Loading from cache: /assets/textures/smallasteroid.png
18:58:33.584 [JavaFX Application Thread] DEBUG AssetLoaderService   - Loading from cache: /assets/textures/smallasteroid.png
18:58:34.913 [JavaFX Application Thread] DEBUG AssetLoaderService   - Loading from cache: /assets/textures/smallasteroid.png
18:58:34.914 [JavaFX Application Thread] DEBUG AssetLoaderService   - Loading from cache: /assets/textures/smallasteroid.png
18:58:36.240 [JavaFX Application Thread] DEBUG AssetLoaderService   - Loading from cache: /assets/textures/smallasteroid.png
18:58:36.241 [JavaFX Application Thread] DEBUG AssetLoaderService   - Loading from cache: /assets/textures/smallasteroid.png
18:58:37.592 [JavaFX Application Thread] DEBUG AssetLoaderService   - Loading from cache: /assets/textures/smallasteroid.png
18:58:37.592 [JavaFX Application Thread] DEBUG AssetLoaderService   - Loading from cache: /assets/textures/smallasteroid.png
18:58:38.919 [JavaFX Application Thread] DEBUG AssetLoaderService   - Loading from cache: /assets/textures/smallasteroid.png
18:58:38.920 [JavaFX Application Thread] DEBUG AssetLoaderService   - Loading from cache: /assets/textures/smallasteroid.png
18:58:40.245 [JavaFX Application Thread] DEBUG AssetLoaderService   - Loading from cache: /assets/textures/smallasteroid.png
18:58:40.245 [JavaFX Application Thread] DEBUG AssetLoaderService   - Loading from cache: /assets/textures/smallasteroid.png
18:58:41.602 [JavaFX Application Thread] DEBUG AssetLoaderService   - Loading from cache: /assets/textures/smallasteroid.png
18:58:41.603 [JavaFX Application Thread] DEBUG AssetLoaderService   - Loading from cache: /assets/textures/smallasteroid.png
18:58:42.936 [JavaFX Application Thread] DEBUG AssetLoaderService   - Loading from cache: /assets/textures/smallasteroid.png
18:58:42.936 [JavaFX Application Thread] DEBUG AssetLoaderService   - Loading from cache: /assets/textures/smallasteroid.png
18:58:44.260 [JavaFX Application Thread] DEBUG AssetLoaderService   - Loading from cache: /assets/textures/smallasteroid.png
18:58:44.261 [JavaFX Application Thread] DEBUG AssetLoaderService   - Loading from cache: /assets/textures/smallasteroid.png
18:58:45.604 [JavaFX Application Thread] DEBUG MainWindow           - Push state: FXGLPauseMenu
18:58:45.604 [JavaFX Application Thread] DEBUG Input                - Clearing active input actions
18:58:45.608 [JavaFX Application Thread] DEBUG WindowService        - Removing overlay from GameScene and adding to FXGLPauseMenu
18:58:45.608 [JavaFX Application Thread] DEBUG MainWindow           - GameScene -> FXGLPauseMenu
18:58:47.429 [JavaFX Application Thread] DEBUG MainWindow           - Pop state: FXGLPauseMenu
18:58:47.429 [JavaFX Application Thread] DEBUG Input                - Clearing active input actions
18:58:47.430 [JavaFX Application Thread] DEBUG WindowService        - Removing overlay from FXGLPauseMenu and adding to GameScene
18:58:47.430 [JavaFX Application Thread] DEBUG MainWindow           - GameScene <- FXGLPauseMenu
18:58:47.494 [JavaFX Application Thread] DEBUG AssetLoaderService   - Loading from cache: /assets/textures/smallasteroid.png
18:58:47.495 [JavaFX Application Thread] DEBUG AssetLoaderService   - Loading from cache: /assets/textures/smallasteroid.png
18:58:47.724 [JavaFX Application Thread] DEBUG MainWindow           - Push state: FXGLPauseMenu
18:58:47.724 [JavaFX Application Thread] DEBUG Input                - Clearing active input actions
18:58:47.725 [JavaFX Application Thread] DEBUG WindowService        - Removing overlay from GameScene and adding to FXGLPauseMenu
18:58:47.725 [JavaFX Application Thread] DEBUG MainWindow           - GameScene -> FXGLPauseMenu
18:58:48.280 [JavaFX Application Thread] DEBUG GameApplication      - Exiting FXGL
18:58:48.280 [JavaFX Application Thread] DEBUG LoopRunner           - Stopping loop
18:58:48.280 [JavaFX Application Thread] DEBUG SystemBundleService  - Saving FXGL system data
18:58:48.282 [JavaFX Application Thread] DEBUG FileSystemAccess     - Writing to: C:\Users\xxdee\IdeaProjects\350FXGLjavagame\system\fxgl.bundle
18:58:48.283 [JavaFX Application Thread] DEBUG GameApplication      - Shutting down background threads
18:58:48.283 [JavaFX Application Thread] DEBUG GameApplication      - Closing logger and exiting JavaFX
