23:43:21.922 [main                     ] DEBUG GameApplication      - Logger initialized
23:43:21.935 [main                     ] DEBUG GameApplication      - Logging settings
Title: Space Game
Version: 0.2
Width: 1920
Height: 1080
Fullscreen: false
Intro: false
Menus: true
Profiling: false
Single step:false
App Mode: DEVELOPER
Menu Key: ESCAPE
Stage Style: DECORATED
Scene Factory: class com.almasb.fxgl.app.scene.SceneFactory

23:43:22.290 [JavaFX Application Thread] DEBUG GameApplication      - Initializing FXGL
23:43:22.296 [JavaFX Application Thread] INFO  Engine               - FXGL-11.8 (08.03.2020 09.09) on WINDOWS (J:11.0.8 FX:13.0.2)
23:43:22.297 [JavaFX Application Thread] INFO  Engine               - Source code and latest versions at: https://github.com/AlmasB/FXGL
23:43:22.297 [JavaFX Application Thread] INFO  Engine               -              Join the FXGL chat at: https://gitter.im/AlmasB/FXGL
23:43:22.390 [JavaFX Application Thread] DEBUG MainWindow           - Creating a JavaFX scene
23:43:22.390 [JavaFX Application Thread] DEBUG MainWindow           - Target size > screen size
23:43:22.454 [JavaFX Application Thread] DEBUG MainWindow           - Target settings size: 1920.0 x 1080.0
23:43:22.454 [JavaFX Application Thread] DEBUG MainWindow           - Scaled scene size:    1823.0 x 1039.0
23:43:22.455 [JavaFX Application Thread] DEBUG MainWindow           - Scaled ratio: (0.9494791666666667, 0.962037037037037)
23:43:22.456 [JavaFX Application Thread] DEBUG MainWindow           - Set initial scene to FXGLStartupScene
23:43:22.462 [JavaFX Application Thread] DEBUG MainWindow           - Opening main window
23:43:22.535 [JavaFX Application Thread] DEBUG MainWindow           - Window border size: (16.0, 39.0)
23:43:22.535 [JavaFX Application Thread] DEBUG MainWindow           - Scaled size: 1823.0 x 1039.0
23:43:22.536 [JavaFX Application Thread] DEBUG MainWindow           - Scaled ratio: (0.9494791666666667, 0.962037037037037)
23:43:22.536 [JavaFX Application Thread] DEBUG MainWindow           - Scene size: 1823.0 x 1039.0
23:43:22.536 [JavaFX Application Thread] DEBUG MainWindow           - Stage size: 1839.0 x 1078.0
23:43:22.542 [FXGL Background Thread 1 ] DEBUG Engine               - Initializing environment variables
23:43:22.562 [FXGL Background Thread 1 ] DEBUG WindowService        - Applying CSS: fxgl_dark.css
23:43:22.562 [FXGL Background Thread 1 ] DEBUG AssetLoaderService   - Loading from file system: /assets/ui/css/fxgl_dark.css
23:43:22.597 [FXGL Background Thread 1 ] DEBUG WindowService        - Initializing application scenes
23:43:22.626 [FXGL Background Thread 1 ] DEBUG GameWorld            - Game world initialized
23:43:22.656 [FXGL Background Thread 1 ] DEBUG PhysicsWorld         - Physics world initialized: appHeight=1080, physics.ppm=50.0
23:43:22.657 [FXGL Background Thread 1 ] DEBUG GameScene            - Game scene initialized: 1920x1080
23:43:22.675 [FXGL Background Thread 1 ] DEBUG AssetLoaderService   - Loading from file system: /assets/textures/particles/trace_horizontal.png
23:43:22.723 [FXGL Background Thread 1 ] DEBUG FXGL.DefaultMenu     - createMenuBodyMainMenu()
23:43:22.734 [FXGL Background Thread 1 ] DEBUG FXGL.DefaultMenu     - createOptionsMenu()
23:43:22.736 [FXGL Background Thread 1 ] DEBUG FXGL.DefaultMenu     - createExtraMenu()
23:43:22.738 [FXGL Background Thread 1 ] DEBUG AssetLoaderService   - Loading from file system: /assets/textures/particles/smoke.png
23:43:22.775 [FXGL Background Thread 1 ] DEBUG AssetLoaderService   - Loading from cache: /assets/textures/particles/trace_horizontal.png@64.0x64.0
23:43:22.776 [FXGL Background Thread 1 ] DEBUG FXGL.DefaultMenu     - createMenuBodyGameMenu()
23:43:22.777 [FXGL Background Thread 1 ] DEBUG FXGL.DefaultMenu     - createOptionsMenu()
23:43:22.778 [FXGL Background Thread 1 ] DEBUG FXGL.DefaultMenu     - createExtraMenu()
23:43:22.779 [FXGL Background Thread 1 ] DEBUG AssetLoaderService   - Loading from cache: /assets/textures/particles/smoke.png@128.0x128.0
23:43:22.786 [FXGL Background Thread 1 ] DEBUG WindowService        - Application scenes initialized
23:43:22.792 [FXGL Background Thread 1 ] DEBUG SystemBundleService  - Loading FXGL system data
23:43:22.794 [FXGL Background Thread 1 ] DEBUG FileSystemAccess     - Reading from: C:\Users\xxdee\IdeaProjects\350FXGLjavagame\system\fxgl.bundle
23:43:22.798 [FXGL Background Thread 1 ] DEBUG SystemBundleService  - Bundle FXGL: {}
23:43:22.798 [FXGL Background Thread 1 ] INFO  Engine               - FXGL initialization took: 0.254 sec
23:43:22.799 [FXGL Background Thread 1 ] DEBUG GameApplication      - Loading localizations
23:43:22.799 [FXGL Background Thread 1 ] DEBUG AssetLoaderService   - Loading from file system: /assets/properties/languages/english.properties
23:43:22.800 [FXGL Background Thread 1 ] DEBUG AssetLoaderService   - Loading from file system: /assets/properties/languages/french.properties
23:43:22.801 [FXGL Background Thread 1 ] DEBUG AssetLoaderService   - Loading from file system: /assets/properties/languages/german.properties
23:43:22.801 [FXGL Background Thread 1 ] DEBUG AssetLoaderService   - Loading from file system: /assets/properties/languages/hungarian.properties
23:43:22.802 [FXGL Background Thread 1 ] DEBUG AssetLoaderService   - Loading from file system: /assets/properties/languages/russian.properties
23:43:22.803 [FXGL Background Thread 1 ] DEBUG GameApplication      - Registering font factories with UI factory
23:43:22.803 [FXGL Background Thread 1 ] DEBUG AssetLoaderService   - Loading from file system: /assets/ui/fonts/VarelaRound-Regular.ttf
23:43:22.977 [FXGL Background Thread 1 ] DEBUG AssetLoaderService   - Loading from file system: /assets/ui/fonts/Abel-Regular.ttf
23:43:22.979 [FXGL Background Thread 1 ] DEBUG AssetLoaderService   - Loading from file system: /assets/ui/fonts/lucida_console.ttf
23:43:22.982 [FXGL Background Thread 1 ] DEBUG AssetLoaderService   - Loading from file system: /assets/ui/fonts/Courier-Prime.ttf
23:43:22.990 [JavaFX Application Thread] DEBUG Input                - Registered new binding: action0 - D
23:43:22.990 [JavaFX Application Thread] DEBUG Input                - Registered new binding: action1 - A
23:43:22.990 [JavaFX Application Thread] DEBUG Input                - Registered new binding: action2 - W
23:43:22.991 [JavaFX Application Thread] DEBUG Input                - Registered new binding: action3 - C
23:43:22.991 [JavaFX Application Thread] DEBUG Input                - Registered new binding: action4 - Left
23:43:22.991 [JavaFX Application Thread] DEBUG Input                - Registered new binding: action5 - Right
23:43:22.992 [JavaFX Application Thread] DEBUG Input                - Registered new binding: action6 - Space
23:43:22.992 [JavaFX Application Thread] DEBUG AssetLoaderService   - Loading from file system: /assets/textures/fxgl_icon.png
23:43:23.006 [JavaFX Application Thread] DEBUG AssetLoaderService   - Loading from file system: /assets/ui/cursors/fxgl_default.png
23:43:23.007 [JavaFX Application Thread] DEBUG Input                - Registered new binding: Screenshot - P
23:43:23.007 [JavaFX Application Thread] DEBUG Input                - Registered new binding: System info dump - CTRL+9
23:43:23.008 [JavaFX Application Thread] DEBUG Input                - Registered new binding: Restart - CTRL+R
23:43:23.008 [JavaFX Application Thread] DEBUG LoopRunner           - Starting loop
23:43:23.018 [JavaFX Application Thread] DEBUG FXGLStartupScene     - STARTUP
23:43:23.021 [JavaFX Application Thread] DEBUG Input                - Clearing active input actions
23:43:23.034 [JavaFX Application Thread] DEBUG WindowService        - Removing overlay from FXGLStartupScene and adding to FXGLDefaultMenu
23:43:23.034 [JavaFX Application Thread] DEBUG MainWindow           - FXGLStartupScene -> FXGLDefaultMenu
23:43:23.854 [JavaFX Application Thread] DEBUG Menu                 - fireNewGame()
23:43:23.854 [JavaFX Application Thread] DEBUG WindowService        - Starting new game
23:43:23.855 [JavaFX Application Thread] DEBUG Input                - Clearing active input actions
23:43:23.860 [JavaFX Application Thread] DEBUG WindowService        - Removing overlay from FXGLDefaultMenu and adding to FXGLLoadingScene
23:43:23.861 [JavaFX Application Thread] DEBUG MainWindow           - FXGLDefaultMenu -> FXGLLoadingScene
23:43:23.861 [JavaFX Application Thread] DEBUG WindowService        - Clearing previous game
23:43:23.861 [JavaFX Application Thread] DEBUG GameScene            - Clearing game scene
23:43:23.861 [JavaFX Application Thread] DEBUG GameWorld            - Clearing game world
23:43:23.861 [JavaFX Application Thread] DEBUG PhysicsWorld         - Clearing physics world
23:43:23.862 [FXGL Background Thread 1 ] DEBUG GameApplication      - Initializing game
23:43:23.869 [FXGL Background Thread 1 ] DEBUG AssetLoaderService   - Loading from file system: /assets/textures/newbackground.jpg
23:43:23.894 [FXGL Background Thread 1 ] DEBUG AssetLoaderService   - Loading from file system: /assets/textures/smallspaceship.png
23:43:23.907 [FXGL Background Thread 1 ] INFO  GameApplication      - Game initialization took: 0.045 sec
23:43:23.907 [JavaFX Application Thread] DEBUG Input                - Clearing active input actions
23:43:23.913 [JavaFX Application Thread] DEBUG WindowService        - Removing overlay from FXGLLoadingScene and adding to GameScene
23:43:23.913 [JavaFX Application Thread] DEBUG MainWindow           - FXGLLoadingScene -> GameScene
23:43:24.678 [JavaFX Application Thread] DEBUG AssetLoaderService   - Loading from file system: /assets/textures/smallasteroid.png
23:43:24.684 [JavaFX Application Thread] DEBUG AssetLoaderService   - Loading from cache: /assets/textures/smallasteroid.png
23:43:25.191 [JavaFX Application Thread] DEBUG AssetLoaderService   - Loading from cache: /assets/textures/smallasteroid.png
23:43:25.192 [JavaFX Application Thread] DEBUG AssetLoaderService   - Loading from cache: /assets/textures/smallasteroid.png
23:43:25.538 [JavaFX Application Thread] DEBUG AssetLoaderService   - Loading from file system: /assets/textures/projectile.png
23:43:25.702 [JavaFX Application Thread] DEBUG AssetLoaderService   - Loading from cache: /assets/textures/projectile.png
23:43:25.715 [JavaFX Application Thread] DEBUG AssetLoaderService   - Loading from cache: /assets/textures/smallasteroid.png
23:43:25.715 [JavaFX Application Thread] DEBUG AssetLoaderService   - Loading from cache: /assets/textures/smallasteroid.png
23:43:25.799 [FXGL Background Thread 2 ] DEBUG Engine               - Logging environment variables
23:43:25.799 [FXGL Background Thread 2 ] DEBUG Engine               - achievements: []
23:43:25.799 [FXGL Background Thread 2 ] DEBUG Engine               - language: ObjectProperty [value: ENGLISH]
23:43:25.799 [FXGL Background Thread 2 ] DEBUG Engine               - isCloseConfirmation: false
23:43:25.799 [FXGL Background Thread 2 ] DEBUG Engine               - isProfilingEnabled: false
23:43:25.799 [FXGL Background Thread 2 ] DEBUG Engine               - soundNotification: core/notification.wav
23:43:25.799 [FXGL Background Thread 2 ] DEBUG Engine               - devShowBBoxProperty: BooleanProperty [value: false]
23:43:25.799 [FXGL Background Thread 2 ] DEBUG Engine               - pixelsPerMeter: 50.0
23:43:25.799 [FXGL Background Thread 2 ] DEBUG Engine               - appIcon: fxgl_icon.png
23:43:25.799 [FXGL Background Thread 2 ] DEBUG Engine               - soundMenuBack: menu/back.wav
23:43:25.799 [FXGL Background Thread 2 ] DEBUG Engine               - isFullScreenAllowed: false
23:43:25.799 [FXGL Background Thread 2 ] DEBUG Engine               - isIntroEnabled: false
23:43:25.799 [FXGL Background Thread 2 ] DEBUG Engine               - fontMono: lucida_console.ttf
23:43:25.799 [FXGL Background Thread 2 ] DEBUG Engine               - soundMenuSelect: menu/select.wav
23:43:25.799 [FXGL Background Thread 2 ] DEBUG Engine               - isWindows: true
23:43:25.799 [FXGL Background Thread 2 ] DEBUG Engine               - isMobile: false
23:43:25.799 [FXGL Background Thread 2 ] DEBUG Engine               - isUserProfileEnabled: false
23:43:25.800 [FXGL Background Thread 2 ] DEBUG Engine               - height: 1080
23:43:25.800 [FXGL Background Thread 2 ] DEBUG Engine               - isExperimentalNative: false
23:43:25.800 [FXGL Background Thread 2 ] DEBUG Engine               - settings: Title: Space Game
Version: 0.2
Width: 1920
Height: 1080
Fullscreen: false
Intro: false
Menus: true
Profiling: false
Single step:false
App Mode: DEVELOPER
Menu Key: ESCAPE
Stage Style: DECORATED
Scene Factory: class com.almasb.fxgl.app.scene.SceneFactory

23:43:25.800 [FXGL Background Thread 2 ] DEBUG Engine               - cSSList: [fxgl_dark.css]
23:43:25.800 [FXGL Background Thread 2 ] DEBUG Engine               - isSingleStep: false
23:43:25.800 [FXGL Background Thread 2 ] DEBUG Engine               - fontGame: Abel-Regular.ttf
23:43:25.800 [FXGL Background Thread 2 ] DEBUG Engine               - menuKey: ESCAPE
23:43:25.800 [FXGL Background Thread 2 ] DEBUG Engine               - devShowPositionProperty: BooleanProperty [value: false]
23:43:25.800 [FXGL Background Thread 2 ] DEBUG Engine               - versionCheckDays: 7
23:43:25.800 [FXGL Background Thread 2 ] DEBUG Engine               - configClass: Optional.empty
23:43:25.800 [FXGL Background Thread 2 ] DEBUG Engine               - isFullScreenFromStart: false
23:43:25.800 [FXGL Background Thread 2 ] DEBUG Engine               - version: 0.2
23:43:25.800 [FXGL Background Thread 2 ] DEBUG Engine               - fullScreen: BooleanProperty [value: false]
23:43:25.800 [FXGL Background Thread 2 ] DEBUG Engine               - randomSeed: -1
23:43:25.800 [FXGL Background Thread 2 ] DEBUG Engine               - gameDifficultyProperty: ObjectProperty [value: MEDIUM]
23:43:25.800 [FXGL Background Thread 2 ] DEBUG Engine               - applicationMode: DEVELOPER
23:43:25.800 [FXGL Background Thread 2 ] DEBUG Engine               - isMac: false
23:43:25.800 [FXGL Background Thread 2 ] DEBUG Engine               - isMenuEnabled: true
23:43:25.800 [FXGL Background Thread 2 ] DEBUG Engine               - profileName: StringProperty [value: DEFAULT]
23:43:25.800 [FXGL Background Thread 2 ] DEBUG Engine               - urlPOM: https://raw.githubusercontent.com/AlmasB/FXGL/master/pom.xml
23:43:25.800 [FXGL Background Thread 2 ] DEBUG Engine               - notificationViewClass: class com.almasb.fxgl.notification.view.XboxNotificationView
23:43:25.800 [FXGL Background Thread 2 ] DEBUG Engine               - devSensorColorProperty: ObjectProperty [value: 0xffff00ff]
23:43:25.800 [FXGL Background Thread 2 ] DEBUG Engine               - sceneFactory: com.almasb.fxgl.app.scene.SceneFactory@67227d88
23:43:25.800 [FXGL Background Thread 2 ] DEBUG Engine               - stageStyle: DECORATED
23:43:25.800 [FXGL Background Thread 2 ] DEBUG Engine               - isManualResizeEnabled: true
23:43:25.801 [FXGL Background Thread 2 ] DEBUG Engine               - title: Space Game
23:43:25.801 [FXGL Background Thread 2 ] DEBUG Engine               - platform: WINDOWS
23:43:25.801 [FXGL Background Thread 2 ] DEBUG Engine               - devBBoxColorProperty: ObjectProperty [value: 0xff0000ff]
23:43:25.801 [FXGL Background Thread 2 ] DEBUG Engine               - gameDifficulty: MEDIUM
23:43:25.801 [FXGL Background Thread 2 ] DEBUG Engine               - isDesktop: true
23:43:25.801 [FXGL Background Thread 2 ] DEBUG Engine               - supportedLanguages: [ENGLISH, FRENCH, GERMAN, HUNGARIAN, RUSSIAN]
23:43:25.801 [FXGL Background Thread 2 ] DEBUG Engine               - credits: []
23:43:25.801 [FXGL Background Thread 2 ] DEBUG Engine               - globalMusicVolumeProperty: DoubleProperty [value: 0.5]
23:43:25.801 [FXGL Background Thread 2 ] DEBUG Engine               - isPreserveResizeRatio: false
23:43:25.801 [FXGL Background Thread 2 ] DEBUG Engine               - fontText: Courier-Prime.ttf
23:43:25.801 [FXGL Background Thread 2 ] DEBUG Engine               - isExperimentalTiledLargeMap: false
23:43:25.801 [FXGL Background Thread 2 ] DEBUG Engine               - secondsIn24h: 60
23:43:25.801 [FXGL Background Thread 2 ] DEBUG Engine               - runtimeInfo: RuntimeInfo(platform=WINDOWS, version=11.8, build=08.03.2020 09.09)
23:43:25.801 [FXGL Background Thread 2 ] DEBUG Engine               - isLinux: false
23:43:25.801 [FXGL Background Thread 2 ] DEBUG Engine               - soundMenuPress: menu/press.wav
23:43:25.801 [FXGL Background Thread 2 ] DEBUG Engine               - urlGithub: https://github.com/AlmasB/FXGL
23:43:25.801 [FXGL Background Thread 2 ] DEBUG Engine               - profileDir: profiles/
23:43:25.801 [FXGL Background Thread 2 ] DEBUG Engine               - isDeveloperMenuEnabled: false
23:43:25.801 [FXGL Background Thread 2 ] DEBUG Engine               - globalSoundVolumeProperty: DoubleProperty [value: 0.1]
23:43:25.801 [FXGL Background Thread 2 ] DEBUG Engine               - mainWindow: com.almasb.fxgl.app.MainWindow@631de5b4
23:43:25.801 [FXGL Background Thread 2 ] DEBUG Engine               - isBrowser: false
23:43:25.801 [FXGL Background Thread 2 ] DEBUG Engine               - globalSoundVolume: 0.5
23:43:25.801 [FXGL Background Thread 2 ] DEBUG Engine               - urlLeaderboard: http://fxgl-top.herokuapp.com/
23:43:25.801 [FXGL Background Thread 2 ] DEBUG Engine               - engineServices: [class com.almasb.fxgl.app.GameApplication$GameApplicationService, class com.almasb.fxgl.app.services.WindowService, class com.almasb.fxgl.app.services.FXGLDialogService, class com.almasb.fxgl.app.services.IOTaskExecutorService, class com.almasb.fxgl.event.EventBusService, class com.almasb.fxgl.io.FileSystemService, class com.almasb.fxgl.localization.LocalizationService, class com.almasb.fxgl.app.services.AssetLoaderService, class com.almasb.fxgl.app.services.SystemBundleService, class com.almasb.fxgl.profile.SaveLoadService, class com.almasb.fxgl.ui.FXGLUIFactoryServiceProvider, class com.almasb.fxgl.ui.FXGLDialogFactoryServiceProvider, class com.almasb.fxgl.audio.AudioPlayer, class com.almasb.fxgl.notification.impl.NotificationServiceProvider, class com.almasb.fxgl.achievement.AchievementService, class com.almasb.fxgl.cutscene.CutsceneService, class com.almasb.fxgl.minigames.MiniGameService, class com.almasb.fxgl.net.NetService, class com.almasb.fxgl.app.services.UpdaterService]
23:43:25.801 [FXGL Background Thread 2 ] DEBUG Engine               - globalMusicVolume: 0.5
23:43:25.801 [FXGL Background Thread 2 ] DEBUG Engine               - width: 1920
23:43:25.801 [FXGL Background Thread 2 ] DEBUG Engine               - saveFileExt: sav
23:43:25.801 [FXGL Background Thread 2 ] DEBUG Engine               - isAndroid: false
23:43:25.801 [FXGL Background Thread 2 ] DEBUG Engine               - fontUI: VarelaRound-Regular.ttf
23:43:25.802 [FXGL Background Thread 2 ] DEBUG Engine               - enabledMenuItems: [SAVE_LOAD, EXTRA, ONLINE]
23:43:25.802 [FXGL Background Thread 2 ] DEBUG Engine               - isIOS: false
23:43:25.802 [FXGL Background Thread 2 ] DEBUG Engine               - Logging services
23:43:25.802 [FXGL Background Thread 2 ] DEBUG Engine               - class com.almasb.fxgl.app.GameApplication$GameApplicationService
23:43:25.802 [FXGL Background Thread 2 ] DEBUG Engine               - class com.almasb.fxgl.app.services.WindowService
23:43:25.802 [FXGL Background Thread 2 ] DEBUG Engine               - class com.almasb.fxgl.app.services.FXGLDialogService
23:43:25.802 [FXGL Background Thread 2 ] DEBUG Engine               - class com.almasb.fxgl.app.services.IOTaskExecutorService
23:43:25.802 [FXGL Background Thread 2 ] DEBUG Engine               - class com.almasb.fxgl.event.EventBusService
23:43:25.802 [FXGL Background Thread 2 ] DEBUG Engine               - class com.almasb.fxgl.io.FileSystemService
23:43:25.802 [FXGL Background Thread 2 ] DEBUG Engine               - class com.almasb.fxgl.localization.LocalizationService
23:43:25.802 [FXGL Background Thread 2 ] DEBUG Engine               - class com.almasb.fxgl.app.services.AssetLoaderService
23:43:25.802 [FXGL Background Thread 2 ] DEBUG Engine               - class com.almasb.fxgl.app.services.SystemBundleService
23:43:25.802 [FXGL Background Thread 2 ] DEBUG Engine               - class com.almasb.fxgl.profile.SaveLoadService
23:43:25.802 [FXGL Background Thread 2 ] DEBUG Engine               - class com.almasb.fxgl.ui.FXGLUIFactoryServiceProvider
23:43:25.802 [FXGL Background Thread 2 ] DEBUG Engine               - class com.almasb.fxgl.ui.FXGLDialogFactoryServiceProvider
23:43:25.802 [FXGL Background Thread 2 ] DEBUG Engine               - class com.almasb.fxgl.audio.AudioPlayer
23:43:25.802 [FXGL Background Thread 2 ] DEBUG Engine               - class com.almasb.fxgl.notification.impl.NotificationServiceProvider
23:43:25.802 [FXGL Background Thread 2 ] DEBUG Engine               - class com.almasb.fxgl.achievement.AchievementService
23:43:25.802 [FXGL Background Thread 2 ] DEBUG Engine               - class com.almasb.fxgl.cutscene.CutsceneService
23:43:25.802 [FXGL Background Thread 2 ] DEBUG Engine               - class com.almasb.fxgl.minigames.MiniGameService
23:43:25.802 [FXGL Background Thread 2 ] DEBUG Engine               - class com.almasb.fxgl.net.NetService
23:43:25.802 [FXGL Background Thread 2 ] DEBUG Engine               - class com.almasb.fxgl.app.services.UpdaterService
23:43:25.902 [JavaFX Application Thread] DEBUG AssetLoaderService   - Loading from cache: /assets/textures/projectile.png
23:43:25.961 [JavaFX Application Thread] DEBUG AssetLoaderService   - Loading from file system: /assets/sounds/explosion.wav
23:43:26.017 [JavaFX Application Thread] DEBUG AssetLoaderService   - Loading from file system: /assets/textures/explosion.png
23:43:26.110 [JavaFX Application Thread] DEBUG AssetLoaderService   - Loading from cache: /assets/textures/projectile.png
23:43:26.286 [JavaFX Application Thread] DEBUG AssetLoaderService   - Loading from cache: /assets/textures/projectile.png
23:43:26.290 [JavaFX Application Thread] DEBUG AssetLoaderService   - Loading from cache: /assets/textures/smallasteroid.png
23:43:26.291 [JavaFX Application Thread] DEBUG AssetLoaderService   - Loading from cache: /assets/textures/smallasteroid.png
23:43:26.471 [JavaFX Application Thread] DEBUG AssetLoaderService   - Loading from cache: /assets/sounds/explosion.wav
23:43:26.472 [JavaFX Application Thread] DEBUG AssetLoaderService   - Loading from cache: /assets/textures/explosion.png
23:43:26.528 [JavaFX Application Thread] DEBUG AssetLoaderService   - Loading from cache: /assets/textures/projectile.png
23:43:26.734 [JavaFX Application Thread] DEBUG AssetLoaderService   - Loading from cache: /assets/textures/projectile.png
23:43:26.807 [JavaFX Application Thread] DEBUG AssetLoaderService   - Loading from cache: /assets/textures/smallasteroid.png
23:43:26.808 [JavaFX Application Thread] DEBUG AssetLoaderService   - Loading from cache: /assets/textures/smallasteroid.png
23:43:26.934 [JavaFX Application Thread] DEBUG AssetLoaderService   - Loading from cache: /assets/textures/projectile.png
23:43:27.166 [JavaFX Application Thread] DEBUG AssetLoaderService   - Loading from cache: /assets/textures/projectile.png
23:43:27.318 [JavaFX Application Thread] DEBUG AssetLoaderService   - Loading from cache: /assets/textures/smallasteroid.png
23:43:27.318 [JavaFX Application Thread] DEBUG AssetLoaderService   - Loading from cache: /assets/textures/smallasteroid.png
23:43:27.422 [JavaFX Application Thread] DEBUG AssetLoaderService   - Loading from cache: /assets/textures/projectile.png
23:43:27.431 [JavaFX Application Thread] DEBUG AssetLoaderService   - Loading from cache: /assets/sounds/explosion.wav
23:43:27.431 [JavaFX Application Thread] DEBUG AssetLoaderService   - Loading from cache: /assets/textures/explosion.png
23:43:27.639 [JavaFX Application Thread] DEBUG AssetLoaderService   - Loading from cache: /assets/sounds/explosion.wav
23:43:27.639 [JavaFX Application Thread] DEBUG AssetLoaderService   - Loading from cache: /assets/textures/explosion.png
23:43:27.639 [JavaFX Application Thread] DEBUG AssetLoaderService   - Loading from cache: /assets/sounds/explosion.wav
23:43:27.639 [JavaFX Application Thread] DEBUG AssetLoaderService   - Loading from cache: /assets/textures/explosion.png
23:43:27.645 [JavaFX Application Thread] DEBUG AssetLoaderService   - Loading from cache: /assets/textures/projectile.png
23:43:27.831 [JavaFX Application Thread] DEBUG AssetLoaderService   - Loading from cache: /assets/textures/smallasteroid.png
23:43:27.831 [JavaFX Application Thread] DEBUG AssetLoaderService   - Loading from cache: /assets/textures/smallasteroid.png
23:43:27.911 [JavaFX Application Thread] DEBUG AssetLoaderService   - Loading from cache: /assets/sounds/explosion.wav
23:43:27.911 [JavaFX Application Thread] DEBUG AssetLoaderService   - Loading from cache: /assets/textures/explosion.png
23:43:27.970 [JavaFX Application Thread] DEBUG AssetLoaderService   - Loading from cache: /assets/sounds/explosion.wav
23:43:27.970 [JavaFX Application Thread] DEBUG AssetLoaderService   - Loading from cache: /assets/textures/explosion.png
23:43:27.974 [JavaFX Application Thread] DEBUG AssetLoaderService   - Loading from cache: /assets/textures/projectile.png
23:43:28.182 [JavaFX Application Thread] DEBUG AssetLoaderService   - Loading from cache: /assets/sounds/explosion.wav
23:43:28.182 [JavaFX Application Thread] DEBUG AssetLoaderService   - Loading from cache: /assets/textures/explosion.png
23:43:28.341 [JavaFX Application Thread] DEBUG AssetLoaderService   - Loading from cache: /assets/textures/smallasteroid.png
23:43:28.342 [JavaFX Application Thread] DEBUG AssetLoaderService   - Loading from cache: /assets/textures/smallasteroid.png
23:43:28.838 [JavaFX Application Thread] DEBUG AssetLoaderService   - Loading from cache: /assets/textures/smallasteroid.png
23:43:28.838 [JavaFX Application Thread] DEBUG AssetLoaderService   - Loading from cache: /assets/textures/smallasteroid.png
23:43:29.351 [JavaFX Application Thread] DEBUG AssetLoaderService   - Loading from cache: /assets/textures/smallasteroid.png
23:43:29.352 [JavaFX Application Thread] DEBUG AssetLoaderService   - Loading from cache: /assets/textures/smallasteroid.png
23:43:29.860 [JavaFX Application Thread] DEBUG AssetLoaderService   - Loading from cache: /assets/textures/smallasteroid.png
23:43:29.860 [JavaFX Application Thread] DEBUG AssetLoaderService   - Loading from cache: /assets/textures/smallasteroid.png
23:43:30.272 [JavaFX Application Thread] DEBUG AssetLoaderService   - Loading from cache: /assets/sounds/explosion.wav
23:43:30.272 [JavaFX Application Thread] DEBUG AssetLoaderService   - Loading from cache: /assets/textures/explosion.png
23:43:30.273 [JavaFX Application Thread] DEBUG AssetLoaderService   - Loading from cache: /assets/sounds/explosion.wav
23:43:30.273 [JavaFX Application Thread] DEBUG AssetLoaderService   - Loading from cache: /assets/textures/explosion.png
23:43:30.359 [JavaFX Application Thread] DEBUG AssetLoaderService   - Loading from cache: /assets/textures/smallasteroid.png
23:43:30.359 [JavaFX Application Thread] DEBUG AssetLoaderService   - Loading from cache: /assets/textures/smallasteroid.png
23:43:30.472 [JavaFX Application Thread] DEBUG GameApplication      - Exiting FXGL
23:43:30.472 [JavaFX Application Thread] DEBUG LoopRunner           - Stopping loop
23:43:30.472 [JavaFX Application Thread] DEBUG SystemBundleService  - Saving FXGL system data
23:43:30.474 [JavaFX Application Thread] DEBUG FileSystemAccess     - Writing to: C:\Users\xxdee\IdeaProjects\350FXGLjavagame\system\fxgl.bundle
23:43:30.475 [JavaFX Application Thread] DEBUG GameApplication      - Shutting down background threads
23:43:30.475 [JavaFX Application Thread] DEBUG GameApplication      - Closing logger and exiting JavaFX
