19:23:52.345 [main                     ] DEBUG GameApplication      - Logger initialized
19:23:52.358 [main                     ] DEBUG GameApplication      - Logging settings
Title: Space Game
Version: 0.1
Width: 2000
Height: 1000
Fullscreen: false
Intro: false
Menus: false
Profiling: false
Single step:false
App Mode: DEVELOPER
Menu Key: ESCAPE
Stage Style: DECORATED
Scene Factory: class com.almasb.fxgl.app.scene.SceneFactory

19:23:52.668 [JavaFX Application Thread] DEBUG GameApplication      - Initializing FXGL
19:23:52.673 [JavaFX Application Thread] INFO  Engine               - FXGL-11.8 (08.03.2020 09.09) on WINDOWS (J:11.0.8 FX:13.0.2)
19:23:52.674 [JavaFX Application Thread] INFO  Engine               - Source code and latest versions at: https://github.com/AlmasB/FXGL
19:23:52.674 [JavaFX Application Thread] INFO  Engine               -              Join the FXGL chat at: https://gitter.im/AlmasB/FXGL
19:23:52.755 [JavaFX Application Thread] DEBUG MainWindow           - Creating a JavaFX scene
19:23:52.755 [JavaFX Application Thread] DEBUG MainWindow           - Target size > screen size
19:23:52.800 [JavaFX Application Thread] DEBUG MainWindow           - Target settings size: 2000.0 x 1000.0
19:23:52.800 [JavaFX Application Thread] DEBUG MainWindow           - Scaled scene size:    1895.0 x 960.0
19:23:52.800 [JavaFX Application Thread] DEBUG MainWindow           - Scaled ratio: (0.9475, 0.96)
19:23:52.801 [JavaFX Application Thread] DEBUG MainWindow           - Set initial scene to FXGLStartupScene
19:23:52.805 [JavaFX Application Thread] DEBUG MainWindow           - Opening main window
19:23:52.866 [JavaFX Application Thread] DEBUG MainWindow           - Window border size: (16.0, 39.0)
19:23:52.866 [JavaFX Application Thread] DEBUG MainWindow           - Scaled size: 1895.0 x 960.0
19:23:52.866 [JavaFX Application Thread] DEBUG MainWindow           - Scaled ratio: (0.9475, 0.96)
19:23:52.866 [JavaFX Application Thread] DEBUG MainWindow           - Scene size: 1895.0 x 960.0
19:23:52.866 [JavaFX Application Thread] DEBUG MainWindow           - Stage size: 1911.0 x 999.0
19:23:52.871 [FXGL Background Thread 1 ] DEBUG Engine               - Initializing environment variables
19:23:52.890 [FXGL Background Thread 1 ] DEBUG WindowService        - Applying CSS: fxgl_dark.css
19:23:52.890 [FXGL Background Thread 1 ] DEBUG AssetLoaderService   - Loading from file system: /assets/ui/css/fxgl_dark.css
19:23:52.918 [FXGL Background Thread 1 ] DEBUG WindowService        - Initializing application scenes
19:23:52.945 [FXGL Background Thread 1 ] DEBUG GameWorld            - Game world initialized
19:23:52.969 [FXGL Background Thread 1 ] DEBUG PhysicsWorld         - Physics world initialized: appHeight=1000, physics.ppm=50.0
19:23:52.971 [FXGL Background Thread 1 ] DEBUG GameScene            - Game scene initialized: 2000x1000
19:23:52.977 [FXGL Background Thread 1 ] DEBUG Input                - Registered new binding: Resume - Esc
19:23:52.981 [FXGL Background Thread 1 ] DEBUG AssetLoaderService   - Loading from file system: /assets/textures/pause_menu_bg.png
19:23:53.014 [FXGL Background Thread 1 ] DEBUG Input                - Registered new binding: Pause - Esc
19:23:53.014 [FXGL Background Thread 1 ] DEBUG WindowService        - Application scenes initialized
19:23:53.020 [FXGL Background Thread 1 ] DEBUG SystemBundleService  - Loading FXGL system data
19:23:53.023 [FXGL Background Thread 1 ] DEBUG FileSystemAccess     - Reading from: C:\Users\xxdee\IdeaProjects\350FXGLjavagame\system\fxgl.bundle
19:23:53.026 [FXGL Background Thread 1 ] DEBUG SystemBundleService  - Bundle FXGL: {}
19:23:53.026 [FXGL Background Thread 1 ] INFO  Engine               - FXGL initialization took: 0.153 sec
19:23:53.026 [FXGL Background Thread 1 ] DEBUG GameApplication      - Loading localizations
19:23:53.027 [FXGL Background Thread 1 ] DEBUG AssetLoaderService   - Loading from file system: /assets/properties/languages/english.properties
19:23:53.028 [FXGL Background Thread 1 ] DEBUG AssetLoaderService   - Loading from file system: /assets/properties/languages/french.properties
19:23:53.028 [FXGL Background Thread 1 ] DEBUG AssetLoaderService   - Loading from file system: /assets/properties/languages/german.properties
19:23:53.029 [FXGL Background Thread 1 ] DEBUG AssetLoaderService   - Loading from file system: /assets/properties/languages/hungarian.properties
19:23:53.030 [FXGL Background Thread 1 ] DEBUG AssetLoaderService   - Loading from file system: /assets/properties/languages/russian.properties
19:23:53.031 [FXGL Background Thread 1 ] DEBUG GameApplication      - Registering font factories with UI factory
19:23:53.031 [FXGL Background Thread 1 ] DEBUG AssetLoaderService   - Loading from file system: /assets/ui/fonts/VarelaRound-Regular.ttf
19:23:53.199 [FXGL Background Thread 1 ] DEBUG AssetLoaderService   - Loading from file system: /assets/ui/fonts/Abel-Regular.ttf
19:23:53.201 [FXGL Background Thread 1 ] DEBUG AssetLoaderService   - Loading from file system: /assets/ui/fonts/lucida_console.ttf
19:23:53.204 [FXGL Background Thread 1 ] DEBUG AssetLoaderService   - Loading from file system: /assets/ui/fonts/Courier-Prime.ttf
19:23:53.207 [JavaFX Application Thread] DEBUG AssetLoaderService   - Loading from file system: /assets/textures/fxgl_icon.png
19:23:53.220 [JavaFX Application Thread] DEBUG AssetLoaderService   - Loading from file system: /assets/ui/cursors/fxgl_default.png
19:23:53.221 [JavaFX Application Thread] DEBUG Input                - Registered new binding: Screenshot - P
19:23:53.222 [JavaFX Application Thread] DEBUG Input                - Registered new binding: System info dump - CTRL+9
19:23:53.222 [JavaFX Application Thread] DEBUG Input                - Registered new binding: Restart - CTRL+R
19:23:53.222 [JavaFX Application Thread] DEBUG LoopRunner           - Starting loop
19:23:53.232 [JavaFX Application Thread] DEBUG FXGLStartupScene     - STARTUP
19:23:53.232 [JavaFX Application Thread] DEBUG WindowService        - Starting new game
19:23:53.234 [JavaFX Application Thread] DEBUG Input                - Clearing active input actions
19:23:53.240 [JavaFX Application Thread] DEBUG WindowService        - Removing overlay from FXGLStartupScene and adding to FXGLLoadingScene
19:23:53.241 [JavaFX Application Thread] DEBUG MainWindow           - FXGLStartupScene -> FXGLLoadingScene
19:23:53.241 [JavaFX Application Thread] DEBUG WindowService        - Clearing previous game
19:23:53.241 [JavaFX Application Thread] DEBUG GameScene            - Clearing game scene
19:23:53.241 [JavaFX Application Thread] DEBUG GameWorld            - Clearing game world
19:23:53.241 [JavaFX Application Thread] DEBUG PhysicsWorld         - Clearing physics world
19:23:53.241 [FXGL Background Thread 1 ] DEBUG GameApplication      - Initializing game
19:23:53.247 [FXGL Background Thread 1 ] DEBUG AssetLoaderService   - Loading from file system: /assets/textures/spaceship.png
19:23:53.248 [FXGL Background Thread 1 ] WARN  AssetLoaderService   - Failed to load texture spaceship.png Error: java.lang.IllegalArgumentException: Asset "/assets/textures/spaceship.png" was not found!
19:23:53.295 [JavaFX Application Thread] DEBUG LoopRunner           - Stopping loop
19:23:56.027 [FXGL Background Thread 2 ] DEBUG Engine               - Logging environment variables
19:23:56.027 [FXGL Background Thread 2 ] DEBUG Engine               - achievements: []
19:23:56.027 [FXGL Background Thread 2 ] DEBUG Engine               - language: ObjectProperty [value: ENGLISH]
19:23:56.027 [FXGL Background Thread 2 ] DEBUG Engine               - isCloseConfirmation: false
19:23:56.027 [FXGL Background Thread 2 ] DEBUG Engine               - isProfilingEnabled: false
19:23:56.027 [FXGL Background Thread 2 ] DEBUG Engine               - soundNotification: core/notification.wav
19:23:56.027 [FXGL Background Thread 2 ] DEBUG Engine               - devShowBBoxProperty: BooleanProperty [value: false]
19:23:56.027 [FXGL Background Thread 2 ] DEBUG Engine               - pixelsPerMeter: 50.0
19:23:56.027 [FXGL Background Thread 2 ] DEBUG Engine               - soundMenuBack: menu/back.wav
19:23:56.027 [FXGL Background Thread 2 ] DEBUG Engine               - appIcon: fxgl_icon.png
19:23:56.027 [FXGL Background Thread 2 ] DEBUG Engine               - isFullScreenAllowed: false
19:23:56.027 [FXGL Background Thread 2 ] DEBUG Engine               - isIntroEnabled: false
19:23:56.027 [FXGL Background Thread 2 ] DEBUG Engine               - fontMono: lucida_console.ttf
19:23:56.027 [FXGL Background Thread 2 ] DEBUG Engine               - soundMenuSelect: menu/select.wav
19:23:56.027 [FXGL Background Thread 2 ] DEBUG Engine               - isWindows: true
19:23:56.027 [FXGL Background Thread 2 ] DEBUG Engine               - isMobile: false
19:23:56.027 [FXGL Background Thread 2 ] DEBUG Engine               - isUserProfileEnabled: false
19:23:56.027 [FXGL Background Thread 2 ] DEBUG Engine               - height: 1000
19:23:56.028 [FXGL Background Thread 2 ] DEBUG Engine               - isExperimentalNative: false
19:23:56.028 [FXGL Background Thread 2 ] DEBUG Engine               - settings: Title: Space Game
Version: 0.1
Width: 2000
Height: 1000
Fullscreen: false
Intro: false
Menus: false
Profiling: false
Single step:false
App Mode: DEVELOPER
Menu Key: ESCAPE
Stage Style: DECORATED
Scene Factory: class com.almasb.fxgl.app.scene.SceneFactory

19:23:56.028 [FXGL Background Thread 2 ] DEBUG Engine               - isSingleStep: false
19:23:56.028 [FXGL Background Thread 2 ] DEBUG Engine               - cSSList: [fxgl_dark.css]
19:23:56.028 [FXGL Background Thread 2 ] DEBUG Engine               - fontGame: Abel-Regular.ttf
19:23:56.028 [FXGL Background Thread 2 ] DEBUG Engine               - menuKey: ESCAPE
19:23:56.028 [FXGL Background Thread 2 ] DEBUG Engine               - devShowPositionProperty: BooleanProperty [value: false]
19:23:56.028 [FXGL Background Thread 2 ] DEBUG Engine               - versionCheckDays: 7
19:23:56.028 [FXGL Background Thread 2 ] DEBUG Engine               - configClass: Optional.empty
19:23:56.028 [FXGL Background Thread 2 ] DEBUG Engine               - isFullScreenFromStart: false
19:23:56.028 [FXGL Background Thread 2 ] DEBUG Engine               - version: 0.1
19:23:56.028 [FXGL Background Thread 2 ] DEBUG Engine               - fullScreen: BooleanProperty [value: false]
19:23:56.028 [FXGL Background Thread 2 ] DEBUG Engine               - randomSeed: -1
19:23:56.028 [FXGL Background Thread 2 ] DEBUG Engine               - gameDifficultyProperty: ObjectProperty [value: MEDIUM]
19:23:56.028 [FXGL Background Thread 2 ] DEBUG Engine               - applicationMode: DEVELOPER
19:23:56.028 [FXGL Background Thread 2 ] DEBUG Engine               - isMac: false
19:23:56.028 [FXGL Background Thread 2 ] DEBUG Engine               - isMenuEnabled: false
19:23:56.028 [FXGL Background Thread 2 ] DEBUG Engine               - urlPOM: https://raw.githubusercontent.com/AlmasB/FXGL/master/pom.xml
19:23:56.028 [FXGL Background Thread 2 ] DEBUG Engine               - profileName: StringProperty [value: DEFAULT]
19:23:56.028 [FXGL Background Thread 2 ] DEBUG Engine               - notificationViewClass: class com.almasb.fxgl.notification.view.XboxNotificationView
19:23:56.028 [FXGL Background Thread 2 ] DEBUG Engine               - devSensorColorProperty: ObjectProperty [value: 0xffff00ff]
19:23:56.029 [FXGL Background Thread 2 ] DEBUG Engine               - sceneFactory: com.almasb.fxgl.app.scene.SceneFactory@295dff44
19:23:56.029 [FXGL Background Thread 2 ] DEBUG Engine               - stageStyle: DECORATED
19:23:56.029 [FXGL Background Thread 2 ] DEBUG Engine               - isManualResizeEnabled: false
19:23:56.029 [FXGL Background Thread 2 ] DEBUG Engine               - title: Space Game
19:23:56.029 [FXGL Background Thread 2 ] DEBUG Engine               - platform: WINDOWS
19:23:56.029 [FXGL Background Thread 2 ] DEBUG Engine               - devBBoxColorProperty: ObjectProperty [value: 0xff0000ff]
19:23:56.029 [FXGL Background Thread 2 ] DEBUG Engine               - gameDifficulty: MEDIUM
19:23:56.029 [FXGL Background Thread 2 ] DEBUG Engine               - isDesktop: true
19:23:56.029 [FXGL Background Thread 2 ] DEBUG Engine               - supportedLanguages: [ENGLISH, FRENCH, GERMAN, HUNGARIAN, RUSSIAN]
19:23:56.029 [FXGL Background Thread 2 ] DEBUG Engine               - credits: []
19:23:56.029 [FXGL Background Thread 2 ] DEBUG Engine               - globalMusicVolumeProperty: DoubleProperty [value: 0.5]
19:23:56.029 [FXGL Background Thread 2 ] DEBUG Engine               - isPreserveResizeRatio: false
19:23:56.029 [FXGL Background Thread 2 ] DEBUG Engine               - fontText: Courier-Prime.ttf
19:23:56.029 [FXGL Background Thread 2 ] DEBUG Engine               - isExperimentalTiledLargeMap: false
19:23:56.029 [FXGL Background Thread 2 ] DEBUG Engine               - secondsIn24h: 60
19:23:56.029 [FXGL Background Thread 2 ] DEBUG Engine               - runtimeInfo: RuntimeInfo(platform=WINDOWS, version=11.8, build=08.03.2020 09.09)
19:23:56.029 [FXGL Background Thread 2 ] DEBUG Engine               - isLinux: false
19:23:56.029 [FXGL Background Thread 2 ] DEBUG Engine               - soundMenuPress: menu/press.wav
19:23:56.029 [FXGL Background Thread 2 ] DEBUG Engine               - urlGithub: https://github.com/AlmasB/FXGL
19:23:56.029 [FXGL Background Thread 2 ] DEBUG Engine               - profileDir: profiles/
19:23:56.029 [FXGL Background Thread 2 ] DEBUG Engine               - isDeveloperMenuEnabled: false
19:23:56.029 [FXGL Background Thread 2 ] DEBUG Engine               - globalSoundVolumeProperty: DoubleProperty [value: 0.5]
19:23:56.029 [FXGL Background Thread 2 ] DEBUG Engine               - mainWindow: com.almasb.fxgl.app.MainWindow@2d626eb7
19:23:56.029 [FXGL Background Thread 2 ] DEBUG Engine               - isBrowser: false
19:23:56.030 [FXGL Background Thread 2 ] DEBUG Engine               - urlLeaderboard: http://fxgl-top.herokuapp.com/
19:23:56.030 [FXGL Background Thread 2 ] DEBUG Engine               - globalSoundVolume: 0.5
19:23:56.030 [FXGL Background Thread 2 ] DEBUG Engine               - engineServices: [class com.almasb.fxgl.app.GameApplication$GameApplicationService, class com.almasb.fxgl.app.services.WindowService, class com.almasb.fxgl.app.services.FXGLDialogService, class com.almasb.fxgl.app.services.IOTaskExecutorService, class com.almasb.fxgl.event.EventBusService, class com.almasb.fxgl.io.FileSystemService, class com.almasb.fxgl.localization.LocalizationService, class com.almasb.fxgl.app.services.AssetLoaderService, class com.almasb.fxgl.app.services.SystemBundleService, class com.almasb.fxgl.profile.SaveLoadService, class com.almasb.fxgl.ui.FXGLUIFactoryServiceProvider, class com.almasb.fxgl.ui.FXGLDialogFactoryServiceProvider, class com.almasb.fxgl.audio.AudioPlayer, class com.almasb.fxgl.notification.impl.NotificationServiceProvider, class com.almasb.fxgl.achievement.AchievementService, class com.almasb.fxgl.cutscene.CutsceneService, class com.almasb.fxgl.minigames.MiniGameService, class com.almasb.fxgl.net.NetService, class com.almasb.fxgl.app.services.UpdaterService]
19:23:56.030 [FXGL Background Thread 2 ] DEBUG Engine               - globalMusicVolume: 0.5
19:23:56.030 [FXGL Background Thread 2 ] DEBUG Engine               - width: 2000
19:23:56.030 [FXGL Background Thread 2 ] DEBUG Engine               - saveFileExt: sav
19:23:56.030 [FXGL Background Thread 2 ] DEBUG Engine               - isAndroid: false
19:23:56.030 [FXGL Background Thread 2 ] DEBUG Engine               - fontUI: VarelaRound-Regular.ttf
19:23:56.030 [FXGL Background Thread 2 ] DEBUG Engine               - enabledMenuItems: []
19:23:56.030 [FXGL Background Thread 2 ] DEBUG Engine               - isIOS: false
19:23:56.030 [FXGL Background Thread 2 ] DEBUG Engine               - Logging services
19:23:56.030 [FXGL Background Thread 2 ] DEBUG Engine               - class com.almasb.fxgl.app.GameApplication$GameApplicationService
19:23:56.030 [FXGL Background Thread 2 ] DEBUG Engine               - class com.almasb.fxgl.app.services.WindowService
19:23:56.030 [FXGL Background Thread 2 ] DEBUG Engine               - class com.almasb.fxgl.app.services.FXGLDialogService
19:23:56.030 [FXGL Background Thread 2 ] DEBUG Engine               - class com.almasb.fxgl.app.services.IOTaskExecutorService
19:23:56.030 [FXGL Background Thread 2 ] DEBUG Engine               - class com.almasb.fxgl.event.EventBusService
19:23:56.030 [FXGL Background Thread 2 ] DEBUG Engine               - class com.almasb.fxgl.io.FileSystemService
19:23:56.030 [FXGL Background Thread 2 ] DEBUG Engine               - class com.almasb.fxgl.localization.LocalizationService
19:23:56.030 [FXGL Background Thread 2 ] DEBUG Engine               - class com.almasb.fxgl.app.services.AssetLoaderService
19:23:56.030 [FXGL Background Thread 2 ] DEBUG Engine               - class com.almasb.fxgl.app.services.SystemBundleService
19:23:56.030 [FXGL Background Thread 2 ] DEBUG Engine               - class com.almasb.fxgl.profile.SaveLoadService
19:23:56.031 [FXGL Background Thread 2 ] DEBUG Engine               - class com.almasb.fxgl.ui.FXGLUIFactoryServiceProvider
19:23:56.031 [FXGL Background Thread 2 ] DEBUG Engine               - class com.almasb.fxgl.ui.FXGLDialogFactoryServiceProvider
19:23:56.031 [FXGL Background Thread 2 ] DEBUG Engine               - class com.almasb.fxgl.audio.AudioPlayer
19:23:56.031 [FXGL Background Thread 2 ] DEBUG Engine               - class com.almasb.fxgl.notification.impl.NotificationServiceProvider
19:23:56.031 [FXGL Background Thread 2 ] DEBUG Engine               - class com.almasb.fxgl.achievement.AchievementService
19:23:56.031 [FXGL Background Thread 2 ] DEBUG Engine               - class com.almasb.fxgl.cutscene.CutsceneService
19:23:56.031 [FXGL Background Thread 2 ] DEBUG Engine               - class com.almasb.fxgl.minigames.MiniGameService
19:23:56.031 [FXGL Background Thread 2 ] DEBUG Engine               - class com.almasb.fxgl.net.NetService
19:23:56.031 [FXGL Background Thread 2 ] DEBUG Engine               - class com.almasb.fxgl.app.services.UpdaterService
19:23:58.846 [JavaFX Application Thread] FATAL GameApplication      - Uncaught Exception:

Fatal exception occurred: java.lang.RuntimeException : Initialization failed
E: com.almasb.fxgl.app.GameApplication$InitAppTask.failed(GameApplication.java:428)
E: javafx.concurrent.Task.setState(Task.java:710)
E: javafx.concurrent.Task$TaskCallable.lambda$call$2(Task.java:1455)
E: com.sun.javafx.application.PlatformImpl.lambda$runLater$10(PlatformImpl.java:428)
E: java.base/java.security.AccessController.doPrivileged(Native Method)
E: com.sun.javafx.application.PlatformImpl.lambda$runLater$11(PlatformImpl.java:427)
E: com.sun.glass.ui.InvokeLaterDispatcher$Future.run(InvokeLaterDispatcher.java:96)
E: com.sun.glass.ui.win.WinApplication._runLoop(Native Method)
E: com.sun.glass.ui.win.WinApplication.lambda$runLoop$3(WinApplication.java:174)
E: java.base/java.lang.Thread.run(Thread.java:834)

19:23:58.846 [JavaFX Application Thread] FATAL GameApplication      - Application will now exit
19:23:58.846 [JavaFX Application Thread] DEBUG GameApplication      - Exiting FXGL
19:23:58.846 [JavaFX Application Thread] DEBUG GameApplication      - Shutting down background threads
19:23:58.846 [JavaFX Application Thread] DEBUG GameApplication      - Closing logger and exiting JavaFX
