17:50:02.467 [main                     ] DEBUG GameApplication      - Logger initialized
17:50:02.479 [main                     ] DEBUG GameApplication      - Logging settings
Title: Space Game
Version: 0.2
Width: 2000
Height: 1000
Fullscreen: false
Intro: false
Menus: true
Profiling: false
Single step:false
App Mode: DEVELOPER
Menu Key: ESCAPE
Stage Style: DECORATED
Scene Factory: class com.almasb.fxgl.app.scene.SceneFactory

17:50:02.796 [JavaFX Application Thread] DEBUG GameApplication      - Initializing FXGL
17:50:02.802 [JavaFX Application Thread] INFO  Engine               - FXGL-11.8 (08.03.2020 09.09) on WINDOWS (J:11.0.8 FX:13.0.2)
17:50:02.802 [JavaFX Application Thread] INFO  Engine               - Source code and latest versions at: https://github.com/AlmasB/FXGL
17:50:02.802 [JavaFX Application Thread] INFO  Engine               -              Join the FXGL chat at: https://gitter.im/AlmasB/FXGL
17:50:02.883 [JavaFX Application Thread] DEBUG MainWindow           - Creating a JavaFX scene
17:50:02.884 [JavaFX Application Thread] DEBUG MainWindow           - Target size > screen size
17:50:02.933 [JavaFX Application Thread] DEBUG MainWindow           - Target settings size: 2000.0 x 1000.0
17:50:02.933 [JavaFX Application Thread] DEBUG MainWindow           - Scaled scene size:    1895.0 x 960.0
17:50:02.933 [JavaFX Application Thread] DEBUG MainWindow           - Scaled ratio: (0.9475, 0.96)
17:50:02.934 [JavaFX Application Thread] DEBUG MainWindow           - Set initial scene to FXGLStartupScene
17:50:02.938 [JavaFX Application Thread] DEBUG MainWindow           - Opening main window
17:50:02.995 [JavaFX Application Thread] DEBUG MainWindow           - Window border size: (16.0, 39.0)
17:50:02.995 [JavaFX Application Thread] DEBUG MainWindow           - Scaled size: 1895.0 x 960.0
17:50:02.995 [JavaFX Application Thread] DEBUG MainWindow           - Scaled ratio: (0.9475, 0.96)
17:50:02.995 [JavaFX Application Thread] DEBUG MainWindow           - Scene size: 1895.0 x 960.0
17:50:02.995 [JavaFX Application Thread] DEBUG MainWindow           - Stage size: 1911.0 x 999.0
17:50:03.000 [FXGL Background Thread 1 ] DEBUG Engine               - Initializing environment variables
17:50:03.019 [FXGL Background Thread 1 ] DEBUG WindowService        - Applying CSS: fxgl_dark.css
17:50:03.019 [FXGL Background Thread 1 ] DEBUG AssetLoaderService   - Loading from file system: /assets/ui/css/fxgl_dark.css
17:50:03.047 [FXGL Background Thread 1 ] DEBUG WindowService        - Initializing application scenes
17:50:03.073 [FXGL Background Thread 1 ] DEBUG GameWorld            - Game world initialized
17:50:03.098 [FXGL Background Thread 1 ] DEBUG PhysicsWorld         - Physics world initialized: appHeight=1000, physics.ppm=50.0
17:50:03.100 [FXGL Background Thread 1 ] DEBUG GameScene            - Game scene initialized: 2000x1000
17:50:03.116 [FXGL Background Thread 1 ] DEBUG AssetLoaderService   - Loading from file system: /assets/textures/particles/trace_horizontal.png
17:50:03.152 [FXGL Background Thread 1 ] DEBUG FXGL.DefaultMenu     - createMenuBodyMainMenu()
17:50:03.162 [FXGL Background Thread 1 ] DEBUG FXGL.DefaultMenu     - createOptionsMenu()
17:50:03.165 [FXGL Background Thread 1 ] DEBUG AssetLoaderService   - Loading from file system: /assets/textures/particles/smoke.png
17:50:03.197 [FXGL Background Thread 1 ] DEBUG AssetLoaderService   - Loading from cache: /assets/textures/particles/trace_horizontal.png@64.0x64.0
17:50:03.199 [FXGL Background Thread 1 ] DEBUG FXGL.DefaultMenu     - createMenuBodyGameMenu()
17:50:03.199 [FXGL Background Thread 1 ] DEBUG FXGL.DefaultMenu     - createOptionsMenu()
17:50:03.200 [FXGL Background Thread 1 ] DEBUG AssetLoaderService   - Loading from cache: /assets/textures/particles/smoke.png@128.0x128.0
17:50:03.209 [FXGL Background Thread 1 ] DEBUG WindowService        - Application scenes initialized
17:50:03.214 [FXGL Background Thread 1 ] DEBUG SystemBundleService  - Loading FXGL system data
17:50:03.217 [FXGL Background Thread 1 ] DEBUG FileSystemAccess     - Reading from: C:\Users\xxdee\IdeaProjects\350FXGLjavagame\system\fxgl.bundle
17:50:03.220 [FXGL Background Thread 1 ] DEBUG SystemBundleService  - Bundle FXGL: {}
17:50:03.220 [FXGL Background Thread 1 ] INFO  Engine               - FXGL initialization took: 0.219 sec
17:50:03.221 [FXGL Background Thread 1 ] DEBUG GameApplication      - Loading localizations
17:50:03.221 [FXGL Background Thread 1 ] DEBUG AssetLoaderService   - Loading from file system: /assets/properties/languages/english.properties
17:50:03.222 [FXGL Background Thread 1 ] DEBUG AssetLoaderService   - Loading from file system: /assets/properties/languages/french.properties
17:50:03.223 [FXGL Background Thread 1 ] DEBUG AssetLoaderService   - Loading from file system: /assets/properties/languages/german.properties
17:50:03.224 [FXGL Background Thread 1 ] DEBUG AssetLoaderService   - Loading from file system: /assets/properties/languages/hungarian.properties
17:50:03.225 [FXGL Background Thread 1 ] DEBUG AssetLoaderService   - Loading from file system: /assets/properties/languages/russian.properties
17:50:03.225 [FXGL Background Thread 1 ] DEBUG GameApplication      - Registering font factories with UI factory
17:50:03.225 [FXGL Background Thread 1 ] DEBUG AssetLoaderService   - Loading from file system: /assets/ui/fonts/VarelaRound-Regular.ttf
17:50:03.402 [FXGL Background Thread 1 ] DEBUG AssetLoaderService   - Loading from file system: /assets/ui/fonts/Abel-Regular.ttf
17:50:03.404 [FXGL Background Thread 1 ] DEBUG AssetLoaderService   - Loading from file system: /assets/ui/fonts/lucida_console.ttf
17:50:03.407 [FXGL Background Thread 1 ] DEBUG AssetLoaderService   - Loading from file system: /assets/ui/fonts/Courier-Prime.ttf
17:50:03.415 [JavaFX Application Thread] DEBUG Input                - Registered new binding: action0 - D
17:50:03.415 [JavaFX Application Thread] DEBUG Input                - Registered new binding: action1 - A
17:50:03.415 [JavaFX Application Thread] DEBUG Input                - Registered new binding: action2 - W
17:50:03.415 [JavaFX Application Thread] DEBUG Input                - Registered new binding: action3 - C
17:50:03.415 [JavaFX Application Thread] DEBUG Input                - Registered new binding: action4 - Left
17:50:03.416 [JavaFX Application Thread] DEBUG Input                - Registered new binding: action5 - Right
17:50:03.416 [JavaFX Application Thread] DEBUG Input                - Registered new binding: action6 - Space
17:50:03.416 [JavaFX Application Thread] DEBUG AssetLoaderService   - Loading from file system: /assets/textures/fxgl_icon.png
17:50:03.431 [JavaFX Application Thread] DEBUG AssetLoaderService   - Loading from file system: /assets/ui/cursors/fxgl_default.png
17:50:03.432 [JavaFX Application Thread] DEBUG Input                - Registered new binding: Screenshot - P
17:50:03.432 [JavaFX Application Thread] DEBUG Input                - Registered new binding: System info dump - CTRL+9
17:50:03.433 [JavaFX Application Thread] DEBUG Input                - Registered new binding: Restart - CTRL+R
17:50:03.433 [JavaFX Application Thread] DEBUG LoopRunner           - Starting loop
17:50:03.442 [JavaFX Application Thread] DEBUG FXGLStartupScene     - STARTUP
17:50:03.445 [JavaFX Application Thread] DEBUG Input                - Clearing active input actions
17:50:03.457 [JavaFX Application Thread] DEBUG WindowService        - Removing overlay from FXGLStartupScene and adding to FXGLDefaultMenu
17:50:03.457 [JavaFX Application Thread] DEBUG MainWindow           - FXGLStartupScene -> FXGLDefaultMenu
17:50:04.774 [JavaFX Application Thread] DEBUG Menu                 - fireNewGame()
17:50:04.774 [JavaFX Application Thread] DEBUG WindowService        - Starting new game
17:50:04.774 [JavaFX Application Thread] DEBUG Input                - Clearing active input actions
17:50:04.780 [JavaFX Application Thread] DEBUG WindowService        - Removing overlay from FXGLDefaultMenu and adding to FXGLLoadingScene
17:50:04.780 [JavaFX Application Thread] DEBUG MainWindow           - FXGLDefaultMenu -> FXGLLoadingScene
17:50:04.780 [JavaFX Application Thread] DEBUG WindowService        - Clearing previous game
17:50:04.780 [JavaFX Application Thread] DEBUG GameScene            - Clearing game scene
17:50:04.780 [JavaFX Application Thread] DEBUG GameWorld            - Clearing game world
17:50:04.780 [JavaFX Application Thread] DEBUG PhysicsWorld         - Clearing physics world
17:50:04.781 [FXGL Background Thread 1 ] DEBUG GameApplication      - Initializing game
17:50:04.787 [FXGL Background Thread 1 ] DEBUG AssetLoaderService   - Loading from file system: /assets/textures/spacebackground.png
17:50:04.825 [FXGL Background Thread 1 ] DEBUG AssetLoaderService   - Loading from file system: /assets/textures/smallspaceship.png
17:50:04.834 [FXGL Background Thread 1 ] INFO  GameApplication      - Game initialization took: 0.053 sec
17:50:04.835 [JavaFX Application Thread] DEBUG Input                - Clearing active input actions
17:50:04.839 [JavaFX Application Thread] DEBUG WindowService        - Removing overlay from FXGLLoadingScene and adding to GameScene
17:50:04.840 [JavaFX Application Thread] DEBUG MainWindow           - FXGLLoadingScene -> GameScene
17:50:06.222 [FXGL Background Thread 2 ] DEBUG Engine               - Logging environment variables
17:50:06.222 [FXGL Background Thread 2 ] DEBUG Engine               - achievements: []
17:50:06.222 [FXGL Background Thread 2 ] DEBUG Engine               - language: ObjectProperty [value: ENGLISH]
17:50:06.222 [FXGL Background Thread 2 ] DEBUG Engine               - isCloseConfirmation: false
17:50:06.222 [FXGL Background Thread 2 ] DEBUG Engine               - isProfilingEnabled: false
17:50:06.222 [FXGL Background Thread 2 ] DEBUG Engine               - soundNotification: core/notification.wav
17:50:06.222 [FXGL Background Thread 2 ] DEBUG Engine               - devShowBBoxProperty: BooleanProperty [value: false]
17:50:06.222 [FXGL Background Thread 2 ] DEBUG Engine               - pixelsPerMeter: 50.0
17:50:06.222 [FXGL Background Thread 2 ] DEBUG Engine               - appIcon: fxgl_icon.png
17:50:06.222 [FXGL Background Thread 2 ] DEBUG Engine               - soundMenuBack: menu/back.wav
17:50:06.222 [FXGL Background Thread 2 ] DEBUG Engine               - isFullScreenAllowed: false
17:50:06.222 [FXGL Background Thread 2 ] DEBUG Engine               - isIntroEnabled: false
17:50:06.222 [FXGL Background Thread 2 ] DEBUG Engine               - fontMono: lucida_console.ttf
17:50:06.222 [FXGL Background Thread 2 ] DEBUG Engine               - soundMenuSelect: menu/select.wav
17:50:06.222 [FXGL Background Thread 2 ] DEBUG Engine               - isWindows: true
17:50:06.222 [FXGL Background Thread 2 ] DEBUG Engine               - isMobile: false
17:50:06.222 [FXGL Background Thread 2 ] DEBUG Engine               - isUserProfileEnabled: false
17:50:06.223 [FXGL Background Thread 2 ] DEBUG Engine               - height: 1000
17:50:06.223 [FXGL Background Thread 2 ] DEBUG Engine               - isExperimentalNative: false
17:50:06.223 [FXGL Background Thread 2 ] DEBUG Engine               - settings: Title: Space Game
Version: 0.2
Width: 2000
Height: 1000
Fullscreen: false
Intro: false
Menus: true
Profiling: false
Single step:false
App Mode: DEVELOPER
Menu Key: ESCAPE
Stage Style: DECORATED
Scene Factory: class com.almasb.fxgl.app.scene.SceneFactory

17:50:06.223 [FXGL Background Thread 2 ] DEBUG Engine               - isSingleStep: false
17:50:06.223 [FXGL Background Thread 2 ] DEBUG Engine               - cSSList: [fxgl_dark.css]
17:50:06.223 [FXGL Background Thread 2 ] DEBUG Engine               - fontGame: Abel-Regular.ttf
17:50:06.223 [FXGL Background Thread 2 ] DEBUG Engine               - menuKey: ESCAPE
17:50:06.223 [FXGL Background Thread 2 ] DEBUG Engine               - devShowPositionProperty: BooleanProperty [value: false]
17:50:06.223 [FXGL Background Thread 2 ] DEBUG Engine               - versionCheckDays: 7
17:50:06.223 [FXGL Background Thread 2 ] DEBUG Engine               - configClass: Optional.empty
17:50:06.223 [FXGL Background Thread 2 ] DEBUG Engine               - isFullScreenFromStart: false
17:50:06.223 [FXGL Background Thread 2 ] DEBUG Engine               - version: 0.2
17:50:06.223 [FXGL Background Thread 2 ] DEBUG Engine               - fullScreen: BooleanProperty [value: false]
17:50:06.223 [FXGL Background Thread 2 ] DEBUG Engine               - randomSeed: -1
17:50:06.223 [FXGL Background Thread 2 ] DEBUG Engine               - gameDifficultyProperty: ObjectProperty [value: MEDIUM]
17:50:06.223 [FXGL Background Thread 2 ] DEBUG Engine               - applicationMode: DEVELOPER
17:50:06.223 [FXGL Background Thread 2 ] DEBUG Engine               - isMac: false
17:50:06.223 [FXGL Background Thread 2 ] DEBUG Engine               - isMenuEnabled: true
17:50:06.223 [FXGL Background Thread 2 ] DEBUG Engine               - urlPOM: https://raw.githubusercontent.com/AlmasB/FXGL/master/pom.xml
17:50:06.223 [FXGL Background Thread 2 ] DEBUG Engine               - profileName: StringProperty [value: DEFAULT]
17:50:06.223 [FXGL Background Thread 2 ] DEBUG Engine               - notificationViewClass: class com.almasb.fxgl.notification.view.XboxNotificationView
17:50:06.224 [FXGL Background Thread 2 ] DEBUG Engine               - devSensorColorProperty: ObjectProperty [value: 0xffff00ff]
17:50:06.224 [FXGL Background Thread 2 ] DEBUG Engine               - sceneFactory: com.almasb.fxgl.app.scene.SceneFactory@7a137654
17:50:06.224 [FXGL Background Thread 2 ] DEBUG Engine               - stageStyle: DECORATED
17:50:06.224 [FXGL Background Thread 2 ] DEBUG Engine               - isManualResizeEnabled: false
17:50:06.224 [FXGL Background Thread 2 ] DEBUG Engine               - title: Space Game
17:50:06.224 [FXGL Background Thread 2 ] DEBUG Engine               - platform: WINDOWS
17:50:06.224 [FXGL Background Thread 2 ] DEBUG Engine               - devBBoxColorProperty: ObjectProperty [value: 0xff0000ff]
17:50:06.224 [FXGL Background Thread 2 ] DEBUG Engine               - gameDifficulty: MEDIUM
17:50:06.224 [FXGL Background Thread 2 ] DEBUG Engine               - isDesktop: true
17:50:06.224 [FXGL Background Thread 2 ] DEBUG Engine               - supportedLanguages: [ENGLISH, FRENCH, GERMAN, HUNGARIAN, RUSSIAN]
17:50:06.224 [FXGL Background Thread 2 ] DEBUG Engine               - credits: []
17:50:06.224 [FXGL Background Thread 2 ] DEBUG Engine               - globalMusicVolumeProperty: DoubleProperty [value: 0.5]
17:50:06.224 [FXGL Background Thread 2 ] DEBUG Engine               - isPreserveResizeRatio: false
17:50:06.224 [FXGL Background Thread 2 ] DEBUG Engine               - fontText: Courier-Prime.ttf
17:50:06.224 [FXGL Background Thread 2 ] DEBUG Engine               - isExperimentalTiledLargeMap: false
17:50:06.224 [FXGL Background Thread 2 ] DEBUG Engine               - secondsIn24h: 60
17:50:06.224 [FXGL Background Thread 2 ] DEBUG Engine               - runtimeInfo: RuntimeInfo(platform=WINDOWS, version=11.8, build=08.03.2020 09.09)
17:50:06.224 [FXGL Background Thread 2 ] DEBUG Engine               - isLinux: false
17:50:06.224 [FXGL Background Thread 2 ] DEBUG Engine               - soundMenuPress: menu/press.wav
17:50:06.224 [FXGL Background Thread 2 ] DEBUG Engine               - urlGithub: https://github.com/AlmasB/FXGL
17:50:06.224 [FXGL Background Thread 2 ] DEBUG Engine               - profileDir: profiles/
17:50:06.224 [FXGL Background Thread 2 ] DEBUG Engine               - isDeveloperMenuEnabled: false
17:50:06.224 [FXGL Background Thread 2 ] DEBUG Engine               - globalSoundVolumeProperty: DoubleProperty [value: 0.5]
17:50:06.224 [FXGL Background Thread 2 ] DEBUG Engine               - mainWindow: com.almasb.fxgl.app.MainWindow@7e2cedce
17:50:06.224 [FXGL Background Thread 2 ] DEBUG Engine               - isBrowser: false
17:50:06.225 [FXGL Background Thread 2 ] DEBUG Engine               - globalSoundVolume: 0.5
17:50:06.225 [FXGL Background Thread 2 ] DEBUG Engine               - urlLeaderboard: http://fxgl-top.herokuapp.com/
17:50:06.225 [FXGL Background Thread 2 ] DEBUG Engine               - engineServices: [class com.almasb.fxgl.app.GameApplication$GameApplicationService, class com.almasb.fxgl.app.services.WindowService, class com.almasb.fxgl.app.services.FXGLDialogService, class com.almasb.fxgl.app.services.IOTaskExecutorService, class com.almasb.fxgl.event.EventBusService, class com.almasb.fxgl.io.FileSystemService, class com.almasb.fxgl.localization.LocalizationService, class com.almasb.fxgl.app.services.AssetLoaderService, class com.almasb.fxgl.app.services.SystemBundleService, class com.almasb.fxgl.profile.SaveLoadService, class com.almasb.fxgl.ui.FXGLUIFactoryServiceProvider, class com.almasb.fxgl.ui.FXGLDialogFactoryServiceProvider, class com.almasb.fxgl.audio.AudioPlayer, class com.almasb.fxgl.notification.impl.NotificationServiceProvider, class com.almasb.fxgl.achievement.AchievementService, class com.almasb.fxgl.cutscene.CutsceneService, class com.almasb.fxgl.minigames.MiniGameService, class com.almasb.fxgl.net.NetService, class com.almasb.fxgl.app.services.UpdaterService]
17:50:06.225 [FXGL Background Thread 2 ] DEBUG Engine               - globalMusicVolume: 0.5
17:50:06.225 [FXGL Background Thread 2 ] DEBUG Engine               - width: 2000
17:50:06.225 [FXGL Background Thread 2 ] DEBUG Engine               - saveFileExt: sav
17:50:06.225 [FXGL Background Thread 2 ] DEBUG Engine               - isAndroid: false
17:50:06.225 [FXGL Background Thread 2 ] DEBUG Engine               - fontUI: VarelaRound-Regular.ttf
17:50:06.225 [FXGL Background Thread 2 ] DEBUG Engine               - enabledMenuItems: []
17:50:06.225 [FXGL Background Thread 2 ] DEBUG Engine               - isIOS: false
17:50:06.225 [FXGL Background Thread 2 ] DEBUG Engine               - Logging services
17:50:06.225 [FXGL Background Thread 2 ] DEBUG Engine               - class com.almasb.fxgl.app.GameApplication$GameApplicationService
17:50:06.225 [FXGL Background Thread 2 ] DEBUG Engine               - class com.almasb.fxgl.app.services.WindowService
17:50:06.225 [FXGL Background Thread 2 ] DEBUG Engine               - class com.almasb.fxgl.app.services.FXGLDialogService
17:50:06.225 [FXGL Background Thread 2 ] DEBUG Engine               - class com.almasb.fxgl.app.services.IOTaskExecutorService
17:50:06.225 [FXGL Background Thread 2 ] DEBUG Engine               - class com.almasb.fxgl.event.EventBusService
17:50:06.225 [FXGL Background Thread 2 ] DEBUG Engine               - class com.almasb.fxgl.io.FileSystemService
17:50:06.225 [FXGL Background Thread 2 ] DEBUG Engine               - class com.almasb.fxgl.localization.LocalizationService
17:50:06.225 [FXGL Background Thread 2 ] DEBUG Engine               - class com.almasb.fxgl.app.services.AssetLoaderService
17:50:06.225 [FXGL Background Thread 2 ] DEBUG Engine               - class com.almasb.fxgl.app.services.SystemBundleService
17:50:06.225 [FXGL Background Thread 2 ] DEBUG Engine               - class com.almasb.fxgl.profile.SaveLoadService
17:50:06.225 [FXGL Background Thread 2 ] DEBUG Engine               - class com.almasb.fxgl.ui.FXGLUIFactoryServiceProvider
17:50:06.225 [FXGL Background Thread 2 ] DEBUG Engine               - class com.almasb.fxgl.ui.FXGLDialogFactoryServiceProvider
17:50:06.225 [FXGL Background Thread 2 ] DEBUG Engine               - class com.almasb.fxgl.audio.AudioPlayer
17:50:06.225 [FXGL Background Thread 2 ] DEBUG Engine               - class com.almasb.fxgl.notification.impl.NotificationServiceProvider
17:50:06.225 [FXGL Background Thread 2 ] DEBUG Engine               - class com.almasb.fxgl.achievement.AchievementService
17:50:06.226 [FXGL Background Thread 2 ] DEBUG Engine               - class com.almasb.fxgl.cutscene.CutsceneService
17:50:06.226 [FXGL Background Thread 2 ] DEBUG Engine               - class com.almasb.fxgl.minigames.MiniGameService
17:50:06.226 [FXGL Background Thread 2 ] DEBUG Engine               - class com.almasb.fxgl.net.NetService
17:50:06.226 [FXGL Background Thread 2 ] DEBUG Engine               - class com.almasb.fxgl.app.services.UpdaterService
17:50:07.407 [JavaFX Application Thread] DEBUG AssetLoaderService   - Loading from file system: /assets/textures/smallasteroid.png
17:50:07.662 [JavaFX Application Thread] DEBUG AssetLoaderService   - Loading from cache: /assets/textures/smallasteroid.png
17:50:08.217 [JavaFX Application Thread] DEBUG AssetLoaderService   - Loading from file system: /assets/textures/projectile.png
17:50:08.905 [JavaFX Application Thread] DEBUG AssetLoaderService   - Loading from cache: /assets/textures/projectile.png
17:50:09.693 [JavaFX Application Thread] DEBUG AssetLoaderService   - Loading from cache: /assets/textures/smallasteroid.png
17:50:10.190 [JavaFX Application Thread] DEBUG AssetLoaderService   - Loading from cache: /assets/textures/smallasteroid.png
17:50:11.193 [JavaFX Application Thread] DEBUG AssetLoaderService   - Loading from cache: /assets/textures/projectile.png
17:50:11.830 [JavaFX Application Thread] DEBUG AssetLoaderService   - Loading from cache: /assets/textures/projectile.png
17:50:11.981 [JavaFX Application Thread] DEBUG AssetLoaderService   - Loading from cache: /assets/textures/smallasteroid.png
17:50:12.614 [JavaFX Application Thread] DEBUG AssetLoaderService   - Loading from cache: /assets/textures/projectile.png
17:50:12.735 [JavaFX Application Thread] DEBUG AssetLoaderService   - Loading from cache: /assets/textures/smallasteroid.png
17:50:12.929 [JavaFX Application Thread] DEBUG AssetLoaderService   - Loading from cache: /assets/textures/projectile.png
17:50:13.953 [JavaFX Application Thread] DEBUG AssetLoaderService   - Loading from cache: /assets/textures/projectile.png
17:50:14.255 [JavaFX Application Thread] DEBUG AssetLoaderService   - Loading from cache: /assets/textures/smallasteroid.png
17:50:14.489 [JavaFX Application Thread] DEBUG AssetLoaderService   - Loading from cache: /assets/textures/projectile.png
17:50:14.731 [JavaFX Application Thread] DEBUG AssetLoaderService   - Loading from cache: /assets/textures/projectile.png
17:50:15.279 [JavaFX Application Thread] DEBUG AssetLoaderService   - Loading from cache: /assets/textures/smallasteroid.png
17:50:15.285 [JavaFX Application Thread] DEBUG AssetLoaderService   - Loading from cache: /assets/textures/projectile.png
17:50:16.313 [JavaFX Application Thread] DEBUG AssetLoaderService   - Loading from cache: /assets/textures/projectile.png
17:50:16.504 [JavaFX Application Thread] DEBUG AssetLoaderService   - Loading from cache: /assets/textures/projectile.png
17:50:16.551 [JavaFX Application Thread] DEBUG AssetLoaderService   - Loading from cache: /assets/textures/smallasteroid.png
17:50:17.352 [JavaFX Application Thread] DEBUG AssetLoaderService   - Loading from cache: /assets/textures/projectile.png
17:50:17.699 [JavaFX Application Thread] DEBUG AssetLoaderService   - Loading from cache: /assets/textures/projectile.png
17:50:17.838 [JavaFX Application Thread] DEBUG AssetLoaderService   - Loading from cache: /assets/textures/smallasteroid.png
17:50:17.889 [JavaFX Application Thread] DEBUG AssetLoaderService   - Loading from cache: /assets/textures/projectile.png
17:50:18.473 [JavaFX Application Thread] DEBUG AssetLoaderService   - Loading from cache: /assets/textures/projectile.png
17:50:18.846 [JavaFX Application Thread] DEBUG AssetLoaderService   - Loading from cache: /assets/textures/smallasteroid.png
17:50:19.128 [JavaFX Application Thread] DEBUG AssetLoaderService   - Loading from cache: /assets/textures/projectile.png
17:50:19.557 [JavaFX Application Thread] DEBUG AssetLoaderService   - Loading from cache: /assets/textures/projectile.png
17:50:20.376 [JavaFX Application Thread] DEBUG Input                - Clearing active input actions
17:50:20.380 [JavaFX Application Thread] DEBUG WindowService        - Removing overlay from GameScene and adding to FXGLDefaultMenu
17:50:20.380 [JavaFX Application Thread] DEBUG MainWindow           - GameScene -> FXGLDefaultMenu
17:50:21.371 [JavaFX Application Thread] DEBUG Menu                 - fireExitToMainMenu()
17:50:21.373 [JavaFX Application Thread] DEBUG MainWindow           - Push state: DialogSubScene
17:50:21.373 [JavaFX Application Thread] DEBUG Input                - Clearing active input actions
17:50:21.374 [JavaFX Application Thread] DEBUG WindowService        - Removing overlay from FXGLDefaultMenu and adding to DialogSubScene
17:50:21.374 [JavaFX Application Thread] DEBUG MainWindow           - FXGLDefaultMenu -> DialogSubScene
17:50:22.102 [JavaFX Application Thread] DEBUG MainWindow           - Pop state: DialogSubScene
17:50:22.102 [JavaFX Application Thread] DEBUG Input                - Clearing active input actions
17:50:22.102 [JavaFX Application Thread] DEBUG WindowService        - Removing overlay from DialogSubScene and adding to FXGLDefaultMenu
17:50:22.102 [JavaFX Application Thread] DEBUG MainWindow           - FXGLDefaultMenu <- DialogSubScene
17:50:22.102 [JavaFX Application Thread] DEBUG Input                - Clearing active input actions
17:50:22.106 [JavaFX Application Thread] DEBUG WindowService        - Removing overlay from FXGLDefaultMenu and adding to FXGLDefaultMenu
17:50:22.106 [JavaFX Application Thread] DEBUG MainWindow           - FXGLDefaultMenu -> FXGLDefaultMenu
17:50:23.436 [JavaFX Application Thread] DEBUG Menu                 - fireExit()
17:50:23.437 [JavaFX Application Thread] DEBUG MainWindow           - Push state: DialogSubScene
17:50:23.437 [JavaFX Application Thread] DEBUG Input                - Clearing active input actions
17:50:23.438 [JavaFX Application Thread] DEBUG WindowService        - Removing overlay from FXGLDefaultMenu and adding to DialogSubScene
17:50:23.438 [JavaFX Application Thread] DEBUG MainWindow           - FXGLDefaultMenu -> DialogSubScene
17:50:24.400 [JavaFX Application Thread] DEBUG MainWindow           - Pop state: DialogSubScene
17:50:24.400 [JavaFX Application Thread] DEBUG Input                - Clearing active input actions
17:50:24.400 [JavaFX Application Thread] DEBUG WindowService        - Removing overlay from DialogSubScene and adding to FXGLDefaultMenu
17:50:24.401 [JavaFX Application Thread] DEBUG MainWindow           - FXGLDefaultMenu <- DialogSubScene
17:50:24.401 [JavaFX Application Thread] DEBUG GameApplication      - Exiting FXGL
17:50:24.401 [JavaFX Application Thread] DEBUG LoopRunner           - Stopping loop
17:50:24.401 [JavaFX Application Thread] DEBUG SystemBundleService  - Saving FXGL system data
17:50:24.402 [JavaFX Application Thread] DEBUG FileSystemAccess     - Writing to: C:\Users\xxdee\IdeaProjects\350FXGLjavagame\system\fxgl.bundle
17:50:24.403 [JavaFX Application Thread] DEBUG GameApplication      - Shutting down background threads
17:50:24.403 [JavaFX Application Thread] DEBUG GameApplication      - Closing logger and exiting JavaFX
