17:46:51.694 [main                     ] DEBUG GameApplication      - Logger initialized
17:46:51.694 [main                     ] DEBUG GameApplication      - Logging settings
Title: Space Game
Version: 0.1
Width: 2000
Height: 1000
Fullscreen: false
Intro: false
Menus: false
Profiling: false
Single step:false
App Mode: DEVELOPER
Menu Key: ESCAPE
Stage Style: DECORATED
Scene Factory: class com.almasb.fxgl.app.scene.SceneFactory

17:46:52.013 [JavaFX Application Thread] DEBUG GameApplication      - Initializing FXGL
17:46:52.020 [JavaFX Application Thread] INFO  Engine               - FXGL-11.8 (08.03.2020 09.09) on WINDOWS (J:14.0.2 FX:13.0.2)
17:46:52.021 [JavaFX Application Thread] INFO  Engine               - Source code and latest versions at: https://github.com/AlmasB/FXGL
17:46:52.021 [JavaFX Application Thread] INFO  Engine               -              Join the FXGL chat at: https://gitter.im/AlmasB/FXGL
17:46:52.119 [JavaFX Application Thread] DEBUG MainWindow           - Creating a JavaFX scene
17:46:52.162 [JavaFX Application Thread] DEBUG MainWindow           - Target settings size: 2000.0 x 1000.0
17:46:52.162 [JavaFX Application Thread] DEBUG MainWindow           - Scaled scene size:    2000.0 x 1000.0
17:46:52.162 [JavaFX Application Thread] DEBUG MainWindow           - Scaled ratio: (1.0, 1.0)
17:46:52.164 [JavaFX Application Thread] DEBUG MainWindow           - Set initial scene to FXGLStartupScene
17:46:52.169 [JavaFX Application Thread] DEBUG MainWindow           - Opening main window
17:46:52.228 [JavaFX Application Thread] DEBUG MainWindow           - Window border size: (16.0, 39.0)
17:46:52.228 [JavaFX Application Thread] DEBUG MainWindow           - Scaled size: 2000.0 x 1000.0
17:46:52.228 [JavaFX Application Thread] DEBUG MainWindow           - Scaled ratio: (1.0, 1.0)
17:46:52.228 [JavaFX Application Thread] DEBUG MainWindow           - Scene size: 2000.0 x 1000.0
17:46:52.228 [JavaFX Application Thread] DEBUG MainWindow           - Stage size: 2016.0 x 1039.0
17:46:52.234 [FXGL Background Thread 1 ] DEBUG Engine               - Initializing environment variables
17:46:52.256 [FXGL Background Thread 1 ] DEBUG WindowService        - Applying CSS: fxgl_dark.css
17:46:52.256 [FXGL Background Thread 1 ] DEBUG AssetLoaderService   - Loading from file system: /assets/ui/css/fxgl_dark.css
17:46:52.286 [FXGL Background Thread 1 ] DEBUG WindowService        - Initializing application scenes
17:46:52.309 [FXGL Background Thread 1 ] DEBUG GameWorld            - Game world initialized
17:46:52.338 [FXGL Background Thread 1 ] DEBUG PhysicsWorld         - Physics world initialized: appHeight=1000, physics.ppm=50.0
17:46:52.340 [FXGL Background Thread 1 ] DEBUG GameScene            - Game scene initialized: 2000x1000
17:46:52.346 [FXGL Background Thread 1 ] DEBUG Input                - Registered new binding: Resume - Esc
17:46:52.350 [FXGL Background Thread 1 ] DEBUG AssetLoaderService   - Loading from file system: /assets/textures/pause_menu_bg.png
17:46:52.381 [FXGL Background Thread 1 ] DEBUG Input                - Registered new binding: Pause - Esc
17:46:52.382 [FXGL Background Thread 1 ] DEBUG WindowService        - Application scenes initialized
17:46:52.388 [FXGL Background Thread 1 ] DEBUG SystemBundleService  - Loading FXGL system data
17:46:52.390 [FXGL Background Thread 1 ] DEBUG FileSystemAccess     - Reading from: C:\Users\dakot\IdeaProjects\350FXGLjavagame\system\fxgl.bundle
17:46:52.394 [FXGL Background Thread 1 ] DEBUG SystemBundleService  - Bundle FXGL: {}
17:46:52.395 [FXGL Background Thread 1 ] INFO  Engine               - FXGL initialization took: 0.159 sec
17:46:52.395 [FXGL Background Thread 1 ] DEBUG GameApplication      - Loading localizations
17:46:52.396 [FXGL Background Thread 1 ] DEBUG AssetLoaderService   - Loading from file system: /assets/properties/languages/english.properties
17:46:52.397 [FXGL Background Thread 1 ] DEBUG AssetLoaderService   - Loading from file system: /assets/properties/languages/french.properties
17:46:52.398 [FXGL Background Thread 1 ] DEBUG AssetLoaderService   - Loading from file system: /assets/properties/languages/german.properties
17:46:52.399 [FXGL Background Thread 1 ] DEBUG AssetLoaderService   - Loading from file system: /assets/properties/languages/hungarian.properties
17:46:52.400 [FXGL Background Thread 1 ] DEBUG AssetLoaderService   - Loading from file system: /assets/properties/languages/russian.properties
17:46:52.401 [FXGL Background Thread 1 ] DEBUG GameApplication      - Registering font factories with UI factory
17:46:52.401 [FXGL Background Thread 1 ] DEBUG AssetLoaderService   - Loading from file system: /assets/ui/fonts/VarelaRound-Regular.ttf
17:46:52.433 [FXGL Background Thread 1 ] DEBUG AssetLoaderService   - Loading from file system: /assets/ui/fonts/Abel-Regular.ttf
17:46:52.435 [FXGL Background Thread 1 ] DEBUG AssetLoaderService   - Loading from file system: /assets/ui/fonts/lucida_console.ttf
17:46:52.438 [FXGL Background Thread 1 ] DEBUG AssetLoaderService   - Loading from file system: /assets/ui/fonts/Courier-Prime.ttf
17:46:52.441 [JavaFX Application Thread] DEBUG Input                - Registered new binding: action0 - D
17:46:52.441 [JavaFX Application Thread] DEBUG Input                - Registered new binding: action1 - A
17:46:52.442 [JavaFX Application Thread] DEBUG Input                - Registered new binding: action2 - W
17:46:52.442 [JavaFX Application Thread] DEBUG Input                - Registered new binding: action3 - C
17:46:52.442 [JavaFX Application Thread] DEBUG Input                - Registered new binding: action4 - Left
17:46:52.442 [JavaFX Application Thread] DEBUG Input                - Registered new binding: action5 - Right
17:46:52.443 [JavaFX Application Thread] DEBUG Input                - Registered new binding: action6 - Space
17:46:52.443 [JavaFX Application Thread] DEBUG AssetLoaderService   - Loading from file system: /assets/textures/fxgl_icon.png
17:46:52.456 [JavaFX Application Thread] DEBUG AssetLoaderService   - Loading from file system: /assets/ui/cursors/fxgl_default.png
17:46:52.458 [JavaFX Application Thread] DEBUG Input                - Registered new binding: Screenshot - P
17:46:52.459 [JavaFX Application Thread] DEBUG Input                - Registered new binding: System info dump - CTRL+9
17:46:52.459 [JavaFX Application Thread] DEBUG Input                - Registered new binding: Restart - CTRL+R
17:46:52.459 [JavaFX Application Thread] DEBUG LoopRunner           - Starting loop
17:46:52.467 [JavaFX Application Thread] DEBUG FXGLStartupScene     - STARTUP
17:46:52.468 [JavaFX Application Thread] DEBUG WindowService        - Starting new game
17:46:52.469 [JavaFX Application Thread] DEBUG Input                - Clearing active input actions
17:46:52.483 [JavaFX Application Thread] DEBUG WindowService        - Removing overlay from FXGLStartupScene and adding to FXGLLoadingScene
17:46:52.483 [JavaFX Application Thread] DEBUG MainWindow           - FXGLStartupScene -> FXGLLoadingScene
17:46:52.484 [JavaFX Application Thread] DEBUG WindowService        - Clearing previous game
17:46:52.484 [JavaFX Application Thread] DEBUG GameScene            - Clearing game scene
17:46:52.484 [JavaFX Application Thread] DEBUG GameWorld            - Clearing game world
17:46:52.484 [JavaFX Application Thread] DEBUG PhysicsWorld         - Clearing physics world
17:46:52.485 [FXGL Background Thread 1 ] DEBUG GameApplication      - Initializing game
17:46:52.492 [FXGL Background Thread 1 ] DEBUG AssetLoaderService   - Loading from file system: /assets/textures/spacebackground.png
17:46:52.533 [FXGL Background Thread 1 ] DEBUG AssetLoaderService   - Loading from file system: /assets/textures/smallspaceship.png
17:46:52.543 [FXGL Background Thread 1 ] INFO  GameApplication      - Game initialization took: 0.058 sec
17:46:52.549 [JavaFX Application Thread] DEBUG Input                - Clearing active input actions
17:46:52.557 [JavaFX Application Thread] DEBUG WindowService        - Removing overlay from FXGLLoadingScene and adding to GameScene
17:46:52.557 [JavaFX Application Thread] DEBUG MainWindow           - FXGLLoadingScene -> GameScene
17:46:54.864 [JavaFX Application Thread] DEBUG AssetLoaderService   - Loading from file system: /assets/textures/smallasteroid.png
17:46:54.868 [JavaFX Application Thread] DEBUG AssetLoaderService   - Loading from cache: /assets/textures/smallasteroid.png
17:46:55.397 [FXGL Background Thread 2 ] DEBUG Engine               - Logging environment variables
17:46:55.397 [FXGL Background Thread 2 ] DEBUG Engine               - achievements: []
17:46:55.397 [FXGL Background Thread 2 ] DEBUG Engine               - language: ObjectProperty [value: ENGLISH]
17:46:55.397 [FXGL Background Thread 2 ] DEBUG Engine               - isCloseConfirmation: false
17:46:55.397 [FXGL Background Thread 2 ] DEBUG Engine               - isProfilingEnabled: false
17:46:55.397 [FXGL Background Thread 2 ] DEBUG Engine               - soundNotification: core/notification.wav
17:46:55.397 [FXGL Background Thread 2 ] DEBUG Engine               - devShowBBoxProperty: BooleanProperty [value: false]
17:46:55.397 [FXGL Background Thread 2 ] DEBUG Engine               - pixelsPerMeter: 50.0
17:46:55.397 [FXGL Background Thread 2 ] DEBUG Engine               - appIcon: fxgl_icon.png
17:46:55.397 [FXGL Background Thread 2 ] DEBUG Engine               - soundMenuBack: menu/back.wav
17:46:55.397 [FXGL Background Thread 2 ] DEBUG Engine               - isFullScreenAllowed: false
17:46:55.397 [FXGL Background Thread 2 ] DEBUG Engine               - isIntroEnabled: false
17:46:55.397 [FXGL Background Thread 2 ] DEBUG Engine               - fontMono: lucida_console.ttf
17:46:55.397 [FXGL Background Thread 2 ] DEBUG Engine               - soundMenuSelect: menu/select.wav
17:46:55.397 [FXGL Background Thread 2 ] DEBUG Engine               - isWindows: true
17:46:55.398 [FXGL Background Thread 2 ] DEBUG Engine               - isMobile: false
17:46:55.398 [FXGL Background Thread 2 ] DEBUG Engine               - isUserProfileEnabled: false
17:46:55.398 [FXGL Background Thread 2 ] DEBUG Engine               - height: 1000
17:46:55.398 [FXGL Background Thread 2 ] DEBUG Engine               - isExperimentalNative: false
17:46:55.398 [FXGL Background Thread 2 ] DEBUG Engine               - settings: Title: Space Game
Version: 0.1
Width: 2000
Height: 1000
Fullscreen: false
Intro: false
Menus: false
Profiling: false
Single step:false
App Mode: DEVELOPER
Menu Key: ESCAPE
Stage Style: DECORATED
Scene Factory: class com.almasb.fxgl.app.scene.SceneFactory

17:46:55.398 [FXGL Background Thread 2 ] DEBUG Engine               - isSingleStep: false
17:46:55.398 [FXGL Background Thread 2 ] DEBUG Engine               - cSSList: [fxgl_dark.css]
17:46:55.398 [FXGL Background Thread 2 ] DEBUG Engine               - fontGame: Abel-Regular.ttf
17:46:55.398 [FXGL Background Thread 2 ] DEBUG Engine               - menuKey: ESCAPE
17:46:55.398 [FXGL Background Thread 2 ] DEBUG Engine               - devShowPositionProperty: BooleanProperty [value: false]
17:46:55.398 [FXGL Background Thread 2 ] DEBUG Engine               - versionCheckDays: 7
17:46:55.398 [FXGL Background Thread 2 ] DEBUG Engine               - configClass: Optional.empty
17:46:55.398 [FXGL Background Thread 2 ] DEBUG Engine               - isFullScreenFromStart: false
17:46:55.398 [FXGL Background Thread 2 ] DEBUG Engine               - version: 0.1
17:46:55.398 [FXGL Background Thread 2 ] DEBUG Engine               - fullScreen: BooleanProperty [value: false]
17:46:55.398 [FXGL Background Thread 2 ] DEBUG Engine               - randomSeed: -1
17:46:55.398 [FXGL Background Thread 2 ] DEBUG Engine               - gameDifficultyProperty: ObjectProperty [value: MEDIUM]
17:46:55.398 [FXGL Background Thread 2 ] DEBUG Engine               - applicationMode: DEVELOPER
17:46:55.398 [FXGL Background Thread 2 ] DEBUG Engine               - isMac: false
17:46:55.399 [FXGL Background Thread 2 ] DEBUG Engine               - isMenuEnabled: false
17:46:55.399 [FXGL Background Thread 2 ] DEBUG Engine               - urlPOM: https://raw.githubusercontent.com/AlmasB/FXGL/master/pom.xml
17:46:55.399 [FXGL Background Thread 2 ] DEBUG Engine               - profileName: StringProperty [value: DEFAULT]
17:46:55.399 [FXGL Background Thread 2 ] DEBUG Engine               - notificationViewClass: class com.almasb.fxgl.notification.view.XboxNotificationView
17:46:55.399 [FXGL Background Thread 2 ] DEBUG Engine               - devSensorColorProperty: ObjectProperty [value: 0xffff00ff]
17:46:55.399 [FXGL Background Thread 2 ] DEBUG Engine               - sceneFactory: com.almasb.fxgl.app.scene.SceneFactory@11ad1dfc
17:46:55.399 [FXGL Background Thread 2 ] DEBUG Engine               - stageStyle: DECORATED
17:46:55.399 [FXGL Background Thread 2 ] DEBUG Engine               - isManualResizeEnabled: false
17:46:55.399 [FXGL Background Thread 2 ] DEBUG Engine               - title: Space Game
17:46:55.399 [FXGL Background Thread 2 ] DEBUG Engine               - platform: WINDOWS
17:46:55.399 [FXGL Background Thread 2 ] DEBUG Engine               - devBBoxColorProperty: ObjectProperty [value: 0xff0000ff]
17:46:55.399 [FXGL Background Thread 2 ] DEBUG Engine               - gameDifficulty: MEDIUM
17:46:55.399 [FXGL Background Thread 2 ] DEBUG Engine               - isDesktop: true
17:46:55.399 [FXGL Background Thread 2 ] DEBUG Engine               - supportedLanguages: [ENGLISH, FRENCH, GERMAN, HUNGARIAN, RUSSIAN]
17:46:55.399 [FXGL Background Thread 2 ] DEBUG Engine               - credits: []
17:46:55.399 [FXGL Background Thread 2 ] DEBUG Engine               - globalMusicVolumeProperty: DoubleProperty [value: 0.5]
17:46:55.399 [FXGL Background Thread 2 ] DEBUG Engine               - isPreserveResizeRatio: false
17:46:55.399 [FXGL Background Thread 2 ] DEBUG Engine               - fontText: Courier-Prime.ttf
17:46:55.400 [FXGL Background Thread 2 ] DEBUG Engine               - isExperimentalTiledLargeMap: false
17:46:55.400 [FXGL Background Thread 2 ] DEBUG Engine               - secondsIn24h: 60
17:46:55.400 [FXGL Background Thread 2 ] DEBUG Engine               - runtimeInfo: RuntimeInfo(platform=WINDOWS, version=11.8, build=08.03.2020 09.09)
17:46:55.400 [FXGL Background Thread 2 ] DEBUG Engine               - isLinux: false
17:46:55.400 [FXGL Background Thread 2 ] DEBUG Engine               - soundMenuPress: menu/press.wav
17:46:55.400 [FXGL Background Thread 2 ] DEBUG Engine               - urlGithub: https://github.com/AlmasB/FXGL
17:46:55.400 [FXGL Background Thread 2 ] DEBUG Engine               - profileDir: profiles/
17:46:55.400 [FXGL Background Thread 2 ] DEBUG Engine               - isDeveloperMenuEnabled: false
17:46:55.400 [FXGL Background Thread 2 ] DEBUG Engine               - globalSoundVolumeProperty: DoubleProperty [value: 0.5]
17:46:55.400 [FXGL Background Thread 2 ] DEBUG Engine               - mainWindow: com.almasb.fxgl.app.MainWindow@15928b11
17:46:55.400 [FXGL Background Thread 2 ] DEBUG Engine               - isBrowser: false
17:46:55.400 [FXGL Background Thread 2 ] DEBUG Engine               - globalSoundVolume: 0.5
17:46:55.400 [FXGL Background Thread 2 ] DEBUG Engine               - urlLeaderboard: http://fxgl-top.herokuapp.com/
17:46:55.400 [FXGL Background Thread 2 ] DEBUG Engine               - engineServices: [class com.almasb.fxgl.app.GameApplication$GameApplicationService, class com.almasb.fxgl.app.services.WindowService, class com.almasb.fxgl.app.services.FXGLDialogService, class com.almasb.fxgl.app.services.IOTaskExecutorService, class com.almasb.fxgl.event.EventBusService, class com.almasb.fxgl.io.FileSystemService, class com.almasb.fxgl.localization.LocalizationService, class com.almasb.fxgl.app.services.AssetLoaderService, class com.almasb.fxgl.app.services.SystemBundleService, class com.almasb.fxgl.profile.SaveLoadService, class com.almasb.fxgl.ui.FXGLUIFactoryServiceProvider, class com.almasb.fxgl.ui.FXGLDialogFactoryServiceProvider, class com.almasb.fxgl.audio.AudioPlayer, class com.almasb.fxgl.notification.impl.NotificationServiceProvider, class com.almasb.fxgl.achievement.AchievementService, class com.almasb.fxgl.cutscene.CutsceneService, class com.almasb.fxgl.minigames.MiniGameService, class com.almasb.fxgl.net.NetService, class com.almasb.fxgl.app.services.UpdaterService]
17:46:55.400 [FXGL Background Thread 2 ] DEBUG Engine               - globalMusicVolume: 0.5
17:46:55.400 [FXGL Background Thread 2 ] DEBUG Engine               - width: 2000
17:46:55.401 [FXGL Background Thread 2 ] DEBUG Engine               - saveFileExt: sav
17:46:55.401 [FXGL Background Thread 2 ] DEBUG Engine               - isAndroid: false
17:46:55.401 [FXGL Background Thread 2 ] DEBUG Engine               - fontUI: VarelaRound-Regular.ttf
17:46:55.401 [FXGL Background Thread 2 ] DEBUG Engine               - enabledMenuItems: []
17:46:55.401 [FXGL Background Thread 2 ] DEBUG Engine               - isIOS: false
17:46:55.401 [FXGL Background Thread 2 ] DEBUG Engine               - Logging services
17:46:55.401 [FXGL Background Thread 2 ] DEBUG Engine               - class com.almasb.fxgl.app.GameApplication$GameApplicationService
17:46:55.401 [FXGL Background Thread 2 ] DEBUG Engine               - class com.almasb.fxgl.app.services.WindowService
17:46:55.401 [FXGL Background Thread 2 ] DEBUG Engine               - class com.almasb.fxgl.app.services.FXGLDialogService
17:46:55.401 [FXGL Background Thread 2 ] DEBUG Engine               - class com.almasb.fxgl.app.services.IOTaskExecutorService
17:46:55.401 [FXGL Background Thread 2 ] DEBUG Engine               - class com.almasb.fxgl.event.EventBusService
17:46:55.401 [FXGL Background Thread 2 ] DEBUG Engine               - class com.almasb.fxgl.io.FileSystemService
17:46:55.401 [FXGL Background Thread 2 ] DEBUG Engine               - class com.almasb.fxgl.localization.LocalizationService
17:46:55.401 [FXGL Background Thread 2 ] DEBUG Engine               - class com.almasb.fxgl.app.services.AssetLoaderService
17:46:55.401 [FXGL Background Thread 2 ] DEBUG Engine               - class com.almasb.fxgl.app.services.SystemBundleService
17:46:55.401 [FXGL Background Thread 2 ] DEBUG Engine               - class com.almasb.fxgl.profile.SaveLoadService
17:46:55.401 [FXGL Background Thread 2 ] DEBUG Engine               - class com.almasb.fxgl.ui.FXGLUIFactoryServiceProvider
17:46:55.401 [FXGL Background Thread 2 ] DEBUG Engine               - class com.almasb.fxgl.ui.FXGLDialogFactoryServiceProvider
17:46:55.401 [FXGL Background Thread 2 ] DEBUG Engine               - class com.almasb.fxgl.audio.AudioPlayer
17:46:55.401 [FXGL Background Thread 2 ] DEBUG Engine               - class com.almasb.fxgl.notification.impl.NotificationServiceProvider
17:46:55.401 [FXGL Background Thread 2 ] DEBUG Engine               - class com.almasb.fxgl.achievement.AchievementService
17:46:55.401 [FXGL Background Thread 2 ] DEBUG Engine               - class com.almasb.fxgl.cutscene.CutsceneService
17:46:55.402 [FXGL Background Thread 2 ] DEBUG Engine               - class com.almasb.fxgl.minigames.MiniGameService
17:46:55.402 [FXGL Background Thread 2 ] DEBUG Engine               - class com.almasb.fxgl.net.NetService
17:46:55.402 [FXGL Background Thread 2 ] DEBUG Engine               - class com.almasb.fxgl.app.services.UpdaterService
17:46:56.944 [JavaFX Application Thread] DEBUG AssetLoaderService   - Loading from cache: /assets/textures/smallasteroid.png
17:46:56.945 [JavaFX Application Thread] DEBUG AssetLoaderService   - Loading from cache: /assets/textures/smallasteroid.png
17:46:59.032 [JavaFX Application Thread] DEBUG AssetLoaderService   - Loading from cache: /assets/textures/smallasteroid.png
17:46:59.033 [JavaFX Application Thread] DEBUG AssetLoaderService   - Loading from cache: /assets/textures/smallasteroid.png
17:47:01.120 [JavaFX Application Thread] DEBUG AssetLoaderService   - Loading from cache: /assets/textures/smallasteroid.png
17:47:01.121 [JavaFX Application Thread] DEBUG AssetLoaderService   - Loading from cache: /assets/textures/smallasteroid.png
17:47:03.213 [JavaFX Application Thread] DEBUG AssetLoaderService   - Loading from cache: /assets/textures/smallasteroid.png
17:47:03.214 [JavaFX Application Thread] DEBUG AssetLoaderService   - Loading from cache: /assets/textures/smallasteroid.png
17:47:05.303 [JavaFX Application Thread] DEBUG AssetLoaderService   - Loading from cache: /assets/textures/smallasteroid.png
17:47:05.304 [JavaFX Application Thread] DEBUG AssetLoaderService   - Loading from cache: /assets/textures/smallasteroid.png
17:47:07.392 [JavaFX Application Thread] DEBUG AssetLoaderService   - Loading from cache: /assets/textures/smallasteroid.png
17:47:07.392 [JavaFX Application Thread] DEBUG AssetLoaderService   - Loading from cache: /assets/textures/smallasteroid.png
17:47:09.483 [JavaFX Application Thread] DEBUG AssetLoaderService   - Loading from cache: /assets/textures/smallasteroid.png
17:47:09.484 [JavaFX Application Thread] DEBUG AssetLoaderService   - Loading from cache: /assets/textures/smallasteroid.png
17:47:11.569 [JavaFX Application Thread] DEBUG AssetLoaderService   - Loading from cache: /assets/textures/smallasteroid.png
17:47:11.569 [JavaFX Application Thread] DEBUG AssetLoaderService   - Loading from cache: /assets/textures/smallasteroid.png
17:47:13.664 [JavaFX Application Thread] DEBUG AssetLoaderService   - Loading from cache: /assets/textures/smallasteroid.png
17:47:13.665 [JavaFX Application Thread] DEBUG AssetLoaderService   - Loading from cache: /assets/textures/smallasteroid.png
17:47:15.754 [JavaFX Application Thread] DEBUG AssetLoaderService   - Loading from cache: /assets/textures/smallasteroid.png
17:47:15.755 [JavaFX Application Thread] DEBUG AssetLoaderService   - Loading from cache: /assets/textures/smallasteroid.png
17:47:17.840 [JavaFX Application Thread] DEBUG AssetLoaderService   - Loading from cache: /assets/textures/smallasteroid.png
17:47:17.840 [JavaFX Application Thread] DEBUG AssetLoaderService   - Loading from cache: /assets/textures/smallasteroid.png
17:47:19.934 [JavaFX Application Thread] DEBUG AssetLoaderService   - Loading from cache: /assets/textures/smallasteroid.png
17:47:19.935 [JavaFX Application Thread] DEBUG AssetLoaderService   - Loading from cache: /assets/textures/smallasteroid.png
17:47:22.025 [JavaFX Application Thread] DEBUG AssetLoaderService   - Loading from cache: /assets/textures/smallasteroid.png
17:47:22.025 [JavaFX Application Thread] DEBUG AssetLoaderService   - Loading from cache: /assets/textures/smallasteroid.png
17:47:22.843 [JavaFX Application Thread] DEBUG GameApplication      - Exiting FXGL
17:47:22.843 [JavaFX Application Thread] DEBUG LoopRunner           - Stopping loop
17:47:22.843 [JavaFX Application Thread] DEBUG SystemBundleService  - Saving FXGL system data
17:47:22.844 [JavaFX Application Thread] DEBUG FileSystemAccess     - Writing to: C:\Users\dakot\IdeaProjects\350FXGLjavagame\system\fxgl.bundle
17:47:22.845 [JavaFX Application Thread] DEBUG GameApplication      - Shutting down background threads
17:47:22.845 [JavaFX Application Thread] DEBUG GameApplication      - Closing logger and exiting JavaFX
