15:34:04.976 [main                     ] DEBUG GameApplication      - Logger initialized
15:34:04.987 [main                     ] DEBUG GameApplication      - Logging settings
Title: Space Game
Version: 0.1
Width: 2000
Height: 1000
Fullscreen: false
Intro: false
Menus: false
Profiling: false
Single step:false
App Mode: DEVELOPER
Menu Key: ESCAPE
Stage Style: DECORATED
Scene Factory: class com.almasb.fxgl.app.scene.SceneFactory

15:34:05.453 [JavaFX Application Thread] DEBUG GameApplication      - Initializing FXGL
15:34:05.459 [JavaFX Application Thread] INFO  Engine               - FXGL-11.8 (08.03.2020 09.09) on WINDOWS (J:11.0.8 FX:13.0.2)
15:34:05.459 [JavaFX Application Thread] INFO  Engine               - Source code and latest versions at: https://github.com/AlmasB/FXGL
15:34:05.459 [JavaFX Application Thread] INFO  Engine               -              Join the FXGL chat at: https://gitter.im/AlmasB/FXGL
15:34:05.540 [JavaFX Application Thread] DEBUG MainWindow           - Creating a JavaFX scene
15:34:05.540 [JavaFX Application Thread] DEBUG MainWindow           - Target size > screen size
15:34:05.582 [JavaFX Application Thread] DEBUG MainWindow           - Target settings size: 2000.0 x 1000.0
15:34:05.583 [JavaFX Application Thread] DEBUG MainWindow           - Scaled scene size:    1895.0 x 960.0
15:34:05.583 [JavaFX Application Thread] DEBUG MainWindow           - Scaled ratio: (0.9475, 0.96)
15:34:05.584 [JavaFX Application Thread] DEBUG MainWindow           - Set initial scene to FXGLStartupScene
15:34:05.588 [JavaFX Application Thread] DEBUG MainWindow           - Opening main window
15:34:05.647 [JavaFX Application Thread] DEBUG MainWindow           - Window border size: (16.0, 39.0)
15:34:05.647 [JavaFX Application Thread] DEBUG MainWindow           - Scaled size: 1895.0 x 960.0
15:34:05.647 [JavaFX Application Thread] DEBUG MainWindow           - Scaled ratio: (0.9475, 0.96)
15:34:05.648 [JavaFX Application Thread] DEBUG MainWindow           - Scene size: 1895.0 x 960.0
15:34:05.648 [JavaFX Application Thread] DEBUG MainWindow           - Stage size: 1911.0 x 999.0
15:34:05.652 [FXGL Background Thread 1 ] DEBUG Engine               - Initializing environment variables
15:34:05.670 [FXGL Background Thread 1 ] DEBUG WindowService        - Applying CSS: fxgl_dark.css
15:34:05.670 [FXGL Background Thread 1 ] DEBUG AssetLoaderService   - Loading from file system: /assets/ui/css/fxgl_dark.css
15:34:05.698 [FXGL Background Thread 1 ] DEBUG WindowService        - Initializing application scenes
15:34:05.728 [FXGL Background Thread 1 ] DEBUG GameWorld            - Game world initialized
15:34:05.751 [FXGL Background Thread 1 ] DEBUG PhysicsWorld         - Physics world initialized: appHeight=1000, physics.ppm=50.0
15:34:05.753 [FXGL Background Thread 1 ] DEBUG GameScene            - Game scene initialized: 2000x1000
15:34:05.758 [FXGL Background Thread 1 ] DEBUG Input                - Registered new binding: Resume - Esc
15:34:05.762 [FXGL Background Thread 1 ] DEBUG AssetLoaderService   - Loading from file system: /assets/textures/pause_menu_bg.png
15:34:05.795 [FXGL Background Thread 1 ] DEBUG Input                - Registered new binding: Pause - Esc
15:34:05.796 [FXGL Background Thread 1 ] DEBUG WindowService        - Application scenes initialized
15:34:05.802 [FXGL Background Thread 1 ] DEBUG SystemBundleService  - Loading FXGL system data
15:34:05.804 [FXGL Background Thread 1 ] DEBUG FileSystemAccess     - Reading from: C:\Users\xxdee\IdeaProjects\350FXGLjavagame\system\fxgl.bundle
15:34:05.807 [FXGL Background Thread 1 ] DEBUG SystemBundleService  - Bundle FXGL: {}
15:34:05.807 [FXGL Background Thread 1 ] INFO  Engine               - FXGL initialization took: 0.154 sec
15:34:05.808 [FXGL Background Thread 1 ] DEBUG GameApplication      - Loading localizations
15:34:05.808 [FXGL Background Thread 1 ] DEBUG AssetLoaderService   - Loading from file system: /assets/properties/languages/english.properties
15:34:05.809 [FXGL Background Thread 1 ] DEBUG AssetLoaderService   - Loading from file system: /assets/properties/languages/french.properties
15:34:05.810 [FXGL Background Thread 1 ] DEBUG AssetLoaderService   - Loading from file system: /assets/properties/languages/german.properties
15:34:05.811 [FXGL Background Thread 1 ] DEBUG AssetLoaderService   - Loading from file system: /assets/properties/languages/hungarian.properties
15:34:05.812 [FXGL Background Thread 1 ] DEBUG AssetLoaderService   - Loading from file system: /assets/properties/languages/russian.properties
15:34:05.812 [FXGL Background Thread 1 ] DEBUG GameApplication      - Registering font factories with UI factory
15:34:05.813 [FXGL Background Thread 1 ] DEBUG AssetLoaderService   - Loading from file system: /assets/ui/fonts/VarelaRound-Regular.ttf
15:34:05.979 [FXGL Background Thread 1 ] DEBUG AssetLoaderService   - Loading from file system: /assets/ui/fonts/Abel-Regular.ttf
15:34:05.981 [FXGL Background Thread 1 ] DEBUG AssetLoaderService   - Loading from file system: /assets/ui/fonts/lucida_console.ttf
15:34:05.984 [FXGL Background Thread 1 ] DEBUG AssetLoaderService   - Loading from file system: /assets/ui/fonts/Courier-Prime.ttf
15:34:05.987 [JavaFX Application Thread] DEBUG AssetLoaderService   - Loading from file system: /assets/textures/fxgl_icon.png
15:34:06.000 [JavaFX Application Thread] DEBUG AssetLoaderService   - Loading from file system: /assets/ui/cursors/fxgl_default.png
15:34:06.001 [JavaFX Application Thread] DEBUG Input                - Registered new binding: Screenshot - P
15:34:06.001 [JavaFX Application Thread] DEBUG Input                - Registered new binding: System info dump - CTRL+9
15:34:06.002 [JavaFX Application Thread] DEBUG Input                - Registered new binding: Restart - CTRL+R
15:34:06.002 [JavaFX Application Thread] DEBUG LoopRunner           - Starting loop
15:34:06.018 [JavaFX Application Thread] DEBUG FXGLStartupScene     - STARTUP
15:34:06.018 [JavaFX Application Thread] DEBUG WindowService        - Starting new game
15:34:06.020 [JavaFX Application Thread] DEBUG Input                - Clearing active input actions
15:34:06.026 [JavaFX Application Thread] DEBUG WindowService        - Removing overlay from FXGLStartupScene and adding to FXGLLoadingScene
15:34:06.026 [JavaFX Application Thread] DEBUG MainWindow           - FXGLStartupScene -> FXGLLoadingScene
15:34:06.026 [JavaFX Application Thread] DEBUG WindowService        - Clearing previous game
15:34:06.026 [JavaFX Application Thread] DEBUG GameScene            - Clearing game scene
15:34:06.026 [JavaFX Application Thread] DEBUG GameWorld            - Clearing game world
15:34:06.026 [JavaFX Application Thread] DEBUG PhysicsWorld         - Clearing physics world
15:34:06.027 [FXGL Background Thread 1 ] DEBUG GameApplication      - Initializing game
15:34:06.033 [FXGL Background Thread 1 ] DEBUG AssetLoaderService   - Loading from file system: /assets/textures/spaceship.png
15:34:06.037 [FXGL Background Thread 1 ] INFO  GameApplication      - Game initialization took: 0.010 sec
15:34:06.050 [JavaFX Application Thread] DEBUG Input                - Clearing active input actions
15:34:06.057 [JavaFX Application Thread] DEBUG WindowService        - Removing overlay from FXGLLoadingScene and adding to GameScene
15:34:06.057 [JavaFX Application Thread] DEBUG MainWindow           - FXGLLoadingScene -> GameScene
15:34:08.808 [FXGL Background Thread 2 ] DEBUG Engine               - Logging environment variables
15:34:08.808 [FXGL Background Thread 2 ] DEBUG Engine               - achievements: []
15:34:08.808 [FXGL Background Thread 2 ] DEBUG Engine               - language: ObjectProperty [value: ENGLISH]
15:34:08.808 [FXGL Background Thread 2 ] DEBUG Engine               - isCloseConfirmation: false
15:34:08.808 [FXGL Background Thread 2 ] DEBUG Engine               - isProfilingEnabled: false
15:34:08.808 [FXGL Background Thread 2 ] DEBUG Engine               - soundNotification: core/notification.wav
15:34:08.809 [FXGL Background Thread 2 ] DEBUG Engine               - devShowBBoxProperty: BooleanProperty [value: false]
15:34:08.809 [FXGL Background Thread 2 ] DEBUG Engine               - pixelsPerMeter: 50.0
15:34:08.809 [FXGL Background Thread 2 ] DEBUG Engine               - soundMenuBack: menu/back.wav
15:34:08.809 [FXGL Background Thread 2 ] DEBUG Engine               - appIcon: fxgl_icon.png
15:34:08.809 [FXGL Background Thread 2 ] DEBUG Engine               - isFullScreenAllowed: false
15:34:08.809 [FXGL Background Thread 2 ] DEBUG Engine               - isIntroEnabled: false
15:34:08.809 [FXGL Background Thread 2 ] DEBUG Engine               - fontMono: lucida_console.ttf
15:34:08.809 [FXGL Background Thread 2 ] DEBUG Engine               - soundMenuSelect: menu/select.wav
15:34:08.809 [FXGL Background Thread 2 ] DEBUG Engine               - isWindows: true
15:34:08.809 [FXGL Background Thread 2 ] DEBUG Engine               - isMobile: false
15:34:08.809 [FXGL Background Thread 2 ] DEBUG Engine               - isUserProfileEnabled: false
15:34:08.809 [FXGL Background Thread 2 ] DEBUG Engine               - height: 1000
15:34:08.809 [FXGL Background Thread 2 ] DEBUG Engine               - isExperimentalNative: false
15:34:08.809 [FXGL Background Thread 2 ] DEBUG Engine               - settings: Title: Space Game
Version: 0.1
Width: 2000
Height: 1000
Fullscreen: false
Intro: false
Menus: false
Profiling: false
Single step:false
App Mode: DEVELOPER
Menu Key: ESCAPE
Stage Style: DECORATED
Scene Factory: class com.almasb.fxgl.app.scene.SceneFactory

15:34:08.809 [FXGL Background Thread 2 ] DEBUG Engine               - isSingleStep: false
15:34:08.809 [FXGL Background Thread 2 ] DEBUG Engine               - cSSList: [fxgl_dark.css]
15:34:08.809 [FXGL Background Thread 2 ] DEBUG Engine               - fontGame: Abel-Regular.ttf
15:34:08.809 [FXGL Background Thread 2 ] DEBUG Engine               - menuKey: ESCAPE
15:34:08.809 [FXGL Background Thread 2 ] DEBUG Engine               - devShowPositionProperty: BooleanProperty [value: false]
15:34:08.809 [FXGL Background Thread 2 ] DEBUG Engine               - versionCheckDays: 7
15:34:08.809 [FXGL Background Thread 2 ] DEBUG Engine               - configClass: Optional.empty
15:34:08.809 [FXGL Background Thread 2 ] DEBUG Engine               - isFullScreenFromStart: false
15:34:08.810 [FXGL Background Thread 2 ] DEBUG Engine               - version: 0.1
15:34:08.810 [FXGL Background Thread 2 ] DEBUG Engine               - fullScreen: BooleanProperty [value: false]
15:34:08.810 [FXGL Background Thread 2 ] DEBUG Engine               - randomSeed: -1
15:34:08.810 [FXGL Background Thread 2 ] DEBUG Engine               - gameDifficultyProperty: ObjectProperty [value: MEDIUM]
15:34:08.810 [FXGL Background Thread 2 ] DEBUG Engine               - applicationMode: DEVELOPER
15:34:08.810 [FXGL Background Thread 2 ] DEBUG Engine               - isMac: false
15:34:08.810 [FXGL Background Thread 2 ] DEBUG Engine               - isMenuEnabled: false
15:34:08.810 [FXGL Background Thread 2 ] DEBUG Engine               - profileName: StringProperty [value: DEFAULT]
15:34:08.810 [FXGL Background Thread 2 ] DEBUG Engine               - urlPOM: https://raw.githubusercontent.com/AlmasB/FXGL/master/pom.xml
15:34:08.810 [FXGL Background Thread 2 ] DEBUG Engine               - notificationViewClass: class com.almasb.fxgl.notification.view.XboxNotificationView
15:34:08.810 [FXGL Background Thread 2 ] DEBUG Engine               - devSensorColorProperty: ObjectProperty [value: 0xffff00ff]
15:34:08.810 [FXGL Background Thread 2 ] DEBUG Engine               - sceneFactory: com.almasb.fxgl.app.scene.SceneFactory@1b47522b
15:34:08.810 [FXGL Background Thread 2 ] DEBUG Engine               - stageStyle: DECORATED
15:34:08.810 [FXGL Background Thread 2 ] DEBUG Engine               - isManualResizeEnabled: false
15:34:08.810 [FXGL Background Thread 2 ] DEBUG Engine               - title: Space Game
15:34:08.810 [FXGL Background Thread 2 ] DEBUG Engine               - platform: WINDOWS
15:34:08.810 [FXGL Background Thread 2 ] DEBUG Engine               - devBBoxColorProperty: ObjectProperty [value: 0xff0000ff]
15:34:08.810 [FXGL Background Thread 2 ] DEBUG Engine               - gameDifficulty: MEDIUM
15:34:08.810 [FXGL Background Thread 2 ] DEBUG Engine               - isDesktop: true
15:34:08.811 [FXGL Background Thread 2 ] DEBUG Engine               - supportedLanguages: [ENGLISH, FRENCH, GERMAN, HUNGARIAN, RUSSIAN]
15:34:08.811 [FXGL Background Thread 2 ] DEBUG Engine               - credits: []
15:34:08.811 [FXGL Background Thread 2 ] DEBUG Engine               - globalMusicVolumeProperty: DoubleProperty [value: 0.5]
15:34:08.811 [FXGL Background Thread 2 ] DEBUG Engine               - isPreserveResizeRatio: false
15:34:08.811 [FXGL Background Thread 2 ] DEBUG Engine               - fontText: Courier-Prime.ttf
15:34:08.811 [FXGL Background Thread 2 ] DEBUG Engine               - isExperimentalTiledLargeMap: false
15:34:08.811 [FXGL Background Thread 2 ] DEBUG Engine               - secondsIn24h: 60
15:34:08.811 [FXGL Background Thread 2 ] DEBUG Engine               - runtimeInfo: RuntimeInfo(platform=WINDOWS, version=11.8, build=08.03.2020 09.09)
15:34:08.811 [FXGL Background Thread 2 ] DEBUG Engine               - isLinux: false
15:34:08.811 [FXGL Background Thread 2 ] DEBUG Engine               - soundMenuPress: menu/press.wav
15:34:08.811 [FXGL Background Thread 2 ] DEBUG Engine               - urlGithub: https://github.com/AlmasB/FXGL
15:34:08.811 [FXGL Background Thread 2 ] DEBUG Engine               - profileDir: profiles/
15:34:08.811 [FXGL Background Thread 2 ] DEBUG Engine               - isDeveloperMenuEnabled: false
15:34:08.811 [FXGL Background Thread 2 ] DEBUG Engine               - globalSoundVolumeProperty: DoubleProperty [value: 0.5]
15:34:08.811 [FXGL Background Thread 2 ] DEBUG Engine               - mainWindow: com.almasb.fxgl.app.MainWindow@1f78d59b
15:34:08.812 [FXGL Background Thread 2 ] DEBUG Engine               - isBrowser: false
15:34:08.812 [FXGL Background Thread 2 ] DEBUG Engine               - urlLeaderboard: http://fxgl-top.herokuapp.com/
15:34:08.812 [FXGL Background Thread 2 ] DEBUG Engine               - globalSoundVolume: 0.5
15:34:08.812 [FXGL Background Thread 2 ] DEBUG Engine               - engineServices: [class com.almasb.fxgl.app.GameApplication$GameApplicationService, class com.almasb.fxgl.app.services.WindowService, class com.almasb.fxgl.app.services.FXGLDialogService, class com.almasb.fxgl.app.services.IOTaskExecutorService, class com.almasb.fxgl.event.EventBusService, class com.almasb.fxgl.io.FileSystemService, class com.almasb.fxgl.localization.LocalizationService, class com.almasb.fxgl.app.services.AssetLoaderService, class com.almasb.fxgl.app.services.SystemBundleService, class com.almasb.fxgl.profile.SaveLoadService, class com.almasb.fxgl.ui.FXGLUIFactoryServiceProvider, class com.almasb.fxgl.ui.FXGLDialogFactoryServiceProvider, class com.almasb.fxgl.audio.AudioPlayer, class com.almasb.fxgl.notification.impl.NotificationServiceProvider, class com.almasb.fxgl.achievement.AchievementService, class com.almasb.fxgl.cutscene.CutsceneService, class com.almasb.fxgl.minigames.MiniGameService, class com.almasb.fxgl.net.NetService, class com.almasb.fxgl.app.services.UpdaterService]
15:34:08.812 [FXGL Background Thread 2 ] DEBUG Engine               - globalMusicVolume: 0.5
15:34:08.812 [FXGL Background Thread 2 ] DEBUG Engine               - width: 2000
15:34:08.812 [FXGL Background Thread 2 ] DEBUG Engine               - saveFileExt: sav
15:34:08.812 [FXGL Background Thread 2 ] DEBUG Engine               - isAndroid: false
15:34:08.812 [FXGL Background Thread 2 ] DEBUG Engine               - fontUI: VarelaRound-Regular.ttf
15:34:08.812 [FXGL Background Thread 2 ] DEBUG Engine               - enabledMenuItems: []
15:34:08.812 [FXGL Background Thread 2 ] DEBUG Engine               - isIOS: false
15:34:08.812 [FXGL Background Thread 2 ] DEBUG Engine               - Logging services
15:34:08.812 [FXGL Background Thread 2 ] DEBUG Engine               - class com.almasb.fxgl.app.GameApplication$GameApplicationService
15:34:08.812 [FXGL Background Thread 2 ] DEBUG Engine               - class com.almasb.fxgl.app.services.WindowService
15:34:08.812 [FXGL Background Thread 2 ] DEBUG Engine               - class com.almasb.fxgl.app.services.FXGLDialogService
15:34:08.812 [FXGL Background Thread 2 ] DEBUG Engine               - class com.almasb.fxgl.app.services.IOTaskExecutorService
15:34:08.812 [FXGL Background Thread 2 ] DEBUG Engine               - class com.almasb.fxgl.event.EventBusService
15:34:08.812 [FXGL Background Thread 2 ] DEBUG Engine               - class com.almasb.fxgl.io.FileSystemService
15:34:08.812 [FXGL Background Thread 2 ] DEBUG Engine               - class com.almasb.fxgl.localization.LocalizationService
15:34:08.812 [FXGL Background Thread 2 ] DEBUG Engine               - class com.almasb.fxgl.app.services.AssetLoaderService
15:34:08.812 [FXGL Background Thread 2 ] DEBUG Engine               - class com.almasb.fxgl.app.services.SystemBundleService
15:34:08.812 [FXGL Background Thread 2 ] DEBUG Engine               - class com.almasb.fxgl.profile.SaveLoadService
15:34:08.812 [FXGL Background Thread 2 ] DEBUG Engine               - class com.almasb.fxgl.ui.FXGLUIFactoryServiceProvider
15:34:08.812 [FXGL Background Thread 2 ] DEBUG Engine               - class com.almasb.fxgl.ui.FXGLDialogFactoryServiceProvider
15:34:08.813 [FXGL Background Thread 2 ] DEBUG Engine               - class com.almasb.fxgl.audio.AudioPlayer
15:34:08.813 [FXGL Background Thread 2 ] DEBUG Engine               - class com.almasb.fxgl.notification.impl.NotificationServiceProvider
15:34:08.813 [FXGL Background Thread 2 ] DEBUG Engine               - class com.almasb.fxgl.achievement.AchievementService
15:34:08.813 [FXGL Background Thread 2 ] DEBUG Engine               - class com.almasb.fxgl.cutscene.CutsceneService
15:34:08.813 [FXGL Background Thread 2 ] DEBUG Engine               - class com.almasb.fxgl.minigames.MiniGameService
15:34:08.813 [FXGL Background Thread 2 ] DEBUG Engine               - class com.almasb.fxgl.net.NetService
15:34:08.813 [FXGL Background Thread 2 ] DEBUG Engine               - class com.almasb.fxgl.app.services.UpdaterService
15:34:10.209 [JavaFX Application Thread] DEBUG GameApplication      - Exiting FXGL
15:34:10.209 [JavaFX Application Thread] DEBUG LoopRunner           - Stopping loop
15:34:10.209 [JavaFX Application Thread] DEBUG SystemBundleService  - Saving FXGL system data
15:34:10.210 [JavaFX Application Thread] DEBUG FileSystemAccess     - Writing to: C:\Users\xxdee\IdeaProjects\350FXGLjavagame\system\fxgl.bundle
15:34:10.212 [JavaFX Application Thread] DEBUG GameApplication      - Shutting down background threads
15:34:10.212 [JavaFX Application Thread] DEBUG GameApplication      - Closing logger and exiting JavaFX
