19:25:33.471 [main                     ] DEBUG GameApplication      - Logger initialized
19:25:33.483 [main                     ] DEBUG GameApplication      - Logging settings
Title: Space Game
Version: 0.1
Width: 2000
Height: 1000
Fullscreen: false
Intro: false
Menus: false
Profiling: false
Single step:false
App Mode: DEVELOPER
Menu Key: ESCAPE
Stage Style: DECORATED
Scene Factory: class com.almasb.fxgl.app.scene.SceneFactory

19:25:33.788 [JavaFX Application Thread] DEBUG GameApplication      - Initializing FXGL
19:25:33.794 [JavaFX Application Thread] INFO  Engine               - FXGL-11.8 (08.03.2020 09.09) on WINDOWS (J:11.0.8 FX:13.0.2)
19:25:33.794 [JavaFX Application Thread] INFO  Engine               - Source code and latest versions at: https://github.com/AlmasB/FXGL
19:25:33.794 [JavaFX Application Thread] INFO  Engine               -              Join the FXGL chat at: https://gitter.im/AlmasB/FXGL
19:25:33.874 [JavaFX Application Thread] DEBUG MainWindow           - Creating a JavaFX scene
19:25:33.874 [JavaFX Application Thread] DEBUG MainWindow           - Target size > screen size
19:25:33.921 [JavaFX Application Thread] DEBUG MainWindow           - Target settings size: 2000.0 x 1000.0
19:25:33.921 [JavaFX Application Thread] DEBUG MainWindow           - Scaled scene size:    1895.0 x 960.0
19:25:33.922 [JavaFX Application Thread] DEBUG MainWindow           - Scaled ratio: (0.9475, 0.96)
19:25:33.923 [JavaFX Application Thread] DEBUG MainWindow           - Set initial scene to FXGLStartupScene
19:25:33.927 [JavaFX Application Thread] DEBUG MainWindow           - Opening main window
19:25:33.988 [JavaFX Application Thread] DEBUG MainWindow           - Window border size: (16.0, 39.0)
19:25:33.988 [JavaFX Application Thread] DEBUG MainWindow           - Scaled size: 1895.0 x 960.0
19:25:33.988 [JavaFX Application Thread] DEBUG MainWindow           - Scaled ratio: (0.9475, 0.96)
19:25:33.988 [JavaFX Application Thread] DEBUG MainWindow           - Scene size: 1895.0 x 960.0
19:25:33.988 [JavaFX Application Thread] DEBUG MainWindow           - Stage size: 1911.0 x 999.0
19:25:33.993 [FXGL Background Thread 1 ] DEBUG Engine               - Initializing environment variables
19:25:34.012 [FXGL Background Thread 1 ] DEBUG WindowService        - Applying CSS: fxgl_dark.css
19:25:34.013 [FXGL Background Thread 1 ] DEBUG AssetLoaderService   - Loading from file system: /assets/ui/css/fxgl_dark.css
19:25:34.044 [FXGL Background Thread 1 ] DEBUG WindowService        - Initializing application scenes
19:25:34.070 [FXGL Background Thread 1 ] DEBUG GameWorld            - Game world initialized
19:25:34.096 [FXGL Background Thread 1 ] DEBUG PhysicsWorld         - Physics world initialized: appHeight=1000, physics.ppm=50.0
19:25:34.098 [FXGL Background Thread 1 ] DEBUG GameScene            - Game scene initialized: 2000x1000
19:25:34.104 [FXGL Background Thread 1 ] DEBUG Input                - Registered new binding: Resume - Esc
19:25:34.108 [FXGL Background Thread 1 ] DEBUG AssetLoaderService   - Loading from file system: /assets/textures/pause_menu_bg.png
19:25:34.141 [FXGL Background Thread 1 ] DEBUG Input                - Registered new binding: Pause - Esc
19:25:34.141 [FXGL Background Thread 1 ] DEBUG WindowService        - Application scenes initialized
19:25:34.147 [FXGL Background Thread 1 ] DEBUG SystemBundleService  - Loading FXGL system data
19:25:34.149 [FXGL Background Thread 1 ] DEBUG FileSystemAccess     - Reading from: C:\Users\xxdee\IdeaProjects\350FXGLjavagame\system\fxgl.bundle
19:25:34.152 [FXGL Background Thread 1 ] DEBUG SystemBundleService  - Bundle FXGL: {}
19:25:34.153 [FXGL Background Thread 1 ] INFO  Engine               - FXGL initialization took: 0.159 sec
19:25:34.153 [FXGL Background Thread 1 ] DEBUG GameApplication      - Loading localizations
19:25:34.154 [FXGL Background Thread 1 ] DEBUG AssetLoaderService   - Loading from file system: /assets/properties/languages/english.properties
19:25:34.155 [FXGL Background Thread 1 ] DEBUG AssetLoaderService   - Loading from file system: /assets/properties/languages/french.properties
19:25:34.156 [FXGL Background Thread 1 ] DEBUG AssetLoaderService   - Loading from file system: /assets/properties/languages/german.properties
19:25:34.156 [FXGL Background Thread 1 ] DEBUG AssetLoaderService   - Loading from file system: /assets/properties/languages/hungarian.properties
19:25:34.157 [FXGL Background Thread 1 ] DEBUG AssetLoaderService   - Loading from file system: /assets/properties/languages/russian.properties
19:25:34.158 [FXGL Background Thread 1 ] DEBUG GameApplication      - Registering font factories with UI factory
19:25:34.158 [FXGL Background Thread 1 ] DEBUG AssetLoaderService   - Loading from file system: /assets/ui/fonts/VarelaRound-Regular.ttf
19:25:34.325 [FXGL Background Thread 1 ] DEBUG AssetLoaderService   - Loading from file system: /assets/ui/fonts/Abel-Regular.ttf
19:25:34.328 [FXGL Background Thread 1 ] DEBUG AssetLoaderService   - Loading from file system: /assets/ui/fonts/lucida_console.ttf
19:25:34.330 [FXGL Background Thread 1 ] DEBUG AssetLoaderService   - Loading from file system: /assets/ui/fonts/Courier-Prime.ttf
19:25:34.333 [JavaFX Application Thread] DEBUG AssetLoaderService   - Loading from file system: /assets/textures/fxgl_icon.png
19:25:34.345 [JavaFX Application Thread] DEBUG AssetLoaderService   - Loading from file system: /assets/ui/cursors/fxgl_default.png
19:25:34.347 [JavaFX Application Thread] DEBUG Input                - Registered new binding: Screenshot - P
19:25:34.347 [JavaFX Application Thread] DEBUG Input                - Registered new binding: System info dump - CTRL+9
19:25:34.347 [JavaFX Application Thread] DEBUG Input                - Registered new binding: Restart - CTRL+R
19:25:34.348 [JavaFX Application Thread] DEBUG LoopRunner           - Starting loop
19:25:34.367 [JavaFX Application Thread] DEBUG FXGLStartupScene     - STARTUP
19:25:34.368 [JavaFX Application Thread] DEBUG WindowService        - Starting new game
19:25:34.369 [JavaFX Application Thread] DEBUG Input                - Clearing active input actions
19:25:34.377 [JavaFX Application Thread] DEBUG WindowService        - Removing overlay from FXGLStartupScene and adding to FXGLLoadingScene
19:25:34.377 [JavaFX Application Thread] DEBUG MainWindow           - FXGLStartupScene -> FXGLLoadingScene
19:25:34.377 [JavaFX Application Thread] DEBUG WindowService        - Clearing previous game
19:25:34.377 [JavaFX Application Thread] DEBUG GameScene            - Clearing game scene
19:25:34.377 [JavaFX Application Thread] DEBUG GameWorld            - Clearing game world
19:25:34.377 [JavaFX Application Thread] DEBUG PhysicsWorld         - Clearing physics world
19:25:34.378 [FXGL Background Thread 1 ] DEBUG GameApplication      - Initializing game
19:25:34.383 [FXGL Background Thread 1 ] DEBUG AssetLoaderService   - Loading from file system: /assets/textures/Spaceship.png
19:25:34.384 [FXGL Background Thread 1 ] WARN  AssetLoaderService   - Failed to load texture Spaceship.png Error: java.lang.IllegalArgumentException: Asset "/assets/textures/Spaceship.png" was not found!
19:25:34.429 [FXGL Background Thread 1 ] INFO  GameApplication      - Game initialization took: 0.051 sec
19:25:34.430 [JavaFX Application Thread] DEBUG Input                - Clearing active input actions
19:25:34.437 [JavaFX Application Thread] DEBUG WindowService        - Removing overlay from FXGLLoadingScene and adding to GameScene
19:25:34.437 [JavaFX Application Thread] DEBUG MainWindow           - FXGLLoadingScene -> GameScene
19:25:35.824 [JavaFX Application Thread] DEBUG GameApplication      - Exiting FXGL
19:25:35.824 [JavaFX Application Thread] DEBUG LoopRunner           - Stopping loop
19:25:35.824 [JavaFX Application Thread] DEBUG SystemBundleService  - Saving FXGL system data
19:25:35.826 [JavaFX Application Thread] DEBUG FileSystemAccess     - Writing to: C:\Users\xxdee\IdeaProjects\350FXGLjavagame\system\fxgl.bundle
19:25:35.827 [JavaFX Application Thread] DEBUG GameApplication      - Shutting down background threads
19:25:35.828 [JavaFX Application Thread] DEBUG GameApplication      - Closing logger and exiting JavaFX
