16:42:54.479 [main                     ] DEBUG GameApplication      - Logger initialized
16:42:54.492 [main                     ] DEBUG GameApplication      - Logging settings
Title: Space Game
Version: 0.2
Width: 2000
Height: 1000
Fullscreen: false
Intro: false
Menus: true
Profiling: false
Single step:false
App Mode: DEVELOPER
Menu Key: ESCAPE
Stage Style: DECORATED
Scene Factory: class com.almasb.fxgl.app.scene.SceneFactory

16:42:54.811 [JavaFX Application Thread] DEBUG GameApplication      - Initializing FXGL
16:42:54.817 [JavaFX Application Thread] INFO  Engine               - FXGL-11.8 (08.03.2020 09.09) on WINDOWS (J:11.0.8 FX:13.0.2)
16:42:54.818 [JavaFX Application Thread] INFO  Engine               - Source code and latest versions at: https://github.com/AlmasB/FXGL
16:42:54.818 [JavaFX Application Thread] INFO  Engine               -              Join the FXGL chat at: https://gitter.im/AlmasB/FXGL
16:42:54.902 [JavaFX Application Thread] DEBUG MainWindow           - Creating a JavaFX scene
16:42:54.903 [JavaFX Application Thread] DEBUG MainWindow           - Target size > screen size
16:42:54.951 [JavaFX Application Thread] DEBUG MainWindow           - Target settings size: 2000.0 x 1000.0
16:42:54.951 [JavaFX Application Thread] DEBUG MainWindow           - Scaled scene size:    1895.0 x 960.0
16:42:54.951 [JavaFX Application Thread] DEBUG MainWindow           - Scaled ratio: (0.9475, 0.96)
16:42:54.952 [JavaFX Application Thread] DEBUG MainWindow           - Set initial scene to FXGLStartupScene
16:42:54.956 [JavaFX Application Thread] DEBUG MainWindow           - Opening main window
16:42:55.020 [JavaFX Application Thread] DEBUG MainWindow           - Window border size: (16.0, 39.0)
16:42:55.020 [JavaFX Application Thread] DEBUG MainWindow           - Scaled size: 1895.0 x 960.0
16:42:55.020 [JavaFX Application Thread] DEBUG MainWindow           - Scaled ratio: (0.9475, 0.96)
16:42:55.020 [JavaFX Application Thread] DEBUG MainWindow           - Scene size: 1895.0 x 960.0
16:42:55.020 [JavaFX Application Thread] DEBUG MainWindow           - Stage size: 1911.0 x 999.0
16:42:55.026 [FXGL Background Thread 1 ] DEBUG Engine               - Initializing environment variables
16:42:55.043 [FXGL Background Thread 1 ] DEBUG WindowService        - Applying CSS: fxgl_dark.css
16:42:55.044 [FXGL Background Thread 1 ] DEBUG AssetLoaderService   - Loading from file system: /assets/ui/css/fxgl_dark.css
16:42:55.073 [FXGL Background Thread 1 ] DEBUG WindowService        - Initializing application scenes
16:42:55.101 [FXGL Background Thread 1 ] DEBUG GameWorld            - Game world initialized
16:42:55.127 [FXGL Background Thread 1 ] DEBUG PhysicsWorld         - Physics world initialized: appHeight=1000, physics.ppm=50.0
16:42:55.128 [FXGL Background Thread 1 ] DEBUG GameScene            - Game scene initialized: 2000x1000
16:42:55.146 [FXGL Background Thread 1 ] DEBUG AssetLoaderService   - Loading from file system: /assets/textures/particles/trace_horizontal.png
16:42:55.183 [FXGL Background Thread 1 ] DEBUG FXGL.DefaultMenu     - createMenuBodyMainMenu()
16:42:55.193 [FXGL Background Thread 1 ] DEBUG FXGL.DefaultMenu     - createOptionsMenu()
16:42:55.195 [FXGL Background Thread 1 ] DEBUG AssetLoaderService   - Loading from file system: /assets/textures/particles/smoke.png
16:42:55.229 [FXGL Background Thread 1 ] DEBUG AssetLoaderService   - Loading from cache: /assets/textures/particles/trace_horizontal.png@64.0x64.0
16:42:55.229 [FXGL Background Thread 1 ] DEBUG FXGL.DefaultMenu     - createMenuBodyGameMenu()
16:42:55.230 [FXGL Background Thread 1 ] DEBUG FXGL.DefaultMenu     - createOptionsMenu()
16:42:55.231 [FXGL Background Thread 1 ] DEBUG AssetLoaderService   - Loading from cache: /assets/textures/particles/smoke.png@128.0x128.0
16:42:55.238 [FXGL Background Thread 1 ] DEBUG WindowService        - Application scenes initialized
16:42:55.243 [FXGL Background Thread 1 ] DEBUG SystemBundleService  - Loading FXGL system data
16:42:55.245 [FXGL Background Thread 1 ] DEBUG FileSystemAccess     - Reading from: C:\Users\xxdee\IdeaProjects\350FXGLjavagame\system\fxgl.bundle
16:42:55.248 [FXGL Background Thread 1 ] DEBUG SystemBundleService  - Bundle FXGL: {}
16:42:55.249 [FXGL Background Thread 1 ] INFO  Engine               - FXGL initialization took: 0.222 sec
16:42:55.250 [FXGL Background Thread 1 ] DEBUG GameApplication      - Loading localizations
16:42:55.250 [FXGL Background Thread 1 ] DEBUG AssetLoaderService   - Loading from file system: /assets/properties/languages/english.properties
16:42:55.251 [FXGL Background Thread 1 ] DEBUG AssetLoaderService   - Loading from file system: /assets/properties/languages/french.properties
16:42:55.252 [FXGL Background Thread 1 ] DEBUG AssetLoaderService   - Loading from file system: /assets/properties/languages/german.properties
16:42:55.253 [FXGL Background Thread 1 ] DEBUG AssetLoaderService   - Loading from file system: /assets/properties/languages/hungarian.properties
16:42:55.254 [FXGL Background Thread 1 ] DEBUG AssetLoaderService   - Loading from file system: /assets/properties/languages/russian.properties
16:42:55.255 [FXGL Background Thread 1 ] DEBUG GameApplication      - Registering font factories with UI factory
16:42:55.255 [FXGL Background Thread 1 ] DEBUG AssetLoaderService   - Loading from file system: /assets/ui/fonts/VarelaRound-Regular.ttf
16:42:55.426 [FXGL Background Thread 1 ] DEBUG AssetLoaderService   - Loading from file system: /assets/ui/fonts/Abel-Regular.ttf
16:42:55.428 [FXGL Background Thread 1 ] DEBUG AssetLoaderService   - Loading from file system: /assets/ui/fonts/lucida_console.ttf
16:42:55.431 [FXGL Background Thread 1 ] DEBUG AssetLoaderService   - Loading from file system: /assets/ui/fonts/Courier-Prime.ttf
16:42:55.439 [JavaFX Application Thread] DEBUG Input                - Registered new binding: action0 - D
16:42:55.439 [JavaFX Application Thread] DEBUG Input                - Registered new binding: action1 - A
16:42:55.439 [JavaFX Application Thread] DEBUG Input                - Registered new binding: action2 - W
16:42:55.440 [JavaFX Application Thread] DEBUG Input                - Registered new binding: action3 - C
16:42:55.440 [JavaFX Application Thread] DEBUG Input                - Registered new binding: action4 - Left
16:42:55.440 [JavaFX Application Thread] DEBUG Input                - Registered new binding: action5 - Right
16:42:55.441 [JavaFX Application Thread] DEBUG Input                - Registered new binding: action6 - Space
16:42:55.441 [JavaFX Application Thread] DEBUG AssetLoaderService   - Loading from file system: /assets/textures/fxgl_icon.png
16:42:55.454 [JavaFX Application Thread] DEBUG AssetLoaderService   - Loading from file system: /assets/ui/cursors/fxgl_default.png
16:42:55.455 [JavaFX Application Thread] DEBUG Input                - Registered new binding: Screenshot - P
16:42:55.455 [JavaFX Application Thread] DEBUG Input                - Registered new binding: System info dump - CTRL+9
16:42:55.455 [JavaFX Application Thread] DEBUG Input                - Registered new binding: Restart - CTRL+R
16:42:55.456 [JavaFX Application Thread] DEBUG LoopRunner           - Starting loop
16:42:55.471 [JavaFX Application Thread] DEBUG FXGLStartupScene     - STARTUP
16:42:55.473 [JavaFX Application Thread] DEBUG Input                - Clearing active input actions
16:42:55.485 [JavaFX Application Thread] DEBUG WindowService        - Removing overlay from FXGLStartupScene and adding to FXGLDefaultMenu
16:42:55.485 [JavaFX Application Thread] DEBUG MainWindow           - FXGLStartupScene -> FXGLDefaultMenu
16:42:56.243 [JavaFX Application Thread] DEBUG Menu                 - fireNewGame()
16:42:56.243 [JavaFX Application Thread] DEBUG WindowService        - Starting new game
16:42:56.243 [JavaFX Application Thread] DEBUG Input                - Clearing active input actions
16:42:56.250 [JavaFX Application Thread] DEBUG WindowService        - Removing overlay from FXGLDefaultMenu and adding to FXGLLoadingScene
16:42:56.250 [JavaFX Application Thread] DEBUG MainWindow           - FXGLDefaultMenu -> FXGLLoadingScene
16:42:56.250 [JavaFX Application Thread] DEBUG WindowService        - Clearing previous game
16:42:56.250 [JavaFX Application Thread] DEBUG GameScene            - Clearing game scene
16:42:56.250 [JavaFX Application Thread] DEBUG GameWorld            - Clearing game world
16:42:56.250 [JavaFX Application Thread] DEBUG PhysicsWorld         - Clearing physics world
16:42:56.251 [FXGL Background Thread 1 ] DEBUG GameApplication      - Initializing game
16:42:56.258 [FXGL Background Thread 1 ] DEBUG AssetLoaderService   - Loading from file system: /assets/textures/spacebackground.png
16:42:56.297 [FXGL Background Thread 1 ] DEBUG AssetLoaderService   - Loading from file system: /assets/textures/smallspaceship.png
16:42:56.309 [FXGL Background Thread 1 ] INFO  GameApplication      - Game initialization took: 0.058 sec
16:42:56.310 [JavaFX Application Thread] DEBUG Input                - Clearing active input actions
16:42:56.316 [JavaFX Application Thread] DEBUG WindowService        - Removing overlay from FXGLLoadingScene and adding to GameScene
16:42:56.316 [JavaFX Application Thread] DEBUG MainWindow           - FXGLLoadingScene -> GameScene
16:42:58.250 [FXGL Background Thread 2 ] DEBUG Engine               - Logging environment variables
16:42:58.250 [FXGL Background Thread 2 ] DEBUG Engine               - achievements: []
16:42:58.250 [FXGL Background Thread 2 ] DEBUG Engine               - language: ObjectProperty [value: ENGLISH]
16:42:58.250 [FXGL Background Thread 2 ] DEBUG Engine               - isCloseConfirmation: false
16:42:58.250 [FXGL Background Thread 2 ] DEBUG Engine               - isProfilingEnabled: false
16:42:58.250 [FXGL Background Thread 2 ] DEBUG Engine               - soundNotification: core/notification.wav
16:42:58.250 [FXGL Background Thread 2 ] DEBUG Engine               - devShowBBoxProperty: BooleanProperty [value: false]
16:42:58.250 [FXGL Background Thread 2 ] DEBUG Engine               - pixelsPerMeter: 50.0
16:42:58.250 [FXGL Background Thread 2 ] DEBUG Engine               - soundMenuBack: menu/back.wav
16:42:58.250 [FXGL Background Thread 2 ] DEBUG Engine               - appIcon: fxgl_icon.png
16:42:58.250 [FXGL Background Thread 2 ] DEBUG Engine               - isFullScreenAllowed: false
16:42:58.250 [FXGL Background Thread 2 ] DEBUG Engine               - isIntroEnabled: false
16:42:58.250 [FXGL Background Thread 2 ] DEBUG Engine               - fontMono: lucida_console.ttf
16:42:58.250 [FXGL Background Thread 2 ] DEBUG Engine               - soundMenuSelect: menu/select.wav
16:42:58.250 [FXGL Background Thread 2 ] DEBUG Engine               - isWindows: true
16:42:58.250 [FXGL Background Thread 2 ] DEBUG Engine               - isMobile: false
16:42:58.250 [FXGL Background Thread 2 ] DEBUG Engine               - isUserProfileEnabled: false
16:42:58.250 [FXGL Background Thread 2 ] DEBUG Engine               - height: 1000
16:42:58.250 [FXGL Background Thread 2 ] DEBUG Engine               - isExperimentalNative: false
16:42:58.250 [FXGL Background Thread 2 ] DEBUG Engine               - settings: Title: Space Game
Version: 0.2
Width: 2000
Height: 1000
Fullscreen: false
Intro: false
Menus: true
Profiling: false
Single step:false
App Mode: DEVELOPER
Menu Key: ESCAPE
Stage Style: DECORATED
Scene Factory: class com.almasb.fxgl.app.scene.SceneFactory

16:42:58.251 [FXGL Background Thread 2 ] DEBUG Engine               - cSSList: [fxgl_dark.css]
16:42:58.251 [FXGL Background Thread 2 ] DEBUG Engine               - isSingleStep: false
16:42:58.251 [FXGL Background Thread 2 ] DEBUG Engine               - fontGame: Abel-Regular.ttf
16:42:58.251 [FXGL Background Thread 2 ] DEBUG Engine               - menuKey: ESCAPE
16:42:58.251 [FXGL Background Thread 2 ] DEBUG Engine               - devShowPositionProperty: BooleanProperty [value: false]
16:42:58.251 [FXGL Background Thread 2 ] DEBUG Engine               - versionCheckDays: 7
16:42:58.251 [FXGL Background Thread 2 ] DEBUG Engine               - configClass: Optional.empty
16:42:58.251 [FXGL Background Thread 2 ] DEBUG Engine               - isFullScreenFromStart: false
16:42:58.251 [FXGL Background Thread 2 ] DEBUG Engine               - version: 0.2
16:42:58.251 [FXGL Background Thread 2 ] DEBUG Engine               - fullScreen: BooleanProperty [value: false]
16:42:58.251 [FXGL Background Thread 2 ] DEBUG Engine               - randomSeed: -1
16:42:58.251 [FXGL Background Thread 2 ] DEBUG Engine               - gameDifficultyProperty: ObjectProperty [value: MEDIUM]
16:42:58.251 [FXGL Background Thread 2 ] DEBUG Engine               - applicationMode: DEVELOPER
16:42:58.251 [FXGL Background Thread 2 ] DEBUG Engine               - isMac: false
16:42:58.251 [FXGL Background Thread 2 ] DEBUG Engine               - isMenuEnabled: true
16:42:58.251 [FXGL Background Thread 2 ] DEBUG Engine               - urlPOM: https://raw.githubusercontent.com/AlmasB/FXGL/master/pom.xml
16:42:58.251 [FXGL Background Thread 2 ] DEBUG Engine               - profileName: StringProperty [value: DEFAULT]
16:42:58.251 [FXGL Background Thread 2 ] DEBUG Engine               - notificationViewClass: class com.almasb.fxgl.notification.view.XboxNotificationView
16:42:58.251 [FXGL Background Thread 2 ] DEBUG Engine               - devSensorColorProperty: ObjectProperty [value: 0xffff00ff]
16:42:58.251 [FXGL Background Thread 2 ] DEBUG Engine               - sceneFactory: com.almasb.fxgl.app.scene.SceneFactory@49a97364
16:42:58.251 [FXGL Background Thread 2 ] DEBUG Engine               - stageStyle: DECORATED
16:42:58.251 [FXGL Background Thread 2 ] DEBUG Engine               - isManualResizeEnabled: false
16:42:58.251 [FXGL Background Thread 2 ] DEBUG Engine               - title: Space Game
16:42:58.252 [FXGL Background Thread 2 ] DEBUG Engine               - platform: WINDOWS
16:42:58.252 [FXGL Background Thread 2 ] DEBUG Engine               - devBBoxColorProperty: ObjectProperty [value: 0xff0000ff]
16:42:58.252 [FXGL Background Thread 2 ] DEBUG Engine               - gameDifficulty: MEDIUM
16:42:58.252 [FXGL Background Thread 2 ] DEBUG Engine               - isDesktop: true
16:42:58.252 [FXGL Background Thread 2 ] DEBUG Engine               - supportedLanguages: [ENGLISH, FRENCH, GERMAN, HUNGARIAN, RUSSIAN]
16:42:58.252 [FXGL Background Thread 2 ] DEBUG Engine               - credits: []
16:42:58.252 [FXGL Background Thread 2 ] DEBUG Engine               - globalMusicVolumeProperty: DoubleProperty [value: 0.5]
16:42:58.252 [FXGL Background Thread 2 ] DEBUG Engine               - isPreserveResizeRatio: false
16:42:58.252 [FXGL Background Thread 2 ] DEBUG Engine               - fontText: Courier-Prime.ttf
16:42:58.252 [FXGL Background Thread 2 ] DEBUG Engine               - isExperimentalTiledLargeMap: false
16:42:58.252 [FXGL Background Thread 2 ] DEBUG Engine               - secondsIn24h: 60
16:42:58.252 [FXGL Background Thread 2 ] DEBUG Engine               - runtimeInfo: RuntimeInfo(platform=WINDOWS, version=11.8, build=08.03.2020 09.09)
16:42:58.252 [FXGL Background Thread 2 ] DEBUG Engine               - isLinux: false
16:42:58.252 [FXGL Background Thread 2 ] DEBUG Engine               - soundMenuPress: menu/press.wav
16:42:58.252 [FXGL Background Thread 2 ] DEBUG Engine               - urlGithub: https://github.com/AlmasB/FXGL
16:42:58.252 [FXGL Background Thread 2 ] DEBUG Engine               - profileDir: profiles/
16:42:58.252 [FXGL Background Thread 2 ] DEBUG Engine               - isDeveloperMenuEnabled: false
16:42:58.252 [FXGL Background Thread 2 ] DEBUG Engine               - globalSoundVolumeProperty: DoubleProperty [value: 0.5]
16:42:58.252 [FXGL Background Thread 2 ] DEBUG Engine               - mainWindow: com.almasb.fxgl.app.MainWindow@4d96fe89
16:42:58.252 [FXGL Background Thread 2 ] DEBUG Engine               - isBrowser: false
16:42:58.252 [FXGL Background Thread 2 ] DEBUG Engine               - urlLeaderboard: http://fxgl-top.herokuapp.com/
16:42:58.252 [FXGL Background Thread 2 ] DEBUG Engine               - globalSoundVolume: 0.5
16:42:58.252 [FXGL Background Thread 2 ] DEBUG Engine               - engineServices: [class com.almasb.fxgl.app.GameApplication$GameApplicationService, class com.almasb.fxgl.app.services.WindowService, class com.almasb.fxgl.app.services.FXGLDialogService, class com.almasb.fxgl.app.services.IOTaskExecutorService, class com.almasb.fxgl.event.EventBusService, class com.almasb.fxgl.io.FileSystemService, class com.almasb.fxgl.localization.LocalizationService, class com.almasb.fxgl.app.services.AssetLoaderService, class com.almasb.fxgl.app.services.SystemBundleService, class com.almasb.fxgl.profile.SaveLoadService, class com.almasb.fxgl.ui.FXGLUIFactoryServiceProvider, class com.almasb.fxgl.ui.FXGLDialogFactoryServiceProvider, class com.almasb.fxgl.audio.AudioPlayer, class com.almasb.fxgl.notification.impl.NotificationServiceProvider, class com.almasb.fxgl.achievement.AchievementService, class com.almasb.fxgl.cutscene.CutsceneService, class com.almasb.fxgl.minigames.MiniGameService, class com.almasb.fxgl.net.NetService, class com.almasb.fxgl.app.services.UpdaterService]
16:42:58.253 [FXGL Background Thread 2 ] DEBUG Engine               - globalMusicVolume: 0.5
16:42:58.253 [FXGL Background Thread 2 ] DEBUG Engine               - width: 2000
16:42:58.253 [FXGL Background Thread 2 ] DEBUG Engine               - saveFileExt: sav
16:42:58.253 [FXGL Background Thread 2 ] DEBUG Engine               - isAndroid: false
16:42:58.253 [FXGL Background Thread 2 ] DEBUG Engine               - fontUI: VarelaRound-Regular.ttf
16:42:58.253 [FXGL Background Thread 2 ] DEBUG Engine               - enabledMenuItems: []
16:42:58.253 [FXGL Background Thread 2 ] DEBUG Engine               - isIOS: false
16:42:58.253 [FXGL Background Thread 2 ] DEBUG Engine               - Logging services
16:42:58.253 [FXGL Background Thread 2 ] DEBUG Engine               - class com.almasb.fxgl.app.GameApplication$GameApplicationService
16:42:58.253 [FXGL Background Thread 2 ] DEBUG Engine               - class com.almasb.fxgl.app.services.WindowService
16:42:58.253 [FXGL Background Thread 2 ] DEBUG Engine               - class com.almasb.fxgl.app.services.FXGLDialogService
16:42:58.253 [FXGL Background Thread 2 ] DEBUG Engine               - class com.almasb.fxgl.app.services.IOTaskExecutorService
16:42:58.253 [FXGL Background Thread 2 ] DEBUG Engine               - class com.almasb.fxgl.event.EventBusService
16:42:58.253 [FXGL Background Thread 2 ] DEBUG Engine               - class com.almasb.fxgl.io.FileSystemService
16:42:58.253 [FXGL Background Thread 2 ] DEBUG Engine               - class com.almasb.fxgl.localization.LocalizationService
16:42:58.253 [FXGL Background Thread 2 ] DEBUG Engine               - class com.almasb.fxgl.app.services.AssetLoaderService
16:42:58.253 [FXGL Background Thread 2 ] DEBUG Engine               - class com.almasb.fxgl.app.services.SystemBundleService
16:42:58.253 [FXGL Background Thread 2 ] DEBUG Engine               - class com.almasb.fxgl.profile.SaveLoadService
16:42:58.253 [FXGL Background Thread 2 ] DEBUG Engine               - class com.almasb.fxgl.ui.FXGLUIFactoryServiceProvider
16:42:58.253 [FXGL Background Thread 2 ] DEBUG Engine               - class com.almasb.fxgl.ui.FXGLDialogFactoryServiceProvider
16:42:58.253 [FXGL Background Thread 2 ] DEBUG Engine               - class com.almasb.fxgl.audio.AudioPlayer
16:42:58.253 [FXGL Background Thread 2 ] DEBUG Engine               - class com.almasb.fxgl.notification.impl.NotificationServiceProvider
16:42:58.253 [FXGL Background Thread 2 ] DEBUG Engine               - class com.almasb.fxgl.achievement.AchievementService
16:42:58.253 [FXGL Background Thread 2 ] DEBUG Engine               - class com.almasb.fxgl.cutscene.CutsceneService
16:42:58.253 [FXGL Background Thread 2 ] DEBUG Engine               - class com.almasb.fxgl.minigames.MiniGameService
16:42:58.253 [FXGL Background Thread 2 ] DEBUG Engine               - class com.almasb.fxgl.net.NetService
16:42:58.253 [FXGL Background Thread 2 ] DEBUG Engine               - class com.almasb.fxgl.app.services.UpdaterService
16:42:58.857 [JavaFX Application Thread] DEBUG AssetLoaderService   - Loading from file system: /assets/textures/smallasteroid.png
16:42:59.110 [JavaFX Application Thread] DEBUG AssetLoaderService   - Loading from cache: /assets/textures/smallasteroid.png
16:42:59.314 [JavaFX Application Thread] DEBUG AssetLoaderService   - Loading from file system: /assets/textures/projectile.png
16:43:00.511 [JavaFX Application Thread] DEBUG AssetLoaderService   - Loading from cache: /assets/textures/projectile.png
16:43:00.758 [JavaFX Application Thread] DEBUG AssetLoaderService   - Loading from cache: /assets/textures/projectile.png
16:43:00.958 [JavaFX Application Thread] DEBUG AssetLoaderService   - Loading from cache: /assets/textures/projectile.png
16:43:01.131 [JavaFX Application Thread] DEBUG AssetLoaderService   - Loading from cache: /assets/textures/smallasteroid.png
16:43:01.142 [JavaFX Application Thread] DEBUG AssetLoaderService   - Loading from cache: /assets/textures/projectile.png
16:43:01.467 [JavaFX Application Thread] DEBUG AssetLoaderService   - Loading from file system: /assets/sounds/explosion.wav
16:43:01.527 [JavaFX Application Thread] DEBUG AssetLoaderService   - Loading from file system: /assets/textures/explosion.png
16:43:01.691 [JavaFX Application Thread] DEBUG AssetLoaderService   - Loading from cache: /assets/textures/smallasteroid.png
16:43:02.774 [JavaFX Application Thread] DEBUG AssetLoaderService   - Loading from cache: /assets/textures/projectile.png
16:43:02.875 [JavaFX Application Thread] DEBUG AssetLoaderService   - Loading from cache: /assets/sounds/explosion.wav
16:43:02.875 [JavaFX Application Thread] DEBUG AssetLoaderService   - Loading from cache: /assets/textures/explosion.png
16:43:03.262 [JavaFX Application Thread] DEBUG AssetLoaderService   - Loading from cache: /assets/textures/projectile.png
16:43:03.463 [JavaFX Application Thread] DEBUG AssetLoaderService   - Loading from cache: /assets/textures/smallasteroid.png
16:43:03.699 [JavaFX Application Thread] DEBUG AssetLoaderService   - Loading from cache: /assets/textures/projectile.png
16:43:04.003 [JavaFX Application Thread] DEBUG AssetLoaderService   - Loading from cache: /assets/textures/projectile.png
16:43:04.145 [JavaFX Application Thread] DEBUG AssetLoaderService   - Loading from cache: /assets/textures/projectile.png
16:43:04.171 [JavaFX Application Thread] DEBUG AssetLoaderService   - Loading from cache: /assets/sounds/explosion.wav
16:43:04.171 [JavaFX Application Thread] DEBUG AssetLoaderService   - Loading from cache: /assets/textures/explosion.png
16:43:04.219 [JavaFX Application Thread] DEBUG AssetLoaderService   - Loading from cache: /assets/textures/smallasteroid.png
16:43:04.550 [JavaFX Application Thread] DEBUG AssetLoaderService   - Loading from cache: /assets/textures/projectile.png
16:43:05.363 [JavaFX Application Thread] DEBUG AssetLoaderService   - Loading from cache: /assets/textures/projectile.png
16:43:05.558 [JavaFX Application Thread] DEBUG AssetLoaderService   - Loading from cache: /assets/textures/projectile.png
16:43:05.739 [JavaFX Application Thread] DEBUG AssetLoaderService   - Loading from cache: /assets/textures/smallasteroid.png
16:43:05.925 [JavaFX Application Thread] DEBUG AssetLoaderService   - Loading from cache: /assets/sounds/explosion.wav
16:43:05.926 [JavaFX Application Thread] DEBUG AssetLoaderService   - Loading from cache: /assets/textures/explosion.png
16:43:06.399 [JavaFX Application Thread] DEBUG AssetLoaderService   - Loading from cache: /assets/textures/projectile.png
16:43:06.759 [JavaFX Application Thread] DEBUG AssetLoaderService   - Loading from cache: /assets/textures/smallasteroid.png
16:43:06.869 [JavaFX Application Thread] DEBUG AssetLoaderService   - Loading from cache: /assets/textures/projectile.png
16:43:07.110 [JavaFX Application Thread] DEBUG Input                - Clearing active input actions
16:43:07.114 [JavaFX Application Thread] DEBUG WindowService        - Removing overlay from GameScene and adding to FXGLDefaultMenu
16:43:07.114 [JavaFX Application Thread] DEBUG MainWindow           - GameScene -> FXGLDefaultMenu
16:43:08.626 [JavaFX Application Thread] DEBUG GameApplication      - Exiting FXGL
16:43:08.626 [JavaFX Application Thread] DEBUG LoopRunner           - Stopping loop
16:43:08.626 [JavaFX Application Thread] DEBUG SystemBundleService  - Saving FXGL system data
16:43:08.628 [JavaFX Application Thread] DEBUG FileSystemAccess     - Writing to: C:\Users\xxdee\IdeaProjects\350FXGLjavagame\system\fxgl.bundle
16:43:08.629 [JavaFX Application Thread] DEBUG GameApplication      - Shutting down background threads
16:43:08.629 [JavaFX Application Thread] DEBUG GameApplication      - Closing logger and exiting JavaFX
